
          -------------------------------------------------------
          Amber 18 PMEMD                              2018
          -------------------------------------------------------

| PMEMD implementation of SANDER, Release 18

| Run on 12/04/2020 at 09:37:45

|   Executable path: pmemd.cuda
| Working directory: /home/almacen/pbarletta/dynein/run/1f96/1_pdt
|          Hostname: Unknown
  [-O]verwriting output

File Assignments:
|   MDIN: pre_pdt.in                                                            
|  MDOUT: 0pdt.out                                                              
| INPCRD: 1_1f96.rst7                                                           
|   PARM: /home/almacen/pbarletta/dynein/top_files/1f96.prmtop                  
| RESTRT: 0p1_1f96.rst7                                                         
|   REFC: refc                                                                  
|  MDVEL: mdvel                                                                 
|   MDEN: mden                                                                  
|  MDCRD: 0p1_1f96.nc                                                           
| MDINFO: mdinfo                                                                
|  MDFRC: mdfrc                                                                 


 Here is the input file:

Production run                                                                 
&cntrl                                                                         
imin = 0,                           ! No Minimization                          
nmropt = 0,                         ! No NMR restraints read                   
                                                                               
! Nature and format of the input                                               
ntx = 5,                            ! Coordinates and velocities will be read  
irest = 1,                          ! Do not run a new simulation              
                                                                               
! Nature and format of the output                                              
ntxo = 1,                           ! rstrt file in ASCII format               
ntpr = 50000,                       ! inf in output every ntpr steps           
ntwr = 50000,                       ! rstrt file every ntwr steps              
ntwx = 5000,                        ! mdcrd file every ntwx steps              
ntwv = 0,                           ! mdvel without velocities                 
ntwe = 0,                           ! Energies and temperatures not written in 
idecomp = 0,                        ! No energy decomposition                  
iwrap = 1,                          ! Coordinates of the restart and mdcrd file
                                                                               
! Frozen or restrained atoms                                                   
ibelly = 0,                         ! No frozen atoms                          
ntr=0,                              ! Harmonic potential restraints            
                                                                               
! Molecular dynamics                                                           
nstlim = 2500000,                   ! Number of MD-steps                       
dt = 0.002,                         ! Time step                                
                                                                               
! Temperature regulation                                                       
ntt = 3,                            ! Langevin thermostat                      
gamma_ln = 2,                       ! Gamma constant for Langevin              
temp0 = 300.0,                      ! Reference T at which the system is to be 
tempi = 300.0,                      ! Initial T                                
ig = -1,                            ! Seed for the RNG                         
                                                                               
! P and V regulation                                                           
!barostat = 1,                      ! Berendsen barostat                       
!taup = 1,                          ! Pressure relaxation time                 
ntp = 0,                            ! constant V                               
ntb = 1,                            ! Periodic box for constant V              
                                                                               
! SHAKE variables                                                              
ntc = 2,                            ! Bonds involving H are constrained        
ntf = 2,                            ! Bond interaction involving H are ommited.
                                                                               
cut = 9.0,                          ! Nonbonded cutoff                         
/                                                                              
&end                                                                           


Note: ig = -1. Setting random seed to   978149 based on wallclock time in 
      microseconds.
| irandom = 1, using AMBER's internal random number generator (default).
 
|--------------------- INFORMATION ----------------------
| GPU (CUDA) Version of PMEMD in use: NVIDIA GPU IN USE.
|                    Version 18.0.0
| 
|                      03/25/2018
| 
| Implementation by:
|                    Ross C. Walker     (SDSC)
|                    Scott Le Grand     (nVIDIA)
| 
| Version 18 performance extensions by:
|                    David Cerutti     (Rutgers)
| 
| Precision model in use:
|      [SPFP] - Single Precision Forces, 64-bit Fixed Point
|               Accumulation. (Default)
| 
|--------------------------------------------------------
 
|----------------- CITATION INFORMATION -----------------
|
|    When publishing work that utilized the CUDA version
|    of AMBER, please cite the following in addition to
|    the regular AMBER citations:
|
|  - Romelia Salomon-Ferrer; Andreas W. Goetz; Duncan
|    Poole; Scott Le Grand; Ross C. Walker "Routine
|    microsecond molecular dynamics simulations with
|    AMBER - Part II: Particle Mesh Ewald", J. Chem.
|    Theory Comput., 2013, 9 (9), pp3878-3888,
|    DOI: 10.1021/ct400314y.
|
|  - Andreas W. Goetz; Mark J. Williamson; Dong Xu;
|    Duncan Poole; Scott Le Grand; Ross C. Walker
|    "Routine microsecond molecular dynamics simulations
|    with AMBER - Part I: Generalized Born", J. Chem.
|    Theory Comput., 2012, 8 (5), pp1542-1555.
|
|  - Scott Le Grand; Andreas W. Goetz; Ross C. Walker
|    "SPFP: Speed without compromise - a mixed precision
|    model for GPU accelerated molecular dynamics
|    simulations.", Comp. Phys. Comm., 2013, 184
|    pp374-380, DOI: 10.1016/j.cpc.2012.09.022
|
|--------------------------------------------------------
 
|------------------- GPU DEVICE INFO --------------------
|
|            CUDA_VISIBLE_DEVICES: 0
|   CUDA Capable Devices Detected:      1
|           CUDA Device ID in use:      0
|                CUDA Device Name: GeForce GTX 1080 Ti
|     CUDA Device Global Mem Size:  11178 MB
| CUDA Device Num Multiprocessors:     28
|           CUDA Device Core Freq:   1.72 GHz
|
|--------------------------------------------------------
 
 
| Conditional Compilation Defines Used:
| PUBFFT
| BINTRAJ
| CUDA
| EMIL

| Largest sphere to fit in unit cell has radius =    26.960

| New format PARM file being parsed.
| Version =    1.000 Date = 12/01/20 Time = 19:12:05

| Note: 1-4 EEL scale factors are being read from the topology file.

| Note: 1-4 VDW scale factors are being read from the topology file.
| Duplicated    0 dihedrals

| Duplicated    0 dihedrals

--------------------------------------------------------------------------------
   1.  RESOURCE   USE: 
--------------------------------------------------------------------------------

 getting new box info from bottom of inpcrd
 NATOM  =   29184 NTYPES =      19 NBONH =   21117 MBONA  =    8095
 NTHETH =    3438 MTHETA =    2092 NPHIH =    6828 MPHIA  =    6625
 NHPARM =       0 NPARM  =       0 NNB   =   62463 NRES   =    6727
 NBONA  =    8095 NTHETA =    2092 NPHIA =    6625 NUMBND =      77
 NUMANG =     180 NPTRA  =     202 NATYP =      39 NPHB   =       1
 IFBOX  =       2 NMXRS  =      24 IFCAP =       0 NEXTRA =    6537
 NCOPY  =       0


| Coordinate Index Table dimensions:    11   11   11
| Direct force subcell size =     6.0035    6.0035    6.0035

     BOX TYPE: TRUNCATED OCTAHEDRON

--------------------------------------------------------------------------------
   2.  CONTROL  DATA  FOR  THE  RUN
--------------------------------------------------------------------------------

default_name                                                                    

General flags:
     imin    =       0, nmropt  =       0

Nature and format of input:
     ntx     =       5, irest   =       1, ntrx    =       1

Nature and format of output:
     ntxo    =       1, ntpr    =   50000, ntrx    =       1, ntwr    =   50000
     iwrap   =       1, ntwx    =    5000, ntwv    =       0, ntwe    =       0
     ioutfm  =       1, ntwprt  =       0, idecomp =       0, rbornstat=      0

Potential function:
     ntf     =       2, ntb     =       1, igb     =       0, nsnb    =      25
     ipol    =       0, gbsa    =       0, iesp    =       0
     dielc   =   1.00000, cut     =   9.00000, intdiel =   1.00000

Frozen or restrained atoms:
     ibelly  =       0, ntr     =       0

Molecular dynamics:
     nstlim  =   2500000, nscm    =      1000, nrespa  =         1
     t       =   0.00000, dt      =   0.00200, vlimit  =  -1.00000

Langevin dynamics temperature regulation:
     ig      =  978149
     temp0   = 300.00000, tempi   = 300.00000, gamma_ln=   2.00000

SHAKE:
     ntc     =       2, jfastw  =       0
     tol     =   0.00001

| Intermolecular bonds treatment:
|     no_intermolecular_bonds =       1

| Energy averages sample interval:
|     ene_avg_sampling =   50000

Extra-points options:
     frameon =       1, chngmask=       1

Ewald parameters:
     verbose =       0, ew_type =       0, nbflag  =       1, use_pme =       1
     vdwmeth =       1, eedmeth =       1, netfrc  =       1
     Box X =   66.038   Box Y =   66.038   Box Z =   66.038
     Alpha =  109.471   Beta  =  109.471   Gamma =  109.471
     NFFT1 =   64       NFFT2 =   64       NFFT3 =   64
     Cutoff=    9.000   Tol   =0.100E-04
     Ewald Coefficient =  0.30768
     Interpolation order =    4
|      EXTRA_PTS, trim_bonds: num bonds BEFORE trim = 21117     0
|      EXTRA_PTS, trim_bonds: num bonds AFTER  trim = 21117     0
|      EXTRA_PTS, trim_bonds: num bonds BEFORE trim =  8095     0
|      EXTRA_PTS, trim_bonds: num bonds AFTER  trim =  1558     0
|      EXTRA_PTS, trim_theta: num angle BEFORE trim =  3438     0
|      EXTRA_PTS, trim_theta: num angle AFTER  trim =  3438     0
|      EXTRA_PTS, trim_theta: num angle BEFORE trim =  2092     0
|      EXTRA_PTS, trim_theta: num angle AFTER  trim =  2092     0
|      EXTRA_PTS, trim_phi:  num diheds BEFORE trim =  6828     0
|      EXTRA_PTS, trim_phi:  num diheds AFTER  trim =  6828     0
|      EXTRA_PTS, trim_phi:  num diheds BEFORE trim =  6625     0
|      EXTRA_PTS, trim_phi:  num diheds AFTER  trim =  6625     0

--------------------------------------------------------------------------------
   3.  ATOMIC COORDINATES AND VELOCITIES
--------------------------------------------------------------------------------

Cpptraj Generated Restart                                                       
 begin time read from input coords =     0.000 ps

 
 Number of triangulated 3-point waters found:     6537

     Sum of charges from parm topology file =   0.00003572
     Forcing neutrality...

| Dynamic Memory, Types Used:
| Reals              937842
| Integers          2109867

| Nonbonded Pairs Initial Allocation:     6653952

| GPU memory information (estimate):
| KB of GPU memory in use:         0
| KB of CPU memory in use:         0

--------------------------------------------------------------------------------
   4.  RESULTS
--------------------------------------------------------------------------------


 NSTEP =    50000   TIME(PS) =     100.000  TEMP(K) =   298.09  PRESS =     0.0
 Etot   =    -72699.7368  EKtot   =     13868.5723  EPtot      =    -86568.3091
 BOND   =       541.6290  ANGLE   =      1584.0259  DIHED      =      1052.0447
 UB     =         0.0000  IMP     =         0.0000  CMAP       =       139.3937
 1-4 NB =       670.8155  1-4 EEL =     10286.6590  VDWAALS    =      9688.5405
 EELEC  =   -110531.4174  EHBOND  =         0.0000  RESTRAINT  =         0.0000
 ------------------------------------------------------------------------------


 NSTEP =   100000   TIME(PS) =     200.000  TEMP(K) =   296.92  PRESS =     0.0
 Etot   =    -72531.7672  EKtot   =     13814.1543  EPtot      =    -86345.9215
 BOND   =       553.9687  ANGLE   =      1572.8496  DIHED      =      1015.7544
 UB     =         0.0000  IMP     =         0.0000  CMAP       =       144.5565
 1-4 NB =       660.0157  1-4 EEL =     10236.3521  VDWAALS    =      9615.5877
 EELEC  =   -110145.0063  EHBOND  =         0.0000  RESTRAINT  =         0.0000
 ------------------------------------------------------------------------------


 NSTEP =   150000   TIME(PS) =     300.000  TEMP(K) =   299.38  PRESS =     0.0
 Etot   =    -72489.0845  EKtot   =     13928.2441  EPtot      =    -86417.3287
 BOND   =       575.3238  ANGLE   =      1572.2180  DIHED      =      1046.1685
 UB     =         0.0000  IMP     =         0.0000  CMAP       =       142.4955
 1-4 NB =       656.8383  1-4 EEL =     10254.3481  VDWAALS    =      9634.6943
 EELEC  =   -110299.4153  EHBOND  =         0.0000  RESTRAINT  =         0.0000
 ------------------------------------------------------------------------------


 NSTEP =   200000   TIME(PS) =     400.000  TEMP(K) =   299.19  PRESS =     0.0
 Etot   =    -72463.0702  EKtot   =     13919.7471  EPtot      =    -86382.8173
 BOND   =       592.1915  ANGLE   =      1557.1991  DIHED      =      1024.0370
 UB     =         0.0000  IMP     =         0.0000  CMAP       =       134.8463
 1-4 NB =       663.8207  1-4 EEL =     10275.6091  VDWAALS    =      9491.4490
 EELEC  =   -110121.9700  EHBOND  =         0.0000  RESTRAINT  =         0.0000
 ------------------------------------------------------------------------------


 NSTEP =   250000   TIME(PS) =     500.000  TEMP(K) =   300.66  PRESS =     0.0
 Etot   =    -72339.2923  EKtot   =     13988.1406  EPtot      =    -86327.4329
 BOND   =       570.9301  ANGLE   =      1611.6513  DIHED      =       995.7077
 UB     =         0.0000  IMP     =         0.0000  CMAP       =       140.3683
 1-4 NB =       677.3137  1-4 EEL =     10264.1614  VDWAALS    =      9797.2357
 EELEC  =   -110384.8011  EHBOND  =         0.0000  RESTRAINT  =         0.0000
 ------------------------------------------------------------------------------


 NSTEP =   300000   TIME(PS) =     600.000  TEMP(K) =   302.24  PRESS =     0.0
 Etot   =    -72382.5048  EKtot   =     14061.2354  EPtot      =    -86443.7402
 BOND   =       515.3715  ANGLE   =      1604.2777  DIHED      =      1004.4522
 UB     =         0.0000  IMP     =         0.0000  CMAP       =       137.0008
 1-4 NB =       680.4762  1-4 EEL =     10317.8587  VDWAALS    =      9578.2868
 EELEC  =   -110281.4641  EHBOND  =         0.0000  RESTRAINT  =         0.0000
 ------------------------------------------------------------------------------


 NSTEP =   350000   TIME(PS) =     700.000  TEMP(K) =   298.58  PRESS =     0.0
 Etot   =    -72479.7179  EKtot   =     13891.2197  EPtot      =    -86370.9376
 BOND   =       598.3697  ANGLE   =      1649.8066  DIHED      =      1028.9077
 UB     =         0.0000  IMP     =         0.0000  CMAP       =       142.8629
 1-4 NB =       666.7543  1-4 EEL =     10248.5385  VDWAALS    =      9467.8980
 EELEC  =   -110174.0753  EHBOND  =         0.0000  RESTRAINT  =         0.0000
 ------------------------------------------------------------------------------


 NSTEP =   400000   TIME(PS) =     800.000  TEMP(K) =   296.14  PRESS =     0.0
 Etot   =    -72561.7526  EKtot   =     13777.5293  EPtot      =    -86339.2819
 BOND   =       567.7717  ANGLE   =      1646.1924  DIHED      =      1035.3935
 UB     =         0.0000  IMP     =         0.0000  CMAP       =       140.3637
 1-4 NB =       680.1569  1-4 EEL =     10281.1246  VDWAALS    =      9496.3031
 EELEC  =   -110186.5879  EHBOND  =         0.0000  RESTRAINT  =         0.0000
 ------------------------------------------------------------------------------


 NSTEP =   450000   TIME(PS) =     900.000  TEMP(K) =   299.59  PRESS =     0.0
 Etot   =    -72556.7918  EKtot   =     13938.2578  EPtot      =    -86495.0496
 BOND   =       590.4095  ANGLE   =      1608.8613  DIHED      =      1009.4428
 UB     =         0.0000  IMP     =         0.0000  CMAP       =       150.4406
 1-4 NB =       657.1466  1-4 EEL =     10259.6433  VDWAALS    =      9711.1224
 EELEC  =   -110482.1159  EHBOND  =         0.0000  RESTRAINT  =         0.0000
 ------------------------------------------------------------------------------


 NSTEP =   500000   TIME(PS) =    1000.000  TEMP(K) =   296.33  PRESS =     0.0
 Etot   =    -72892.2371  EKtot   =     13786.6074  EPtot      =    -86678.8445
 BOND   =       576.8750  ANGLE   =      1600.7210  DIHED      =      1018.8634
 UB     =         0.0000  IMP     =         0.0000  CMAP       =       128.6501
 1-4 NB =       657.6126  1-4 EEL =     10271.4835  VDWAALS    =      9623.9928
 EELEC  =   -110557.0430  EHBOND  =         0.0000  RESTRAINT  =         0.0000
 ------------------------------------------------------------------------------


 NSTEP =   550000   TIME(PS) =    1100.000  TEMP(K) =   296.41  PRESS =     0.0
 Etot   =    -72652.8958  EKtot   =     13790.3975  EPtot      =    -86443.2933
 BOND   =       561.7368  ANGLE   =      1549.7191  DIHED      =      1046.0187
 UB     =         0.0000  IMP     =         0.0000  CMAP       =       141.8429
 1-4 NB =       685.8521  1-4 EEL =     10306.7107  VDWAALS    =      9945.4061
 EELEC  =   -110680.5797  EHBOND  =         0.0000  RESTRAINT  =         0.0000
 ------------------------------------------------------------------------------


 NSTEP =   600000   TIME(PS) =    1200.000  TEMP(K) =   302.90  PRESS =     0.0
 Etot   =    -72438.9236  EKtot   =     14091.9414  EPtot      =    -86530.8650
 BOND   =       601.3586  ANGLE   =      1582.8101  DIHED      =      1051.1498
 UB     =         0.0000  IMP     =         0.0000  CMAP       =       148.9179
 1-4 NB =       658.1728  1-4 EEL =     10283.2042  VDWAALS    =      9876.5790
 EELEC  =   -110733.0575  EHBOND  =         0.0000  RESTRAINT  =         0.0000
 ------------------------------------------------------------------------------


 NSTEP =   650000   TIME(PS) =    1300.000  TEMP(K) =   301.28  PRESS =     0.0
 Etot   =    -72434.7715  EKtot   =     14017.0205  EPtot      =    -86451.7920
 BOND   =       570.7482  ANGLE   =      1610.9546  DIHED      =      1044.9680
 UB     =         0.0000  IMP     =         0.0000  CMAP       =       145.0736
 1-4 NB =       671.2662  1-4 EEL =     10317.1767  VDWAALS    =      9560.2829
 EELEC  =   -110372.2621  EHBOND  =         0.0000  RESTRAINT  =         0.0000
 ------------------------------------------------------------------------------


 NSTEP =   700000   TIME(PS) =    1400.000  TEMP(K) =   299.81  PRESS =     0.0
 Etot   =    -72475.4561  EKtot   =     13948.5225  EPtot      =    -86423.9786
 BOND   =       557.4597  ANGLE   =      1618.8431  DIHED      =      1002.8506
 UB     =         0.0000  IMP     =         0.0000  CMAP       =       135.6951
 1-4 NB =       671.4566  1-4 EEL =     10297.1067  VDWAALS    =      9451.0931
 EELEC  =   -110158.4835  EHBOND  =         0.0000  RESTRAINT  =         0.0000
 ------------------------------------------------------------------------------


 NSTEP =   750000   TIME(PS) =    1500.000  TEMP(K) =   298.37  PRESS =     0.0
 Etot   =    -72791.0105  EKtot   =     13881.3672  EPtot      =    -86672.3777
 BOND   =       566.5748  ANGLE   =      1616.7064  DIHED      =      1018.7541
 UB     =         0.0000  IMP     =         0.0000  CMAP       =       137.5889
 1-4 NB =       665.8265  1-4 EEL =     10263.1159  VDWAALS    =      9874.4606
 EELEC  =   -110815.4049  EHBOND  =         0.0000  RESTRAINT  =         0.0000
 ------------------------------------------------------------------------------


 NSTEP =   800000   TIME(PS) =    1600.000  TEMP(K) =   300.62  PRESS =     0.0
 Etot   =    -72290.0823  EKtot   =     13986.0420  EPtot      =    -86276.1243
 BOND   =       592.4465  ANGLE   =      1599.5271  DIHED      =      1039.3779
 UB     =         0.0000  IMP     =         0.0000  CMAP       =       138.2552
 1-4 NB =       670.6952  1-4 EEL =     10289.9907  VDWAALS    =      9761.7744
 EELEC  =   -110368.1913  EHBOND  =         0.0000  RESTRAINT  =         0.0000
 ------------------------------------------------------------------------------


 NSTEP =   850000   TIME(PS) =    1700.000  TEMP(K) =   300.59  PRESS =     0.0
 Etot   =    -72545.7216  EKtot   =     13984.5781  EPtot      =    -86530.2997
 BOND   =       583.1823  ANGLE   =      1602.2737  DIHED      =      1011.8283
 UB     =         0.0000  IMP     =         0.0000  CMAP       =       140.9925
 1-4 NB =       662.8048  1-4 EEL =     10261.5134  VDWAALS    =      9730.6739
 EELEC  =   -110523.5686  EHBOND  =         0.0000  RESTRAINT  =         0.0000
 ------------------------------------------------------------------------------


 NSTEP =   900000   TIME(PS) =    1800.000  TEMP(K) =   301.35  PRESS =     0.0
 Etot   =    -72303.4002  EKtot   =     14019.9639  EPtot      =    -86323.3641
 BOND   =       586.4504  ANGLE   =      1575.3098  DIHED      =      1014.9939
 UB     =         0.0000  IMP     =         0.0000  CMAP       =       148.0642
 1-4 NB =       681.9858  1-4 EEL =     10300.6519  VDWAALS    =      9685.0677
 EELEC  =   -110315.8878  EHBOND  =         0.0000  RESTRAINT  =         0.0000
 ------------------------------------------------------------------------------


 NSTEP =   950000   TIME(PS) =    1900.000  TEMP(K) =   297.52  PRESS =     0.0
 Etot   =    -72401.0453  EKtot   =     13841.9316  EPtot      =    -86242.9770
 BOND   =       574.3358  ANGLE   =      1605.4385  DIHED      =      1028.1016
 UB     =         0.0000  IMP     =         0.0000  CMAP       =       142.4753
 1-4 NB =       669.5380  1-4 EEL =     10286.3860  VDWAALS    =      9555.8698
 EELEC  =   -110105.1220  EHBOND  =         0.0000  RESTRAINT  =         0.0000
 ------------------------------------------------------------------------------


 NSTEP =  1000000   TIME(PS) =    2000.000  TEMP(K) =   297.91  PRESS =     0.0
 Etot   =    -72370.0882  EKtot   =     13859.9238  EPtot      =    -86230.0120
 BOND   =       559.8171  ANGLE   =      1611.8028  DIHED      =      1028.1042
 UB     =         0.0000  IMP     =         0.0000  CMAP       =       131.8919
 1-4 NB =       678.6371  1-4 EEL =     10280.8909  VDWAALS    =      9643.7576
 EELEC  =   -110164.9137  EHBOND  =         0.0000  RESTRAINT  =         0.0000
 ------------------------------------------------------------------------------


 NSTEP =  1050000   TIME(PS) =    2100.000  TEMP(K) =   299.06  PRESS =     0.0
 Etot   =    -72602.5863  EKtot   =     13913.6504  EPtot      =    -86516.2367
 BOND   =       550.4593  ANGLE   =      1633.0814  DIHED      =      1044.1744
 UB     =         0.0000  IMP     =         0.0000  CMAP       =       145.1514
 1-4 NB =       665.1489  1-4 EEL =     10321.7951  VDWAALS    =      9431.0094
 EELEC  =   -110307.0565  EHBOND  =         0.0000  RESTRAINT  =         0.0000
 ------------------------------------------------------------------------------


 NSTEP =  1100000   TIME(PS) =    2200.000  TEMP(K) =   301.41  PRESS =     0.0
 Etot   =    -72465.0245  EKtot   =     14022.8584  EPtot      =    -86487.8829
 BOND   =       561.9753  ANGLE   =      1621.5440  DIHED      =      1026.7355
 UB     =         0.0000  IMP     =         0.0000  CMAP       =       130.1064
 1-4 NB =       671.1103  1-4 EEL =     10330.3095  VDWAALS    =      9775.9870
 EELEC  =   -110605.6509  EHBOND  =         0.0000  RESTRAINT  =         0.0000
 ------------------------------------------------------------------------------


 NSTEP =  1150000   TIME(PS) =    2300.000  TEMP(K) =   302.06  PRESS =     0.0
 Etot   =    -72462.9205  EKtot   =     14053.0234  EPtot      =    -86515.9439
 BOND   =       580.3348  ANGLE   =      1564.4909  DIHED      =      1036.0863
 UB     =         0.0000  IMP     =         0.0000  CMAP       =       144.1962
 1-4 NB =       679.3983  1-4 EEL =     10349.4928  VDWAALS    =      9796.1763
 EELEC  =   -110666.1197  EHBOND  =         0.0000  RESTRAINT  =         0.0000
 ------------------------------------------------------------------------------


 NSTEP =  1200000   TIME(PS) =    2400.000  TEMP(K) =   300.41  PRESS =     0.0
 Etot   =    -72484.0985  EKtot   =     13976.3018  EPtot      =    -86460.4002
 BOND   =       550.0149  ANGLE   =      1571.4371  DIHED      =      1020.2537
 UB     =         0.0000  IMP     =         0.0000  CMAP       =       130.8596
 1-4 NB =       660.3633  1-4 EEL =     10319.0273  VDWAALS    =      9507.3225
 EELEC  =   -110219.6785  EHBOND  =         0.0000  RESTRAINT  =         0.0000
 ------------------------------------------------------------------------------


 NSTEP =  1250000   TIME(PS) =    2500.000  TEMP(K) =   301.25  PRESS =     0.0
 Etot   =    -72494.0600  EKtot   =     14015.5332  EPtot      =    -86509.5932
 BOND   =       582.9109  ANGLE   =      1592.1348  DIHED      =      1018.9370
 UB     =         0.0000  IMP     =         0.0000  CMAP       =       135.2164
 1-4 NB =       670.7144  1-4 EEL =     10253.7149  VDWAALS    =      9747.9526
 EELEC  =   -110511.1742  EHBOND  =         0.0000  RESTRAINT  =         0.0000
 ------------------------------------------------------------------------------


 NSTEP =  1300000   TIME(PS) =    2600.000  TEMP(K) =   300.53  PRESS =     0.0
 Etot   =    -72536.7359  EKtot   =     13982.0479  EPtot      =    -86518.7837
 BOND   =       578.6926  ANGLE   =      1554.7419  DIHED      =      1019.3343
 UB     =         0.0000  IMP     =         0.0000  CMAP       =       149.6118
 1-4 NB =       671.5107  1-4 EEL =     10296.2649  VDWAALS    =      9742.2456
 EELEC  =   -110531.1855  EHBOND  =         0.0000  RESTRAINT  =         0.0000
 ------------------------------------------------------------------------------


 NSTEP =  1350000   TIME(PS) =    2700.000  TEMP(K) =   302.42  PRESS =     0.0
 Etot   =    -72399.6345  EKtot   =     14069.7441  EPtot      =    -86469.3787
 BOND   =       587.9038  ANGLE   =      1571.8377  DIHED      =      1038.7581
 UB     =         0.0000  IMP     =         0.0000  CMAP       =       137.0147
 1-4 NB =       674.9232  1-4 EEL =     10270.7667  VDWAALS    =      9792.0560
 EELEC  =   -110542.6389  EHBOND  =         0.0000  RESTRAINT  =         0.0000
 ------------------------------------------------------------------------------


 NSTEP =  1400000   TIME(PS) =    2800.000  TEMP(K) =   297.74  PRESS =     0.0
 Etot   =    -72653.6941  EKtot   =     13852.1279  EPtot      =    -86505.8221
 BOND   =       557.2034  ANGLE   =      1593.0530  DIHED      =      1013.9348
 UB     =         0.0000  IMP     =         0.0000  CMAP       =       136.5571
 1-4 NB =       672.7077  1-4 EEL =     10252.8547  VDWAALS    =      9448.8710
 EELEC  =   -110181.0037  EHBOND  =         0.0000  RESTRAINT  =         0.0000
 ------------------------------------------------------------------------------


 NSTEP =  1450000   TIME(PS) =    2900.000  TEMP(K) =   301.26  PRESS =     0.0
 Etot   =    -72562.0656  EKtot   =     14015.8398  EPtot      =    -86577.9054
 BOND   =       581.8180  ANGLE   =      1561.2472  DIHED      =      1017.2706
 UB     =         0.0000  IMP     =         0.0000  CMAP       =       144.1251
 1-4 NB =       682.2991  1-4 EEL =     10290.5231  VDWAALS    =      9759.6419
 EELEC  =   -110614.8304  EHBOND  =         0.0000  RESTRAINT  =         0.0000
 ------------------------------------------------------------------------------


 NSTEP =  1500000   TIME(PS) =    3000.000  TEMP(K) =   299.23  PRESS =     0.0
 Etot   =    -72177.1407  EKtot   =     13921.5977  EPtot      =    -86098.7384
 BOND   =       570.7751  ANGLE   =      1647.9512  DIHED      =      1027.9689
 UB     =         0.0000  IMP     =         0.0000  CMAP       =       135.9142
 1-4 NB =       659.5263  1-4 EEL =     10247.4931  VDWAALS    =      9602.0619
 EELEC  =   -109990.4291  EHBOND  =         0.0000  RESTRAINT  =         0.0000
 ------------------------------------------------------------------------------


 NSTEP =  1550000   TIME(PS) =    3100.000  TEMP(K) =   301.21  PRESS =     0.0
 Etot   =    -72083.2866  EKtot   =     14013.7197  EPtot      =    -86097.0064
 BOND   =       605.2039  ANGLE   =      1580.5848  DIHED      =      1055.8989
 UB     =         0.0000  IMP     =         0.0000  CMAP       =       143.1303
 1-4 NB =       665.0677  1-4 EEL =     10250.3502  VDWAALS    =      9628.6127
 EELEC  =   -110025.8548  EHBOND  =         0.0000  RESTRAINT  =         0.0000
 ------------------------------------------------------------------------------


 NSTEP =  1600000   TIME(PS) =    3200.000  TEMP(K) =   300.42  PRESS =     0.0
 Etot   =    -72725.6341  EKtot   =     13976.6504  EPtot      =    -86702.2845
 BOND   =       558.3850  ANGLE   =      1621.3816  DIHED      =      1047.2435
 UB     =         0.0000  IMP     =         0.0000  CMAP       =       134.2271
 1-4 NB =       677.9094  1-4 EEL =     10304.4857  VDWAALS    =     10006.9978
 EELEC  =   -111052.9146  EHBOND  =         0.0000  RESTRAINT  =         0.0000
 ------------------------------------------------------------------------------


 NSTEP =  1650000   TIME(PS) =    3300.000  TEMP(K) =   303.13  PRESS =     0.0
 Etot   =    -72376.5415  EKtot   =     14102.9551  EPtot      =    -86479.4965
 BOND   =       611.0775  ANGLE   =      1572.1178  DIHED      =      1043.0405
 UB     =         0.0000  IMP     =         0.0000  CMAP       =       134.2164
 1-4 NB =       640.2627  1-4 EEL =     10221.5439  VDWAALS    =      9452.6193
 EELEC  =   -110154.3748  EHBOND  =         0.0000  RESTRAINT  =         0.0000
 ------------------------------------------------------------------------------


 NSTEP =  1700000   TIME(PS) =    3400.000  TEMP(K) =   300.55  PRESS =     0.0
 Etot   =    -72721.3328  EKtot   =     13982.6660  EPtot      =    -86703.9988
 BOND   =       558.2654  ANGLE   =      1556.5317  DIHED      =      1008.1312
 UB     =         0.0000  IMP     =         0.0000  CMAP       =       143.2944
 1-4 NB =       647.1917  1-4 EEL =     10271.6873  VDWAALS    =      9627.3450
 EELEC  =   -110516.4454  EHBOND  =         0.0000  RESTRAINT  =         0.0000
 ------------------------------------------------------------------------------


 NSTEP =  1750000   TIME(PS) =    3500.000  TEMP(K) =   297.28  PRESS =     0.0
 Etot   =    -72521.3845  EKtot   =     13830.6006  EPtot      =    -86351.9851
 BOND   =       557.7467  ANGLE   =      1590.4975  DIHED      =      1025.2994
 UB     =         0.0000  IMP     =         0.0000  CMAP       =       147.9140
 1-4 NB =       649.7144  1-4 EEL =     10247.4191  VDWAALS    =      9680.8053
 EELEC  =   -110251.3816  EHBOND  =         0.0000  RESTRAINT  =         0.0000
 ------------------------------------------------------------------------------


 NSTEP =  1800000   TIME(PS) =    3600.000  TEMP(K) =   299.34  PRESS =     0.0
 Etot   =    -72568.7238  EKtot   =     13926.4561  EPtot      =    -86495.1799
 BOND   =       563.0651  ANGLE   =      1592.0134  DIHED      =      1015.5940
 UB     =         0.0000  IMP     =         0.0000  CMAP       =       134.9936
 1-4 NB =       672.3709  1-4 EEL =     10267.5748  VDWAALS    =      9633.4764
 EELEC  =   -110374.2682  EHBOND  =         0.0000  RESTRAINT  =         0.0000
 ------------------------------------------------------------------------------


 NSTEP =  1850000   TIME(PS) =    3700.000  TEMP(K) =   300.64  PRESS =     0.0
 Etot   =    -72460.8300  EKtot   =     13987.2188  EPtot      =    -86448.0487
 BOND   =       560.3122  ANGLE   =      1593.7280  DIHED      =      1018.1575
 UB     =         0.0000  IMP     =         0.0000  CMAP       =       136.5205
 1-4 NB =       652.9665  1-4 EEL =     10247.8279  VDWAALS    =      9435.4279
 EELEC  =   -110092.9891  EHBOND  =         0.0000  RESTRAINT  =         0.0000
 ------------------------------------------------------------------------------


 NSTEP =  1900000   TIME(PS) =    3800.000  TEMP(K) =   299.94  PRESS =     0.0
 Etot   =    -72455.6299  EKtot   =     13954.4736  EPtot      =    -86410.1035
 BOND   =       582.6363  ANGLE   =      1545.0951  DIHED      =      1026.3253
 UB     =         0.0000  IMP     =         0.0000  CMAP       =       140.1339
 1-4 NB =       671.9630  1-4 EEL =     10296.8652  VDWAALS    =      9538.2428
 EELEC  =   -110211.3652  EHBOND  =         0.0000  RESTRAINT  =         0.0000
 ------------------------------------------------------------------------------


 NSTEP =  1950000   TIME(PS) =    3900.000  TEMP(K) =   301.45  PRESS =     0.0
 Etot   =    -72550.9013  EKtot   =     14024.5459  EPtot      =    -86575.4472
 BOND   =       600.1191  ANGLE   =      1578.5457  DIHED      =      1032.5242
 UB     =         0.0000  IMP     =         0.0000  CMAP       =       149.2548
 1-4 NB =       676.4868  1-4 EEL =     10275.2854  VDWAALS    =      9724.7443
 EELEC  =   -110612.4076  EHBOND  =         0.0000  RESTRAINT  =         0.0000
 ------------------------------------------------------------------------------


 NSTEP =  2000000   TIME(PS) =    4000.000  TEMP(K) =   295.31  PRESS =     0.0
 Etot   =    -72843.2392  EKtot   =     13738.9395  EPtot      =    -86582.1787
 BOND   =       582.1261  ANGLE   =      1574.8225  DIHED      =      1020.1585
 UB     =         0.0000  IMP     =         0.0000  CMAP       =       138.3400
 1-4 NB =       673.9115  1-4 EEL =     10274.8248  VDWAALS    =      9674.3963
 EELEC  =   -110520.7583  EHBOND  =         0.0000  RESTRAINT  =         0.0000
 ------------------------------------------------------------------------------


 NSTEP =  2050000   TIME(PS) =    4100.000  TEMP(K) =   300.69  PRESS =     0.0
 Etot   =    -72191.3663  EKtot   =     13989.2666  EPtot      =    -86180.6329
 BOND   =       568.8231  ANGLE   =      1594.4349  DIHED      =      1014.1901
 UB     =         0.0000  IMP     =         0.0000  CMAP       =       125.7210
 1-4 NB =       665.0567  1-4 EEL =     10285.6280  VDWAALS    =      9656.1251
 EELEC  =   -110090.6117  EHBOND  =         0.0000  RESTRAINT  =         0.0000
 ------------------------------------------------------------------------------


 NSTEP =  2100000   TIME(PS) =    4200.000  TEMP(K) =   304.67  PRESS =     0.0
 Etot   =    -72366.4117  EKtot   =     14174.4521  EPtot      =    -86540.8638
 BOND   =       559.1064  ANGLE   =      1625.2155  DIHED      =      1006.2968
 UB     =         0.0000  IMP     =         0.0000  CMAP       =       134.1275
 1-4 NB =       680.5297  1-4 EEL =     10291.6570  VDWAALS    =      9644.9322
 EELEC  =   -110482.7289  EHBOND  =         0.0000  RESTRAINT  =         0.0000
 ------------------------------------------------------------------------------


 NSTEP =  2150000   TIME(PS) =    4300.000  TEMP(K) =   301.82  PRESS =     0.0
 Etot   =    -72032.8610  EKtot   =     14042.1211  EPtot      =    -86074.9821
 BOND   =       535.9557  ANGLE   =      1664.3245  DIHED      =      1047.3002
 UB     =         0.0000  IMP     =         0.0000  CMAP       =       126.8468
 1-4 NB =       668.3398  1-4 EEL =     10294.8300  VDWAALS    =      9604.8997
 EELEC  =   -110017.4788  EHBOND  =         0.0000  RESTRAINT  =         0.0000
 ------------------------------------------------------------------------------


 NSTEP =  2200000   TIME(PS) =    4400.000  TEMP(K) =   298.67  PRESS =     0.0
 Etot   =    -72709.6271  EKtot   =     13895.5469  EPtot      =    -86605.1739
 BOND   =       589.2109  ANGLE   =      1554.3289  DIHED      =      1016.6563
 UB     =         0.0000  IMP     =         0.0000  CMAP       =       126.1806
 1-4 NB =       661.0563  1-4 EEL =     10355.6623  VDWAALS    =      9814.0357
 EELEC  =   -110722.3049  EHBOND  =         0.0000  RESTRAINT  =         0.0000
 ------------------------------------------------------------------------------


 NSTEP =  2250000   TIME(PS) =    4500.000  TEMP(K) =   299.28  PRESS =     0.0
 Etot   =    -72405.8283  EKtot   =     13923.9424  EPtot      =    -86329.7707
 BOND   =       583.1523  ANGLE   =      1615.7845  DIHED      =      1028.7615
 UB     =         0.0000  IMP     =         0.0000  CMAP       =       136.3960
 1-4 NB =       667.7960  1-4 EEL =     10342.1292  VDWAALS    =      9734.5105
 EELEC  =   -110438.3007  EHBOND  =         0.0000  RESTRAINT  =         0.0000
 ------------------------------------------------------------------------------


 NSTEP =  2300000   TIME(PS) =    4600.000  TEMP(K) =   298.17  PRESS =     0.0
 Etot   =    -72363.6147  EKtot   =     13872.0361  EPtot      =    -86235.6509
 BOND   =       587.8982  ANGLE   =      1602.2315  DIHED      =      1025.2113
 UB     =         0.0000  IMP     =         0.0000  CMAP       =       134.7607
 1-4 NB =       669.5130  1-4 EEL =     10269.4754  VDWAALS    =      9820.3843
 EELEC  =   -110345.1254  EHBOND  =         0.0000  RESTRAINT  =         0.0000
 ------------------------------------------------------------------------------


 NSTEP =  2350000   TIME(PS) =    4700.000  TEMP(K) =   300.81  PRESS =     0.0
 Etot   =    -72524.4310  EKtot   =     13995.0801  EPtot      =    -86519.5110
 BOND   =       560.7517  ANGLE   =      1634.1916  DIHED      =       987.0158
 UB     =         0.0000  IMP     =         0.0000  CMAP       =       143.8440
 1-4 NB =       658.7516  1-4 EEL =     10280.8363  VDWAALS    =      9809.4845
 EELEC  =   -110594.3864  EHBOND  =         0.0000  RESTRAINT  =         0.0000
 ------------------------------------------------------------------------------


 NSTEP =  2400000   TIME(PS) =    4800.000  TEMP(K) =   297.39  PRESS =     0.0
 Etot   =    -72455.9259  EKtot   =     13835.7490  EPtot      =    -86291.6750
 BOND   =       573.7537  ANGLE   =      1572.1465  DIHED      =      1065.6095
 UB     =         0.0000  IMP     =         0.0000  CMAP       =       132.0624
 1-4 NB =       669.7300  1-4 EEL =     10292.1533  VDWAALS    =      9830.4765
 EELEC  =   -110427.6069  EHBOND  =         0.0000  RESTRAINT  =         0.0000
 ------------------------------------------------------------------------------


 NSTEP =  2450000   TIME(PS) =    4900.000  TEMP(K) =   300.17  PRESS =     0.0
 Etot   =    -72357.3239  EKtot   =     13965.2676  EPtot      =    -86322.5915
 BOND   =       535.7369  ANGLE   =      1619.5377  DIHED      =      1050.0366
 UB     =         0.0000  IMP     =         0.0000  CMAP       =       133.9869
 1-4 NB =       655.2011  1-4 EEL =     10304.5523  VDWAALS    =      9803.8728
 EELEC  =   -110425.5158  EHBOND  =         0.0000  RESTRAINT  =         0.0000
 ------------------------------------------------------------------------------


 NSTEP =  2500000   TIME(PS) =    5000.000  TEMP(K) =   297.71  PRESS =     0.0
 Etot   =    -72491.1214  EKtot   =     13850.5674  EPtot      =    -86341.6888
 BOND   =       537.8772  ANGLE   =      1622.9384  DIHED      =      1031.7409
 UB     =         0.0000  IMP     =         0.0000  CMAP       =       148.5450
 1-4 NB =       661.0963  1-4 EEL =     10333.8728  VDWAALS    =      9711.2099
 EELEC  =   -110388.9693  EHBOND  =         0.0000  RESTRAINT  =         0.0000
 ------------------------------------------------------------------------------


      A V E R A G E S   O V E R      50 S T E P S


 NSTEP =  2500000   TIME(PS) =    5000.000  TEMP(K) =   299.76  PRESS =     0.0
 Etot   =    -72482.8665  EKtot   =     13946.0075  EPtot      =    -86428.8740
 BOND   =       571.0048  ANGLE   =      1596.0632  DIHED      =      1026.9113
 UB     =         0.0000  IMP     =         0.0000  CMAP       =       138.9005
 1-4 NB =       667.5961  1-4 EEL =     10284.4686  VDWAALS    =      9672.5200
 EELEC  =   -110386.3385  EHBOND  =         0.0000  RESTRAINT  =         0.0000
 ------------------------------------------------------------------------------


      R M S  F L U C T U A T I O N S


 NSTEP =  2500000   TIME(PS) =    5000.000  TEMP(K) =     1.98  PRESS =     0.0
 Etot   =       170.6986  EKtot   =        92.1684  EPtot      =       149.8289
 BOND   =        19.5214  ANGLE   =        28.3615  DIHED      =        16.3548
 UB     =         0.0000  IMP     =         0.0000  CMAP       =         6.3615
 1-4 NB =         9.7064  1-4 EEL =        29.4091  VDWAALS    =       137.0374
 EELEC  =       228.2371  EHBOND  =         0.0000  RESTRAINT  =         0.0000
 ------------------------------------------------------------------------------

--------------------------------------------------------------------------------
   5.  TIMINGS
--------------------------------------------------------------------------------

|  NonSetup CPU Time in Major Routines:
|
|     Routine           Sec        %
|     ------------------------------
|     Nonbond         596.99   11.88
|     Bond              0.00    0.00
|     Angle             0.00    0.00
|     Dihedral          0.00    0.00
|     Shake            21.11    0.42
|     RunMD          4404.18   87.63
|     Other             3.59    0.07
|     ------------------------------
|     Total          5025.87

|  PME Nonbond Pairlist CPU Time:
|
|     Routine              Sec        %
|     ---------------------------------
|     Set Up Cit           0.00    0.00
|     Build List           0.00    0.00
|     ---------------------------------
|     Total                0.00    0.00

|  PME Direct Force CPU Time:
|
|     Routine              Sec        %
|     ---------------------------------
|     NonBonded Calc       0.00    0.00
|     Exclude Masked       0.00    0.00
|     Other                1.90    0.04
|     ---------------------------------
|     Total                1.90    0.04

|  PME Reciprocal Force CPU Time:
|
|     Routine              Sec        %
|     ---------------------------------
|     1D bspline           0.00    0.00
|     Grid Charges         0.00    0.00
|     Scalar Sum           0.00    0.00
|     Gradient Sum         0.00    0.00
|     FFT                  0.00    0.00
|     ---------------------------------
|     Total                0.00    0.00

|  Final Performance Info:
|     -----------------------------------------------------
|     Average timings for last       1 steps:
|     Elapsed(s) =       0.00 Per Step(ms) =       0.14
|         ns/day =    1235.23   seconds/ns =      69.95
|
|     Average timings for all steps:
|     Elapsed(s) =    5035.15 Per Step(ms) =       2.01
|         ns/day =      85.80   seconds/ns =    1007.03
|     -----------------------------------------------------

|  Setup CPU time:            0.53 seconds
|  NonSetup CPU time:      5025.87 seconds
|  Total CPU time:         5026.40 seconds     1.40 hours

|  Setup wall time:           1    seconds
|  NonSetup wall time:     5035    seconds
|  Total wall time:        5036    seconds     1.40 hours
