
          -------------------------------------------------------
          Amber 18 PMEMD                              2018
          -------------------------------------------------------

| PMEMD implementation of SANDER, Release 18

| Run on 09/28/2020 at 13:26:37

|   Executable path: pmemd.cuda
| Working directory: /home/almacen/pbarletta/dynein/run/1f95/2_pdt
|          Hostname: Unknown
  [-O]verwriting output

File Assignments:
|   MDIN: pre_pdt.in                                                            
|  MDOUT: 0pdt.out                                                              
| INPCRD: 2_1f95.rst7                                                           
|   PARM: /home/almacen/pbarletta/dynein/top_files/1f95.prmtop                  
| RESTRT: 0p2_1f95.rst7                                                         
|   REFC: refc                                                                  
|  MDVEL: mdvel                                                                 
|   MDEN: mden                                                                  
|  MDCRD: 0p2_1f95.nc                                                           
| MDINFO: mdinfo                                                                
|  MDFRC: mdfrc                                                                 


 Here is the input file:

Production run                                                                 
&cntrl                                                                         
imin = 0,                           ! No Minimization                          
nmropt = 0,                         ! No NMR restraints read                   
                                                                               
! Nature and format of the input                                               
ntx = 5,                            ! Coordinates and velocities will be read  
irest = 1,                          ! Do not run a new simulation              
                                                                               
! Nature and format of the output                                              
ntxo = 1,                           ! rstrt file in ASCII format               
ntpr = 50000,                       ! inf in output every ntpr steps           
ntwr = 50000,                       ! rstrt file every ntwr steps              
ntwx = 5000,                        ! mdcrd file every ntwx steps              
ntwv = 0,                           ! mdvel without velocities                 
ntwe = 0,                           ! Energies and temperatures not written in 
idecomp = 0,                        ! No energy decomposition                  
iwrap = 1,                          ! Coordinates of the restart and mdcrd file
                                                                               
! Frozen or restrained atoms                                                   
ibelly = 0,                         ! No frozen atoms                          
ntr=0,                              ! Harmonic potential restraints            
                                                                               
! Molecular dynamics                                                           
nstlim = 2500000,                   ! Number of MD-steps                       
dt = 0.002,                         ! Time step                                
                                                                               
! Temperature regulation                                                       
ntt = 3,                            ! Langevin thermostat                      
gamma_ln = 2,                       ! Gamma constant for Langevin              
temp0 = 300.0,                      ! Reference T at which the system is to be 
tempi = 300.0,                      ! Initial T                                
ig = -1,                            ! Seed for the RNG                         
                                                                               
! P and V regulation                                                           
!barostat = 1,                      ! Berendsen barostat                       
!taup = 1,                          ! Pressure relaxation time                 
ntp = 0,                            ! constant V                               
ntb = 1,                            ! Periodic box for constant V              
                                                                               
! SHAKE variables                                                              
ntc = 2,                            ! Bonds involving H are constrained        
ntf = 2,                            ! Bond interaction involving H are ommited.
                                                                               
cut = 9.0,                          ! Nonbonded cutoff                         
/                                                                              
&end                                                                           


Note: ig = -1. Setting random seed to   127195 based on wallclock time in 
      microseconds.
| irandom = 1, using AMBER's internal random number generator (default).
 
|--------------------- INFORMATION ----------------------
| GPU (CUDA) Version of PMEMD in use: NVIDIA GPU IN USE.
|                    Version 18.0.0
| 
|                      03/25/2018
| 
| Implementation by:
|                    Ross C. Walker     (SDSC)
|                    Scott Le Grand     (nVIDIA)
| 
| Version 18 performance extensions by:
|                    David Cerutti     (Rutgers)
| 
| Precision model in use:
|      [SPFP] - Single Precision Forces, 64-bit Fixed Point
|               Accumulation. (Default)
| 
|--------------------------------------------------------
 
|----------------- CITATION INFORMATION -----------------
|
|    When publishing work that utilized the CUDA version
|    of AMBER, please cite the following in addition to
|    the regular AMBER citations:
|
|  - Romelia Salomon-Ferrer; Andreas W. Goetz; Duncan
|    Poole; Scott Le Grand; Ross C. Walker "Routine
|    microsecond molecular dynamics simulations with
|    AMBER - Part II: Particle Mesh Ewald", J. Chem.
|    Theory Comput., 2013, 9 (9), pp3878-3888,
|    DOI: 10.1021/ct400314y.
|
|  - Andreas W. Goetz; Mark J. Williamson; Dong Xu;
|    Duncan Poole; Scott Le Grand; Ross C. Walker
|    "Routine microsecond molecular dynamics simulations
|    with AMBER - Part I: Generalized Born", J. Chem.
|    Theory Comput., 2012, 8 (5), pp1542-1555.
|
|  - Scott Le Grand; Andreas W. Goetz; Ross C. Walker
|    "SPFP: Speed without compromise - a mixed precision
|    model for GPU accelerated molecular dynamics
|    simulations.", Comp. Phys. Comm., 2013, 184
|    pp374-380, DOI: 10.1016/j.cpc.2012.09.022
|
|--------------------------------------------------------
 
|------------------- GPU DEVICE INFO --------------------
|
|            CUDA_VISIBLE_DEVICES: 0
|   CUDA Capable Devices Detected:      1
|           CUDA Device ID in use:      0
|                CUDA Device Name: GeForce GTX 1080 Ti
|     CUDA Device Global Mem Size:  11178 MB
| CUDA Device Num Multiprocessors:     28
|           CUDA Device Core Freq:   1.72 GHz
|
|--------------------------------------------------------
 
 
| Conditional Compilation Defines Used:
| PUBFFT
| BINTRAJ
| CUDA
| EMIL

| Largest sphere to fit in unit cell has radius =    26.993

| New format PARM file being parsed.
| Version =    1.000 Date = 09/18/20 Time = 09:54:13

| Note: 1-4 EEL scale factors are being read from the topology file.

| Note: 1-4 VDW scale factors are being read from the topology file.
| Duplicated    0 dihedrals

| Duplicated    0 dihedrals

--------------------------------------------------------------------------------
   1.  RESOURCE   USE: 
--------------------------------------------------------------------------------

 getting new box info from bottom of inpcrd
 NATOM  =   29212 NTYPES =      18 NBONH =   21140 MBONA  =    8102
 NTHETH =    3410 MTHETA =    2086 NPHIH =    6826 MPHIA  =    6594
 NHPARM =       0 NPARM  =       0 NNB   =   62450 NRES   =    6736
 NBONA  =    8102 NTHETA =    2086 NPHIA =    6594 NUMBND =      74
 NUMANG =     174 NPTRA  =     192 NATYP =      37 NPHB   =       1
 IFBOX  =       2 NMXRS  =      24 IFCAP =       0 NEXTRA =    6548
 NCOPY  =       0


| Coordinate Index Table dimensions:    11   11   11
| Direct force subcell size =     6.0108    6.0108    6.0108

     BOX TYPE: TRUNCATED OCTAHEDRON

--------------------------------------------------------------------------------
   2.  CONTROL  DATA  FOR  THE  RUN
--------------------------------------------------------------------------------

default_name                                                                    

General flags:
     imin    =       0, nmropt  =       0

Nature and format of input:
     ntx     =       5, irest   =       1, ntrx    =       1

Nature and format of output:
     ntxo    =       1, ntpr    =   50000, ntrx    =       1, ntwr    =   50000
     iwrap   =       1, ntwx    =    5000, ntwv    =       0, ntwe    =       0
     ioutfm  =       1, ntwprt  =       0, idecomp =       0, rbornstat=      0

Potential function:
     ntf     =       2, ntb     =       1, igb     =       0, nsnb    =      25
     ipol    =       0, gbsa    =       0, iesp    =       0
     dielc   =   1.00000, cut     =   9.00000, intdiel =   1.00000

Frozen or restrained atoms:
     ibelly  =       0, ntr     =       0

Molecular dynamics:
     nstlim  =   2500000, nscm    =      1000, nrespa  =         1
     t       =   0.00000, dt      =   0.00200, vlimit  =  -1.00000

Langevin dynamics temperature regulation:
     ig      =  127195
     temp0   = 300.00000, tempi   = 300.00000, gamma_ln=   2.00000

SHAKE:
     ntc     =       2, jfastw  =       0
     tol     =   0.00001

| Intermolecular bonds treatment:
|     no_intermolecular_bonds =       1

| Energy averages sample interval:
|     ene_avg_sampling =   50000

Extra-points options:
     frameon =       1, chngmask=       1

Ewald parameters:
     verbose =       0, ew_type =       0, nbflag  =       1, use_pme =       1
     vdwmeth =       1, eedmeth =       1, netfrc  =       1
     Box X =   66.118   Box Y =   66.118   Box Z =   66.118
     Alpha =  109.471   Beta  =  109.471   Gamma =  109.471
     NFFT1 =   64       NFFT2 =   64       NFFT3 =   64
     Cutoff=    9.000   Tol   =0.100E-04
     Ewald Coefficient =  0.30768
     Interpolation order =    4
|      EXTRA_PTS, trim_bonds: num bonds BEFORE trim = 21140     0
|      EXTRA_PTS, trim_bonds: num bonds AFTER  trim = 21140     0
|      EXTRA_PTS, trim_bonds: num bonds BEFORE trim =  8102     0
|      EXTRA_PTS, trim_bonds: num bonds AFTER  trim =  1554     0
|      EXTRA_PTS, trim_theta: num angle BEFORE trim =  3410     0
|      EXTRA_PTS, trim_theta: num angle AFTER  trim =  3410     0
|      EXTRA_PTS, trim_theta: num angle BEFORE trim =  2086     0
|      EXTRA_PTS, trim_theta: num angle AFTER  trim =  2086     0
|      EXTRA_PTS, trim_phi:  num diheds BEFORE trim =  6826     0
|      EXTRA_PTS, trim_phi:  num diheds AFTER  trim =  6826     0
|      EXTRA_PTS, trim_phi:  num diheds BEFORE trim =  6594     0
|      EXTRA_PTS, trim_phi:  num diheds AFTER  trim =  6594     0

--------------------------------------------------------------------------------
   3.  ATOMIC COORDINATES AND VELOCITIES
--------------------------------------------------------------------------------

Cpptraj Generated Restart                                                       
 begin time read from input coords =     0.000 ps

 
 Number of triangulated 3-point waters found:     6548

     Sum of charges from parm topology file =   0.00003578
     Forcing neutrality...

| Dynamic Memory, Types Used:
| Reals              938443
| Integers          2108635

| Nonbonded Pairs Initial Allocation:     6660336

| GPU memory information (estimate):
| KB of GPU memory in use:         0
| KB of CPU memory in use:         0

--------------------------------------------------------------------------------
   4.  RESULTS
--------------------------------------------------------------------------------


 NSTEP =    50000   TIME(PS) =     100.000  TEMP(K) =   299.28  PRESS =     0.0
 Etot   =    -72484.0007  EKtot   =     13931.8887  EPtot      =    -86415.8894
 BOND   =       552.2931  ANGLE   =      1566.8361  DIHED      =      1048.5359
 UB     =         0.0000  IMP     =         0.0000  CMAP       =       137.6572
 1-4 NB =       671.8990  1-4 EEL =     10124.5666  VDWAALS    =      9629.8014
 EELEC  =   -110147.4786  EHBOND  =         0.0000  RESTRAINT  =         0.0000
 ------------------------------------------------------------------------------


 NSTEP =   100000   TIME(PS) =     200.000  TEMP(K) =   302.84  PRESS =     0.0
 Etot   =    -72225.1860  EKtot   =     14097.9717  EPtot      =    -86323.1577
 BOND   =       557.7957  ANGLE   =      1598.8821  DIHED      =      1021.3617
 UB     =         0.0000  IMP     =         0.0000  CMAP       =       146.0639
 1-4 NB =       658.8443  1-4 EEL =     10120.1689  VDWAALS    =      9800.2462
 EELEC  =   -110226.5205  EHBOND  =         0.0000  RESTRAINT  =         0.0000
 ------------------------------------------------------------------------------


 NSTEP =   150000   TIME(PS) =     300.000  TEMP(K) =   300.21  PRESS =     0.0
 Etot   =    -72158.4161  EKtot   =     13975.5410  EPtot      =    -86133.9571
 BOND   =       551.4122  ANGLE   =      1602.7275  DIHED      =      1023.7725
 UB     =         0.0000  IMP     =         0.0000  CMAP       =       144.1475
 1-4 NB =       680.5836  1-4 EEL =     10157.9248  VDWAALS    =      9604.7499
 EELEC  =   -109899.2751  EHBOND  =         0.0000  RESTRAINT  =         0.0000
 ------------------------------------------------------------------------------


 NSTEP =   200000   TIME(PS) =     400.000  TEMP(K) =   303.85  PRESS =     0.0
 Etot   =    -72077.0558  EKtot   =     14145.0342  EPtot      =    -86222.0900
 BOND   =       551.8383  ANGLE   =      1585.5412  DIHED      =      1033.1232
 UB     =         0.0000  IMP     =         0.0000  CMAP       =       127.7721
 1-4 NB =       680.6203  1-4 EEL =     10172.1545  VDWAALS    =      9770.5484
 EELEC  =   -110143.6880  EHBOND  =         0.0000  RESTRAINT  =         0.0000
 ------------------------------------------------------------------------------


 NSTEP =   250000   TIME(PS) =     500.000  TEMP(K) =   297.04  PRESS =     0.0
 Etot   =    -72545.4339  EKtot   =     13827.7100  EPtot      =    -86373.1439
 BOND   =       552.2924  ANGLE   =      1575.8594  DIHED      =      1058.6937
 UB     =         0.0000  IMP     =         0.0000  CMAP       =       138.7382
 1-4 NB =       671.5107  1-4 EEL =     10158.4094  VDWAALS    =      9436.2711
 EELEC  =   -109964.9188  EHBOND  =         0.0000  RESTRAINT  =         0.0000
 ------------------------------------------------------------------------------


 NSTEP =   300000   TIME(PS) =     600.000  TEMP(K) =   299.14  PRESS =     0.0
 Etot   =    -72404.0832  EKtot   =     13925.7168  EPtot      =    -86329.8000
 BOND   =       572.4348  ANGLE   =      1517.2298  DIHED      =      1056.1025
 UB     =         0.0000  IMP     =         0.0000  CMAP       =       140.4500
 1-4 NB =       665.3524  1-4 EEL =     10190.2207  VDWAALS    =      9818.2106
 EELEC  =   -110289.8008  EHBOND  =         0.0000  RESTRAINT  =         0.0000
 ------------------------------------------------------------------------------


 NSTEP =   350000   TIME(PS) =     700.000  TEMP(K) =   296.25  PRESS =     0.0
 Etot   =    -72751.7030  EKtot   =     13791.2275  EPtot      =    -86542.9306
 BOND   =       565.3446  ANGLE   =      1612.8004  DIHED      =      1042.9606
 UB     =         0.0000  IMP     =         0.0000  CMAP       =       146.3992
 1-4 NB =       669.0870  1-4 EEL =     10132.0244  VDWAALS    =      9699.0528
 EELEC  =   -110410.5994  EHBOND  =         0.0000  RESTRAINT  =         0.0000
 ------------------------------------------------------------------------------


 NSTEP =   400000   TIME(PS) =     800.000  TEMP(K) =   306.13  PRESS =     0.0
 Etot   =    -72063.3559  EKtot   =     14250.9004  EPtot      =    -86314.2563
 BOND   =       531.0619  ANGLE   =      1573.4270  DIHED      =      1050.0044
 UB     =         0.0000  IMP     =         0.0000  CMAP       =       141.8460
 1-4 NB =       648.7676  1-4 EEL =     10122.2295  VDWAALS    =      9635.9309
 EELEC  =   -110017.5236  EHBOND  =         0.0000  RESTRAINT  =         0.0000
 ------------------------------------------------------------------------------


 NSTEP =   450000   TIME(PS) =     900.000  TEMP(K) =   296.92  PRESS =     0.0
 Etot   =    -72354.3687  EKtot   =     13822.2207  EPtot      =    -86176.5894
 BOND   =       557.4948  ANGLE   =      1594.5482  DIHED      =      1039.8807
 UB     =         0.0000  IMP     =         0.0000  CMAP       =       129.0285
 1-4 NB =       653.4472  1-4 EEL =     10154.8710  VDWAALS    =      9748.4428
 EELEC  =   -110054.3026  EHBOND  =         0.0000  RESTRAINT  =         0.0000
 ------------------------------------------------------------------------------


 NSTEP =   500000   TIME(PS) =    1000.000  TEMP(K) =   301.84  PRESS =     0.0
 Etot   =    -72173.2435  EKtot   =     14051.2070  EPtot      =    -86224.4505
 BOND   =       544.2904  ANGLE   =      1613.5307  DIHED      =      1042.0573
 UB     =         0.0000  IMP     =         0.0000  CMAP       =       145.7771
 1-4 NB =       679.8112  1-4 EEL =     10152.0468  VDWAALS    =      9729.6908
 EELEC  =   -110131.6547  EHBOND  =         0.0000  RESTRAINT  =         0.0000
 ------------------------------------------------------------------------------


 NSTEP =   550000   TIME(PS) =    1100.000  TEMP(K) =   298.31  PRESS =     0.0
 Etot   =    -72328.1235  EKtot   =     13887.0166  EPtot      =    -86215.1401
 BOND   =       552.6471  ANGLE   =      1528.6141  DIHED      =      1020.1025
 UB     =         0.0000  IMP     =         0.0000  CMAP       =       126.5013
 1-4 NB =       676.3933  1-4 EEL =     10161.3968  VDWAALS    =      9400.6671
 EELEC  =   -109681.4624  EHBOND  =         0.0000  RESTRAINT  =         0.0000
 ------------------------------------------------------------------------------


 NSTEP =   600000   TIME(PS) =    1200.000  TEMP(K) =   300.62  PRESS =     0.0
 Etot   =    -72135.2621  EKtot   =     13994.6777  EPtot      =    -86129.9398
 BOND   =       592.6548  ANGLE   =      1574.2618  DIHED      =      1032.9301
 UB     =         0.0000  IMP     =         0.0000  CMAP       =       130.9452
 1-4 NB =       667.2126  1-4 EEL =     10140.8738  VDWAALS    =      9674.7216
 EELEC  =   -109943.5397  EHBOND  =         0.0000  RESTRAINT  =         0.0000
 ------------------------------------------------------------------------------


 NSTEP =   650000   TIME(PS) =    1300.000  TEMP(K) =   300.49  PRESS =     0.0
 Etot   =    -72063.2063  EKtot   =     13988.4902  EPtot      =    -86051.6965
 BOND   =       543.4599  ANGLE   =      1563.5565  DIHED      =      1028.6995
 UB     =         0.0000  IMP     =         0.0000  CMAP       =       142.5605
 1-4 NB =       668.2722  1-4 EEL =     10105.3864  VDWAALS    =      9467.8329
 EELEC  =   -109571.4643  EHBOND  =         0.0000  RESTRAINT  =         0.0000
 ------------------------------------------------------------------------------


 NSTEP =   700000   TIME(PS) =    1400.000  TEMP(K) =   300.42  PRESS =     0.0
 Etot   =    -72109.9354  EKtot   =     13985.0576  EPtot      =    -86094.9930
 BOND   =       584.6228  ANGLE   =      1583.9946  DIHED      =      1049.1001
 UB     =         0.0000  IMP     =         0.0000  CMAP       =       148.7266
 1-4 NB =       657.8207  1-4 EEL =     10107.9072  VDWAALS    =      9569.9480
 EELEC  =   -109797.1131  EHBOND  =         0.0000  RESTRAINT  =         0.0000
 ------------------------------------------------------------------------------


 NSTEP =   750000   TIME(PS) =    1500.000  TEMP(K) =   300.34  PRESS =     0.0
 Etot   =    -72169.3908  EKtot   =     13981.5498  EPtot      =    -86150.9406
 BOND   =       572.6259  ANGLE   =      1588.5600  DIHED      =      1023.9569
 UB     =         0.0000  IMP     =         0.0000  CMAP       =       145.0853
 1-4 NB =       658.2521  1-4 EEL =     10157.1454  VDWAALS    =      9676.8175
 EELEC  =   -109973.3838  EHBOND  =         0.0000  RESTRAINT  =         0.0000
 ------------------------------------------------------------------------------


 NSTEP =   800000   TIME(PS) =    1600.000  TEMP(K) =   298.87  PRESS =     0.0
 Etot   =    -72362.9912  EKtot   =     13912.9756  EPtot      =    -86275.9667
 BOND   =       564.9068  ANGLE   =      1589.0613  DIHED      =      1027.2003
 UB     =         0.0000  IMP     =         0.0000  CMAP       =       147.8311
 1-4 NB =       684.2869  1-4 EEL =     10145.0536  VDWAALS    =      9452.2000
 EELEC  =   -109886.5067  EHBOND  =         0.0000  RESTRAINT  =         0.0000
 ------------------------------------------------------------------------------


 NSTEP =   850000   TIME(PS) =    1700.000  TEMP(K) =   298.58  PRESS =     0.0
 Etot   =    -72422.2959  EKtot   =     13899.3877  EPtot      =    -86321.6836
 BOND   =       570.5163  ANGLE   =      1590.5632  DIHED      =      1031.4417
 UB     =         0.0000  IMP     =         0.0000  CMAP       =       129.3323
 1-4 NB =       669.3015  1-4 EEL =     10135.2246  VDWAALS    =      9964.3599
 EELEC  =   -110412.4232  EHBOND  =         0.0000  RESTRAINT  =         0.0000
 ------------------------------------------------------------------------------


 NSTEP =   900000   TIME(PS) =    1800.000  TEMP(K) =   299.91  PRESS =     0.0
 Etot   =    -72346.3156  EKtot   =     13961.2070  EPtot      =    -86307.5226
 BOND   =       566.1733  ANGLE   =      1617.7088  DIHED      =      1026.5394
 UB     =         0.0000  IMP     =         0.0000  CMAP       =       128.0710
 1-4 NB =       666.5491  1-4 EEL =     10159.6749  VDWAALS    =      9843.4807
 EELEC  =   -110315.7198  EHBOND  =         0.0000  RESTRAINT  =         0.0000
 ------------------------------------------------------------------------------


 NSTEP =   950000   TIME(PS) =    1900.000  TEMP(K) =   299.09  PRESS =     0.0
 Etot   =    -72399.9597  EKtot   =     13923.2158  EPtot      =    -86323.1756
 BOND   =       564.8179  ANGLE   =      1602.5310  DIHED      =      1053.3438
 UB     =         0.0000  IMP     =         0.0000  CMAP       =       145.3673
 1-4 NB =       661.6464  1-4 EEL =     10114.3550  VDWAALS    =      9575.7414
 EELEC  =   -110040.9783  EHBOND  =         0.0000  RESTRAINT  =         0.0000
 ------------------------------------------------------------------------------


 NSTEP =  1000000   TIME(PS) =    2000.000  TEMP(K) =   300.10  PRESS =     0.0
 Etot   =    -72399.6007  EKtot   =     13970.2451  EPtot      =    -86369.8458
 BOND   =       574.5996  ANGLE   =      1527.0147  DIHED      =      1032.7899
 UB     =         0.0000  IMP     =         0.0000  CMAP       =       137.3152
 1-4 NB =       660.3647  1-4 EEL =     10171.2954  VDWAALS    =      9594.5244
 EELEC  =   -110067.7497  EHBOND  =         0.0000  RESTRAINT  =         0.0000
 ------------------------------------------------------------------------------


 NSTEP =  1050000   TIME(PS) =    2100.000  TEMP(K) =   299.39  PRESS =     0.0
 Etot   =    -72539.6654  EKtot   =     13937.1777  EPtot      =    -86476.8432
 BOND   =       590.7653  ANGLE   =      1560.0593  DIHED      =      1062.4086
 UB     =         0.0000  IMP     =         0.0000  CMAP       =       139.6620
 1-4 NB =       666.4662  1-4 EEL =     10124.1657  VDWAALS    =      9819.1121
 EELEC  =   -110439.4824  EHBOND  =         0.0000  RESTRAINT  =         0.0000
 ------------------------------------------------------------------------------


 NSTEP =  1100000   TIME(PS) =    2200.000  TEMP(K) =   300.25  PRESS =     0.0
 Etot   =    -72214.5257  EKtot   =     13977.3047  EPtot      =    -86191.8304
 BOND   =       588.4219  ANGLE   =      1564.5759  DIHED      =      1004.6870
 UB     =         0.0000  IMP     =         0.0000  CMAP       =       136.9519
 1-4 NB =       674.0939  1-4 EEL =     10126.6034  VDWAALS    =      9659.9113
 EELEC  =   -109947.0757  EHBOND  =         0.0000  RESTRAINT  =         0.0000
 ------------------------------------------------------------------------------


 NSTEP =  1150000   TIME(PS) =    2300.000  TEMP(K) =   297.09  PRESS =     0.0
 Etot   =    -72380.4039  EKtot   =     13830.0303  EPtot      =    -86210.4342
 BOND   =       555.7832  ANGLE   =      1610.4811  DIHED      =      1049.1825
 UB     =         0.0000  IMP     =         0.0000  CMAP       =       130.8070
 1-4 NB =       671.2254  1-4 EEL =     10127.0682  VDWAALS    =      9613.1163
 EELEC  =   -109968.0978  EHBOND  =         0.0000  RESTRAINT  =         0.0000
 ------------------------------------------------------------------------------


 NSTEP =  1200000   TIME(PS) =    2400.000  TEMP(K) =   298.14  PRESS =     0.0
 Etot   =    -72283.1984  EKtot   =     13879.0029  EPtot      =    -86162.2013
 BOND   =       548.8528  ANGLE   =      1579.0507  DIHED      =      1027.8132
 UB     =         0.0000  IMP     =         0.0000  CMAP       =       139.7430
 1-4 NB =       669.0616  1-4 EEL =     10103.0195  VDWAALS    =      9576.7128
 EELEC  =   -109806.4549  EHBOND  =         0.0000  RESTRAINT  =         0.0000
 ------------------------------------------------------------------------------


 NSTEP =  1250000   TIME(PS) =    2500.000  TEMP(K) =   301.01  PRESS =     0.0
 Etot   =    -72254.8837  EKtot   =     14012.5234  EPtot      =    -86267.4071
 BOND   =       574.3761  ANGLE   =      1539.4697  DIHED      =      1036.9221
 UB     =         0.0000  IMP     =         0.0000  CMAP       =       142.5256
 1-4 NB =       658.1833  1-4 EEL =     10079.4025  VDWAALS    =      9594.2883
 EELEC  =   -109892.5748  EHBOND  =         0.0000  RESTRAINT  =         0.0000
 ------------------------------------------------------------------------------


 NSTEP =  1300000   TIME(PS) =    2600.000  TEMP(K) =   301.24  PRESS =     0.0
 Etot   =    -72165.3080  EKtot   =     14023.4248  EPtot      =    -86188.7328
 BOND   =       571.9867  ANGLE   =      1568.8847  DIHED      =      1046.0307
 UB     =         0.0000  IMP     =         0.0000  CMAP       =       134.3389
 1-4 NB =       665.4068  1-4 EEL =     10156.2213  VDWAALS    =      9770.5845
 EELEC  =   -110102.1865  EHBOND  =         0.0000  RESTRAINT  =         0.0000
 ------------------------------------------------------------------------------


 NSTEP =  1350000   TIME(PS) =    2700.000  TEMP(K) =   302.46  PRESS =     0.0
 Etot   =    -72486.9561  EKtot   =     14080.0488  EPtot      =    -86567.0050
 BOND   =       572.6488  ANGLE   =      1584.2928  DIHED      =      1034.9685
 UB     =         0.0000  IMP     =         0.0000  CMAP       =       131.1628
 1-4 NB =       657.3049  1-4 EEL =     10107.4997  VDWAALS    =      9801.6443
 EELEC  =   -110456.5268  EHBOND  =         0.0000  RESTRAINT  =         0.0000
 ------------------------------------------------------------------------------


 NSTEP =  1400000   TIME(PS) =    2800.000  TEMP(K) =   302.01  PRESS =     0.0
 Etot   =    -72106.1799  EKtot   =     14059.1016  EPtot      =    -86165.2815
 BOND   =       578.5697  ANGLE   =      1613.4407  DIHED      =      1023.5573
 UB     =         0.0000  IMP     =         0.0000  CMAP       =       147.3410
 1-4 NB =       671.8055  1-4 EEL =     10095.9063  VDWAALS    =      9753.8282
 EELEC  =   -110049.7301  EHBOND  =         0.0000  RESTRAINT  =         0.0000
 ------------------------------------------------------------------------------


 NSTEP =  1450000   TIME(PS) =    2900.000  TEMP(K) =   299.78  PRESS =     0.0
 Etot   =    -72274.9749  EKtot   =     13955.1816  EPtot      =    -86230.1566
 BOND   =       579.4626  ANGLE   =      1560.7717  DIHED      =      1006.8375
 UB     =         0.0000  IMP     =         0.0000  CMAP       =       135.6155
 1-4 NB =       665.9999  1-4 EEL =     10098.0880  VDWAALS    =      9745.7452
 EELEC  =   -110022.6769  EHBOND  =         0.0000  RESTRAINT  =         0.0000
 ------------------------------------------------------------------------------


 NSTEP =  1500000   TIME(PS) =    3000.000  TEMP(K) =   297.31  PRESS =     0.0
 Etot   =    -72245.9334  EKtot   =     13840.4658  EPtot      =    -86086.3992
 BOND   =       535.6491  ANGLE   =      1583.1210  DIHED      =      1056.9611
 UB     =         0.0000  IMP     =         0.0000  CMAP       =       139.1352
 1-4 NB =       681.1158  1-4 EEL =     10112.5954  VDWAALS    =      9606.6465
 EELEC  =   -109801.6235  EHBOND  =         0.0000  RESTRAINT  =         0.0000
 ------------------------------------------------------------------------------


 NSTEP =  1550000   TIME(PS) =    3100.000  TEMP(K) =   297.32  PRESS =     0.0
 Etot   =    -72338.4296  EKtot   =     13840.9307  EPtot      =    -86179.3602
 BOND   =       590.5252  ANGLE   =      1566.4033  DIHED      =      1049.1057
 UB     =         0.0000  IMP     =         0.0000  CMAP       =       141.8922
 1-4 NB =       667.7186  1-4 EEL =     10152.8288  VDWAALS    =      9681.4748
 EELEC  =   -110029.3089  EHBOND  =         0.0000  RESTRAINT  =         0.0000
 ------------------------------------------------------------------------------


 NSTEP =  1600000   TIME(PS) =    3200.000  TEMP(K) =   296.14  PRESS =     0.0
 Etot   =    -72683.6791  EKtot   =     13786.0664  EPtot      =    -86469.7455
 BOND   =       576.0613  ANGLE   =      1607.2674  DIHED      =      1006.1495
 UB     =         0.0000  IMP     =         0.0000  CMAP       =       146.0263
 1-4 NB =       651.5742  1-4 EEL =     10052.8917  VDWAALS    =      9796.8943
 EELEC  =   -110306.6102  EHBOND  =         0.0000  RESTRAINT  =         0.0000
 ------------------------------------------------------------------------------


 NSTEP =  1650000   TIME(PS) =    3300.000  TEMP(K) =   298.71  PRESS =     0.0
 Etot   =    -72544.2582  EKtot   =     13905.4219  EPtot      =    -86449.6800
 BOND   =       546.2063  ANGLE   =      1574.0002  DIHED      =      1034.8121
 UB     =         0.0000  IMP     =         0.0000  CMAP       =       141.3681
 1-4 NB =       675.8682  1-4 EEL =     10110.0339  VDWAALS    =      9487.5793
 EELEC  =   -110019.5481  EHBOND  =         0.0000  RESTRAINT  =         0.0000
 ------------------------------------------------------------------------------


 NSTEP =  1700000   TIME(PS) =    3400.000  TEMP(K) =   299.96  PRESS =     0.0
 Etot   =    -72391.4362  EKtot   =     13963.8281  EPtot      =    -86355.2643
 BOND   =       565.7889  ANGLE   =      1583.6039  DIHED      =      1024.5287
 UB     =         0.0000  IMP     =         0.0000  CMAP       =       132.3749
 1-4 NB =       657.8634  1-4 EEL =     10066.6310  VDWAALS    =      9629.9016
 EELEC  =   -110015.9568  EHBOND  =         0.0000  RESTRAINT  =         0.0000
 ------------------------------------------------------------------------------


 NSTEP =  1750000   TIME(PS) =    3500.000  TEMP(K) =   298.14  PRESS =     0.0
 Etot   =    -72323.4998  EKtot   =     13878.8193  EPtot      =    -86202.3191
 BOND   =       551.0200  ANGLE   =      1542.4762  DIHED      =      1022.4716
 UB     =         0.0000  IMP     =         0.0000  CMAP       =       134.6880
 1-4 NB =       656.0430  1-4 EEL =     10103.0549  VDWAALS    =      9559.1759
 EELEC  =   -109771.2487  EHBOND  =         0.0000  RESTRAINT  =         0.0000
 ------------------------------------------------------------------------------


 NSTEP =  1800000   TIME(PS) =    3600.000  TEMP(K) =   303.41  PRESS =     0.0
 Etot   =    -72306.4658  EKtot   =     14124.1807  EPtot      =    -86430.6465
 BOND   =       558.5289  ANGLE   =      1610.1293  DIHED      =      1039.5114
 UB     =         0.0000  IMP     =         0.0000  CMAP       =       136.8261
 1-4 NB =       686.0930  1-4 EEL =     10077.7141  VDWAALS    =      9715.2299
 EELEC  =   -110254.6791  EHBOND  =         0.0000  RESTRAINT  =         0.0000
 ------------------------------------------------------------------------------


 NSTEP =  1850000   TIME(PS) =    3700.000  TEMP(K) =   301.65  PRESS =     0.0
 Etot   =    -72359.9176  EKtot   =     14042.1748  EPtot      =    -86402.0924
 BOND   =       555.2317  ANGLE   =      1589.3418  DIHED      =      1060.5887
 UB     =         0.0000  IMP     =         0.0000  CMAP       =       145.4119
 1-4 NB =       658.2954  1-4 EEL =     10104.9559  VDWAALS    =      9474.5766
 EELEC  =   -109990.4944  EHBOND  =         0.0000  RESTRAINT  =         0.0000
 ------------------------------------------------------------------------------


 NSTEP =  1900000   TIME(PS) =    3800.000  TEMP(K) =   301.97  PRESS =     0.0
 Etot   =    -72374.5654  EKtot   =     14057.4922  EPtot      =    -86432.0576
 BOND   =       570.8234  ANGLE   =      1592.3046  DIHED      =      1006.9875
 UB     =         0.0000  IMP     =         0.0000  CMAP       =       144.8188
 1-4 NB =       663.0844  1-4 EEL =     10054.9205  VDWAALS    =      9637.9937
 EELEC  =   -110102.9905  EHBOND  =         0.0000  RESTRAINT  =         0.0000
 ------------------------------------------------------------------------------


 NSTEP =  1950000   TIME(PS) =    3900.000  TEMP(K) =   299.31  PRESS =     0.0
 Etot   =    -72357.1973  EKtot   =     13933.3037  EPtot      =    -86290.5010
 BOND   =       550.5514  ANGLE   =      1571.5692  DIHED      =      1009.3356
 UB     =         0.0000  IMP     =         0.0000  CMAP       =       137.6303
 1-4 NB =       665.5056  1-4 EEL =     10082.5476  VDWAALS    =      9716.7066
 EELEC  =   -110024.3474  EHBOND  =         0.0000  RESTRAINT  =         0.0000
 ------------------------------------------------------------------------------


 NSTEP =  2000000   TIME(PS) =    4000.000  TEMP(K) =   298.11  PRESS =     0.0
 Etot   =    -72463.2374  EKtot   =     13877.6758  EPtot      =    -86340.9132
 BOND   =       553.7641  ANGLE   =      1581.1452  DIHED      =      1021.5746
 UB     =         0.0000  IMP     =         0.0000  CMAP       =       137.1640
 1-4 NB =       674.3912  1-4 EEL =     10109.2108  VDWAALS    =      9984.4174
 EELEC  =   -110402.5806  EHBOND  =         0.0000  RESTRAINT  =         0.0000
 ------------------------------------------------------------------------------


 NSTEP =  2050000   TIME(PS) =    4100.000  TEMP(K) =   300.79  PRESS =     0.0
 Etot   =    -72242.0825  EKtot   =     14002.5674  EPtot      =    -86244.6499
 BOND   =       550.7114  ANGLE   =      1612.9860  DIHED      =      1033.3445
 UB     =         0.0000  IMP     =         0.0000  CMAP       =       141.2120
 1-4 NB =       668.5409  1-4 EEL =     10070.6777  VDWAALS    =      9619.7935
 EELEC  =   -109941.9157  EHBOND  =         0.0000  RESTRAINT  =         0.0000
 ------------------------------------------------------------------------------


 NSTEP =  2100000   TIME(PS) =    4200.000  TEMP(K) =   299.70  PRESS =     0.0
 Etot   =    -72611.0608  EKtot   =     13951.6826  EPtot      =    -86562.7434
 BOND   =       580.2943  ANGLE   =      1572.0187  DIHED      =      1019.6946
 UB     =         0.0000  IMP     =         0.0000  CMAP       =       143.0393
 1-4 NB =       646.4575  1-4 EEL =     10058.7536  VDWAALS    =     10131.3859
 EELEC  =   -110714.3875  EHBOND  =         0.0000  RESTRAINT  =         0.0000
 ------------------------------------------------------------------------------


 NSTEP =  2150000   TIME(PS) =    4300.000  TEMP(K) =   299.83  PRESS =     0.0
 Etot   =    -72056.1672  EKtot   =     13957.7852  EPtot      =    -86013.9524
 BOND   =       549.6170  ANGLE   =      1586.2430  DIHED      =      1029.2269
 UB     =         0.0000  IMP     =         0.0000  CMAP       =       147.8745
 1-4 NB =       661.6727  1-4 EEL =     10094.9419  VDWAALS    =      9384.9405
 EELEC  =   -109468.4688  EHBOND  =         0.0000  RESTRAINT  =         0.0000
 ------------------------------------------------------------------------------


 NSTEP =  2200000   TIME(PS) =    4400.000  TEMP(K) =   301.71  PRESS =     0.0
 Etot   =    -72407.8003  EKtot   =     14045.3477  EPtot      =    -86453.1480
 BOND   =       560.7408  ANGLE   =      1578.5891  DIHED      =      1038.1329
 UB     =         0.0000  IMP     =         0.0000  CMAP       =       132.7919
 1-4 NB =       670.0448  1-4 EEL =     10156.7843  VDWAALS    =      9538.4060
 EELEC  =   -110128.6378  EHBOND  =         0.0000  RESTRAINT  =         0.0000
 ------------------------------------------------------------------------------


 NSTEP =  2250000   TIME(PS) =    4500.000  TEMP(K) =   301.41  PRESS =     0.0
 Etot   =    -72037.3680  EKtot   =     14031.0684  EPtot      =    -86068.4364
 BOND   =       559.6633  ANGLE   =      1561.2957  DIHED      =      1054.8640
 UB     =         0.0000  IMP     =         0.0000  CMAP       =       144.3173
 1-4 NB =       679.2103  1-4 EEL =     10148.1917  VDWAALS    =      9369.8693
 EELEC  =   -109585.8479  EHBOND  =         0.0000  RESTRAINT  =         0.0000
 ------------------------------------------------------------------------------


 NSTEP =  2300000   TIME(PS) =    4600.000  TEMP(K) =   299.81  PRESS =     0.0
 Etot   =    -72250.9062  EKtot   =     13956.6074  EPtot      =    -86207.5137
 BOND   =       565.7247  ANGLE   =      1573.7521  DIHED      =      1021.8186
 UB     =         0.0000  IMP     =         0.0000  CMAP       =       150.0492
 1-4 NB =       675.6249  1-4 EEL =     10111.0465  VDWAALS    =      9838.4697
 EELEC  =   -110143.9994  EHBOND  =         0.0000  RESTRAINT  =         0.0000
 ------------------------------------------------------------------------------


 NSTEP =  2350000   TIME(PS) =    4700.000  TEMP(K) =   301.65  PRESS =     0.0
 Etot   =    -72115.8570  EKtot   =     14042.2188  EPtot      =    -86158.0757
 BOND   =       526.3147  ANGLE   =      1638.8294  DIHED      =      1032.9061
 UB     =         0.0000  IMP     =         0.0000  CMAP       =       154.9992
 1-4 NB =       653.8753  1-4 EEL =     10072.7757  VDWAALS    =      9562.8057
 EELEC  =   -109800.5818  EHBOND  =         0.0000  RESTRAINT  =         0.0000
 ------------------------------------------------------------------------------


 NSTEP =  2400000   TIME(PS) =    4800.000  TEMP(K) =   302.53  PRESS =     0.0
 Etot   =    -72022.6925  EKtot   =     14083.2031  EPtot      =    -86105.8956
 BOND   =       603.1870  ANGLE   =      1620.6847  DIHED      =      1037.9799
 UB     =         0.0000  IMP     =         0.0000  CMAP       =       139.7908
 1-4 NB =       648.4818  1-4 EEL =     10080.8595  VDWAALS    =      9988.4966
 EELEC  =   -110225.3758  EHBOND  =         0.0000  RESTRAINT  =         0.0000
 ------------------------------------------------------------------------------


 NSTEP =  2450000   TIME(PS) =    4900.000  TEMP(K) =   299.40  PRESS =     0.0
 Etot   =    -72248.4453  EKtot   =     13937.5879  EPtot      =    -86186.0332
 BOND   =       576.8897  ANGLE   =      1577.1036  DIHED      =      1030.4216
 UB     =         0.0000  IMP     =         0.0000  CMAP       =       140.4424
 1-4 NB =       670.6071  1-4 EEL =     10128.0893  VDWAALS    =      9739.1340
 EELEC  =   -110048.7209  EHBOND  =         0.0000  RESTRAINT  =         0.0000
 ------------------------------------------------------------------------------


 NSTEP =  2500000   TIME(PS) =    5000.000  TEMP(K) =   299.68  PRESS =     0.0
 Etot   =    -72321.7809  EKtot   =     13950.7520  EPtot      =    -86272.5328
 BOND   =       573.3488  ANGLE   =      1575.6452  DIHED      =      1017.7750
 UB     =         0.0000  IMP     =         0.0000  CMAP       =       149.0741
 1-4 NB =       669.2732  1-4 EEL =     10102.2930  VDWAALS    =      9526.1963
 EELEC  =   -109886.1384  EHBOND  =         0.0000  RESTRAINT  =         0.0000
 ------------------------------------------------------------------------------


      A V E R A G E S   O V E R      50 S T E P S


 NSTEP =  2500000   TIME(PS) =    5000.000  TEMP(K) =   300.00  PRESS =     0.0
 Etot   =    -72307.6561  EKtot   =     13965.7243  EPtot      =    -86273.3804
 BOND   =       563.6958  ANGLE   =      1581.7357  DIHED      =      1033.6639
 UB     =         0.0000  IMP     =         0.0000  CMAP       =       139.9738
 1-4 NB =       666.6182  1-4 EEL =     10119.0540  VDWAALS    =      9668.3655
 EELEC  =   -110046.4874  EHBOND  =         0.0000  RESTRAINT  =         0.0000
 ------------------------------------------------------------------------------


      R M S  F L U C T U A T I O N S


 NSTEP =  2500000   TIME(PS) =    5000.000  TEMP(K) =     2.01  PRESS =     0.0
 Etot   =       168.2375  EKtot   =        93.6595  EPtot      =       136.1367
 BOND   =        16.1331  ANGLE   =        24.6900  DIHED      =        14.8877
 UB     =         0.0000  IMP     =         0.0000  CMAP       =         6.5964
 1-4 NB =         9.4984  1-4 EEL =        33.5606  VDWAALS    =       160.2586
 EELEC  =       240.5601  EHBOND  =         0.0000  RESTRAINT  =         0.0000
 ------------------------------------------------------------------------------

--------------------------------------------------------------------------------
   5.  TIMINGS
--------------------------------------------------------------------------------

|  NonSetup CPU Time in Major Routines:
|
|     Routine           Sec        %
|     ------------------------------
|     Nonbond         595.05   11.84
|     Bond              0.00    0.00
|     Angle             0.00    0.00
|     Dihedral          0.00    0.00
|     Shake            20.66    0.41
|     RunMD          4406.87   87.68
|     Other             3.55    0.07
|     ------------------------------
|     Total          5026.13

|  PME Nonbond Pairlist CPU Time:
|
|     Routine              Sec        %
|     ---------------------------------
|     Set Up Cit           0.00    0.00
|     Build List           0.00    0.00
|     ---------------------------------
|     Total                0.00    0.00

|  PME Direct Force CPU Time:
|
|     Routine              Sec        %
|     ---------------------------------
|     NonBonded Calc       0.00    0.00
|     Exclude Masked       0.00    0.00
|     Other                1.94    0.04
|     ---------------------------------
|     Total                1.94    0.04

|  PME Reciprocal Force CPU Time:
|
|     Routine              Sec        %
|     ---------------------------------
|     1D bspline           0.00    0.00
|     Grid Charges         0.00    0.00
|     Scalar Sum           0.00    0.00
|     Gradient Sum         0.00    0.00
|     FFT                  0.00    0.00
|     ---------------------------------
|     Total                0.00    0.00

|  Final Performance Info:
|     -----------------------------------------------------
|     Average timings for last       1 steps:
|     Elapsed(s) =       0.00 Per Step(ms) =       0.15
|         ns/day =    1160.31   seconds/ns =      74.46
|
|     Average timings for all steps:
|     Elapsed(s) =    5036.03 Per Step(ms) =       2.01
|         ns/day =      85.78   seconds/ns =    1007.21
|     -----------------------------------------------------

|  Setup CPU time:            0.56 seconds
|  NonSetup CPU time:      5026.13 seconds
|  Total CPU time:         5026.69 seconds     1.40 hours

|  Setup wall time:           1    seconds
|  NonSetup wall time:     5036    seconds
|  Total wall time:        5037    seconds     1.40 hours
