
          -------------------------------------------------------
          Amber 18 PMEMD                              2018
          -------------------------------------------------------

| PMEMD implementation of SANDER, Release 18

| Run on 09/20/2020 at 15:08:03

|   Executable path: pmemd.cuda
| Working directory: /home/almacen/pbarletta/dynein/run/lfm7/3_pdt
|          Hostname: Unknown
  [-O]verwriting output

File Assignments:
|   MDIN: pre_pdt.in                                                            
|  MDOUT: 0pdt.out                                                              
| INPCRD: 3_lfm7.rst7                                                           
|   PARM: /home/almacen/pbarletta/dynein/top_files/lfm7.prmtop                  
| RESTRT: 0p3_lfm7.rst7                                                         
|   REFC: refc                                                                  
|  MDVEL: mdvel                                                                 
|   MDEN: mden                                                                  
|  MDCRD: 0p3_lfm7.nc                                                           
| MDINFO: mdinfo                                                                
|  MDFRC: mdfrc                                                                 


 Here is the input file:

Production run                                                                 
&cntrl                                                                         
imin = 0,                           ! No Minimization                          
nmropt = 0,                         ! No NMR restraints read                   
                                                                               
! Nature and format of the input                                               
ntx = 5,                            ! Coordinates and velocities will be read  
irest = 1,                          ! Do not run a new simulation              
                                                                               
! Nature and format of the output                                              
ntxo = 1,                           ! rstrt file in ASCII format               
ntpr = 50000,                       ! inf in output every ntpr steps           
ntwr = 50000,                       ! rstrt file every ntwr steps              
ntwx = 5000,                        ! mdcrd file every ntwx steps              
ntwv = 0,                           ! mdvel without velocities                 
ntwe = 0,                           ! Energies and temperatures not written in 
idecomp = 0,                        ! No energy decomposition                  
iwrap = 1,                          ! Coordinates of the restart and mdcrd file
                                                                               
! Frozen or restrained atoms                                                   
ibelly = 0,                         ! No frozen atoms                          
ntr=0,                              ! Harmonic potential restraints            
                                                                               
! Molecular dynamics                                                           
nstlim = 2500000,                   ! Number of MD-steps                       
dt = 0.002,                         ! Time step                                
                                                                               
! Temperature regulation                                                       
ntt = 3,                            ! Langevin thermostat                      
gamma_ln = 2,                       ! Gamma constant for Langevin              
temp0 = 300.0,                      ! Reference T at which the system is to be 
tempi = 300.0,                      ! Initial T                                
ig = -1,                            ! Seed for the RNG                         
                                                                               
! P and V regulation                                                           
!barostat = 1,                      ! Berendsen barostat                       
!taup = 1,                          ! Pressure relaxation time                 
ntp = 0,                            ! constant V                               
ntb = 1,                            ! Periodic box for constant V              
                                                                               
! SHAKE variables                                                              
ntc = 2,                            ! Bonds involving H are constrained        
ntf = 2,                            ! Bond interaction involving H are ommited.
                                                                               
cut = 9.0,                          ! Nonbonded cutoff                         
/                                                                              
&end                                                                           


Note: ig = -1. Setting random seed to   637159 based on wallclock time in 
      microseconds.
| irandom = 1, using AMBER's internal random number generator (default).
 
|--------------------- INFORMATION ----------------------
| GPU (CUDA) Version of PMEMD in use: NVIDIA GPU IN USE.
|                    Version 18.0.0
| 
|                      03/25/2018
| 
| Implementation by:
|                    Ross C. Walker     (SDSC)
|                    Scott Le Grand     (nVIDIA)
| 
| Version 18 performance extensions by:
|                    David Cerutti     (Rutgers)
| 
| Precision model in use:
|      [SPFP] - Single Precision Forces, 64-bit Fixed Point
|               Accumulation. (Default)
| 
|--------------------------------------------------------
 
|----------------- CITATION INFORMATION -----------------
|
|    When publishing work that utilized the CUDA version
|    of AMBER, please cite the following in addition to
|    the regular AMBER citations:
|
|  - Romelia Salomon-Ferrer; Andreas W. Goetz; Duncan
|    Poole; Scott Le Grand; Ross C. Walker "Routine
|    microsecond molecular dynamics simulations with
|    AMBER - Part II: Particle Mesh Ewald", J. Chem.
|    Theory Comput., 2013, 9 (9), pp3878-3888,
|    DOI: 10.1021/ct400314y.
|
|  - Andreas W. Goetz; Mark J. Williamson; Dong Xu;
|    Duncan Poole; Scott Le Grand; Ross C. Walker
|    "Routine microsecond molecular dynamics simulations
|    with AMBER - Part I: Generalized Born", J. Chem.
|    Theory Comput., 2012, 8 (5), pp1542-1555.
|
|  - Scott Le Grand; Andreas W. Goetz; Ross C. Walker
|    "SPFP: Speed without compromise - a mixed precision
|    model for GPU accelerated molecular dynamics
|    simulations.", Comp. Phys. Comm., 2013, 184
|    pp374-380, DOI: 10.1016/j.cpc.2012.09.022
|
|--------------------------------------------------------
 
|------------------- GPU DEVICE INFO --------------------
|
|            CUDA_VISIBLE_DEVICES: 0
|   CUDA Capable Devices Detected:      1
|           CUDA Device ID in use:      0
|                CUDA Device Name: GeForce GTX 1080 Ti
|     CUDA Device Global Mem Size:  11178 MB
| CUDA Device Num Multiprocessors:     28
|           CUDA Device Core Freq:   1.72 GHz
|
|--------------------------------------------------------
 
 
| Conditional Compilation Defines Used:
| PUBFFT
| BINTRAJ
| CUDA
| EMIL

| Largest sphere to fit in unit cell has radius =    26.710

| New format PARM file being parsed.
| Version =    1.000 Date = 08/10/20 Time = 22:33:45

| Note: 1-4 EEL scale factors are being read from the topology file.

| Note: 1-4 VDW scale factors are being read from the topology file.
| Duplicated    0 dihedrals

| Duplicated    0 dihedrals

--------------------------------------------------------------------------------
   1.  RESOURCE   USE: 
--------------------------------------------------------------------------------

 getting new box info from bottom of inpcrd
 NATOM  =   28320 NTYPES =      18 NBONH =   20536 MBONA  =    7816
 NTHETH =    3106 MTHETA =    1920 NPHIH =    6248 MPHIA  =    6024
 NHPARM =       0 NPARM  =       0 NNB   =   59928 NRES   =    6560
 NBONA  =    7816 NTHETA =    1920 NPHIA =    6024 NUMBND =      72
 NUMANG =     163 NPTRA  =     189 NATYP =      37 NPHB   =       1
 IFBOX  =       2 NMXRS  =      24 IFCAP =       0 NEXTRA =    6390
 NCOPY  =       0


| Coordinate Index Table dimensions:    11   11   11
| Direct force subcell size =     5.9478    5.9478    5.9478

     BOX TYPE: TRUNCATED OCTAHEDRON

--------------------------------------------------------------------------------
   2.  CONTROL  DATA  FOR  THE  RUN
--------------------------------------------------------------------------------

default_name                                                                    

General flags:
     imin    =       0, nmropt  =       0

Nature and format of input:
     ntx     =       5, irest   =       1, ntrx    =       1

Nature and format of output:
     ntxo    =       1, ntpr    =   50000, ntrx    =       1, ntwr    =   50000
     iwrap   =       1, ntwx    =    5000, ntwv    =       0, ntwe    =       0
     ioutfm  =       1, ntwprt  =       0, idecomp =       0, rbornstat=      0

Potential function:
     ntf     =       2, ntb     =       1, igb     =       0, nsnb    =      25
     ipol    =       0, gbsa    =       0, iesp    =       0
     dielc   =   1.00000, cut     =   9.00000, intdiel =   1.00000

Frozen or restrained atoms:
     ibelly  =       0, ntr     =       0

Molecular dynamics:
     nstlim  =   2500000, nscm    =      1000, nrespa  =         1
     t       =   0.00000, dt      =   0.00200, vlimit  =  -1.00000

Langevin dynamics temperature regulation:
     ig      =  637159
     temp0   = 300.00000, tempi   = 300.00000, gamma_ln=   2.00000

SHAKE:
     ntc     =       2, jfastw  =       0
     tol     =   0.00001

| Intermolecular bonds treatment:
|     no_intermolecular_bonds =       1

| Energy averages sample interval:
|     ene_avg_sampling =   50000

Extra-points options:
     frameon =       1, chngmask=       1

Ewald parameters:
     verbose =       0, ew_type =       0, nbflag  =       1, use_pme =       1
     vdwmeth =       1, eedmeth =       1, netfrc  =       1
     Box X =   65.426   Box Y =   65.426   Box Z =   65.426
     Alpha =  109.471   Beta  =  109.471   Gamma =  109.471
     NFFT1 =   64       NFFT2 =   64       NFFT3 =   64
     Cutoff=    9.000   Tol   =0.100E-04
     Ewald Coefficient =  0.30768
     Interpolation order =    4
|      EXTRA_PTS, trim_bonds: num bonds BEFORE trim = 20536     0
|      EXTRA_PTS, trim_bonds: num bonds AFTER  trim = 20536     0
|      EXTRA_PTS, trim_bonds: num bonds BEFORE trim =  7816     0
|      EXTRA_PTS, trim_bonds: num bonds AFTER  trim =  1426     0
|      EXTRA_PTS, trim_theta: num angle BEFORE trim =  3106     0
|      EXTRA_PTS, trim_theta: num angle AFTER  trim =  3106     0
|      EXTRA_PTS, trim_theta: num angle BEFORE trim =  1920     0
|      EXTRA_PTS, trim_theta: num angle AFTER  trim =  1920     0
|      EXTRA_PTS, trim_phi:  num diheds BEFORE trim =  6248     0
|      EXTRA_PTS, trim_phi:  num diheds AFTER  trim =  6248     0
|      EXTRA_PTS, trim_phi:  num diheds BEFORE trim =  6024     0
|      EXTRA_PTS, trim_phi:  num diheds AFTER  trim =  6024     0

--------------------------------------------------------------------------------
   3.  ATOMIC COORDINATES AND VELOCITIES
--------------------------------------------------------------------------------

Cpptraj Generated Restart                                                       
 begin time read from input coords =     0.000 ps

 
 Number of triangulated 3-point waters found:     6390

     Sum of charges from parm topology file =   0.00003493
     Forcing neutrality...

| Dynamic Memory, Types Used:
| Reals              915015
| Integers          2006074

| Nonbonded Pairs Initial Allocation:     6456960

| GPU memory information (estimate):
| KB of GPU memory in use:         0
| KB of CPU memory in use:         0

--------------------------------------------------------------------------------
   4.  RESULTS
--------------------------------------------------------------------------------

wrapping first mol.:       43.61733      -30.84210       53.42010
wrapping first mol.:       43.61733      -30.84210       53.42010
wrapping first mol.:       43.61733      -30.84210       53.42010
wrapping first mol.:       43.61733      -30.84210       53.42010
wrapping first mol.:       43.61733      -30.84210       53.42010
wrapping first mol.:       43.61733      -30.84210       53.42010
wrapping first mol.:       43.61733      -30.84210       53.42010
wrapping first mol.:       43.61733      -30.84210       53.42010
wrapping first mol.:       43.61733      -30.84210       53.42010
wrapping first mol.:       43.61733      -30.84210       53.42010
wrapping first mol.:       43.61733      -30.84210       53.42010

 NSTEP =    50000   TIME(PS) =     100.000  TEMP(K) =   299.50  PRESS =     0.0
 Etot   =    -70087.5295  EKtot   =     13466.7646  EPtot      =    -83554.2941
 BOND   =       535.4589  ANGLE   =      1470.5635  DIHED      =       916.1460
 UB     =         0.0000  IMP     =         0.0000  CMAP       =       131.0507
 1-4 NB =       634.5538  1-4 EEL =      8694.4868  VDWAALS    =      9520.7024
 EELEC  =   -105457.2562  EHBOND  =         0.0000  RESTRAINT  =         0.0000
 ------------------------------------------------------------------------------

wrapping first mol.:       43.61733      -30.84210       53.42010
wrapping first mol.:       43.61733      -30.84210       53.42010
wrapping first mol.:       43.61733      -30.84210       53.42010
wrapping first mol.:       43.61733      -30.84210       53.42010
wrapping first mol.:       43.61733      -30.84210       53.42010
wrapping first mol.:       43.61733      -30.84210       53.42010
wrapping first mol.:       43.61733      -30.84210       53.42010
wrapping first mol.:       43.61733      -30.84210       53.42010
wrapping first mol.:       43.61733      -30.84210       53.42010
wrapping first mol.:       43.61733      -30.84210       53.42010
wrapping first mol.:       43.61733      -30.84210       53.42010

 NSTEP =   100000   TIME(PS) =     200.000  TEMP(K) =   302.47  PRESS =     0.0
 Etot   =    -70269.0455  EKtot   =     13600.2812  EPtot      =    -83869.3267
 BOND   =       551.8382  ANGLE   =      1420.2480  DIHED      =       897.6749
 UB     =         0.0000  IMP     =         0.0000  CMAP       =       144.9222
 1-4 NB =       611.3300  1-4 EEL =      8725.0377  VDWAALS    =      9394.5474
 EELEC  =   -105614.9250  EHBOND  =         0.0000  RESTRAINT  =         0.0000
 ------------------------------------------------------------------------------

wrapping first mol.:       43.61733      -30.84210       53.42010
wrapping first mol.:       43.61733      -30.84210       53.42010
wrapping first mol.:       43.61733      -30.84210       53.42010
wrapping first mol.:       43.61733      -30.84210       53.42010
wrapping first mol.:       43.61733      -30.84210       53.42010
wrapping first mol.:       43.61733      -30.84210       53.42010
wrapping first mol.:       43.61733      -30.84210       53.42010
wrapping first mol.:       43.61733      -30.84210       53.42010
wrapping first mol.:       43.61733      -30.84210       53.42010
wrapping first mol.:       43.61733      -30.84210       53.42010
wrapping first mol.:       43.61733      -30.84210       53.42010

 NSTEP =   150000   TIME(PS) =     300.000  TEMP(K) =   298.29  PRESS =     0.0
 Etot   =    -70650.8065  EKtot   =     13412.5674  EPtot      =    -84063.3738
 BOND   =       512.9718  ANGLE   =      1396.9277  DIHED      =       900.1813
 UB     =         0.0000  IMP     =         0.0000  CMAP       =       123.7076
 1-4 NB =       635.8796  1-4 EEL =      8744.6728  VDWAALS    =      9500.9856
 EELEC  =   -105878.7002  EHBOND  =         0.0000  RESTRAINT  =         0.0000
 ------------------------------------------------------------------------------

wrapping first mol.:       43.61733      -30.84210       53.42010
wrapping first mol.:       43.61733      -30.84210       53.42010
wrapping first mol.:       43.61733      -30.84210       53.42010
wrapping first mol.:       43.61733      -30.84210       53.42010
wrapping first mol.:       43.61733      -30.84210       53.42010
wrapping first mol.:       43.61733      -30.84210       53.42010
wrapping first mol.:       43.61733      -30.84210       53.42010
wrapping first mol.:       43.61733      -30.84210       53.42010
wrapping first mol.:       43.61733      -30.84210       53.42010
wrapping first mol.:       43.61733      -30.84210       53.42010
wrapping first mol.:       43.61733      -30.84210       53.42010

 NSTEP =   200000   TIME(PS) =     400.000  TEMP(K) =   297.01  PRESS =     0.0
 Etot   =    -70397.3144  EKtot   =     13354.7178  EPtot      =    -83752.0322
 BOND   =       510.2383  ANGLE   =      1381.5624  DIHED      =       912.7109
 UB     =         0.0000  IMP     =         0.0000  CMAP       =       134.2851
 1-4 NB =       629.5406  1-4 EEL =      8700.4745  VDWAALS    =      9720.7989
 EELEC  =   -105741.6429  EHBOND  =         0.0000  RESTRAINT  =         0.0000
 ------------------------------------------------------------------------------

wrapping first mol.:       43.61733      -30.84210       53.42010
wrapping first mol.:       43.61733      -30.84210       53.42010
wrapping first mol.:       43.61733      -30.84210       53.42010
wrapping first mol.:       43.61733      -30.84210       53.42010
wrapping first mol.:       43.61733      -30.84210       53.42010
wrapping first mol.:       43.61733      -30.84210       53.42010
wrapping first mol.:       43.61733      -30.84210       53.42010
wrapping first mol.:       43.61733      -30.84210       53.42010
wrapping first mol.:       43.61733      -30.84210       53.42010
wrapping first mol.:       43.61733      -30.84210       53.42010
wrapping first mol.:       43.61733      -30.84210       53.42010

 NSTEP =   250000   TIME(PS) =     500.000  TEMP(K) =   301.73  PRESS =     0.0
 Etot   =    -70531.3768  EKtot   =     13566.9854  EPtot      =    -84098.3621
 BOND   =       507.2914  ANGLE   =      1356.5917  DIHED      =       910.2964
 UB     =         0.0000  IMP     =         0.0000  CMAP       =       134.5963
 1-4 NB =       637.4999  1-4 EEL =      8729.5208  VDWAALS    =      9693.0169
 EELEC  =   -106067.1755  EHBOND  =         0.0000  RESTRAINT  =         0.0000
 ------------------------------------------------------------------------------

wrapping first mol.:       43.61733      -30.84210       53.42010
wrapping first mol.:       43.61733      -30.84210       53.42010
wrapping first mol.:       43.61733      -30.84210       53.42010
wrapping first mol.:       43.61733      -30.84210       53.42010
wrapping first mol.:       43.61733      -30.84210       53.42010
wrapping first mol.:       43.61733      -30.84210       53.42010
wrapping first mol.:       43.61733      -30.84210       53.42010
wrapping first mol.:       43.61733      -30.84210       53.42010
wrapping first mol.:       43.61733      -30.84210       53.42010
wrapping first mol.:       43.61733      -30.84210       53.42010
wrapping first mol.:       43.61733      -30.84210       53.42010

 NSTEP =   300000   TIME(PS) =     600.000  TEMP(K) =   299.38  PRESS =     0.0
 Etot   =    -70451.2732  EKtot   =     13461.2910  EPtot      =    -83912.5642
 BOND   =       493.7362  ANGLE   =      1402.7431  DIHED      =       909.2453
 UB     =         0.0000  IMP     =         0.0000  CMAP       =       139.9553
 1-4 NB =       625.7260  1-4 EEL =      8676.8782  VDWAALS    =      9544.0879
 EELEC  =   -105704.9362  EHBOND  =         0.0000  RESTRAINT  =         0.0000
 ------------------------------------------------------------------------------

wrapping first mol.:       43.61733      -30.84210       53.42010
wrapping first mol.:       43.61733      -30.84210       53.42010
wrapping first mol.:       43.61733      -30.84210       53.42010
wrapping first mol.:       43.61733      -30.84210       53.42010
wrapping first mol.:       43.61733      -30.84210       53.42010
wrapping first mol.:       43.61733      -30.84210       53.42010
wrapping first mol.:       43.61733      -30.84210       53.42010
wrapping first mol.:       43.61733      -30.84210       53.42010
wrapping first mol.:       43.61733      -30.84210       53.42010
wrapping first mol.:       43.61733      -30.84210       53.42010
wrapping first mol.:       43.61733      -30.84210       53.42010

 NSTEP =   350000   TIME(PS) =     700.000  TEMP(K) =   303.86  PRESS =     0.0
 Etot   =    -70265.7883  EKtot   =     13662.9844  EPtot      =    -83928.7727
 BOND   =       496.2187  ANGLE   =      1432.0300  DIHED      =       874.0801
 UB     =         0.0000  IMP     =         0.0000  CMAP       =       131.8661
 1-4 NB =       621.2040  1-4 EEL =      8705.0230  VDWAALS    =      9550.6732
 EELEC  =   -105739.8676  EHBOND  =         0.0000  RESTRAINT  =         0.0000
 ------------------------------------------------------------------------------

wrapping first mol.:       43.61733      -30.84210       53.42010
wrapping first mol.:       43.61733      -30.84210       53.42010
wrapping first mol.:       43.61733      -30.84210       53.42010
wrapping first mol.:       43.61733      -30.84210       53.42010
wrapping first mol.:       43.61733      -30.84210       53.42010
wrapping first mol.:       43.61733      -30.84210       53.42010
wrapping first mol.:       43.61733      -30.84210       53.42010
wrapping first mol.:       43.61733      -30.84210       53.42010
wrapping first mol.:       43.61733      -30.84210       53.42010
wrapping first mol.:       43.61733      -30.84210       53.42010
wrapping first mol.:       43.61733      -30.84210       53.42010

 NSTEP =   400000   TIME(PS) =     800.000  TEMP(K) =   298.81  PRESS =     0.0
 Etot   =    -70468.7617  EKtot   =     13435.5273  EPtot      =    -83904.2891
 BOND   =       512.3359  ANGLE   =      1446.5508  DIHED      =       913.6448
 UB     =         0.0000  IMP     =         0.0000  CMAP       =       139.3769
 1-4 NB =       626.6879  1-4 EEL =      8663.5838  VDWAALS    =      9443.8547
 EELEC  =   -105650.3238  EHBOND  =         0.0000  RESTRAINT  =         0.0000
 ------------------------------------------------------------------------------

wrapping first mol.:       43.61733      -30.84210       53.42010
wrapping first mol.:       43.61733      -30.84210       53.42010
wrapping first mol.:       43.61733      -30.84210       53.42010
wrapping first mol.:       43.61733      -30.84210       53.42010
wrapping first mol.:       43.61733      -30.84210       53.42010
wrapping first mol.:       43.61733      -30.84210       53.42010
wrapping first mol.:       43.61733      -30.84210       53.42010
wrapping first mol.:       43.61733      -30.84210       53.42010
wrapping first mol.:       43.61733      -30.84210       53.42010
wrapping first mol.:       43.61733      -30.84210       53.42010
wrapping first mol.:       43.61733      -30.84210       53.42010

 NSTEP =   450000   TIME(PS) =     900.000  TEMP(K) =   298.23  PRESS =     0.0
 Etot   =    -70340.4784  EKtot   =     13409.7920  EPtot      =    -83750.2704
 BOND   =       523.1052  ANGLE   =      1415.3647  DIHED      =       938.8530
 UB     =         0.0000  IMP     =         0.0000  CMAP       =       136.7041
 1-4 NB =       615.2353  1-4 EEL =      8647.0406  VDWAALS    =      9439.6156
 EELEC  =   -105466.1889  EHBOND  =         0.0000  RESTRAINT  =         0.0000
 ------------------------------------------------------------------------------

wrapping first mol.:       43.61733      -30.84210       53.42010
wrapping first mol.:       43.61733      -30.84210       53.42010
wrapping first mol.:       43.61733      -30.84210       53.42010
wrapping first mol.:       43.61733      -30.84210       53.42010
wrapping first mol.:       43.61733      -30.84210       53.42010
wrapping first mol.:       43.61733      -30.84210       53.42010
wrapping first mol.:       43.61733      -30.84210       53.42010
wrapping first mol.:       43.61733      -30.84210       53.42010
wrapping first mol.:       43.61733      -30.84210       53.42010
wrapping first mol.:       43.61733      -30.84210       53.42010
wrapping first mol.:       43.61733      -30.84210       53.42010

 NSTEP =   500000   TIME(PS) =    1000.000  TEMP(K) =   301.26  PRESS =     0.0
 Etot   =    -70618.6894  EKtot   =     13545.9883  EPtot      =    -84164.6777
 BOND   =       523.9067  ANGLE   =      1382.3394  DIHED      =       903.4443
 UB     =         0.0000  IMP     =         0.0000  CMAP       =       132.6137
 1-4 NB =       618.2432  1-4 EEL =      8689.1742  VDWAALS    =      9567.8619
 EELEC  =   -105982.2612  EHBOND  =         0.0000  RESTRAINT  =         0.0000
 ------------------------------------------------------------------------------

wrapping first mol.:       43.61733      -30.84210       53.42010
wrapping first mol.:       43.61733      -30.84210       53.42010
wrapping first mol.:       43.61733      -30.84210       53.42010
wrapping first mol.:       43.61733      -30.84210       53.42010
wrapping first mol.:       43.61733      -30.84210       53.42010
wrapping first mol.:       43.61733      -30.84210       53.42010
wrapping first mol.:       43.61733      -30.84210       53.42010
wrapping first mol.:       43.61733      -30.84210       53.42010
wrapping first mol.:       43.61733      -30.84210       53.42010
wrapping first mol.:       43.61733      -30.84210       53.42010
wrapping first mol.:       43.61733      -30.84210       53.42010

 NSTEP =   550000   TIME(PS) =    1100.000  TEMP(K) =   299.73  PRESS =     0.0
 Etot   =    -70197.6299  EKtot   =     13476.9453  EPtot      =    -83674.5752
 BOND   =       496.2118  ANGLE   =      1437.6655  DIHED      =       914.2586
 UB     =         0.0000  IMP     =         0.0000  CMAP       =       131.1222
 1-4 NB =       621.3690  1-4 EEL =      8672.9077  VDWAALS    =      9504.5418
 EELEC  =   -105452.6518  EHBOND  =         0.0000  RESTRAINT  =         0.0000
 ------------------------------------------------------------------------------

wrapping first mol.:       43.61733      -30.84210       53.42010
wrapping first mol.:       43.61733      -30.84210       53.42010
wrapping first mol.:       43.61733      -30.84210       53.42010
wrapping first mol.:       43.61733      -30.84210       53.42010
wrapping first mol.:       43.61733      -30.84210       53.42010
wrapping first mol.:       43.61733      -30.84210       53.42010
wrapping first mol.:       43.61733      -30.84210       53.42010
wrapping first mol.:       43.61733      -30.84210       53.42010
wrapping first mol.:       43.61733      -30.84210       53.42010
wrapping first mol.:       43.61733      -30.84210       53.42010
wrapping first mol.:       43.61733      -30.84210       53.42010

 NSTEP =   600000   TIME(PS) =    1200.000  TEMP(K) =   297.15  PRESS =     0.0
 Etot   =    -70419.5747  EKtot   =     13361.0977  EPtot      =    -83780.6724
 BOND   =       541.3639  ANGLE   =      1434.8502  DIHED      =       914.2770
 UB     =         0.0000  IMP     =         0.0000  CMAP       =       132.4613
 1-4 NB =       615.6113  1-4 EEL =      8666.0028  VDWAALS    =      9615.1801
 EELEC  =   -105700.4188  EHBOND  =         0.0000  RESTRAINT  =         0.0000
 ------------------------------------------------------------------------------

wrapping first mol.:       43.61733      -30.84210       53.42010
wrapping first mol.:       43.61733      -30.84210       53.42010
wrapping first mol.:       43.61733      -30.84210       53.42010
wrapping first mol.:       43.61733      -30.84210       53.42010
wrapping first mol.:       43.61733      -30.84210       53.42010
wrapping first mol.:       43.61733      -30.84210       53.42010
wrapping first mol.:       43.61733      -30.84210       53.42010
wrapping first mol.:       43.61733      -30.84210       53.42010
wrapping first mol.:       43.61733      -30.84210       53.42010
wrapping first mol.:       43.61733      -30.84210       53.42010
wrapping first mol.:       43.61733      -30.84210       53.42010

 NSTEP =   650000   TIME(PS) =    1300.000  TEMP(K) =   301.04  PRESS =     0.0
 Etot   =    -70132.4723  EKtot   =     13536.0957  EPtot      =    -83668.5680
 BOND   =       541.8502  ANGLE   =      1443.6294  DIHED      =       931.4713
 UB     =         0.0000  IMP     =         0.0000  CMAP       =       144.1932
 1-4 NB =       618.9207  1-4 EEL =      8626.8426  VDWAALS    =      9416.0905
 EELEC  =   -105391.5657  EHBOND  =         0.0000  RESTRAINT  =         0.0000
 ------------------------------------------------------------------------------

wrapping first mol.:       43.61733      -30.84210       53.42010
wrapping first mol.:       43.61733      -30.84210       53.42010
wrapping first mol.:       43.61733      -30.84210       53.42010
wrapping first mol.:       43.61733      -30.84210       53.42010
wrapping first mol.:       43.61733      -30.84210       53.42010
wrapping first mol.:       43.61733      -30.84210       53.42010
wrapping first mol.:       43.61733      -30.84210       53.42010
wrapping first mol.:       43.61733      -30.84210       53.42010
wrapping first mol.:       43.61733      -30.84210       53.42010
wrapping first mol.:       43.61733      -30.84210       53.42010
wrapping first mol.:       43.61733      -30.84210       53.42010

 NSTEP =   700000   TIME(PS) =    1400.000  TEMP(K) =   297.62  PRESS =     0.0
 Etot   =    -70506.6328  EKtot   =     13382.3477  EPtot      =    -83888.9805
 BOND   =       503.7498  ANGLE   =      1343.1974  DIHED      =       926.5889
 UB     =         0.0000  IMP     =         0.0000  CMAP       =       132.1207
 1-4 NB =       638.8971  1-4 EEL =      8704.3198  VDWAALS    =      9599.6678
 EELEC  =   -105737.5221  EHBOND  =         0.0000  RESTRAINT  =         0.0000
 ------------------------------------------------------------------------------

wrapping first mol.:       43.61733      -30.84210       53.42010
wrapping first mol.:       43.61733      -30.84210       53.42010
wrapping first mol.:       43.61733      -30.84210       53.42010
wrapping first mol.:       43.61733      -30.84210       53.42010
wrapping first mol.:       43.61733      -30.84210       53.42010
wrapping first mol.:       43.61733      -30.84210       53.42010
wrapping first mol.:       43.61733      -30.84210       53.42010
wrapping first mol.:       43.61733      -30.84210       53.42010
wrapping first mol.:       43.61733      -30.84210       53.42010
wrapping first mol.:       43.61733      -30.84210       53.42010
wrapping first mol.:       43.61733      -30.84210       53.42010

 NSTEP =   750000   TIME(PS) =    1500.000  TEMP(K) =   301.79  PRESS =     0.0
 Etot   =    -69868.3271  EKtot   =     13569.5830  EPtot      =    -83437.9101
 BOND   =       525.4556  ANGLE   =      1423.6482  DIHED      =       923.8390
 UB     =         0.0000  IMP     =         0.0000  CMAP       =       128.7251
 1-4 NB =       628.3054  1-4 EEL =      8671.4724  VDWAALS    =      9129.6608
 EELEC  =   -104869.0166  EHBOND  =         0.0000  RESTRAINT  =         0.0000
 ------------------------------------------------------------------------------

wrapping first mol.:       43.61733      -30.84210       53.42010
wrapping first mol.:       43.61733      -30.84210       53.42010
wrapping first mol.:       43.61733      -30.84210       53.42010
wrapping first mol.:       43.61733      -30.84210       53.42010
wrapping first mol.:       43.61733      -30.84210       53.42010
wrapping first mol.:       43.61733      -30.84210       53.42010
wrapping first mol.:       43.61733      -30.84210       53.42010
wrapping first mol.:       43.61733      -30.84210       53.42010
wrapping first mol.:       43.61733      -30.84210       53.42010
wrapping first mol.:       43.61733      -30.84210       53.42010
wrapping first mol.:       43.61733      -30.84210       53.42010

 NSTEP =   800000   TIME(PS) =    1600.000  TEMP(K) =   299.50  PRESS =     0.0
 Etot   =    -70450.8342  EKtot   =     13466.7383  EPtot      =    -83917.5725
 BOND   =       524.0792  ANGLE   =      1453.3742  DIHED      =       944.2340
 UB     =         0.0000  IMP     =         0.0000  CMAP       =       133.5020
 1-4 NB =       615.3372  1-4 EEL =      8638.4081  VDWAALS    =      9596.9224
 EELEC  =   -105823.4295  EHBOND  =         0.0000  RESTRAINT  =         0.0000
 ------------------------------------------------------------------------------

wrapping first mol.:       43.61733      -30.84210       53.42010
wrapping first mol.:       43.61733      -30.84210       53.42010
wrapping first mol.:       43.61733      -30.84210       53.42010
wrapping first mol.:       43.61733      -30.84210       53.42010
wrapping first mol.:       43.61733      -30.84210       53.42010
wrapping first mol.:       43.61733      -30.84210       53.42010
wrapping first mol.:       43.61733      -30.84210       53.42010
wrapping first mol.:       43.61733      -30.84210       53.42010
wrapping first mol.:       43.61733      -30.84210       53.42010
wrapping first mol.:       43.61733      -30.84210       53.42010
wrapping first mol.:       43.61733      -30.84210       53.42010

 NSTEP =   850000   TIME(PS) =    1700.000  TEMP(K) =   295.89  PRESS =     0.0
 Etot   =    -70651.5499  EKtot   =     13304.4434  EPtot      =    -83955.9932
 BOND   =       541.7829  ANGLE   =      1387.9498  DIHED      =       921.9734
 UB     =         0.0000  IMP     =         0.0000  CMAP       =       134.7838
 1-4 NB =       620.2228  1-4 EEL =      8667.6475  VDWAALS    =      9781.3495
 EELEC  =   -106011.7030  EHBOND  =         0.0000  RESTRAINT  =         0.0000
 ------------------------------------------------------------------------------

wrapping first mol.:       43.61733      -30.84210       53.42010
wrapping first mol.:       43.61733      -30.84210       53.42010
wrapping first mol.:       43.61733      -30.84210       53.42010
wrapping first mol.:       65.42599        0.00000        0.00000
wrapping first mol.:       65.42599        0.00000        0.00000
wrapping first mol.:       65.42599        0.00000        0.00000
wrapping first mol.:       65.42599        0.00000        0.00000
wrapping first mol.:       65.42599        0.00000        0.00000
wrapping first mol.:       65.42599        0.00000        0.00000
wrapping first mol.:       65.42599        0.00000        0.00000
wrapping first mol.:       65.42599        0.00000        0.00000

 NSTEP =   900000   TIME(PS) =    1800.000  TEMP(K) =   296.91  PRESS =     0.0
 Etot   =    -70449.1561  EKtot   =     13350.4922  EPtot      =    -83799.6482
 BOND   =       521.9357  ANGLE   =      1382.5292  DIHED      =       908.7733
 UB     =         0.0000  IMP     =         0.0000  CMAP       =       124.2620
 1-4 NB =       630.8601  1-4 EEL =      8689.2050  VDWAALS    =      9579.9306
 EELEC  =   -105637.1441  EHBOND  =         0.0000  RESTRAINT  =         0.0000
 ------------------------------------------------------------------------------

wrapping first mol.:       65.42599        0.00000        0.00000
wrapping first mol.:       65.42599        0.00000        0.00000
wrapping first mol.:       65.42599        0.00000        0.00000
wrapping first mol.:       65.42599        0.00000        0.00000
wrapping first mol.:       65.42599        0.00000        0.00000
wrapping first mol.:       65.42599        0.00000        0.00000
wrapping first mol.:       65.42599        0.00000        0.00000
wrapping first mol.:       65.42599        0.00000        0.00000
wrapping first mol.:       65.42599        0.00000        0.00000
wrapping first mol.:       65.42599        0.00000        0.00000
wrapping first mol.:       65.42599        0.00000        0.00000

 NSTEP =   950000   TIME(PS) =    1900.000  TEMP(K) =   299.52  PRESS =     0.0
 Etot   =    -70324.4097  EKtot   =     13467.8496  EPtot      =    -83792.2594
 BOND   =       513.7729  ANGLE   =      1389.0212  DIHED      =       895.9708
 UB     =         0.0000  IMP     =         0.0000  CMAP       =       134.2108
 1-4 NB =       630.0502  1-4 EEL =      8709.1487  VDWAALS    =      9531.6173
 EELEC  =   -105596.0513  EHBOND  =         0.0000  RESTRAINT  =         0.0000
 ------------------------------------------------------------------------------

wrapping first mol.:       65.42599        0.00000        0.00000
wrapping first mol.:       65.42599        0.00000        0.00000
wrapping first mol.:       65.42599        0.00000        0.00000
wrapping first mol.:       65.42599        0.00000        0.00000
wrapping first mol.:       65.42599        0.00000        0.00000
wrapping first mol.:       65.42599        0.00000        0.00000
wrapping first mol.:       65.42599        0.00000        0.00000
wrapping first mol.:       65.42599        0.00000        0.00000
wrapping first mol.:       65.42599        0.00000        0.00000
wrapping first mol.:       65.42599        0.00000        0.00000
wrapping first mol.:       65.42599        0.00000        0.00000

 NSTEP =  1000000   TIME(PS) =    2000.000  TEMP(K) =   295.38  PRESS =     0.0
 Etot   =    -70672.9371  EKtot   =     13281.5723  EPtot      =    -83954.5094
 BOND   =       515.9696  ANGLE   =      1440.1610  DIHED      =       945.6835
 UB     =         0.0000  IMP     =         0.0000  CMAP       =       126.3090
 1-4 NB =       621.5018  1-4 EEL =      8634.7023  VDWAALS    =      9604.4373
 EELEC  =   -105843.2740  EHBOND  =         0.0000  RESTRAINT  =         0.0000
 ------------------------------------------------------------------------------

wrapping first mol.:       65.42599        0.00000        0.00000
wrapping first mol.:       65.42599        0.00000        0.00000
wrapping first mol.:       43.61733      -30.84210       53.42010
wrapping first mol.:       43.61733      -30.84210       53.42010
wrapping first mol.:       65.42599        0.00000        0.00000
wrapping first mol.:       65.42599        0.00000        0.00000
wrapping first mol.:       65.42599        0.00000        0.00000
wrapping first mol.:       65.42599        0.00000        0.00000
wrapping first mol.:       65.42599        0.00000        0.00000
wrapping first mol.:       65.42599        0.00000        0.00000
wrapping first mol.:       65.42599        0.00000        0.00000

 NSTEP =  1050000   TIME(PS) =    2100.000  TEMP(K) =   299.03  PRESS =     0.0
 Etot   =    -70349.5972  EKtot   =     13445.5684  EPtot      =    -83795.1656
 BOND   =       536.1891  ANGLE   =      1424.9526  DIHED      =       925.5551
 UB     =         0.0000  IMP     =         0.0000  CMAP       =       133.3078
 1-4 NB =       634.2530  1-4 EEL =      8717.4243  VDWAALS    =      9284.8116
 EELEC  =   -105451.6591  EHBOND  =         0.0000  RESTRAINT  =         0.0000
 ------------------------------------------------------------------------------

wrapping first mol.:       65.42599        0.00000        0.00000
wrapping first mol.:       65.42599        0.00000        0.00000
wrapping first mol.:       65.42599        0.00000        0.00000
wrapping first mol.:       65.42599        0.00000        0.00000
wrapping first mol.:       65.42599        0.00000        0.00000
wrapping first mol.:       65.42599        0.00000        0.00000
wrapping first mol.:       43.61733      -30.84210       53.42010
wrapping first mol.:       65.42599        0.00000        0.00000
wrapping first mol.:       65.42599        0.00000        0.00000
wrapping first mol.:       65.42599        0.00000        0.00000
wrapping first mol.:       65.42599        0.00000        0.00000

 NSTEP =  1100000   TIME(PS) =    2200.000  TEMP(K) =   296.42  PRESS =     0.0
 Etot   =    -70477.0110  EKtot   =     13328.4170  EPtot      =    -83805.4280
 BOND   =       506.9240  ANGLE   =      1407.7788  DIHED      =       897.1102
 UB     =         0.0000  IMP     =         0.0000  CMAP       =       142.8270
 1-4 NB =       619.1487  1-4 EEL =      8711.8622  VDWAALS    =      9699.4906
 EELEC  =   -105790.5695  EHBOND  =         0.0000  RESTRAINT  =         0.0000
 ------------------------------------------------------------------------------

wrapping first mol.:       65.42599        0.00000        0.00000
wrapping first mol.:       65.42599        0.00000        0.00000
wrapping first mol.:       65.42599        0.00000        0.00000
wrapping first mol.:       65.42599        0.00000        0.00000
wrapping first mol.:       65.42599        0.00000        0.00000
wrapping first mol.:       65.42599        0.00000        0.00000
wrapping first mol.:       65.42599        0.00000        0.00000
wrapping first mol.:       65.42599        0.00000        0.00000
wrapping first mol.:       65.42599        0.00000        0.00000
wrapping first mol.:       65.42599        0.00000        0.00000
wrapping first mol.:       65.42599        0.00000        0.00000

 NSTEP =  1150000   TIME(PS) =    2300.000  TEMP(K) =   298.86  PRESS =     0.0
 Etot   =    -70441.0730  EKtot   =     13437.9814  EPtot      =    -83879.0544
 BOND   =       506.1281  ANGLE   =      1430.0420  DIHED      =       953.3869
 UB     =         0.0000  IMP     =         0.0000  CMAP       =       140.5630
 1-4 NB =       629.8715  1-4 EEL =      8683.4190  VDWAALS    =      9652.7987
 EELEC  =   -105875.2637  EHBOND  =         0.0000  RESTRAINT  =         0.0000
 ------------------------------------------------------------------------------

wrapping first mol.:       65.42599        0.00000        0.00000
wrapping first mol.:       65.42599        0.00000        0.00000
wrapping first mol.:       65.42599        0.00000        0.00000
wrapping first mol.:       65.42599        0.00000        0.00000
wrapping first mol.:       65.42599        0.00000        0.00000
wrapping first mol.:       65.42599        0.00000        0.00000
wrapping first mol.:       65.42599        0.00000        0.00000
wrapping first mol.:       65.42599        0.00000        0.00000
wrapping first mol.:       65.42599        0.00000        0.00000
wrapping first mol.:       65.42599        0.00000        0.00000
wrapping first mol.:       65.42599        0.00000        0.00000

 NSTEP =  1200000   TIME(PS) =    2400.000  TEMP(K) =   298.06  PRESS =     0.0
 Etot   =    -70181.7348  EKtot   =     13402.1621  EPtot      =    -83583.8969
 BOND   =       533.0303  ANGLE   =      1411.7712  DIHED      =       922.8032
 UB     =         0.0000  IMP     =         0.0000  CMAP       =       123.3332
 1-4 NB =       622.0424  1-4 EEL =      8721.9303  VDWAALS    =      9365.8758
 EELEC  =   -105284.6834  EHBOND  =         0.0000  RESTRAINT  =         0.0000
 ------------------------------------------------------------------------------

wrapping first mol.:       65.42599        0.00000        0.00000
wrapping first mol.:       65.42599        0.00000        0.00000
wrapping first mol.:       65.42599        0.00000        0.00000
wrapping first mol.:       43.61733      -30.84210       53.42010
wrapping first mol.:       43.61733      -30.84210       53.42010
wrapping first mol.:       43.61733      -30.84210       53.42010
wrapping first mol.:       43.61733      -30.84210       53.42010
wrapping first mol.:       43.61733      -30.84210       53.42010
wrapping first mol.:       43.61733      -30.84210       53.42010
wrapping first mol.:       43.61733      -30.84210       53.42010
wrapping first mol.:       43.61733      -30.84210       53.42010

 NSTEP =  1250000   TIME(PS) =    2500.000  TEMP(K) =   299.09  PRESS =     0.0
 Etot   =    -70404.1972  EKtot   =     13448.3584  EPtot      =    -83852.5556
 BOND   =       502.4660  ANGLE   =      1387.2440  DIHED      =       929.6229
 UB     =         0.0000  IMP     =         0.0000  CMAP       =       139.4046
 1-4 NB =       626.7927  1-4 EEL =      8696.5184  VDWAALS    =      9723.1438
 EELEC  =   -105857.7480  EHBOND  =         0.0000  RESTRAINT  =         0.0000
 ------------------------------------------------------------------------------

wrapping first mol.:       43.61733      -30.84210       53.42010
wrapping first mol.:       43.61733      -30.84210       53.42010
wrapping first mol.:       65.42599        0.00000        0.00000
wrapping first mol.:       43.61733      -30.84210       53.42010
wrapping first mol.:       43.61733      -30.84210       53.42010
wrapping first mol.:       43.61733      -30.84210       53.42010
wrapping first mol.:       43.61733      -30.84210       53.42010
wrapping first mol.:       43.61733      -30.84210       53.42010
wrapping first mol.:       43.61733      -30.84210       53.42010
wrapping first mol.:       43.61733      -30.84210       53.42010
wrapping first mol.:       43.61733      -30.84210       53.42010

 NSTEP =  1300000   TIME(PS) =    2600.000  TEMP(K) =   296.73  PRESS =     0.0
 Etot   =    -70544.4872  EKtot   =     13342.3750  EPtot      =    -83886.8622
 BOND   =       529.4304  ANGLE   =      1412.2095  DIHED      =       887.9032
 UB     =         0.0000  IMP     =         0.0000  CMAP       =       126.5329
 1-4 NB =       621.1555  1-4 EEL =      8654.5335  VDWAALS    =      9552.2303
 EELEC  =   -105670.8575  EHBOND  =         0.0000  RESTRAINT  =         0.0000
 ------------------------------------------------------------------------------

wrapping first mol.:       43.61733      -30.84210       53.42010
wrapping first mol.:       43.61733      -30.84210       53.42010
wrapping first mol.:       65.42599        0.00000        0.00000
wrapping first mol.:       43.61733      -30.84210       53.42010
wrapping first mol.:       43.61733      -30.84210       53.42010
wrapping first mol.:       43.61733      -30.84210       53.42010
wrapping first mol.:       43.61733      -30.84210       53.42010
wrapping first mol.:       65.42599        0.00000        0.00000
wrapping first mol.:       65.42599        0.00000        0.00000
wrapping first mol.:       65.42599        0.00000        0.00000
wrapping first mol.:       65.42599        0.00000        0.00000

 NSTEP =  1350000   TIME(PS) =    2700.000  TEMP(K) =   301.43  PRESS =     0.0
 Etot   =    -70125.3910  EKtot   =     13553.3828  EPtot      =    -83678.7738
 BOND   =       516.2485  ANGLE   =      1418.5485  DIHED      =       912.1046
 UB     =         0.0000  IMP     =         0.0000  CMAP       =       136.9495
 1-4 NB =       614.5360  1-4 EEL =      8650.0428  VDWAALS    =      9567.4580
 EELEC  =   -105494.6617  EHBOND  =         0.0000  RESTRAINT  =         0.0000
 ------------------------------------------------------------------------------

wrapping first mol.:       65.42599        0.00000        0.00000
wrapping first mol.:       65.42599        0.00000        0.00000
wrapping first mol.:       43.61733      -30.84210       53.42010
wrapping first mol.:       43.61733      -30.84210       53.42010
wrapping first mol.:       65.42599        0.00000        0.00000
wrapping first mol.:       65.42599        0.00000        0.00000
wrapping first mol.:       65.42599        0.00000        0.00000
wrapping first mol.:       65.42599        0.00000        0.00000
wrapping first mol.:       65.42599        0.00000        0.00000
wrapping first mol.:       65.42599        0.00000        0.00000
wrapping first mol.:       65.42599        0.00000        0.00000

 NSTEP =  1400000   TIME(PS) =    2800.000  TEMP(K) =   294.05  PRESS =     0.0
 Etot   =    -70915.4424  EKtot   =     13221.8398  EPtot      =    -84137.2822
 BOND   =       565.9458  ANGLE   =      1404.0419  DIHED      =       880.7913
 UB     =         0.0000  IMP     =         0.0000  CMAP       =       139.4132
 1-4 NB =       631.0298  1-4 EEL =      8680.6927  VDWAALS    =      9660.5981
 EELEC  =   -106099.7949  EHBOND  =         0.0000  RESTRAINT  =         0.0000
 ------------------------------------------------------------------------------

wrapping first mol.:       65.42599        0.00000        0.00000
wrapping first mol.:       65.42599        0.00000        0.00000
wrapping first mol.:       65.42599        0.00000        0.00000
wrapping first mol.:       65.42599        0.00000        0.00000
wrapping first mol.:       65.42599        0.00000        0.00000
wrapping first mol.:       65.42599        0.00000        0.00000
wrapping first mol.:       65.42599        0.00000        0.00000
wrapping first mol.:       65.42599        0.00000        0.00000
wrapping first mol.:       65.42599        0.00000        0.00000
wrapping first mol.:       65.42599        0.00000        0.00000
wrapping first mol.:       65.42599        0.00000        0.00000

 NSTEP =  1450000   TIME(PS) =    2900.000  TEMP(K) =   301.18  PRESS =     0.0
 Etot   =    -70258.2013  EKtot   =     13542.1240  EPtot      =    -83800.3253
 BOND   =       511.7051  ANGLE   =      1423.7384  DIHED      =       890.5726
 UB     =         0.0000  IMP     =         0.0000  CMAP       =       143.8568
 1-4 NB =       638.7213  1-4 EEL =      8680.7605  VDWAALS    =      9448.8740
 EELEC  =   -105538.5540  EHBOND  =         0.0000  RESTRAINT  =         0.0000
 ------------------------------------------------------------------------------

wrapping first mol.:       65.42599        0.00000        0.00000
wrapping first mol.:       65.42599        0.00000        0.00000
wrapping first mol.:       65.42599        0.00000        0.00000
wrapping first mol.:       65.42599        0.00000        0.00000
wrapping first mol.:       65.42599        0.00000        0.00000
wrapping first mol.:       65.42599        0.00000        0.00000
wrapping first mol.:       65.42599        0.00000        0.00000
wrapping first mol.:       65.42599        0.00000        0.00000
wrapping first mol.:       65.42599        0.00000        0.00000
wrapping first mol.:       65.42599        0.00000        0.00000
wrapping first mol.:       65.42599        0.00000        0.00000

 NSTEP =  1500000   TIME(PS) =    3000.000  TEMP(K) =   299.55  PRESS =     0.0
 Etot   =    -70335.4224  EKtot   =     13469.0020  EPtot      =    -83804.4244
 BOND   =       495.9408  ANGLE   =      1399.5778  DIHED      =       955.5191
 UB     =         0.0000  IMP     =         0.0000  CMAP       =       142.1553
 1-4 NB =       632.7574  1-4 EEL =      8711.5176  VDWAALS    =      9515.1004
 EELEC  =   -105656.9928  EHBOND  =         0.0000  RESTRAINT  =         0.0000
 ------------------------------------------------------------------------------

wrapping first mol.:       65.42599        0.00000        0.00000
wrapping first mol.:       65.42599        0.00000        0.00000
wrapping first mol.:       65.42599        0.00000        0.00000
wrapping first mol.:       65.42599        0.00000        0.00000
wrapping first mol.:       65.42599        0.00000        0.00000
wrapping first mol.:       65.42599        0.00000        0.00000
wrapping first mol.:       65.42599        0.00000        0.00000
wrapping first mol.:       65.42599        0.00000        0.00000
wrapping first mol.:       65.42599        0.00000        0.00000
wrapping first mol.:       65.42599        0.00000        0.00000
wrapping first mol.:       65.42599        0.00000        0.00000

 NSTEP =  1550000   TIME(PS) =    3100.000  TEMP(K) =   297.89  PRESS =     0.0
 Etot   =    -70462.1919  EKtot   =     13394.4414  EPtot      =    -83856.6333
 BOND   =       535.3593  ANGLE   =      1449.3175  DIHED      =       932.8874
 UB     =         0.0000  IMP     =         0.0000  CMAP       =       132.9580
 1-4 NB =       615.6257  1-4 EEL =      8709.6665  VDWAALS    =      9513.2569
 EELEC  =   -105745.7044  EHBOND  =         0.0000  RESTRAINT  =         0.0000
 ------------------------------------------------------------------------------

wrapping first mol.:       65.42599        0.00000        0.00000
wrapping first mol.:       65.42599        0.00000        0.00000
wrapping first mol.:       65.42599        0.00000        0.00000
wrapping first mol.:       65.42599        0.00000        0.00000
wrapping first mol.:       65.42599        0.00000        0.00000
wrapping first mol.:       65.42599        0.00000        0.00000
wrapping first mol.:       65.42599        0.00000        0.00000
wrapping first mol.:       65.42599        0.00000        0.00000
wrapping first mol.:       65.42599        0.00000        0.00000
wrapping first mol.:       65.42599        0.00000        0.00000
wrapping first mol.:       65.42599        0.00000        0.00000

 NSTEP =  1600000   TIME(PS) =    3200.000  TEMP(K) =   301.97  PRESS =     0.0
 Etot   =    -70360.8539  EKtot   =     13577.8877  EPtot      =    -83938.7416
 BOND   =       507.4078  ANGLE   =      1426.3234  DIHED      =       915.3651
 UB     =         0.0000  IMP     =         0.0000  CMAP       =       124.8564
 1-4 NB =       639.9629  1-4 EEL =      8696.4129  VDWAALS    =      9834.6504
 EELEC  =   -106083.7206  EHBOND  =         0.0000  RESTRAINT  =         0.0000
 ------------------------------------------------------------------------------

wrapping first mol.:       65.42599        0.00000        0.00000
wrapping first mol.:       65.42599        0.00000        0.00000
wrapping first mol.:       65.42599        0.00000        0.00000
wrapping first mol.:       65.42599        0.00000        0.00000
wrapping first mol.:       65.42599        0.00000        0.00000
wrapping first mol.:       65.42599        0.00000        0.00000
wrapping first mol.:       65.42599        0.00000        0.00000
wrapping first mol.:       65.42599        0.00000        0.00000
wrapping first mol.:       65.42599        0.00000        0.00000
wrapping first mol.:       65.42599        0.00000        0.00000
wrapping first mol.:       65.42599        0.00000        0.00000

 NSTEP =  1650000   TIME(PS) =    3300.000  TEMP(K) =   300.73  PRESS =     0.0
 Etot   =    -70423.5405  EKtot   =     13522.0264  EPtot      =    -83945.5668
 BOND   =       525.6516  ANGLE   =      1395.8477  DIHED      =       918.7916
 UB     =         0.0000  IMP     =         0.0000  CMAP       =       146.6325
 1-4 NB =       616.3188  1-4 EEL =      8695.1277  VDWAALS    =      9734.6959
 EELEC  =   -105978.6326  EHBOND  =         0.0000  RESTRAINT  =         0.0000
 ------------------------------------------------------------------------------

wrapping first mol.:       65.42599        0.00000        0.00000
wrapping first mol.:       65.42599        0.00000        0.00000
wrapping first mol.:       65.42599        0.00000        0.00000
wrapping first mol.:       65.42599        0.00000        0.00000
wrapping first mol.:       65.42599        0.00000        0.00000
wrapping first mol.:       65.42599        0.00000        0.00000
wrapping first mol.:       65.42599        0.00000        0.00000
wrapping first mol.:       43.61733      -30.84210       53.42010
wrapping first mol.:       43.61733      -30.84210       53.42010
wrapping first mol.:       43.61733      -30.84210       53.42010
wrapping first mol.:       43.61733      -30.84210       53.42010

 NSTEP =  1700000   TIME(PS) =    3400.000  TEMP(K) =   301.04  PRESS =     0.0
 Etot   =    -70058.7412  EKtot   =     13536.0908  EPtot      =    -83594.8320
 BOND   =       502.2713  ANGLE   =      1420.1115  DIHED      =       925.1378
 UB     =         0.0000  IMP     =         0.0000  CMAP       =       139.1397
 1-4 NB =       625.3318  1-4 EEL =      8747.4828  VDWAALS    =      9348.3658
 EELEC  =   -105302.6728  EHBOND  =         0.0000  RESTRAINT  =         0.0000
 ------------------------------------------------------------------------------

wrapping first mol.:       43.61733      -30.84210       53.42010
wrapping first mol.:       43.61733      -30.84210       53.42010
wrapping first mol.:       43.61733      -30.84210       53.42010
wrapping first mol.:       43.61733      -30.84210       53.42010
wrapping first mol.:       43.61733      -30.84210       53.42010
wrapping first mol.:       43.61733      -30.84210       53.42010
wrapping first mol.:       43.61733      -30.84210       53.42010
wrapping first mol.:       43.61733      -30.84210       53.42010
wrapping first mol.:       43.61733      -30.84210       53.42010
wrapping first mol.:       43.61733      -30.84210       53.42010
wrapping first mol.:       43.61733      -30.84210       53.42010

 NSTEP =  1750000   TIME(PS) =    3500.000  TEMP(K) =   296.81  PRESS =     0.0
 Etot   =    -70659.5887  EKtot   =     13346.0020  EPtot      =    -84005.5906
 BOND   =       557.6960  ANGLE   =      1375.0604  DIHED      =       933.3338
 UB     =         0.0000  IMP     =         0.0000  CMAP       =       141.6052
 1-4 NB =       614.6223  1-4 EEL =      8673.5149  VDWAALS    =      9451.7978
 EELEC  =   -105753.2210  EHBOND  =         0.0000  RESTRAINT  =         0.0000
 ------------------------------------------------------------------------------

wrapping first mol.:       43.61733      -30.84210       53.42010
wrapping first mol.:       43.61733      -30.84210       53.42010
wrapping first mol.:       43.61733      -30.84210       53.42010
wrapping first mol.:       43.61733      -30.84210       53.42010
wrapping first mol.:       43.61733      -30.84210       53.42010
wrapping first mol.:       43.61733      -30.84210       53.42010
wrapping first mol.:       43.61733      -30.84210       53.42010
wrapping first mol.:       43.61733      -30.84210       53.42010
wrapping first mol.:       43.61733      -30.84210       53.42010
wrapping first mol.:       43.61733      -30.84210       53.42010
wrapping first mol.:       43.61733      -30.84210       53.42010

 NSTEP =  1800000   TIME(PS) =    3600.000  TEMP(K) =   297.51  PRESS =     0.0
 Etot   =    -70441.4644  EKtot   =     13377.4424  EPtot      =    -83818.9068
 BOND   =       502.4113  ANGLE   =      1451.5227  DIHED      =       928.0374
 UB     =         0.0000  IMP     =         0.0000  CMAP       =       133.5513
 1-4 NB =       619.4911  1-4 EEL =      8652.5572  VDWAALS    =      9390.0137
 EELEC  =   -105496.4914  EHBOND  =         0.0000  RESTRAINT  =         0.0000
 ------------------------------------------------------------------------------

wrapping first mol.:       43.61733      -30.84210       53.42010
wrapping first mol.:       43.61733      -30.84210       53.42010
wrapping first mol.:       43.61733      -30.84210       53.42010
wrapping first mol.:       43.61733      -30.84210       53.42010
wrapping first mol.:       43.61733      -30.84210       53.42010
wrapping first mol.:       43.61733      -30.84210       53.42010
wrapping first mol.:       43.61733      -30.84210       53.42010
wrapping first mol.:       43.61733      -30.84210       53.42010
wrapping first mol.:       43.61733      -30.84210       53.42010
wrapping first mol.:       43.61733      -30.84210       53.42010
wrapping first mol.:       43.61733      -30.84210       53.42010

 NSTEP =  1850000   TIME(PS) =    3700.000  TEMP(K) =   304.50  PRESS =     0.0
 Etot   =    -70089.3259  EKtot   =     13691.4561  EPtot      =    -83780.7819
 BOND   =       523.6961  ANGLE   =      1442.1123  DIHED      =       912.1772
 UB     =         0.0000  IMP     =         0.0000  CMAP       =       131.4903
 1-4 NB =       615.4885  1-4 EEL =      8717.5024  VDWAALS    =      9396.5483
 EELEC  =   -105519.7972  EHBOND  =         0.0000  RESTRAINT  =         0.0000
 ------------------------------------------------------------------------------

wrapping first mol.:       43.61733      -30.84210       53.42010
wrapping first mol.:       43.61733      -30.84210       53.42010
wrapping first mol.:       43.61733      -30.84210       53.42010
wrapping first mol.:       43.61733      -30.84210       53.42010
wrapping first mol.:       43.61733      -30.84210       53.42010
wrapping first mol.:       43.61733      -30.84210       53.42010
wrapping first mol.:       43.61733      -30.84210       53.42010
wrapping first mol.:       43.61733      -30.84210       53.42010
wrapping first mol.:       43.61733      -30.84210       53.42010
wrapping first mol.:       43.61733      -30.84210       53.42010
wrapping first mol.:       43.61733      -30.84210       53.42010

 NSTEP =  1900000   TIME(PS) =    3800.000  TEMP(K) =   304.00  PRESS =     0.0
 Etot   =    -70196.5807  EKtot   =     13669.0205  EPtot      =    -83865.6012
 BOND   =       555.5337  ANGLE   =      1403.1412  DIHED      =       920.7712
 UB     =         0.0000  IMP     =         0.0000  CMAP       =       141.4053
 1-4 NB =       611.2260  1-4 EEL =      8675.9548  VDWAALS    =      9786.3747
 EELEC  =   -105960.0082  EHBOND  =         0.0000  RESTRAINT  =         0.0000
 ------------------------------------------------------------------------------

wrapping first mol.:       43.61733      -30.84210       53.42010
wrapping first mol.:       43.61733      -30.84210       53.42010
wrapping first mol.:       43.61733      -30.84210       53.42010
wrapping first mol.:       43.61733      -30.84210       53.42010
wrapping first mol.:       43.61733      -30.84210       53.42010
wrapping first mol.:       43.61733      -30.84210       53.42010
wrapping first mol.:       43.61733      -30.84210       53.42010
wrapping first mol.:       43.61733      -30.84210       53.42010
wrapping first mol.:       43.61733      -30.84210       53.42010
wrapping first mol.:       43.61733      -30.84210       53.42010
wrapping first mol.:       43.61733      -30.84210       53.42010

 NSTEP =  1950000   TIME(PS) =    3900.000  TEMP(K) =   300.92  PRESS =     0.0
 Etot   =    -70059.7390  EKtot   =     13530.7168  EPtot      =    -83590.4558
 BOND   =       534.5672  ANGLE   =      1455.0824  DIHED      =       935.7382
 UB     =         0.0000  IMP     =         0.0000  CMAP       =       129.5137
 1-4 NB =       617.5077  1-4 EEL =      8715.5458  VDWAALS    =      9310.7012
 EELEC  =   -105289.1120  EHBOND  =         0.0000  RESTRAINT  =         0.0000
 ------------------------------------------------------------------------------

wrapping first mol.:       43.61733      -30.84210       53.42010
wrapping first mol.:       43.61733      -30.84210       53.42010
wrapping first mol.:       43.61733      -30.84210       53.42010
wrapping first mol.:       43.61733      -30.84210       53.42010
wrapping first mol.:       43.61733      -30.84210       53.42010
wrapping first mol.:       43.61733      -30.84210       53.42010
wrapping first mol.:       43.61733      -30.84210       53.42010
wrapping first mol.:       43.61733      -30.84210       53.42010
wrapping first mol.:       43.61733      -30.84210       53.42010
wrapping first mol.:       43.61733      -30.84210       53.42010
wrapping first mol.:       43.61733      -30.84210       53.42010

 NSTEP =  2000000   TIME(PS) =    4000.000  TEMP(K) =   297.66  PRESS =     0.0
 Etot   =    -70575.0158  EKtot   =     13384.0361  EPtot      =    -83959.0519
 BOND   =       504.5814  ANGLE   =      1431.6846  DIHED      =       934.0521
 UB     =         0.0000  IMP     =         0.0000  CMAP       =       126.8225
 1-4 NB =       626.3945  1-4 EEL =      8754.7553  VDWAALS    =      9752.9109
 EELEC  =   -106090.2532  EHBOND  =         0.0000  RESTRAINT  =         0.0000
 ------------------------------------------------------------------------------

wrapping first mol.:       43.61733      -30.84210       53.42010
wrapping first mol.:       43.61733      -30.84210       53.42010
wrapping first mol.:       43.61733      -30.84210       53.42010
wrapping first mol.:       43.61733      -30.84210       53.42010
wrapping first mol.:       43.61733      -30.84210       53.42010
wrapping first mol.:       43.61733      -30.84210       53.42010
wrapping first mol.:       43.61733      -30.84210       53.42010
wrapping first mol.:       43.61733      -30.84210       53.42010
wrapping first mol.:       43.61733      -30.84210       53.42010
wrapping first mol.:       43.61733      -30.84210       53.42010
wrapping first mol.:       43.61733      -30.84210       53.42010

 NSTEP =  2050000   TIME(PS) =    4100.000  TEMP(K) =   299.12  PRESS =     0.0
 Etot   =    -70683.7294  EKtot   =     13449.6943  EPtot      =    -84133.4237
 BOND   =       496.8588  ANGLE   =      1412.2802  DIHED      =       907.5473
 UB     =         0.0000  IMP     =         0.0000  CMAP       =       124.7778
 1-4 NB =       620.9371  1-4 EEL =      8730.3731  VDWAALS    =      9533.4519
 EELEC  =   -105959.6498  EHBOND  =         0.0000  RESTRAINT  =         0.0000
 ------------------------------------------------------------------------------

wrapping first mol.:       43.61733      -30.84210       53.42010
wrapping first mol.:       43.61733      -30.84210       53.42010
wrapping first mol.:       43.61733      -30.84210       53.42010
wrapping first mol.:       43.61733      -30.84210       53.42010
wrapping first mol.:       43.61733      -30.84210       53.42010
wrapping first mol.:       43.61733      -30.84210       53.42010
wrapping first mol.:       43.61733      -30.84210       53.42010
wrapping first mol.:       43.61733      -30.84210       53.42010
wrapping first mol.:       43.61733      -30.84210       53.42010
wrapping first mol.:       43.61733      -30.84210       53.42010
wrapping first mol.:       43.61733      -30.84210       53.42010

 NSTEP =  2100000   TIME(PS) =    4200.000  TEMP(K) =   299.56  PRESS =     0.0
 Etot   =    -70249.2084  EKtot   =     13469.5752  EPtot      =    -83718.7836
 BOND   =       534.9140  ANGLE   =      1385.0009  DIHED      =       935.2312
 UB     =         0.0000  IMP     =         0.0000  CMAP       =       137.3016
 1-4 NB =       633.3256  1-4 EEL =      8733.6979  VDWAALS    =      9651.9575
 EELEC  =   -105730.2122  EHBOND  =         0.0000  RESTRAINT  =         0.0000
 ------------------------------------------------------------------------------

wrapping first mol.:       43.61733      -30.84210       53.42010
wrapping first mol.:       43.61733      -30.84210       53.42010
wrapping first mol.:       43.61733      -30.84210       53.42010
wrapping first mol.:       43.61733      -30.84210       53.42010
wrapping first mol.:       43.61733      -30.84210       53.42010
wrapping first mol.:       43.61733      -30.84210       53.42010
wrapping first mol.:       43.61733      -30.84210       53.42010
wrapping first mol.:       43.61733      -30.84210       53.42010
wrapping first mol.:       43.61733      -30.84210       53.42010
wrapping first mol.:       43.61733      -30.84210       53.42010
wrapping first mol.:       43.61733      -30.84210       53.42010

 NSTEP =  2150000   TIME(PS) =    4300.000  TEMP(K) =   298.83  PRESS =     0.0
 Etot   =    -70202.3325  EKtot   =     13436.4883  EPtot      =    -83638.8208
 BOND   =       528.5328  ANGLE   =      1425.4695  DIHED      =       911.4167
 UB     =         0.0000  IMP     =         0.0000  CMAP       =       142.7889
 1-4 NB =       602.4386  1-4 EEL =      8682.6780  VDWAALS    =      9350.4569
 EELEC  =   -105282.6023  EHBOND  =         0.0000  RESTRAINT  =         0.0000
 ------------------------------------------------------------------------------

wrapping first mol.:       43.61733      -30.84210       53.42010
wrapping first mol.:       43.61733      -30.84210       53.42010
wrapping first mol.:       43.61733      -30.84210       53.42010
wrapping first mol.:       43.61733      -30.84210       53.42010
wrapping first mol.:       43.61733      -30.84210       53.42010
wrapping first mol.:       43.61733      -30.84210       53.42010
wrapping first mol.:       43.61733      -30.84210       53.42010
wrapping first mol.:       43.61733      -30.84210       53.42010
wrapping first mol.:       43.61733      -30.84210       53.42010
wrapping first mol.:       43.61733      -30.84210       53.42010
wrapping first mol.:       43.61733      -30.84210       53.42010

 NSTEP =  2200000   TIME(PS) =    4400.000  TEMP(K) =   299.81  PRESS =     0.0
 Etot   =    -70405.7494  EKtot   =     13480.5439  EPtot      =    -83886.2933
 BOND   =       477.7689  ANGLE   =      1389.3712  DIHED      =       932.9548
 UB     =         0.0000  IMP     =         0.0000  CMAP       =       137.4831
 1-4 NB =       632.8868  1-4 EEL =      8699.1720  VDWAALS    =      9763.6494
 EELEC  =   -105919.5796  EHBOND  =         0.0000  RESTRAINT  =         0.0000
 ------------------------------------------------------------------------------

wrapping first mol.:       43.61733      -30.84210       53.42010
wrapping first mol.:       43.61733      -30.84210       53.42010
wrapping first mol.:       43.61733      -30.84210       53.42010
wrapping first mol.:       43.61733      -30.84210       53.42010
wrapping first mol.:       43.61733      -30.84210       53.42010
wrapping first mol.:       43.61733      -30.84210       53.42010
wrapping first mol.:       43.61733      -30.84210       53.42010
wrapping first mol.:       43.61733      -30.84210       53.42010
wrapping first mol.:       43.61733      -30.84210       53.42010
wrapping first mol.:       43.61733      -30.84210       53.42010
wrapping first mol.:       43.61733      -30.84210       53.42010

 NSTEP =  2250000   TIME(PS) =    4500.000  TEMP(K) =   300.54  PRESS =     0.0
 Etot   =    -70468.3929  EKtot   =     13513.3418  EPtot      =    -83981.7347
 BOND   =       550.4561  ANGLE   =      1392.1499  DIHED      =       922.6363
 UB     =         0.0000  IMP     =         0.0000  CMAP       =       139.6063
 1-4 NB =       622.9492  1-4 EEL =      8725.6206  VDWAALS    =      9327.6560
 EELEC  =   -105662.8090  EHBOND  =         0.0000  RESTRAINT  =         0.0000
 ------------------------------------------------------------------------------

wrapping first mol.:       43.61733      -30.84210       53.42010
wrapping first mol.:       43.61733      -30.84210       53.42010
wrapping first mol.:       43.61733      -30.84210       53.42010
wrapping first mol.:       43.61733      -30.84210       53.42010
wrapping first mol.:       43.61733      -30.84210       53.42010
wrapping first mol.:       43.61733      -30.84210       53.42010
wrapping first mol.:       43.61733      -30.84210       53.42010
wrapping first mol.:       43.61733      -30.84210       53.42010
wrapping first mol.:       43.61733      -30.84210       53.42010
wrapping first mol.:       43.61733      -30.84210       53.42010
wrapping first mol.:       43.61733      -30.84210       53.42010

 NSTEP =  2300000   TIME(PS) =    4600.000  TEMP(K) =   299.32  PRESS =     0.0
 Etot   =    -70243.2187  EKtot   =     13458.7998  EPtot      =    -83702.0185
 BOND   =       518.5978  ANGLE   =      1462.6496  DIHED      =       929.4119
 UB     =         0.0000  IMP     =         0.0000  CMAP       =       132.4789
 1-4 NB =       618.8312  1-4 EEL =      8669.0822  VDWAALS    =      9497.7999
 EELEC  =   -105530.8701  EHBOND  =         0.0000  RESTRAINT  =         0.0000
 ------------------------------------------------------------------------------

wrapping first mol.:       43.61733      -30.84210       53.42010
wrapping first mol.:       43.61733      -30.84210       53.42010
wrapping first mol.:       43.61733      -30.84210       53.42010
wrapping first mol.:       43.61733      -30.84210       53.42010
wrapping first mol.:       43.61733      -30.84210       53.42010
wrapping first mol.:       43.61733      -30.84210       53.42010
wrapping first mol.:       43.61733      -30.84210       53.42010
wrapping first mol.:       43.61733      -30.84210       53.42010
wrapping first mol.:       43.61733      -30.84210       53.42010
wrapping first mol.:       43.61733      -30.84210       53.42010
wrapping first mol.:       43.61733      -30.84210       53.42010

 NSTEP =  2350000   TIME(PS) =    4700.000  TEMP(K) =   300.60  PRESS =     0.0
 Etot   =    -70488.1076  EKtot   =     13516.2295  EPtot      =    -84004.3371
 BOND   =       516.9435  ANGLE   =      1434.7357  DIHED      =       933.5572
 UB     =         0.0000  IMP     =         0.0000  CMAP       =       132.4249
 1-4 NB =       602.2286  1-4 EEL =      8728.5547  VDWAALS    =      9534.1741
 EELEC  =   -105886.9557  EHBOND  =         0.0000  RESTRAINT  =         0.0000
 ------------------------------------------------------------------------------

wrapping first mol.:       43.61733      -30.84210       53.42010
wrapping first mol.:       43.61733      -30.84210       53.42010
wrapping first mol.:       43.61733      -30.84210       53.42010
wrapping first mol.:       43.61733      -30.84210       53.42010
wrapping first mol.:       43.61733      -30.84210       53.42010
wrapping first mol.:       43.61733      -30.84210       53.42010
wrapping first mol.:       43.61733      -30.84210       53.42010
wrapping first mol.:       43.61733      -30.84210       53.42010
wrapping first mol.:       43.61733      -30.84210       53.42010
wrapping first mol.:       43.61733      -30.84210       53.42010
wrapping first mol.:       43.61733      -30.84210       53.42010

 NSTEP =  2400000   TIME(PS) =    4800.000  TEMP(K) =   295.37  PRESS =     0.0
 Etot   =    -70637.5839  EKtot   =     13281.0791  EPtot      =    -83918.6630
 BOND   =       513.2519  ANGLE   =      1396.6760  DIHED      =       935.7401
 UB     =         0.0000  IMP     =         0.0000  CMAP       =       128.7726
 1-4 NB =       632.3655  1-4 EEL =      8680.1549  VDWAALS    =      9654.9456
 EELEC  =   -105860.5695  EHBOND  =         0.0000  RESTRAINT  =         0.0000
 ------------------------------------------------------------------------------

wrapping first mol.:       43.61733      -30.84210       53.42010
wrapping first mol.:       43.61733      -30.84210       53.42010
wrapping first mol.:       43.61733      -30.84210       53.42010
wrapping first mol.:       43.61733      -30.84210       53.42010
wrapping first mol.:       43.61733      -30.84210       53.42010
wrapping first mol.:       43.61733      -30.84210       53.42010
wrapping first mol.:       43.61733      -30.84210       53.42010
wrapping first mol.:       43.61733      -30.84210       53.42010
wrapping first mol.:       43.61733      -30.84210       53.42010
wrapping first mol.:       43.61733      -30.84210       53.42010
wrapping first mol.:       43.61733      -30.84210       53.42010

 NSTEP =  2450000   TIME(PS) =    4900.000  TEMP(K) =   301.44  PRESS =     0.0
 Etot   =    -70057.8566  EKtot   =     13554.1855  EPtot      =    -83612.0422
 BOND   =       526.7422  ANGLE   =      1395.8054  DIHED      =       953.9249
 UB     =         0.0000  IMP     =         0.0000  CMAP       =       138.8602
 1-4 NB =       637.7343  1-4 EEL =      8684.1121  VDWAALS    =      9549.4644
 EELEC  =   -105498.6857  EHBOND  =         0.0000  RESTRAINT  =         0.0000
 ------------------------------------------------------------------------------

wrapping first mol.:       43.61733      -30.84210       53.42010
wrapping first mol.:       43.61733      -30.84210       53.42010
wrapping first mol.:       43.61733      -30.84210       53.42010
wrapping first mol.:       43.61733      -30.84210       53.42010
wrapping first mol.:       43.61733      -30.84210       53.42010
wrapping first mol.:       43.61733      -30.84210       53.42010
wrapping first mol.:       43.61733      -30.84210       53.42010
wrapping first mol.:       43.61733      -30.84210       53.42010
wrapping first mol.:       43.61733      -30.84210       53.42010
wrapping first mol.:       43.61733      -30.84210       53.42010
wrapping first mol.:       43.61733      -30.84210       53.42010

 NSTEP =  2500000   TIME(PS) =    5000.000  TEMP(K) =   300.51  PRESS =     0.0
 Etot   =    -70262.4335  EKtot   =     13512.2646  EPtot      =    -83774.6982
 BOND   =       571.4962  ANGLE   =      1371.8056  DIHED      =       916.3854
 UB     =         0.0000  IMP     =         0.0000  CMAP       =       139.5050
 1-4 NB =       611.5354  1-4 EEL =      8655.6686  VDWAALS    =      9427.1194
 EELEC  =   -105468.2137  EHBOND  =         0.0000  RESTRAINT  =         0.0000
 ------------------------------------------------------------------------------


      A V E R A G E S   O V E R      50 S T E P S


 NSTEP =  2500000   TIME(PS) =    5000.000  TEMP(K) =   299.35  PRESS =     0.0
 Etot   =    -70376.2560  EKtot   =     13460.1320  EPtot      =    -83836.3879
 BOND   =       521.6404  ANGLE   =      1413.5400  DIHED      =       919.8763
 UB     =         0.0000  IMP     =         0.0000  CMAP       =       134.8217
 1-4 NB =       623.6897  1-4 EEL =      8691.8577  VDWAALS    =      9540.3183
 EELEC  =   -105682.1320  EHBOND  =         0.0000  RESTRAINT  =         0.0000
 ------------------------------------------------------------------------------


      R M S  F L U C T U A T I O N S


 NSTEP =  2500000   TIME(PS) =    5000.000  TEMP(K) =     2.25  PRESS =     0.0
 Etot   =       204.4813  EKtot   =       101.2241  EPtot      =       158.0760
 BOND   =        19.7810  ANGLE   =        27.6835  DIHED      =        17.8708
 UB     =         0.0000  IMP     =         0.0000  CMAP       =         6.1086
 1-4 NB =         9.1877  1-4 EEL =        30.3006  VDWAALS    =       148.0201
 EELEC  =       253.2902  EHBOND  =         0.0000  RESTRAINT  =         0.0000
 ------------------------------------------------------------------------------

--------------------------------------------------------------------------------
   5.  TIMINGS
--------------------------------------------------------------------------------

|  NonSetup CPU Time in Major Routines:
|
|     Routine           Sec        %
|     ------------------------------
|     Nonbond         614.66   12.58
|     Bond              0.00    0.00
|     Angle             0.00    0.00
|     Dihedral          0.00    0.00
|     Shake            20.57    0.42
|     RunMD          4248.75   86.93
|     Other             3.50    0.07
|     ------------------------------
|     Total          4887.48

|  PME Nonbond Pairlist CPU Time:
|
|     Routine              Sec        %
|     ---------------------------------
|     Set Up Cit           0.00    0.00
|     Build List           0.00    0.00
|     ---------------------------------
|     Total                0.00    0.00

|  PME Direct Force CPU Time:
|
|     Routine              Sec        %
|     ---------------------------------
|     NonBonded Calc       0.00    0.00
|     Exclude Masked       0.00    0.00
|     Other                1.89    0.04
|     ---------------------------------
|     Total                1.89    0.04

|  PME Reciprocal Force CPU Time:
|
|     Routine              Sec        %
|     ---------------------------------
|     1D bspline           0.00    0.00
|     Grid Charges         0.00    0.00
|     Scalar Sum           0.00    0.00
|     Gradient Sum         0.00    0.00
|     FFT                  0.00    0.00
|     ---------------------------------
|     Total                0.00    0.00

|  Final Performance Info:
|     -----------------------------------------------------
|     Average timings for last       1 steps:
|     Elapsed(s) =       0.00 Per Step(ms) =       0.16
|         ns/day =    1074.03   seconds/ns =      80.44
|
|     Average timings for all steps:
|     Elapsed(s) =    4895.39 Per Step(ms) =       1.96
|         ns/day =      88.25   seconds/ns =     979.08
|     -----------------------------------------------------

|  Setup CPU time:            0.61 seconds
|  NonSetup CPU time:      4887.48 seconds
|  Total CPU time:         4888.09 seconds     1.36 hours

|  Setup wall time:           0    seconds
|  NonSetup wall time:     4896    seconds
|  Total wall time:        4896    seconds     1.36 hours
