
          -------------------------------------------------------
          Amber 18 PMEMD                              2018
          -------------------------------------------------------

| PMEMD implementation of SANDER, Release 18

| Run on 01/09/2021 at 19:28:32

|   Executable path: pmemd.cuda
| Working directory: /home/almacen/pbarletta/dynein/run/5vky/4_pdt
|          Hostname: Unknown
  [-O]verwriting output

File Assignments:
|   MDIN: pre_pdt.in                                                            
|  MDOUT: 0pdt.out                                                              
| INPCRD: 4_5vky.rst7                                                           
|   PARM: /home/almacen/pbarletta/dynein/top_files/5vky.prmtop                  
| RESTRT: 0p4_5vky.rst7                                                         
|   REFC: refc                                                                  
|  MDVEL: mdvel                                                                 
|   MDEN: mden                                                                  
|  MDCRD: 0p4_5vky.nc                                                           
| MDINFO: mdinfo                                                                
|  MDFRC: mdfrc                                                                 


 Here is the input file:

Production run                                                                 
&cntrl                                                                         
imin = 0,                           ! No Minimization                          
nmropt = 0,                         ! No NMR restraints read                   
                                                                               
! Nature and format of the input                                               
ntx = 5,                            ! Coordinates and velocities will be read  
irest = 1,                          ! Do not run a new simulation              
                                                                               
! Nature and format of the output                                              
ntxo = 1,                           ! rstrt file in ASCII format               
ntpr = 50000,                       ! inf in output every ntpr steps           
ntwr = 50000,                       ! rstrt file every ntwr steps              
ntwx = 5000,                        ! mdcrd file every ntwx steps              
ntwv = 0,                           ! mdvel without velocities                 
ntwe = 0,                           ! Energies and temperatures not written in 
idecomp = 0,                        ! No energy decomposition                  
iwrap = 1,                          ! Coordinates of the restart and mdcrd file
                                                                               
! Frozen or restrained atoms                                                   
ibelly = 0,                         ! No frozen atoms                          
ntr=0,                              ! Harmonic potential restraints            
                                                                               
! Molecular dynamics                                                           
nstlim = 2500000,                   ! Number of MD-steps                       
dt = 0.002,                         ! Time step                                
                                                                               
! Temperature regulation                                                       
ntt = 3,                            ! Langevin thermostat                      
gamma_ln = 2,                       ! Gamma constant for Langevin              
temp0 = 300.0,                      ! Reference T at which the system is to be 
tempi = 300.0,                      ! Initial T                                
ig = -1,                            ! Seed for the RNG                         
                                                                               
! P and V regulation                                                           
!barostat = 1,                      ! Berendsen barostat                       
!taup = 1,                          ! Pressure relaxation time                 
ntp = 0,                            ! constant V                               
ntb = 1,                            ! Periodic box for constant V              
                                                                               
! SHAKE variables                                                              
ntc = 2,                            ! Bonds involving H are constrained        
ntf = 2,                            ! Bond interaction involving H are ommited.
                                                                               
cut = 9.0,                          ! Nonbonded cutoff                         
/                                                                              
&end                                                                           


Note: ig = -1. Setting random seed to   873586 based on wallclock time in 
      microseconds.
| irandom = 1, using AMBER's internal random number generator (default).
 
|--------------------- INFORMATION ----------------------
| GPU (CUDA) Version of PMEMD in use: NVIDIA GPU IN USE.
|                    Version 18.0.0
| 
|                      03/25/2018
| 
| Implementation by:
|                    Ross C. Walker     (SDSC)
|                    Scott Le Grand     (nVIDIA)
| 
| Version 18 performance extensions by:
|                    David Cerutti     (Rutgers)
| 
| Precision model in use:
|      [SPFP] - Single Precision Forces, 64-bit Fixed Point
|               Accumulation. (Default)
| 
|--------------------------------------------------------
 
|----------------- CITATION INFORMATION -----------------
|
|    When publishing work that utilized the CUDA version
|    of AMBER, please cite the following in addition to
|    the regular AMBER citations:
|
|  - Romelia Salomon-Ferrer; Andreas W. Goetz; Duncan
|    Poole; Scott Le Grand; Ross C. Walker "Routine
|    microsecond molecular dynamics simulations with
|    AMBER - Part II: Particle Mesh Ewald", J. Chem.
|    Theory Comput., 2013, 9 (9), pp3878-3888,
|    DOI: 10.1021/ct400314y.
|
|  - Andreas W. Goetz; Mark J. Williamson; Dong Xu;
|    Duncan Poole; Scott Le Grand; Ross C. Walker
|    "Routine microsecond molecular dynamics simulations
|    with AMBER - Part I: Generalized Born", J. Chem.
|    Theory Comput., 2012, 8 (5), pp1542-1555.
|
|  - Scott Le Grand; Andreas W. Goetz; Ross C. Walker
|    "SPFP: Speed without compromise - a mixed precision
|    model for GPU accelerated molecular dynamics
|    simulations.", Comp. Phys. Comm., 2013, 184
|    pp374-380, DOI: 10.1016/j.cpc.2012.09.022
|
|--------------------------------------------------------
 
|------------------- GPU DEVICE INFO --------------------
|
|            CUDA_VISIBLE_DEVICES: 0
|   CUDA Capable Devices Detected:      1
|           CUDA Device ID in use:      0
|                CUDA Device Name: GeForce GTX 1080 Ti
|     CUDA Device Global Mem Size:  11178 MB
| CUDA Device Num Multiprocessors:     28
|           CUDA Device Core Freq:   1.72 GHz
|
|--------------------------------------------------------
 
 
| Conditional Compilation Defines Used:
| PUBFFT
| BINTRAJ
| CUDA
| EMIL

| Largest sphere to fit in unit cell has radius =    28.743

| New format PARM file being parsed.
| Version =    1.000 Date = 09/22/20 Time = 13:48:22

| Note: 1-4 EEL scale factors are being read from the topology file.

| Note: 1-4 VDW scale factors are being read from the topology file.
| Duplicated    0 dihedrals

| Duplicated    0 dihedrals

--------------------------------------------------------------------------------
   1.  RESOURCE   USE: 
--------------------------------------------------------------------------------

 getting new box info from bottom of inpcrd
 NATOM  =   35094 NTYPES =      19 NBONH =   25406 MBONA  =    9706
 NTHETH =    4174 MTHETA =    2496 NPHIH =    8340 MPHIA  =    8026
 NHPARM =       0 NPARM  =       0 NNB   =   75254 NRES   =    8094
 NBONA  =    9706 NTHETA =    2496 NPHIA =    8026 NUMBND =      71
 NUMANG =     162 NPTRA  =     183 NATYP =      37 NPHB   =       1
 IFBOX  =       2 NMXRS  =      24 IFCAP =       0 NEXTRA =    7860
 NCOPY  =       0


| Coordinate Index Table dimensions:    12   12   12
| Direct force subcell size =     5.8671    5.8671    5.8671

     BOX TYPE: TRUNCATED OCTAHEDRON

--------------------------------------------------------------------------------
   2.  CONTROL  DATA  FOR  THE  RUN
--------------------------------------------------------------------------------

default_name                                                                    

General flags:
     imin    =       0, nmropt  =       0

Nature and format of input:
     ntx     =       5, irest   =       1, ntrx    =       1

Nature and format of output:
     ntxo    =       1, ntpr    =   50000, ntrx    =       1, ntwr    =   50000
     iwrap   =       1, ntwx    =    5000, ntwv    =       0, ntwe    =       0
     ioutfm  =       1, ntwprt  =       0, idecomp =       0, rbornstat=      0

Potential function:
     ntf     =       2, ntb     =       1, igb     =       0, nsnb    =      25
     ipol    =       0, gbsa    =       0, iesp    =       0
     dielc   =   1.00000, cut     =   9.00000, intdiel =   1.00000

Frozen or restrained atoms:
     ibelly  =       0, ntr     =       0

Molecular dynamics:
     nstlim  =   2500000, nscm    =      1000, nrespa  =         1
     t       =   0.00000, dt      =   0.00200, vlimit  =  -1.00000

Langevin dynamics temperature regulation:
     ig      =  873586
     temp0   = 300.00000, tempi   = 300.00000, gamma_ln=   2.00000

SHAKE:
     ntc     =       2, jfastw  =       0
     tol     =   0.00001

| Intermolecular bonds treatment:
|     no_intermolecular_bonds =       1

| Energy averages sample interval:
|     ene_avg_sampling =   50000

Extra-points options:
     frameon =       1, chngmask=       1

Ewald parameters:
     verbose =       0, ew_type =       0, nbflag  =       1, use_pme =       1
     vdwmeth =       1, eedmeth =       1, netfrc  =       1
     Box X =   70.405   Box Y =   70.405   Box Z =   70.405
     Alpha =  109.471   Beta  =  109.471   Gamma =  109.471
     NFFT1 =   72       NFFT2 =   72       NFFT3 =   72
     Cutoff=    9.000   Tol   =0.100E-04
     Ewald Coefficient =  0.30768
     Interpolation order =    4
|      EXTRA_PTS, trim_bonds: num bonds BEFORE trim = 25406     0
|      EXTRA_PTS, trim_bonds: num bonds AFTER  trim = 25406     0
|      EXTRA_PTS, trim_bonds: num bonds BEFORE trim =  9706     0
|      EXTRA_PTS, trim_bonds: num bonds AFTER  trim =  1846     0
|      EXTRA_PTS, trim_theta: num angle BEFORE trim =  4174     0
|      EXTRA_PTS, trim_theta: num angle AFTER  trim =  4174     0
|      EXTRA_PTS, trim_theta: num angle BEFORE trim =  2496     0
|      EXTRA_PTS, trim_theta: num angle AFTER  trim =  2496     0
|      EXTRA_PTS, trim_phi:  num diheds BEFORE trim =  8340     0
|      EXTRA_PTS, trim_phi:  num diheds AFTER  trim =  8340     0
|      EXTRA_PTS, trim_phi:  num diheds BEFORE trim =  8026     0
|      EXTRA_PTS, trim_phi:  num diheds AFTER  trim =  8026     0

--------------------------------------------------------------------------------
   3.  ATOMIC COORDINATES AND VELOCITIES
--------------------------------------------------------------------------------

Cpptraj Generated Restart                                                       
 begin time read from input coords =     0.000 ps

 
 Number of triangulated 3-point waters found:     7860

     Sum of charges from parm topology file =   0.00004304
     Forcing neutrality...

| Dynamic Memory, Types Used:
| Reals             1093682
| Integers          2546454

| Nonbonded Pairs Initial Allocation:     8001432

| GPU memory information (estimate):
| KB of GPU memory in use:         0
| KB of CPU memory in use:         0

--------------------------------------------------------------------------------
   4.  RESULTS
--------------------------------------------------------------------------------

wrapping first mol.:      -46.93655       33.18916       57.48530
wrapping first mol.:      -46.93655       33.18916       57.48530
wrapping first mol.:      -46.93655       33.18916       57.48530
wrapping first mol.:      -46.93655       33.18916       57.48530
wrapping first mol.:      -46.93655       33.18916       57.48530
wrapping first mol.:      -46.93655       33.18916       57.48530
wrapping first mol.:      -46.93655       33.18916       57.48530
wrapping first mol.:      -46.93655       33.18916       57.48530
wrapping first mol.:      -46.93655       33.18916       57.48530
wrapping first mol.:      -46.93655       33.18916       57.48530
wrapping first mol.:      -46.93655       33.18916       57.48530

 NSTEP =    50000   TIME(PS) =     100.000  TEMP(K) =   300.04  PRESS =     0.0
 Etot   =    -88349.2144  EKtot   =     16782.9199  EPtot      =   -105132.1343
 BOND   =       682.6905  ANGLE   =      1814.3982  DIHED      =      1343.9648
 UB     =         0.0000  IMP     =         0.0000  CMAP       =       179.7095
 1-4 NB =       816.0160  1-4 EEL =     11417.5699  VDWAALS    =     11429.4028
 EELEC  =   -132815.8860  EHBOND  =         0.0000  RESTRAINT  =         0.0000
 ------------------------------------------------------------------------------

wrapping first mol.:      -46.93655       33.18916       57.48530
wrapping first mol.:      -46.93655       33.18916       57.48530
wrapping first mol.:      -46.93655       33.18916       57.48530
wrapping first mol.:      -46.93655       33.18916       57.48530
wrapping first mol.:      -46.93655       33.18916       57.48530
wrapping first mol.:      -46.93655       33.18916       57.48530
wrapping first mol.:      -46.93655       33.18916       57.48530
wrapping first mol.:      -46.93655       33.18916       57.48530
wrapping first mol.:      -46.93655       33.18916       57.48530
wrapping first mol.:      -46.93655       33.18916       57.48530
wrapping first mol.:      -46.93655       33.18916       57.48530

 NSTEP =   100000   TIME(PS) =     200.000  TEMP(K) =   301.87  PRESS =     0.0
 Etot   =    -88460.2830  EKtot   =     16885.2852  EPtot      =   -105345.5682
 BOND   =       682.0997  ANGLE   =      1827.1634  DIHED      =      1287.9648
 UB     =         0.0000  IMP     =         0.0000  CMAP       =       181.9221
 1-4 NB =       821.4028  1-4 EEL =     11306.8606  VDWAALS    =     11918.3494
 EELEC  =   -133371.3309  EHBOND  =         0.0000  RESTRAINT  =         0.0000
 ------------------------------------------------------------------------------

wrapping first mol.:      -46.93655       33.18916       57.48530
wrapping first mol.:      -46.93655       33.18916       57.48530
wrapping first mol.:      -46.93655       33.18916       57.48530
wrapping first mol.:      -46.93655       33.18916       57.48530
wrapping first mol.:      -46.93655       33.18916       57.48530
wrapping first mol.:      -46.93655       33.18916       57.48530
wrapping first mol.:      -46.93655       33.18916       57.48530
wrapping first mol.:      -46.93655       33.18916       57.48530
wrapping first mol.:      -46.93655       33.18916       57.48530
wrapping first mol.:      -46.93655       33.18916       57.48530
wrapping first mol.:      -46.93655       33.18916       57.48530

 NSTEP =   150000   TIME(PS) =     300.000  TEMP(K) =   298.46  PRESS =     0.0
 Etot   =    -88524.3585  EKtot   =     16694.2480  EPtot      =   -105218.6066
 BOND   =       651.9417  ANGLE   =      1884.4434  DIHED      =      1314.1581
 UB     =         0.0000  IMP     =         0.0000  CMAP       =       177.0762
 1-4 NB =       828.4907  1-4 EEL =     11392.8902  VDWAALS    =     11666.0373
 EELEC  =   -133133.6441  EHBOND  =         0.0000  RESTRAINT  =         0.0000
 ------------------------------------------------------------------------------

wrapping first mol.:      -46.93655       33.18916       57.48530
wrapping first mol.:      -46.93655       33.18916       57.48530
wrapping first mol.:      -46.93655       33.18916       57.48530
wrapping first mol.:      -46.93655       33.18916       57.48530
wrapping first mol.:      -46.93655       33.18916       57.48530
wrapping first mol.:      -46.93655       33.18916       57.48530
wrapping first mol.:      -46.93655       33.18916       57.48530
wrapping first mol.:      -46.93655       33.18916       57.48530
wrapping first mol.:      -46.93655       33.18916       57.48530
wrapping first mol.:      -46.93655       33.18916       57.48530
wrapping first mol.:      -46.93655       33.18916       57.48530

 NSTEP =   200000   TIME(PS) =     400.000  TEMP(K) =   298.23  PRESS =     0.0
 Etot   =    -88794.2922  EKtot   =     16681.4297  EPtot      =   -105475.7219
 BOND   =       643.3316  ANGLE   =      1818.7483  DIHED      =      1327.4421
 UB     =         0.0000  IMP     =         0.0000  CMAP       =       193.5543
 1-4 NB =       825.9152  1-4 EEL =     11349.8791  VDWAALS    =     11887.5498
 EELEC  =   -133522.1424  EHBOND  =         0.0000  RESTRAINT  =         0.0000
 ------------------------------------------------------------------------------

wrapping first mol.:      -46.93655       33.18916       57.48530
wrapping first mol.:      -46.93655       33.18916       57.48530
wrapping first mol.:      -46.93655       33.18916       57.48530
wrapping first mol.:      -46.93655       33.18916       57.48530
wrapping first mol.:      -46.93655       33.18916       57.48530
wrapping first mol.:      -46.93655       33.18916       57.48530
wrapping first mol.:      -46.93655       33.18916       57.48530
wrapping first mol.:      -46.93655       33.18916       57.48530
wrapping first mol.:      -46.93655       33.18916       57.48530
wrapping first mol.:      -46.93655       33.18916       57.48530
wrapping first mol.:      -46.93655       33.18916       57.48530

 NSTEP =   250000   TIME(PS) =     500.000  TEMP(K) =   303.01  PRESS =     0.0
 Etot   =    -88407.3804  EKtot   =     16948.9961  EPtot      =   -105356.3765
 BOND   =       670.8797  ANGLE   =      1787.5230  DIHED      =      1345.5831
 UB     =         0.0000  IMP     =         0.0000  CMAP       =       179.1444
 1-4 NB =       815.0188  1-4 EEL =     11388.4173  VDWAALS    =     11589.3768
 EELEC  =   -133132.3196  EHBOND  =         0.0000  RESTRAINT  =         0.0000
 ------------------------------------------------------------------------------

wrapping first mol.:      -46.93655       33.18916       57.48530
wrapping first mol.:      -46.93655       33.18916       57.48530
wrapping first mol.:      -46.93655       33.18916       57.48530
wrapping first mol.:      -46.93655       33.18916       57.48530
wrapping first mol.:      -46.93655       33.18916       57.48530
wrapping first mol.:      -46.93655       33.18916       57.48530
wrapping first mol.:      -46.93655       33.18916       57.48530
wrapping first mol.:      -46.93655       33.18916       57.48530
wrapping first mol.:      -46.93655       33.18916       57.48530
wrapping first mol.:      -46.93655       33.18916       57.48530
wrapping first mol.:      -46.93655       33.18916       57.48530

 NSTEP =   300000   TIME(PS) =     600.000  TEMP(K) =   300.98  PRESS =     0.0
 Etot   =    -88709.6304  EKtot   =     16835.2480  EPtot      =   -105544.8785
 BOND   =       698.4364  ANGLE   =      1828.2931  DIHED      =      1297.1544
 UB     =         0.0000  IMP     =         0.0000  CMAP       =       176.2783
 1-4 NB =       809.4271  1-4 EEL =     11319.7261  VDWAALS    =     11753.3206
 EELEC  =   -133427.5146  EHBOND  =         0.0000  RESTRAINT  =         0.0000
 ------------------------------------------------------------------------------

wrapping first mol.:      -46.93655       33.18916       57.48530
wrapping first mol.:      -46.93655       33.18916       57.48530
wrapping first mol.:      -46.93655       33.18916       57.48530
wrapping first mol.:      -46.93655       33.18916       57.48530
wrapping first mol.:      -46.93655       33.18916       57.48530
wrapping first mol.:      -46.93655       33.18916       57.48530
wrapping first mol.:      -46.93655       33.18916       57.48530
wrapping first mol.:      -46.93655       33.18916       57.48530
wrapping first mol.:      -46.93655       33.18916       57.48530
wrapping first mol.:      -46.93655       33.18916       57.48530
wrapping first mol.:      -46.93655       33.18916       57.48530

 NSTEP =   350000   TIME(PS) =     700.000  TEMP(K) =   302.75  PRESS =     0.0
 Etot   =    -88332.8463  EKtot   =     16934.4688  EPtot      =   -105267.3150
 BOND   =       690.2769  ANGLE   =      1740.4838  DIHED      =      1338.4876
 UB     =         0.0000  IMP     =         0.0000  CMAP       =       190.7939
 1-4 NB =       830.4525  1-4 EEL =     11436.2505  VDWAALS    =     11705.4275
 EELEC  =   -133199.4877  EHBOND  =         0.0000  RESTRAINT  =         0.0000
 ------------------------------------------------------------------------------

wrapping first mol.:      -46.93655       33.18916       57.48530
wrapping first mol.:      -46.93655       33.18916       57.48530
wrapping first mol.:      -46.93655       33.18916       57.48530
wrapping first mol.:      -46.93655       33.18916       57.48530
wrapping first mol.:      -46.93655       33.18916       57.48530
wrapping first mol.:      -46.93655       33.18916       57.48530
wrapping first mol.:      -46.93655       33.18916       57.48530
wrapping first mol.:      -46.93655       33.18916       57.48530
wrapping first mol.:      -46.93655       33.18916       57.48530
wrapping first mol.:      -46.93655       33.18916       57.48530
wrapping first mol.:      -46.93655       33.18916       57.48530

 NSTEP =   400000   TIME(PS) =     800.000  TEMP(K) =   300.21  PRESS =     0.0
 Etot   =    -88768.7056  EKtot   =     16792.2949  EPtot      =   -105561.0006
 BOND   =       618.0761  ANGLE   =      1877.1112  DIHED      =      1339.3404
 UB     =         0.0000  IMP     =         0.0000  CMAP       =       172.3124
 1-4 NB =       848.4013  1-4 EEL =     11356.4151  VDWAALS    =     11678.8426
 EELEC  =   -133451.4997  EHBOND  =         0.0000  RESTRAINT  =         0.0000
 ------------------------------------------------------------------------------

wrapping first mol.:      -46.93655       33.18916       57.48530
wrapping first mol.:      -46.93655       33.18916       57.48530
wrapping first mol.:      -46.93655       33.18916       57.48530
wrapping first mol.:      -46.93655       33.18916       57.48530
wrapping first mol.:      -46.93655       33.18916       57.48530
wrapping first mol.:      -46.93655       33.18916       57.48530
wrapping first mol.:      -46.93655       33.18916       57.48530
wrapping first mol.:      -46.93655       33.18916       57.48530
wrapping first mol.:      -46.93655       33.18916       57.48530
wrapping first mol.:      -46.93655       33.18916       57.48530
wrapping first mol.:      -46.93655       33.18916       57.48530

 NSTEP =   450000   TIME(PS) =     900.000  TEMP(K) =   298.50  PRESS =     0.0
 Etot   =    -88724.8210  EKtot   =     16696.5332  EPtot      =   -105421.3542
 BOND   =       677.1606  ANGLE   =      1829.9918  DIHED      =      1333.3092
 UB     =         0.0000  IMP     =         0.0000  CMAP       =       174.6516
 1-4 NB =       838.5628  1-4 EEL =     11337.2095  VDWAALS    =     11600.6948
 EELEC  =   -133212.9344  EHBOND  =         0.0000  RESTRAINT  =         0.0000
 ------------------------------------------------------------------------------

wrapping first mol.:      -46.93655       33.18916       57.48530
wrapping first mol.:      -46.93655       33.18916       57.48530
wrapping first mol.:      -46.93655       33.18916       57.48530
wrapping first mol.:      -46.93655       33.18916       57.48530
wrapping first mol.:      -46.93655       33.18916       57.48530
wrapping first mol.:      -46.93655       33.18916       57.48530
wrapping first mol.:      -46.93655       33.18916       57.48530
wrapping first mol.:      -46.93655       33.18916       57.48530
wrapping first mol.:      -46.93655       33.18916       57.48530
wrapping first mol.:      -46.93655       33.18916       57.48530
wrapping first mol.:      -46.93655       33.18916       57.48530

 NSTEP =   500000   TIME(PS) =    1000.000  TEMP(K) =   300.94  PRESS =     0.0
 Etot   =    -88684.1850  EKtot   =     16833.2695  EPtot      =   -105517.4545
 BOND   =       641.1549  ANGLE   =      1852.4546  DIHED      =      1349.5523
 UB     =         0.0000  IMP     =         0.0000  CMAP       =       176.3342
 1-4 NB =       817.8008  1-4 EEL =     11349.9808  VDWAALS    =     11867.2564
 EELEC  =   -133571.9886  EHBOND  =         0.0000  RESTRAINT  =         0.0000
 ------------------------------------------------------------------------------

wrapping first mol.:      -46.93655       33.18916       57.48530
wrapping first mol.:      -46.93655       33.18916       57.48530
wrapping first mol.:      -46.93655       33.18916       57.48530
wrapping first mol.:      -46.93655       33.18916       57.48530
wrapping first mol.:      -46.93655       33.18916       57.48530
wrapping first mol.:      -46.93655       33.18916       57.48530
wrapping first mol.:      -46.93655       33.18916       57.48530
wrapping first mol.:      -46.93655       33.18916       57.48530
wrapping first mol.:      -46.93655       33.18916       57.48530
wrapping first mol.:      -46.93655       33.18916       57.48530
wrapping first mol.:      -46.93655       33.18916       57.48530

 NSTEP =   550000   TIME(PS) =    1100.000  TEMP(K) =   301.59  PRESS =     0.0
 Etot   =    -88325.3913  EKtot   =     16869.6504  EPtot      =   -105195.0417
 BOND   =       681.1496  ANGLE   =      1865.3200  DIHED      =      1343.1854
 UB     =         0.0000  IMP     =         0.0000  CMAP       =       185.0814
 1-4 NB =       815.7251  1-4 EEL =     11345.0827  VDWAALS    =     11946.4765
 EELEC  =   -133377.0623  EHBOND  =         0.0000  RESTRAINT  =         0.0000
 ------------------------------------------------------------------------------

wrapping first mol.:      -46.93655       33.18916       57.48530
wrapping first mol.:      -46.93655       33.18916       57.48530
wrapping first mol.:      -46.93655       33.18916       57.48530
wrapping first mol.:      -46.93655       33.18916       57.48530
wrapping first mol.:      -46.93655       33.18916       57.48530
wrapping first mol.:      -46.93655       33.18916       57.48530
wrapping first mol.:      -46.93655       33.18916       57.48530
wrapping first mol.:      -46.93655       33.18916       57.48530
wrapping first mol.:      -46.93655       33.18916       57.48530
wrapping first mol.:      -46.93655       33.18916       57.48530
wrapping first mol.:      -46.93655       33.18916       57.48530

 NSTEP =   600000   TIME(PS) =    1200.000  TEMP(K) =   298.52  PRESS =     0.0
 Etot   =    -88721.1803  EKtot   =     16698.1309  EPtot      =   -105419.3112
 BOND   =       625.6178  ANGLE   =      1785.9014  DIHED      =      1329.6560
 UB     =         0.0000  IMP     =         0.0000  CMAP       =       168.9844
 1-4 NB =       832.0747  1-4 EEL =     11393.8567  VDWAALS    =     11925.8710
 EELEC  =   -133481.2732  EHBOND  =         0.0000  RESTRAINT  =         0.0000
 ------------------------------------------------------------------------------

wrapping first mol.:      -46.93655       33.18916       57.48530
wrapping first mol.:      -46.93655       33.18916       57.48530
wrapping first mol.:      -46.93655       33.18916       57.48530
wrapping first mol.:      -46.93655       33.18916       57.48530
wrapping first mol.:      -46.93655       33.18916       57.48530
wrapping first mol.:      -46.93655       33.18916       57.48530
wrapping first mol.:      -46.93655       33.18916       57.48530
wrapping first mol.:      -46.93655       33.18916       57.48530
wrapping first mol.:      -46.93655       33.18916       57.48530
wrapping first mol.:      -46.93655       33.18916       57.48530
wrapping first mol.:      -46.93655       33.18916       57.48530

 NSTEP =   650000   TIME(PS) =    1300.000  TEMP(K) =   295.89  PRESS =     0.0
 Etot   =    -88675.8855  EKtot   =     16551.0195  EPtot      =   -105226.9050
 BOND   =       667.1372  ANGLE   =      1860.9731  DIHED      =      1345.9429
 UB     =         0.0000  IMP     =         0.0000  CMAP       =       172.2754
 1-4 NB =       835.4984  1-4 EEL =     11404.2040  VDWAALS    =     11666.6095
 EELEC  =   -133179.5455  EHBOND  =         0.0000  RESTRAINT  =         0.0000
 ------------------------------------------------------------------------------

wrapping first mol.:      -46.93655       33.18916       57.48530
wrapping first mol.:      -46.93655       33.18916       57.48530
wrapping first mol.:      -46.93655       33.18916       57.48530
wrapping first mol.:      -46.93655       33.18916       57.48530
wrapping first mol.:      -46.93655       33.18916       57.48530
wrapping first mol.:      -46.93655       33.18916       57.48530
wrapping first mol.:      -46.93655       33.18916       57.48530
wrapping first mol.:      -46.93655       33.18916       57.48530
wrapping first mol.:      -46.93655       33.18916       57.48530
wrapping first mol.:      -46.93655       33.18916       57.48530
wrapping first mol.:      -46.93655       33.18916       57.48530

 NSTEP =   700000   TIME(PS) =    1400.000  TEMP(K) =   300.68  PRESS =     0.0
 Etot   =    -88644.4129  EKtot   =     16818.4805  EPtot      =   -105462.8933
 BOND   =       680.9545  ANGLE   =      1800.8430  DIHED      =      1341.7800
 UB     =         0.0000  IMP     =         0.0000  CMAP       =       172.3815
 1-4 NB =       832.7393  1-4 EEL =     11315.7748  VDWAALS    =     11777.5812
 EELEC  =   -133384.9477  EHBOND  =         0.0000  RESTRAINT  =         0.0000
 ------------------------------------------------------------------------------

wrapping first mol.:      -46.93655       33.18916       57.48530
wrapping first mol.:      -46.93655       33.18916       57.48530
wrapping first mol.:      -46.93655       33.18916       57.48530
wrapping first mol.:      -46.93655       33.18916       57.48530
wrapping first mol.:      -46.93655       33.18916       57.48530
wrapping first mol.:      -46.93655       33.18916       57.48530
wrapping first mol.:      -46.93655       33.18916       57.48530
wrapping first mol.:      -46.93655       33.18916       57.48530
wrapping first mol.:      -46.93655       33.18916       57.48530
wrapping first mol.:      -46.93655       33.18916       57.48530
wrapping first mol.:      -46.93655       33.18916       57.48530

 NSTEP =   750000   TIME(PS) =    1500.000  TEMP(K) =   301.16  PRESS =     0.0
 Etot   =    -88474.8424  EKtot   =     16845.7578  EPtot      =   -105320.6002
 BOND   =       662.4055  ANGLE   =      1838.3818  DIHED      =      1320.1621
 UB     =         0.0000  IMP     =         0.0000  CMAP       =       181.2400
 1-4 NB =       836.0956  1-4 EEL =     11355.0024  VDWAALS    =     11766.8670
 EELEC  =   -133280.7547  EHBOND  =         0.0000  RESTRAINT  =         0.0000
 ------------------------------------------------------------------------------

wrapping first mol.:      -46.93655       33.18916       57.48530
wrapping first mol.:      -46.93655       33.18916       57.48530
wrapping first mol.:      -46.93655       33.18916       57.48530
wrapping first mol.:      -46.93655       33.18916       57.48530
wrapping first mol.:      -46.93655       33.18916       57.48530
wrapping first mol.:      -46.93655       33.18916       57.48530
wrapping first mol.:      -46.93655       33.18916       57.48530
wrapping first mol.:      -46.93655       33.18916       57.48530
wrapping first mol.:      -46.93655       33.18916       57.48530
wrapping first mol.:      -46.93655       33.18916       57.48530
wrapping first mol.:      -46.93655       33.18916       57.48530

 NSTEP =   800000   TIME(PS) =    1600.000  TEMP(K) =   300.13  PRESS =     0.0
 Etot   =    -88433.1959  EKtot   =     16788.1289  EPtot      =   -105221.3248
 BOND   =       687.9823  ANGLE   =      1810.6869  DIHED      =      1318.5505
 UB     =         0.0000  IMP     =         0.0000  CMAP       =       172.6479
 1-4 NB =       813.0268  1-4 EEL =     11311.3595  VDWAALS    =     11894.9577
 EELEC  =   -133230.5365  EHBOND  =         0.0000  RESTRAINT  =         0.0000
 ------------------------------------------------------------------------------

wrapping first mol.:      -46.93655       33.18916       57.48530
wrapping first mol.:      -46.93655       33.18916       57.48530
wrapping first mol.:      -46.93655       33.18916       57.48530
wrapping first mol.:      -46.93655       33.18916       57.48530
wrapping first mol.:      -46.93655       33.18916       57.48530
wrapping first mol.:      -46.93655       33.18916       57.48530
wrapping first mol.:      -46.93655       33.18916       57.48530
wrapping first mol.:      -46.93655       33.18916       57.48530
wrapping first mol.:      -46.93655       33.18916       57.48530
wrapping first mol.:      -46.93655       33.18916       57.48530
wrapping first mol.:      -46.93655       33.18916       57.48530

 NSTEP =   850000   TIME(PS) =    1700.000  TEMP(K) =   298.55  PRESS =     0.0
 Etot   =    -88803.4875  EKtot   =     16699.3516  EPtot      =   -105502.8391
 BOND   =       671.4209  ANGLE   =      1801.6684  DIHED      =      1318.1372
 UB     =         0.0000  IMP     =         0.0000  CMAP       =       170.2425
 1-4 NB =       821.1061  1-4 EEL =     11374.0205  VDWAALS    =     12055.2533
 EELEC  =   -133714.6880  EHBOND  =         0.0000  RESTRAINT  =         0.0000
 ------------------------------------------------------------------------------

wrapping first mol.:      -46.93655       33.18916       57.48530
wrapping first mol.:      -46.93655       33.18916       57.48530
wrapping first mol.:      -46.93655       33.18916       57.48530
wrapping first mol.:      -46.93655       33.18916       57.48530
wrapping first mol.:      -46.93655       33.18916       57.48530
wrapping first mol.:      -46.93655       33.18916       57.48530
wrapping first mol.:      -46.93655       33.18916       57.48530
wrapping first mol.:      -46.93655       33.18916       57.48530
wrapping first mol.:      -46.93655       33.18916       57.48530
wrapping first mol.:      -46.93655       33.18916       57.48530
wrapping first mol.:      -46.93655       33.18916       57.48530

 NSTEP =   900000   TIME(PS) =    1800.000  TEMP(K) =   303.01  PRESS =     0.0
 Etot   =    -88556.9602  EKtot   =     16948.8438  EPtot      =   -105505.8039
 BOND   =       651.8445  ANGLE   =      1837.1381  DIHED      =      1345.6597
 UB     =         0.0000  IMP     =         0.0000  CMAP       =       170.1076
 1-4 NB =       833.1060  1-4 EEL =     11363.4890  VDWAALS    =     11905.8006
 EELEC  =   -133612.9494  EHBOND  =         0.0000  RESTRAINT  =         0.0000
 ------------------------------------------------------------------------------

wrapping first mol.:      -46.93655       33.18916       57.48530
wrapping first mol.:      -46.93655       33.18916       57.48530
wrapping first mol.:      -46.93655       33.18916       57.48530
wrapping first mol.:      -46.93655       33.18916       57.48530
wrapping first mol.:      -46.93655       33.18916       57.48530
wrapping first mol.:      -46.93655       33.18916       57.48530
wrapping first mol.:      -46.93655       33.18916       57.48530
wrapping first mol.:      -46.93655       33.18916       57.48530
wrapping first mol.:      -46.93655       33.18916       57.48530
wrapping first mol.:      -46.93655       33.18916       57.48530
wrapping first mol.:      -46.93655       33.18916       57.48530

 NSTEP =   950000   TIME(PS) =    1900.000  TEMP(K) =   298.06  PRESS =     0.0
 Etot   =    -88430.0794  EKtot   =     16672.1914  EPtot      =   -105102.2708
 BOND   =       705.0817  ANGLE   =      1840.7629  DIHED      =      1310.7916
 UB     =         0.0000  IMP     =         0.0000  CMAP       =       176.6198
 1-4 NB =       810.5937  1-4 EEL =     11327.9906  VDWAALS    =     11441.3935
 EELEC  =   -132715.5044  EHBOND  =         0.0000  RESTRAINT  =         0.0000
 ------------------------------------------------------------------------------

wrapping first mol.:      -46.93655       33.18916       57.48530
wrapping first mol.:      -46.93655       33.18916       57.48530
wrapping first mol.:      -46.93655       33.18916       57.48530
wrapping first mol.:      -46.93655       33.18916       57.48530
wrapping first mol.:      -46.93655       33.18916       57.48530
wrapping first mol.:      -46.93655       33.18916       57.48530
wrapping first mol.:      -46.93655       33.18916       57.48530
wrapping first mol.:      -46.93655       33.18916       57.48530
wrapping first mol.:      -46.93655       33.18916       57.48530
wrapping first mol.:      -46.93655       33.18916       57.48530
wrapping first mol.:      -46.93655       33.18916       57.48530

 NSTEP =  1000000   TIME(PS) =    2000.000  TEMP(K) =   300.04  PRESS =     0.0
 Etot   =    -88772.4581  EKtot   =     16782.9531  EPtot      =   -105555.4113
 BOND   =       673.3586  ANGLE   =      1854.2555  DIHED      =      1325.9771
 UB     =         0.0000  IMP     =         0.0000  CMAP       =       179.8098
 1-4 NB =       817.8239  1-4 EEL =     11319.1915  VDWAALS    =     12039.8635
 EELEC  =   -133765.6911  EHBOND  =         0.0000  RESTRAINT  =         0.0000
 ------------------------------------------------------------------------------

wrapping first mol.:      -46.93655       33.18916       57.48530
wrapping first mol.:      -46.93655       33.18916       57.48530
wrapping first mol.:      -46.93655       33.18916       57.48530
wrapping first mol.:      -46.93655       33.18916       57.48530
wrapping first mol.:      -46.93655       33.18916       57.48530
wrapping first mol.:      -46.93655       33.18916       57.48530
wrapping first mol.:      -46.93655       33.18916       57.48530
wrapping first mol.:      -46.93655       33.18916       57.48530
wrapping first mol.:      -46.93655       33.18916       57.48530
wrapping first mol.:      -46.93655       33.18916       57.48530
wrapping first mol.:      -46.93655       33.18916       57.48530

 NSTEP =  1050000   TIME(PS) =    2100.000  TEMP(K) =   298.75  PRESS =     0.0
 Etot   =    -88738.6736  EKtot   =     16710.8203  EPtot      =   -105449.4940
 BOND   =       646.9442  ANGLE   =      1844.5520  DIHED      =      1352.7434
 UB     =         0.0000  IMP     =         0.0000  CMAP       =       172.5359
 1-4 NB =       827.5383  1-4 EEL =     11362.8147  VDWAALS    =     11734.2471
 EELEC  =   -133390.8694  EHBOND  =         0.0000  RESTRAINT  =         0.0000
 ------------------------------------------------------------------------------

wrapping first mol.:      -46.93655       33.18916       57.48530
wrapping first mol.:      -46.93655       33.18916       57.48530
wrapping first mol.:      -46.93655       33.18916       57.48530
wrapping first mol.:      -46.93655       33.18916       57.48530
wrapping first mol.:      -46.93655       33.18916       57.48530
wrapping first mol.:      -46.93655       33.18916       57.48530
wrapping first mol.:      -46.93655       33.18916       57.48530
wrapping first mol.:      -46.93655       33.18916       57.48530
wrapping first mol.:      -46.93655       33.18916       57.48530
wrapping first mol.:      -46.93655       33.18916       57.48530
wrapping first mol.:      -46.93655       33.18916       57.48530

 NSTEP =  1100000   TIME(PS) =    2200.000  TEMP(K) =   302.71  PRESS =     0.0
 Etot   =    -88617.9019  EKtot   =     16932.2148  EPtot      =   -105550.1167
 BOND   =       682.0307  ANGLE   =      1838.8407  DIHED      =      1352.4048
 UB     =         0.0000  IMP     =         0.0000  CMAP       =       170.7508
 1-4 NB =       825.0719  1-4 EEL =     11374.7637  VDWAALS    =     11892.2066
 EELEC  =   -133686.1859  EHBOND  =         0.0000  RESTRAINT  =         0.0000
 ------------------------------------------------------------------------------

wrapping first mol.:      -46.93655       33.18916       57.48530
wrapping first mol.:      -46.93655       33.18916       57.48530
wrapping first mol.:      -46.93655       33.18916       57.48530
wrapping first mol.:      -46.93655       33.18916       57.48530
wrapping first mol.:      -46.93655       33.18916       57.48530
wrapping first mol.:      -46.93655       33.18916       57.48530
wrapping first mol.:      -46.93655       33.18916       57.48530
wrapping first mol.:      -46.93655       33.18916       57.48530
wrapping first mol.:      -46.93655       33.18916       57.48530
wrapping first mol.:      -46.93655       33.18916       57.48530
wrapping first mol.:      -46.93655       33.18916       57.48530

 NSTEP =  1150000   TIME(PS) =    2300.000  TEMP(K) =   301.20  PRESS =     0.0
 Etot   =    -88497.6151  EKtot   =     16847.7695  EPtot      =   -105345.3846
 BOND   =       711.8224  ANGLE   =      1802.7718  DIHED      =      1299.1001
 UB     =         0.0000  IMP     =         0.0000  CMAP       =       181.4391
 1-4 NB =       817.7346  1-4 EEL =     11376.4502  VDWAALS    =     11624.1425
 EELEC  =   -133158.8453  EHBOND  =         0.0000  RESTRAINT  =         0.0000
 ------------------------------------------------------------------------------

wrapping first mol.:      -46.93655       33.18916       57.48530
wrapping first mol.:      -46.93655       33.18916       57.48530
wrapping first mol.:      -46.93655       33.18916       57.48530
wrapping first mol.:      -46.93655       33.18916       57.48530
wrapping first mol.:      -46.93655       33.18916       57.48530
wrapping first mol.:      -46.93655       33.18916       57.48530
wrapping first mol.:      -46.93655       33.18916       57.48530
wrapping first mol.:      -46.93655       33.18916       57.48530
wrapping first mol.:      -46.93655       33.18916       57.48530
wrapping first mol.:      -46.93655       33.18916       57.48530
wrapping first mol.:      -46.93655       33.18916       57.48530

 NSTEP =  1200000   TIME(PS) =    2400.000  TEMP(K) =   299.72  PRESS =     0.0
 Etot   =    -88792.0371  EKtot   =     16765.0566  EPtot      =   -105557.0937
 BOND   =       666.5306  ANGLE   =      1812.2428  DIHED      =      1333.8948
 UB     =         0.0000  IMP     =         0.0000  CMAP       =       174.2893
 1-4 NB =       831.3522  1-4 EEL =     11327.6208  VDWAALS    =     11663.3556
 EELEC  =   -133366.3799  EHBOND  =         0.0000  RESTRAINT  =         0.0000
 ------------------------------------------------------------------------------

wrapping first mol.:      -46.93655       33.18916       57.48530
wrapping first mol.:      -46.93655       33.18916       57.48530
wrapping first mol.:      -46.93655       33.18916       57.48530
wrapping first mol.:      -46.93655       33.18916       57.48530
wrapping first mol.:      -46.93655       33.18916       57.48530
wrapping first mol.:      -46.93655       33.18916       57.48530
wrapping first mol.:      -46.93655       33.18916       57.48530
wrapping first mol.:      -46.93655       33.18916       57.48530
wrapping first mol.:      -46.93655       33.18916       57.48530
wrapping first mol.:      -46.93655       33.18916       57.48530
wrapping first mol.:      -46.93655       33.18916       57.48530

 NSTEP =  1250000   TIME(PS) =    2500.000  TEMP(K) =   298.25  PRESS =     0.0
 Etot   =    -88442.4218  EKtot   =     16682.5957  EPtot      =   -105125.0175
 BOND   =       699.7513  ANGLE   =      1781.1667  DIHED      =      1321.8496
 UB     =         0.0000  IMP     =         0.0000  CMAP       =       178.0918
 1-4 NB =       816.7499  1-4 EEL =     11429.6273  VDWAALS    =     11667.1079
 EELEC  =   -133019.3619  EHBOND  =         0.0000  RESTRAINT  =         0.0000
 ------------------------------------------------------------------------------

wrapping first mol.:      -46.93655       33.18916       57.48530
wrapping first mol.:      -46.93655       33.18916       57.48530
wrapping first mol.:      -46.93655       33.18916       57.48530
wrapping first mol.:      -46.93655       33.18916       57.48530
wrapping first mol.:      -46.93655       33.18916       57.48530
wrapping first mol.:      -46.93655       33.18916       57.48530
wrapping first mol.:      -46.93655       33.18916       57.48530
wrapping first mol.:      -46.93655       33.18916       57.48530
wrapping first mol.:      -46.93655       33.18916       57.48530
wrapping first mol.:      -46.93655       33.18916       57.48530
wrapping first mol.:      -46.93655       33.18916       57.48530

 NSTEP =  1300000   TIME(PS) =    2600.000  TEMP(K) =   300.41  PRESS =     0.0
 Etot   =    -88564.6723  EKtot   =     16803.7129  EPtot      =   -105368.3852
 BOND   =       675.5194  ANGLE   =      1796.5660  DIHED      =      1336.4461
 UB     =         0.0000  IMP     =         0.0000  CMAP       =       173.4449
 1-4 NB =       833.0326  1-4 EEL =     11392.1571  VDWAALS    =     11691.8633
 EELEC  =   -133267.4145  EHBOND  =         0.0000  RESTRAINT  =         0.0000
 ------------------------------------------------------------------------------

wrapping first mol.:      -46.93655       33.18916       57.48530
wrapping first mol.:      -46.93655       33.18916       57.48530
wrapping first mol.:      -46.93655       33.18916       57.48530
wrapping first mol.:      -46.93655       33.18916       57.48530
wrapping first mol.:      -46.93655       33.18916       57.48530
wrapping first mol.:      -46.93655       33.18916       57.48530
wrapping first mol.:      -46.93655       33.18916       57.48530
wrapping first mol.:      -46.93655       33.18916       57.48530
wrapping first mol.:      -46.93655       33.18916       57.48530
wrapping first mol.:      -46.93655       33.18916       57.48530
wrapping first mol.:      -46.93655       33.18916       57.48530

 NSTEP =  1350000   TIME(PS) =    2700.000  TEMP(K) =   299.01  PRESS =     0.0
 Etot   =    -88552.5178  EKtot   =     16725.1680  EPtot      =   -105277.6858
 BOND   =       669.1449  ANGLE   =      1911.6907  DIHED      =      1314.7787
 UB     =         0.0000  IMP     =         0.0000  CMAP       =       178.2210
 1-4 NB =       830.2752  1-4 EEL =     11323.8691  VDWAALS    =     11876.0750
 EELEC  =   -133381.7405  EHBOND  =         0.0000  RESTRAINT  =         0.0000
 ------------------------------------------------------------------------------

wrapping first mol.:      -46.93655       33.18916       57.48530
wrapping first mol.:      -46.93655       33.18916       57.48530
wrapping first mol.:      -46.93655       33.18916       57.48530
wrapping first mol.:      -46.93655       33.18916       57.48530
wrapping first mol.:      -46.93655       33.18916       57.48530
wrapping first mol.:      -46.93655       33.18916       57.48530
wrapping first mol.:      -46.93655       33.18916       57.48530
wrapping first mol.:      -46.93655       33.18916       57.48530
wrapping first mol.:      -46.93655       33.18916       57.48530
wrapping first mol.:      -46.93655       33.18916       57.48530
wrapping first mol.:      -46.93655       33.18916       57.48530

 NSTEP =  1400000   TIME(PS) =    2800.000  TEMP(K) =   299.70  PRESS =     0.0
 Etot   =    -88576.5815  EKtot   =     16763.8789  EPtot      =   -105340.4604
 BOND   =       645.2571  ANGLE   =      1777.4417  DIHED      =      1298.1540
 UB     =         0.0000  IMP     =         0.0000  CMAP       =       180.1530
 1-4 NB =       825.4843  1-4 EEL =     11349.5751  VDWAALS    =     11818.0375
 EELEC  =   -133234.5632  EHBOND  =         0.0000  RESTRAINT  =         0.0000
 ------------------------------------------------------------------------------

wrapping first mol.:      -46.93655       33.18916       57.48530
wrapping first mol.:      -46.93655       33.18916       57.48530
wrapping first mol.:      -46.93655       33.18916       57.48530
wrapping first mol.:      -46.93655       33.18916       57.48530
wrapping first mol.:      -46.93655       33.18916       57.48530
wrapping first mol.:      -46.93655       33.18916       57.48530
wrapping first mol.:      -46.93655       33.18916       57.48530
wrapping first mol.:      -46.93655       33.18916       57.48530
wrapping first mol.:      -46.93655       33.18916       57.48530
wrapping first mol.:      -46.93655       33.18916       57.48530
wrapping first mol.:      -46.93655       33.18916       57.48530

 NSTEP =  1450000   TIME(PS) =    2900.000  TEMP(K) =   301.28  PRESS =     0.0
 Etot   =    -88437.3587  EKtot   =     16852.3711  EPtot      =   -105289.7298
 BOND   =       704.5279  ANGLE   =      1783.6679  DIHED      =      1326.8544
 UB     =         0.0000  IMP     =         0.0000  CMAP       =       177.0234
 1-4 NB =       819.2405  1-4 EEL =     11413.4793  VDWAALS    =     11646.1287
 EELEC  =   -133160.6518  EHBOND  =         0.0000  RESTRAINT  =         0.0000
 ------------------------------------------------------------------------------

wrapping first mol.:      -46.93655       33.18916       57.48530
wrapping first mol.:      -46.93655       33.18916       57.48530
wrapping first mol.:      -46.93655       33.18916       57.48530
wrapping first mol.:      -46.93655       33.18916       57.48530
wrapping first mol.:      -46.93655       33.18916       57.48530
wrapping first mol.:      -46.93655       33.18916       57.48530
wrapping first mol.:      -46.93655       33.18916       57.48530
wrapping first mol.:      -46.93655       33.18916       57.48530
wrapping first mol.:      -46.93655       33.18916       57.48530
wrapping first mol.:      -46.93655       33.18916       57.48530
wrapping first mol.:      -46.93655       33.18916       57.48530

 NSTEP =  1500000   TIME(PS) =    3000.000  TEMP(K) =   300.53  PRESS =     0.0
 Etot   =    -88480.2996  EKtot   =     16810.0488  EPtot      =   -105290.3484
 BOND   =       700.3852  ANGLE   =      1796.8572  DIHED      =      1328.3548
 UB     =         0.0000  IMP     =         0.0000  CMAP       =       170.0613
 1-4 NB =       828.0540  1-4 EEL =     11348.4424  VDWAALS    =     11559.1849
 EELEC  =   -133021.6882  EHBOND  =         0.0000  RESTRAINT  =         0.0000
 ------------------------------------------------------------------------------

wrapping first mol.:      -46.93655       33.18916       57.48530
wrapping first mol.:      -46.93655       33.18916       57.48530
wrapping first mol.:      -46.93655       33.18916       57.48530
wrapping first mol.:      -46.93655       33.18916       57.48530
wrapping first mol.:      -46.93655       33.18916       57.48530
wrapping first mol.:      -46.93655       33.18916       57.48530
wrapping first mol.:      -46.93655       33.18916       57.48530
wrapping first mol.:      -46.93655       33.18916       57.48530
wrapping first mol.:      -46.93655       33.18916       57.48530
wrapping first mol.:      -46.93655       33.18916       57.48530
wrapping first mol.:      -46.93655       33.18916       57.48530

 NSTEP =  1550000   TIME(PS) =    3100.000  TEMP(K) =   299.56  PRESS =     0.0
 Etot   =    -88469.7573  EKtot   =     16755.9746  EPtot      =   -105225.7319
 BOND   =       660.0713  ANGLE   =      1828.2026  DIHED      =      1336.7105
 UB     =         0.0000  IMP     =         0.0000  CMAP       =       175.4529
 1-4 NB =       816.0441  1-4 EEL =     11341.8076  VDWAALS    =     11617.3337
 EELEC  =   -133001.3546  EHBOND  =         0.0000  RESTRAINT  =         0.0000
 ------------------------------------------------------------------------------

wrapping first mol.:      -46.93655       33.18916       57.48530
wrapping first mol.:      -46.93655       33.18916       57.48530
wrapping first mol.:      -46.93655       33.18916       57.48530
wrapping first mol.:      -46.93655       33.18916       57.48530
wrapping first mol.:      -46.93655       33.18916       57.48530
wrapping first mol.:      -46.93655       33.18916       57.48530
wrapping first mol.:      -46.93655       33.18916       57.48530
wrapping first mol.:      -46.93655       33.18916       57.48530
wrapping first mol.:      -46.93655       33.18916       57.48530
wrapping first mol.:      -46.93655       33.18916       57.48530
wrapping first mol.:      -46.93655       33.18916       57.48530

 NSTEP =  1600000   TIME(PS) =    3200.000  TEMP(K) =   302.85  PRESS =     0.0
 Etot   =    -88572.0912  EKtot   =     16940.2148  EPtot      =   -105512.3061
 BOND   =       674.3515  ANGLE   =      1804.3670  DIHED      =      1329.3539
 UB     =         0.0000  IMP     =         0.0000  CMAP       =       195.7254
 1-4 NB =       820.3428  1-4 EEL =     11367.0470  VDWAALS    =     11761.8759
 EELEC  =   -133465.3695  EHBOND  =         0.0000  RESTRAINT  =         0.0000
 ------------------------------------------------------------------------------

wrapping first mol.:      -46.93655       33.18916       57.48530
wrapping first mol.:      -46.93655       33.18916       57.48530
wrapping first mol.:      -46.93655       33.18916       57.48530
wrapping first mol.:      -46.93655       33.18916       57.48530
wrapping first mol.:      -46.93655       33.18916       57.48530
wrapping first mol.:      -46.93655       33.18916       57.48530
wrapping first mol.:      -46.93655       33.18916       57.48530
wrapping first mol.:      -46.93655       33.18916       57.48530
wrapping first mol.:      -46.93655       33.18916       57.48530
wrapping first mol.:      -46.93655       33.18916       57.48530
wrapping first mol.:      -46.93655       33.18916       57.48530

 NSTEP =  1650000   TIME(PS) =    3300.000  TEMP(K) =   302.08  PRESS =     0.0
 Etot   =    -88190.2839  EKtot   =     16897.0508  EPtot      =   -105087.3347
 BOND   =       665.8662  ANGLE   =      1892.3459  DIHED      =      1314.3975
 UB     =         0.0000  IMP     =         0.0000  CMAP       =       194.9476
 1-4 NB =       833.4762  1-4 EEL =     11368.1907  VDWAALS    =     11664.6414
 EELEC  =   -133021.2001  EHBOND  =         0.0000  RESTRAINT  =         0.0000
 ------------------------------------------------------------------------------

wrapping first mol.:      -46.93655       33.18916       57.48530
wrapping first mol.:      -46.93655       33.18916       57.48530
wrapping first mol.:      -46.93655       33.18916       57.48530
wrapping first mol.:      -46.93655       33.18916       57.48530
wrapping first mol.:      -46.93655       33.18916       57.48530
wrapping first mol.:      -46.93655       33.18916       57.48530
wrapping first mol.:      -46.93655       33.18916       57.48530
wrapping first mol.:      -46.93655       33.18916       57.48530
wrapping first mol.:      -46.93655       33.18916       57.48530
wrapping first mol.:      -46.93655       33.18916       57.48530
wrapping first mol.:      -46.93655       33.18916       57.48530

 NSTEP =  1700000   TIME(PS) =    3400.000  TEMP(K) =   301.17  PRESS =     0.0
 Etot   =    -88658.5288  EKtot   =     16846.0234  EPtot      =   -105504.5522
 BOND   =       690.6604  ANGLE   =      1799.5726  DIHED      =      1334.3955
 UB     =         0.0000  IMP     =         0.0000  CMAP       =       176.6925
 1-4 NB =       815.2464  1-4 EEL =     11381.6006  VDWAALS    =     11263.1349
 EELEC  =   -132965.8551  EHBOND  =         0.0000  RESTRAINT  =         0.0000
 ------------------------------------------------------------------------------

wrapping first mol.:      -46.93655       33.18916       57.48530
wrapping first mol.:      -46.93655       33.18916       57.48530
wrapping first mol.:      -46.93655       33.18916       57.48530
wrapping first mol.:      -46.93655       33.18916       57.48530
wrapping first mol.:      -46.93655       33.18916       57.48530
wrapping first mol.:      -46.93655       33.18916       57.48530
wrapping first mol.:      -46.93655       33.18916       57.48530
wrapping first mol.:      -46.93655       33.18916       57.48530
wrapping first mol.:      -46.93655       33.18916       57.48530
wrapping first mol.:      -46.93655       33.18916       57.48530
wrapping first mol.:      -46.93655       33.18916       57.48530

 NSTEP =  1750000   TIME(PS) =    3500.000  TEMP(K) =   299.76  PRESS =     0.0
 Etot   =    -88523.9210  EKtot   =     16767.0234  EPtot      =   -105290.9445
 BOND   =       705.3126  ANGLE   =      1816.4270  DIHED      =      1321.0204
 UB     =         0.0000  IMP     =         0.0000  CMAP       =       160.4100
 1-4 NB =       814.7939  1-4 EEL =     11356.3561  VDWAALS    =     11850.3122
 EELEC  =   -133315.5767  EHBOND  =         0.0000  RESTRAINT  =         0.0000
 ------------------------------------------------------------------------------

wrapping first mol.:      -46.93655       33.18916       57.48530
wrapping first mol.:      -46.93655       33.18916       57.48530
wrapping first mol.:      -46.93655       33.18916       57.48530
wrapping first mol.:      -46.93655       33.18916       57.48530
wrapping first mol.:      -46.93655       33.18916       57.48530
wrapping first mol.:      -46.93655       33.18916       57.48530
wrapping first mol.:      -46.93655       33.18916       57.48530
wrapping first mol.:      -46.93655       33.18916       57.48530
wrapping first mol.:      -46.93655       33.18916       57.48530
wrapping first mol.:      -46.93655       33.18916       57.48530
wrapping first mol.:      -46.93655       33.18916       57.48530

 NSTEP =  1800000   TIME(PS) =    3600.000  TEMP(K) =   300.99  PRESS =     0.0
 Etot   =    -88763.8997  EKtot   =     16835.9648  EPtot      =   -105599.8645
 BOND   =       687.5897  ANGLE   =      1896.1916  DIHED      =      1326.9239
 UB     =         0.0000  IMP     =         0.0000  CMAP       =       169.6466
 1-4 NB =       815.1251  1-4 EEL =     11314.6033  VDWAALS    =     11953.3702
 EELEC  =   -133763.3150  EHBOND  =         0.0000  RESTRAINT  =         0.0000
 ------------------------------------------------------------------------------

wrapping first mol.:      -46.93655       33.18916       57.48530
wrapping first mol.:      -46.93655       33.18916       57.48530
wrapping first mol.:      -46.93655       33.18916       57.48530
wrapping first mol.:      -46.93655       33.18916       57.48530
wrapping first mol.:      -46.93655       33.18916       57.48530
wrapping first mol.:      -46.93655       33.18916       57.48530
wrapping first mol.:      -46.93655       33.18916       57.48530
wrapping first mol.:      -46.93655       33.18916       57.48530
wrapping first mol.:      -46.93655       33.18916       57.48530
wrapping first mol.:      -46.93655       33.18916       57.48530
wrapping first mol.:      -46.93655       33.18916       57.48530

 NSTEP =  1850000   TIME(PS) =    3700.000  TEMP(K) =   301.26  PRESS =     0.0
 Etot   =    -88409.2209  EKtot   =     16851.0059  EPtot      =   -105260.2267
 BOND   =       675.4300  ANGLE   =      1823.1577  DIHED      =      1340.0441
 UB     =         0.0000  IMP     =         0.0000  CMAP       =       174.4603
 1-4 NB =       828.5347  1-4 EEL =     11311.7492  VDWAALS    =     11985.1777
 EELEC  =   -133398.7804  EHBOND  =         0.0000  RESTRAINT  =         0.0000
 ------------------------------------------------------------------------------

wrapping first mol.:      -46.93655       33.18916       57.48530
wrapping first mol.:      -46.93655       33.18916       57.48530
wrapping first mol.:      -46.93655       33.18916       57.48530
wrapping first mol.:      -46.93655       33.18916       57.48530
wrapping first mol.:      -46.93655       33.18916       57.48530
wrapping first mol.:      -46.93655       33.18916       57.48530
wrapping first mol.:      -46.93655       33.18916       57.48530
wrapping first mol.:      -46.93655       33.18916       57.48530
wrapping first mol.:      -46.93655       33.18916       57.48530
wrapping first mol.:      -46.93655       33.18916       57.48530
wrapping first mol.:      -46.93655       33.18916       57.48530

 NSTEP =  1900000   TIME(PS) =    3800.000  TEMP(K) =   303.14  PRESS =     0.0
 Etot   =    -88384.6191  EKtot   =     16956.5293  EPtot      =   -105341.1484
 BOND   =       702.2778  ANGLE   =      1769.2632  DIHED      =      1350.8849
 UB     =         0.0000  IMP     =         0.0000  CMAP       =       178.1477
 1-4 NB =       816.3811  1-4 EEL =     11312.9975  VDWAALS    =     11601.5867
 EELEC  =   -133072.6873  EHBOND  =         0.0000  RESTRAINT  =         0.0000
 ------------------------------------------------------------------------------

wrapping first mol.:      -46.93655       33.18916       57.48530
wrapping first mol.:      -46.93655       33.18916       57.48530
wrapping first mol.:      -46.93655       33.18916       57.48530
wrapping first mol.:      -46.93655       33.18916       57.48530
wrapping first mol.:      -46.93655       33.18916       57.48530
wrapping first mol.:      -46.93655       33.18916       57.48530
wrapping first mol.:      -46.93655       33.18916       57.48530
wrapping first mol.:      -46.93655       33.18916       57.48530
wrapping first mol.:      -46.93655       33.18916       57.48530
wrapping first mol.:      -46.93655       33.18916       57.48530
wrapping first mol.:      -46.93655       33.18916       57.48530

 NSTEP =  1950000   TIME(PS) =    3900.000  TEMP(K) =   301.73  PRESS =     0.0
 Etot   =    -88547.4805  EKtot   =     16877.5918  EPtot      =   -105425.0723
 BOND   =       672.4195  ANGLE   =      1795.8407  DIHED      =      1305.5925
 UB     =         0.0000  IMP     =         0.0000  CMAP       =       179.2913
 1-4 NB =       826.6303  1-4 EEL =     11391.4859  VDWAALS    =     11685.5652
 EELEC  =   -133281.8977  EHBOND  =         0.0000  RESTRAINT  =         0.0000
 ------------------------------------------------------------------------------

wrapping first mol.:      -46.93655       33.18916       57.48530
wrapping first mol.:      -46.93655       33.18916       57.48530
wrapping first mol.:      -46.93655       33.18916       57.48530
wrapping first mol.:      -46.93655       33.18916       57.48530
wrapping first mol.:      -46.93655       33.18916       57.48530
wrapping first mol.:      -46.93655       33.18916       57.48530
wrapping first mol.:      -46.93655       33.18916       57.48530
wrapping first mol.:      -46.93655       33.18916       57.48530
wrapping first mol.:      -46.93655       33.18916       57.48530
wrapping first mol.:      -46.93655       33.18916       57.48530
wrapping first mol.:      -46.93655       33.18916       57.48530

 NSTEP =  2000000   TIME(PS) =    4000.000  TEMP(K) =   300.41  PRESS =     0.0
 Etot   =    -88469.0384  EKtot   =     16803.7812  EPtot      =   -105272.8196
 BOND   =       659.4591  ANGLE   =      1831.8409  DIHED      =      1337.0646
 UB     =         0.0000  IMP     =         0.0000  CMAP       =       152.7282
 1-4 NB =       847.1551  1-4 EEL =     11444.6313  VDWAALS    =     11737.0863
 EELEC  =   -133282.7851  EHBOND  =         0.0000  RESTRAINT  =         0.0000
 ------------------------------------------------------------------------------

wrapping first mol.:      -46.93655       33.18916       57.48530
wrapping first mol.:      -46.93655       33.18916       57.48530
wrapping first mol.:      -46.93655       33.18916       57.48530
wrapping first mol.:      -46.93655       33.18916       57.48530
wrapping first mol.:      -46.93655       33.18916       57.48530
wrapping first mol.:      -46.93655       33.18916       57.48530
wrapping first mol.:      -46.93655       33.18916       57.48530
wrapping first mol.:      -46.93655       33.18916       57.48530
wrapping first mol.:      -46.93655       33.18916       57.48530
wrapping first mol.:      -46.93655       33.18916       57.48530
wrapping first mol.:      -46.93655       33.18916       57.48530

 NSTEP =  2050000   TIME(PS) =    4100.000  TEMP(K) =   299.21  PRESS =     0.0
 Etot   =    -88770.4132  EKtot   =     16736.2891  EPtot      =   -105506.7023
 BOND   =       687.1571  ANGLE   =      1787.4476  DIHED      =      1338.9655
 UB     =         0.0000  IMP     =         0.0000  CMAP       =       194.9219
 1-4 NB =       814.2182  1-4 EEL =     11400.2316  VDWAALS    =     11425.9836
 EELEC  =   -133155.6278  EHBOND  =         0.0000  RESTRAINT  =         0.0000
 ------------------------------------------------------------------------------

wrapping first mol.:      -46.93655       33.18916       57.48530
wrapping first mol.:      -46.93655       33.18916       57.48530
wrapping first mol.:      -46.93655       33.18916       57.48530
wrapping first mol.:      -46.93655       33.18916       57.48530
wrapping first mol.:      -46.93655       33.18916       57.48530
wrapping first mol.:      -46.93655       33.18916       57.48530
wrapping first mol.:      -46.93655       33.18916       57.48530
wrapping first mol.:      -46.93655       33.18916       57.48530
wrapping first mol.:      -46.93655       33.18916       57.48530
wrapping first mol.:      -46.93655       33.18916       57.48530
wrapping first mol.:      -46.93655       33.18916       57.48530

 NSTEP =  2100000   TIME(PS) =    4200.000  TEMP(K) =   299.03  PRESS =     0.0
 Etot   =    -88616.1469  EKtot   =     16726.6348  EPtot      =   -105342.7816
 BOND   =       706.2320  ANGLE   =      1727.6058  DIHED      =      1314.1479
 UB     =         0.0000  IMP     =         0.0000  CMAP       =       188.7124
 1-4 NB =       826.9759  1-4 EEL =     11339.4848  VDWAALS    =     11567.4641
 EELEC  =   -133013.4045  EHBOND  =         0.0000  RESTRAINT  =         0.0000
 ------------------------------------------------------------------------------

wrapping first mol.:      -46.93655       33.18916       57.48530
wrapping first mol.:      -46.93655       33.18916       57.48530
wrapping first mol.:      -46.93655       33.18916       57.48530
wrapping first mol.:      -46.93655       33.18916       57.48530
wrapping first mol.:      -46.93655       33.18916       57.48530
wrapping first mol.:      -46.93655       33.18916       57.48530
wrapping first mol.:      -46.93655       33.18916       57.48530
wrapping first mol.:      -46.93655       33.18916       57.48530
wrapping first mol.:      -46.93655       33.18916       57.48530
wrapping first mol.:      -46.93655       33.18916       57.48530
wrapping first mol.:      -46.93655       33.18916       57.48530

 NSTEP =  2150000   TIME(PS) =    4300.000  TEMP(K) =   300.81  PRESS =     0.0
 Etot   =    -88218.8053  EKtot   =     16825.7324  EPtot      =   -105044.5377
 BOND   =       670.1214  ANGLE   =      1849.3093  DIHED      =      1322.6412
 UB     =         0.0000  IMP     =         0.0000  CMAP       =       175.2792
 1-4 NB =       838.1175  1-4 EEL =     11387.1424  VDWAALS    =     11489.0735
 EELEC  =   -132776.2222  EHBOND  =         0.0000  RESTRAINT  =         0.0000
 ------------------------------------------------------------------------------

wrapping first mol.:      -46.93655       33.18916       57.48530
wrapping first mol.:      -46.93655       33.18916       57.48530
wrapping first mol.:      -46.93655       33.18916       57.48530
wrapping first mol.:      -46.93655       33.18916       57.48530
wrapping first mol.:      -46.93655       33.18916       57.48530
wrapping first mol.:      -46.93655       33.18916       57.48530
wrapping first mol.:      -46.93655       33.18916       57.48530
wrapping first mol.:      -46.93655       33.18916       57.48530
wrapping first mol.:      -46.93655       33.18916       57.48530
wrapping first mol.:      -46.93655       33.18916       57.48530
wrapping first mol.:      -46.93655       33.18916       57.48530

 NSTEP =  2200000   TIME(PS) =    4400.000  TEMP(K) =   299.95  PRESS =     0.0
 Etot   =    -88606.9517  EKtot   =     16777.6895  EPtot      =   -105384.6411
 BOND   =       704.2582  ANGLE   =      1855.3748  DIHED      =      1355.5195
 UB     =         0.0000  IMP     =         0.0000  CMAP       =       171.6754
 1-4 NB =       835.4252  1-4 EEL =     11405.9571  VDWAALS    =     11601.6723
 EELEC  =   -133314.5235  EHBOND  =         0.0000  RESTRAINT  =         0.0000
 ------------------------------------------------------------------------------

wrapping first mol.:      -46.93655       33.18916       57.48530
wrapping first mol.:      -46.93655       33.18916       57.48530
wrapping first mol.:      -46.93655       33.18916       57.48530
wrapping first mol.:      -46.93655       33.18916       57.48530
wrapping first mol.:      -46.93655       33.18916       57.48530
wrapping first mol.:      -46.93655       33.18916       57.48530
wrapping first mol.:      -46.93655       33.18916       57.48530
wrapping first mol.:      -46.93655       33.18916       57.48530
wrapping first mol.:      -46.93655       33.18916       57.48530
wrapping first mol.:      -46.93655       33.18916       57.48530
wrapping first mol.:      -46.93655       33.18916       57.48530

 NSTEP =  2250000   TIME(PS) =    4500.000  TEMP(K) =   300.41  PRESS =     0.0
 Etot   =    -88679.4371  EKtot   =     16803.7363  EPtot      =   -105483.1734
 BOND   =       643.4830  ANGLE   =      1845.3671  DIHED      =      1354.3144
 UB     =         0.0000  IMP     =         0.0000  CMAP       =       180.1948
 1-4 NB =       820.4551  1-4 EEL =     11356.6734  VDWAALS    =     11791.8443
 EELEC  =   -133475.5055  EHBOND  =         0.0000  RESTRAINT  =         0.0000
 ------------------------------------------------------------------------------

wrapping first mol.:      -46.93655       33.18916       57.48530
wrapping first mol.:      -46.93655       33.18916       57.48530
wrapping first mol.:      -46.93655       33.18916       57.48530
wrapping first mol.:      -46.93655       33.18916       57.48530
wrapping first mol.:      -46.93655       33.18916       57.48530
wrapping first mol.:      -46.93655       33.18916       57.48530
wrapping first mol.:      -46.93655       33.18916       57.48530
wrapping first mol.:      -46.93655       33.18916       57.48530
wrapping first mol.:      -46.93655       33.18916       57.48530
wrapping first mol.:      -46.93655       33.18916       57.48530
wrapping first mol.:      -46.93655       33.18916       57.48530

 NSTEP =  2300000   TIME(PS) =    4600.000  TEMP(K) =   296.76  PRESS =     0.0
 Etot   =    -88636.0585  EKtot   =     16599.5684  EPtot      =   -105235.6268
 BOND   =       683.5349  ANGLE   =      1815.4239  DIHED      =      1319.2586
 UB     =         0.0000  IMP     =         0.0000  CMAP       =       175.8315
 1-4 NB =       816.1001  1-4 EEL =     11403.8162  VDWAALS    =     11802.4497
 EELEC  =   -133252.0417  EHBOND  =         0.0000  RESTRAINT  =         0.0000
 ------------------------------------------------------------------------------

wrapping first mol.:      -46.93655       33.18916       57.48530
wrapping first mol.:      -46.93655       33.18916       57.48530
wrapping first mol.:      -46.93655       33.18916       57.48530
wrapping first mol.:      -46.93655       33.18916       57.48530
wrapping first mol.:      -46.93655       33.18916       57.48530
wrapping first mol.:      -46.93655       33.18916       57.48530
wrapping first mol.:      -46.93655       33.18916       57.48530
wrapping first mol.:      -46.93655       33.18916       57.48530
wrapping first mol.:      -46.93655       33.18916       57.48530
wrapping first mol.:      -46.93655       33.18916       57.48530
wrapping first mol.:      -46.93655       33.18916       57.48530

 NSTEP =  2350000   TIME(PS) =    4700.000  TEMP(K) =   300.99  PRESS =     0.0
 Etot   =    -88426.8885  EKtot   =     16835.8418  EPtot      =   -105262.7303
 BOND   =       698.3785  ANGLE   =      1814.8186  DIHED      =      1302.3718
 UB     =         0.0000  IMP     =         0.0000  CMAP       =       175.5264
 1-4 NB =       820.9226  1-4 EEL =     11261.0866  VDWAALS    =     11306.4072
 EELEC  =   -132642.2420  EHBOND  =         0.0000  RESTRAINT  =         0.0000
 ------------------------------------------------------------------------------

wrapping first mol.:      -46.93655       33.18916       57.48530
wrapping first mol.:      -46.93655       33.18916       57.48530
wrapping first mol.:      -46.93655       33.18916       57.48530
wrapping first mol.:      -46.93655       33.18916       57.48530
wrapping first mol.:      -46.93655       33.18916       57.48530
wrapping first mol.:      -46.93655       33.18916       57.48530
wrapping first mol.:      -46.93655       33.18916       57.48530
wrapping first mol.:      -46.93655       33.18916       57.48530
wrapping first mol.:      -46.93655       33.18916       57.48530
wrapping first mol.:      -46.93655       33.18916       57.48530
wrapping first mol.:      -46.93655       33.18916       57.48530

 NSTEP =  2400000   TIME(PS) =    4800.000  TEMP(K) =   299.71  PRESS =     0.0
 Etot   =    -88815.1706  EKtot   =     16764.2578  EPtot      =   -105579.4284
 BOND   =       722.5153  ANGLE   =      1788.1644  DIHED      =      1336.6123
 UB     =         0.0000  IMP     =         0.0000  CMAP       =       170.8676
 1-4 NB =       820.2992  1-4 EEL =     11320.1549  VDWAALS    =     12054.6725
 EELEC  =   -133792.7146  EHBOND  =         0.0000  RESTRAINT  =         0.0000
 ------------------------------------------------------------------------------

wrapping first mol.:      -46.93655       33.18916       57.48530
wrapping first mol.:      -46.93655       33.18916       57.48530
wrapping first mol.:      -46.93655       33.18916       57.48530
wrapping first mol.:      -46.93655       33.18916       57.48530
wrapping first mol.:      -46.93655       33.18916       57.48530
wrapping first mol.:      -46.93655       33.18916       57.48530
wrapping first mol.:      -46.93655       33.18916       57.48530
wrapping first mol.:      -46.93655       33.18916       57.48530
wrapping first mol.:      -46.93655       33.18916       57.48530
wrapping first mol.:      -46.93655       33.18916       57.48530
wrapping first mol.:      -46.93655       33.18916       57.48530

 NSTEP =  2450000   TIME(PS) =    4900.000  TEMP(K) =   300.06  PRESS =     0.0
 Etot   =    -88519.8008  EKtot   =     16783.9746  EPtot      =   -105303.7754
 BOND   =       681.1816  ANGLE   =      1810.5994  DIHED      =      1315.8760
 UB     =         0.0000  IMP     =         0.0000  CMAP       =       179.8150
 1-4 NB =       860.3514  1-4 EEL =     11326.9343  VDWAALS    =     11746.0341
 EELEC  =   -133224.5672  EHBOND  =         0.0000  RESTRAINT  =         0.0000
 ------------------------------------------------------------------------------

wrapping first mol.:      -46.93655       33.18916       57.48530
wrapping first mol.:      -46.93655       33.18916       57.48530
wrapping first mol.:      -46.93655       33.18916       57.48530
wrapping first mol.:      -46.93655       33.18916       57.48530
wrapping first mol.:      -46.93655       33.18916       57.48530
wrapping first mol.:      -46.93655       33.18916       57.48530
wrapping first mol.:      -46.93655       33.18916       57.48530
wrapping first mol.:      -46.93655       33.18916       57.48530
wrapping first mol.:      -46.93655       33.18916       57.48530
wrapping first mol.:      -46.93655       33.18916       57.48530
wrapping first mol.:      -46.93655       33.18916       57.48530

 NSTEP =  2500000   TIME(PS) =    5000.000  TEMP(K) =   297.16  PRESS =     0.0
 Etot   =    -88864.1840  EKtot   =     16621.9102  EPtot      =   -105486.0941
 BOND   =       679.1459  ANGLE   =      1838.9684  DIHED      =      1323.6154
 UB     =         0.0000  IMP     =         0.0000  CMAP       =       174.5236
 1-4 NB =       807.0982  1-4 EEL =     11289.2419  VDWAALS    =     11681.6117
 EELEC  =   -133280.2992  EHBOND  =         0.0000  RESTRAINT  =         0.0000
 ------------------------------------------------------------------------------


      A V E R A G E S   O V E R      50 S T E P S


 NSTEP =  2500000   TIME(PS) =    5000.000  TEMP(K) =   300.22  PRESS =     0.0
 Etot   =    -88568.7277  EKtot   =     16793.1927  EPtot      =   -105361.9204
 BOND   =       676.6872  ANGLE   =      1821.8526  DIHED      =      1328.4218
 UB     =         0.0000  IMP     =         0.0000  CMAP       =       177.0406
 1-4 NB =       824.9501  1-4 EEL =     11358.9033  VDWAALS    =     11725.5316
 EELEC  =   -133275.3074  EHBOND  =         0.0000  RESTRAINT  =         0.0000
 ------------------------------------------------------------------------------


      R M S  F L U C T U A T I O N S


 NSTEP =  2500000   TIME(PS) =    5000.000  TEMP(K) =     1.64  PRESS =     0.0
 Etot   =       160.4688  EKtot   =        91.5481  EPtot      =       143.4414
 BOND   =        22.3214  ANGLE   =        36.9439  DIHED      =        16.2866
 UB     =         0.0000  IMP     =         0.0000  CMAP       =         7.9516
 1-4 NB =        10.6185  1-4 EEL =        39.6262  VDWAALS    =       180.8555
 EELEC  =       260.1344  EHBOND  =         0.0000  RESTRAINT  =         0.0000
 ------------------------------------------------------------------------------

--------------------------------------------------------------------------------
   5.  TIMINGS
--------------------------------------------------------------------------------

|  NonSetup CPU Time in Major Routines:
|
|     Routine           Sec        %
|     ------------------------------
|     Nonbond         528.28    8.06
|     Bond              0.00    0.00
|     Angle             0.00    0.00
|     Dihedral          0.00    0.00
|     Shake            21.19    0.32
|     RunMD          6003.49   91.56
|     Other             3.58    0.05
|     ------------------------------
|     Total          6556.56

|  PME Nonbond Pairlist CPU Time:
|
|     Routine              Sec        %
|     ---------------------------------
|     Set Up Cit           0.00    0.00
|     Build List           0.00    0.00
|     ---------------------------------
|     Total                0.00    0.00

|  PME Direct Force CPU Time:
|
|     Routine              Sec        %
|     ---------------------------------
|     NonBonded Calc       0.00    0.00
|     Exclude Masked       0.00    0.00
|     Other                1.90    0.03
|     ---------------------------------
|     Total                1.90    0.03

|  PME Reciprocal Force CPU Time:
|
|     Routine              Sec        %
|     ---------------------------------
|     1D bspline           0.00    0.00
|     Grid Charges         0.00    0.00
|     Scalar Sum           0.00    0.00
|     Gradient Sum         0.00    0.00
|     FFT                  0.00    0.00
|     ---------------------------------
|     Total                0.00    0.00

|  Final Performance Info:
|     -----------------------------------------------------
|     Average timings for last       1 steps:
|     Elapsed(s) =       0.00 Per Step(ms) =       0.18
|         ns/day =     938.71   seconds/ns =      92.04
|
|     Average timings for all steps:
|     Elapsed(s) =    6569.14 Per Step(ms) =       2.63
|         ns/day =      65.76   seconds/ns =    1313.83
|     -----------------------------------------------------

|  Setup CPU time:            0.75 seconds
|  NonSetup CPU time:      6556.56 seconds
|  Total CPU time:         6557.31 seconds     1.82 hours

|  Setup wall time:           1    seconds
|  NonSetup wall time:     6569    seconds
|  Total wall time:        6570    seconds     1.82 hours
