
          -------------------------------------------------------
          Amber 18 PMEMD                              2018
          -------------------------------------------------------

| PMEMD implementation of SANDER, Release 18

| Run on 11/18/2020 at 10:44:01

|   Executable path: pmemd.cuda
| Working directory: /home/almacen/pbarletta/dynein/run/3zke/1_pdt
|          Hostname: Unknown
  [-O]verwriting output

File Assignments:
|   MDIN: pre_pdt.in                                                            
|  MDOUT: 0pdt.out                                                              
| INPCRD: 1_3zke.rst7                                                           
|   PARM: /home/almacen/pbarletta/dynein/top_files/3zke.prmtop                  
| RESTRT: 0p1_3zke.rst7                                                         
|   REFC: refc                                                                  
|  MDVEL: mdvel                                                                 
|   MDEN: mden                                                                  
|  MDCRD: 0p1_3zke.nc                                                           
| MDINFO: mdinfo                                                                
|  MDFRC: mdfrc                                                                 


 Here is the input file:

Production run                                                                 
&cntrl                                                                         
imin = 0,                           ! No Minimization                          
nmropt = 0,                         ! No NMR restraints read                   
                                                                               
! Nature and format of the input                                               
ntx = 5,                            ! Coordinates and velocities will be read  
irest = 1,                          ! Do not run a new simulation              
                                                                               
! Nature and format of the output                                              
ntxo = 1,                           ! rstrt file in ASCII format               
ntpr = 50000,                       ! inf in output every ntpr steps           
ntwr = 50000,                       ! rstrt file every ntwr steps              
ntwx = 5000,                        ! mdcrd file every ntwx steps              
ntwv = 0,                           ! mdvel without velocities                 
ntwe = 0,                           ! Energies and temperatures not written in 
idecomp = 0,                        ! No energy decomposition                  
iwrap = 1,                          ! Coordinates of the restart and mdcrd file
                                                                               
! Frozen or restrained atoms                                                   
ibelly = 0,                         ! No frozen atoms                          
ntr=0,                              ! Harmonic potential restraints            
                                                                               
! Molecular dynamics                                                           
nstlim = 2500000,                   ! Number of MD-steps                       
dt = 0.002,                         ! Time step                                
                                                                               
! Temperature regulation                                                       
ntt = 3,                            ! Langevin thermostat                      
gamma_ln = 2,                       ! Gamma constant for Langevin              
temp0 = 300.0,                      ! Reference T at which the system is to be 
tempi = 300.0,                      ! Initial T                                
ig = -1,                            ! Seed for the RNG                         
                                                                               
! P and V regulation                                                           
!barostat = 1,                      ! Berendsen barostat                       
!taup = 1,                          ! Pressure relaxation time                 
ntp = 0,                            ! constant V                               
ntb = 1,                            ! Periodic box for constant V              
                                                                               
! SHAKE variables                                                              
ntc = 2,                            ! Bonds involving H are constrained        
ntf = 2,                            ! Bond interaction involving H are ommited.
                                                                               
cut = 9.0,                          ! Nonbonded cutoff                         
/                                                                              
&end                                                                           


Note: ig = -1. Setting random seed to   340938 based on wallclock time in 
      microseconds.
| irandom = 1, using AMBER's internal random number generator (default).
 
|--------------------- INFORMATION ----------------------
| GPU (CUDA) Version of PMEMD in use: NVIDIA GPU IN USE.
|                    Version 18.0.0
| 
|                      03/25/2018
| 
| Implementation by:
|                    Ross C. Walker     (SDSC)
|                    Scott Le Grand     (nVIDIA)
| 
| Version 18 performance extensions by:
|                    David Cerutti     (Rutgers)
| 
| Precision model in use:
|      [SPFP] - Single Precision Forces, 64-bit Fixed Point
|               Accumulation. (Default)
| 
|--------------------------------------------------------
 
|----------------- CITATION INFORMATION -----------------
|
|    When publishing work that utilized the CUDA version
|    of AMBER, please cite the following in addition to
|    the regular AMBER citations:
|
|  - Romelia Salomon-Ferrer; Andreas W. Goetz; Duncan
|    Poole; Scott Le Grand; Ross C. Walker "Routine
|    microsecond molecular dynamics simulations with
|    AMBER - Part II: Particle Mesh Ewald", J. Chem.
|    Theory Comput., 2013, 9 (9), pp3878-3888,
|    DOI: 10.1021/ct400314y.
|
|  - Andreas W. Goetz; Mark J. Williamson; Dong Xu;
|    Duncan Poole; Scott Le Grand; Ross C. Walker
|    "Routine microsecond molecular dynamics simulations
|    with AMBER - Part I: Generalized Born", J. Chem.
|    Theory Comput., 2012, 8 (5), pp1542-1555.
|
|  - Scott Le Grand; Andreas W. Goetz; Ross C. Walker
|    "SPFP: Speed without compromise - a mixed precision
|    model for GPU accelerated molecular dynamics
|    simulations.", Comp. Phys. Comm., 2013, 184
|    pp374-380, DOI: 10.1016/j.cpc.2012.09.022
|
|--------------------------------------------------------
 
|------------------- GPU DEVICE INFO --------------------
|
|            CUDA_VISIBLE_DEVICES: 0
|   CUDA Capable Devices Detected:      1
|           CUDA Device ID in use:      0
|                CUDA Device Name: GeForce GTX 1080 Ti
|     CUDA Device Global Mem Size:  11178 MB
| CUDA Device Num Multiprocessors:     28
|           CUDA Device Core Freq:   1.72 GHz
|
|--------------------------------------------------------
 
 
| Conditional Compilation Defines Used:
| PUBFFT
| BINTRAJ
| CUDA
| EMIL

| Largest sphere to fit in unit cell has radius =    26.499

| New format PARM file being parsed.
| Version =    1.000 Date = 09/18/20 Time = 22:17:21

| Note: 1-4 EEL scale factors are being read from the topology file.

| Note: 1-4 VDW scale factors are being read from the topology file.
| Duplicated    0 dihedrals

| Duplicated    0 dihedrals

--------------------------------------------------------------------------------
   1.  RESOURCE   USE: 
--------------------------------------------------------------------------------

 getting new box info from bottom of inpcrd
 NATOM  =   27546 NTYPES =      19 NBONH =   19891 MBONA  =    7685
 NTHETH =    3414 MTHETA =    2086 NPHIH =    6824 MPHIA  =    6552
 NHPARM =       0 NPARM  =       0 NNB   =   59527 NRES   =    6321
 NBONA  =    7685 NTHETA =    2086 NPHIA =    6552 NUMBND =      74
 NUMANG =     172 NPTRA  =     192 NATYP =      38 NPHB   =       1
 IFBOX  =       2 NMXRS  =      24 IFCAP =       0 NEXTRA =    6131
 NCOPY  =       0


| Coordinate Index Table dimensions:    11   11   11
| Direct force subcell size =     5.9009    5.9009    5.9009

     BOX TYPE: TRUNCATED OCTAHEDRON

--------------------------------------------------------------------------------
   2.  CONTROL  DATA  FOR  THE  RUN
--------------------------------------------------------------------------------

default_name                                                                    

General flags:
     imin    =       0, nmropt  =       0

Nature and format of input:
     ntx     =       5, irest   =       1, ntrx    =       1

Nature and format of output:
     ntxo    =       1, ntpr    =   50000, ntrx    =       1, ntwr    =   50000
     iwrap   =       1, ntwx    =    5000, ntwv    =       0, ntwe    =       0
     ioutfm  =       1, ntwprt  =       0, idecomp =       0, rbornstat=      0

Potential function:
     ntf     =       2, ntb     =       1, igb     =       0, nsnb    =      25
     ipol    =       0, gbsa    =       0, iesp    =       0
     dielc   =   1.00000, cut     =   9.00000, intdiel =   1.00000

Frozen or restrained atoms:
     ibelly  =       0, ntr     =       0

Molecular dynamics:
     nstlim  =   2500000, nscm    =      1000, nrespa  =         1
     t       =   0.00000, dt      =   0.00200, vlimit  =  -1.00000

Langevin dynamics temperature regulation:
     ig      =  340938
     temp0   = 300.00000, tempi   = 300.00000, gamma_ln=   2.00000

SHAKE:
     ntc     =       2, jfastw  =       0
     tol     =   0.00001

| Intermolecular bonds treatment:
|     no_intermolecular_bonds =       1

| Energy averages sample interval:
|     ene_avg_sampling =   50000

Extra-points options:
     frameon =       1, chngmask=       1

Ewald parameters:
     verbose =       0, ew_type =       0, nbflag  =       1, use_pme =       1
     vdwmeth =       1, eedmeth =       1, netfrc  =       1
     Box X =   64.910   Box Y =   64.910   Box Z =   64.910
     Alpha =  109.471   Beta  =  109.471   Gamma =  109.471
     NFFT1 =   64       NFFT2 =   64       NFFT3 =   64
     Cutoff=    9.000   Tol   =0.100E-04
     Ewald Coefficient =  0.30768
     Interpolation order =    4
|      EXTRA_PTS, trim_bonds: num bonds BEFORE trim = 19891     0
|      EXTRA_PTS, trim_bonds: num bonds AFTER  trim = 19891     0
|      EXTRA_PTS, trim_bonds: num bonds BEFORE trim =  7685     0
|      EXTRA_PTS, trim_bonds: num bonds AFTER  trim =  1554     0
|      EXTRA_PTS, trim_theta: num angle BEFORE trim =  3414     0
|      EXTRA_PTS, trim_theta: num angle AFTER  trim =  3414     0
|      EXTRA_PTS, trim_theta: num angle BEFORE trim =  2086     0
|      EXTRA_PTS, trim_theta: num angle AFTER  trim =  2086     0
|      EXTRA_PTS, trim_phi:  num diheds BEFORE trim =  6824     0
|      EXTRA_PTS, trim_phi:  num diheds AFTER  trim =  6824     0
|      EXTRA_PTS, trim_phi:  num diheds BEFORE trim =  6552     0
|      EXTRA_PTS, trim_phi:  num diheds AFTER  trim =  6552     0

--------------------------------------------------------------------------------
   3.  ATOMIC COORDINATES AND VELOCITIES
--------------------------------------------------------------------------------

Cpptraj Generated Restart                                                       
 begin time read from input coords =     0.000 ps

 
 Number of triangulated 3-point waters found:     6131

     Sum of charges from parm topology file =   0.00003348
     Forcing neutrality...

| Dynamic Memory, Types Used:
| Reals              894346
| Integers          2026719

| Nonbonded Pairs Initial Allocation:     6280488

| GPU memory information (estimate):
| KB of GPU memory in use:         0
| KB of CPU memory in use:         0

--------------------------------------------------------------------------------
   4.  RESULTS
--------------------------------------------------------------------------------

wrapping first mol.:       64.90964        0.00000        0.00000
wrapping first mol.:       64.90964        0.00000        0.00000
wrapping first mol.:       64.90964        0.00000        0.00000
wrapping first mol.:       64.90964        0.00000        0.00000
wrapping first mol.:       64.90964        0.00000        0.00000
wrapping first mol.:       64.90964        0.00000        0.00000

 NSTEP =    50000   TIME(PS) =     100.000  TEMP(K) =   299.19  PRESS =     0.0
 Etot   =    -68058.6916  EKtot   =     13185.1406  EPtot      =    -81243.8322
 BOND   =       526.1905  ANGLE   =      1568.7954  DIHED      =      1030.4246
 UB     =         0.0000  IMP     =         0.0000  CMAP       =       144.9733
 1-4 NB =       675.7418  1-4 EEL =     10326.0433  VDWAALS    =      8750.5690
 EELEC  =   -104266.5700  EHBOND  =         0.0000  RESTRAINT  =         0.0000
 ------------------------------------------------------------------------------


 NSTEP =   100000   TIME(PS) =     200.000  TEMP(K) =   299.51  PRESS =     0.0
 Etot   =    -67939.9862  EKtot   =     13199.1895  EPtot      =    -81139.1756
 BOND   =       569.2359  ANGLE   =      1622.2027  DIHED      =      1025.4680
 UB     =         0.0000  IMP     =         0.0000  CMAP       =       137.4909
 1-4 NB =       641.9766  1-4 EEL =     10291.8422  VDWAALS    =      8804.1024
 EELEC  =   -104231.4943  EHBOND  =         0.0000  RESTRAINT  =         0.0000
 ------------------------------------------------------------------------------


 NSTEP =   150000   TIME(PS) =     300.000  TEMP(K) =   299.49  PRESS =     0.0
 Etot   =    -67953.2617  EKtot   =     13198.5908  EPtot      =    -81151.8525
 BOND   =       544.6076  ANGLE   =      1593.0025  DIHED      =      1012.1812
 UB     =         0.0000  IMP     =         0.0000  CMAP       =       135.0925
 1-4 NB =       652.1347  1-4 EEL =     10265.1798  VDWAALS    =      8868.1533
 EELEC  =   -104222.2040  EHBOND  =         0.0000  RESTRAINT  =         0.0000
 ------------------------------------------------------------------------------


 NSTEP =   200000   TIME(PS) =     400.000  TEMP(K) =   298.65  PRESS =     0.0
 Etot   =    -67827.2460  EKtot   =     13161.5977  EPtot      =    -80988.8437
 BOND   =       565.3132  ANGLE   =      1641.1802  DIHED      =      1045.7565
 UB     =         0.0000  IMP     =         0.0000  CMAP       =       144.8151
 1-4 NB =       656.4280  1-4 EEL =     10292.8335  VDWAALS    =      8893.7621
 EELEC  =   -104228.9323  EHBOND  =         0.0000  RESTRAINT  =         0.0000
 ------------------------------------------------------------------------------


 NSTEP =   250000   TIME(PS) =     500.000  TEMP(K) =   296.31  PRESS =     0.0
 Etot   =    -68235.0145  EKtot   =     13058.5020  EPtot      =    -81293.5164
 BOND   =       559.0969  ANGLE   =      1556.6796  DIHED      =      1034.5951
 UB     =         0.0000  IMP     =         0.0000  CMAP       =       143.6350
 1-4 NB =       655.9845  1-4 EEL =     10275.5784  VDWAALS    =      8857.0823
 EELEC  =   -104376.1683  EHBOND  =         0.0000  RESTRAINT  =         0.0000
 ------------------------------------------------------------------------------


 NSTEP =   300000   TIME(PS) =     600.000  TEMP(K) =   302.16  PRESS =     0.0
 Etot   =    -67842.4524  EKtot   =     13316.3193  EPtot      =    -81158.7717
 BOND   =       533.5036  ANGLE   =      1613.7246  DIHED      =      1041.2139
 UB     =         0.0000  IMP     =         0.0000  CMAP       =       141.0706
 1-4 NB =       655.1657  1-4 EEL =     10300.6237  VDWAALS    =      8644.6233
 EELEC  =   -104088.6971  EHBOND  =         0.0000  RESTRAINT  =         0.0000
 ------------------------------------------------------------------------------


 NSTEP =   350000   TIME(PS) =     700.000  TEMP(K) =   299.08  PRESS =     0.0
 Etot   =    -67816.7743  EKtot   =     13180.2627  EPtot      =    -80997.0370
 BOND   =       596.0635  ANGLE   =      1603.5829  DIHED      =      1033.3029
 UB     =         0.0000  IMP     =         0.0000  CMAP       =       137.5214
 1-4 NB =       676.3086  1-4 EEL =     10241.4926  VDWAALS    =      8878.2623
 EELEC  =   -104163.5713  EHBOND  =         0.0000  RESTRAINT  =         0.0000
 ------------------------------------------------------------------------------


 NSTEP =   400000   TIME(PS) =     800.000  TEMP(K) =   304.36  PRESS =     0.0
 Etot   =    -67723.9275  EKtot   =     13412.9971  EPtot      =    -81136.9245
 BOND   =       537.2364  ANGLE   =      1652.3055  DIHED      =      1008.2726
 UB     =         0.0000  IMP     =         0.0000  CMAP       =       146.8704
 1-4 NB =       664.3476  1-4 EEL =     10271.2278  VDWAALS    =      8951.5388
 EELEC  =   -104368.7236  EHBOND  =         0.0000  RESTRAINT  =         0.0000
 ------------------------------------------------------------------------------


 NSTEP =   450000   TIME(PS) =     900.000  TEMP(K) =   294.74  PRESS =     0.0
 Etot   =    -68091.4825  EKtot   =     12989.0693  EPtot      =    -81080.5518
 BOND   =       533.7657  ANGLE   =      1612.7953  DIHED      =      1030.8012
 UB     =         0.0000  IMP     =         0.0000  CMAP       =       135.9194
 1-4 NB =       652.9536  1-4 EEL =     10256.9573  VDWAALS    =      8901.0317
 EELEC  =   -104204.7759  EHBOND  =         0.0000  RESTRAINT  =         0.0000
 ------------------------------------------------------------------------------


 NSTEP =   500000   TIME(PS) =    1000.000  TEMP(K) =   301.71  PRESS =     0.0
 Etot   =    -67704.4096  EKtot   =     13296.3428  EPtot      =    -81000.7524
 BOND   =       583.4916  ANGLE   =      1620.4525  DIHED      =      1027.3160
 UB     =         0.0000  IMP     =         0.0000  CMAP       =       146.0684
 1-4 NB =       652.7372  1-4 EEL =     10227.6746  VDWAALS    =      8917.1663
 EELEC  =   -104175.6589  EHBOND  =         0.0000  RESTRAINT  =         0.0000
 ------------------------------------------------------------------------------


 NSTEP =   550000   TIME(PS) =    1100.000  TEMP(K) =   299.25  PRESS =     0.0
 Etot   =    -67965.4102  EKtot   =     13187.9834  EPtot      =    -81153.3936
 BOND   =       582.5162  ANGLE   =      1600.4177  DIHED      =      1036.0166
 UB     =         0.0000  IMP     =         0.0000  CMAP       =       134.7752
 1-4 NB =       660.9510  1-4 EEL =     10244.6741  VDWAALS    =      8960.0770
 EELEC  =   -104372.8213  EHBOND  =         0.0000  RESTRAINT  =         0.0000
 ------------------------------------------------------------------------------


 NSTEP =   600000   TIME(PS) =    1200.000  TEMP(K) =   299.90  PRESS =     0.0
 Etot   =    -67764.2098  EKtot   =     13216.6074  EPtot      =    -80980.8172
 BOND   =       586.2407  ANGLE   =      1652.5763  DIHED      =      1032.4353
 UB     =         0.0000  IMP     =         0.0000  CMAP       =       137.9277
 1-4 NB =       667.1562  1-4 EEL =     10243.0330  VDWAALS    =      8877.5490
 EELEC  =   -104177.7355  EHBOND  =         0.0000  RESTRAINT  =         0.0000
 ------------------------------------------------------------------------------


 NSTEP =   650000   TIME(PS) =    1300.000  TEMP(K) =   295.21  PRESS =     0.0
 Etot   =    -68045.7640  EKtot   =     13009.9980  EPtot      =    -81055.7620
 BOND   =       548.6458  ANGLE   =      1652.0227  DIHED      =      1023.2540
 UB     =         0.0000  IMP     =         0.0000  CMAP       =       132.4405
 1-4 NB =       668.8127  1-4 EEL =     10228.5163  VDWAALS    =      8824.3882
 EELEC  =   -104133.8423  EHBOND  =         0.0000  RESTRAINT  =         0.0000
 ------------------------------------------------------------------------------


 NSTEP =   700000   TIME(PS) =    1400.000  TEMP(K) =   303.00  PRESS =     0.0
 Etot   =    -67898.3131  EKtot   =     13353.2178  EPtot      =    -81251.5309
 BOND   =       565.1622  ANGLE   =      1628.7528  DIHED      =       987.8805
 UB     =         0.0000  IMP     =         0.0000  CMAP       =       147.9355
 1-4 NB =       665.8037  1-4 EEL =     10290.0463  VDWAALS    =      9062.5418
 EELEC  =   -104599.6537  EHBOND  =         0.0000  RESTRAINT  =         0.0000
 ------------------------------------------------------------------------------


 NSTEP =   750000   TIME(PS) =    1500.000  TEMP(K) =   300.19  PRESS =     0.0
 Etot   =    -67902.3960  EKtot   =     13229.2559  EPtot      =    -81131.6519
 BOND   =       543.5980  ANGLE   =      1578.8649  DIHED      =      1011.1435
 UB     =         0.0000  IMP     =         0.0000  CMAP       =       148.0271
 1-4 NB =       651.6522  1-4 EEL =     10263.9340  VDWAALS    =      8850.1241
 EELEC  =   -104178.9957  EHBOND  =         0.0000  RESTRAINT  =         0.0000
 ------------------------------------------------------------------------------


 NSTEP =   800000   TIME(PS) =    1600.000  TEMP(K) =   301.10  PRESS =     0.0
 Etot   =    -67793.0832  EKtot   =     13269.4180  EPtot      =    -81062.5011
 BOND   =       577.6600  ANGLE   =      1570.3343  DIHED      =      1020.2941
 UB     =         0.0000  IMP     =         0.0000  CMAP       =       146.4520
 1-4 NB =       659.4840  1-4 EEL =     10283.9909  VDWAALS    =      9199.2780
 EELEC  =   -104519.9945  EHBOND  =         0.0000  RESTRAINT  =         0.0000
 ------------------------------------------------------------------------------


 NSTEP =   850000   TIME(PS) =    1700.000  TEMP(K) =   303.05  PRESS =     0.0
 Etot   =    -67573.1285  EKtot   =     13355.4141  EPtot      =    -80928.5425
 BOND   =       543.1964  ANGLE   =      1567.4404  DIHED      =      1065.2656
 UB     =         0.0000  IMP     =         0.0000  CMAP       =       146.7867
 1-4 NB =       671.6969  1-4 EEL =     10232.9897  VDWAALS    =      9033.1850
 EELEC  =   -104189.1032  EHBOND  =         0.0000  RESTRAINT  =         0.0000
 ------------------------------------------------------------------------------

wrapping first mol.:       64.90964        0.00000        0.00000

 NSTEP =   900000   TIME(PS) =    1800.000  TEMP(K) =   298.14  PRESS =     0.0
 Etot   =    -67756.3181  EKtot   =     13138.8945  EPtot      =    -80895.2127
 BOND   =       609.8246  ANGLE   =      1644.6319  DIHED      =      1034.0601
 UB     =         0.0000  IMP     =         0.0000  CMAP       =       144.1145
 1-4 NB =       673.0252  1-4 EEL =     10250.9401  VDWAALS    =      9067.3604
 EELEC  =   -104319.1694  EHBOND  =         0.0000  RESTRAINT  =         0.0000
 ------------------------------------------------------------------------------

wrapping first mol.:       64.90964        0.00000        0.00000
wrapping first mol.:       64.90964        0.00000        0.00000
wrapping first mol.:       64.90964        0.00000        0.00000
wrapping first mol.:       43.27310       61.19740        0.00000
wrapping first mol.:       43.27310       61.19740        0.00000

 NSTEP =   950000   TIME(PS) =    1900.000  TEMP(K) =   302.90  PRESS =     0.0
 Etot   =    -67724.4179  EKtot   =     13348.9619  EPtot      =    -81073.3798
 BOND   =       549.2748  ANGLE   =      1589.6353  DIHED      =      1038.4330
 UB     =         0.0000  IMP     =         0.0000  CMAP       =       134.8252
 1-4 NB =       667.5082  1-4 EEL =     10213.3996  VDWAALS    =      8870.1506
 EELEC  =   -104136.6064  EHBOND  =         0.0000  RESTRAINT  =         0.0000
 ------------------------------------------------------------------------------

wrapping first mol.:       43.27310       61.19740        0.00000
wrapping first mol.:       43.27310       61.19740        0.00000
wrapping first mol.:       43.27310       61.19740        0.00000
wrapping first mol.:      -21.63655       61.19740        0.00000
wrapping first mol.:      -21.63655       61.19740        0.00000
wrapping first mol.:      -21.63655       61.19740        0.00000
wrapping first mol.:      -21.63655       61.19740        0.00000
wrapping first mol.:      -21.63655       61.19740        0.00000

 NSTEP =  1000000   TIME(PS) =    2000.000  TEMP(K) =   301.74  PRESS =     0.0
 Etot   =    -67786.3087  EKtot   =     13297.7002  EPtot      =    -81084.0089
 BOND   =       533.8354  ANGLE   =      1619.6947  DIHED      =      1004.3936
 UB     =         0.0000  IMP     =         0.0000  CMAP       =       129.9891
 1-4 NB =       672.7394  1-4 EEL =     10276.5412  VDWAALS    =      8646.2523
 EELEC  =   -103967.4546  EHBOND  =         0.0000  RESTRAINT  =         0.0000
 ------------------------------------------------------------------------------

wrapping first mol.:      -21.63655       61.19740        0.00000

 NSTEP =  1050000   TIME(PS) =    2100.000  TEMP(K) =   299.14  PRESS =     0.0
 Etot   =    -67888.0730  EKtot   =     13183.0488  EPtot      =    -81071.1218
 BOND   =       553.2230  ANGLE   =      1592.3230  DIHED      =      1043.1388
 UB     =         0.0000  IMP     =         0.0000  CMAP       =       136.7603
 1-4 NB =       667.7023  1-4 EEL =     10265.6932  VDWAALS    =      8975.9676
 EELEC  =   -104305.9301  EHBOND  =         0.0000  RESTRAINT  =         0.0000
 ------------------------------------------------------------------------------


 NSTEP =  1100000   TIME(PS) =    2200.000  TEMP(K) =   304.05  PRESS =     0.0
 Etot   =    -67887.7203  EKtot   =     13399.6348  EPtot      =    -81287.3551
 BOND   =       560.7709  ANGLE   =      1593.4208  DIHED      =      1034.2007
 UB     =         0.0000  IMP     =         0.0000  CMAP       =       139.0020
 1-4 NB =       662.1820  1-4 EEL =     10264.1022  VDWAALS    =      8892.0431
 EELEC  =   -104433.0768  EHBOND  =         0.0000  RESTRAINT  =         0.0000
 ------------------------------------------------------------------------------


 NSTEP =  1150000   TIME(PS) =    2300.000  TEMP(K) =   297.34  PRESS =     0.0
 Etot   =    -67803.1747  EKtot   =     13103.5420  EPtot      =    -80906.7167
 BOND   =       563.1609  ANGLE   =      1631.0709  DIHED      =      1037.9662
 UB     =         0.0000  IMP     =         0.0000  CMAP       =       140.3127
 1-4 NB =       671.1030  1-4 EEL =     10226.4068  VDWAALS    =      8967.3712
 EELEC  =   -104144.1082  EHBOND  =         0.0000  RESTRAINT  =         0.0000
 ------------------------------------------------------------------------------


 NSTEP =  1200000   TIME(PS) =    2400.000  TEMP(K) =   298.31  PRESS =     0.0
 Etot   =    -67915.9721  EKtot   =     13146.4043  EPtot      =    -81062.3764
 BOND   =       565.6264  ANGLE   =      1593.6035  DIHED      =      1041.9533
 UB     =         0.0000  IMP     =         0.0000  CMAP       =       150.6695
 1-4 NB =       657.5928  1-4 EEL =     10283.3163  VDWAALS    =      8888.4981
 EELEC  =   -104243.6362  EHBOND  =         0.0000  RESTRAINT  =         0.0000
 ------------------------------------------------------------------------------


 NSTEP =  1250000   TIME(PS) =    2500.000  TEMP(K) =   299.43  PRESS =     0.0
 Etot   =    -67905.6877  EKtot   =     13195.8877  EPtot      =    -81101.5754
 BOND   =       582.8082  ANGLE   =      1672.8045  DIHED      =      1038.7432
 UB     =         0.0000  IMP     =         0.0000  CMAP       =       142.1897
 1-4 NB =       653.6508  1-4 EEL =     10289.8811  VDWAALS    =      8765.9537
 EELEC  =   -104247.6067  EHBOND  =         0.0000  RESTRAINT  =         0.0000
 ------------------------------------------------------------------------------


 NSTEP =  1300000   TIME(PS) =    2600.000  TEMP(K) =   300.50  PRESS =     0.0
 Etot   =    -68267.2486  EKtot   =     13242.8867  EPtot      =    -81510.1353
 BOND   =       553.8361  ANGLE   =      1565.4360  DIHED      =      1032.2521
 UB     =         0.0000  IMP     =         0.0000  CMAP       =       147.1437
 1-4 NB =       669.7153  1-4 EEL =     10216.2245  VDWAALS    =      8965.3250
 EELEC  =   -104660.0681  EHBOND  =         0.0000  RESTRAINT  =         0.0000
 ------------------------------------------------------------------------------


 NSTEP =  1350000   TIME(PS) =    2700.000  TEMP(K) =   303.44  PRESS =     0.0
 Etot   =    -67598.7979  EKtot   =     13372.6240  EPtot      =    -80971.4219
 BOND   =       597.1910  ANGLE   =      1646.7024  DIHED      =      1028.4482
 UB     =         0.0000  IMP     =         0.0000  CMAP       =       133.4528
 1-4 NB =       660.6376  1-4 EEL =     10248.5706  VDWAALS    =      9054.5258
 EELEC  =   -104340.9504  EHBOND  =         0.0000  RESTRAINT  =         0.0000
 ------------------------------------------------------------------------------


 NSTEP =  1400000   TIME(PS) =    2800.000  TEMP(K) =   303.35  PRESS =     0.0
 Etot   =    -67668.5631  EKtot   =     13368.6299  EPtot      =    -81037.1930
 BOND   =       587.6801  ANGLE   =      1642.8252  DIHED      =      1004.5485
 UB     =         0.0000  IMP     =         0.0000  CMAP       =       140.1348
 1-4 NB =       672.4363  1-4 EEL =     10243.1478  VDWAALS    =      8805.5859
 EELEC  =   -104133.5516  EHBOND  =         0.0000  RESTRAINT  =         0.0000
 ------------------------------------------------------------------------------


 NSTEP =  1450000   TIME(PS) =    2900.000  TEMP(K) =   300.98  PRESS =     0.0
 Etot   =    -67599.6611  EKtot   =     13264.1035  EPtot      =    -80863.7646
 BOND   =       584.4195  ANGLE   =      1696.5828  DIHED      =      1019.0777
 UB     =         0.0000  IMP     =         0.0000  CMAP       =       142.4208
 1-4 NB =       668.1812  1-4 EEL =     10254.0981  VDWAALS    =      8961.3508
 EELEC  =   -104189.8955  EHBOND  =         0.0000  RESTRAINT  =         0.0000
 ------------------------------------------------------------------------------


 NSTEP =  1500000   TIME(PS) =    3000.000  TEMP(K) =   295.58  PRESS =     0.0
 Etot   =    -68150.1356  EKtot   =     13026.2676  EPtot      =    -81176.4032
 BOND   =       561.9248  ANGLE   =      1630.1694  DIHED      =      1027.2320
 UB     =         0.0000  IMP     =         0.0000  CMAP       =       146.6975
 1-4 NB =       675.2067  1-4 EEL =     10266.0782  VDWAALS    =      9107.5236
 EELEC  =   -104591.2354  EHBOND  =         0.0000  RESTRAINT  =         0.0000
 ------------------------------------------------------------------------------


 NSTEP =  1550000   TIME(PS) =    3100.000  TEMP(K) =   295.40  PRESS =     0.0
 Etot   =    -68217.6060  EKtot   =     13018.3037  EPtot      =    -81235.9097
 BOND   =       581.0250  ANGLE   =      1572.6437  DIHED      =      1034.5014
 UB     =         0.0000  IMP     =         0.0000  CMAP       =       154.6019
 1-4 NB =       660.7231  1-4 EEL =     10212.9184  VDWAALS    =      9147.9782
 EELEC  =   -104600.3015  EHBOND  =         0.0000  RESTRAINT  =         0.0000
 ------------------------------------------------------------------------------


 NSTEP =  1600000   TIME(PS) =    3200.000  TEMP(K) =   299.01  PRESS =     0.0
 Etot   =    -67897.7231  EKtot   =     13177.4268  EPtot      =    -81075.1498
 BOND   =       588.4055  ANGLE   =      1656.5893  DIHED      =      1003.6142
 UB     =         0.0000  IMP     =         0.0000  CMAP       =       151.3576
 1-4 NB =       652.0259  1-4 EEL =     10272.5108  VDWAALS    =      8921.7855
 EELEC  =   -104321.4386  EHBOND  =         0.0000  RESTRAINT  =         0.0000
 ------------------------------------------------------------------------------


 NSTEP =  1650000   TIME(PS) =    3300.000  TEMP(K) =   297.88  PRESS =     0.0
 Etot   =    -68190.3630  EKtot   =     13127.6777  EPtot      =    -81318.0407
 BOND   =       541.8603  ANGLE   =      1599.6300  DIHED      =      1029.2911
 UB     =         0.0000  IMP     =         0.0000  CMAP       =       139.8796
 1-4 NB =       658.2119  1-4 EEL =     10211.8904  VDWAALS    =      9067.3261
 EELEC  =   -104566.1302  EHBOND  =         0.0000  RESTRAINT  =         0.0000
 ------------------------------------------------------------------------------


 NSTEP =  1700000   TIME(PS) =    3400.000  TEMP(K) =   303.32  PRESS =     0.0
 Etot   =    -67696.0987  EKtot   =     13367.4727  EPtot      =    -81063.5714
 BOND   =       564.1660  ANGLE   =      1573.8094  DIHED      =      1014.1516
 UB     =         0.0000  IMP     =         0.0000  CMAP       =       150.7636
 1-4 NB =       658.1364  1-4 EEL =     10240.1692  VDWAALS    =      8711.9570
 EELEC  =   -103976.7245  EHBOND  =         0.0000  RESTRAINT  =         0.0000
 ------------------------------------------------------------------------------


 NSTEP =  1750000   TIME(PS) =    3500.000  TEMP(K) =   297.62  PRESS =     0.0
 Etot   =    -68109.0311  EKtot   =     13116.0928  EPtot      =    -81225.1239
 BOND   =       548.1464  ANGLE   =      1578.2024  DIHED      =      1028.6919
 UB     =         0.0000  IMP     =         0.0000  CMAP       =       140.3424
 1-4 NB =       660.8147  1-4 EEL =     10252.7347  VDWAALS    =      8826.0895
 EELEC  =   -104260.1459  EHBOND  =         0.0000  RESTRAINT  =         0.0000
 ------------------------------------------------------------------------------


 NSTEP =  1800000   TIME(PS) =    3600.000  TEMP(K) =   302.45  PRESS =     0.0
 Etot   =    -67667.4659  EKtot   =     13329.0615  EPtot      =    -80996.5275
 BOND   =       590.5071  ANGLE   =      1640.0433  DIHED      =      1023.5627
 UB     =         0.0000  IMP     =         0.0000  CMAP       =       148.0005
 1-4 NB =       668.1243  1-4 EEL =     10187.7792  VDWAALS    =      8756.9987
 EELEC  =   -104011.5433  EHBOND  =         0.0000  RESTRAINT  =         0.0000
 ------------------------------------------------------------------------------


 NSTEP =  1850000   TIME(PS) =    3700.000  TEMP(K) =   301.18  PRESS =     0.0
 Etot   =    -67888.0834  EKtot   =     13273.0479  EPtot      =    -81161.1313
 BOND   =       545.2760  ANGLE   =      1646.0496  DIHED      =      1021.6069
 UB     =         0.0000  IMP     =         0.0000  CMAP       =       147.9640
 1-4 NB =       666.2161  1-4 EEL =     10250.6981  VDWAALS    =      8761.2532
 EELEC  =   -104200.1951  EHBOND  =         0.0000  RESTRAINT  =         0.0000
 ------------------------------------------------------------------------------


 NSTEP =  1900000   TIME(PS) =    3800.000  TEMP(K) =   300.17  PRESS =     0.0
 Etot   =    -67904.6861  EKtot   =     13228.5742  EPtot      =    -81133.2603
 BOND   =       550.2881  ANGLE   =      1594.7916  DIHED      =      1023.1861
 UB     =         0.0000  IMP     =         0.0000  CMAP       =       135.0664
 1-4 NB =       654.8570  1-4 EEL =     10242.5663  VDWAALS    =      8794.1390
 EELEC  =   -104128.1547  EHBOND  =         0.0000  RESTRAINT  =         0.0000
 ------------------------------------------------------------------------------


 NSTEP =  1950000   TIME(PS) =    3900.000  TEMP(K) =   299.58  PRESS =     0.0
 Etot   =    -68217.5372  EKtot   =     13202.4219  EPtot      =    -81419.9591
 BOND   =       523.0179  ANGLE   =      1598.5117  DIHED      =      1013.2200
 UB     =         0.0000  IMP     =         0.0000  CMAP       =       140.8647
 1-4 NB =       669.5522  1-4 EEL =     10267.4855  VDWAALS    =      8803.3204
 EELEC  =   -104435.9315  EHBOND  =         0.0000  RESTRAINT  =         0.0000
 ------------------------------------------------------------------------------


 NSTEP =  2000000   TIME(PS) =    4000.000  TEMP(K) =   301.90  PRESS =     0.0
 Etot   =    -67853.3062  EKtot   =     13304.5293  EPtot      =    -81157.8355
 BOND   =       566.9102  ANGLE   =      1606.0004  DIHED      =      1029.8908
 UB     =         0.0000  IMP     =         0.0000  CMAP       =       147.0683
 1-4 NB =       664.9811  1-4 EEL =     10290.8035  VDWAALS    =      8908.9339
 EELEC  =   -104372.4237  EHBOND  =         0.0000  RESTRAINT  =         0.0000
 ------------------------------------------------------------------------------


 NSTEP =  2050000   TIME(PS) =    4100.000  TEMP(K) =   297.62  PRESS =     0.0
 Etot   =    -68122.5530  EKtot   =     13115.8877  EPtot      =    -81238.4407
 BOND   =       540.6834  ANGLE   =      1546.3481  DIHED      =      1035.6834
 UB     =         0.0000  IMP     =         0.0000  CMAP       =       145.1745
 1-4 NB =       656.7834  1-4 EEL =     10296.6574  VDWAALS    =      8833.2763
 EELEC  =   -104293.0471  EHBOND  =         0.0000  RESTRAINT  =         0.0000
 ------------------------------------------------------------------------------


 NSTEP =  2100000   TIME(PS) =    4200.000  TEMP(K) =   301.27  PRESS =     0.0
 Etot   =    -67761.5806  EKtot   =     13276.7949  EPtot      =    -81038.3755
 BOND   =       578.2295  ANGLE   =      1589.5335  DIHED      =      1028.6101
 UB     =         0.0000  IMP     =         0.0000  CMAP       =       140.9411
 1-4 NB =       664.2385  1-4 EEL =     10218.3265  VDWAALS    =      8788.9932
 EELEC  =   -104047.2480  EHBOND  =         0.0000  RESTRAINT  =         0.0000
 ------------------------------------------------------------------------------


 NSTEP =  2150000   TIME(PS) =    4300.000  TEMP(K) =   299.63  PRESS =     0.0
 Etot   =    -67827.0985  EKtot   =     13204.5176  EPtot      =    -81031.6161
 BOND   =       550.5210  ANGLE   =      1627.2167  DIHED      =      1013.5656
 UB     =         0.0000  IMP     =         0.0000  CMAP       =       145.6570
 1-4 NB =       655.3347  1-4 EEL =     10263.4215  VDWAALS    =      9089.6224
 EELEC  =   -104376.9550  EHBOND  =         0.0000  RESTRAINT  =         0.0000
 ------------------------------------------------------------------------------


 NSTEP =  2200000   TIME(PS) =    4400.000  TEMP(K) =   298.77  PRESS =     0.0
 Etot   =    -67742.0424  EKtot   =     13166.9004  EPtot      =    -80908.9428
 BOND   =       545.2195  ANGLE   =      1627.2672  DIHED      =      1015.1667
 UB     =         0.0000  IMP     =         0.0000  CMAP       =       134.9578
 1-4 NB =       679.9233  1-4 EEL =     10254.7097  VDWAALS    =      8861.4593
 EELEC  =   -104027.6463  EHBOND  =         0.0000  RESTRAINT  =         0.0000
 ------------------------------------------------------------------------------


 NSTEP =  2250000   TIME(PS) =    4500.000  TEMP(K) =   298.72  PRESS =     0.0
 Etot   =    -68047.8432  EKtot   =     13164.6533  EPtot      =    -81212.4965
 BOND   =       589.6203  ANGLE   =      1598.1611  DIHED      =      1010.0012
 UB     =         0.0000  IMP     =         0.0000  CMAP       =       138.5426
 1-4 NB =       652.7264  1-4 EEL =     10242.8094  VDWAALS    =      8989.6143
 EELEC  =   -104433.9719  EHBOND  =         0.0000  RESTRAINT  =         0.0000
 ------------------------------------------------------------------------------

wrapping first mol.:       64.90964        0.00000        0.00000
wrapping first mol.:       64.90964        0.00000        0.00000
wrapping first mol.:       64.90964        0.00000        0.00000
wrapping first mol.:       64.90964        0.00000        0.00000
wrapping first mol.:       64.90964        0.00000        0.00000

 NSTEP =  2300000   TIME(PS) =    4600.000  TEMP(K) =   296.60  PRESS =     0.0
 Etot   =    -68046.7865  EKtot   =     13071.0254  EPtot      =    -81117.8119
 BOND   =       548.7186  ANGLE   =      1611.0729  DIHED      =      1019.1763
 UB     =         0.0000  IMP     =         0.0000  CMAP       =       145.6287
 1-4 NB =       661.4954  1-4 EEL =     10269.1624  VDWAALS    =      8969.3010
 EELEC  =   -104342.3674  EHBOND  =         0.0000  RESTRAINT  =         0.0000
 ------------------------------------------------------------------------------

wrapping first mol.:       64.90964        0.00000        0.00000
wrapping first mol.:       64.90964        0.00000        0.00000
wrapping first mol.:       64.90964        0.00000        0.00000
wrapping first mol.:       64.90964        0.00000        0.00000
wrapping first mol.:       64.90964        0.00000        0.00000
wrapping first mol.:       64.90964        0.00000        0.00000
wrapping first mol.:       64.90964        0.00000        0.00000
wrapping first mol.:       64.90964        0.00000        0.00000

 NSTEP =  2350000   TIME(PS) =    4700.000  TEMP(K) =   302.70  PRESS =     0.0
 Etot   =    -67716.4269  EKtot   =     13339.8721  EPtot      =    -81056.2990
 BOND   =       559.6195  ANGLE   =      1640.5805  DIHED      =      1037.8651
 UB     =         0.0000  IMP     =         0.0000  CMAP       =       137.9664
 1-4 NB =       653.6923  1-4 EEL =     10196.8915  VDWAALS    =      8715.5973
 EELEC  =   -103998.5114  EHBOND  =         0.0000  RESTRAINT  =         0.0000
 ------------------------------------------------------------------------------

wrapping first mol.:       64.90964        0.00000        0.00000
wrapping first mol.:       64.90964        0.00000        0.00000
wrapping first mol.:       64.90964        0.00000        0.00000
wrapping first mol.:       64.90964        0.00000        0.00000

 NSTEP =  2400000   TIME(PS) =    4800.000  TEMP(K) =   299.15  PRESS =     0.0
 Etot   =    -68151.5236  EKtot   =     13183.3994  EPtot      =    -81334.9230
 BOND   =       534.9687  ANGLE   =      1513.6780  DIHED      =      1021.9907
 UB     =         0.0000  IMP     =         0.0000  CMAP       =       146.9111
 1-4 NB =       657.8014  1-4 EEL =     10279.5010  VDWAALS    =      8969.0815
 EELEC  =   -104458.8554  EHBOND  =         0.0000  RESTRAINT  =         0.0000
 ------------------------------------------------------------------------------

wrapping first mol.:       64.90964        0.00000        0.00000
wrapping first mol.:       64.90964        0.00000        0.00000
wrapping first mol.:       64.90964        0.00000        0.00000
wrapping first mol.:       64.90964        0.00000        0.00000
wrapping first mol.:       64.90964        0.00000        0.00000
wrapping first mol.:       64.90964        0.00000        0.00000
wrapping first mol.:       64.90964        0.00000        0.00000
wrapping first mol.:       64.90964        0.00000        0.00000
wrapping first mol.:       64.90964        0.00000        0.00000
wrapping first mol.:       64.90964        0.00000        0.00000
wrapping first mol.:       64.90964        0.00000        0.00000

 NSTEP =  2450000   TIME(PS) =    4900.000  TEMP(K) =   303.62  PRESS =     0.0
 Etot   =    -67851.5282  EKtot   =     13380.3213  EPtot      =    -81231.8494
 BOND   =       542.4068  ANGLE   =      1580.9008  DIHED      =      1039.1961
 UB     =         0.0000  IMP     =         0.0000  CMAP       =       152.9326
 1-4 NB =       669.3837  1-4 EEL =     10240.6611  VDWAALS    =      8974.9350
 EELEC  =   -104432.2657  EHBOND  =         0.0000  RESTRAINT  =         0.0000
 ------------------------------------------------------------------------------

wrapping first mol.:       64.90964        0.00000        0.00000
wrapping first mol.:       64.90964        0.00000        0.00000
wrapping first mol.:       64.90964        0.00000        0.00000
wrapping first mol.:       64.90964        0.00000        0.00000
wrapping first mol.:       64.90964        0.00000        0.00000
wrapping first mol.:       64.90964        0.00000        0.00000
wrapping first mol.:       64.90964        0.00000        0.00000
wrapping first mol.:       64.90964        0.00000        0.00000
wrapping first mol.:       64.90964        0.00000        0.00000
wrapping first mol.:       64.90964        0.00000        0.00000

 NSTEP =  2500000   TIME(PS) =    5000.000  TEMP(K) =   299.02  PRESS =     0.0
 Etot   =    -67974.8371  EKtot   =     13177.7715  EPtot      =    -81152.6086
 BOND   =       557.9876  ANGLE   =      1609.0743  DIHED      =      1047.7145
 UB     =         0.0000  IMP     =         0.0000  CMAP       =       146.1097
 1-4 NB =       666.3635  1-4 EEL =     10213.9652  VDWAALS    =      8971.2017
 EELEC  =   -104365.0251  EHBOND  =         0.0000  RESTRAINT  =         0.0000
 ------------------------------------------------------------------------------


      A V E R A G E S   O V E R      50 S T E P S


 NSTEP =  2500000   TIME(PS) =    5000.000  TEMP(K) =   299.95  PRESS =     0.0
 Etot   =    -67899.4350  EKtot   =     13218.6849  EPtot      =    -81118.1199
 BOND   =       560.9335  ANGLE   =      1609.2827  DIHED      =      1026.8151
 UB     =         0.0000  IMP     =         0.0000  CMAP       =       142.5249
 1-4 NB =       662.6480  1-4 EEL =     10254.8140  VDWAALS    =      8902.0841
 EELEC  =   -104277.2223  EHBOND  =         0.0000  RESTRAINT  =         0.0000
 ------------------------------------------------------------------------------


      R M S  F L U C T U A T I O N S


 NSTEP =  2500000   TIME(PS) =    5000.000  TEMP(K) =     2.45  PRESS =     0.0
 Etot   =       179.2653  EKtot   =       107.8633  EPtot      =       133.0354
 BOND   =        20.7151  ANGLE   =        34.7485  DIHED      =        13.5987
 UB     =         0.0000  IMP     =         0.0000  CMAP       =         5.7261
 1-4 NB =         8.0709  1-4 EEL =        28.9599  VDWAALS    =       123.4645
 EELEC  =       170.8496  EHBOND  =         0.0000  RESTRAINT  =         0.0000
 ------------------------------------------------------------------------------

--------------------------------------------------------------------------------
   5.  TIMINGS
--------------------------------------------------------------------------------

|  NonSetup CPU Time in Major Routines:
|
|     Routine           Sec        %
|     ------------------------------
|     Nonbond         624.27   13.23
|     Bond              0.00    0.00
|     Angle             0.00    0.00
|     Dihedral          0.00    0.00
|     Shake            20.98    0.44
|     RunMD          4069.14   86.25
|     Other             3.57    0.08
|     ------------------------------
|     Total          4717.97

|  PME Nonbond Pairlist CPU Time:
|
|     Routine              Sec        %
|     ---------------------------------
|     Set Up Cit           0.00    0.00
|     Build List           0.00    0.00
|     ---------------------------------
|     Total                0.00    0.00

|  PME Direct Force CPU Time:
|
|     Routine              Sec        %
|     ---------------------------------
|     NonBonded Calc       0.00    0.00
|     Exclude Masked       0.00    0.00
|     Other                1.95    0.04
|     ---------------------------------
|     Total                1.95    0.04

|  PME Reciprocal Force CPU Time:
|
|     Routine              Sec        %
|     ---------------------------------
|     1D bspline           0.00    0.00
|     Grid Charges         0.00    0.00
|     Scalar Sum           0.00    0.00
|     Gradient Sum         0.00    0.00
|     FFT                  0.00    0.00
|     ---------------------------------
|     Total                0.00    0.00

|  Final Performance Info:
|     -----------------------------------------------------
|     Average timings for last       1 steps:
|     Elapsed(s) =       0.00 Per Step(ms) =       0.15
|         ns/day =    1128.85   seconds/ns =      76.54
|
|     Average timings for all steps:
|     Elapsed(s) =    4726.74 Per Step(ms) =       1.89
|         ns/day =      91.39   seconds/ns =     945.35
|     -----------------------------------------------------

|  Setup CPU time:            0.53 seconds
|  NonSetup CPU time:      4717.97 seconds
|  Total CPU time:         4718.50 seconds     1.31 hours

|  Setup wall time:           1    seconds
|  NonSetup wall time:     4727    seconds
|  Total wall time:        4728    seconds     1.31 hours
