
          -------------------------------------------------------
          Amber 18 PMEMD                              2018
          -------------------------------------------------------

| PMEMD implementation of SANDER, Release 18

| Run on 08/08/2020 at 21:03:43

|   Executable path: pmemd.cuda
| Working directory: /home/almacen/pbarletta/dynein/run/lb3f/1_pdt
|          Hostname: Unknown
  [-O]verwriting output

File Assignments:
|   MDIN: pre_pdt.in                                                            
|  MDOUT: 0pdt.out                                                              
| INPCRD: 1_lb3f.rst7                                                           
|   PARM: /home/almacen/pbarletta/dynein/top_files/lb3f.prmtop                  
| RESTRT: 0p1_lb3f.rst7                                                         
|   REFC: refc                                                                  
|  MDVEL: mdvel                                                                 
|   MDEN: mden                                                                  
|  MDCRD: 0p1_lb3f.nc                                                           
| MDINFO: mdinfo                                                                
|  MDFRC: mdfrc                                                                 


 Here is the input file:

Production run                                                                 
&cntrl                                                                         
imin = 0,                           ! No Minimization                          
nmropt = 0,                         ! No NMR restraints read                   
                                                                               
! Nature and format of the input                                               
ntx = 1,                            ! Coordinates but no velocities will be rea
irest = 0,                          ! Run a new simulation                     
                                                                               
! Nature and format of the output                                              
ntxo = 2,                           ! rstrt file in NetCDF format              
ntpr = 50000,                       ! inf in output every ntpr steps           
ntwr = 50000,                       ! rstrt file every ntwr steps              
ntwx = 5000,                        ! mdcrd file every ntwx steps              
ntwv = 0,                           ! mdvel without velocities                 
ntwe = 0,                           ! Energies and temperatures not written in 
idecomp = 0,                        ! No energy decomposition                  
iwrap = 1,                          ! Coordinates of the restart and mdcrd file
                                                                               
! Frozen or restrained atoms                                                   
ibelly = 0,                         ! No frozen atoms                          
ntr=0,                              ! Harmonic potential restraints            
                                                                               
! Molecular dynamics                                                           
nstlim = 2500000,                   ! Number of MD-steps                       
dt = 0.002,                         ! Time step                                
                                                                               
! Temperature regulation                                                       
ntt = 3,                            ! Langevin thermostat                      
gamma_ln = 2,                       ! Gamma constant for Langevin              
temp0 = 300.0,                      ! Reference T at which the system is to be 
tempi = 300.0,                      ! Initial T                                
ig = -1,                            ! Seed for the RNG                         
                                                                               
! P and V regulation                                                           
!barostat = 1,                      ! Berendsen barostat                       
!taup = 1,                          ! Pressure relaxation time                 
ntp = 0,                            ! constant V                               
ntb = 1,                            ! Periodic box for constant V              
                                                                               
! SHAKE variables                                                              
ntc = 2,                            ! Bonds involving H are constrained        
ntf = 2,                            ! Bond interaction involving H are ommited.
                                                                               
cut = 9.0,                          ! Nonbonded cutoff                         
/                                                                              
&end                                                                           


Note: ig = -1. Setting random seed to    60639 based on wallclock time in 
      microseconds.
| irandom = 1, using AMBER's internal random number generator (default).
 
|--------------------- INFORMATION ----------------------
| GPU (CUDA) Version of PMEMD in use: NVIDIA GPU IN USE.
|                    Version 18.0.0
| 
|                      03/25/2018
| 
| Implementation by:
|                    Ross C. Walker     (SDSC)
|                    Scott Le Grand     (nVIDIA)
| 
| Version 18 performance extensions by:
|                    David Cerutti     (Rutgers)
| 
| Precision model in use:
|      [SPFP] - Single Precision Forces, 64-bit Fixed Point
|               Accumulation. (Default)
| 
|--------------------------------------------------------
 
|----------------- CITATION INFORMATION -----------------
|
|    When publishing work that utilized the CUDA version
|    of AMBER, please cite the following in addition to
|    the regular AMBER citations:
|
|  - Romelia Salomon-Ferrer; Andreas W. Goetz; Duncan
|    Poole; Scott Le Grand; Ross C. Walker "Routine
|    microsecond molecular dynamics simulations with
|    AMBER - Part II: Particle Mesh Ewald", J. Chem.
|    Theory Comput., 2013, 9 (9), pp3878-3888,
|    DOI: 10.1021/ct400314y.
|
|  - Andreas W. Goetz; Mark J. Williamson; Dong Xu;
|    Duncan Poole; Scott Le Grand; Ross C. Walker
|    "Routine microsecond molecular dynamics simulations
|    with AMBER - Part I: Generalized Born", J. Chem.
|    Theory Comput., 2012, 8 (5), pp1542-1555.
|
|  - Scott Le Grand; Andreas W. Goetz; Ross C. Walker
|    "SPFP: Speed without compromise - a mixed precision
|    model for GPU accelerated molecular dynamics
|    simulations.", Comp. Phys. Comm., 2013, 184
|    pp374-380, DOI: 10.1016/j.cpc.2012.09.022
|
|--------------------------------------------------------
 
|------------------- GPU DEVICE INFO --------------------
|
|            CUDA_VISIBLE_DEVICES: 0
|   CUDA Capable Devices Detected:      1
|           CUDA Device ID in use:      0
|                CUDA Device Name: GeForce GTX 1080 Ti
|     CUDA Device Global Mem Size:  11178 MB
| CUDA Device Num Multiprocessors:     28
|           CUDA Device Core Freq:   1.72 GHz
|
|--------------------------------------------------------
 
 
| Conditional Compilation Defines Used:
| PUBFFT
| BINTRAJ
| CUDA
| EMIL

| Largest sphere to fit in unit cell has radius =    26.345

| New format PARM file being parsed.
| Version =    1.000 Date = 08/06/20 Time = 14:39:48

| Note: 1-4 EEL scale factors are being read from the topology file.

| Note: 1-4 VDW scale factors are being read from the topology file.
| Duplicated    0 dihedrals

| Duplicated    0 dihedrals

--------------------------------------------------------------------------------
   1.  RESOURCE   USE: 
--------------------------------------------------------------------------------

 getting new box info from bottom of inpcrd
 NATOM  =   27028 NTYPES =      19 NBONH =   19356 MBONA  =    7704
 NTHETH =    4024 MTHETA =    2516 NPHIH =    8244 MPHIA  =    8109
 NHPARM =       0 NPARM  =       0 NNB   =   60790 NRES   =    6092
 NBONA  =    7704 NTHETA =    2516 NPHIA =    8109 NUMBND =      78
 NUMANG =     185 NPTRA  =     201 NATYP =      39 NPHB   =       1
 IFBOX  =       2 NMXRS  =      24 IFCAP =       0 NEXTRA =    5858
 NCOPY  =       0


| Coordinate Index Table dimensions:    11   11   11
| Direct force subcell size =     5.8665    5.8665    5.8665

     BOX TYPE: TRUNCATED OCTAHEDRON

--------------------------------------------------------------------------------
   2.  CONTROL  DATA  FOR  THE  RUN
--------------------------------------------------------------------------------

default_name                                                                    

General flags:
     imin    =       0, nmropt  =       0

Nature and format of input:
     ntx     =       1, irest   =       0, ntrx    =       1

Nature and format of output:
     ntxo    =       2, ntpr    =   50000, ntrx    =       1, ntwr    =   50000
     iwrap   =       1, ntwx    =    5000, ntwv    =       0, ntwe    =       0
     ioutfm  =       1, ntwprt  =       0, idecomp =       0, rbornstat=      0

Potential function:
     ntf     =       2, ntb     =       1, igb     =       0, nsnb    =      25
     ipol    =       0, gbsa    =       0, iesp    =       0
     dielc   =   1.00000, cut     =   9.00000, intdiel =   1.00000

Frozen or restrained atoms:
     ibelly  =       0, ntr     =       0

Molecular dynamics:
     nstlim  =   2500000, nscm    =      1000, nrespa  =         1
     t       =   0.00000, dt      =   0.00200, vlimit  =  -1.00000

Langevin dynamics temperature regulation:
     ig      =   60639
     temp0   = 300.00000, tempi   = 300.00000, gamma_ln=   2.00000

SHAKE:
     ntc     =       2, jfastw  =       0
     tol     =   0.00001

| Intermolecular bonds treatment:
|     no_intermolecular_bonds =       1

| Energy averages sample interval:
|     ene_avg_sampling =   50000

Extra-points options:
     frameon =       1, chngmask=       1

Ewald parameters:
     verbose =       0, ew_type =       0, nbflag  =       1, use_pme =       1
     vdwmeth =       1, eedmeth =       1, netfrc  =       1
     Box X =   64.532   Box Y =   64.532   Box Z =   64.532
     Alpha =  109.471   Beta  =  109.471   Gamma =  109.471
     NFFT1 =   64       NFFT2 =   64       NFFT3 =   64
     Cutoff=    9.000   Tol   =0.100E-04
     Ewald Coefficient =  0.30768
     Interpolation order =    4
|      EXTRA_PTS, trim_bonds: num bonds BEFORE trim = 19356     0
|      EXTRA_PTS, trim_bonds: num bonds AFTER  trim = 19356     0
|      EXTRA_PTS, trim_bonds: num bonds BEFORE trim =  7704     0
|      EXTRA_PTS, trim_bonds: num bonds AFTER  trim =  1846     0
|      EXTRA_PTS, trim_theta: num angle BEFORE trim =  4024     0
|      EXTRA_PTS, trim_theta: num angle AFTER  trim =  4024     0
|      EXTRA_PTS, trim_theta: num angle BEFORE trim =  2516     0
|      EXTRA_PTS, trim_theta: num angle AFTER  trim =  2516     0
|      EXTRA_PTS, trim_phi:  num diheds BEFORE trim =  8244     0
|      EXTRA_PTS, trim_phi:  num diheds AFTER  trim =  8244     0
|      EXTRA_PTS, trim_phi:  num diheds BEFORE trim =  8109     0
|      EXTRA_PTS, trim_phi:  num diheds AFTER  trim =  8109     0

--------------------------------------------------------------------------------
   3.  ATOMIC COORDINATES AND VELOCITIES
--------------------------------------------------------------------------------

Cpptraj Generated Restart                                                       
 begin time read from input coords =141590.000 ps

 
 Number of triangulated 3-point waters found:     5858

     Sum of charges from parm topology file =   0.00003202
     Forcing neutrality...

| Dynamic Memory, Types Used:
| Reals              880148
| Integers          2148614

| Nonbonded Pairs Initial Allocation:     6162384

| GPU memory information (estimate):
| KB of GPU memory in use:         0
| KB of CPU memory in use:         0

--------------------------------------------------------------------------------
   4.  RESULTS
--------------------------------------------------------------------------------


 NSTEP =        0   TIME(PS) =       0.000  TEMP(K) =   431.73  PRESS =     0.0
 Etot   =    -60607.2482  EKtot   =     18940.6168  EPtot      =    -79547.8650
 BOND   =       722.6211  ANGLE   =      1755.0594  DIHED      =      1331.3676
 UB     =         0.0000  IMP     =         0.0000  CMAP       =       165.6785
 1-4 NB =       816.0986  1-4 EEL =     10764.3638  VDWAALS    =      8121.3127
 EELEC  =   -103224.3666  EHBOND  =         0.0000  RESTRAINT  =         0.0000
 ------------------------------------------------------------------------------

wrapping first mol.:       43.02104      -30.42046       52.68980
wrapping first mol.:       43.02104      -30.42046       52.68980
wrapping first mol.:       43.02104      -30.42046       52.68980
wrapping first mol.:       43.02104      -30.42046       52.68980
wrapping first mol.:       43.02104      -30.42046       52.68980
wrapping first mol.:       43.02104      -30.42046       52.68980
wrapping first mol.:       43.02104      -30.42046       52.68980
wrapping first mol.:       43.02104      -30.42046       52.68980
wrapping first mol.:       43.02104      -30.42046       52.68980
wrapping first mol.:       43.02104      -30.42046       52.68980
wrapping first mol.:       43.02104      -30.42046       52.68980

 NSTEP =    50000   TIME(PS) =     100.000  TEMP(K) =   299.35  PRESS =     0.0
 Etot   =    -66414.7023  EKtot   =     13132.6953  EPtot      =    -79547.3976
 BOND   =       729.0615  ANGLE   =      1784.3703  DIHED      =      1376.8142
 UB     =         0.0000  IMP     =         0.0000  CMAP       =       176.6340
 1-4 NB =       804.2413  1-4 EEL =     10715.3920  VDWAALS    =      8152.2270
 EELEC  =   -103286.1378  EHBOND  =         0.0000  RESTRAINT  =         0.0000
 ------------------------------------------------------------------------------

wrapping first mol.:       43.02104      -30.42046       52.68980
wrapping first mol.:       43.02104      -30.42046       52.68980
wrapping first mol.:       43.02104      -30.42046       52.68980
wrapping first mol.:       43.02104      -30.42046       52.68980
wrapping first mol.:       43.02104      -30.42046       52.68980
wrapping first mol.:       43.02104      -30.42046       52.68980
wrapping first mol.:       43.02104      -30.42046       52.68980
wrapping first mol.:       43.02104      -30.42046       52.68980
wrapping first mol.:       43.02104      -30.42046       52.68980
wrapping first mol.:       43.02104      -30.42046       52.68980
wrapping first mol.:       43.02104      -30.42046       52.68980

 NSTEP =   100000   TIME(PS) =     200.000  TEMP(K) =   296.35  PRESS =     0.0
 Etot   =    -66484.1004  EKtot   =     13001.0605  EPtot      =    -79485.1609
 BOND   =       704.6257  ANGLE   =      1765.8702  DIHED      =      1363.8693
 UB     =         0.0000  IMP     =         0.0000  CMAP       =       183.6368
 1-4 NB =       808.1717  1-4 EEL =     10769.4092  VDWAALS    =      7961.3331
 EELEC  =   -103042.0770  EHBOND  =         0.0000  RESTRAINT  =         0.0000
 ------------------------------------------------------------------------------

wrapping first mol.:       43.02104      -30.42046       52.68980
wrapping first mol.:       43.02104      -30.42046       52.68980
wrapping first mol.:       43.02104      -30.42046       52.68980
wrapping first mol.:       43.02104      -30.42046       52.68980
wrapping first mol.:       43.02104      -30.42046       52.68980
wrapping first mol.:       43.02104      -30.42046       52.68980
wrapping first mol.:       43.02104      -30.42046       52.68980
wrapping first mol.:       43.02104      -30.42046       52.68980
wrapping first mol.:       43.02104      -30.42046       52.68980
wrapping first mol.:       43.02104      -30.42046       52.68980
wrapping first mol.:       43.02104      -30.42046       52.68980

 NSTEP =   150000   TIME(PS) =     300.000  TEMP(K) =   298.07  PRESS =     0.0
 Etot   =    -66396.8530  EKtot   =     13076.7832  EPtot      =    -79473.6362
 BOND   =       658.3237  ANGLE   =      1800.4444  DIHED      =      1374.9336
 UB     =         0.0000  IMP     =         0.0000  CMAP       =       168.7914
 1-4 NB =       820.7717  1-4 EEL =     10705.8401  VDWAALS    =      8073.0737
 EELEC  =   -103075.8148  EHBOND  =         0.0000  RESTRAINT  =         0.0000
 ------------------------------------------------------------------------------

wrapping first mol.:       43.02104      -30.42046       52.68980
wrapping first mol.:       43.02104      -30.42046       52.68980
wrapping first mol.:       43.02104      -30.42046       52.68980
wrapping first mol.:       43.02104      -30.42046       52.68980
wrapping first mol.:       43.02104      -30.42046       52.68980
wrapping first mol.:       43.02104      -30.42046       52.68980
wrapping first mol.:       43.02104      -30.42046       52.68980
wrapping first mol.:       43.02104      -30.42046       52.68980
wrapping first mol.:       43.02104      -30.42046       52.68980
wrapping first mol.:       43.02104      -30.42046       52.68980
wrapping first mol.:       43.02104      -30.42046       52.68980

 NSTEP =   200000   TIME(PS) =     400.000  TEMP(K) =   300.34  PRESS =     0.0
 Etot   =    -66320.5739  EKtot   =     13176.1572  EPtot      =    -79496.7311
 BOND   =       712.1006  ANGLE   =      1770.5529  DIHED      =      1373.4407
 UB     =         0.0000  IMP     =         0.0000  CMAP       =       176.2114
 1-4 NB =       809.9758  1-4 EEL =     10749.3179  VDWAALS    =      8183.7255
 EELEC  =   -103272.0558  EHBOND  =         0.0000  RESTRAINT  =         0.0000
 ------------------------------------------------------------------------------

wrapping first mol.:       43.02104      -30.42046       52.68980
wrapping first mol.:       43.02104      -30.42046       52.68980
wrapping first mol.:       43.02104      -30.42046       52.68980
wrapping first mol.:       43.02104      -30.42046       52.68980
wrapping first mol.:       43.02104      -30.42046       52.68980
wrapping first mol.:       43.02104      -30.42046       52.68980
wrapping first mol.:       43.02104      -30.42046       52.68980
wrapping first mol.:       43.02104      -30.42046       52.68980
wrapping first mol.:       43.02104      -30.42046       52.68980
wrapping first mol.:       43.02104      -30.42046       52.68980
wrapping first mol.:       43.02104      -30.42046       52.68980

 NSTEP =   250000   TIME(PS) =     500.000  TEMP(K) =   302.25  PRESS =     0.0
 Etot   =    -65927.2422  EKtot   =     13260.0518  EPtot      =    -79187.2939
 BOND   =       707.1243  ANGLE   =      1795.4996  DIHED      =      1380.8896
 UB     =         0.0000  IMP     =         0.0000  CMAP       =       167.2149
 1-4 NB =       822.9200  1-4 EEL =     10733.2381  VDWAALS    =      8194.5077
 EELEC  =   -102988.6882  EHBOND  =         0.0000  RESTRAINT  =         0.0000
 ------------------------------------------------------------------------------

wrapping first mol.:       43.02104      -30.42046       52.68980
wrapping first mol.:       43.02104      -30.42046       52.68980
wrapping first mol.:       43.02104      -30.42046       52.68980
wrapping first mol.:       43.02104      -30.42046       52.68980
wrapping first mol.:       43.02104      -30.42046       52.68980
wrapping first mol.:       43.02104      -30.42046       52.68980
wrapping first mol.:       43.02104      -30.42046       52.68980
wrapping first mol.:       43.02104      -30.42046       52.68980
wrapping first mol.:       43.02104      -30.42046       52.68980
wrapping first mol.:       43.02104      -30.42046       52.68980
wrapping first mol.:       43.02104      -30.42046       52.68980

 NSTEP =   300000   TIME(PS) =     600.000  TEMP(K) =   298.47  PRESS =     0.0
 Etot   =    -66183.8625  EKtot   =     13094.4170  EPtot      =    -79278.2795
 BOND   =       662.9078  ANGLE   =      1824.8086  DIHED      =      1367.8397
 UB     =         0.0000  IMP     =         0.0000  CMAP       =       167.8827
 1-4 NB =       816.8959  1-4 EEL =     10714.5452  VDWAALS    =      7931.3655
 EELEC  =   -102764.5248  EHBOND  =         0.0000  RESTRAINT  =         0.0000
 ------------------------------------------------------------------------------

wrapping first mol.:       43.02104      -30.42046       52.68980
wrapping first mol.:       43.02104      -30.42046       52.68980
wrapping first mol.:       43.02104      -30.42046       52.68980
wrapping first mol.:       43.02104      -30.42046       52.68980
wrapping first mol.:       43.02104      -30.42046       52.68980
wrapping first mol.:       43.02104      -30.42046       52.68980
wrapping first mol.:       43.02104      -30.42046       52.68980
wrapping first mol.:       43.02104      -30.42046       52.68980
wrapping first mol.:       43.02104      -30.42046       52.68980
wrapping first mol.:       43.02104      -30.42046       52.68980
wrapping first mol.:       43.02104      -30.42046       52.68980

 NSTEP =   350000   TIME(PS) =     700.000  TEMP(K) =   298.04  PRESS =     0.0
 Etot   =    -66278.4132  EKtot   =     13075.4229  EPtot      =    -79353.8361
 BOND   =       682.0386  ANGLE   =      1813.6510  DIHED      =      1393.8467
 UB     =         0.0000  IMP     =         0.0000  CMAP       =       176.8071
 1-4 NB =       809.0213  1-4 EEL =     10743.3724  VDWAALS    =      7914.2798
 EELEC  =   -102886.8530  EHBOND  =         0.0000  RESTRAINT  =         0.0000
 ------------------------------------------------------------------------------

wrapping first mol.:       43.02104      -30.42046       52.68980
wrapping first mol.:       43.02104      -30.42046       52.68980
wrapping first mol.:       43.02104      -30.42046       52.68980
wrapping first mol.:       43.02104      -30.42046       52.68980
wrapping first mol.:       43.02104      -30.42046       52.68980
wrapping first mol.:       43.02104      -30.42046       52.68980
wrapping first mol.:       43.02104      -30.42046       52.68980
wrapping first mol.:       43.02104      -30.42046       52.68980
wrapping first mol.:       43.02104      -30.42046       52.68980
wrapping first mol.:       43.02104      -30.42046       52.68980
wrapping first mol.:       43.02104      -30.42046       52.68980

 NSTEP =   400000   TIME(PS) =     800.000  TEMP(K) =   299.77  PRESS =     0.0
 Etot   =    -66639.2417  EKtot   =     13151.0957  EPtot      =    -79790.3374
 BOND   =       691.2828  ANGLE   =      1810.1895  DIHED      =      1317.1219
 UB     =         0.0000  IMP     =         0.0000  CMAP       =       172.0662
 1-4 NB =       792.9044  1-4 EEL =     10715.1048  VDWAALS    =      8215.0408
 EELEC  =   -103504.0476  EHBOND  =         0.0000  RESTRAINT  =         0.0000
 ------------------------------------------------------------------------------

wrapping first mol.:       43.02104      -30.42046       52.68980
wrapping first mol.:       43.02104      -30.42046       52.68980
wrapping first mol.:       43.02104      -30.42046       52.68980
wrapping first mol.:       43.02104      -30.42046       52.68980
wrapping first mol.:       43.02104      -30.42046       52.68980
wrapping first mol.:       43.02104      -30.42046       52.68980
wrapping first mol.:       43.02104      -30.42046       52.68980
wrapping first mol.:       43.02104      -30.42046       52.68980
wrapping first mol.:       43.02104      -30.42046       52.68980
wrapping first mol.:       43.02104      -30.42046       52.68980
wrapping first mol.:       43.02104      -30.42046       52.68980

 NSTEP =   450000   TIME(PS) =     900.000  TEMP(K) =   298.02  PRESS =     0.0
 Etot   =    -66218.7271  EKtot   =     13074.4893  EPtot      =    -79293.2163
 BOND   =       667.2374  ANGLE   =      1817.4119  DIHED      =      1360.4269
 UB     =         0.0000  IMP     =         0.0000  CMAP       =       172.3943
 1-4 NB =       779.0283  1-4 EEL =     10751.5117  VDWAALS    =      7922.4309
 EELEC  =   -102763.6578  EHBOND  =         0.0000  RESTRAINT  =         0.0000
 ------------------------------------------------------------------------------

wrapping first mol.:       43.02104      -30.42046       52.68980
wrapping first mol.:       43.02104      -30.42046       52.68980
wrapping first mol.:       43.02104      -30.42046       52.68980
wrapping first mol.:       43.02104      -30.42046       52.68980
wrapping first mol.:       43.02104      -30.42046       52.68980
wrapping first mol.:       43.02104      -30.42046       52.68980
wrapping first mol.:       43.02104      -30.42046       52.68980
wrapping first mol.:       43.02104      -30.42046       52.68980
wrapping first mol.:       43.02104      -30.42046       52.68980
wrapping first mol.:       43.02104      -30.42046       52.68980
wrapping first mol.:       43.02104      -30.42046       52.68980

 NSTEP =   500000   TIME(PS) =    1000.000  TEMP(K) =   301.51  PRESS =     0.0
 Etot   =    -66123.0500  EKtot   =     13227.7119  EPtot      =    -79350.7619
 BOND   =       682.6332  ANGLE   =      1778.1578  DIHED      =      1379.2590
 UB     =         0.0000  IMP     =         0.0000  CMAP       =       174.3133
 1-4 NB =       828.7387  1-4 EEL =     10743.6538  VDWAALS    =      8185.2972
 EELEC  =   -103122.8148  EHBOND  =         0.0000  RESTRAINT  =         0.0000
 ------------------------------------------------------------------------------

wrapping first mol.:       43.02104      -30.42046       52.68980
wrapping first mol.:       43.02104      -30.42046       52.68980
wrapping first mol.:       43.02104      -30.42046       52.68980
wrapping first mol.:       43.02104      -30.42046       52.68980
wrapping first mol.:       43.02104      -30.42046       52.68980
wrapping first mol.:       43.02104      -30.42046       52.68980
wrapping first mol.:       43.02104      -30.42046       52.68980
wrapping first mol.:       43.02104      -30.42046       52.68980
wrapping first mol.:       43.02104      -30.42046       52.68980
wrapping first mol.:       43.02104      -30.42046       52.68980
wrapping first mol.:       43.02104      -30.42046       52.68980

 NSTEP =   550000   TIME(PS) =    1100.000  TEMP(K) =   299.13  PRESS =     0.0
 Etot   =    -66386.7186  EKtot   =     13123.1758  EPtot      =    -79509.8944
 BOND   =       664.3247  ANGLE   =      1784.0398  DIHED      =      1339.4493
 UB     =         0.0000  IMP     =         0.0000  CMAP       =       172.9478
 1-4 NB =       797.6242  1-4 EEL =     10791.5316  VDWAALS    =      8066.3039
 EELEC  =   -103126.1157  EHBOND  =         0.0000  RESTRAINT  =         0.0000
 ------------------------------------------------------------------------------

wrapping first mol.:       43.02104      -30.42046       52.68980
wrapping first mol.:       43.02104      -30.42046       52.68980
wrapping first mol.:       43.02104      -30.42046       52.68980
wrapping first mol.:       43.02104      -30.42046       52.68980
wrapping first mol.:       43.02104      -30.42046       52.68980
wrapping first mol.:       43.02104      -30.42046       52.68980
wrapping first mol.:       43.02104      -30.42046       52.68980
wrapping first mol.:       43.02104      -30.42046       52.68980
wrapping first mol.:       43.02104      -30.42046       52.68980
wrapping first mol.:       43.02104      -30.42046       52.68980
wrapping first mol.:       43.02104      -30.42046       52.68980

 NSTEP =   600000   TIME(PS) =    1200.000  TEMP(K) =   298.79  PRESS =     0.0
 Etot   =    -66404.0464  EKtot   =     13108.2246  EPtot      =    -79512.2710
 BOND   =       682.0239  ANGLE   =      1760.2033  DIHED      =      1361.4431
 UB     =         0.0000  IMP     =         0.0000  CMAP       =       180.2429
 1-4 NB =       800.5198  1-4 EEL =     10713.5107  VDWAALS    =      8157.8542
 EELEC  =   -103168.0689  EHBOND  =         0.0000  RESTRAINT  =         0.0000
 ------------------------------------------------------------------------------

wrapping first mol.:       43.02104      -30.42046       52.68980
wrapping first mol.:       43.02104      -30.42046       52.68980
wrapping first mol.:       43.02104      -30.42046       52.68980
wrapping first mol.:       43.02104      -30.42046       52.68980
wrapping first mol.:       43.02104      -30.42046       52.68980
wrapping first mol.:       43.02104      -30.42046       52.68980
wrapping first mol.:       43.02104      -30.42046       52.68980
wrapping first mol.:       43.02104      -30.42046       52.68980
wrapping first mol.:       43.02104      -30.42046       52.68980
wrapping first mol.:       43.02104      -30.42046       52.68980
wrapping first mol.:       43.02104      -30.42046       52.68980

 NSTEP =   650000   TIME(PS) =    1300.000  TEMP(K) =   297.99  PRESS =     0.0
 Etot   =    -66277.1042  EKtot   =     13073.0361  EPtot      =    -79350.1403
 BOND   =       658.3452  ANGLE   =      1851.4714  DIHED      =      1352.4779
 UB     =         0.0000  IMP     =         0.0000  CMAP       =       187.0208
 1-4 NB =       808.9494  1-4 EEL =     10738.7917  VDWAALS    =      8076.5414
 EELEC  =   -103023.7380  EHBOND  =         0.0000  RESTRAINT  =         0.0000
 ------------------------------------------------------------------------------

wrapping first mol.:       43.02104      -30.42046       52.68980
wrapping first mol.:       43.02104      -30.42046       52.68980
wrapping first mol.:       43.02104      -30.42046       52.68980
wrapping first mol.:       43.02104      -30.42046       52.68980
wrapping first mol.:       43.02104      -30.42046       52.68980
wrapping first mol.:       43.02104      -30.42046       52.68980
wrapping first mol.:       43.02104      -30.42046       52.68980
wrapping first mol.:       43.02104      -30.42046       52.68980
wrapping first mol.:       43.02104      -30.42046       52.68980
wrapping first mol.:       43.02104      -30.42046       52.68980
wrapping first mol.:       43.02104      -30.42046       52.68980

 NSTEP =   700000   TIME(PS) =    1400.000  TEMP(K) =   300.55  PRESS =     0.0
 Etot   =    -66028.1242  EKtot   =     13185.5996  EPtot      =    -79213.7238
 BOND   =       669.6586  ANGLE   =      1786.6892  DIHED      =      1349.6080
 UB     =         0.0000  IMP     =         0.0000  CMAP       =       158.5062
 1-4 NB =       833.1049  1-4 EEL =     10763.3038  VDWAALS    =      8114.3471
 EELEC  =   -102888.9416  EHBOND  =         0.0000  RESTRAINT  =         0.0000
 ------------------------------------------------------------------------------

wrapping first mol.:       43.02104      -30.42046       52.68980
wrapping first mol.:       43.02104      -30.42046       52.68980
wrapping first mol.:       43.02104      -30.42046       52.68980
wrapping first mol.:       43.02104      -30.42046       52.68980
wrapping first mol.:       43.02104      -30.42046       52.68980
wrapping first mol.:       43.02104      -30.42046       52.68980
wrapping first mol.:       43.02104      -30.42046       52.68980
wrapping first mol.:       43.02104      -30.42046       52.68980
wrapping first mol.:       43.02104      -30.42046       52.68980
wrapping first mol.:       43.02104      -30.42046       52.68980
wrapping first mol.:       43.02104      -30.42046       52.68980

 NSTEP =   750000   TIME(PS) =    1500.000  TEMP(K) =   299.77  PRESS =     0.0
 Etot   =    -66486.0898  EKtot   =     13151.1289  EPtot      =    -79637.2187
 BOND   =       665.8308  ANGLE   =      1782.6416  DIHED      =      1376.4031
 UB     =         0.0000  IMP     =         0.0000  CMAP       =       167.2168
 1-4 NB =       809.2435  1-4 EEL =     10748.0700  VDWAALS    =      8177.3477
 EELEC  =   -103363.9721  EHBOND  =         0.0000  RESTRAINT  =         0.0000
 ------------------------------------------------------------------------------

wrapping first mol.:       43.02104      -30.42046       52.68980
wrapping first mol.:       43.02104      -30.42046       52.68980
wrapping first mol.:       43.02104      -30.42046       52.68980
wrapping first mol.:       43.02104      -30.42046       52.68980
wrapping first mol.:       43.02104      -30.42046       52.68980
wrapping first mol.:       43.02104      -30.42046       52.68980
wrapping first mol.:       43.02104      -30.42046       52.68980
wrapping first mol.:       43.02104      -30.42046       52.68980
wrapping first mol.:       43.02104      -30.42046       52.68980
wrapping first mol.:       43.02104      -30.42046       52.68980
wrapping first mol.:       43.02104      -30.42046       52.68980

 NSTEP =   800000   TIME(PS) =    1600.000  TEMP(K) =   297.24  PRESS =     0.0
 Etot   =    -66433.0940  EKtot   =     13040.4170  EPtot      =    -79473.5110
 BOND   =       713.5522  ANGLE   =      1839.5125  DIHED      =      1360.9327
 UB     =         0.0000  IMP     =         0.0000  CMAP       =       158.3848
 1-4 NB =       817.1499  1-4 EEL =     10734.1381  VDWAALS    =      8111.2884
 EELEC  =   -103208.4697  EHBOND  =         0.0000  RESTRAINT  =         0.0000
 ------------------------------------------------------------------------------

wrapping first mol.:       43.02104      -30.42046       52.68980
wrapping first mol.:       43.02104      -30.42046       52.68980
wrapping first mol.:       43.02104      -30.42046       52.68980
wrapping first mol.:       43.02104      -30.42046       52.68980
wrapping first mol.:       43.02104      -30.42046       52.68980
wrapping first mol.:       43.02104      -30.42046       52.68980
wrapping first mol.:       43.02104      -30.42046       52.68980
wrapping first mol.:       43.02104      -30.42046       52.68980
wrapping first mol.:       43.02104      -30.42046       52.68980
wrapping first mol.:       43.02104      -30.42046       52.68980
wrapping first mol.:       43.02104      -30.42046       52.68980

 NSTEP =   850000   TIME(PS) =    1700.000  TEMP(K) =   303.09  PRESS =     0.0
 Etot   =    -66242.1858  EKtot   =     13297.0020  EPtot      =    -79539.1878
 BOND   =       670.1141  ANGLE   =      1830.3835  DIHED      =      1354.2684
 UB     =         0.0000  IMP     =         0.0000  CMAP       =       167.0795
 1-4 NB =       833.4116  1-4 EEL =     10735.7645  VDWAALS    =      8276.3144
 EELEC  =   -103406.5239  EHBOND  =         0.0000  RESTRAINT  =         0.0000
 ------------------------------------------------------------------------------

wrapping first mol.:       43.02104      -30.42046       52.68980
wrapping first mol.:       43.02104      -30.42046       52.68980
wrapping first mol.:       43.02104      -30.42046       52.68980
wrapping first mol.:       43.02104      -30.42046       52.68980
wrapping first mol.:       43.02104      -30.42046       52.68980
wrapping first mol.:       43.02104      -30.42046       52.68980
wrapping first mol.:       43.02104      -30.42046       52.68980
wrapping first mol.:       43.02104      -30.42046       52.68980
wrapping first mol.:       43.02104      -30.42046       52.68980
wrapping first mol.:       43.02104      -30.42046       52.68980
wrapping first mol.:       43.02104      -30.42046       52.68980

 NSTEP =   900000   TIME(PS) =    1800.000  TEMP(K) =   299.08  PRESS =     0.0
 Etot   =    -66326.6956  EKtot   =     13121.0537  EPtot      =    -79447.7493
 BOND   =       684.4596  ANGLE   =      1842.3626  DIHED      =      1351.2457
 UB     =         0.0000  IMP     =         0.0000  CMAP       =       162.7967
 1-4 NB =       806.8746  1-4 EEL =     10729.1090  VDWAALS    =      8217.4120
 EELEC  =   -103242.0096  EHBOND  =         0.0000  RESTRAINT  =         0.0000
 ------------------------------------------------------------------------------

wrapping first mol.:       43.02104      -30.42046       52.68980
wrapping first mol.:       43.02104      -30.42046       52.68980
wrapping first mol.:       43.02104      -30.42046       52.68980
wrapping first mol.:       43.02104      -30.42046       52.68980
wrapping first mol.:       43.02104      -30.42046       52.68980
wrapping first mol.:       43.02104      -30.42046       52.68980
wrapping first mol.:       43.02104      -30.42046       52.68980
wrapping first mol.:       43.02104      -30.42046       52.68980
wrapping first mol.:       43.02104      -30.42046       52.68980
wrapping first mol.:       43.02104      -30.42046       52.68980
wrapping first mol.:       43.02104      -30.42046       52.68980

 NSTEP =   950000   TIME(PS) =    1900.000  TEMP(K) =   301.87  PRESS =     0.0
 Etot   =    -66219.0124  EKtot   =     13243.2178  EPtot      =    -79462.2302
 BOND   =       659.1129  ANGLE   =      1734.8588  DIHED      =      1372.8003
 UB     =         0.0000  IMP     =         0.0000  CMAP       =       180.9701
 1-4 NB =       832.5594  1-4 EEL =     10802.8884  VDWAALS    =      8309.5047
 EELEC  =   -103354.9249  EHBOND  =         0.0000  RESTRAINT  =         0.0000
 ------------------------------------------------------------------------------

wrapping first mol.:       43.02104      -30.42046       52.68980
wrapping first mol.:       43.02104      -30.42046       52.68980
wrapping first mol.:       43.02104      -30.42046       52.68980
wrapping first mol.:       43.02104      -30.42046       52.68980
wrapping first mol.:       43.02104      -30.42046       52.68980
wrapping first mol.:       43.02104      -30.42046       52.68980
wrapping first mol.:       43.02104      -30.42046       52.68980
wrapping first mol.:       43.02104      -30.42046       52.68980
wrapping first mol.:       43.02104      -30.42046       52.68980
wrapping first mol.:       43.02104      -30.42046       52.68980
wrapping first mol.:       43.02104      -30.42046       52.68980

 NSTEP =  1000000   TIME(PS) =    2000.000  TEMP(K) =   298.49  PRESS =     0.0
 Etot   =    -66368.7083  EKtot   =     13095.1787  EPtot      =    -79463.8870
 BOND   =       668.1303  ANGLE   =      1771.5339  DIHED      =      1356.7749
 UB     =         0.0000  IMP     =         0.0000  CMAP       =       166.8895
 1-4 NB =       816.9302  1-4 EEL =     10661.7450  VDWAALS    =      8018.3048
 EELEC  =   -102924.1957  EHBOND  =         0.0000  RESTRAINT  =         0.0000
 ------------------------------------------------------------------------------

wrapping first mol.:       43.02104      -30.42046       52.68980
wrapping first mol.:       43.02104      -30.42046       52.68980
wrapping first mol.:       43.02104      -30.42046       52.68980
wrapping first mol.:       43.02104      -30.42046       52.68980
wrapping first mol.:       43.02104      -30.42046       52.68980
wrapping first mol.:       43.02104      -30.42046       52.68980
wrapping first mol.:       43.02104      -30.42046       52.68980
wrapping first mol.:       43.02104      -30.42046       52.68980
wrapping first mol.:       43.02104      -30.42046       52.68980
wrapping first mol.:       43.02104      -30.42046       52.68980
wrapping first mol.:       43.02104      -30.42046       52.68980

 NSTEP =  1050000   TIME(PS) =    2100.000  TEMP(K) =   298.98  PRESS =     0.0
 Etot   =    -66407.8825  EKtot   =     13116.5850  EPtot      =    -79524.4675
 BOND   =       687.7546  ANGLE   =      1794.1065  DIHED      =      1374.5210
 UB     =         0.0000  IMP     =         0.0000  CMAP       =       170.4257
 1-4 NB =       819.8480  1-4 EEL =     10740.8242  VDWAALS    =      8339.1332
 EELEC  =   -103451.0806  EHBOND  =         0.0000  RESTRAINT  =         0.0000
 ------------------------------------------------------------------------------

wrapping first mol.:       43.02104      -30.42046       52.68980
wrapping first mol.:       43.02104      -30.42046       52.68980
wrapping first mol.:       43.02104      -30.42046       52.68980
wrapping first mol.:       43.02104      -30.42046       52.68980
wrapping first mol.:       43.02104      -30.42046       52.68980
wrapping first mol.:       43.02104      -30.42046       52.68980
wrapping first mol.:       43.02104      -30.42046       52.68980
wrapping first mol.:       43.02104      -30.42046       52.68980
wrapping first mol.:       43.02104      -30.42046       52.68980
wrapping first mol.:       43.02104      -30.42046       52.68980
wrapping first mol.:       43.02104      -30.42046       52.68980

 NSTEP =  1100000   TIME(PS) =    2200.000  TEMP(K) =   298.29  PRESS =     0.0
 Etot   =    -66204.5229  EKtot   =     13086.1338  EPtot      =    -79290.6567
 BOND   =       676.5056  ANGLE   =      1743.4595  DIHED      =      1348.0973
 UB     =         0.0000  IMP     =         0.0000  CMAP       =       172.3635
 1-4 NB =       795.5704  1-4 EEL =     10747.4476  VDWAALS    =      7813.6078
 EELEC  =   -102587.7083  EHBOND  =         0.0000  RESTRAINT  =         0.0000
 ------------------------------------------------------------------------------

wrapping first mol.:       43.02104      -30.42046       52.68980
wrapping first mol.:       43.02104      -30.42046       52.68980
wrapping first mol.:       43.02104      -30.42046       52.68980
wrapping first mol.:       43.02104      -30.42046       52.68980
wrapping first mol.:       43.02104      -30.42046       52.68980
wrapping first mol.:       43.02104      -30.42046       52.68980
wrapping first mol.:       43.02104      -30.42046       52.68980
wrapping first mol.:       43.02104      -30.42046       52.68980
wrapping first mol.:       43.02104      -30.42046       52.68980
wrapping first mol.:       43.02104      -30.42046       52.68980
wrapping first mol.:       43.02104      -30.42046       52.68980

 NSTEP =  1150000   TIME(PS) =    2300.000  TEMP(K) =   301.35  PRESS =     0.0
 Etot   =    -66196.5854  EKtot   =     13220.5059  EPtot      =    -79417.0913
 BOND   =       685.3721  ANGLE   =      1794.1024  DIHED      =      1358.2216
 UB     =         0.0000  IMP     =         0.0000  CMAP       =       161.1906
 1-4 NB =       818.7823  1-4 EEL =     10782.8279  VDWAALS    =      7942.4526
 EELEC  =   -102960.0408  EHBOND  =         0.0000  RESTRAINT  =         0.0000
 ------------------------------------------------------------------------------

wrapping first mol.:       43.02104      -30.42046       52.68980
wrapping first mol.:       43.02104      -30.42046       52.68980
wrapping first mol.:       43.02104      -30.42046       52.68980
wrapping first mol.:       43.02104      -30.42046       52.68980
wrapping first mol.:       43.02104      -30.42046       52.68980
wrapping first mol.:       43.02104      -30.42046       52.68980
wrapping first mol.:       43.02104      -30.42046       52.68980
wrapping first mol.:       43.02104      -30.42046       52.68980
wrapping first mol.:       43.02104      -30.42046       52.68980
wrapping first mol.:       43.02104      -30.42046       52.68980
wrapping first mol.:       43.02104      -30.42046       52.68980

 NSTEP =  1200000   TIME(PS) =    2400.000  TEMP(K) =   299.60  PRESS =     0.0
 Etot   =    -66307.0094  EKtot   =     13143.8506  EPtot      =    -79450.8600
 BOND   =       692.1102  ANGLE   =      1815.9128  DIHED      =      1329.8427
 UB     =         0.0000  IMP     =         0.0000  CMAP       =       179.2725
 1-4 NB =       808.5293  1-4 EEL =     10661.4185  VDWAALS    =      7941.9131
 EELEC  =   -102879.8592  EHBOND  =         0.0000  RESTRAINT  =         0.0000
 ------------------------------------------------------------------------------

wrapping first mol.:       43.02104      -30.42046       52.68980
wrapping first mol.:       43.02104      -30.42046       52.68980
wrapping first mol.:       43.02104      -30.42046       52.68980
wrapping first mol.:       43.02104      -30.42046       52.68980
wrapping first mol.:       43.02104      -30.42046       52.68980
wrapping first mol.:       43.02104      -30.42046       52.68980
wrapping first mol.:       43.02104      -30.42046       52.68980
wrapping first mol.:       43.02104      -30.42046       52.68980
wrapping first mol.:       43.02104      -30.42046       52.68980
wrapping first mol.:       43.02104      -30.42046       52.68980
wrapping first mol.:       43.02104      -30.42046       52.68980

 NSTEP =  1250000   TIME(PS) =    2500.000  TEMP(K) =   297.89  PRESS =     0.0
 Etot   =    -66465.0248  EKtot   =     13068.7441  EPtot      =    -79533.7689
 BOND   =       674.1877  ANGLE   =      1822.0456  DIHED      =      1308.7554
 UB     =         0.0000  IMP     =         0.0000  CMAP       =       177.8283
 1-4 NB =       825.2818  1-4 EEL =     10682.1497  VDWAALS    =      8063.6933
 EELEC  =   -103087.7106  EHBOND  =         0.0000  RESTRAINT  =         0.0000
 ------------------------------------------------------------------------------

wrapping first mol.:       43.02104      -30.42046       52.68980
wrapping first mol.:       43.02104      -30.42046       52.68980
wrapping first mol.:       43.02104      -30.42046       52.68980
wrapping first mol.:       43.02104      -30.42046       52.68980
wrapping first mol.:       43.02104      -30.42046       52.68980
wrapping first mol.:       43.02104      -30.42046       52.68980
wrapping first mol.:       43.02104      -30.42046       52.68980
wrapping first mol.:       43.02104      -30.42046       52.68980
wrapping first mol.:       43.02104      -30.42046       52.68980
wrapping first mol.:       43.02104      -30.42046       52.68980
wrapping first mol.:       43.02104      -30.42046       52.68980

 NSTEP =  1300000   TIME(PS) =    2600.000  TEMP(K) =   300.44  PRESS =     0.0
 Etot   =    -66252.9910  EKtot   =     13180.5498  EPtot      =    -79433.5408
 BOND   =       668.1031  ANGLE   =      1779.9177  DIHED      =      1353.0460
 UB     =         0.0000  IMP     =         0.0000  CMAP       =       164.0692
 1-4 NB =       803.4316  1-4 EEL =     10763.4535  VDWAALS    =      8023.3037
 EELEC  =   -102988.8657  EHBOND  =         0.0000  RESTRAINT  =         0.0000
 ------------------------------------------------------------------------------

wrapping first mol.:       43.02104      -30.42046       52.68980
wrapping first mol.:       43.02104      -30.42046       52.68980
wrapping first mol.:       43.02104      -30.42046       52.68980
wrapping first mol.:       43.02104      -30.42046       52.68980
wrapping first mol.:       43.02104      -30.42046       52.68980
wrapping first mol.:       43.02104      -30.42046       52.68980
wrapping first mol.:       43.02104      -30.42046       52.68980
wrapping first mol.:       43.02104      -30.42046       52.68980
wrapping first mol.:       43.02104      -30.42046       52.68980
wrapping first mol.:       43.02104      -30.42046       52.68980
wrapping first mol.:       43.02104      -30.42046       52.68980

 NSTEP =  1350000   TIME(PS) =    2700.000  TEMP(K) =   300.09  PRESS =     0.0
 Etot   =    -66496.3553  EKtot   =     13165.1973  EPtot      =    -79661.5525
 BOND   =       663.4119  ANGLE   =      1790.0028  DIHED      =      1329.9262
 UB     =         0.0000  IMP     =         0.0000  CMAP       =       166.6989
 1-4 NB =       810.7476  1-4 EEL =     10694.0119  VDWAALS    =      7989.5375
 EELEC  =   -103105.8894  EHBOND  =         0.0000  RESTRAINT  =         0.0000
 ------------------------------------------------------------------------------

wrapping first mol.:       43.02104      -30.42046       52.68980
wrapping first mol.:       43.02104      -30.42046       52.68980
wrapping first mol.:       43.02104      -30.42046       52.68980
wrapping first mol.:       43.02104      -30.42046       52.68980
wrapping first mol.:       43.02104      -30.42046       52.68980
wrapping first mol.:       43.02104      -30.42046       52.68980
wrapping first mol.:       43.02104      -30.42046       52.68980
wrapping first mol.:       43.02104      -30.42046       52.68980
wrapping first mol.:       43.02104      -30.42046       52.68980
wrapping first mol.:       43.02104      -30.42046       52.68980
wrapping first mol.:       43.02104      -30.42046       52.68980

 NSTEP =  1400000   TIME(PS) =    2800.000  TEMP(K) =   299.06  PRESS =     0.0
 Etot   =    -66408.0818  EKtot   =     13120.1133  EPtot      =    -79528.1951
 BOND   =       680.0391  ANGLE   =      1815.4769  DIHED      =      1326.4678
 UB     =         0.0000  IMP     =         0.0000  CMAP       =       175.4318
 1-4 NB =       815.7245  1-4 EEL =     10682.9384  VDWAALS    =      8082.3547
 EELEC  =   -103106.6284  EHBOND  =         0.0000  RESTRAINT  =         0.0000
 ------------------------------------------------------------------------------

wrapping first mol.:       43.02104      -30.42046       52.68980
wrapping first mol.:       43.02104      -30.42046       52.68980
wrapping first mol.:       43.02104      -30.42046       52.68980
wrapping first mol.:       43.02104      -30.42046       52.68980
wrapping first mol.:       43.02104      -30.42046       52.68980
wrapping first mol.:       43.02104      -30.42046       52.68980
wrapping first mol.:       43.02104      -30.42046       52.68980
wrapping first mol.:       43.02104      -30.42046       52.68980
wrapping first mol.:       43.02104      -30.42046       52.68980
wrapping first mol.:       43.02104      -30.42046       52.68980
wrapping first mol.:       43.02104      -30.42046       52.68980

 NSTEP =  1450000   TIME(PS) =    2900.000  TEMP(K) =   299.36  PRESS =     0.0
 Etot   =    -66385.3725  EKtot   =     13133.4287  EPtot      =    -79518.8012
 BOND   =       672.6039  ANGLE   =      1797.6625  DIHED      =      1352.8206
 UB     =         0.0000  IMP     =         0.0000  CMAP       =       161.1964
 1-4 NB =       808.7928  1-4 EEL =     10683.6767  VDWAALS    =      8127.5204
 EELEC  =   -103123.0746  EHBOND  =         0.0000  RESTRAINT  =         0.0000
 ------------------------------------------------------------------------------

wrapping first mol.:       43.02104      -30.42046       52.68980
wrapping first mol.:       43.02104      -30.42046       52.68980
wrapping first mol.:       43.02104      -30.42046       52.68980
wrapping first mol.:       43.02104      -30.42046       52.68980
wrapping first mol.:       43.02104      -30.42046       52.68980
wrapping first mol.:       43.02104      -30.42046       52.68980
wrapping first mol.:       43.02104      -30.42046       52.68980
wrapping first mol.:       43.02104      -30.42046       52.68980
wrapping first mol.:       43.02104      -30.42046       52.68980
wrapping first mol.:       43.02104      -30.42046       52.68980
wrapping first mol.:       43.02104      -30.42046       52.68980

 NSTEP =  1500000   TIME(PS) =    3000.000  TEMP(K) =   299.11  PRESS =     0.0
 Etot   =    -66290.3149  EKtot   =     13122.1211  EPtot      =    -79412.4360
 BOND   =       672.6116  ANGLE   =      1809.5814  DIHED      =      1365.6044
 UB     =         0.0000  IMP     =         0.0000  CMAP       =       168.6010
 1-4 NB =       816.6911  1-4 EEL =     10739.5683  VDWAALS    =      7951.9004
 EELEC  =   -102936.9942  EHBOND  =         0.0000  RESTRAINT  =         0.0000
 ------------------------------------------------------------------------------

wrapping first mol.:       43.02104      -30.42046       52.68980
wrapping first mol.:       43.02104      -30.42046       52.68980
wrapping first mol.:       43.02104      -30.42046       52.68980
wrapping first mol.:       43.02104      -30.42046       52.68980
wrapping first mol.:       43.02104      -30.42046       52.68980
wrapping first mol.:       43.02104      -30.42046       52.68980
wrapping first mol.:       43.02104      -30.42046       52.68980
wrapping first mol.:       43.02104      -30.42046       52.68980
wrapping first mol.:       43.02104      -30.42046       52.68980
wrapping first mol.:       43.02104      -30.42046       52.68980
wrapping first mol.:       43.02104      -30.42046       52.68980

 NSTEP =  1550000   TIME(PS) =    3100.000  TEMP(K) =   296.36  PRESS =     0.0
 Etot   =    -66500.0518  EKtot   =     13001.8145  EPtot      =    -79501.8663
 BOND   =       693.2017  ANGLE   =      1820.1697  DIHED      =      1367.1926
 UB     =         0.0000  IMP     =         0.0000  CMAP       =       182.8223
 1-4 NB =       798.3233  1-4 EEL =     10677.8941  VDWAALS    =      8154.4308
 EELEC  =   -103195.9008  EHBOND  =         0.0000  RESTRAINT  =         0.0000
 ------------------------------------------------------------------------------

wrapping first mol.:       43.02104      -30.42046       52.68980
wrapping first mol.:       43.02104      -30.42046       52.68980
wrapping first mol.:       43.02104      -30.42046       52.68980
wrapping first mol.:       43.02104      -30.42046       52.68980
wrapping first mol.:       43.02104      -30.42046       52.68980
wrapping first mol.:       43.02104      -30.42046       52.68980
wrapping first mol.:       43.02104      -30.42046       52.68980
wrapping first mol.:       43.02104      -30.42046       52.68980
wrapping first mol.:       43.02104      -30.42046       52.68980
wrapping first mol.:       43.02104      -30.42046       52.68980
wrapping first mol.:       43.02104      -30.42046       52.68980

 NSTEP =  1600000   TIME(PS) =    3200.000  TEMP(K) =   297.48  PRESS =     0.0
 Etot   =    -66393.6105  EKtot   =     13050.6270  EPtot      =    -79444.2375
 BOND   =       689.7764  ANGLE   =      1815.5733  DIHED      =      1356.7734
 UB     =         0.0000  IMP     =         0.0000  CMAP       =       173.6377
 1-4 NB =       796.6657  1-4 EEL =     10703.2345  VDWAALS    =      7924.0064
 EELEC  =   -102903.9050  EHBOND  =         0.0000  RESTRAINT  =         0.0000
 ------------------------------------------------------------------------------

wrapping first mol.:       43.02104      -30.42046       52.68980
wrapping first mol.:       43.02104      -30.42046       52.68980
wrapping first mol.:       43.02104      -30.42046       52.68980
wrapping first mol.:       43.02104      -30.42046       52.68980
wrapping first mol.:       43.02104      -30.42046       52.68980
wrapping first mol.:       43.02104      -30.42046       52.68980
wrapping first mol.:       43.02104      -30.42046       52.68980
wrapping first mol.:       43.02104      -30.42046       52.68980
wrapping first mol.:       43.02104      -30.42046       52.68980
wrapping first mol.:       43.02104      -30.42046       52.68980
wrapping first mol.:       43.02104      -30.42046       52.68980

 NSTEP =  1650000   TIME(PS) =    3300.000  TEMP(K) =   298.61  PRESS =     0.0
 Etot   =    -66576.2481  EKtot   =     13100.4639  EPtot      =    -79676.7120
 BOND   =       710.0730  ANGLE   =      1776.9061  DIHED      =      1347.5113
 UB     =         0.0000  IMP     =         0.0000  CMAP       =       169.7564
 1-4 NB =       802.8581  1-4 EEL =     10640.2583  VDWAALS    =      7868.0287
 EELEC  =   -102992.1039  EHBOND  =         0.0000  RESTRAINT  =         0.0000
 ------------------------------------------------------------------------------

wrapping first mol.:       43.02104      -30.42046       52.68980
wrapping first mol.:       43.02104      -30.42046       52.68980
wrapping first mol.:       43.02104      -30.42046       52.68980
wrapping first mol.:       43.02104      -30.42046       52.68980
wrapping first mol.:       43.02104      -30.42046       52.68980
wrapping first mol.:       43.02104      -30.42046       52.68980
wrapping first mol.:       43.02104      -30.42046       52.68980
wrapping first mol.:       43.02104      -30.42046       52.68980
wrapping first mol.:       43.02104      -30.42046       52.68980
wrapping first mol.:       43.02104      -30.42046       52.68980
wrapping first mol.:       43.02104      -30.42046       52.68980

 NSTEP =  1700000   TIME(PS) =    3400.000  TEMP(K) =   301.95  PRESS =     0.0
 Etot   =    -66012.4655  EKtot   =     13246.9209  EPtot      =    -79259.3864
 BOND   =       685.9248  ANGLE   =      1820.7050  DIHED      =      1371.5943
 UB     =         0.0000  IMP     =         0.0000  CMAP       =       172.9813
 1-4 NB =       819.4504  1-4 EEL =     10713.8071  VDWAALS    =      7866.1424
 EELEC  =   -102709.9916  EHBOND  =         0.0000  RESTRAINT  =         0.0000
 ------------------------------------------------------------------------------

wrapping first mol.:       43.02104      -30.42046       52.68980
wrapping first mol.:       43.02104      -30.42046       52.68980
wrapping first mol.:       43.02104      -30.42046       52.68980
wrapping first mol.:       43.02104      -30.42046       52.68980
wrapping first mol.:       43.02104      -30.42046       52.68980
wrapping first mol.:       43.02104      -30.42046       52.68980
wrapping first mol.:       43.02104      -30.42046       52.68980
wrapping first mol.:       43.02104      -30.42046       52.68980
wrapping first mol.:       43.02104      -30.42046       52.68980
wrapping first mol.:       43.02104      -30.42046       52.68980
wrapping first mol.:       43.02104      -30.42046       52.68980

 NSTEP =  1750000   TIME(PS) =    3500.000  TEMP(K) =   299.47  PRESS =     0.0
 Etot   =    -66244.5144  EKtot   =     13138.0576  EPtot      =    -79382.5720
 BOND   =       666.6061  ANGLE   =      1776.6158  DIHED      =      1385.4014
 UB     =         0.0000  IMP     =         0.0000  CMAP       =       163.3818
 1-4 NB =       826.3823  1-4 EEL =     10725.2308  VDWAALS    =      8284.3507
 EELEC  =   -103210.5409  EHBOND  =         0.0000  RESTRAINT  =         0.0000
 ------------------------------------------------------------------------------

wrapping first mol.:       43.02104      -30.42046       52.68980
wrapping first mol.:       43.02104      -30.42046       52.68980
wrapping first mol.:       43.02104      -30.42046       52.68980
wrapping first mol.:       43.02104      -30.42046       52.68980
wrapping first mol.:       43.02104      -30.42046       52.68980
wrapping first mol.:       43.02104      -30.42046       52.68980
wrapping first mol.:       43.02104      -30.42046       52.68980
wrapping first mol.:       43.02104      -30.42046       52.68980
wrapping first mol.:       43.02104      -30.42046       52.68980
wrapping first mol.:       43.02104      -30.42046       52.68980
wrapping first mol.:       43.02104      -30.42046       52.68980

 NSTEP =  1800000   TIME(PS) =    3600.000  TEMP(K) =   299.01  PRESS =     0.0
 Etot   =    -66509.6931  EKtot   =     13117.7178  EPtot      =    -79627.4109
 BOND   =       712.9770  ANGLE   =      1714.9882  DIHED      =      1362.1733
 UB     =         0.0000  IMP     =         0.0000  CMAP       =       158.9591
 1-4 NB =       821.9743  1-4 EEL =     10731.8644  VDWAALS    =      8295.2101
 EELEC  =   -103425.5572  EHBOND  =         0.0000  RESTRAINT  =         0.0000
 ------------------------------------------------------------------------------

wrapping first mol.:       43.02104      -30.42046       52.68980
wrapping first mol.:       43.02104      -30.42046       52.68980
wrapping first mol.:       43.02104      -30.42046       52.68980
wrapping first mol.:       43.02104      -30.42046       52.68980
wrapping first mol.:       43.02104      -30.42046       52.68980
wrapping first mol.:       43.02104      -30.42046       52.68980
wrapping first mol.:       43.02104      -30.42046       52.68980
wrapping first mol.:       43.02104      -30.42046       52.68980
wrapping first mol.:       43.02104      -30.42046       52.68980
wrapping first mol.:       43.02104      -30.42046       52.68980
wrapping first mol.:       43.02104      -30.42046       52.68980

 NSTEP =  1850000   TIME(PS) =    3700.000  TEMP(K) =   299.55  PRESS =     0.0
 Etot   =    -66312.5873  EKtot   =     13141.8203  EPtot      =    -79454.4076
 BOND   =       687.7421  ANGLE   =      1801.5128  DIHED      =      1332.5906
 UB     =         0.0000  IMP     =         0.0000  CMAP       =       163.4609
 1-4 NB =       811.8149  1-4 EEL =     10726.6032  VDWAALS    =      7843.0231
 EELEC  =   -102821.1551  EHBOND  =         0.0000  RESTRAINT  =         0.0000
 ------------------------------------------------------------------------------

wrapping first mol.:       43.02104      -30.42046       52.68980
wrapping first mol.:       43.02104      -30.42046       52.68980
wrapping first mol.:       43.02104      -30.42046       52.68980
wrapping first mol.:       43.02104      -30.42046       52.68980
wrapping first mol.:       43.02104      -30.42046       52.68980
wrapping first mol.:       43.02104      -30.42046       52.68980
wrapping first mol.:       43.02104      -30.42046       52.68980
wrapping first mol.:       43.02104      -30.42046       52.68980
wrapping first mol.:       43.02104      -30.42046       52.68980
wrapping first mol.:       43.02104      -30.42046       52.68980
wrapping first mol.:       43.02104      -30.42046       52.68980

 NSTEP =  1900000   TIME(PS) =    3800.000  TEMP(K) =   298.51  PRESS =     0.0
 Etot   =    -66360.7949  EKtot   =     13096.1533  EPtot      =    -79456.9482
 BOND   =       677.8741  ANGLE   =      1818.4649  DIHED      =      1349.7521
 UB     =         0.0000  IMP     =         0.0000  CMAP       =       154.2151
 1-4 NB =       817.9998  1-4 EEL =     10718.2266  VDWAALS    =      8258.3415
 EELEC  =   -103251.8223  EHBOND  =         0.0000  RESTRAINT  =         0.0000
 ------------------------------------------------------------------------------

wrapping first mol.:       43.02104      -30.42046       52.68980
wrapping first mol.:       43.02104      -30.42046       52.68980
wrapping first mol.:       43.02104      -30.42046       52.68980
wrapping first mol.:       43.02104      -30.42046       52.68980
wrapping first mol.:       43.02104      -30.42046       52.68980
wrapping first mol.:       43.02104      -30.42046       52.68980
wrapping first mol.:       43.02104      -30.42046       52.68980
wrapping first mol.:       43.02104      -30.42046       52.68980
wrapping first mol.:       43.02104      -30.42046       52.68980
wrapping first mol.:       43.02104      -30.42046       52.68980
wrapping first mol.:       43.02104      -30.42046       52.68980

 NSTEP =  1950000   TIME(PS) =    3900.000  TEMP(K) =   299.65  PRESS =     0.0
 Etot   =    -66185.0212  EKtot   =     13146.1572  EPtot      =    -79331.1784
 BOND   =       693.2897  ANGLE   =      1715.6108  DIHED      =      1362.6577
 UB     =         0.0000  IMP     =         0.0000  CMAP       =       172.2157
 1-4 NB =       823.4734  1-4 EEL =     10724.7891  VDWAALS    =      8007.5867
 EELEC  =   -102830.8014  EHBOND  =         0.0000  RESTRAINT  =         0.0000
 ------------------------------------------------------------------------------

wrapping first mol.:       43.02104      -30.42046       52.68980
wrapping first mol.:       43.02104      -30.42046       52.68980
wrapping first mol.:       43.02104      -30.42046       52.68980
wrapping first mol.:       43.02104      -30.42046       52.68980
wrapping first mol.:       43.02104      -30.42046       52.68980
wrapping first mol.:       43.02104      -30.42046       52.68980
wrapping first mol.:       43.02104      -30.42046       52.68980
wrapping first mol.:       43.02104      -30.42046       52.68980
wrapping first mol.:       43.02104      -30.42046       52.68980
wrapping first mol.:       43.02104      -30.42046       52.68980
wrapping first mol.:       43.02104      -30.42046       52.68980

 NSTEP =  2000000   TIME(PS) =    4000.000  TEMP(K) =   297.79  PRESS =     0.0
 Etot   =    -66233.1282  EKtot   =     13064.2471  EPtot      =    -79297.3752
 BOND   =       728.1986  ANGLE   =      1760.3324  DIHED      =      1379.5366
 UB     =         0.0000  IMP     =         0.0000  CMAP       =       165.6473
 1-4 NB =       825.3906  1-4 EEL =     10700.2261  VDWAALS    =      7921.7902
 EELEC  =   -102778.4971  EHBOND  =         0.0000  RESTRAINT  =         0.0000
 ------------------------------------------------------------------------------

wrapping first mol.:       43.02104      -30.42046       52.68980
wrapping first mol.:       43.02104      -30.42046       52.68980
wrapping first mol.:       43.02104      -30.42046       52.68980
wrapping first mol.:       43.02104      -30.42046       52.68980
wrapping first mol.:       43.02104      -30.42046       52.68980
wrapping first mol.:       43.02104      -30.42046       52.68980
wrapping first mol.:       43.02104      -30.42046       52.68980
wrapping first mol.:       43.02104      -30.42046       52.68980
wrapping first mol.:       43.02104      -30.42046       52.68980
wrapping first mol.:       43.02104      -30.42046       52.68980
wrapping first mol.:       43.02104      -30.42046       52.68980

 NSTEP =  2050000   TIME(PS) =    4100.000  TEMP(K) =   299.19  PRESS =     0.0
 Etot   =    -66359.0566  EKtot   =     13125.9492  EPtot      =    -79485.0058
 BOND   =       651.3011  ANGLE   =      1819.1767  DIHED      =      1349.8698
 UB     =         0.0000  IMP     =         0.0000  CMAP       =       164.3303
 1-4 NB =       819.3253  1-4 EEL =     10621.5033  VDWAALS    =      8067.9763
 EELEC  =   -102978.4886  EHBOND  =         0.0000  RESTRAINT  =         0.0000
 ------------------------------------------------------------------------------

wrapping first mol.:       43.02104      -30.42046       52.68980
wrapping first mol.:       43.02104      -30.42046       52.68980
wrapping first mol.:       43.02104      -30.42046       52.68980
wrapping first mol.:       43.02104      -30.42046       52.68980
wrapping first mol.:       43.02104      -30.42046       52.68980
wrapping first mol.:       43.02104      -30.42046       52.68980
wrapping first mol.:       43.02104      -30.42046       52.68980
wrapping first mol.:       43.02104      -30.42046       52.68980
wrapping first mol.:       43.02104      -30.42046       52.68980
wrapping first mol.:       43.02104      -30.42046       52.68980
wrapping first mol.:       43.02104      -30.42046       52.68980

 NSTEP =  2100000   TIME(PS) =    4200.000  TEMP(K) =   300.28  PRESS =     0.0
 Etot   =    -66305.8167  EKtot   =     13173.7666  EPtot      =    -79479.5833
 BOND   =       678.3516  ANGLE   =      1766.6624  DIHED      =      1375.3160
 UB     =         0.0000  IMP     =         0.0000  CMAP       =       172.7921
 1-4 NB =       815.5009  1-4 EEL =     10658.9023  VDWAALS    =      8157.3163
 EELEC  =   -103104.4248  EHBOND  =         0.0000  RESTRAINT  =         0.0000
 ------------------------------------------------------------------------------

wrapping first mol.:       43.02104      -30.42046       52.68980
wrapping first mol.:       43.02104      -30.42046       52.68980
wrapping first mol.:       43.02104      -30.42046       52.68980
wrapping first mol.:       43.02104      -30.42046       52.68980
wrapping first mol.:       43.02104      -30.42046       52.68980
wrapping first mol.:       43.02104      -30.42046       52.68980
wrapping first mol.:       43.02104      -30.42046       52.68980
wrapping first mol.:       43.02104      -30.42046       52.68980
wrapping first mol.:       43.02104      -30.42046       52.68980
wrapping first mol.:       43.02104      -30.42046       52.68980
wrapping first mol.:       43.02104      -30.42046       52.68980

 NSTEP =  2150000   TIME(PS) =    4300.000  TEMP(K) =   296.53  PRESS =     0.0
 Etot   =    -66351.8908  EKtot   =     13009.2725  EPtot      =    -79361.1633
 BOND   =       738.7748  ANGLE   =      1809.7815  DIHED      =      1331.7834
 UB     =         0.0000  IMP     =         0.0000  CMAP       =       165.3614
 1-4 NB =       806.5129  1-4 EEL =     10710.3049  VDWAALS    =      7892.0244
 EELEC  =   -102815.7066  EHBOND  =         0.0000  RESTRAINT  =         0.0000
 ------------------------------------------------------------------------------

wrapping first mol.:       43.02104      -30.42046       52.68980
wrapping first mol.:       43.02104      -30.42046       52.68980
wrapping first mol.:       43.02104      -30.42046       52.68980
wrapping first mol.:       43.02104      -30.42046       52.68980
wrapping first mol.:       43.02104      -30.42046       52.68980
wrapping first mol.:       43.02104      -30.42046       52.68980
wrapping first mol.:       43.02104      -30.42046       52.68980
wrapping first mol.:       43.02104      -30.42046       52.68980
wrapping first mol.:       43.02104      -30.42046       52.68980
wrapping first mol.:       43.02104      -30.42046       52.68980
wrapping first mol.:       43.02104      -30.42046       52.68980

 NSTEP =  2200000   TIME(PS) =    4400.000  TEMP(K) =   298.11  PRESS =     0.0
 Etot   =    -66466.5899  EKtot   =     13078.3213  EPtot      =    -79544.9111
 BOND   =       684.1477  ANGLE   =      1793.4051  DIHED      =      1352.7221
 UB     =         0.0000  IMP     =         0.0000  CMAP       =       162.0076
 1-4 NB =       813.1099  1-4 EEL =     10678.0147  VDWAALS    =      8154.3219
 EELEC  =   -103182.6402  EHBOND  =         0.0000  RESTRAINT  =         0.0000
 ------------------------------------------------------------------------------

wrapping first mol.:       43.02104      -30.42046       52.68980
wrapping first mol.:       43.02104      -30.42046       52.68980
wrapping first mol.:       43.02104      -30.42046       52.68980
wrapping first mol.:       43.02104      -30.42046       52.68980
wrapping first mol.:       43.02104      -30.42046       52.68980
wrapping first mol.:       43.02104      -30.42046       52.68980
wrapping first mol.:       43.02104      -30.42046       52.68980
wrapping first mol.:       43.02104      -30.42046       52.68980
wrapping first mol.:       43.02104      -30.42046       52.68980
wrapping first mol.:       43.02104      -30.42046       52.68980
wrapping first mol.:       43.02104      -30.42046       52.68980

 NSTEP =  2250000   TIME(PS) =    4500.000  TEMP(K) =   301.89  PRESS =     0.0
 Etot   =    -65977.6145  EKtot   =     13244.1914  EPtot      =    -79221.8059
 BOND   =       694.6094  ANGLE   =      1770.9570  DIHED      =      1334.5429
 UB     =         0.0000  IMP     =         0.0000  CMAP       =       182.3405
 1-4 NB =       813.5436  1-4 EEL =     10668.7725  VDWAALS    =      7943.8590
 EELEC  =   -102630.4306  EHBOND  =         0.0000  RESTRAINT  =         0.0000
 ------------------------------------------------------------------------------

wrapping first mol.:       43.02104      -30.42046       52.68980
wrapping first mol.:       43.02104      -30.42046       52.68980
wrapping first mol.:       43.02104      -30.42046       52.68980
wrapping first mol.:       43.02104      -30.42046       52.68980
wrapping first mol.:       43.02104      -30.42046       52.68980
wrapping first mol.:       43.02104      -30.42046       52.68980
wrapping first mol.:       43.02104      -30.42046       52.68980
wrapping first mol.:       43.02104      -30.42046       52.68980
wrapping first mol.:       43.02104      -30.42046       52.68980
wrapping first mol.:       43.02104      -30.42046       52.68980
wrapping first mol.:       43.02104      -30.42046       52.68980

 NSTEP =  2300000   TIME(PS) =    4600.000  TEMP(K) =   297.79  PRESS =     0.0
 Etot   =    -66397.8381  EKtot   =     13064.5645  EPtot      =    -79462.4025
 BOND   =       676.6793  ANGLE   =      1816.0681  DIHED      =      1345.8533
 UB     =         0.0000  IMP     =         0.0000  CMAP       =       183.0529
 1-4 NB =       793.5984  1-4 EEL =     10640.7474  VDWAALS    =      8032.4424
 EELEC  =   -102950.8444  EHBOND  =         0.0000  RESTRAINT  =         0.0000
 ------------------------------------------------------------------------------

wrapping first mol.:       43.02104      -30.42046       52.68980
wrapping first mol.:       43.02104      -30.42046       52.68980
wrapping first mol.:       43.02104      -30.42046       52.68980
wrapping first mol.:       43.02104      -30.42046       52.68980
wrapping first mol.:       43.02104      -30.42046       52.68980
wrapping first mol.:       43.02104      -30.42046       52.68980
wrapping first mol.:       43.02104      -30.42046       52.68980
wrapping first mol.:       43.02104      -30.42046       52.68980
wrapping first mol.:       43.02104      -30.42046       52.68980
wrapping first mol.:       43.02104      -30.42046       52.68980
wrapping first mol.:       43.02104      -30.42046       52.68980

 NSTEP =  2350000   TIME(PS) =    4700.000  TEMP(K) =   300.92  PRESS =     0.0
 Etot   =    -66116.7295  EKtot   =     13201.7646  EPtot      =    -79318.4941
 BOND   =       676.3594  ANGLE   =      1804.8812  DIHED      =      1371.6878
 UB     =         0.0000  IMP     =         0.0000  CMAP       =       165.8298
 1-4 NB =       820.3484  1-4 EEL =     10752.3155  VDWAALS    =      8000.4069
 EELEC  =   -102910.3231  EHBOND  =         0.0000  RESTRAINT  =         0.0000
 ------------------------------------------------------------------------------

wrapping first mol.:       43.02104      -30.42046       52.68980
wrapping first mol.:       43.02104      -30.42046       52.68980
wrapping first mol.:       43.02104      -30.42046       52.68980
wrapping first mol.:       43.02104      -30.42046       52.68980
wrapping first mol.:       43.02104      -30.42046       52.68980
wrapping first mol.:       43.02104      -30.42046       52.68980
wrapping first mol.:       43.02104      -30.42046       52.68980
wrapping first mol.:       43.02104      -30.42046       52.68980
wrapping first mol.:       43.02104      -30.42046       52.68980
wrapping first mol.:       43.02104      -30.42046       52.68980
wrapping first mol.:       43.02104      -30.42046       52.68980

 NSTEP =  2400000   TIME(PS) =    4800.000  TEMP(K) =   298.85  PRESS =     0.0
 Etot   =    -66086.6454  EKtot   =     13110.7266  EPtot      =    -79197.3719
 BOND   =       720.6013  ANGLE   =      1793.3274  DIHED      =      1315.9876
 UB     =         0.0000  IMP     =         0.0000  CMAP       =       164.2152
 1-4 NB =       802.0440  1-4 EEL =     10699.7981  VDWAALS    =      7999.9194
 EELEC  =   -102693.2649  EHBOND  =         0.0000  RESTRAINT  =         0.0000
 ------------------------------------------------------------------------------

wrapping first mol.:       43.02104      -30.42046       52.68980
wrapping first mol.:       43.02104      -30.42046       52.68980
wrapping first mol.:       43.02104      -30.42046       52.68980
wrapping first mol.:       43.02104      -30.42046       52.68980
wrapping first mol.:       43.02104      -30.42046       52.68980
wrapping first mol.:       43.02104      -30.42046       52.68980
wrapping first mol.:       43.02104      -30.42046       52.68980
wrapping first mol.:       43.02104      -30.42046       52.68980
wrapping first mol.:       43.02104      -30.42046       52.68980
wrapping first mol.:       43.02104      -30.42046       52.68980
wrapping first mol.:       43.02104      -30.42046       52.68980

 NSTEP =  2450000   TIME(PS) =    4900.000  TEMP(K) =   295.35  PRESS =     0.0
 Etot   =    -66497.4252  EKtot   =     12957.3877  EPtot      =    -79454.8129
 BOND   =       712.3622  ANGLE   =      1841.8294  DIHED      =      1316.1708
 UB     =         0.0000  IMP     =         0.0000  CMAP       =       176.9163
 1-4 NB =       811.5762  1-4 EEL =     10678.8407  VDWAALS    =      8047.5330
 EELEC  =   -103040.0415  EHBOND  =         0.0000  RESTRAINT  =         0.0000
 ------------------------------------------------------------------------------

wrapping first mol.:       43.02104      -30.42046       52.68980
wrapping first mol.:       43.02104      -30.42046       52.68980
wrapping first mol.:       43.02104      -30.42046       52.68980
wrapping first mol.:       43.02104      -30.42046       52.68980
wrapping first mol.:       43.02104      -30.42046       52.68980
wrapping first mol.:       43.02104      -30.42046       52.68980
wrapping first mol.:       43.02104      -30.42046       52.68980
wrapping first mol.:       43.02104      -30.42046       52.68980
wrapping first mol.:       43.02104      -30.42046       52.68980
wrapping first mol.:       43.02104      -30.42046       52.68980
wrapping first mol.:       43.02104      -30.42046       52.68980

 NSTEP =  2500000   TIME(PS) =    5000.000  TEMP(K) =   299.85  PRESS =     0.0
 Etot   =    -66267.2438  EKtot   =     13154.9043  EPtot      =    -79422.1481
 BOND   =       678.3811  ANGLE   =      1793.9695  DIHED      =      1338.7551
 UB     =         0.0000  IMP     =         0.0000  CMAP       =       172.3549
 1-4 NB =       808.3896  1-4 EEL =     10665.0019  VDWAALS    =      7913.7823
 EELEC  =   -102792.7825  EHBOND  =         0.0000  RESTRAINT  =         0.0000
 ------------------------------------------------------------------------------


      A V E R A G E S   O V E R      50 S T E P S


 NSTEP =  2500000   TIME(PS) =    5000.000  TEMP(K) =   299.19  PRESS =     0.0
 Etot   =    -66314.5530  EKtot   =     13125.7995  EPtot      =    -79440.3526
 BOND   =       685.2564  ANGLE   =      1794.7572  DIHED      =      1355.1804
 UB     =         0.0000  IMP     =         0.0000  CMAP       =       170.4273
 1-4 NB =       812.4144  1-4 EEL =     10715.4978  VDWAALS    =      8063.3282
 EELEC  =   -103037.2141  EHBOND  =         0.0000  RESTRAINT  =         0.0000
 ------------------------------------------------------------------------------


      R M S  F L U C T U A T I O N S


 NSTEP =  2500000   TIME(PS) =    5000.000  TEMP(K) =     1.60  PRESS =     0.0
 Etot   =       153.2443  EKtot   =        70.1820  EPtot      =       126.2860
 BOND   =        20.1944  ANGLE   =        29.9168  DIHED      =        19.6545
 UB     =         0.0000  IMP     =         0.0000  CMAP       =         7.5134
 1-4 NB =        11.2360  1-4 EEL =        39.7224  VDWAALS    =       134.7088
 EELEC  =       219.5331  EHBOND  =         0.0000  RESTRAINT  =         0.0000
 ------------------------------------------------------------------------------

--------------------------------------------------------------------------------
   5.  TIMINGS
--------------------------------------------------------------------------------

|  NonSetup CPU Time in Major Routines:
|
|     Routine           Sec        %
|     ------------------------------
|     Nonbond         251.66   16.95
|     Bond              0.00    0.00
|     Angle             0.00    0.00
|     Dihedral          0.00    0.00
|     Shake            13.64    0.92
|     RunMD          1217.01   81.97
|     Other             2.46    0.17
|     ------------------------------
|     Total          1484.77

|  PME Nonbond Pairlist CPU Time:
|
|     Routine              Sec        %
|     ---------------------------------
|     Set Up Cit           0.00    0.00
|     Build List           0.00    0.00
|     ---------------------------------
|     Total                0.00    0.00

|  PME Direct Force CPU Time:
|
|     Routine              Sec        %
|     ---------------------------------
|     NonBonded Calc       0.00    0.00
|     Exclude Masked       0.00    0.00
|     Other                1.35    0.09
|     ---------------------------------
|     Total                1.35    0.09

|  PME Reciprocal Force CPU Time:
|
|     Routine              Sec        %
|     ---------------------------------
|     1D bspline           0.00    0.00
|     Grid Charges         0.00    0.00
|     Scalar Sum           0.00    0.00
|     Gradient Sum         0.00    0.00
|     FFT                  0.00    0.00
|     ---------------------------------
|     Total                0.00    0.00

|  Final Performance Info:
|     -----------------------------------------------------
|     Average timings for last  100000 steps:
|     Elapsed(s) =      59.42 Per Step(ms) =       0.59
|         ns/day =     290.81   seconds/ns =     297.10
|
|     Average timings for all steps:
|     Elapsed(s) =    1484.87 Per Step(ms) =       0.59
|         ns/day =     290.94   seconds/ns =     296.97
|     -----------------------------------------------------

|  Setup CPU time:            0.61 seconds
|  NonSetup CPU time:      1484.77 seconds
|  Total CPU time:         1485.38 seconds     0.41 hours

|  Setup wall time:           1    seconds
|  NonSetup wall time:     1485    seconds
|  Total wall time:        1486    seconds     0.41 hours
