
          -------------------------------------------------------
          Amber 18 PMEMD                              2018
          -------------------------------------------------------

| PMEMD implementation of SANDER, Release 18

| Run on 06/24/2020 at 18:51:50

|   Executable path: pmemd.cuda
| Working directory: /home/almacen/pbarletta/dynein/run/3fm7/2_pdt
|          Hostname: Unknown
  [-O]verwriting output

File Assignments:
|   MDIN: pre_pdt.in                                                            
|  MDOUT: 0pdt.out                                                              
| INPCRD: 2_3fm7.rst7                                                           
|   PARM: /home/almacen/pbarletta/dynein/top_files/3fm7.prmtop                  
| RESTRT: 0p1_3fm7.rst7                                                         
|   REFC: refc                                                                  
|  MDVEL: mdvel                                                                 
|   MDEN: mden                                                                  
|  MDCRD: 0p1_3fm7.nc                                                           
| MDINFO: mdinfo                                                                
|  MDFRC: mdfrc                                                                 


 Here is the input file:

Production run                                                                 
&cntrl                                                                         
imin = 0,                           ! No Minimization                          
nmropt = 0,                         ! No NMR restraints read                   
                                                                               
! Nature and format of the input                                               
ntx = 1,                            ! Coordinates but no velocities will be rea
irest = 0,                          ! Run a new simulation                     
                                                                               
! Nature and format of the output                                              
ntxo = 2,                           ! rstrt file in NetCDF format              
ntpr = 50000,                       ! inf in output every ntpr steps           
ntwr = 50000,                       ! rstrt file every ntwr steps              
ntwx = 5000,                        ! mdcrd file every ntwx steps              
ntwv = 0,                           ! mdvel without velocities                 
ntwe = 0,                           ! Energies and temperatures not written in 
idecomp = 0,                        ! No energy decomposition                  
iwrap = 1,                          ! Coordinates of the restart and mdcrd file
                                                                               
! Frozen or restrained atoms                                                   
ibelly = 0,                         ! No frozen atoms                          
ntr=0,                              ! Harmonic potential restraints            
                                                                               
! Molecular dynamics                                                           
nstlim = 2500000,                   ! Number of MD-steps                       
dt = 0.002,                         ! Time step                                
                                                                               
! Temperature regulation                                                       
ntt = 3,                            ! Langevin thermostat                      
gamma_ln = 2,                       ! Gamma constant for Langevin              
temp0 = 300.0,                      ! Reference T at which the system is to be 
tempi = 300.0,                      ! Initial T                                
ig = -1,                            ! Seed for the RNG                         
                                                                               
! P and V regulation                                                           
!barostat = 1,                      ! Berendsen barostat                       
!taup = 1,                          ! Pressure relaxation time                 
ntp = 0,                            ! constant V                               
ntb = 1,                            ! Periodic box for constant V              
                                                                               
! SHAKE variables                                                              
ntc = 2,                            ! Bonds involving H are constrained        
ntf = 2,                            ! Bond interaction involving H are ommited.
                                                                               
cut = 9.0,                          ! Nonbonded cutoff                         
/                                                                              
&end                                                                           


Note: ig = -1. Setting random seed to   847135 based on wallclock time in 
      microseconds.
| irandom = 1, using AMBER's internal random number generator (default).
 
|--------------------- INFORMATION ----------------------
| GPU (CUDA) Version of PMEMD in use: NVIDIA GPU IN USE.
|                    Version 18.0.0
| 
|                      03/25/2018
| 
| Implementation by:
|                    Ross C. Walker     (SDSC)
|                    Scott Le Grand     (nVIDIA)
| 
| Version 18 performance extensions by:
|                    David Cerutti     (Rutgers)
| 
| Precision model in use:
|      [SPFP] - Single Precision Forces, 64-bit Fixed Point
|               Accumulation. (Default)
| 
|--------------------------------------------------------
 
|----------------- CITATION INFORMATION -----------------
|
|    When publishing work that utilized the CUDA version
|    of AMBER, please cite the following in addition to
|    the regular AMBER citations:
|
|  - Romelia Salomon-Ferrer; Andreas W. Goetz; Duncan
|    Poole; Scott Le Grand; Ross C. Walker "Routine
|    microsecond molecular dynamics simulations with
|    AMBER - Part II: Particle Mesh Ewald", J. Chem.
|    Theory Comput., 2013, 9 (9), pp3878-3888,
|    DOI: 10.1021/ct400314y.
|
|  - Andreas W. Goetz; Mark J. Williamson; Dong Xu;
|    Duncan Poole; Scott Le Grand; Ross C. Walker
|    "Routine microsecond molecular dynamics simulations
|    with AMBER - Part I: Generalized Born", J. Chem.
|    Theory Comput., 2012, 8 (5), pp1542-1555.
|
|  - Scott Le Grand; Andreas W. Goetz; Ross C. Walker
|    "SPFP: Speed without compromise - a mixed precision
|    model for GPU accelerated molecular dynamics
|    simulations.", Comp. Phys. Comm., 2013, 184
|    pp374-380, DOI: 10.1016/j.cpc.2012.09.022
|
|--------------------------------------------------------
 
|------------------- GPU DEVICE INFO --------------------
|
|            CUDA_VISIBLE_DEVICES: 0
|   CUDA Capable Devices Detected:      1
|           CUDA Device ID in use:      0
|                CUDA Device Name: GeForce GTX 1080 Ti
|     CUDA Device Global Mem Size:  11178 MB
| CUDA Device Num Multiprocessors:     28
|           CUDA Device Core Freq:   1.72 GHz
|
|--------------------------------------------------------
 
 
| Conditional Compilation Defines Used:
| PUBFFT
| BINTRAJ
| CUDA
| EMIL

| Largest sphere to fit in unit cell has radius =    40.522

| New format PARM file being parsed.
| Version =    1.000 Date = 06/08/20 Time = 20:22:27

| Note: 1-4 EEL scale factors are being read from the topology file.

| Note: 1-4 VDW scale factors are being read from the topology file.
| Duplicated    0 dihedrals

| Duplicated    0 dihedrals

--------------------------------------------------------------------------------
   1.  RESOURCE   USE: 
--------------------------------------------------------------------------------

 getting new box info from bottom of inpcrd
 NATOM  =   99069 NTYPES =      18 NBONH =   72575 MBONA  =   26562
 NTHETH =    7652 MTHETA =    4742 NPHIH =   15618 MPHIA  =   15137
 NHPARM =       0 NPARM  =       0 NNB   =  198959 NRES   =   23494
 NBONA  =   26562 NTHETA =    4742 NPHIA =   15137 NUMBND =      75
 NUMANG =     181 NPTRA  =     191 NATYP =      37 NPHB   =       1
 IFBOX  =       2 NMXRS  =      24 IFCAP =       0 NEXTRA =   23065
 NCOPY  =       0


| Coordinate Index Table dimensions:    17   17   17
| Direct force subcell size =     5.8388    5.8388    5.8388

     BOX TYPE: TRUNCATED OCTAHEDRON

--------------------------------------------------------------------------------
   2.  CONTROL  DATA  FOR  THE  RUN
--------------------------------------------------------------------------------

default_name                                                                    

General flags:
     imin    =       0, nmropt  =       0

Nature and format of input:
     ntx     =       1, irest   =       0, ntrx    =       1

Nature and format of output:
     ntxo    =       2, ntpr    =   50000, ntrx    =       1, ntwr    =   50000
     iwrap   =       1, ntwx    =    5000, ntwv    =       0, ntwe    =       0
     ioutfm  =       1, ntwprt  =       0, idecomp =       0, rbornstat=      0

Potential function:
     ntf     =       2, ntb     =       1, igb     =       0, nsnb    =      25
     ipol    =       0, gbsa    =       0, iesp    =       0
     dielc   =   1.00000, cut     =   9.00000, intdiel =   1.00000

Frozen or restrained atoms:
     ibelly  =       0, ntr     =       0

Molecular dynamics:
     nstlim  =   2500000, nscm    =      1000, nrespa  =         1
     t       =   0.00000, dt      =   0.00200, vlimit  =  -1.00000

Langevin dynamics temperature regulation:
     ig      =  847135
     temp0   = 300.00000, tempi   = 300.00000, gamma_ln=   2.00000

SHAKE:
     ntc     =       2, jfastw  =       0
     tol     =   0.00001

| Intermolecular bonds treatment:
|     no_intermolecular_bonds =       1

| Energy averages sample interval:
|     ene_avg_sampling =   50000

Extra-points options:
     frameon =       1, chngmask=       1

Ewald parameters:
     verbose =       0, ew_type =       0, nbflag  =       1, use_pme =       1
     vdwmeth =       1, eedmeth =       1, netfrc  =       1
     Box X =   99.259   Box Y =   99.259   Box Z =   99.259
     Alpha =  109.471   Beta  =  109.471   Gamma =  109.471
     NFFT1 =  100       NFFT2 =  100       NFFT3 =  100
     Cutoff=    9.000   Tol   =0.100E-04
     Ewald Coefficient =  0.30768
     Interpolation order =    4
|      EXTRA_PTS, trim_bonds: num bonds BEFORE trim = 72575     0
|      EXTRA_PTS, trim_bonds: num bonds AFTER  trim = 72575     0
|      EXTRA_PTS, trim_bonds: num bonds BEFORE trim = 26562     0
|      EXTRA_PTS, trim_bonds: num bonds AFTER  trim =  3497     0
|      EXTRA_PTS, trim_theta: num angle BEFORE trim =  7652     0
|      EXTRA_PTS, trim_theta: num angle AFTER  trim =  7652     0
|      EXTRA_PTS, trim_theta: num angle BEFORE trim =  4742     0
|      EXTRA_PTS, trim_theta: num angle AFTER  trim =  4742     0
|      EXTRA_PTS, trim_phi:  num diheds BEFORE trim = 15618     0
|      EXTRA_PTS, trim_phi:  num diheds AFTER  trim = 15618     0
|      EXTRA_PTS, trim_phi:  num diheds BEFORE trim = 15137     0
|      EXTRA_PTS, trim_phi:  num diheds AFTER  trim = 15137     0

--------------------------------------------------------------------------------
   3.  ATOMIC COORDINATES AND VELOCITIES
--------------------------------------------------------------------------------

Cpptraj Generated Restart                                                       
 begin time read from input coords =151060.000 ps

 
 Number of triangulated 3-point waters found:    23065

     Sum of charges from parm topology file =   0.00012630
     Forcing neutrality...

| Dynamic Memory, Types Used:
| Reals             2786006
| Integers          6372915

| Nonbonded Pairs Initial Allocation:    22587732

| GPU memory information (estimate):
| KB of GPU memory in use:         0
| KB of CPU memory in use:         0

--------------------------------------------------------------------------------
   4.  RESULTS
--------------------------------------------------------------------------------


 NSTEP =        0   TIME(PS) =       0.000  TEMP(K) =   442.37  PRESS =     0.0
 Etot   =   -228152.5272  EKtot   =     68320.1879  EPtot      =   -296472.7151
 BOND   =      1301.9550  ANGLE   =      3408.7092  DIHED      =      2478.6034
 UB     =         0.0000  IMP     =         0.0000  CMAP       =       336.1820
 1-4 NB =      1557.7985  1-4 EEL =     20402.7296  VDWAALS    =     36565.8351
 EELEC  =   -362524.5277  EHBOND  =         0.0000  RESTRAINT  =         0.0000
 ------------------------------------------------------------------------------

wrapping first mol.:      -66.17253       46.79105       81.04447
wrapping first mol.:      -66.17253       46.79105       81.04447
wrapping first mol.:      -66.17253       46.79105       81.04447
wrapping first mol.:      -66.17253       46.79105       81.04447
wrapping first mol.:      -66.17253       46.79105       81.04447
wrapping first mol.:      -66.17253       46.79105       81.04447
wrapping first mol.:      -66.17253       46.79105       81.04447
wrapping first mol.:      -66.17253       46.79105       81.04447
wrapping first mol.:      -66.17253       46.79105       81.04447
wrapping first mol.:      -66.17253       46.79105       81.04447
wrapping first mol.:      -66.17253       46.79105       81.04447

 NSTEP =    50000   TIME(PS) =     100.000  TEMP(K) =   298.50  PRESS =     0.0
 Etot   =   -250578.1349  EKtot   =     46100.5586  EPtot      =   -296678.6934
 BOND   =      1221.5670  ANGLE   =      3432.9130  DIHED      =      2465.4154
 UB     =         0.0000  IMP     =         0.0000  CMAP       =       337.7829
 1-4 NB =      1587.7297  1-4 EEL =     20441.9622  VDWAALS    =     36527.0845
 EELEC  =   -362693.1480  EHBOND  =         0.0000  RESTRAINT  =         0.0000
 ------------------------------------------------------------------------------

wrapping first mol.:      -66.17253       46.79105       81.04447
wrapping first mol.:      -66.17253       46.79105       81.04447
wrapping first mol.:      -66.17253       46.79105       81.04447
wrapping first mol.:      -66.17253       46.79105       81.04447
wrapping first mol.:      -66.17253       46.79105       81.04447
wrapping first mol.:      -66.17253       46.79105       81.04447
wrapping first mol.:      -66.17253       46.79105       81.04447
wrapping first mol.:      -66.17253       46.79105       81.04447
wrapping first mol.:      -66.17253       46.79105       81.04447
wrapping first mol.:      -66.17253       46.79105       81.04447
wrapping first mol.:      -66.17253       46.79105       81.04447

 NSTEP =   100000   TIME(PS) =     200.000  TEMP(K) =   296.89  PRESS =     0.0
 Etot   =   -250454.0107  EKtot   =     45852.2656  EPtot      =   -296306.2763
 BOND   =      1314.1736  ANGLE   =      3404.8178  DIHED      =      2508.8471
 UB     =         0.0000  IMP     =         0.0000  CMAP       =       334.1076
 1-4 NB =      1537.2817  1-4 EEL =     20391.1954  VDWAALS    =     36517.6815
 EELEC  =   -362314.3810  EHBOND  =         0.0000  RESTRAINT  =         0.0000
 ------------------------------------------------------------------------------

wrapping first mol.:      -66.17253       46.79105       81.04447
wrapping first mol.:      -66.17253       46.79105       81.04447
wrapping first mol.:      -66.17253       46.79105       81.04447
wrapping first mol.:      -66.17253       46.79105       81.04447
wrapping first mol.:      -66.17253       46.79105       81.04447
wrapping first mol.:      -66.17253       46.79105       81.04447
wrapping first mol.:      -66.17253       46.79105       81.04447
wrapping first mol.:      -66.17253       46.79105       81.04447
wrapping first mol.:      -66.17253       46.79105       81.04447
wrapping first mol.:      -66.17253       46.79105       81.04447
wrapping first mol.:      -66.17253       46.79105       81.04447

 NSTEP =   150000   TIME(PS) =     300.000  TEMP(K) =   302.25  PRESS =     0.0
 Etot   =   -250216.1320  EKtot   =     46679.8555  EPtot      =   -296895.9874
 BOND   =      1244.9128  ANGLE   =      3376.7021  DIHED      =      2511.9264
 UB     =         0.0000  IMP     =         0.0000  CMAP       =       347.4750
 1-4 NB =      1523.1341  1-4 EEL =     20444.5736  VDWAALS    =     36837.4995
 EELEC  =   -363182.2110  EHBOND  =         0.0000  RESTRAINT  =         0.0000
 ------------------------------------------------------------------------------

wrapping first mol.:      -66.17253       46.79105       81.04447
wrapping first mol.:      -66.17253       46.79105       81.04447
wrapping first mol.:      -66.17253       46.79105       81.04447
wrapping first mol.:      -66.17253       46.79105       81.04447
wrapping first mol.:      -66.17253       46.79105       81.04447
wrapping first mol.:      -66.17253       46.79105       81.04447
wrapping first mol.:      -66.17253       46.79105       81.04447
wrapping first mol.:      -66.17253       46.79105       81.04447
wrapping first mol.:      -66.17253       46.79105       81.04447
wrapping first mol.:      -66.17253       46.79105       81.04447
wrapping first mol.:      -66.17253       46.79105       81.04447

 NSTEP =   200000   TIME(PS) =     400.000  TEMP(K) =   299.44  PRESS =     0.0
 Etot   =   -250029.6413  EKtot   =     46246.6641  EPtot      =   -296276.3053
 BOND   =      1286.8132  ANGLE   =      3402.8296  DIHED      =      2478.9684
 UB     =         0.0000  IMP     =         0.0000  CMAP       =       335.0250
 1-4 NB =      1525.4602  1-4 EEL =     20447.6045  VDWAALS    =     36357.3030
 EELEC  =   -362110.3092  EHBOND  =         0.0000  RESTRAINT  =         0.0000
 ------------------------------------------------------------------------------

wrapping first mol.:      -66.17253       46.79105       81.04447
wrapping first mol.:      -66.17253       46.79105       81.04447
wrapping first mol.:      -66.17253       46.79105       81.04447
wrapping first mol.:      -66.17253       46.79105       81.04447
wrapping first mol.:      -66.17253       46.79105       81.04447
wrapping first mol.:      -66.17253       46.79105       81.04447
wrapping first mol.:      -66.17253       46.79105       81.04447
wrapping first mol.:      -66.17253       46.79105       81.04447
wrapping first mol.:      -66.17253       46.79105       81.04447
wrapping first mol.:      -66.17253       46.79105       81.04447
wrapping first mol.:      -66.17253       46.79105       81.04447

 NSTEP =   250000   TIME(PS) =     500.000  TEMP(K) =   300.11  PRESS =     0.0
 Etot   =   -250260.1287  EKtot   =     46350.0781  EPtot      =   -296610.2068
 BOND   =      1286.3175  ANGLE   =      3495.5539  DIHED      =      2491.7514
 UB     =         0.0000  IMP     =         0.0000  CMAP       =       307.0288
 1-4 NB =      1546.1758  1-4 EEL =     20477.6584  VDWAALS    =     36632.1518
 EELEC  =   -362846.8445  EHBOND  =         0.0000  RESTRAINT  =         0.0000
 ------------------------------------------------------------------------------

wrapping first mol.:      -66.17253       46.79105       81.04447
wrapping first mol.:      -66.17253       46.79105       81.04447
wrapping first mol.:      -66.17253       46.79105       81.04447
wrapping first mol.:      -66.17253       46.79105       81.04447
wrapping first mol.:      -66.17253       46.79105       81.04447
wrapping first mol.:      -66.17253       46.79105       81.04447
wrapping first mol.:      -66.17253       46.79105       81.04447
wrapping first mol.:      -66.17253       46.79105       81.04447
wrapping first mol.:      -66.17253       46.79105       81.04447
wrapping first mol.:      -66.17253       46.79105       81.04447
wrapping first mol.:      -66.17253       46.79105       81.04447

 NSTEP =   300000   TIME(PS) =     600.000  TEMP(K) =   300.46  PRESS =     0.0
 Etot   =   -250045.2262  EKtot   =     46403.6328  EPtot      =   -296448.8590
 BOND   =      1232.6490  ANGLE   =      3389.6005  DIHED      =      2463.1967
 UB     =         0.0000  IMP     =         0.0000  CMAP       =       316.1602
 1-4 NB =      1537.9569  1-4 EEL =     20494.5867  VDWAALS    =     36323.9566
 EELEC  =   -362206.9656  EHBOND  =         0.0000  RESTRAINT  =         0.0000
 ------------------------------------------------------------------------------

wrapping first mol.:      -66.17253       46.79105       81.04447
wrapping first mol.:      -66.17253       46.79105       81.04447
wrapping first mol.:      -66.17253       46.79105       81.04447
wrapping first mol.:      -66.17253       46.79105       81.04447
wrapping first mol.:      -66.17253       46.79105       81.04447
wrapping first mol.:      -66.17253       46.79105       81.04447
wrapping first mol.:      -66.17253       46.79105       81.04447
wrapping first mol.:      -66.17253       46.79105       81.04447
wrapping first mol.:      -66.17253       46.79105       81.04447
wrapping first mol.:      -66.17253       46.79105       81.04447
wrapping first mol.:      -66.17253       46.79105       81.04447

 NSTEP =   350000   TIME(PS) =     700.000  TEMP(K) =   298.98  PRESS =     0.0
 Etot   =   -250735.2642  EKtot   =     46174.2539  EPtot      =   -296909.5181
 BOND   =      1270.3964  ANGLE   =      3457.9699  DIHED      =      2469.4475
 UB     =         0.0000  IMP     =         0.0000  CMAP       =       335.5019
 1-4 NB =      1517.0086  1-4 EEL =     20436.8802  VDWAALS    =     36528.4254
 EELEC  =   -362925.1480  EHBOND  =         0.0000  RESTRAINT  =         0.0000
 ------------------------------------------------------------------------------

wrapping first mol.:      -66.17253       46.79105       81.04447
wrapping first mol.:      -66.17253       46.79105       81.04447
wrapping first mol.:      -66.17253       46.79105       81.04447
wrapping first mol.:      -66.17253       46.79105       81.04447
wrapping first mol.:      -66.17253       46.79105       81.04447
wrapping first mol.:      -66.17253       46.79105       81.04447
wrapping first mol.:      -66.17253       46.79105       81.04447
wrapping first mol.:      -66.17253       46.79105       81.04447
wrapping first mol.:      -66.17253       46.79105       81.04447
wrapping first mol.:      -66.17253       46.79105       81.04447
wrapping first mol.:      -66.17253       46.79105       81.04447

 NSTEP =   400000   TIME(PS) =     800.000  TEMP(K) =   299.79  PRESS =     0.0
 Etot   =   -250335.2850  EKtot   =     46299.9180  EPtot      =   -296635.2030
 BOND   =      1280.0004  ANGLE   =      3345.8573  DIHED      =      2498.8753
 UB     =         0.0000  IMP     =         0.0000  CMAP       =       351.7262
 1-4 NB =      1518.4057  1-4 EEL =     20440.3395  VDWAALS    =     36811.3880
 EELEC  =   -362881.7954  EHBOND  =         0.0000  RESTRAINT  =         0.0000
 ------------------------------------------------------------------------------

wrapping first mol.:      -66.17253       46.79105       81.04447
wrapping first mol.:      -66.17253       46.79105       81.04447
wrapping first mol.:      -66.17253       46.79105       81.04447
wrapping first mol.:      -66.17253       46.79105       81.04447
wrapping first mol.:      -66.17253       46.79105       81.04447
wrapping first mol.:      -66.17253       46.79105       81.04447
wrapping first mol.:      -66.17253       46.79105       81.04447
wrapping first mol.:      -66.17253       46.79105       81.04447
wrapping first mol.:      -66.17253       46.79105       81.04447
wrapping first mol.:      -66.17253       46.79105       81.04447
wrapping first mol.:      -66.17253       46.79105       81.04447

 NSTEP =   450000   TIME(PS) =     900.000  TEMP(K) =   299.95  PRESS =     0.0
 Etot   =   -249736.8105  EKtot   =     46324.2617  EPtot      =   -296061.0722
 BOND   =      1263.2176  ANGLE   =      3453.5241  DIHED      =      2512.8470
 UB     =         0.0000  IMP     =         0.0000  CMAP       =       341.0807
 1-4 NB =      1524.5169  1-4 EEL =     20456.2398  VDWAALS    =     36907.9656
 EELEC  =   -362520.4638  EHBOND  =         0.0000  RESTRAINT  =         0.0000
 ------------------------------------------------------------------------------

wrapping first mol.:      -66.17253       46.79105       81.04447
wrapping first mol.:      -66.17253       46.79105       81.04447
wrapping first mol.:      -66.17253       46.79105       81.04447
wrapping first mol.:      -66.17253       46.79105       81.04447
wrapping first mol.:      -66.17253       46.79105       81.04447
wrapping first mol.:      -66.17253       46.79105       81.04447
wrapping first mol.:      -66.17253       46.79105       81.04447
wrapping first mol.:      -66.17253       46.79105       81.04447
wrapping first mol.:      -66.17253       46.79105       81.04447
wrapping first mol.:      -66.17253       46.79105       81.04447
wrapping first mol.:      -66.17253       46.79105       81.04447

 NSTEP =   500000   TIME(PS) =    1000.000  TEMP(K) =   299.04  PRESS =     0.0
 Etot   =   -250268.8346  EKtot   =     46184.3164  EPtot      =   -296453.1510
 BOND   =      1267.5357  ANGLE   =      3420.6936  DIHED      =      2441.9255
 UB     =         0.0000  IMP     =         0.0000  CMAP       =       327.3502
 1-4 NB =      1536.0049  1-4 EEL =     20471.6582  VDWAALS    =     36498.6830
 EELEC  =   -362417.0021  EHBOND  =         0.0000  RESTRAINT  =         0.0000
 ------------------------------------------------------------------------------

wrapping first mol.:      -66.17253       46.79105       81.04447
wrapping first mol.:      -66.17253       46.79105       81.04447
wrapping first mol.:      -66.17253       46.79105       81.04447
wrapping first mol.:      -66.17253       46.79105       81.04447
wrapping first mol.:      -66.17253       46.79105       81.04447
wrapping first mol.:      -66.17253       46.79105       81.04447
wrapping first mol.:      -66.17253       46.79105       81.04447
wrapping first mol.:      -66.17253       46.79105       81.04447
wrapping first mol.:      -66.17253       46.79105       81.04447
wrapping first mol.:      -66.17253       46.79105       81.04447
wrapping first mol.:      -66.17253       46.79105       81.04447

 NSTEP =   550000   TIME(PS) =    1100.000  TEMP(K) =   298.58  PRESS =     0.0
 Etot   =   -250278.5853  EKtot   =     46113.1953  EPtot      =   -296391.7806
 BOND   =      1320.3457  ANGLE   =      3459.9644  DIHED      =      2492.5505
 UB     =         0.0000  IMP     =         0.0000  CMAP       =       318.6043
 1-4 NB =      1538.6360  1-4 EEL =     20390.5726  VDWAALS    =     36667.1416
 EELEC  =   -362579.5957  EHBOND  =         0.0000  RESTRAINT  =         0.0000
 ------------------------------------------------------------------------------

wrapping first mol.:      -66.17253       46.79105       81.04447
wrapping first mol.:      -66.17253       46.79105       81.04447
wrapping first mol.:      -66.17253       46.79105       81.04447
wrapping first mol.:      -66.17253       46.79105       81.04447
wrapping first mol.:      -66.17253       46.79105       81.04447
wrapping first mol.:      -66.17253       46.79105       81.04447
wrapping first mol.:      -66.17253       46.79105       81.04447
wrapping first mol.:      -66.17253       46.79105       81.04447
wrapping first mol.:      -66.17253       46.79105       81.04447
wrapping first mol.:      -66.17253       46.79105       81.04447
wrapping first mol.:      -66.17253       46.79105       81.04447

 NSTEP =   600000   TIME(PS) =    1200.000  TEMP(K) =   299.24  PRESS =     0.0
 Etot   =   -250067.0573  EKtot   =     46214.5156  EPtot      =   -296281.5729
 BOND   =      1326.1569  ANGLE   =      3431.8661  DIHED      =      2484.3268
 UB     =         0.0000  IMP     =         0.0000  CMAP       =       322.2632
 1-4 NB =      1538.6542  1-4 EEL =     20327.1982  VDWAALS    =     36970.2874
 EELEC  =   -362682.3257  EHBOND  =         0.0000  RESTRAINT  =         0.0000
 ------------------------------------------------------------------------------

wrapping first mol.:      -66.17253       46.79105       81.04447
wrapping first mol.:      -66.17253       46.79105       81.04447
wrapping first mol.:      -66.17253       46.79105       81.04447
wrapping first mol.:      -66.17253       46.79105       81.04447
wrapping first mol.:      -66.17253       46.79105       81.04447
wrapping first mol.:      -66.17253       46.79105       81.04447
wrapping first mol.:      -66.17253       46.79105       81.04447
wrapping first mol.:      -66.17253       46.79105       81.04447
wrapping first mol.:      -66.17253       46.79105       81.04447
wrapping first mol.:      -66.17253       46.79105       81.04447
wrapping first mol.:      -66.17253       46.79105       81.04447

 NSTEP =   650000   TIME(PS) =    1300.000  TEMP(K) =   299.86  PRESS =     0.0
 Etot   =   -250155.8647  EKtot   =     46311.0742  EPtot      =   -296466.9390
 BOND   =      1292.7840  ANGLE   =      3403.5053  DIHED      =      2466.9380
 UB     =         0.0000  IMP     =         0.0000  CMAP       =       332.3174
 1-4 NB =      1539.8998  1-4 EEL =     20381.7732  VDWAALS    =     37149.5413
 EELEC  =   -363033.6979  EHBOND  =         0.0000  RESTRAINT  =         0.0000
 ------------------------------------------------------------------------------

wrapping first mol.:      -66.17253       46.79105       81.04447
wrapping first mol.:      -66.17253       46.79105       81.04447
wrapping first mol.:      -66.17253       46.79105       81.04447
wrapping first mol.:      -66.17253       46.79105       81.04447
wrapping first mol.:      -66.17253       46.79105       81.04447
wrapping first mol.:      -66.17253       46.79105       81.04447
wrapping first mol.:      -66.17253       46.79105       81.04447
wrapping first mol.:      -66.17253       46.79105       81.04447
wrapping first mol.:      -66.17253       46.79105       81.04447
wrapping first mol.:      -66.17253       46.79105       81.04447
wrapping first mol.:      -66.17253       46.79105       81.04447

 NSTEP =   700000   TIME(PS) =    1400.000  TEMP(K) =   300.09  PRESS =     0.0
 Etot   =   -250147.1174  EKtot   =     46346.4727  EPtot      =   -296493.5901
 BOND   =      1340.2122  ANGLE   =      3390.6042  DIHED      =      2446.2400
 UB     =         0.0000  IMP     =         0.0000  CMAP       =       325.6491
 1-4 NB =      1521.4166  1-4 EEL =     20353.6866  VDWAALS    =     36438.7003
 EELEC  =   -362310.0990  EHBOND  =         0.0000  RESTRAINT  =         0.0000
 ------------------------------------------------------------------------------

wrapping first mol.:      -66.17253       46.79105       81.04447
wrapping first mol.:      -66.17253       46.79105       81.04447
wrapping first mol.:      -66.17253       46.79105       81.04447
wrapping first mol.:      -66.17253       46.79105       81.04447
wrapping first mol.:      -66.17253       46.79105       81.04447
wrapping first mol.:      -66.17253       46.79105       81.04447
wrapping first mol.:      -66.17253       46.79105       81.04447
wrapping first mol.:      -66.17253       46.79105       81.04447
wrapping first mol.:      -66.17253       46.79105       81.04447
wrapping first mol.:      -66.17253       46.79105       81.04447
wrapping first mol.:      -66.17253       46.79105       81.04447

 NSTEP =   750000   TIME(PS) =    1500.000  TEMP(K) =   300.55  PRESS =     0.0
 Etot   =   -250357.1114  EKtot   =     46417.3164  EPtot      =   -296774.4279
 BOND   =      1300.3136  ANGLE   =      3389.8134  DIHED      =      2425.8559
 UB     =         0.0000  IMP     =         0.0000  CMAP       =       323.4007
 1-4 NB =      1521.0541  1-4 EEL =     20355.4360  VDWAALS    =     36870.7034
 EELEC  =   -362961.0049  EHBOND  =         0.0000  RESTRAINT  =         0.0000
 ------------------------------------------------------------------------------

wrapping first mol.:      -66.17253       46.79105       81.04447
wrapping first mol.:      -66.17253       46.79105       81.04447
wrapping first mol.:      -66.17253       46.79105       81.04447
wrapping first mol.:      -66.17253       46.79105       81.04447
wrapping first mol.:      -66.17253       46.79105       81.04447
wrapping first mol.:      -66.17253       46.79105       81.04447
wrapping first mol.:      -66.17253       46.79105       81.04447
wrapping first mol.:      -66.17253       46.79105       81.04447
wrapping first mol.:      -66.17253       46.79105       81.04447
wrapping first mol.:      -66.17253       46.79105       81.04447
wrapping first mol.:      -66.17253       46.79105       81.04447

 NSTEP =   800000   TIME(PS) =    1600.000  TEMP(K) =   300.42  PRESS =     0.0
 Etot   =   -250353.7368  EKtot   =     46396.9258  EPtot      =   -296750.6625
 BOND   =      1272.3528  ANGLE   =      3453.0934  DIHED      =      2450.7216
 UB     =         0.0000  IMP     =         0.0000  CMAP       =       323.6708
 1-4 NB =      1551.4962  1-4 EEL =     20453.7930  VDWAALS    =     37009.3569
 EELEC  =   -363265.1474  EHBOND  =         0.0000  RESTRAINT  =         0.0000
 ------------------------------------------------------------------------------

wrapping first mol.:      -66.17253       46.79105       81.04447
wrapping first mol.:      -66.17253       46.79105       81.04447
wrapping first mol.:      -66.17253       46.79105       81.04447
wrapping first mol.:      -66.17253       46.79105       81.04447
wrapping first mol.:      -66.17253       46.79105       81.04447
wrapping first mol.:      -66.17253       46.79105       81.04447
wrapping first mol.:      -66.17253       46.79105       81.04447
wrapping first mol.:      -66.17253       46.79105       81.04447
wrapping first mol.:      -66.17253       46.79105       81.04447
wrapping first mol.:      -66.17253       46.79105       81.04447
wrapping first mol.:      -66.17253       46.79105       81.04447

 NSTEP =   850000   TIME(PS) =    1700.000  TEMP(K) =   299.87  PRESS =     0.0
 Etot   =   -250065.9315  EKtot   =     46312.0625  EPtot      =   -296377.9940
 BOND   =      1239.5319  ANGLE   =      3345.4046  DIHED      =      2455.3787
 UB     =         0.0000  IMP     =         0.0000  CMAP       =       356.1958
 1-4 NB =      1544.2920  1-4 EEL =     20447.9340  VDWAALS    =     36469.3183
 EELEC  =   -362236.0491  EHBOND  =         0.0000  RESTRAINT  =         0.0000
 ------------------------------------------------------------------------------

wrapping first mol.:      -66.17253       46.79105       81.04447
wrapping first mol.:      -66.17253       46.79105       81.04447
wrapping first mol.:      -66.17253       46.79105       81.04447
wrapping first mol.:      -66.17253       46.79105       81.04447
wrapping first mol.:      -66.17253       46.79105       81.04447
wrapping first mol.:      -66.17253       46.79105       81.04447
wrapping first mol.:      -66.17253       46.79105       81.04447
wrapping first mol.:      -66.17253       46.79105       81.04447
wrapping first mol.:      -66.17253       46.79105       81.04447
wrapping first mol.:      -66.17253       46.79105       81.04447
wrapping first mol.:      -66.17253       46.79105       81.04447

 NSTEP =   900000   TIME(PS) =    1800.000  TEMP(K) =   300.40  PRESS =     0.0
 Etot   =   -250088.4654  EKtot   =     46393.6641  EPtot      =   -296482.1295
 BOND   =      1288.3263  ANGLE   =      3373.3404  DIHED      =      2428.0196
 UB     =         0.0000  IMP     =         0.0000  CMAP       =       326.0540
 1-4 NB =      1553.4835  1-4 EEL =     20332.4155  VDWAALS    =     36649.3446
 EELEC  =   -362433.1134  EHBOND  =         0.0000  RESTRAINT  =         0.0000
 ------------------------------------------------------------------------------

wrapping first mol.:      -66.17253       46.79105       81.04447
wrapping first mol.:      -66.17253       46.79105       81.04447
wrapping first mol.:      -66.17253       46.79105       81.04447
wrapping first mol.:      -66.17253       46.79105       81.04447
wrapping first mol.:      -66.17253       46.79105       81.04447
wrapping first mol.:      -66.17253       46.79105       81.04447
wrapping first mol.:      -66.17253       46.79105       81.04447
wrapping first mol.:      -66.17253       46.79105       81.04447
wrapping first mol.:      -66.17253       46.79105       81.04447
wrapping first mol.:      -66.17253       46.79105       81.04447
wrapping first mol.:      -66.17253       46.79105       81.04447

 NSTEP =   950000   TIME(PS) =    1900.000  TEMP(K) =   300.73  PRESS =     0.0
 Etot   =   -249966.9759  EKtot   =     46445.7422  EPtot      =   -296412.7180
 BOND   =      1327.3878  ANGLE   =      3411.6599  DIHED      =      2480.7426
 UB     =         0.0000  IMP     =         0.0000  CMAP       =       309.1198
 1-4 NB =      1552.4024  1-4 EEL =     20300.2465  VDWAALS    =     37364.7904
 EELEC  =   -363159.0675  EHBOND  =         0.0000  RESTRAINT  =         0.0000
 ------------------------------------------------------------------------------

wrapping first mol.:      -66.17253       46.79105       81.04447
wrapping first mol.:      -66.17253       46.79105       81.04447
wrapping first mol.:      -66.17253       46.79105       81.04447
wrapping first mol.:      -66.17253       46.79105       81.04447
wrapping first mol.:      -66.17253       46.79105       81.04447
wrapping first mol.:      -66.17253       46.79105       81.04447
wrapping first mol.:      -66.17253       46.79105       81.04447
wrapping first mol.:      -66.17253       46.79105       81.04447
wrapping first mol.:      -66.17253       46.79105       81.04447
wrapping first mol.:      -66.17253       46.79105       81.04447
wrapping first mol.:      -66.17253       46.79105       81.04447

 NSTEP =  1000000   TIME(PS) =    2000.000  TEMP(K) =   300.99  PRESS =     0.0
 Etot   =   -249799.2389  EKtot   =     46485.3516  EPtot      =   -296284.5905
 BOND   =      1304.9907  ANGLE   =      3435.7574  DIHED      =      2465.3677
 UB     =         0.0000  IMP     =         0.0000  CMAP       =       329.3540
 1-4 NB =      1527.6749  1-4 EEL =     20354.8926  VDWAALS    =     36581.3701
 EELEC  =   -362283.9979  EHBOND  =         0.0000  RESTRAINT  =         0.0000
 ------------------------------------------------------------------------------

wrapping first mol.:      -66.17253       46.79105       81.04447
wrapping first mol.:      -66.17253       46.79105       81.04447
wrapping first mol.:      -66.17253       46.79105       81.04447
wrapping first mol.:      -66.17253       46.79105       81.04447
wrapping first mol.:      -66.17253       46.79105       81.04447
wrapping first mol.:      -66.17253       46.79105       81.04447
wrapping first mol.:      -66.17253       46.79105       81.04447
wrapping first mol.:      -66.17253       46.79105       81.04447
wrapping first mol.:      -66.17253       46.79105       81.04447
wrapping first mol.:      -66.17253       46.79105       81.04447
wrapping first mol.:      -66.17253       46.79105       81.04447

 NSTEP =  1050000   TIME(PS) =    2100.000  TEMP(K) =   301.68  PRESS =     0.0
 Etot   =   -250153.3233  EKtot   =     46592.4844  EPtot      =   -296745.8077
 BOND   =      1235.5454  ANGLE   =      3454.1571  DIHED      =      2425.3117
 UB     =         0.0000  IMP     =         0.0000  CMAP       =       354.8197
 1-4 NB =      1558.2170  1-4 EEL =     20423.4001  VDWAALS    =     36422.6465
 EELEC  =   -362619.9051  EHBOND  =         0.0000  RESTRAINT  =         0.0000
 ------------------------------------------------------------------------------

wrapping first mol.:      -66.17253       46.79105       81.04447
wrapping first mol.:      -66.17253       46.79105       81.04447
wrapping first mol.:      -66.17253       46.79105       81.04447
wrapping first mol.:      -66.17253       46.79105       81.04447
wrapping first mol.:      -66.17253       46.79105       81.04447
wrapping first mol.:      -66.17253       46.79105       81.04447
wrapping first mol.:      -66.17253       46.79105       81.04447
wrapping first mol.:      -66.17253       46.79105       81.04447
wrapping first mol.:      -66.17253       46.79105       81.04447
wrapping first mol.:      -66.17253       46.79105       81.04447
wrapping first mol.:      -66.17253       46.79105       81.04447

 NSTEP =  1100000   TIME(PS) =    2200.000  TEMP(K) =   301.45  PRESS =     0.0
 Etot   =   -249963.4881  EKtot   =     46557.0820  EPtot      =   -296520.5701
 BOND   =      1316.6371  ANGLE   =      3334.1827  DIHED      =      2447.0501
 UB     =         0.0000  IMP     =         0.0000  CMAP       =       301.6012
 1-4 NB =      1552.2090  1-4 EEL =     20390.8426  VDWAALS    =     36681.3304
 EELEC  =   -362544.4232  EHBOND  =         0.0000  RESTRAINT  =         0.0000
 ------------------------------------------------------------------------------

wrapping first mol.:      -66.17253       46.79105       81.04447
wrapping first mol.:      -66.17253       46.79105       81.04447
wrapping first mol.:      -66.17253       46.79105       81.04447
wrapping first mol.:      -66.17253       46.79105       81.04447
wrapping first mol.:      -66.17253       46.79105       81.04447
wrapping first mol.:      -66.17253       46.79105       81.04447
wrapping first mol.:      -66.17253       46.79105       81.04447
wrapping first mol.:      -66.17253       46.79105       81.04447
wrapping first mol.:      -66.17253       46.79105       81.04447
wrapping first mol.:      -66.17253       46.79105       81.04447
wrapping first mol.:      -66.17253       46.79105       81.04447

 NSTEP =  1150000   TIME(PS) =    2300.000  TEMP(K) =   299.61  PRESS =     0.0
 Etot   =   -250613.5173  EKtot   =     46272.1367  EPtot      =   -296885.6540
 BOND   =      1261.5731  ANGLE   =      3300.9399  DIHED      =      2426.1807
 UB     =         0.0000  IMP     =         0.0000  CMAP       =       321.4724
 1-4 NB =      1545.2006  1-4 EEL =     20405.1499  VDWAALS    =     36897.8509
 EELEC  =   -363044.0215  EHBOND  =         0.0000  RESTRAINT  =         0.0000
 ------------------------------------------------------------------------------

wrapping first mol.:      -66.17253       46.79105       81.04447
wrapping first mol.:      -66.17253       46.79105       81.04447
wrapping first mol.:      -66.17253       46.79105       81.04447
wrapping first mol.:      -66.17253       46.79105       81.04447
wrapping first mol.:      -66.17253       46.79105       81.04447
wrapping first mol.:      -66.17253       46.79105       81.04447
wrapping first mol.:      -66.17253       46.79105       81.04447
wrapping first mol.:      -66.17253       46.79105       81.04447
wrapping first mol.:      -66.17253       46.79105       81.04447
wrapping first mol.:      -66.17253       46.79105       81.04447
wrapping first mol.:      -66.17253       46.79105       81.04447

 NSTEP =  1200000   TIME(PS) =    2400.000  TEMP(K) =   300.77  PRESS =     0.0
 Etot   =   -250353.5635  EKtot   =     46451.3203  EPtot      =   -296804.8838
 BOND   =      1255.3621  ANGLE   =      3378.6610  DIHED      =      2530.9433
 UB     =         0.0000  IMP     =         0.0000  CMAP       =       320.7956
 1-4 NB =      1540.5122  1-4 EEL =     20489.9885  VDWAALS    =     37208.9470
 EELEC  =   -363530.0936  EHBOND  =         0.0000  RESTRAINT  =         0.0000
 ------------------------------------------------------------------------------

wrapping first mol.:      -66.17253       46.79105       81.04447
wrapping first mol.:      -66.17253       46.79105       81.04447
wrapping first mol.:      -66.17253       46.79105       81.04447
wrapping first mol.:      -66.17253       46.79105       81.04447
wrapping first mol.:      -66.17253       46.79105       81.04447
wrapping first mol.:      -66.17253       46.79105       81.04447
wrapping first mol.:      -66.17253       46.79105       81.04447
wrapping first mol.:      -66.17253       46.79105       81.04447
wrapping first mol.:      -66.17253       46.79105       81.04447
wrapping first mol.:      -66.17253       46.79105       81.04447
wrapping first mol.:      -66.17253       46.79105       81.04447

 NSTEP =  1250000   TIME(PS) =    2500.000  TEMP(K) =   301.37  PRESS =     0.0
 Etot   =   -250096.2335  EKtot   =     46544.4766  EPtot      =   -296640.7100
 BOND   =      1278.4985  ANGLE   =      3425.5995  DIHED      =      2490.9846
 UB     =         0.0000  IMP     =         0.0000  CMAP       =       327.8202
 1-4 NB =      1567.3537  1-4 EEL =     20428.6091  VDWAALS    =     36706.9552
 EELEC  =   -362866.5309  EHBOND  =         0.0000  RESTRAINT  =         0.0000
 ------------------------------------------------------------------------------

wrapping first mol.:      -66.17253       46.79105       81.04447
wrapping first mol.:      -66.17253       46.79105       81.04447
wrapping first mol.:      -66.17253       46.79105       81.04447
wrapping first mol.:      -66.17253       46.79105       81.04447
wrapping first mol.:      -66.17253       46.79105       81.04447
wrapping first mol.:      -66.17253       46.79105       81.04447
wrapping first mol.:      -66.17253       46.79105       81.04447
wrapping first mol.:      -66.17253       46.79105       81.04447
wrapping first mol.:      -66.17253       46.79105       81.04447
wrapping first mol.:      -66.17253       46.79105       81.04447
wrapping first mol.:      -66.17253       46.79105       81.04447

 NSTEP =  1300000   TIME(PS) =    2600.000  TEMP(K) =   299.94  PRESS =     0.0
 Etot   =   -250192.3722  EKtot   =     46323.0430  EPtot      =   -296515.4152
 BOND   =      1267.4487  ANGLE   =      3411.5387  DIHED      =      2463.6401
 UB     =         0.0000  IMP     =         0.0000  CMAP       =       315.9118
 1-4 NB =      1547.4759  1-4 EEL =     20399.5303  VDWAALS    =     36550.8033
 EELEC  =   -362471.7641  EHBOND  =         0.0000  RESTRAINT  =         0.0000
 ------------------------------------------------------------------------------

wrapping first mol.:      -66.17253       46.79105       81.04447
wrapping first mol.:      -66.17253       46.79105       81.04447
wrapping first mol.:      -66.17253       46.79105       81.04447
wrapping first mol.:      -66.17253       46.79105       81.04447
wrapping first mol.:      -66.17253       46.79105       81.04447
wrapping first mol.:      -66.17253       46.79105       81.04447
wrapping first mol.:      -66.17253       46.79105       81.04447
wrapping first mol.:      -66.17253       46.79105       81.04447
wrapping first mol.:      -66.17253       46.79105       81.04447
wrapping first mol.:      -66.17253       46.79105       81.04447
wrapping first mol.:      -66.17253       46.79105       81.04447

 NSTEP =  1350000   TIME(PS) =    2700.000  TEMP(K) =   300.49  PRESS =     0.0
 Etot   =   -250531.8756  EKtot   =     46407.6602  EPtot      =   -296939.5358
 BOND   =      1313.7717  ANGLE   =      3448.9421  DIHED      =      2426.5080
 UB     =         0.0000  IMP     =         0.0000  CMAP       =       333.8902
 1-4 NB =      1504.9623  1-4 EEL =     20332.2199  VDWAALS    =     37091.1062
 EELEC  =   -363390.9362  EHBOND  =         0.0000  RESTRAINT  =         0.0000
 ------------------------------------------------------------------------------

wrapping first mol.:      -66.17253       46.79105       81.04447
wrapping first mol.:      -66.17253       46.79105       81.04447
wrapping first mol.:      -66.17253       46.79105       81.04447
wrapping first mol.:      -66.17253       46.79105       81.04447
wrapping first mol.:      -66.17253       46.79105       81.04447
wrapping first mol.:      -66.17253       46.79105       81.04447
wrapping first mol.:      -66.17253       46.79105       81.04447
wrapping first mol.:      -66.17253       46.79105       81.04447
wrapping first mol.:      -66.17253       46.79105       81.04447
wrapping first mol.:      -66.17253       46.79105       81.04447
wrapping first mol.:      -66.17253       46.79105       81.04447

 NSTEP =  1400000   TIME(PS) =    2800.000  TEMP(K) =   300.94  PRESS =     0.0
 Etot   =   -250158.8916  EKtot   =     46477.8398  EPtot      =   -296636.7314
 BOND   =      1332.2899  ANGLE   =      3418.9888  DIHED      =      2459.2083
 UB     =         0.0000  IMP     =         0.0000  CMAP       =       337.6426
 1-4 NB =      1539.4781  1-4 EEL =     20356.9618  VDWAALS    =     36196.8969
 EELEC  =   -362278.1977  EHBOND  =         0.0000  RESTRAINT  =         0.0000
 ------------------------------------------------------------------------------

wrapping first mol.:      -66.17253       46.79105       81.04447
wrapping first mol.:      -66.17253       46.79105       81.04447
wrapping first mol.:      -66.17253       46.79105       81.04447
wrapping first mol.:      -66.17253       46.79105       81.04447
wrapping first mol.:      -66.17253       46.79105       81.04447
wrapping first mol.:      -66.17253       46.79105       81.04447
wrapping first mol.:      -66.17253       46.79105       81.04447
wrapping first mol.:      -66.17253       46.79105       81.04447
wrapping first mol.:      -66.17253       46.79105       81.04447
wrapping first mol.:      -66.17253       46.79105       81.04447
wrapping first mol.:      -66.17253       46.79105       81.04447

 NSTEP =  1450000   TIME(PS) =    2900.000  TEMP(K) =   299.43  PRESS =     0.0
 Etot   =   -249723.3473  EKtot   =     46244.0312  EPtot      =   -295967.3786
 BOND   =      1283.5828  ANGLE   =      3497.1205  DIHED      =      2469.5821
 UB     =         0.0000  IMP     =         0.0000  CMAP       =       338.2804
 1-4 NB =      1528.6676  1-4 EEL =     20392.1081  VDWAALS    =     36707.0146
 EELEC  =   -362183.7346  EHBOND  =         0.0000  RESTRAINT  =         0.0000
 ------------------------------------------------------------------------------

wrapping first mol.:      -66.17253       46.79105       81.04447
wrapping first mol.:      -66.17253       46.79105       81.04447
wrapping first mol.:      -66.17253       46.79105       81.04447
wrapping first mol.:      -66.17253       46.79105       81.04447
wrapping first mol.:      -66.17253       46.79105       81.04447
wrapping first mol.:      -66.17253       46.79105       81.04447
wrapping first mol.:      -66.17253       46.79105       81.04447
wrapping first mol.:      -66.17253       46.79105       81.04447
wrapping first mol.:      -66.17253       46.79105       81.04447
wrapping first mol.:      -66.17253       46.79105       81.04447
wrapping first mol.:      -66.17253       46.79105       81.04447

 NSTEP =  1500000   TIME(PS) =    3000.000  TEMP(K) =   298.49  PRESS =     0.0
 Etot   =   -250777.2337  EKtot   =     46098.6523  EPtot      =   -296875.8861
 BOND   =      1245.6622  ANGLE   =      3371.3015  DIHED      =      2420.4393
 UB     =         0.0000  IMP     =         0.0000  CMAP       =       344.6245
 1-4 NB =      1543.3837  1-4 EEL =     20331.2615  VDWAALS    =     36779.4012
 EELEC  =   -362911.9599  EHBOND  =         0.0000  RESTRAINT  =         0.0000
 ------------------------------------------------------------------------------

wrapping first mol.:      -66.17253       46.79105       81.04447
wrapping first mol.:      -66.17253       46.79105       81.04447
wrapping first mol.:      -66.17253       46.79105       81.04447
wrapping first mol.:      -66.17253       46.79105       81.04447
wrapping first mol.:      -66.17253       46.79105       81.04447
wrapping first mol.:      -66.17253       46.79105       81.04447
wrapping first mol.:      -66.17253       46.79105       81.04447
wrapping first mol.:      -66.17253       46.79105       81.04447
wrapping first mol.:      -66.17253       46.79105       81.04447
wrapping first mol.:      -66.17253       46.79105       81.04447
wrapping first mol.:      -66.17253       46.79105       81.04447

 NSTEP =  1550000   TIME(PS) =    3100.000  TEMP(K) =   301.39  PRESS =     0.0
 Etot   =   -249852.4948  EKtot   =     46547.0859  EPtot      =   -296399.5807
 BOND   =      1299.3500  ANGLE   =      3320.3135  DIHED      =      2465.1429
 UB     =         0.0000  IMP     =         0.0000  CMAP       =       319.6782
 1-4 NB =      1548.3711  1-4 EEL =     20433.3489  VDWAALS    =     36850.3348
 EELEC  =   -362636.1201  EHBOND  =         0.0000  RESTRAINT  =         0.0000
 ------------------------------------------------------------------------------

wrapping first mol.:      -66.17253       46.79105       81.04447
wrapping first mol.:      -66.17253       46.79105       81.04447
wrapping first mol.:      -66.17253       46.79105       81.04447
wrapping first mol.:      -66.17253       46.79105       81.04447
wrapping first mol.:      -66.17253       46.79105       81.04447
wrapping first mol.:      -66.17253       46.79105       81.04447
wrapping first mol.:      -66.17253       46.79105       81.04447
wrapping first mol.:      -66.17253       46.79105       81.04447
wrapping first mol.:      -66.17253       46.79105       81.04447
wrapping first mol.:      -66.17253       46.79105       81.04447
wrapping first mol.:      -66.17253       46.79105       81.04447

 NSTEP =  1600000   TIME(PS) =    3200.000  TEMP(K) =   298.96  PRESS =     0.0
 Etot   =   -250399.2965  EKtot   =     46172.2344  EPtot      =   -296571.5309
 BOND   =      1266.6503  ANGLE   =      3366.9520  DIHED      =      2463.6907
 UB     =         0.0000  IMP     =         0.0000  CMAP       =       345.2049
 1-4 NB =      1540.2472  1-4 EEL =     20405.7651  VDWAALS    =     36586.5174
 EELEC  =   -362546.5584  EHBOND  =         0.0000  RESTRAINT  =         0.0000
 ------------------------------------------------------------------------------

wrapping first mol.:      -66.17253       46.79105       81.04447
wrapping first mol.:      -66.17253       46.79105       81.04447
wrapping first mol.:      -66.17253       46.79105       81.04447
wrapping first mol.:      -66.17253       46.79105       81.04447
wrapping first mol.:      -66.17253       46.79105       81.04447
wrapping first mol.:      -66.17253       46.79105       81.04447
wrapping first mol.:      -66.17253       46.79105       81.04447
wrapping first mol.:      -66.17253       46.79105       81.04447
wrapping first mol.:      -66.17253       46.79105       81.04447
wrapping first mol.:      -66.17253       46.79105       81.04447
wrapping first mol.:      -66.17253       46.79105       81.04447

 NSTEP =  1650000   TIME(PS) =    3300.000  TEMP(K) =   300.32  PRESS =     0.0
 Etot   =   -249683.4469  EKtot   =     46382.2500  EPtot      =   -296065.6969
 BOND   =      1318.1034  ANGLE   =      3435.3529  DIHED      =      2443.1621
 UB     =         0.0000  IMP     =         0.0000  CMAP       =       324.7921
 1-4 NB =      1527.6450  1-4 EEL =     20353.9742  VDWAALS    =     36555.3748
 EELEC  =   -362024.1013  EHBOND  =         0.0000  RESTRAINT  =         0.0000
 ------------------------------------------------------------------------------

wrapping first mol.:      -66.17253       46.79105       81.04447
wrapping first mol.:      -66.17253       46.79105       81.04447
wrapping first mol.:      -66.17253       46.79105       81.04447
wrapping first mol.:      -66.17253       46.79105       81.04447
wrapping first mol.:      -66.17253       46.79105       81.04447
wrapping first mol.:      -66.17253       46.79105       81.04447
wrapping first mol.:      -66.17253       46.79105       81.04447
wrapping first mol.:      -66.17253       46.79105       81.04447
wrapping first mol.:      -66.17253       46.79105       81.04447
wrapping first mol.:      -66.17253       46.79105       81.04447
wrapping first mol.:      -66.17253       46.79105       81.04447

 NSTEP =  1700000   TIME(PS) =    3400.000  TEMP(K) =   300.45  PRESS =     0.0
 Etot   =   -250078.2791  EKtot   =     46401.5898  EPtot      =   -296479.8689
 BOND   =      1251.6411  ANGLE   =      3410.7693  DIHED      =      2470.8527
 UB     =         0.0000  IMP     =         0.0000  CMAP       =       314.9207
 1-4 NB =      1524.6087  1-4 EEL =     20413.8148  VDWAALS    =     36924.6385
 EELEC  =   -362791.1147  EHBOND  =         0.0000  RESTRAINT  =         0.0000
 ------------------------------------------------------------------------------

wrapping first mol.:      -66.17253       46.79105       81.04447
wrapping first mol.:      -66.17253       46.79105       81.04447
wrapping first mol.:      -66.17253       46.79105       81.04447
wrapping first mol.:      -66.17253       46.79105       81.04447
wrapping first mol.:      -66.17253       46.79105       81.04447
wrapping first mol.:      -66.17253       46.79105       81.04447
wrapping first mol.:      -66.17253       46.79105       81.04447
wrapping first mol.:      -66.17253       46.79105       81.04447
wrapping first mol.:      -66.17253       46.79105       81.04447
wrapping first mol.:      -66.17253       46.79105       81.04447
wrapping first mol.:      -66.17253       46.79105       81.04447

 NSTEP =  1750000   TIME(PS) =    3500.000  TEMP(K) =   300.18  PRESS =     0.0
 Etot   =   -249809.9651  EKtot   =     46360.6875  EPtot      =   -296170.6526
 BOND   =      1283.8188  ANGLE   =      3402.1552  DIHED      =      2498.2381
 UB     =         0.0000  IMP     =         0.0000  CMAP       =       331.8883
 1-4 NB =      1540.4609  1-4 EEL =     20353.9088  VDWAALS    =     36531.0913
 EELEC  =   -362112.2139  EHBOND  =         0.0000  RESTRAINT  =         0.0000
 ------------------------------------------------------------------------------

wrapping first mol.:      -66.17253       46.79105       81.04447
wrapping first mol.:      -66.17253       46.79105       81.04447
wrapping first mol.:      -66.17253       46.79105       81.04447
wrapping first mol.:      -66.17253       46.79105       81.04447
wrapping first mol.:      -66.17253       46.79105       81.04447
wrapping first mol.:      -66.17253       46.79105       81.04447
wrapping first mol.:      -66.17253       46.79105       81.04447
wrapping first mol.:      -66.17253       46.79105       81.04447
wrapping first mol.:      -66.17253       46.79105       81.04447
wrapping first mol.:      -66.17253       46.79105       81.04447
wrapping first mol.:      -66.17253       46.79105       81.04447

 NSTEP =  1800000   TIME(PS) =    3600.000  TEMP(K) =   298.44  PRESS =     0.0
 Etot   =   -250638.6833  EKtot   =     46091.9062  EPtot      =   -296730.5895
 BOND   =      1256.3120  ANGLE   =      3350.8009  DIHED      =      2439.7658
 UB     =         0.0000  IMP     =         0.0000  CMAP       =       336.5228
 1-4 NB =      1547.5155  1-4 EEL =     20348.0798  VDWAALS    =     36930.5543
 EELEC  =   -362940.1406  EHBOND  =         0.0000  RESTRAINT  =         0.0000
 ------------------------------------------------------------------------------

wrapping first mol.:      -66.17253       46.79105       81.04447
wrapping first mol.:      -66.17253       46.79105       81.04447
wrapping first mol.:      -66.17253       46.79105       81.04447
wrapping first mol.:      -66.17253       46.79105       81.04447
wrapping first mol.:      -66.17253       46.79105       81.04447
wrapping first mol.:      -66.17253       46.79105       81.04447
wrapping first mol.:      -66.17253       46.79105       81.04447
wrapping first mol.:      -66.17253       46.79105       81.04447
wrapping first mol.:      -66.17253       46.79105       81.04447
wrapping first mol.:      -66.17253       46.79105       81.04447
wrapping first mol.:      -66.17253       46.79105       81.04447

 NSTEP =  1850000   TIME(PS) =    3700.000  TEMP(K) =   298.69  PRESS =     0.0
 Etot   =   -249811.7611  EKtot   =     46130.5039  EPtot      =   -295942.2650
 BOND   =      1298.3761  ANGLE   =      3405.4953  DIHED      =      2423.5005
 UB     =         0.0000  IMP     =         0.0000  CMAP       =       326.3011
 1-4 NB =      1529.7196  1-4 EEL =     20367.6999  VDWAALS    =     36329.8839
 EELEC  =   -361623.2414  EHBOND  =         0.0000  RESTRAINT  =         0.0000
 ------------------------------------------------------------------------------

wrapping first mol.:      -66.17253       46.79105       81.04447
wrapping first mol.:      -66.17253       46.79105       81.04447
wrapping first mol.:      -66.17253       46.79105       81.04447
wrapping first mol.:      -66.17253       46.79105       81.04447
wrapping first mol.:      -66.17253       46.79105       81.04447
wrapping first mol.:      -66.17253       46.79105       81.04447
wrapping first mol.:      -66.17253       46.79105       81.04447
wrapping first mol.:      -66.17253       46.79105       81.04447
wrapping first mol.:      -66.17253       46.79105       81.04447
wrapping first mol.:      -66.17253       46.79105       81.04447
wrapping first mol.:      -66.17253       46.79105       81.04447

 NSTEP =  1900000   TIME(PS) =    3800.000  TEMP(K) =   301.29  PRESS =     0.0
 Etot   =   -249634.6623  EKtot   =     46531.5078  EPtot      =   -296166.1701
 BOND   =      1233.3957  ANGLE   =      3470.5403  DIHED      =      2488.0302
 UB     =         0.0000  IMP     =         0.0000  CMAP       =       315.1392
 1-4 NB =      1524.5121  1-4 EEL =     20420.3895  VDWAALS    =     37416.7391
 EELEC  =   -363034.9162  EHBOND  =         0.0000  RESTRAINT  =         0.0000
 ------------------------------------------------------------------------------

wrapping first mol.:      -66.17253       46.79105       81.04447
wrapping first mol.:      -66.17253       46.79105       81.04447
wrapping first mol.:      -66.17253       46.79105       81.04447
wrapping first mol.:      -66.17253       46.79105       81.04447
wrapping first mol.:      -66.17253       46.79105       81.04447
wrapping first mol.:      -66.17253       46.79105       81.04447
wrapping first mol.:      -66.17253       46.79105       81.04447
wrapping first mol.:      -66.17253       46.79105       81.04447
wrapping first mol.:      -66.17253       46.79105       81.04447
wrapping first mol.:      -66.17253       46.79105       81.04447
wrapping first mol.:      -66.17253       46.79105       81.04447

 NSTEP =  1950000   TIME(PS) =    3900.000  TEMP(K) =   300.06  PRESS =     0.0
 Etot   =   -250048.9869  EKtot   =     46340.9844  EPtot      =   -296389.9713
 BOND   =      1276.8901  ANGLE   =      3321.4676  DIHED      =      2448.9975
 UB     =         0.0000  IMP     =         0.0000  CMAP       =       307.0631
 1-4 NB =      1524.4341  1-4 EEL =     20417.7892  VDWAALS    =     36790.4299
 EELEC  =   -362477.0428  EHBOND  =         0.0000  RESTRAINT  =         0.0000
 ------------------------------------------------------------------------------

wrapping first mol.:      -66.17253       46.79105       81.04447
wrapping first mol.:      -66.17253       46.79105       81.04447
wrapping first mol.:      -66.17253       46.79105       81.04447
wrapping first mol.:      -66.17253       46.79105       81.04447
wrapping first mol.:      -66.17253       46.79105       81.04447
wrapping first mol.:      -66.17253       46.79105       81.04447
wrapping first mol.:      -66.17253       46.79105       81.04447
wrapping first mol.:      -66.17253       46.79105       81.04447
wrapping first mol.:      -66.17253       46.79105       81.04447
wrapping first mol.:      -66.17253       46.79105       81.04447
wrapping first mol.:      -66.17253       46.79105       81.04447

 NSTEP =  2000000   TIME(PS) =    4000.000  TEMP(K) =   301.04  PRESS =     0.0
 Etot   =   -250064.7310  EKtot   =     46492.3555  EPtot      =   -296557.0864
 BOND   =      1293.5688  ANGLE   =      3414.0157  DIHED      =      2450.1301
 UB     =         0.0000  IMP     =         0.0000  CMAP       =       326.3010
 1-4 NB =      1537.9902  1-4 EEL =     20389.5238  VDWAALS    =     36489.1792
 EELEC  =   -362457.7952  EHBOND  =         0.0000  RESTRAINT  =         0.0000
 ------------------------------------------------------------------------------

wrapping first mol.:      -66.17253       46.79105       81.04447
wrapping first mol.:      -66.17253       46.79105       81.04447
wrapping first mol.:      -66.17253       46.79105       81.04447
wrapping first mol.:      -66.17253       46.79105       81.04447
wrapping first mol.:      -66.17253       46.79105       81.04447
wrapping first mol.:      -66.17253       46.79105       81.04447
wrapping first mol.:      -66.17253       46.79105       81.04447
wrapping first mol.:      -66.17253       46.79105       81.04447
wrapping first mol.:      -66.17253       46.79105       81.04447
wrapping first mol.:      -66.17253       46.79105       81.04447
wrapping first mol.:      -66.17253       46.79105       81.04447

 NSTEP =  2050000   TIME(PS) =    4100.000  TEMP(K) =   299.46  PRESS =     0.0
 Etot   =   -250375.6494  EKtot   =     46248.5664  EPtot      =   -296624.2158
 BOND   =      1314.8115  ANGLE   =      3390.2306  DIHED      =      2463.8172
 UB     =         0.0000  IMP     =         0.0000  CMAP       =       324.3397
 1-4 NB =      1550.8039  1-4 EEL =     20309.5367  VDWAALS    =     36808.7324
 EELEC  =   -362786.4878  EHBOND  =         0.0000  RESTRAINT  =         0.0000
 ------------------------------------------------------------------------------

wrapping first mol.:      -66.17253       46.79105       81.04447
wrapping first mol.:      -66.17253       46.79105       81.04447
wrapping first mol.:      -66.17253       46.79105       81.04447
wrapping first mol.:      -66.17253       46.79105       81.04447
wrapping first mol.:      -66.17253       46.79105       81.04447
wrapping first mol.:      -66.17253       46.79105       81.04447
wrapping first mol.:      -66.17253       46.79105       81.04447
wrapping first mol.:      -66.17253       46.79105       81.04447
wrapping first mol.:      -66.17253       46.79105       81.04447
wrapping first mol.:      -66.17253       46.79105       81.04447
wrapping first mol.:      -66.17253       46.79105       81.04447

 NSTEP =  2100000   TIME(PS) =    4200.000  TEMP(K) =   297.37  PRESS =     0.0
 Etot   =   -250909.4225  EKtot   =     45926.1602  EPtot      =   -296835.5827
 BOND   =      1246.3560  ANGLE   =      3486.6977  DIHED      =      2478.1909
 UB     =         0.0000  IMP     =         0.0000  CMAP       =       332.0182
 1-4 NB =      1542.1035  1-4 EEL =     20366.2675  VDWAALS    =     36610.7719
 EELEC  =   -362897.9883  EHBOND  =         0.0000  RESTRAINT  =         0.0000
 ------------------------------------------------------------------------------

wrapping first mol.:      -66.17253       46.79105       81.04447
wrapping first mol.:      -66.17253       46.79105       81.04447
wrapping first mol.:      -66.17253       46.79105       81.04447
wrapping first mol.:      -66.17253       46.79105       81.04447
wrapping first mol.:      -66.17253       46.79105       81.04447
wrapping first mol.:      -66.17253       46.79105       81.04447
wrapping first mol.:      -66.17253       46.79105       81.04447
wrapping first mol.:      -66.17253       46.79105       81.04447
wrapping first mol.:      -66.17253       46.79105       81.04447
wrapping first mol.:      -66.17253       46.79105       81.04447
wrapping first mol.:      -66.17253       46.79105       81.04447

 NSTEP =  2150000   TIME(PS) =    4300.000  TEMP(K) =   299.81  PRESS =     0.0
 Etot   =   -250103.9737  EKtot   =     46303.8281  EPtot      =   -296407.8018
 BOND   =      1270.1326  ANGLE   =      3436.2249  DIHED      =      2454.5429
 UB     =         0.0000  IMP     =         0.0000  CMAP       =       324.8594
 1-4 NB =      1522.1118  1-4 EEL =     20360.1205  VDWAALS    =     36331.5902
 EELEC  =   -362107.3842  EHBOND  =         0.0000  RESTRAINT  =         0.0000
 ------------------------------------------------------------------------------

wrapping first mol.:      -66.17253       46.79105       81.04447
wrapping first mol.:      -66.17253       46.79105       81.04447
wrapping first mol.:      -66.17253       46.79105       81.04447
wrapping first mol.:      -66.17253       46.79105       81.04447
wrapping first mol.:      -66.17253       46.79105       81.04447
wrapping first mol.:      -66.17253       46.79105       81.04447
wrapping first mol.:      -66.17253       46.79105       81.04447
wrapping first mol.:      -66.17253       46.79105       81.04447
wrapping first mol.:      -66.17253       46.79105       81.04447
wrapping first mol.:      -66.17253       46.79105       81.04447
wrapping first mol.:      -66.17253       46.79105       81.04447

 NSTEP =  2200000   TIME(PS) =    4400.000  TEMP(K) =   299.99  PRESS =     0.0
 Etot   =   -250437.9354  EKtot   =     46331.1172  EPtot      =   -296769.0525
 BOND   =      1289.4806  ANGLE   =      3368.0562  DIHED      =      2411.1735
 UB     =         0.0000  IMP     =         0.0000  CMAP       =       313.3080
 1-4 NB =      1527.1650  1-4 EEL =     20321.7707  VDWAALS    =     36485.9443
 EELEC  =   -362485.9509  EHBOND  =         0.0000  RESTRAINT  =         0.0000
 ------------------------------------------------------------------------------

wrapping first mol.:      -66.17253       46.79105       81.04447
wrapping first mol.:      -66.17253       46.79105       81.04447
wrapping first mol.:      -66.17253       46.79105       81.04447
wrapping first mol.:      -66.17253       46.79105       81.04447
wrapping first mol.:      -66.17253       46.79105       81.04447
wrapping first mol.:      -66.17253       46.79105       81.04447
wrapping first mol.:      -66.17253       46.79105       81.04447
wrapping first mol.:      -66.17253       46.79105       81.04447
wrapping first mol.:      -66.17253       46.79105       81.04447
wrapping first mol.:      -66.17253       46.79105       81.04447
wrapping first mol.:      -66.17253       46.79105       81.04447

 NSTEP =  2250000   TIME(PS) =    4500.000  TEMP(K) =   300.42  PRESS =     0.0
 Etot   =   -250241.6247  EKtot   =     46397.9102  EPtot      =   -296639.5349
 BOND   =      1274.1735  ANGLE   =      3458.0625  DIHED      =      2404.3153
 UB     =         0.0000  IMP     =         0.0000  CMAP       =       317.1216
 1-4 NB =      1552.0221  1-4 EEL =     20316.1807  VDWAALS    =     36597.5601
 EELEC  =   -362558.9707  EHBOND  =         0.0000  RESTRAINT  =         0.0000
 ------------------------------------------------------------------------------

wrapping first mol.:      -66.17253       46.79105       81.04447
wrapping first mol.:      -66.17253       46.79105       81.04447
wrapping first mol.:      -66.17253       46.79105       81.04447
wrapping first mol.:      -66.17253       46.79105       81.04447
wrapping first mol.:      -66.17253       46.79105       81.04447
wrapping first mol.:      -66.17253       46.79105       81.04447
wrapping first mol.:      -66.17253       46.79105       81.04447
wrapping first mol.:      -66.17253       46.79105       81.04447
wrapping first mol.:      -66.17253       46.79105       81.04447
wrapping first mol.:      -66.17253       46.79105       81.04447
wrapping first mol.:      -66.17253       46.79105       81.04447

 NSTEP =  2300000   TIME(PS) =    4600.000  TEMP(K) =   301.46  PRESS =     0.0
 Etot   =   -250253.6563  EKtot   =     46558.6953  EPtot      =   -296812.3517
 BOND   =      1310.1552  ANGLE   =      3426.6143  DIHED      =      2439.0697
 UB     =         0.0000  IMP     =         0.0000  CMAP       =       322.6501
 1-4 NB =      1536.5595  1-4 EEL =     20401.5650  VDWAALS    =     37030.2660
 EELEC  =   -363279.2315  EHBOND  =         0.0000  RESTRAINT  =         0.0000
 ------------------------------------------------------------------------------

wrapping first mol.:      -66.17253       46.79105       81.04447
wrapping first mol.:      -66.17253       46.79105       81.04447
wrapping first mol.:      -66.17253       46.79105       81.04447
wrapping first mol.:      -66.17253       46.79105       81.04447
wrapping first mol.:      -66.17253       46.79105       81.04447
wrapping first mol.:      -66.17253       46.79105       81.04447
wrapping first mol.:      -66.17253       46.79105       81.04447
wrapping first mol.:      -66.17253       46.79105       81.04447
wrapping first mol.:      -66.17253       46.79105       81.04447
wrapping first mol.:      -66.17253       46.79105       81.04447
wrapping first mol.:      -66.17253       46.79105       81.04447

 NSTEP =  2350000   TIME(PS) =    4700.000  TEMP(K) =   297.73  PRESS =     0.0
 Etot   =   -251041.5219  EKtot   =     45981.3750  EPtot      =   -297022.8969
 BOND   =      1274.7352  ANGLE   =      3383.8116  DIHED      =      2497.6837
 UB     =         0.0000  IMP     =         0.0000  CMAP       =       335.5304
 1-4 NB =      1525.3176  1-4 EEL =     20369.5109  VDWAALS    =     36732.2877
 EELEC  =   -363141.7740  EHBOND  =         0.0000  RESTRAINT  =         0.0000
 ------------------------------------------------------------------------------

wrapping first mol.:      -66.17253       46.79105       81.04447
wrapping first mol.:      -66.17253       46.79105       81.04447
wrapping first mol.:      -66.17253       46.79105       81.04447
wrapping first mol.:      -66.17253       46.79105       81.04447
wrapping first mol.:      -66.17253       46.79105       81.04447
wrapping first mol.:      -66.17253       46.79105       81.04447
wrapping first mol.:      -66.17253       46.79105       81.04447
wrapping first mol.:      -66.17253       46.79105       81.04447
wrapping first mol.:      -66.17253       46.79105       81.04447
wrapping first mol.:      -66.17253       46.79105       81.04447
wrapping first mol.:      -66.17253       46.79105       81.04447

 NSTEP =  2400000   TIME(PS) =    4800.000  TEMP(K) =   299.03  PRESS =     0.0
 Etot   =   -250124.1640  EKtot   =     46183.0859  EPtot      =   -296307.2499
 BOND   =      1270.6987  ANGLE   =      3480.3020  DIHED      =      2405.7715
 UB     =         0.0000  IMP     =         0.0000  CMAP       =       321.4253
 1-4 NB =      1549.1604  1-4 EEL =     20218.8234  VDWAALS    =     36627.0556
 EELEC  =   -362180.4867  EHBOND  =         0.0000  RESTRAINT  =         0.0000
 ------------------------------------------------------------------------------

wrapping first mol.:      -66.17253       46.79105       81.04447
wrapping first mol.:      -66.17253       46.79105       81.04447
wrapping first mol.:      -66.17253       46.79105       81.04447
wrapping first mol.:      -66.17253       46.79105       81.04447
wrapping first mol.:      -66.17253       46.79105       81.04447
wrapping first mol.:      -66.17253       46.79105       81.04447
wrapping first mol.:      -66.17253       46.79105       81.04447
wrapping first mol.:      -66.17253       46.79105       81.04447
wrapping first mol.:      -66.17253       46.79105       81.04447
wrapping first mol.:      -66.17253       46.79105       81.04447
wrapping first mol.:      -66.17253       46.79105       81.04447

 NSTEP =  2450000   TIME(PS) =    4900.000  TEMP(K) =   299.37  PRESS =     0.0
 Etot   =   -250304.5452  EKtot   =     46235.8164  EPtot      =   -296540.3616
 BOND   =      1298.3416  ANGLE   =      3430.6489  DIHED      =      2405.0670
 UB     =         0.0000  IMP     =         0.0000  CMAP       =       300.5615
 1-4 NB =      1555.8718  1-4 EEL =     20379.7842  VDWAALS    =     36697.7063
 EELEC  =   -362608.3429  EHBOND  =         0.0000  RESTRAINT  =         0.0000
 ------------------------------------------------------------------------------

wrapping first mol.:      -66.17253       46.79105       81.04447
wrapping first mol.:      -66.17253       46.79105       81.04447
wrapping first mol.:      -66.17253       46.79105       81.04447
wrapping first mol.:      -66.17253       46.79105       81.04447
wrapping first mol.:      -66.17253       46.79105       81.04447
wrapping first mol.:      -66.17253       46.79105       81.04447
wrapping first mol.:      -66.17253       46.79105       81.04447
wrapping first mol.:      -66.17253       46.79105       81.04447
wrapping first mol.:      -66.17253       46.79105       81.04447
wrapping first mol.:      -66.17253       46.79105       81.04447
wrapping first mol.:      -66.17253       46.79105       81.04447

 NSTEP =  2500000   TIME(PS) =    5000.000  TEMP(K) =   299.93  PRESS =     0.0
 Etot   =   -249940.3043  EKtot   =     46322.1250  EPtot      =   -296262.4293
 BOND   =      1262.2755  ANGLE   =      3429.1486  DIHED      =      2481.3013
 UB     =         0.0000  IMP     =         0.0000  CMAP       =       325.8597
 1-4 NB =      1547.1081  1-4 EEL =     20345.9204  VDWAALS    =     36325.4032
 EELEC  =   -361979.4461  EHBOND  =         0.0000  RESTRAINT  =         0.0000
 ------------------------------------------------------------------------------


      A V E R A G E S   O V E R      50 S T E P S


 NSTEP =  2500000   TIME(PS) =    5000.000  TEMP(K) =   299.91  PRESS =     0.0
 Etot   =   -250205.1701  EKtot   =     46319.2127  EPtot      =   -296524.3828
 BOND   =      1281.1925  ANGLE   =      3410.0912  DIHED      =      2460.6327
 UB     =         0.0000  IMP     =         0.0000  CMAP       =       327.2442
 1-4 NB =      1538.4775  1-4 EEL =     20388.8899  VDWAALS    =     36700.1541
 EELEC  =   -362631.0648  EHBOND  =         0.0000  RESTRAINT  =         0.0000
 ------------------------------------------------------------------------------


      R M S  F L U C T U A T I O N S


 NSTEP =  2500000   TIME(PS) =    5000.000  TEMP(K) =     1.11  PRESS =     0.0
 Etot   =       307.8991  EKtot   =       171.3920  EPtot      =       259.5335
 BOND   =        28.6405  ANGLE   =        45.7362  DIHED      =        30.3030
 UB     =         0.0000  IMP     =         0.0000  CMAP       =        12.5827
 1-4 NB =        14.4617  1-4 EEL =        54.7530  VDWAALS    =       269.1432
 EELEC  =       405.9640  EHBOND  =         0.0000  RESTRAINT  =         0.0000
 ------------------------------------------------------------------------------

--------------------------------------------------------------------------------
   5.  TIMINGS
--------------------------------------------------------------------------------

|  NonSetup CPU Time in Major Routines:
|
|     Routine           Sec        %
|     ------------------------------
|     Nonbond         350.86    7.10
|     Bond              0.00    0.00
|     Angle             0.00    0.00
|     Dihedral          0.00    0.00
|     Shake            13.61    0.28
|     RunMD          4572.43   92.57
|     Other             2.50    0.05
|     ------------------------------
|     Total          4939.40

|  PME Nonbond Pairlist CPU Time:
|
|     Routine              Sec        %
|     ---------------------------------
|     Set Up Cit           0.00    0.00
|     Build List           0.00    0.00
|     ---------------------------------
|     Total                0.00    0.00

|  PME Direct Force CPU Time:
|
|     Routine              Sec        %
|     ---------------------------------
|     NonBonded Calc       0.00    0.00
|     Exclude Masked       0.00    0.00
|     Other                1.37    0.03
|     ---------------------------------
|     Total                1.37    0.03

|  PME Reciprocal Force CPU Time:
|
|     Routine              Sec        %
|     ---------------------------------
|     1D bspline           0.00    0.00
|     Grid Charges         0.00    0.00
|     Scalar Sum           0.00    0.00
|     Gradient Sum         0.00    0.00
|     FFT                  0.00    0.00
|     ---------------------------------
|     Total                0.00    0.00

|  Final Performance Info:
|     -----------------------------------------------------
|     Average timings for last       1 steps:
|     Elapsed(s) =       0.00 Per Step(ms) =       0.15
|         ns/day =    1167.97   seconds/ns =      73.97
|
|     Average timings for all steps:
|     Elapsed(s) =    4939.53 Per Step(ms) =       1.98
|         ns/day =      87.46   seconds/ns =     987.91
|     -----------------------------------------------------

|  Setup CPU time:            1.16 seconds
|  NonSetup CPU time:      4939.40 seconds
|  Total CPU time:         4940.56 seconds     1.37 hours

|  Setup wall time:           1    seconds
|  NonSetup wall time:     4940    seconds
|  Total wall time:        4941    seconds     1.37 hours
