
          -------------------------------------------------------
          Amber 18 PMEMD                              2018
          -------------------------------------------------------

| PMEMD implementation of SANDER, Release 18

| Run on 01/09/2021 at 19:28:26

|   Executable path: pmemd.cuda
| Working directory: /home/almacen/pbarletta/dynein/run/5vky/1_pdt
|          Hostname: Unknown
  [-O]verwriting output

File Assignments:
|   MDIN: pre_pdt.in                                                            
|  MDOUT: 0pdt.out                                                              
| INPCRD: 1_5vky.rst7                                                           
|   PARM: /home/almacen/pbarletta/dynein/top_files/5vky.prmtop                  
| RESTRT: 0p1_5vky.rst7                                                         
|   REFC: refc                                                                  
|  MDVEL: mdvel                                                                 
|   MDEN: mden                                                                  
|  MDCRD: 0p1_5vky.nc                                                           
| MDINFO: mdinfo                                                                
|  MDFRC: mdfrc                                                                 


 Here is the input file:

Production run                                                                 
&cntrl                                                                         
imin = 0,                           ! No Minimization                          
nmropt = 0,                         ! No NMR restraints read                   
                                                                               
! Nature and format of the input                                               
ntx = 5,                            ! Coordinates and velocities will be read  
irest = 1,                          ! Do not run a new simulation              
                                                                               
! Nature and format of the output                                              
ntxo = 1,                           ! rstrt file in ASCII format               
ntpr = 50000,                       ! inf in output every ntpr steps           
ntwr = 50000,                       ! rstrt file every ntwr steps              
ntwx = 5000,                        ! mdcrd file every ntwx steps              
ntwv = 0,                           ! mdvel without velocities                 
ntwe = 0,                           ! Energies and temperatures not written in 
idecomp = 0,                        ! No energy decomposition                  
iwrap = 1,                          ! Coordinates of the restart and mdcrd file
                                                                               
! Frozen or restrained atoms                                                   
ibelly = 0,                         ! No frozen atoms                          
ntr=0,                              ! Harmonic potential restraints            
                                                                               
! Molecular dynamics                                                           
nstlim = 2500000,                   ! Number of MD-steps                       
dt = 0.002,                         ! Time step                                
                                                                               
! Temperature regulation                                                       
ntt = 3,                            ! Langevin thermostat                      
gamma_ln = 2,                       ! Gamma constant for Langevin              
temp0 = 300.0,                      ! Reference T at which the system is to be 
tempi = 300.0,                      ! Initial T                                
ig = -1,                            ! Seed for the RNG                         
                                                                               
! P and V regulation                                                           
!barostat = 1,                      ! Berendsen barostat                       
!taup = 1,                          ! Pressure relaxation time                 
ntp = 0,                            ! constant V                               
ntb = 1,                            ! Periodic box for constant V              
                                                                               
! SHAKE variables                                                              
ntc = 2,                            ! Bonds involving H are constrained        
ntf = 2,                            ! Bond interaction involving H are ommited.
                                                                               
cut = 9.0,                          ! Nonbonded cutoff                         
/                                                                              
&end                                                                           


Note: ig = -1. Setting random seed to   851449 based on wallclock time in 
      microseconds.
| irandom = 1, using AMBER's internal random number generator (default).
 
|--------------------- INFORMATION ----------------------
| GPU (CUDA) Version of PMEMD in use: NVIDIA GPU IN USE.
|                    Version 18.0.0
| 
|                      03/25/2018
| 
| Implementation by:
|                    Ross C. Walker     (SDSC)
|                    Scott Le Grand     (nVIDIA)
| 
| Version 18 performance extensions by:
|                    David Cerutti     (Rutgers)
| 
| Precision model in use:
|      [SPFP] - Single Precision Forces, 64-bit Fixed Point
|               Accumulation. (Default)
| 
|--------------------------------------------------------
 
|----------------- CITATION INFORMATION -----------------
|
|    When publishing work that utilized the CUDA version
|    of AMBER, please cite the following in addition to
|    the regular AMBER citations:
|
|  - Romelia Salomon-Ferrer; Andreas W. Goetz; Duncan
|    Poole; Scott Le Grand; Ross C. Walker "Routine
|    microsecond molecular dynamics simulations with
|    AMBER - Part II: Particle Mesh Ewald", J. Chem.
|    Theory Comput., 2013, 9 (9), pp3878-3888,
|    DOI: 10.1021/ct400314y.
|
|  - Andreas W. Goetz; Mark J. Williamson; Dong Xu;
|    Duncan Poole; Scott Le Grand; Ross C. Walker
|    "Routine microsecond molecular dynamics simulations
|    with AMBER - Part I: Generalized Born", J. Chem.
|    Theory Comput., 2012, 8 (5), pp1542-1555.
|
|  - Scott Le Grand; Andreas W. Goetz; Ross C. Walker
|    "SPFP: Speed without compromise - a mixed precision
|    model for GPU accelerated molecular dynamics
|    simulations.", Comp. Phys. Comm., 2013, 184
|    pp374-380, DOI: 10.1016/j.cpc.2012.09.022
|
|--------------------------------------------------------
 
|------------------- GPU DEVICE INFO --------------------
|
|            CUDA_VISIBLE_DEVICES: 0
|   CUDA Capable Devices Detected:      1
|           CUDA Device ID in use:      0
|                CUDA Device Name: GeForce GTX 1080 Ti
|     CUDA Device Global Mem Size:  11178 MB
| CUDA Device Num Multiprocessors:     28
|           CUDA Device Core Freq:   1.72 GHz
|
|--------------------------------------------------------
 
 
| Conditional Compilation Defines Used:
| PUBFFT
| BINTRAJ
| CUDA
| EMIL

| Largest sphere to fit in unit cell has radius =    28.743

| New format PARM file being parsed.
| Version =    1.000 Date = 09/22/20 Time = 13:48:22

| Note: 1-4 EEL scale factors are being read from the topology file.

| Note: 1-4 VDW scale factors are being read from the topology file.
| Duplicated    0 dihedrals

| Duplicated    0 dihedrals

--------------------------------------------------------------------------------
   1.  RESOURCE   USE: 
--------------------------------------------------------------------------------

 getting new box info from bottom of inpcrd
 NATOM  =   35094 NTYPES =      19 NBONH =   25406 MBONA  =    9706
 NTHETH =    4174 MTHETA =    2496 NPHIH =    8340 MPHIA  =    8026
 NHPARM =       0 NPARM  =       0 NNB   =   75254 NRES   =    8094
 NBONA  =    9706 NTHETA =    2496 NPHIA =    8026 NUMBND =      71
 NUMANG =     162 NPTRA  =     183 NATYP =      37 NPHB   =       1
 IFBOX  =       2 NMXRS  =      24 IFCAP =       0 NEXTRA =    7860
 NCOPY  =       0


| Coordinate Index Table dimensions:    12   12   12
| Direct force subcell size =     5.8671    5.8671    5.8671

     BOX TYPE: TRUNCATED OCTAHEDRON

--------------------------------------------------------------------------------
   2.  CONTROL  DATA  FOR  THE  RUN
--------------------------------------------------------------------------------

default_name                                                                    

General flags:
     imin    =       0, nmropt  =       0

Nature and format of input:
     ntx     =       5, irest   =       1, ntrx    =       1

Nature and format of output:
     ntxo    =       1, ntpr    =   50000, ntrx    =       1, ntwr    =   50000
     iwrap   =       1, ntwx    =    5000, ntwv    =       0, ntwe    =       0
     ioutfm  =       1, ntwprt  =       0, idecomp =       0, rbornstat=      0

Potential function:
     ntf     =       2, ntb     =       1, igb     =       0, nsnb    =      25
     ipol    =       0, gbsa    =       0, iesp    =       0
     dielc   =   1.00000, cut     =   9.00000, intdiel =   1.00000

Frozen or restrained atoms:
     ibelly  =       0, ntr     =       0

Molecular dynamics:
     nstlim  =   2500000, nscm    =      1000, nrespa  =         1
     t       =   0.00000, dt      =   0.00200, vlimit  =  -1.00000

Langevin dynamics temperature regulation:
     ig      =  851449
     temp0   = 300.00000, tempi   = 300.00000, gamma_ln=   2.00000

SHAKE:
     ntc     =       2, jfastw  =       0
     tol     =   0.00001

| Intermolecular bonds treatment:
|     no_intermolecular_bonds =       1

| Energy averages sample interval:
|     ene_avg_sampling =   50000

Extra-points options:
     frameon =       1, chngmask=       1

Ewald parameters:
     verbose =       0, ew_type =       0, nbflag  =       1, use_pme =       1
     vdwmeth =       1, eedmeth =       1, netfrc  =       1
     Box X =   70.405   Box Y =   70.405   Box Z =   70.405
     Alpha =  109.471   Beta  =  109.471   Gamma =  109.471
     NFFT1 =   72       NFFT2 =   72       NFFT3 =   72
     Cutoff=    9.000   Tol   =0.100E-04
     Ewald Coefficient =  0.30768
     Interpolation order =    4
|      EXTRA_PTS, trim_bonds: num bonds BEFORE trim = 25406     0
|      EXTRA_PTS, trim_bonds: num bonds AFTER  trim = 25406     0
|      EXTRA_PTS, trim_bonds: num bonds BEFORE trim =  9706     0
|      EXTRA_PTS, trim_bonds: num bonds AFTER  trim =  1846     0
|      EXTRA_PTS, trim_theta: num angle BEFORE trim =  4174     0
|      EXTRA_PTS, trim_theta: num angle AFTER  trim =  4174     0
|      EXTRA_PTS, trim_theta: num angle BEFORE trim =  2496     0
|      EXTRA_PTS, trim_theta: num angle AFTER  trim =  2496     0
|      EXTRA_PTS, trim_phi:  num diheds BEFORE trim =  8340     0
|      EXTRA_PTS, trim_phi:  num diheds AFTER  trim =  8340     0
|      EXTRA_PTS, trim_phi:  num diheds BEFORE trim =  8026     0
|      EXTRA_PTS, trim_phi:  num diheds AFTER  trim =  8026     0

--------------------------------------------------------------------------------
   3.  ATOMIC COORDINATES AND VELOCITIES
--------------------------------------------------------------------------------

Cpptraj Generated Restart                                                       
 begin time read from input coords =     0.000 ps

 
 Number of triangulated 3-point waters found:     7860

     Sum of charges from parm topology file =   0.00004304
     Forcing neutrality...

| Dynamic Memory, Types Used:
| Reals             1093682
| Integers          2546454

| Nonbonded Pairs Initial Allocation:     8001432

| GPU memory information (estimate):
| KB of GPU memory in use:         0
| KB of CPU memory in use:         0

--------------------------------------------------------------------------------
   4.  RESULTS
--------------------------------------------------------------------------------

wrapping first mol.:      -23.46827      -33.18915       57.48530
wrapping first mol.:      -23.46827      -33.18915       57.48530
wrapping first mol.:      -23.46827      -33.18915       57.48530
wrapping first mol.:      -23.46827      -33.18915       57.48530
wrapping first mol.:      -23.46827      -33.18915       57.48530
wrapping first mol.:      -23.46827      -33.18915       57.48530
wrapping first mol.:      -23.46827      -33.18915       57.48530
wrapping first mol.:      -23.46827      -33.18915       57.48530
wrapping first mol.:      -23.46827      -33.18915       57.48530
wrapping first mol.:      -23.46827      -33.18915       57.48530
wrapping first mol.:      -23.46827      -33.18915       57.48530

 NSTEP =    50000   TIME(PS) =     100.000  TEMP(K) =   296.75  PRESS =     0.0
 Etot   =    -88487.5685  EKtot   =     16598.7461  EPtot      =   -105086.3146
 BOND   =       654.7444  ANGLE   =      1830.4904  DIHED      =      1286.3942
 UB     =         0.0000  IMP     =         0.0000  CMAP       =       183.4340
 1-4 NB =       823.2629  1-4 EEL =     11324.7998  VDWAALS    =     11632.2147
 EELEC  =   -132821.6550  EHBOND  =         0.0000  RESTRAINT  =         0.0000
 ------------------------------------------------------------------------------

wrapping first mol.:      -23.46827      -33.18915       57.48530
wrapping first mol.:      -23.46827      -33.18915       57.48530
wrapping first mol.:      -23.46827      -33.18915       57.48530
wrapping first mol.:      -23.46827      -33.18915       57.48530
wrapping first mol.:      -23.46827      -33.18915       57.48530
wrapping first mol.:      -23.46827      -33.18915       57.48530
wrapping first mol.:      -23.46827      -33.18915       57.48530
wrapping first mol.:      -23.46827      -33.18915       57.48530
wrapping first mol.:      -23.46827      -33.18915       57.48530
wrapping first mol.:      -23.46827      -33.18915       57.48530
wrapping first mol.:      -23.46827      -33.18915       57.48530

 NSTEP =   100000   TIME(PS) =     200.000  TEMP(K) =   298.95  PRESS =     0.0
 Etot   =    -88408.2528  EKtot   =     16721.8145  EPtot      =   -105130.0672
 BOND   =       667.1409  ANGLE   =      1829.6691  DIHED      =      1348.7803
 UB     =         0.0000  IMP     =         0.0000  CMAP       =       180.7068
 1-4 NB =       814.5768  1-4 EEL =     11396.5649  VDWAALS    =     11423.2459
 EELEC  =   -132790.7520  EHBOND  =         0.0000  RESTRAINT  =         0.0000
 ------------------------------------------------------------------------------

wrapping first mol.:      -23.46827      -33.18915       57.48530
wrapping first mol.:      -23.46827      -33.18915       57.48530
wrapping first mol.:      -23.46827      -33.18915       57.48530
wrapping first mol.:      -23.46827      -33.18915       57.48530
wrapping first mol.:      -23.46827      -33.18915       57.48530
wrapping first mol.:      -23.46827      -33.18915       57.48530
wrapping first mol.:      -23.46827      -33.18915       57.48530
wrapping first mol.:      -23.46827      -33.18915       57.48530
wrapping first mol.:      -23.46827      -33.18915       57.48530
wrapping first mol.:      -23.46827      -33.18915       57.48530
wrapping first mol.:      -23.46827      -33.18915       57.48530

 NSTEP =   150000   TIME(PS) =     300.000  TEMP(K) =   300.42  PRESS =     0.0
 Etot   =    -88405.1416  EKtot   =     16804.3672  EPtot      =   -105209.5088
 BOND   =       682.0806  ANGLE   =      1790.4450  DIHED      =      1330.9584
 UB     =         0.0000  IMP     =         0.0000  CMAP       =       185.8230
 1-4 NB =       825.8142  1-4 EEL =     11399.2876  VDWAALS    =     11429.7130
 EELEC  =   -132853.6305  EHBOND  =         0.0000  RESTRAINT  =         0.0000
 ------------------------------------------------------------------------------

wrapping first mol.:      -23.46827      -33.18915       57.48530
wrapping first mol.:      -23.46827      -33.18915       57.48530
wrapping first mol.:      -23.46827      -33.18915       57.48530
wrapping first mol.:      -23.46827      -33.18915       57.48530
wrapping first mol.:      -23.46827      -33.18915       57.48530
wrapping first mol.:      -23.46827      -33.18915       57.48530
wrapping first mol.:      -23.46827      -33.18915       57.48530
wrapping first mol.:      -23.46827      -33.18915       57.48530
wrapping first mol.:      -23.46827      -33.18915       57.48530
wrapping first mol.:      -23.46827      -33.18915       57.48530
wrapping first mol.:      -23.46827      -33.18915       57.48530

 NSTEP =   200000   TIME(PS) =     400.000  TEMP(K) =   299.39  PRESS =     0.0
 Etot   =    -88511.2676  EKtot   =     16746.5488  EPtot      =   -105257.8164
 BOND   =       655.9566  ANGLE   =      1852.4698  DIHED      =      1346.5770
 UB     =         0.0000  IMP     =         0.0000  CMAP       =       174.9282
 1-4 NB =       820.0175  1-4 EEL =     11375.7471  VDWAALS    =     12011.0088
 EELEC  =   -133494.5215  EHBOND  =         0.0000  RESTRAINT  =         0.0000
 ------------------------------------------------------------------------------

wrapping first mol.:      -23.46827      -33.18915       57.48530
wrapping first mol.:      -23.46827      -33.18915       57.48530
wrapping first mol.:      -23.46827      -33.18915       57.48530
wrapping first mol.:      -23.46827      -33.18915       57.48530
wrapping first mol.:      -23.46827      -33.18915       57.48530
wrapping first mol.:      -23.46827      -33.18915       57.48530
wrapping first mol.:      -23.46827      -33.18915       57.48530
wrapping first mol.:      -23.46827      -33.18915       57.48530
wrapping first mol.:      -23.46827      -33.18915       57.48530
wrapping first mol.:      -23.46827      -33.18915       57.48530
wrapping first mol.:      -23.46827      -33.18915       57.48530

 NSTEP =   250000   TIME(PS) =     500.000  TEMP(K) =   298.22  PRESS =     0.0
 Etot   =    -88661.3882  EKtot   =     16681.3496  EPtot      =   -105342.7378
 BOND   =       685.6605  ANGLE   =      1815.7423  DIHED      =      1327.4117
 UB     =         0.0000  IMP     =         0.0000  CMAP       =       184.1143
 1-4 NB =       834.5468  1-4 EEL =     11354.6505  VDWAALS    =     11822.7485
 EELEC  =   -133367.6126  EHBOND  =         0.0000  RESTRAINT  =         0.0000
 ------------------------------------------------------------------------------

wrapping first mol.:      -23.46827      -33.18915       57.48530
wrapping first mol.:      -23.46827      -33.18915       57.48530
wrapping first mol.:      -23.46827      -33.18915       57.48530
wrapping first mol.:      -23.46827      -33.18915       57.48530
wrapping first mol.:      -23.46827      -33.18915       57.48530
wrapping first mol.:      -23.46827      -33.18915       57.48530
wrapping first mol.:      -23.46827      -33.18915       57.48530
wrapping first mol.:      -23.46827      -33.18915       57.48530
wrapping first mol.:      -23.46827      -33.18915       57.48530
wrapping first mol.:      -23.46827      -33.18915       57.48530
wrapping first mol.:      -23.46827      -33.18915       57.48530

 NSTEP =   300000   TIME(PS) =     600.000  TEMP(K) =   299.94  PRESS =     0.0
 Etot   =    -88633.3891  EKtot   =     16777.4043  EPtot      =   -105410.7934
 BOND   =       667.2125  ANGLE   =      1869.4260  DIHED      =      1318.8906
 UB     =         0.0000  IMP     =         0.0000  CMAP       =       172.5424
 1-4 NB =       849.4215  1-4 EEL =     11363.1865  VDWAALS    =     11692.3261
 EELEC  =   -133343.7991  EHBOND  =         0.0000  RESTRAINT  =         0.0000
 ------------------------------------------------------------------------------

wrapping first mol.:      -23.46827      -33.18915       57.48530
wrapping first mol.:      -23.46827      -33.18915       57.48530
wrapping first mol.:      -23.46827      -33.18915       57.48530
wrapping first mol.:      -23.46827      -33.18915       57.48530
wrapping first mol.:      -23.46827      -33.18915       57.48530
wrapping first mol.:      -23.46827      -33.18915       57.48530
wrapping first mol.:      -23.46827      -33.18915       57.48530
wrapping first mol.:      -23.46827      -33.18915       57.48530
wrapping first mol.:      -23.46827      -33.18915       57.48530
wrapping first mol.:      -23.46827      -33.18915       57.48530
wrapping first mol.:      -23.46827      -33.18915       57.48530

 NSTEP =   350000   TIME(PS) =     700.000  TEMP(K) =   301.71  PRESS =     0.0
 Etot   =    -88489.4017  EKtot   =     16876.4590  EPtot      =   -105365.8607
 BOND   =       671.2029  ANGLE   =      1863.2300  DIHED      =      1314.1261
 UB     =         0.0000  IMP     =         0.0000  CMAP       =       177.7841
 1-4 NB =       817.9306  1-4 EEL =     11340.4579  VDWAALS    =     11751.1552
 EELEC  =   -133301.7475  EHBOND  =         0.0000  RESTRAINT  =         0.0000
 ------------------------------------------------------------------------------

wrapping first mol.:      -23.46827      -33.18915       57.48530
wrapping first mol.:      -23.46827      -33.18915       57.48530
wrapping first mol.:      -23.46827      -33.18915       57.48530
wrapping first mol.:      -23.46827      -33.18915       57.48530
wrapping first mol.:      -23.46827      -33.18915       57.48530
wrapping first mol.:      -23.46827      -33.18915       57.48530
wrapping first mol.:      -23.46827      -33.18915       57.48530
wrapping first mol.:      -23.46827      -33.18915       57.48530
wrapping first mol.:      -23.46827      -33.18915       57.48530
wrapping first mol.:      -23.46827      -33.18915       57.48530
wrapping first mol.:      -23.46827      -33.18915       57.48530

 NSTEP =   400000   TIME(PS) =     800.000  TEMP(K) =   300.84  PRESS =     0.0
 Etot   =    -88639.4530  EKtot   =     16827.5352  EPtot      =   -105466.9882
 BOND   =       664.0625  ANGLE   =      1833.6981  DIHED      =      1311.4943
 UB     =         0.0000  IMP     =         0.0000  CMAP       =       178.7726
 1-4 NB =       828.5457  1-4 EEL =     11334.0627  VDWAALS    =     11701.5007
 EELEC  =   -133319.1248  EHBOND  =         0.0000  RESTRAINT  =         0.0000
 ------------------------------------------------------------------------------

wrapping first mol.:      -23.46827      -33.18915       57.48530
wrapping first mol.:      -23.46827      -33.18915       57.48530
wrapping first mol.:      -23.46827      -33.18915       57.48530
wrapping first mol.:      -23.46827      -33.18915       57.48530
wrapping first mol.:      -23.46827      -33.18915       57.48530
wrapping first mol.:      -23.46827      -33.18915       57.48530
wrapping first mol.:      -23.46827      -33.18915       57.48530
wrapping first mol.:      -23.46827      -33.18915       57.48530
wrapping first mol.:      -23.46827      -33.18915       57.48530
wrapping first mol.:      -23.46827      -33.18915       57.48530
wrapping first mol.:      -23.46827      -33.18915       57.48530

 NSTEP =   450000   TIME(PS) =     900.000  TEMP(K) =   299.30  PRESS =     0.0
 Etot   =    -88486.9655  EKtot   =     16741.4746  EPtot      =   -105228.4401
 BOND   =       700.5259  ANGLE   =      1882.3758  DIHED      =      1353.6730
 UB     =         0.0000  IMP     =         0.0000  CMAP       =       184.6590
 1-4 NB =       806.6087  1-4 EEL =     11322.7909  VDWAALS    =     11827.7144
 EELEC  =   -133306.7878  EHBOND  =         0.0000  RESTRAINT  =         0.0000
 ------------------------------------------------------------------------------

wrapping first mol.:      -23.46827      -33.18915       57.48530
wrapping first mol.:      -23.46827      -33.18915       57.48530
wrapping first mol.:      -23.46827      -33.18915       57.48530
wrapping first mol.:      -23.46827      -33.18915       57.48530
wrapping first mol.:      -23.46827      -33.18915       57.48530
wrapping first mol.:      -23.46827      -33.18915       57.48530
wrapping first mol.:      -23.46827      -33.18915       57.48530
wrapping first mol.:      -23.46827      -33.18915       57.48530
wrapping first mol.:      -23.46827      -33.18915       57.48530
wrapping first mol.:      -23.46827      -33.18915       57.48530
wrapping first mol.:      -23.46827      -33.18915       57.48530

 NSTEP =   500000   TIME(PS) =    1000.000  TEMP(K) =   297.50  PRESS =     0.0
 Etot   =    -88564.9313  EKtot   =     16640.8125  EPtot      =   -105205.7438
 BOND   =       701.6276  ANGLE   =      1800.4873  DIHED      =      1337.3150
 UB     =         0.0000  IMP     =         0.0000  CMAP       =       186.2543
 1-4 NB =       805.8978  1-4 EEL =     11334.6554  VDWAALS    =     11537.1422
 EELEC  =   -132909.1234  EHBOND  =         0.0000  RESTRAINT  =         0.0000
 ------------------------------------------------------------------------------

wrapping first mol.:      -23.46827      -33.18915       57.48530
wrapping first mol.:      -23.46827      -33.18915       57.48530
wrapping first mol.:      -23.46827      -33.18915       57.48530
wrapping first mol.:      -23.46827      -33.18915       57.48530
wrapping first mol.:      -23.46827      -33.18915       57.48530
wrapping first mol.:      -23.46827      -33.18915       57.48530
wrapping first mol.:      -23.46827      -33.18915       57.48530
wrapping first mol.:      -23.46827      -33.18915       57.48530
wrapping first mol.:      -23.46827      -33.18915       57.48530
wrapping first mol.:      -23.46827      -33.18915       57.48530
wrapping first mol.:      -23.46827      -33.18915       57.48530

 NSTEP =   550000   TIME(PS) =    1100.000  TEMP(K) =   297.72  PRESS =     0.0
 Etot   =    -88721.9301  EKtot   =     16652.9844  EPtot      =   -105374.9144
 BOND   =       664.1948  ANGLE   =      1843.6407  DIHED      =      1325.9250
 UB     =         0.0000  IMP     =         0.0000  CMAP       =       182.1803
 1-4 NB =       825.9983  1-4 EEL =     11269.9394  VDWAALS    =     11899.5983
 EELEC  =   -133386.3911  EHBOND  =         0.0000  RESTRAINT  =         0.0000
 ------------------------------------------------------------------------------

wrapping first mol.:      -23.46827      -33.18915       57.48530
wrapping first mol.:      -23.46827      -33.18915       57.48530
wrapping first mol.:      -23.46827      -33.18915       57.48530
wrapping first mol.:      -23.46827      -33.18915       57.48530
wrapping first mol.:      -23.46827      -33.18915       57.48530
wrapping first mol.:      -23.46827      -33.18915       57.48530
wrapping first mol.:      -23.46827      -33.18915       57.48530
wrapping first mol.:      -23.46827      -33.18915       57.48530
wrapping first mol.:      -23.46827      -33.18915       57.48530
wrapping first mol.:      -23.46827      -33.18915       57.48530
wrapping first mol.:      -23.46827      -33.18915       57.48530

 NSTEP =   600000   TIME(PS) =    1200.000  TEMP(K) =   298.58  PRESS =     0.0
 Etot   =    -88803.0944  EKtot   =     16701.1582  EPtot      =   -105504.2526
 BOND   =       650.6339  ANGLE   =      1854.4846  DIHED      =      1346.9097
 UB     =         0.0000  IMP     =         0.0000  CMAP       =       173.9012
 1-4 NB =       831.4892  1-4 EEL =     11350.5363  VDWAALS    =     11905.7794
 EELEC  =   -133617.9868  EHBOND  =         0.0000  RESTRAINT  =         0.0000
 ------------------------------------------------------------------------------

wrapping first mol.:      -23.46827      -33.18915       57.48530
wrapping first mol.:      -23.46827      -33.18915       57.48530
wrapping first mol.:      -23.46827      -33.18915       57.48530
wrapping first mol.:      -23.46827      -33.18915       57.48530
wrapping first mol.:      -23.46827      -33.18915       57.48530
wrapping first mol.:      -23.46827      -33.18915       57.48530
wrapping first mol.:      -23.46827      -33.18915       57.48530
wrapping first mol.:      -23.46827      -33.18915       57.48530
wrapping first mol.:      -23.46827      -33.18915       57.48530
wrapping first mol.:      -23.46827      -33.18915       57.48530
wrapping first mol.:      -23.46827      -33.18915       57.48530

 NSTEP =   650000   TIME(PS) =    1300.000  TEMP(K) =   299.41  PRESS =     0.0
 Etot   =    -88557.2546  EKtot   =     16747.8711  EPtot      =   -105305.1257
 BOND   =       665.3619  ANGLE   =      1876.7678  DIHED      =      1309.9860
 UB     =         0.0000  IMP     =         0.0000  CMAP       =       163.5634
 1-4 NB =       818.2133  1-4 EEL =     11326.1333  VDWAALS    =     11919.5797
 EELEC  =   -133384.7310  EHBOND  =         0.0000  RESTRAINT  =         0.0000
 ------------------------------------------------------------------------------

wrapping first mol.:      -23.46827      -33.18915       57.48530
wrapping first mol.:      -23.46827      -33.18915       57.48530
wrapping first mol.:      -23.46827      -33.18915       57.48530
wrapping first mol.:      -23.46827      -33.18915       57.48530
wrapping first mol.:      -23.46827      -33.18915       57.48530
wrapping first mol.:      -23.46827      -33.18915       57.48530
wrapping first mol.:      -23.46827      -33.18915       57.48530
wrapping first mol.:      -23.46827      -33.18915       57.48530
wrapping first mol.:      -23.46827      -33.18915       57.48530
wrapping first mol.:      -23.46827      -33.18915       57.48530
wrapping first mol.:      -23.46827      -33.18915       57.48530

 NSTEP =   700000   TIME(PS) =    1400.000  TEMP(K) =   303.45  PRESS =     0.0
 Etot   =    -88653.0821  EKtot   =     16973.6426  EPtot      =   -105626.7247
 BOND   =       647.0878  ANGLE   =      1840.8962  DIHED      =      1321.1615
 UB     =         0.0000  IMP     =         0.0000  CMAP       =       181.9421
 1-4 NB =       815.1322  1-4 EEL =     11431.1252  VDWAALS    =     11840.9623
 EELEC  =   -133705.0319  EHBOND  =         0.0000  RESTRAINT  =         0.0000
 ------------------------------------------------------------------------------

wrapping first mol.:      -23.46827      -33.18915       57.48530
wrapping first mol.:      -23.46827      -33.18915       57.48530
wrapping first mol.:      -23.46827      -33.18915       57.48530
wrapping first mol.:      -23.46827      -33.18915       57.48530
wrapping first mol.:      -23.46827      -33.18915       57.48530
wrapping first mol.:      -23.46827      -33.18915       57.48530
wrapping first mol.:      -23.46827      -33.18915       57.48530
wrapping first mol.:      -23.46827      -33.18915       57.48530
wrapping first mol.:      -23.46827      -33.18915       57.48530
wrapping first mol.:      -23.46827      -33.18915       57.48530
wrapping first mol.:      -23.46827      -33.18915       57.48530

 NSTEP =   750000   TIME(PS) =    1500.000  TEMP(K) =   300.68  PRESS =     0.0
 Etot   =    -88499.0201  EKtot   =     16818.7656  EPtot      =   -105317.7857
 BOND   =       677.7575  ANGLE   =      1831.3033  DIHED      =      1325.1824
 UB     =         0.0000  IMP     =         0.0000  CMAP       =       169.5552
 1-4 NB =       827.2133  1-4 EEL =     11314.7192  VDWAALS    =     11506.1890
 EELEC  =   -132969.7056  EHBOND  =         0.0000  RESTRAINT  =         0.0000
 ------------------------------------------------------------------------------

wrapping first mol.:      -23.46827      -33.18915       57.48530
wrapping first mol.:      -23.46827      -33.18915       57.48530
wrapping first mol.:      -23.46827      -33.18915       57.48530
wrapping first mol.:      -23.46827      -33.18915       57.48530
wrapping first mol.:      -23.46827      -33.18915       57.48530
wrapping first mol.:      -23.46827      -33.18915       57.48530
wrapping first mol.:      -23.46827      -33.18915       57.48530
wrapping first mol.:      -23.46827      -33.18915       57.48530
wrapping first mol.:      -23.46827      -33.18915       57.48530
wrapping first mol.:      -23.46827      -33.18915       57.48530
wrapping first mol.:      -23.46827      -33.18915       57.48530

 NSTEP =   800000   TIME(PS) =    1600.000  TEMP(K) =   297.63  PRESS =     0.0
 Etot   =    -88801.5709  EKtot   =     16648.2891  EPtot      =   -105449.8600
 BOND   =       647.9550  ANGLE   =      1832.4153  DIHED      =      1333.9270
 UB     =         0.0000  IMP     =         0.0000  CMAP       =       182.4230
 1-4 NB =       823.0078  1-4 EEL =     11401.7773  VDWAALS    =     11814.4213
 EELEC  =   -133485.7867  EHBOND  =         0.0000  RESTRAINT  =         0.0000
 ------------------------------------------------------------------------------

wrapping first mol.:      -23.46827      -33.18915       57.48530
wrapping first mol.:      -23.46827      -33.18915       57.48530
wrapping first mol.:      -23.46827      -33.18915       57.48530
wrapping first mol.:      -23.46827      -33.18915       57.48530
wrapping first mol.:      -23.46827      -33.18915       57.48530
wrapping first mol.:      -23.46827      -33.18915       57.48530
wrapping first mol.:      -23.46827      -33.18915       57.48530
wrapping first mol.:      -23.46827      -33.18915       57.48530
wrapping first mol.:      -23.46827      -33.18915       57.48530
wrapping first mol.:      -23.46827      -33.18915       57.48530
wrapping first mol.:      -23.46827      -33.18915       57.48530

 NSTEP =   850000   TIME(PS) =    1700.000  TEMP(K) =   300.59  PRESS =     0.0
 Etot   =    -88498.1169  EKtot   =     16813.5801  EPtot      =   -105311.6970
 BOND   =       696.6263  ANGLE   =      1860.1452  DIHED      =      1316.7647
 UB     =         0.0000  IMP     =         0.0000  CMAP       =       186.9574
 1-4 NB =       812.2318  1-4 EEL =     11326.6731  VDWAALS    =     11746.0417
 EELEC  =   -133257.1372  EHBOND  =         0.0000  RESTRAINT  =         0.0000
 ------------------------------------------------------------------------------

wrapping first mol.:      -23.46827      -33.18915       57.48530
wrapping first mol.:      -23.46827      -33.18915       57.48530
wrapping first mol.:      -23.46827      -33.18915       57.48530
wrapping first mol.:      -23.46827      -33.18915       57.48530
wrapping first mol.:      -23.46827      -33.18915       57.48530
wrapping first mol.:      -23.46827      -33.18915       57.48530
wrapping first mol.:      -23.46827      -33.18915       57.48530
wrapping first mol.:      -23.46827      -33.18915       57.48530
wrapping first mol.:      -23.46827      -33.18915       57.48530
wrapping first mol.:      -23.46827      -33.18915       57.48530
wrapping first mol.:      -23.46827      -33.18915       57.48530

 NSTEP =   900000   TIME(PS) =    1800.000  TEMP(K) =   301.20  PRESS =     0.0
 Etot   =    -88419.9957  EKtot   =     16847.4863  EPtot      =   -105267.4820
 BOND   =       679.4788  ANGLE   =      1799.1246  DIHED      =      1331.8954
 UB     =         0.0000  IMP     =         0.0000  CMAP       =       172.2908
 1-4 NB =       837.3864  1-4 EEL =     11358.0119  VDWAALS    =     11454.7686
 EELEC  =   -132900.4386  EHBOND  =         0.0000  RESTRAINT  =         0.0000
 ------------------------------------------------------------------------------

wrapping first mol.:      -23.46827      -33.18915       57.48530
wrapping first mol.:      -23.46827      -33.18915       57.48530
wrapping first mol.:      -23.46827      -33.18915       57.48530
wrapping first mol.:      -23.46827      -33.18915       57.48530
wrapping first mol.:      -23.46827      -33.18915       57.48530
wrapping first mol.:      -23.46827      -33.18915       57.48530
wrapping first mol.:      -23.46827      -33.18915       57.48530
wrapping first mol.:      -23.46827      -33.18915       57.48530
wrapping first mol.:      -23.46827      -33.18915       57.48530
wrapping first mol.:      -23.46827      -33.18915       57.48530
wrapping first mol.:      -23.46827      -33.18915       57.48530

 NSTEP =   950000   TIME(PS) =    1900.000  TEMP(K) =   298.27  PRESS =     0.0
 Etot   =    -88741.7989  EKtot   =     16683.7090  EPtot      =   -105425.5079
 BOND   =       691.8142  ANGLE   =      1807.3589  DIHED      =      1348.6258
 UB     =         0.0000  IMP     =         0.0000  CMAP       =       175.4206
 1-4 NB =       803.7298  1-4 EEL =     11329.7329  VDWAALS    =     11843.7597
 EELEC  =   -133425.9499  EHBOND  =         0.0000  RESTRAINT  =         0.0000
 ------------------------------------------------------------------------------

wrapping first mol.:      -23.46827      -33.18915       57.48530
wrapping first mol.:      -23.46827      -33.18915       57.48530
wrapping first mol.:      -23.46827      -33.18915       57.48530
wrapping first mol.:      -23.46827      -33.18915       57.48530
wrapping first mol.:      -23.46827      -33.18915       57.48530
wrapping first mol.:      -23.46827      -33.18915       57.48530
wrapping first mol.:      -23.46827      -33.18915       57.48530
wrapping first mol.:      -23.46827      -33.18915       57.48530
wrapping first mol.:      -23.46827      -33.18915       57.48530
wrapping first mol.:      -23.46827      -33.18915       57.48530
wrapping first mol.:      -23.46827      -33.18915       57.48530

 NSTEP =  1000000   TIME(PS) =    2000.000  TEMP(K) =   299.17  PRESS =     0.0
 Etot   =    -88413.2095  EKtot   =     16733.9531  EPtot      =   -105147.1626
 BOND   =       642.8289  ANGLE   =      1876.5017  DIHED      =      1323.4885
 UB     =         0.0000  IMP     =         0.0000  CMAP       =       157.9622
 1-4 NB =       833.9431  1-4 EEL =     11365.9577  VDWAALS    =     11682.4133
 EELEC  =   -133030.2580  EHBOND  =         0.0000  RESTRAINT  =         0.0000
 ------------------------------------------------------------------------------

wrapping first mol.:      -23.46827      -33.18915       57.48530
wrapping first mol.:      -23.46827      -33.18915       57.48530
wrapping first mol.:      -23.46827      -33.18915       57.48530
wrapping first mol.:      -23.46827      -33.18915       57.48530
wrapping first mol.:      -23.46827      -33.18915       57.48530
wrapping first mol.:      -23.46827      -33.18915       57.48530
wrapping first mol.:      -23.46827      -33.18915       57.48530
wrapping first mol.:      -23.46827      -33.18915       57.48530
wrapping first mol.:      -23.46827      -33.18915       57.48530
wrapping first mol.:      -23.46827      -33.18915       57.48530
wrapping first mol.:      -23.46827      -33.18915       57.48530

 NSTEP =  1050000   TIME(PS) =    2100.000  TEMP(K) =   296.19  PRESS =     0.0
 Etot   =    -88605.6434  EKtot   =     16567.7012  EPtot      =   -105173.3446
 BOND   =       670.0894  ANGLE   =      1800.0566  DIHED      =      1322.9922
 UB     =         0.0000  IMP     =         0.0000  CMAP       =       184.4816
 1-4 NB =       838.8181  1-4 EEL =     11397.9363  VDWAALS    =     11646.4366
 EELEC  =   -133034.1554  EHBOND  =         0.0000  RESTRAINT  =         0.0000
 ------------------------------------------------------------------------------

wrapping first mol.:      -23.46827      -33.18915       57.48530
wrapping first mol.:      -23.46827      -33.18915       57.48530
wrapping first mol.:      -23.46827      -33.18915       57.48530
wrapping first mol.:      -23.46827      -33.18915       57.48530
wrapping first mol.:      -23.46827      -33.18915       57.48530
wrapping first mol.:      -23.46827      -33.18915       57.48530
wrapping first mol.:      -23.46827      -33.18915       57.48530
wrapping first mol.:      -23.46827      -33.18915       57.48530
wrapping first mol.:      -23.46827      -33.18915       57.48530
wrapping first mol.:      -23.46827      -33.18915       57.48530
wrapping first mol.:      -23.46827      -33.18915       57.48530

 NSTEP =  1100000   TIME(PS) =    2200.000  TEMP(K) =   302.16  PRESS =     0.0
 Etot   =    -88495.6711  EKtot   =     16901.6348  EPtot      =   -105397.3059
 BOND   =       701.1631  ANGLE   =      1841.5107  DIHED      =      1323.0904
 UB     =         0.0000  IMP     =         0.0000  CMAP       =       182.4503
 1-4 NB =       816.6882  1-4 EEL =     11371.6509  VDWAALS    =     12060.5580
 EELEC  =   -133694.4175  EHBOND  =         0.0000  RESTRAINT  =         0.0000
 ------------------------------------------------------------------------------

wrapping first mol.:      -23.46827      -33.18915       57.48530
wrapping first mol.:      -23.46827      -33.18915       57.48530
wrapping first mol.:      -23.46827      -33.18915       57.48530
wrapping first mol.:      -23.46827      -33.18915       57.48530
wrapping first mol.:      -23.46827      -33.18915       57.48530
wrapping first mol.:      -23.46827      -33.18915       57.48530
wrapping first mol.:      -23.46827      -33.18915       57.48530
wrapping first mol.:      -23.46827      -33.18915       57.48530
wrapping first mol.:      -23.46827      -33.18915       57.48530
wrapping first mol.:      -23.46827      -33.18915       57.48530
wrapping first mol.:      -23.46827      -33.18915       57.48530

 NSTEP =  1150000   TIME(PS) =    2300.000  TEMP(K) =   300.31  PRESS =     0.0
 Etot   =    -88695.6589  EKtot   =     16798.0645  EPtot      =   -105493.7233
 BOND   =       668.8960  ANGLE   =      1859.9607  DIHED      =      1324.0536
 UB     =         0.0000  IMP     =         0.0000  CMAP       =       178.2220
 1-4 NB =       813.6266  1-4 EEL =     11318.7212  VDWAALS    =     11905.4626
 EELEC  =   -133562.6661  EHBOND  =         0.0000  RESTRAINT  =         0.0000
 ------------------------------------------------------------------------------

wrapping first mol.:      -23.46827      -33.18915       57.48530
wrapping first mol.:      -23.46827      -33.18915       57.48530
wrapping first mol.:      -23.46827      -33.18915       57.48530
wrapping first mol.:      -23.46827      -33.18915       57.48530
wrapping first mol.:      -23.46827      -33.18915       57.48530
wrapping first mol.:      -23.46827      -33.18915       57.48530
wrapping first mol.:      -23.46827      -33.18915       57.48530
wrapping first mol.:      -23.46827      -33.18915       57.48530
wrapping first mol.:      -23.46827      -33.18915       57.48530
wrapping first mol.:      -23.46827      -33.18915       57.48530
wrapping first mol.:      -23.46827      -33.18915       57.48530

 NSTEP =  1200000   TIME(PS) =    2400.000  TEMP(K) =   297.87  PRESS =     0.0
 Etot   =    -88687.0003  EKtot   =     16661.4707  EPtot      =   -105348.4710
 BOND   =       643.3029  ANGLE   =      1861.3543  DIHED      =      1348.9798
 UB     =         0.0000  IMP     =         0.0000  CMAP       =       166.2196
 1-4 NB =       811.1644  1-4 EEL =     11385.8028  VDWAALS    =     11707.8860
 EELEC  =   -133273.1807  EHBOND  =         0.0000  RESTRAINT  =         0.0000
 ------------------------------------------------------------------------------

wrapping first mol.:      -23.46827      -33.18915       57.48530
wrapping first mol.:      -23.46827      -33.18915       57.48530
wrapping first mol.:      -23.46827      -33.18915       57.48530
wrapping first mol.:      -23.46827      -33.18915       57.48530
wrapping first mol.:      -23.46827      -33.18915       57.48530
wrapping first mol.:      -23.46827      -33.18915       57.48530
wrapping first mol.:      -23.46827      -33.18915       57.48530
wrapping first mol.:      -23.46827      -33.18915       57.48530
wrapping first mol.:      -23.46827      -33.18915       57.48530
wrapping first mol.:      -23.46827      -33.18915       57.48530
wrapping first mol.:      -23.46827      -33.18915       57.48530

 NSTEP =  1250000   TIME(PS) =    2500.000  TEMP(K) =   297.99  PRESS =     0.0
 Etot   =    -88704.6224  EKtot   =     16668.3887  EPtot      =   -105373.0111
 BOND   =       654.6196  ANGLE   =      1787.7507  DIHED      =      1311.9253
 UB     =         0.0000  IMP     =         0.0000  CMAP       =       180.8960
 1-4 NB =       819.9926  1-4 EEL =     11369.9379  VDWAALS    =     11935.3060
 EELEC  =   -133433.4392  EHBOND  =         0.0000  RESTRAINT  =         0.0000
 ------------------------------------------------------------------------------

wrapping first mol.:      -23.46827      -33.18915       57.48530
wrapping first mol.:      -23.46827      -33.18915       57.48530
wrapping first mol.:      -23.46827      -33.18915       57.48530
wrapping first mol.:      -23.46827      -33.18915       57.48530
wrapping first mol.:      -23.46827      -33.18915       57.48530
wrapping first mol.:      -23.46827      -33.18915       57.48530
wrapping first mol.:      -23.46827      -33.18915       57.48530
wrapping first mol.:      -23.46827      -33.18915       57.48530
wrapping first mol.:      -23.46827      -33.18915       57.48530
wrapping first mol.:      -23.46827      -33.18915       57.48530
wrapping first mol.:      -23.46827      -33.18915       57.48530

 NSTEP =  1300000   TIME(PS) =    2600.000  TEMP(K) =   302.85  PRESS =     0.0
 Etot   =    -88324.5601  EKtot   =     16940.2637  EPtot      =   -105264.8238
 BOND   =       674.5696  ANGLE   =      1863.2879  DIHED      =      1341.2605
 UB     =         0.0000  IMP     =         0.0000  CMAP       =       178.5492
 1-4 NB =       827.7964  1-4 EEL =     11363.2524  VDWAALS    =     11557.0838
 EELEC  =   -133070.6235  EHBOND  =         0.0000  RESTRAINT  =         0.0000
 ------------------------------------------------------------------------------

wrapping first mol.:      -23.46827      -33.18915       57.48530
wrapping first mol.:      -23.46827      -33.18915       57.48530
wrapping first mol.:      -23.46827      -33.18915       57.48530
wrapping first mol.:      -23.46827      -33.18915       57.48530
wrapping first mol.:      -23.46827      -33.18915       57.48530
wrapping first mol.:      -23.46827      -33.18915       57.48530
wrapping first mol.:      -23.46827      -33.18915       57.48530
wrapping first mol.:      -23.46827      -33.18915       57.48530
wrapping first mol.:      -23.46827      -33.18915       57.48530
wrapping first mol.:      -23.46827      -33.18915       57.48530
wrapping first mol.:      -23.46827      -33.18915       57.48530

 NSTEP =  1350000   TIME(PS) =    2700.000  TEMP(K) =   299.02  PRESS =     0.0
 Etot   =    -88823.4792  EKtot   =     16725.8965  EPtot      =   -105549.3757
 BOND   =       661.0909  ANGLE   =      1843.8981  DIHED      =      1310.4191
 UB     =         0.0000  IMP     =         0.0000  CMAP       =       186.3330
 1-4 NB =       815.5145  1-4 EEL =     11376.6470  VDWAALS    =     11856.2371
 EELEC  =   -133599.5153  EHBOND  =         0.0000  RESTRAINT  =         0.0000
 ------------------------------------------------------------------------------

wrapping first mol.:      -23.46827      -33.18915       57.48530
wrapping first mol.:      -23.46827      -33.18915       57.48530
wrapping first mol.:      -23.46827      -33.18915       57.48530
wrapping first mol.:      -23.46827      -33.18915       57.48530
wrapping first mol.:      -23.46827      -33.18915       57.48530
wrapping first mol.:      -23.46827      -33.18915       57.48530
wrapping first mol.:      -23.46827      -33.18915       57.48530
wrapping first mol.:      -23.46827      -33.18915       57.48530
wrapping first mol.:      -23.46827      -33.18915       57.48530
wrapping first mol.:      -23.46827      -33.18915       57.48530
wrapping first mol.:      -23.46827      -33.18915       57.48530

 NSTEP =  1400000   TIME(PS) =    2800.000  TEMP(K) =   300.58  PRESS =     0.0
 Etot   =    -88367.5451  EKtot   =     16813.2285  EPtot      =   -105180.7736
 BOND   =       719.6420  ANGLE   =      1807.8850  DIHED      =      1302.1279
 UB     =         0.0000  IMP     =         0.0000  CMAP       =       180.5388
 1-4 NB =       828.2792  1-4 EEL =     11378.1153  VDWAALS    =     11790.7221
 EELEC  =   -133188.0839  EHBOND  =         0.0000  RESTRAINT  =         0.0000
 ------------------------------------------------------------------------------

wrapping first mol.:      -23.46827      -33.18915       57.48530
wrapping first mol.:      -23.46827      -33.18915       57.48530
wrapping first mol.:      -23.46827      -33.18915       57.48530
wrapping first mol.:      -23.46827      -33.18915       57.48530
wrapping first mol.:      -23.46827      -33.18915       57.48530
wrapping first mol.:      -23.46827      -33.18915       57.48530
wrapping first mol.:      -23.46827      -33.18915       57.48530
wrapping first mol.:      -23.46827      -33.18915       57.48530
wrapping first mol.:      -23.46827      -33.18915       57.48530
wrapping first mol.:      -23.46827      -33.18915       57.48530
wrapping first mol.:      -23.46827      -33.18915       57.48530

 NSTEP =  1450000   TIME(PS) =    2900.000  TEMP(K) =   299.22  PRESS =     0.0
 Etot   =    -88570.1996  EKtot   =     16737.2676  EPtot      =   -105307.4672
 BOND   =       695.7803  ANGLE   =      1873.8404  DIHED      =      1334.9613
 UB     =         0.0000  IMP     =         0.0000  CMAP       =       173.4501
 1-4 NB =       833.0262  1-4 EEL =     11313.6921  VDWAALS    =     11996.0528
 EELEC  =   -133528.2704  EHBOND  =         0.0000  RESTRAINT  =         0.0000
 ------------------------------------------------------------------------------

wrapping first mol.:      -23.46827      -33.18915       57.48530
wrapping first mol.:      -23.46827      -33.18915       57.48530
wrapping first mol.:      -23.46827      -33.18915       57.48530
wrapping first mol.:      -23.46827      -33.18915       57.48530
wrapping first mol.:      -23.46827      -33.18915       57.48530
wrapping first mol.:      -23.46827      -33.18915       57.48530
wrapping first mol.:      -23.46827      -33.18915       57.48530
wrapping first mol.:      -23.46827      -33.18915       57.48530
wrapping first mol.:      -23.46827      -33.18915       57.48530
wrapping first mol.:      -23.46827      -33.18915       57.48530
wrapping first mol.:      -23.46827      -33.18915       57.48530

 NSTEP =  1500000   TIME(PS) =    3000.000  TEMP(K) =   298.29  PRESS =     0.0
 Etot   =    -88560.3193  EKtot   =     16684.9375  EPtot      =   -105245.2568
 BOND   =       668.3652  ANGLE   =      1809.5426  DIHED      =      1317.1488
 UB     =         0.0000  IMP     =         0.0000  CMAP       =       171.6608
 1-4 NB =       821.7763  1-4 EEL =     11366.0764  VDWAALS    =     11765.5699
 EELEC  =   -133165.3968  EHBOND  =         0.0000  RESTRAINT  =         0.0000
 ------------------------------------------------------------------------------

wrapping first mol.:      -23.46827      -33.18915       57.48530
wrapping first mol.:      -23.46827      -33.18915       57.48530
wrapping first mol.:      -23.46827      -33.18915       57.48530
wrapping first mol.:      -23.46827      -33.18915       57.48530
wrapping first mol.:      -23.46827      -33.18915       57.48530
wrapping first mol.:      -23.46827      -33.18915       57.48530
wrapping first mol.:      -23.46827      -33.18915       57.48530
wrapping first mol.:      -23.46827      -33.18915       57.48530
wrapping first mol.:      -23.46827      -33.18915       57.48530
wrapping first mol.:      -23.46827      -33.18915       57.48530
wrapping first mol.:      -23.46827      -33.18915       57.48530

 NSTEP =  1550000   TIME(PS) =    3100.000  TEMP(K) =   302.20  PRESS =     0.0
 Etot   =    -88435.8425  EKtot   =     16903.7285  EPtot      =   -105339.5710
 BOND   =       668.0967  ANGLE   =      1795.0642  DIHED      =      1335.9118
 UB     =         0.0000  IMP     =         0.0000  CMAP       =       176.5021
 1-4 NB =       816.6552  1-4 EEL =     11395.9985  VDWAALS    =     11638.2102
 EELEC  =   -133166.0096  EHBOND  =         0.0000  RESTRAINT  =         0.0000
 ------------------------------------------------------------------------------

wrapping first mol.:      -23.46827      -33.18915       57.48530
wrapping first mol.:      -23.46827      -33.18915       57.48530
wrapping first mol.:      -23.46827      -33.18915       57.48530
wrapping first mol.:      -23.46827      -33.18915       57.48530
wrapping first mol.:      -23.46827      -33.18915       57.48530
wrapping first mol.:      -23.46827      -33.18915       57.48530
wrapping first mol.:      -23.46827      -33.18915       57.48530
wrapping first mol.:      -23.46827      -33.18915       57.48530
wrapping first mol.:      -23.46827      -33.18915       57.48530
wrapping first mol.:      -23.46827      -33.18915       57.48530
wrapping first mol.:      -23.46827      -33.18915       57.48530

 NSTEP =  1600000   TIME(PS) =    3200.000  TEMP(K) =   302.00  PRESS =     0.0
 Etot   =    -88630.7569  EKtot   =     16892.6973  EPtot      =   -105523.4542
 BOND   =       673.4335  ANGLE   =      1808.5920  DIHED      =      1321.3498
 UB     =         0.0000  IMP     =         0.0000  CMAP       =       172.9027
 1-4 NB =       825.9777  1-4 EEL =     11353.6699  VDWAALS    =     11686.2537
 EELEC  =   -133365.6334  EHBOND  =         0.0000  RESTRAINT  =         0.0000
 ------------------------------------------------------------------------------

wrapping first mol.:      -23.46827      -33.18915       57.48530
wrapping first mol.:      -23.46827      -33.18915       57.48530
wrapping first mol.:      -23.46827      -33.18915       57.48530
wrapping first mol.:      -23.46827      -33.18915       57.48530
wrapping first mol.:      -23.46827      -33.18915       57.48530
wrapping first mol.:      -23.46827      -33.18915       57.48530
wrapping first mol.:      -23.46827      -33.18915       57.48530
wrapping first mol.:      -23.46827      -33.18915       57.48530
wrapping first mol.:      -23.46827      -33.18915       57.48530
wrapping first mol.:      -23.46827      -33.18915       57.48530
wrapping first mol.:      -23.46827      -33.18915       57.48530

 NSTEP =  1650000   TIME(PS) =    3300.000  TEMP(K) =   301.08  PRESS =     0.0
 Etot   =    -88680.2960  EKtot   =     16841.3281  EPtot      =   -105521.6241
 BOND   =       670.3866  ANGLE   =      1829.0611  DIHED      =      1288.1383
 UB     =         0.0000  IMP     =         0.0000  CMAP       =       174.0197
 1-4 NB =       837.9316  1-4 EEL =     11444.4310  VDWAALS    =     11625.8828
 EELEC  =   -133391.4752  EHBOND  =         0.0000  RESTRAINT  =         0.0000
 ------------------------------------------------------------------------------

wrapping first mol.:      -23.46827      -33.18915       57.48530
wrapping first mol.:      -23.46827      -33.18915       57.48530
wrapping first mol.:      -23.46827      -33.18915       57.48530
wrapping first mol.:      -23.46827      -33.18915       57.48530
wrapping first mol.:      -23.46827      -33.18915       57.48530
wrapping first mol.:      -23.46827      -33.18915       57.48530
wrapping first mol.:      -23.46827      -33.18915       57.48530
wrapping first mol.:      -23.46827      -33.18915       57.48530
wrapping first mol.:      -23.46827      -33.18915       57.48530
wrapping first mol.:      -23.46827      -33.18915       57.48530
wrapping first mol.:      -23.46827      -33.18915       57.48530

 NSTEP =  1700000   TIME(PS) =    3400.000  TEMP(K) =   300.55  PRESS =     0.0
 Etot   =    -88423.3876  EKtot   =     16811.2871  EPtot      =   -105234.6747
 BOND   =       681.9524  ANGLE   =      1825.8227  DIHED      =      1333.0452
 UB     =         0.0000  IMP     =         0.0000  CMAP       =       189.8028
 1-4 NB =       830.0929  1-4 EEL =     11401.1850  VDWAALS    =     11550.1353
 EELEC  =   -133046.7111  EHBOND  =         0.0000  RESTRAINT  =         0.0000
 ------------------------------------------------------------------------------

wrapping first mol.:      -23.46827      -33.18915       57.48530
wrapping first mol.:      -23.46827      -33.18915       57.48530
wrapping first mol.:      -23.46827      -33.18915       57.48530
wrapping first mol.:      -23.46827      -33.18915       57.48530
wrapping first mol.:      -23.46827      -33.18915       57.48530
wrapping first mol.:      -23.46827      -33.18915       57.48530
wrapping first mol.:      -23.46827      -33.18915       57.48530
wrapping first mol.:      -23.46827      -33.18915       57.48530
wrapping first mol.:      -23.46827      -33.18915       57.48530
wrapping first mol.:      -23.46827      -33.18915       57.48530
wrapping first mol.:      -23.46827      -33.18915       57.48530

 NSTEP =  1750000   TIME(PS) =    3500.000  TEMP(K) =   299.38  PRESS =     0.0
 Etot   =    -88710.2656  EKtot   =     16746.1602  EPtot      =   -105456.4257
 BOND   =       647.7528  ANGLE   =      1828.8646  DIHED      =      1328.9488
 UB     =         0.0000  IMP     =         0.0000  CMAP       =       175.9815
 1-4 NB =       808.6533  1-4 EEL =     11404.2459  VDWAALS    =     11570.9984
 EELEC  =   -133221.8711  EHBOND  =         0.0000  RESTRAINT  =         0.0000
 ------------------------------------------------------------------------------

wrapping first mol.:      -23.46827      -33.18915       57.48530
wrapping first mol.:      -23.46827      -33.18915       57.48530
wrapping first mol.:      -23.46827      -33.18915       57.48530
wrapping first mol.:      -23.46827      -33.18915       57.48530
wrapping first mol.:      -23.46827      -33.18915       57.48530
wrapping first mol.:      -23.46827      -33.18915       57.48530
wrapping first mol.:      -23.46827      -33.18915       57.48530
wrapping first mol.:      -23.46827      -33.18915       57.48530
wrapping first mol.:      -23.46827      -33.18915       57.48530
wrapping first mol.:      -23.46827      -33.18915       57.48530
wrapping first mol.:      -23.46827      -33.18915       57.48530

 NSTEP =  1800000   TIME(PS) =    3600.000  TEMP(K) =   300.34  PRESS =     0.0
 Etot   =    -88715.2175  EKtot   =     16799.6875  EPtot      =   -105514.9050
 BOND   =       660.1308  ANGLE   =      1796.7005  DIHED      =      1325.4634
 UB     =         0.0000  IMP     =         0.0000  CMAP       =       171.9647
 1-4 NB =       819.9251  1-4 EEL =     11379.0629  VDWAALS    =     12090.8725
 EELEC  =   -133759.0249  EHBOND  =         0.0000  RESTRAINT  =         0.0000
 ------------------------------------------------------------------------------

wrapping first mol.:      -23.46827      -33.18915       57.48530
wrapping first mol.:      -23.46827      -33.18915       57.48530
wrapping first mol.:      -23.46827      -33.18915       57.48530
wrapping first mol.:      -23.46827      -33.18915       57.48530
wrapping first mol.:      -23.46827      -33.18915       57.48530
wrapping first mol.:      -23.46827      -33.18915       57.48530
wrapping first mol.:      -23.46827      -33.18915       57.48530
wrapping first mol.:      -23.46827      -33.18915       57.48530
wrapping first mol.:      -23.46827      -33.18915       57.48530
wrapping first mol.:      -23.46827      -33.18915       57.48530
wrapping first mol.:      -23.46827      -33.18915       57.48530

 NSTEP =  1850000   TIME(PS) =    3700.000  TEMP(K) =   299.57  PRESS =     0.0
 Etot   =    -88608.8550  EKtot   =     16756.6504  EPtot      =   -105365.5053
 BOND   =       697.9678  ANGLE   =      1829.2529  DIHED      =      1303.8429
 UB     =         0.0000  IMP     =         0.0000  CMAP       =       176.9466
 1-4 NB =       822.8730  1-4 EEL =     11356.9931  VDWAALS    =     11780.9084
 EELEC  =   -133334.2901  EHBOND  =         0.0000  RESTRAINT  =         0.0000
 ------------------------------------------------------------------------------

wrapping first mol.:      -23.46827      -33.18915       57.48530
wrapping first mol.:      -23.46827      -33.18915       57.48530
wrapping first mol.:      -23.46827      -33.18915       57.48530
wrapping first mol.:      -23.46827      -33.18915       57.48530
wrapping first mol.:      -23.46827      -33.18915       57.48530
wrapping first mol.:      -23.46827      -33.18915       57.48530
wrapping first mol.:      -23.46827      -33.18915       57.48530
wrapping first mol.:      -23.46827      -33.18915       57.48530
wrapping first mol.:      -23.46827      -33.18915       57.48530
wrapping first mol.:      -23.46827      -33.18915       57.48530
wrapping first mol.:      -23.46827      -33.18915       57.48530

 NSTEP =  1900000   TIME(PS) =    3800.000  TEMP(K) =   296.62  PRESS =     0.0
 Etot   =    -88740.0181  EKtot   =     16591.8320  EPtot      =   -105331.8502
 BOND   =       669.9795  ANGLE   =      1790.9726  DIHED      =      1328.2690
 UB     =         0.0000  IMP     =         0.0000  CMAP       =       166.5998
 1-4 NB =       815.5751  1-4 EEL =     11397.0420  VDWAALS    =     11652.1280
 EELEC  =   -133152.4162  EHBOND  =         0.0000  RESTRAINT  =         0.0000
 ------------------------------------------------------------------------------

wrapping first mol.:      -23.46827      -33.18915       57.48530
wrapping first mol.:      -23.46827      -33.18915       57.48530
wrapping first mol.:      -23.46827      -33.18915       57.48530
wrapping first mol.:      -23.46827      -33.18915       57.48530
wrapping first mol.:      -23.46827      -33.18915       57.48530
wrapping first mol.:      -23.46827      -33.18915       57.48530
wrapping first mol.:      -23.46827      -33.18915       57.48530
wrapping first mol.:      -23.46827      -33.18915       57.48530
wrapping first mol.:      -23.46827      -33.18915       57.48530
wrapping first mol.:      -23.46827      -33.18915       57.48530
wrapping first mol.:      -23.46827      -33.18915       57.48530

 NSTEP =  1950000   TIME(PS) =    3900.000  TEMP(K) =   299.47  PRESS =     0.0
 Etot   =    -88283.8988  EKtot   =     16750.7207  EPtot      =   -105034.6195
 BOND   =       661.2290  ANGLE   =      1857.2911  DIHED      =      1312.7200
 UB     =         0.0000  IMP     =         0.0000  CMAP       =       174.8326
 1-4 NB =       816.4329  1-4 EEL =     11349.8809  VDWAALS    =     11570.9002
 EELEC  =   -132777.9063  EHBOND  =         0.0000  RESTRAINT  =         0.0000
 ------------------------------------------------------------------------------

wrapping first mol.:      -23.46827      -33.18915       57.48530
wrapping first mol.:      -23.46827      -33.18915       57.48530
wrapping first mol.:      -23.46827      -33.18915       57.48530
wrapping first mol.:      -23.46827      -33.18915       57.48530
wrapping first mol.:      -23.46827      -33.18915       57.48530
wrapping first mol.:      -23.46827      -33.18915       57.48530
wrapping first mol.:      -23.46827      -33.18915       57.48530
wrapping first mol.:      -23.46827      -33.18915       57.48530
wrapping first mol.:      -23.46827      -33.18915       57.48530
wrapping first mol.:      -23.46827      -33.18915       57.48530
wrapping first mol.:      -23.46827      -33.18915       57.48530

 NSTEP =  2000000   TIME(PS) =    4000.000  TEMP(K) =   301.03  PRESS =     0.0
 Etot   =    -88159.4258  EKtot   =     16838.2617  EPtot      =   -104997.6875
 BOND   =       636.6604  ANGLE   =      1885.7441  DIHED      =      1303.3034
 UB     =         0.0000  IMP     =         0.0000  CMAP       =       188.4199
 1-4 NB =       817.8963  1-4 EEL =     11279.8050  VDWAALS    =     11655.5649
 EELEC  =   -132765.0817  EHBOND  =         0.0000  RESTRAINT  =         0.0000
 ------------------------------------------------------------------------------

wrapping first mol.:      -23.46827      -33.18915       57.48530
wrapping first mol.:      -23.46827      -33.18915       57.48530
wrapping first mol.:      -23.46827      -33.18915       57.48530
wrapping first mol.:      -23.46827      -33.18915       57.48530
wrapping first mol.:      -23.46827      -33.18915       57.48530
wrapping first mol.:      -23.46827      -33.18915       57.48530
wrapping first mol.:      -23.46827      -33.18915       57.48530
wrapping first mol.:      -23.46827      -33.18915       57.48530
wrapping first mol.:      -23.46827      -33.18915       57.48530
wrapping first mol.:      -23.46827      -33.18915       57.48530
wrapping first mol.:      -23.46827      -33.18915       57.48530

 NSTEP =  2050000   TIME(PS) =    4100.000  TEMP(K) =   299.58  PRESS =     0.0
 Etot   =    -88697.2305  EKtot   =     16757.0820  EPtot      =   -105454.3125
 BOND   =       645.7609  ANGLE   =      1917.6803  DIHED      =      1309.4415
 UB     =         0.0000  IMP     =         0.0000  CMAP       =       171.1431
 1-4 NB =       832.5950  1-4 EEL =     11350.2181  VDWAALS    =     11901.0545
 EELEC  =   -133582.2059  EHBOND  =         0.0000  RESTRAINT  =         0.0000
 ------------------------------------------------------------------------------

wrapping first mol.:      -23.46827      -33.18915       57.48530
wrapping first mol.:      -23.46827      -33.18915       57.48530
wrapping first mol.:      -23.46827      -33.18915       57.48530
wrapping first mol.:      -23.46827      -33.18915       57.48530
wrapping first mol.:      -23.46827      -33.18915       57.48530
wrapping first mol.:      -23.46827      -33.18915       57.48530
wrapping first mol.:      -23.46827      -33.18915       57.48530
wrapping first mol.:      -23.46827      -33.18915       57.48530
wrapping first mol.:      -23.46827      -33.18915       57.48530
wrapping first mol.:      -23.46827      -33.18915       57.48530
wrapping first mol.:      -23.46827      -33.18915       57.48530

 NSTEP =  2100000   TIME(PS) =    4200.000  TEMP(K) =   298.20  PRESS =     0.0
 Etot   =    -88448.2971  EKtot   =     16679.8867  EPtot      =   -105128.1838
 BOND   =       704.9114  ANGLE   =      1827.4943  DIHED      =      1312.5476
 UB     =         0.0000  IMP     =         0.0000  CMAP       =       176.8283
 1-4 NB =       813.2829  1-4 EEL =     11366.0843  VDWAALS    =     11582.0406
 EELEC  =   -132911.3732  EHBOND  =         0.0000  RESTRAINT  =         0.0000
 ------------------------------------------------------------------------------

wrapping first mol.:      -23.46827      -33.18915       57.48530
wrapping first mol.:      -23.46827      -33.18915       57.48530
wrapping first mol.:      -23.46827      -33.18915       57.48530
wrapping first mol.:      -23.46827      -33.18915       57.48530
wrapping first mol.:      -23.46827      -33.18915       57.48530
wrapping first mol.:      -23.46827      -33.18915       57.48530
wrapping first mol.:      -23.46827      -33.18915       57.48530
wrapping first mol.:      -23.46827      -33.18915       57.48530
wrapping first mol.:      -23.46827      -33.18915       57.48530
wrapping first mol.:      -23.46827      -33.18915       57.48530
wrapping first mol.:      -23.46827      -33.18915       57.48530

 NSTEP =  2150000   TIME(PS) =    4300.000  TEMP(K) =   299.73  PRESS =     0.0
 Etot   =    -88528.7942  EKtot   =     16765.5801  EPtot      =   -105294.3743
 BOND   =       683.5354  ANGLE   =      1801.4446  DIHED      =      1299.6432
 UB     =         0.0000  IMP     =         0.0000  CMAP       =       159.2006
 1-4 NB =       844.7226  1-4 EEL =     11373.0233  VDWAALS    =     11868.8700
 EELEC  =   -133324.8140  EHBOND  =         0.0000  RESTRAINT  =         0.0000
 ------------------------------------------------------------------------------

wrapping first mol.:      -23.46827      -33.18915       57.48530
wrapping first mol.:      -23.46827      -33.18915       57.48530
wrapping first mol.:      -23.46827      -33.18915       57.48530
wrapping first mol.:      -23.46827      -33.18915       57.48530
wrapping first mol.:      -23.46827      -33.18915       57.48530
wrapping first mol.:      -23.46827      -33.18915       57.48530
wrapping first mol.:      -23.46827      -33.18915       57.48530
wrapping first mol.:      -23.46827      -33.18915       57.48530
wrapping first mol.:      -23.46827      -33.18915       57.48530
wrapping first mol.:      -23.46827      -33.18915       57.48530
wrapping first mol.:      -23.46827      -33.18915       57.48530

 NSTEP =  2200000   TIME(PS) =    4400.000  TEMP(K) =   302.48  PRESS =     0.0
 Etot   =    -88423.0267  EKtot   =     16919.5840  EPtot      =   -105342.6107
 BOND   =       668.6040  ANGLE   =      1814.8635  DIHED      =      1317.5305
 UB     =         0.0000  IMP     =         0.0000  CMAP       =       172.7892
 1-4 NB =       820.8776  1-4 EEL =     11380.1249  VDWAALS    =     11728.1316
 EELEC  =   -133245.5319  EHBOND  =         0.0000  RESTRAINT  =         0.0000
 ------------------------------------------------------------------------------

wrapping first mol.:      -23.46827      -33.18915       57.48530
wrapping first mol.:      -23.46827      -33.18915       57.48530
wrapping first mol.:      -23.46827      -33.18915       57.48530
wrapping first mol.:      -23.46827      -33.18915       57.48530
wrapping first mol.:      -23.46827      -33.18915       57.48530
wrapping first mol.:      -23.46827      -33.18915       57.48530
wrapping first mol.:      -23.46827      -33.18915       57.48530
wrapping first mol.:      -23.46827      -33.18915       57.48530
wrapping first mol.:      -23.46827      -33.18915       57.48530
wrapping first mol.:      -23.46827      -33.18915       57.48530
wrapping first mol.:      -23.46827      -33.18915       57.48530

 NSTEP =  2250000   TIME(PS) =    4500.000  TEMP(K) =   298.83  PRESS =     0.0
 Etot   =    -88660.8069  EKtot   =     16715.3359  EPtot      =   -105376.1428
 BOND   =       643.3563  ANGLE   =      1797.5906  DIHED      =      1327.6285
 UB     =         0.0000  IMP     =         0.0000  CMAP       =       169.4565
 1-4 NB =       810.4124  1-4 EEL =     11318.3032  VDWAALS    =     11793.1200
 EELEC  =   -133236.0103  EHBOND  =         0.0000  RESTRAINT  =         0.0000
 ------------------------------------------------------------------------------

wrapping first mol.:      -23.46827      -33.18915       57.48530
wrapping first mol.:      -23.46827      -33.18915       57.48530
wrapping first mol.:      -23.46827      -33.18915       57.48530
wrapping first mol.:      -23.46827      -33.18915       57.48530
wrapping first mol.:      -23.46827      -33.18915       57.48530
wrapping first mol.:      -23.46827      -33.18915       57.48530
wrapping first mol.:      -23.46827      -33.18915       57.48530
wrapping first mol.:      -23.46827      -33.18915       57.48530
wrapping first mol.:      -23.46827      -33.18915       57.48530
wrapping first mol.:      -23.46827      -33.18915       57.48530
wrapping first mol.:      -23.46827      -33.18915       57.48530

 NSTEP =  2300000   TIME(PS) =    4600.000  TEMP(K) =   300.45  PRESS =     0.0
 Etot   =    -88473.1210  EKtot   =     16806.0762  EPtot      =   -105279.1972
 BOND   =       676.6814  ANGLE   =      1842.0828  DIHED      =      1292.7263
 UB     =         0.0000  IMP     =         0.0000  CMAP       =       172.1646
 1-4 NB =       822.8296  1-4 EEL =     11368.8547  VDWAALS    =     11966.7517
 EELEC  =   -133421.2882  EHBOND  =         0.0000  RESTRAINT  =         0.0000
 ------------------------------------------------------------------------------

wrapping first mol.:      -23.46827      -33.18915       57.48530
wrapping first mol.:      -23.46827      -33.18915       57.48530
wrapping first mol.:      -23.46827      -33.18915       57.48530
wrapping first mol.:      -23.46827      -33.18915       57.48530
wrapping first mol.:      -23.46827      -33.18915       57.48530
wrapping first mol.:      -23.46827      -33.18915       57.48530
wrapping first mol.:      -23.46827      -33.18915       57.48530
wrapping first mol.:      -23.46827      -33.18915       57.48530
wrapping first mol.:      -23.46827      -33.18915       57.48530
wrapping first mol.:      -23.46827      -33.18915       57.48530
wrapping first mol.:      -23.46827      -33.18915       57.48530

 NSTEP =  2350000   TIME(PS) =    4700.000  TEMP(K) =   303.04  PRESS =     0.0
 Etot   =    -88389.4070  EKtot   =     16950.6055  EPtot      =   -105340.0125
 BOND   =       642.6085  ANGLE   =      1867.7275  DIHED      =      1302.7768
 UB     =         0.0000  IMP     =         0.0000  CMAP       =       176.8393
 1-4 NB =       807.0238  1-4 EEL =     11327.5351  VDWAALS    =     11882.9405
 EELEC  =   -133347.4640  EHBOND  =         0.0000  RESTRAINT  =         0.0000
 ------------------------------------------------------------------------------

wrapping first mol.:      -23.46827      -33.18915       57.48530
wrapping first mol.:      -23.46827      -33.18915       57.48530
wrapping first mol.:      -23.46827      -33.18915       57.48530
wrapping first mol.:      -23.46827      -33.18915       57.48530
wrapping first mol.:      -23.46827      -33.18915       57.48530
wrapping first mol.:      -23.46827      -33.18915       57.48530
wrapping first mol.:      -23.46827      -33.18915       57.48530
wrapping first mol.:      -23.46827      -33.18915       57.48530
wrapping first mol.:      -23.46827      -33.18915       57.48530
wrapping first mol.:      -23.46827      -33.18915       57.48530
wrapping first mol.:      -23.46827      -33.18915       57.48530

 NSTEP =  2400000   TIME(PS) =    4800.000  TEMP(K) =   299.17  PRESS =     0.0
 Etot   =    -88345.2226  EKtot   =     16734.0137  EPtot      =   -105079.2362
 BOND   =       644.4159  ANGLE   =      1853.2250  DIHED      =      1303.3090
 UB     =         0.0000  IMP     =         0.0000  CMAP       =       182.2949
 1-4 NB =       808.4706  1-4 EEL =     11355.0203  VDWAALS    =     11441.1517
 EELEC  =   -132667.1238  EHBOND  =         0.0000  RESTRAINT  =         0.0000
 ------------------------------------------------------------------------------

wrapping first mol.:      -23.46827      -33.18915       57.48530
wrapping first mol.:      -23.46827      -33.18915       57.48530
wrapping first mol.:      -23.46827      -33.18915       57.48530
wrapping first mol.:      -23.46827      -33.18915       57.48530
wrapping first mol.:      -23.46827      -33.18915       57.48530
wrapping first mol.:      -23.46827      -33.18915       57.48530
wrapping first mol.:      -23.46827      -33.18915       57.48530
wrapping first mol.:      -23.46827      -33.18915       57.48530
wrapping first mol.:      -23.46827      -33.18915       57.48530
wrapping first mol.:      -23.46827      -33.18915       57.48530
wrapping first mol.:      -23.46827      -33.18915       57.48530

 NSTEP =  2450000   TIME(PS) =    4900.000  TEMP(K) =   297.63  PRESS =     0.0
 Etot   =    -88695.3201  EKtot   =     16647.8750  EPtot      =   -105343.1951
 BOND   =       669.2692  ANGLE   =      1768.3330  DIHED      =      1340.5754
 UB     =         0.0000  IMP     =         0.0000  CMAP       =       179.2227
 1-4 NB =       811.7684  1-4 EEL =     11372.9927  VDWAALS    =     11782.2407
 EELEC  =   -133267.5970  EHBOND  =         0.0000  RESTRAINT  =         0.0000
 ------------------------------------------------------------------------------

wrapping first mol.:      -23.46827      -33.18915       57.48530
wrapping first mol.:      -23.46827      -33.18915       57.48530
wrapping first mol.:      -23.46827      -33.18915       57.48530
wrapping first mol.:      -23.46827      -33.18915       57.48530
wrapping first mol.:      -23.46827      -33.18915       57.48530
wrapping first mol.:      -23.46827      -33.18915       57.48530
wrapping first mol.:      -23.46827      -33.18915       57.48530
wrapping first mol.:      -23.46827      -33.18915       57.48530
wrapping first mol.:      -23.46827      -33.18915       57.48530
wrapping first mol.:      -23.46827      -33.18915       57.48530
wrapping first mol.:      -23.46827      -33.18915       57.48530

 NSTEP =  2500000   TIME(PS) =    5000.000  TEMP(K) =   299.33  PRESS =     0.0
 Etot   =    -88589.6791  EKtot   =     16742.9414  EPtot      =   -105332.6205
 BOND   =       683.8499  ANGLE   =      1826.2426  DIHED      =      1325.9153
 UB     =         0.0000  IMP     =         0.0000  CMAP       =       182.9760
 1-4 NB =       824.0629  1-4 EEL =     11323.7165  VDWAALS    =     11701.7569
 EELEC  =   -133201.1406  EHBOND  =         0.0000  RESTRAINT  =         0.0000
 ------------------------------------------------------------------------------


      A V E R A G E S   O V E R      50 S T E P S


 NSTEP =  2500000   TIME(PS) =    5000.000  TEMP(K) =   299.70  PRESS =     0.0
 Etot   =    -88557.4080  EKtot   =     16763.7628  EPtot      =   -105321.1708
 BOND   =       670.0411  ANGLE   =      1834.0762  DIHED      =      1322.1906
 UB     =         0.0000  IMP     =         0.0000  CMAP       =       176.9781
 1-4 NB =       821.7942  1-4 EEL =     11359.2166  VDWAALS    =     11742.6702
 EELEC  =   -133248.1378  EHBOND  =         0.0000  RESTRAINT  =         0.0000
 ------------------------------------------------------------------------------


      R M S  F L U C T U A T I O N S


 NSTEP =  2500000   TIME(PS) =    5000.000  TEMP(K) =     1.70  PRESS =     0.0
 Etot   =       146.9193  EKtot   =        94.9366  EPtot      =       137.7217
 BOND   =        19.2553  ANGLE   =        31.0124  DIHED      =        16.0473
 UB     =         0.0000  IMP     =         0.0000  CMAP       =         7.0815
 1-4 NB =        10.2711  1-4 EEL =        34.6557  VDWAALS    =       166.1187
 EELEC  =       265.4330  EHBOND  =         0.0000  RESTRAINT  =         0.0000
 ------------------------------------------------------------------------------

--------------------------------------------------------------------------------
   5.  TIMINGS
--------------------------------------------------------------------------------

|  NonSetup CPU Time in Major Routines:
|
|     Routine           Sec        %
|     ------------------------------
|     Nonbond         520.12    7.97
|     Bond              0.00    0.00
|     Angle             0.00    0.00
|     Dihedral          0.00    0.00
|     Shake            21.29    0.33
|     RunMD          5983.15   91.65
|     Other             3.55    0.05
|     ------------------------------
|     Total          6528.11

|  PME Nonbond Pairlist CPU Time:
|
|     Routine              Sec        %
|     ---------------------------------
|     Set Up Cit           0.00    0.00
|     Build List           0.00    0.00
|     ---------------------------------
|     Total                0.00    0.00

|  PME Direct Force CPU Time:
|
|     Routine              Sec        %
|     ---------------------------------
|     NonBonded Calc       0.00    0.00
|     Exclude Masked       0.00    0.00
|     Other                1.93    0.03
|     ---------------------------------
|     Total                1.93    0.03

|  PME Reciprocal Force CPU Time:
|
|     Routine              Sec        %
|     ---------------------------------
|     1D bspline           0.00    0.00
|     Grid Charges         0.00    0.00
|     Scalar Sum           0.00    0.00
|     Gradient Sum         0.00    0.00
|     FFT                  0.00    0.00
|     ---------------------------------
|     Total                0.00    0.00

|  Final Performance Info:
|     -----------------------------------------------------
|     Average timings for last       1 steps:
|     Elapsed(s) =       0.00 Per Step(ms) =       0.16
|         ns/day =    1059.56   seconds/ns =      81.54
|
|     Average timings for all steps:
|     Elapsed(s) =    6540.40 Per Step(ms) =       2.62
|         ns/day =      66.05   seconds/ns =    1308.08
|     -----------------------------------------------------

|  Setup CPU time:            0.62 seconds
|  NonSetup CPU time:      6528.11 seconds
|  Total CPU time:         6528.73 seconds     1.81 hours

|  Setup wall time:           1    seconds
|  NonSetup wall time:     6540    seconds
|  Total wall time:        6541    seconds     1.82 hours
