
          -------------------------------------------------------
          Amber 18 PMEMD                              2018
          -------------------------------------------------------

| PMEMD implementation of SANDER, Release 18

| Run on 11/18/2020 at 10:44:20

|   Executable path: pmemd.cuda
| Working directory: /home/almacen/pbarletta/dynein/run/3zke/4_pdt
|          Hostname: Unknown
  [-O]verwriting output

File Assignments:
|   MDIN: pre_pdt.in                                                            
|  MDOUT: 0pdt.out                                                              
| INPCRD: 4_3zke.rst7                                                           
|   PARM: /home/almacen/pbarletta/dynein/top_files/3zke.prmtop                  
| RESTRT: 0p4_3zke.rst7                                                         
|   REFC: refc                                                                  
|  MDVEL: mdvel                                                                 
|   MDEN: mden                                                                  
|  MDCRD: 0p4_3zke.nc                                                           
| MDINFO: mdinfo                                                                
|  MDFRC: mdfrc                                                                 


 Here is the input file:

Production run                                                                 
&cntrl                                                                         
imin = 0,                           ! No Minimization                          
nmropt = 0,                         ! No NMR restraints read                   
                                                                               
! Nature and format of the input                                               
ntx = 5,                            ! Coordinates and velocities will be read  
irest = 1,                          ! Do not run a new simulation              
                                                                               
! Nature and format of the output                                              
ntxo = 1,                           ! rstrt file in ASCII format               
ntpr = 50000,                       ! inf in output every ntpr steps           
ntwr = 50000,                       ! rstrt file every ntwr steps              
ntwx = 5000,                        ! mdcrd file every ntwx steps              
ntwv = 0,                           ! mdvel without velocities                 
ntwe = 0,                           ! Energies and temperatures not written in 
idecomp = 0,                        ! No energy decomposition                  
iwrap = 1,                          ! Coordinates of the restart and mdcrd file
                                                                               
! Frozen or restrained atoms                                                   
ibelly = 0,                         ! No frozen atoms                          
ntr=0,                              ! Harmonic potential restraints            
                                                                               
! Molecular dynamics                                                           
nstlim = 2500000,                   ! Number of MD-steps                       
dt = 0.002,                         ! Time step                                
                                                                               
! Temperature regulation                                                       
ntt = 3,                            ! Langevin thermostat                      
gamma_ln = 2,                       ! Gamma constant for Langevin              
temp0 = 300.0,                      ! Reference T at which the system is to be 
tempi = 300.0,                      ! Initial T                                
ig = -1,                            ! Seed for the RNG                         
                                                                               
! P and V regulation                                                           
!barostat = 1,                      ! Berendsen barostat                       
!taup = 1,                          ! Pressure relaxation time                 
ntp = 0,                            ! constant V                               
ntb = 1,                            ! Periodic box for constant V              
                                                                               
! SHAKE variables                                                              
ntc = 2,                            ! Bonds involving H are constrained        
ntf = 2,                            ! Bond interaction involving H are ommited.
                                                                               
cut = 9.0,                          ! Nonbonded cutoff                         
/                                                                              
&end                                                                           


Note: ig = -1. Setting random seed to   674987 based on wallclock time in 
      microseconds.
| irandom = 1, using AMBER's internal random number generator (default).
 
|--------------------- INFORMATION ----------------------
| GPU (CUDA) Version of PMEMD in use: NVIDIA GPU IN USE.
|                    Version 18.0.0
| 
|                      03/25/2018
| 
| Implementation by:
|                    Ross C. Walker     (SDSC)
|                    Scott Le Grand     (nVIDIA)
| 
| Version 18 performance extensions by:
|                    David Cerutti     (Rutgers)
| 
| Precision model in use:
|      [SPFP] - Single Precision Forces, 64-bit Fixed Point
|               Accumulation. (Default)
| 
|--------------------------------------------------------
 
|----------------- CITATION INFORMATION -----------------
|
|    When publishing work that utilized the CUDA version
|    of AMBER, please cite the following in addition to
|    the regular AMBER citations:
|
|  - Romelia Salomon-Ferrer; Andreas W. Goetz; Duncan
|    Poole; Scott Le Grand; Ross C. Walker "Routine
|    microsecond molecular dynamics simulations with
|    AMBER - Part II: Particle Mesh Ewald", J. Chem.
|    Theory Comput., 2013, 9 (9), pp3878-3888,
|    DOI: 10.1021/ct400314y.
|
|  - Andreas W. Goetz; Mark J. Williamson; Dong Xu;
|    Duncan Poole; Scott Le Grand; Ross C. Walker
|    "Routine microsecond molecular dynamics simulations
|    with AMBER - Part I: Generalized Born", J. Chem.
|    Theory Comput., 2012, 8 (5), pp1542-1555.
|
|  - Scott Le Grand; Andreas W. Goetz; Ross C. Walker
|    "SPFP: Speed without compromise - a mixed precision
|    model for GPU accelerated molecular dynamics
|    simulations.", Comp. Phys. Comm., 2013, 184
|    pp374-380, DOI: 10.1016/j.cpc.2012.09.022
|
|--------------------------------------------------------
 
|------------------- GPU DEVICE INFO --------------------
|
|            CUDA_VISIBLE_DEVICES: 0
|   CUDA Capable Devices Detected:      1
|           CUDA Device ID in use:      0
|                CUDA Device Name: GeForce GTX 1080 Ti
|     CUDA Device Global Mem Size:  11178 MB
| CUDA Device Num Multiprocessors:     28
|           CUDA Device Core Freq:   1.72 GHz
|
|--------------------------------------------------------
 
 
| Conditional Compilation Defines Used:
| PUBFFT
| BINTRAJ
| CUDA
| EMIL

| Largest sphere to fit in unit cell has radius =    26.499

| New format PARM file being parsed.
| Version =    1.000 Date = 09/18/20 Time = 22:17:21

| Note: 1-4 EEL scale factors are being read from the topology file.

| Note: 1-4 VDW scale factors are being read from the topology file.
| Duplicated    0 dihedrals

| Duplicated    0 dihedrals

--------------------------------------------------------------------------------
   1.  RESOURCE   USE: 
--------------------------------------------------------------------------------

 getting new box info from bottom of inpcrd
 NATOM  =   27546 NTYPES =      19 NBONH =   19891 MBONA  =    7685
 NTHETH =    3414 MTHETA =    2086 NPHIH =    6824 MPHIA  =    6552
 NHPARM =       0 NPARM  =       0 NNB   =   59527 NRES   =    6321
 NBONA  =    7685 NTHETA =    2086 NPHIA =    6552 NUMBND =      74
 NUMANG =     172 NPTRA  =     192 NATYP =      38 NPHB   =       1
 IFBOX  =       2 NMXRS  =      24 IFCAP =       0 NEXTRA =    6131
 NCOPY  =       0


| Coordinate Index Table dimensions:    11   11   11
| Direct force subcell size =     5.9009    5.9009    5.9009

     BOX TYPE: TRUNCATED OCTAHEDRON

--------------------------------------------------------------------------------
   2.  CONTROL  DATA  FOR  THE  RUN
--------------------------------------------------------------------------------

default_name                                                                    

General flags:
     imin    =       0, nmropt  =       0

Nature and format of input:
     ntx     =       5, irest   =       1, ntrx    =       1

Nature and format of output:
     ntxo    =       1, ntpr    =   50000, ntrx    =       1, ntwr    =   50000
     iwrap   =       1, ntwx    =    5000, ntwv    =       0, ntwe    =       0
     ioutfm  =       1, ntwprt  =       0, idecomp =       0, rbornstat=      0

Potential function:
     ntf     =       2, ntb     =       1, igb     =       0, nsnb    =      25
     ipol    =       0, gbsa    =       0, iesp    =       0
     dielc   =   1.00000, cut     =   9.00000, intdiel =   1.00000

Frozen or restrained atoms:
     ibelly  =       0, ntr     =       0

Molecular dynamics:
     nstlim  =   2500000, nscm    =      1000, nrespa  =         1
     t       =   0.00000, dt      =   0.00200, vlimit  =  -1.00000

Langevin dynamics temperature regulation:
     ig      =  674987
     temp0   = 300.00000, tempi   = 300.00000, gamma_ln=   2.00000

SHAKE:
     ntc     =       2, jfastw  =       0
     tol     =   0.00001

| Intermolecular bonds treatment:
|     no_intermolecular_bonds =       1

| Energy averages sample interval:
|     ene_avg_sampling =   50000

Extra-points options:
     frameon =       1, chngmask=       1

Ewald parameters:
     verbose =       0, ew_type =       0, nbflag  =       1, use_pme =       1
     vdwmeth =       1, eedmeth =       1, netfrc  =       1
     Box X =   64.910   Box Y =   64.910   Box Z =   64.910
     Alpha =  109.471   Beta  =  109.471   Gamma =  109.471
     NFFT1 =   64       NFFT2 =   64       NFFT3 =   64
     Cutoff=    9.000   Tol   =0.100E-04
     Ewald Coefficient =  0.30768
     Interpolation order =    4
|      EXTRA_PTS, trim_bonds: num bonds BEFORE trim = 19891     0
|      EXTRA_PTS, trim_bonds: num bonds AFTER  trim = 19891     0
|      EXTRA_PTS, trim_bonds: num bonds BEFORE trim =  7685     0
|      EXTRA_PTS, trim_bonds: num bonds AFTER  trim =  1554     0
|      EXTRA_PTS, trim_theta: num angle BEFORE trim =  3414     0
|      EXTRA_PTS, trim_theta: num angle AFTER  trim =  3414     0
|      EXTRA_PTS, trim_theta: num angle BEFORE trim =  2086     0
|      EXTRA_PTS, trim_theta: num angle AFTER  trim =  2086     0
|      EXTRA_PTS, trim_phi:  num diheds BEFORE trim =  6824     0
|      EXTRA_PTS, trim_phi:  num diheds AFTER  trim =  6824     0
|      EXTRA_PTS, trim_phi:  num diheds BEFORE trim =  6552     0
|      EXTRA_PTS, trim_phi:  num diheds AFTER  trim =  6552     0

--------------------------------------------------------------------------------
   3.  ATOMIC COORDINATES AND VELOCITIES
--------------------------------------------------------------------------------

Cpptraj Generated Restart                                                       
 begin time read from input coords =     0.000 ps

 
 Number of triangulated 3-point waters found:     6131

     Sum of charges from parm topology file =   0.00003348
     Forcing neutrality...

| Dynamic Memory, Types Used:
| Reals              894346
| Integers          2026719

| Nonbonded Pairs Initial Allocation:     6280488

| GPU memory information (estimate):
| KB of GPU memory in use:         0
| KB of CPU memory in use:         0

--------------------------------------------------------------------------------
   4.  RESULTS
--------------------------------------------------------------------------------

wrapping first mol.:       64.90964        0.00000        0.00000
wrapping first mol.:       64.90964        0.00000        0.00000
wrapping first mol.:       64.90964        0.00000        0.00000
wrapping first mol.:       64.90964        0.00000        0.00000
wrapping first mol.:       64.90964        0.00000        0.00000
wrapping first mol.:       64.90964        0.00000        0.00000
wrapping first mol.:       64.90964        0.00000        0.00000
wrapping first mol.:       64.90964        0.00000        0.00000
wrapping first mol.:       64.90964        0.00000        0.00000
wrapping first mol.:       64.90964        0.00000        0.00000
wrapping first mol.:       64.90964        0.00000        0.00000

 NSTEP =    50000   TIME(PS) =     100.000  TEMP(K) =   300.59  PRESS =     0.0
 Etot   =    -67695.8704  EKtot   =     13246.8848  EPtot      =    -80942.7551
 BOND   =       556.6989  ANGLE   =      1602.8655  DIHED      =      1047.5750
 UB     =         0.0000  IMP     =         0.0000  CMAP       =       135.3971
 1-4 NB =       673.6406  1-4 EEL =     10313.4052  VDWAALS    =      9290.1468
 EELEC  =   -104562.4844  EHBOND  =         0.0000  RESTRAINT  =         0.0000
 ------------------------------------------------------------------------------

wrapping first mol.:       64.90964        0.00000        0.00000
wrapping first mol.:       64.90964        0.00000        0.00000
wrapping first mol.:       64.90964        0.00000        0.00000
wrapping first mol.:       64.90964        0.00000        0.00000
wrapping first mol.:       64.90964        0.00000        0.00000
wrapping first mol.:       64.90964        0.00000        0.00000
wrapping first mol.:       64.90964        0.00000        0.00000
wrapping first mol.:       64.90964        0.00000        0.00000
wrapping first mol.:       64.90964        0.00000        0.00000
wrapping first mol.:       64.90964        0.00000        0.00000
wrapping first mol.:       64.90964        0.00000        0.00000

 NSTEP =   100000   TIME(PS) =     200.000  TEMP(K) =   299.66  PRESS =     0.0
 Etot   =    -68182.6523  EKtot   =     13206.0566  EPtot      =    -81388.7089
 BOND   =       557.5960  ANGLE   =      1597.7235  DIHED      =      1038.8051
 UB     =         0.0000  IMP     =         0.0000  CMAP       =       138.3541
 1-4 NB =       641.8805  1-4 EEL =     10267.0086  VDWAALS    =      8802.1627
 EELEC  =   -104432.2396  EHBOND  =         0.0000  RESTRAINT  =         0.0000
 ------------------------------------------------------------------------------

wrapping first mol.:       64.90964        0.00000        0.00000
wrapping first mol.:       64.90964        0.00000        0.00000
wrapping first mol.:       64.90964        0.00000        0.00000
wrapping first mol.:       64.90964        0.00000        0.00000
wrapping first mol.:       64.90964        0.00000        0.00000
wrapping first mol.:       64.90964        0.00000        0.00000
wrapping first mol.:       64.90964        0.00000        0.00000
wrapping first mol.:       64.90964        0.00000        0.00000
wrapping first mol.:       64.90964        0.00000        0.00000
wrapping first mol.:       64.90964        0.00000        0.00000
wrapping first mol.:       64.90964        0.00000        0.00000

 NSTEP =   150000   TIME(PS) =     300.000  TEMP(K) =   301.64  PRESS =     0.0
 Etot   =    -68012.7281  EKtot   =     13293.3379  EPtot      =    -81306.0660
 BOND   =       598.2533  ANGLE   =      1586.0906  DIHED      =      1037.4592
 UB     =         0.0000  IMP     =         0.0000  CMAP       =       137.1382
 1-4 NB =       658.0207  1-4 EEL =     10233.4880  VDWAALS    =      8840.9094
 EELEC  =   -104397.4254  EHBOND  =         0.0000  RESTRAINT  =         0.0000
 ------------------------------------------------------------------------------

wrapping first mol.:       64.90964        0.00000        0.00000
wrapping first mol.:       64.90964        0.00000        0.00000
wrapping first mol.:       64.90964        0.00000        0.00000
wrapping first mol.:       64.90964        0.00000        0.00000
wrapping first mol.:       64.90964        0.00000        0.00000
wrapping first mol.:       64.90964        0.00000        0.00000
wrapping first mol.:       64.90964        0.00000        0.00000
wrapping first mol.:       64.90964        0.00000        0.00000
wrapping first mol.:       64.90964        0.00000        0.00000
wrapping first mol.:       64.90964        0.00000        0.00000
wrapping first mol.:       64.90964        0.00000        0.00000

 NSTEP =   200000   TIME(PS) =     400.000  TEMP(K) =   300.58  PRESS =     0.0
 Etot   =    -67974.7100  EKtot   =     13246.3965  EPtot      =    -81221.1065
 BOND   =       529.5370  ANGLE   =      1599.2430  DIHED      =      1058.2330
 UB     =         0.0000  IMP     =         0.0000  CMAP       =       146.6077
 1-4 NB =       664.5713  1-4 EEL =     10312.5799  VDWAALS    =      8973.4044
 EELEC  =   -104505.2828  EHBOND  =         0.0000  RESTRAINT  =         0.0000
 ------------------------------------------------------------------------------

wrapping first mol.:       64.90964        0.00000        0.00000
wrapping first mol.:       64.90964        0.00000        0.00000
wrapping first mol.:       64.90964        0.00000        0.00000
wrapping first mol.:       64.90964        0.00000        0.00000
wrapping first mol.:       64.90964        0.00000        0.00000
wrapping first mol.:       64.90964        0.00000        0.00000
wrapping first mol.:       64.90964        0.00000        0.00000
wrapping first mol.:       64.90964        0.00000        0.00000
wrapping first mol.:       64.90964        0.00000        0.00000
wrapping first mol.:       64.90964        0.00000        0.00000
wrapping first mol.:       64.90964        0.00000        0.00000

 NSTEP =   250000   TIME(PS) =     500.000  TEMP(K) =   301.35  PRESS =     0.0
 Etot   =    -67553.2311  EKtot   =     13280.3486  EPtot      =    -80833.5797
 BOND   =       590.0473  ANGLE   =      1626.4802  DIHED      =      1017.6781
 UB     =         0.0000  IMP     =         0.0000  CMAP       =       142.1478
 1-4 NB =       675.9319  1-4 EEL =     10302.5660  VDWAALS    =      9160.1738
 EELEC  =   -104348.6048  EHBOND  =         0.0000  RESTRAINT  =         0.0000
 ------------------------------------------------------------------------------

wrapping first mol.:       64.90964        0.00000        0.00000
wrapping first mol.:       64.90964        0.00000        0.00000
wrapping first mol.:       64.90964        0.00000        0.00000
wrapping first mol.:       64.90964        0.00000        0.00000
wrapping first mol.:       64.90964        0.00000        0.00000
wrapping first mol.:       64.90964        0.00000        0.00000
wrapping first mol.:       64.90964        0.00000        0.00000
wrapping first mol.:       64.90964        0.00000        0.00000
wrapping first mol.:       64.90964        0.00000        0.00000
wrapping first mol.:       64.90964        0.00000        0.00000
wrapping first mol.:       64.90964        0.00000        0.00000

 NSTEP =   300000   TIME(PS) =     600.000  TEMP(K) =   300.55  PRESS =     0.0
 Etot   =    -67880.8414  EKtot   =     13245.0254  EPtot      =    -81125.8668
 BOND   =       543.8269  ANGLE   =      1576.4551  DIHED      =      1017.5317
 UB     =         0.0000  IMP     =         0.0000  CMAP       =       135.3679
 1-4 NB =       655.7374  1-4 EEL =     10240.8140  VDWAALS    =      8918.6185
 EELEC  =   -104214.2183  EHBOND  =         0.0000  RESTRAINT  =         0.0000
 ------------------------------------------------------------------------------

wrapping first mol.:       64.90964        0.00000        0.00000
wrapping first mol.:       64.90964        0.00000        0.00000
wrapping first mol.:       64.90964        0.00000        0.00000
wrapping first mol.:       64.90964        0.00000        0.00000
wrapping first mol.:       64.90964        0.00000        0.00000
wrapping first mol.:       64.90964        0.00000        0.00000
wrapping first mol.:       64.90964        0.00000        0.00000
wrapping first mol.:       64.90964        0.00000        0.00000
wrapping first mol.:       64.90964        0.00000        0.00000
wrapping first mol.:       64.90964        0.00000        0.00000
wrapping first mol.:       64.90964        0.00000        0.00000

 NSTEP =   350000   TIME(PS) =     700.000  TEMP(K) =   300.85  PRESS =     0.0
 Etot   =    -67805.7889  EKtot   =     13258.3262  EPtot      =    -81064.1151
 BOND   =       555.0242  ANGLE   =      1628.9413  DIHED      =      1046.6820
 UB     =         0.0000  IMP     =         0.0000  CMAP       =       142.8785
 1-4 NB =       667.1462  1-4 EEL =     10332.4333  VDWAALS    =      9163.8050
 EELEC  =   -104601.0255  EHBOND  =         0.0000  RESTRAINT  =         0.0000
 ------------------------------------------------------------------------------

wrapping first mol.:       64.90964        0.00000        0.00000
wrapping first mol.:       64.90964        0.00000        0.00000
wrapping first mol.:       64.90964        0.00000        0.00000
wrapping first mol.:       64.90964        0.00000        0.00000
wrapping first mol.:       64.90964        0.00000        0.00000
wrapping first mol.:       64.90964        0.00000        0.00000
wrapping first mol.:       64.90964        0.00000        0.00000
wrapping first mol.:       64.90964        0.00000        0.00000
wrapping first mol.:       64.90964        0.00000        0.00000
wrapping first mol.:       64.90964        0.00000        0.00000
wrapping first mol.:       64.90964        0.00000        0.00000

 NSTEP =   400000   TIME(PS) =     800.000  TEMP(K) =   298.37  PRESS =     0.0
 Etot   =    -68067.7646  EKtot   =     13148.9551  EPtot      =    -81216.7197
 BOND   =       563.5514  ANGLE   =      1636.3786  DIHED      =      1032.6587
 UB     =         0.0000  IMP     =         0.0000  CMAP       =       141.8932
 1-4 NB =       669.7068  1-4 EEL =     10332.0047  VDWAALS    =      8937.6820
 EELEC  =   -104530.5950  EHBOND  =         0.0000  RESTRAINT  =         0.0000
 ------------------------------------------------------------------------------

wrapping first mol.:       64.90964        0.00000        0.00000
wrapping first mol.:       64.90964        0.00000        0.00000
wrapping first mol.:       64.90964        0.00000        0.00000
wrapping first mol.:       64.90964        0.00000        0.00000
wrapping first mol.:       64.90964        0.00000        0.00000
wrapping first mol.:       64.90964        0.00000        0.00000
wrapping first mol.:       64.90964        0.00000        0.00000
wrapping first mol.:       64.90964        0.00000        0.00000
wrapping first mol.:       64.90964        0.00000        0.00000
wrapping first mol.:       64.90964        0.00000        0.00000
wrapping first mol.:       64.90964        0.00000        0.00000

 NSTEP =   450000   TIME(PS) =     900.000  TEMP(K) =   297.85  PRESS =     0.0
 Etot   =    -68129.3978  EKtot   =     13126.1865  EPtot      =    -81255.5843
 BOND   =       563.2540  ANGLE   =      1594.0286  DIHED      =      1033.0509
 UB     =         0.0000  IMP     =         0.0000  CMAP       =       145.2804
 1-4 NB =       664.3775  1-4 EEL =     10275.7598  VDWAALS    =      9065.5487
 EELEC  =   -104596.8841  EHBOND  =         0.0000  RESTRAINT  =         0.0000
 ------------------------------------------------------------------------------

wrapping first mol.:       64.90964        0.00000        0.00000
wrapping first mol.:       64.90964        0.00000        0.00000
wrapping first mol.:       64.90964        0.00000        0.00000
wrapping first mol.:       64.90964        0.00000        0.00000
wrapping first mol.:       64.90964        0.00000        0.00000
wrapping first mol.:       64.90964        0.00000        0.00000
wrapping first mol.:       64.90964        0.00000        0.00000
wrapping first mol.:       64.90964        0.00000        0.00000
wrapping first mol.:       64.90964        0.00000        0.00000
wrapping first mol.:       64.90964        0.00000        0.00000
wrapping first mol.:       64.90964        0.00000        0.00000

 NSTEP =   500000   TIME(PS) =    1000.000  TEMP(K) =   303.24  PRESS =     0.0
 Etot   =    -67597.6984  EKtot   =     13363.6963  EPtot      =    -80961.3947
 BOND   =       559.8530  ANGLE   =      1593.4121  DIHED      =      1043.0593
 UB     =         0.0000  IMP     =         0.0000  CMAP       =       138.5522
 1-4 NB =       681.5725  1-4 EEL =     10278.9857  VDWAALS    =      9138.4637
 EELEC  =   -104395.2933  EHBOND  =         0.0000  RESTRAINT  =         0.0000
 ------------------------------------------------------------------------------

wrapping first mol.:       64.90964        0.00000        0.00000
wrapping first mol.:       64.90964        0.00000        0.00000
wrapping first mol.:       64.90964        0.00000        0.00000
wrapping first mol.:       64.90964        0.00000        0.00000
wrapping first mol.:       64.90964        0.00000        0.00000
wrapping first mol.:       64.90964        0.00000        0.00000
wrapping first mol.:       64.90964        0.00000        0.00000
wrapping first mol.:       64.90964        0.00000        0.00000
wrapping first mol.:       64.90964        0.00000        0.00000
wrapping first mol.:       64.90964        0.00000        0.00000
wrapping first mol.:       64.90964        0.00000        0.00000

 NSTEP =   550000   TIME(PS) =    1100.000  TEMP(K) =   298.28  PRESS =     0.0
 Etot   =    -67923.2004  EKtot   =     13145.1592  EPtot      =    -81068.3595
 BOND   =       593.8118  ANGLE   =      1624.7676  DIHED      =      1023.8156
 UB     =         0.0000  IMP     =         0.0000  CMAP       =       145.7543
 1-4 NB =       672.1878  1-4 EEL =     10292.0931  VDWAALS    =      8945.7878
 EELEC  =   -104366.5776  EHBOND  =         0.0000  RESTRAINT  =         0.0000
 ------------------------------------------------------------------------------

wrapping first mol.:       64.90964        0.00000        0.00000
wrapping first mol.:       64.90964        0.00000        0.00000
wrapping first mol.:       64.90964        0.00000        0.00000
wrapping first mol.:       64.90964        0.00000        0.00000
wrapping first mol.:       64.90964        0.00000        0.00000
wrapping first mol.:       64.90964        0.00000        0.00000
wrapping first mol.:       64.90964        0.00000        0.00000
wrapping first mol.:       64.90964        0.00000        0.00000
wrapping first mol.:       64.90964        0.00000        0.00000
wrapping first mol.:       64.90964        0.00000        0.00000
wrapping first mol.:       64.90964        0.00000        0.00000

 NSTEP =   600000   TIME(PS) =    1200.000  TEMP(K) =   299.54  PRESS =     0.0
 Etot   =    -67654.1276  EKtot   =     13200.8389  EPtot      =    -80854.9664
 BOND   =       550.4751  ANGLE   =      1704.6423  DIHED      =      1047.4906
 UB     =         0.0000  IMP     =         0.0000  CMAP       =       135.7850
 1-4 NB =       651.9460  1-4 EEL =     10221.0308  VDWAALS    =      8829.7669
 EELEC  =   -103996.1031  EHBOND  =         0.0000  RESTRAINT  =         0.0000
 ------------------------------------------------------------------------------

wrapping first mol.:       64.90964        0.00000        0.00000
wrapping first mol.:       64.90964        0.00000        0.00000
wrapping first mol.:       64.90964        0.00000        0.00000
wrapping first mol.:       64.90964        0.00000        0.00000
wrapping first mol.:       64.90964        0.00000        0.00000
wrapping first mol.:       64.90964        0.00000        0.00000
wrapping first mol.:       64.90964        0.00000        0.00000
wrapping first mol.:       64.90964        0.00000        0.00000
wrapping first mol.:       64.90964        0.00000        0.00000
wrapping first mol.:       64.90964        0.00000        0.00000
wrapping first mol.:       64.90964        0.00000        0.00000

 NSTEP =   650000   TIME(PS) =    1300.000  TEMP(K) =   299.99  PRESS =     0.0
 Etot   =    -67759.2153  EKtot   =     13220.5078  EPtot      =    -80979.7231
 BOND   =       547.0272  ANGLE   =      1599.9640  DIHED      =      1035.8196
 UB     =         0.0000  IMP     =         0.0000  CMAP       =       141.4241
 1-4 NB =       666.8233  1-4 EEL =     10310.0754  VDWAALS    =      8888.2576
 EELEC  =   -104169.1143  EHBOND  =         0.0000  RESTRAINT  =         0.0000
 ------------------------------------------------------------------------------

wrapping first mol.:       64.90964        0.00000        0.00000
wrapping first mol.:       64.90964        0.00000        0.00000
wrapping first mol.:       64.90964        0.00000        0.00000
wrapping first mol.:       64.90964        0.00000        0.00000
wrapping first mol.:       64.90964        0.00000        0.00000
wrapping first mol.:       64.90964        0.00000        0.00000
wrapping first mol.:       64.90964        0.00000        0.00000
wrapping first mol.:       64.90964        0.00000        0.00000
wrapping first mol.:       64.90964        0.00000        0.00000
wrapping first mol.:       64.90964        0.00000        0.00000
wrapping first mol.:       64.90964        0.00000        0.00000

 NSTEP =   700000   TIME(PS) =    1400.000  TEMP(K) =   301.12  PRESS =     0.0
 Etot   =    -67917.0142  EKtot   =     13270.4785  EPtot      =    -81187.4927
 BOND   =       552.9700  ANGLE   =      1620.5462  DIHED      =      1028.4928
 UB     =         0.0000  IMP     =         0.0000  CMAP       =       143.6082
 1-4 NB =       650.3764  1-4 EEL =     10275.1232  VDWAALS    =      8908.1185
 EELEC  =   -104366.7280  EHBOND  =         0.0000  RESTRAINT  =         0.0000
 ------------------------------------------------------------------------------

wrapping first mol.:       64.90964        0.00000        0.00000
wrapping first mol.:       64.90964        0.00000        0.00000
wrapping first mol.:       64.90964        0.00000        0.00000
wrapping first mol.:       64.90964        0.00000        0.00000
wrapping first mol.:       64.90964        0.00000        0.00000
wrapping first mol.:       64.90964        0.00000        0.00000
wrapping first mol.:       64.90964        0.00000        0.00000
wrapping first mol.:       64.90964        0.00000        0.00000
wrapping first mol.:       64.90964        0.00000        0.00000
wrapping first mol.:       64.90964        0.00000        0.00000
wrapping first mol.:       64.90964        0.00000        0.00000

 NSTEP =   750000   TIME(PS) =    1500.000  TEMP(K) =   299.47  PRESS =     0.0
 Etot   =    -67825.0246  EKtot   =     13197.6084  EPtot      =    -81022.6330
 BOND   =       577.5143  ANGLE   =      1666.8398  DIHED      =      1062.3426
 UB     =         0.0000  IMP     =         0.0000  CMAP       =       146.5509
 1-4 NB =       682.7492  1-4 EEL =     10336.0270  VDWAALS    =      8982.8440
 EELEC  =   -104477.5007  EHBOND  =         0.0000  RESTRAINT  =         0.0000
 ------------------------------------------------------------------------------

wrapping first mol.:       64.90964        0.00000        0.00000
wrapping first mol.:       64.90964        0.00000        0.00000
wrapping first mol.:       64.90964        0.00000        0.00000
wrapping first mol.:       64.90964        0.00000        0.00000
wrapping first mol.:       64.90964        0.00000        0.00000
wrapping first mol.:       64.90964        0.00000        0.00000
wrapping first mol.:       64.90964        0.00000        0.00000
wrapping first mol.:       64.90964        0.00000        0.00000
wrapping first mol.:       64.90964        0.00000        0.00000
wrapping first mol.:       64.90964        0.00000        0.00000
wrapping first mol.:       64.90964        0.00000        0.00000

 NSTEP =   800000   TIME(PS) =    1600.000  TEMP(K) =   300.28  PRESS =     0.0
 Etot   =    -67548.3118  EKtot   =     13233.3477  EPtot      =    -80781.6594
 BOND   =       555.8165  ANGLE   =      1664.4196  DIHED      =      1022.8631
 UB     =         0.0000  IMP     =         0.0000  CMAP       =       136.0141
 1-4 NB =       665.4198  1-4 EEL =     10302.3319  VDWAALS    =      8758.7839
 EELEC  =   -103887.3084  EHBOND  =         0.0000  RESTRAINT  =         0.0000
 ------------------------------------------------------------------------------

wrapping first mol.:       64.90964        0.00000        0.00000
wrapping first mol.:       64.90964        0.00000        0.00000
wrapping first mol.:       64.90964        0.00000        0.00000
wrapping first mol.:       64.90964        0.00000        0.00000
wrapping first mol.:       64.90964        0.00000        0.00000
wrapping first mol.:       64.90964        0.00000        0.00000
wrapping first mol.:       64.90964        0.00000        0.00000
wrapping first mol.:       64.90964        0.00000        0.00000
wrapping first mol.:       64.90964        0.00000        0.00000
wrapping first mol.:       64.90964        0.00000        0.00000
wrapping first mol.:       64.90964        0.00000        0.00000

 NSTEP =   850000   TIME(PS) =    1700.000  TEMP(K) =   298.68  PRESS =     0.0
 Etot   =    -68083.9403  EKtot   =     13162.9814  EPtot      =    -81246.9218
 BOND   =       564.2936  ANGLE   =      1629.3620  DIHED      =      1034.8825
 UB     =         0.0000  IMP     =         0.0000  CMAP       =       145.0745
 1-4 NB =       659.2713  1-4 EEL =     10272.6890  VDWAALS    =      9047.7830
 EELEC  =   -104600.2777  EHBOND  =         0.0000  RESTRAINT  =         0.0000
 ------------------------------------------------------------------------------

wrapping first mol.:       64.90964        0.00000        0.00000
wrapping first mol.:       64.90964        0.00000        0.00000
wrapping first mol.:       64.90964        0.00000        0.00000
wrapping first mol.:       64.90964        0.00000        0.00000
wrapping first mol.:       64.90964        0.00000        0.00000
wrapping first mol.:       64.90964        0.00000        0.00000
wrapping first mol.:       64.90964        0.00000        0.00000
wrapping first mol.:       64.90964        0.00000        0.00000
wrapping first mol.:       64.90964        0.00000        0.00000
wrapping first mol.:       64.90964        0.00000        0.00000
wrapping first mol.:       64.90964        0.00000        0.00000

 NSTEP =   900000   TIME(PS) =    1800.000  TEMP(K) =   299.93  PRESS =     0.0
 Etot   =    -67965.9935  EKtot   =     13217.7754  EPtot      =    -81183.7689
 BOND   =       553.3089  ANGLE   =      1616.0333  DIHED      =      1018.5482
 UB     =         0.0000  IMP     =         0.0000  CMAP       =       141.5134
 1-4 NB =       666.4098  1-4 EEL =     10301.2952  VDWAALS    =      8748.5054
 EELEC  =   -104229.3832  EHBOND  =         0.0000  RESTRAINT  =         0.0000
 ------------------------------------------------------------------------------

wrapping first mol.:       64.90964        0.00000        0.00000
wrapping first mol.:       64.90964        0.00000        0.00000
wrapping first mol.:       64.90964        0.00000        0.00000
wrapping first mol.:       64.90964        0.00000        0.00000
wrapping first mol.:       64.90964        0.00000        0.00000
wrapping first mol.:       64.90964        0.00000        0.00000
wrapping first mol.:       64.90964        0.00000        0.00000
wrapping first mol.:       64.90964        0.00000        0.00000
wrapping first mol.:       64.90964        0.00000        0.00000
wrapping first mol.:       64.90964        0.00000        0.00000
wrapping first mol.:       64.90964        0.00000        0.00000

 NSTEP =   950000   TIME(PS) =    1900.000  TEMP(K) =   298.56  PRESS =     0.0
 Etot   =    -68144.3116  EKtot   =     13157.6689  EPtot      =    -81301.9805
 BOND   =       546.8417  ANGLE   =      1592.7014  DIHED      =      1046.8860
 UB     =         0.0000  IMP     =         0.0000  CMAP       =       138.4443
 1-4 NB =       677.2388  1-4 EEL =     10318.2924  VDWAALS    =      9355.8961
 EELEC  =   -104978.2813  EHBOND  =         0.0000  RESTRAINT  =         0.0000
 ------------------------------------------------------------------------------

wrapping first mol.:       64.90964        0.00000        0.00000
wrapping first mol.:       64.90964        0.00000        0.00000
wrapping first mol.:       64.90964        0.00000        0.00000
wrapping first mol.:       64.90964        0.00000        0.00000
wrapping first mol.:       64.90964        0.00000        0.00000
wrapping first mol.:       64.90964        0.00000        0.00000
wrapping first mol.:       64.90964        0.00000        0.00000
wrapping first mol.:       64.90964        0.00000        0.00000
wrapping first mol.:       64.90964        0.00000        0.00000
wrapping first mol.:       64.90964        0.00000        0.00000
wrapping first mol.:       64.90964        0.00000        0.00000

 NSTEP =  1000000   TIME(PS) =    2000.000  TEMP(K) =   301.27  PRESS =     0.0
 Etot   =    -67929.0297  EKtot   =     13276.8516  EPtot      =    -81205.8813
 BOND   =       568.2057  ANGLE   =      1609.9394  DIHED      =      1065.1318
 UB     =         0.0000  IMP     =         0.0000  CMAP       =       136.3139
 1-4 NB =       674.8263  1-4 EEL =     10294.4145  VDWAALS    =      9139.7206
 EELEC  =   -104694.4334  EHBOND  =         0.0000  RESTRAINT  =         0.0000
 ------------------------------------------------------------------------------

wrapping first mol.:       64.90964        0.00000        0.00000
wrapping first mol.:       64.90964        0.00000        0.00000
wrapping first mol.:       64.90964        0.00000        0.00000
wrapping first mol.:       64.90964        0.00000        0.00000
wrapping first mol.:       64.90964        0.00000        0.00000
wrapping first mol.:       64.90964        0.00000        0.00000
wrapping first mol.:       64.90964        0.00000        0.00000
wrapping first mol.:       64.90964        0.00000        0.00000
wrapping first mol.:       64.90964        0.00000        0.00000
wrapping first mol.:       64.90964        0.00000        0.00000
wrapping first mol.:       64.90964        0.00000        0.00000

 NSTEP =  1050000   TIME(PS) =    2100.000  TEMP(K) =   301.74  PRESS =     0.0
 Etot   =    -67835.4366  EKtot   =     13297.5869  EPtot      =    -81133.0235
 BOND   =       592.5075  ANGLE   =      1620.0591  DIHED      =      1049.1764
 UB     =         0.0000  IMP     =         0.0000  CMAP       =       137.1140
 1-4 NB =       670.1029  1-4 EEL =     10312.7838  VDWAALS    =      8824.1895
 EELEC  =   -104338.9567  EHBOND  =         0.0000  RESTRAINT  =         0.0000
 ------------------------------------------------------------------------------

wrapping first mol.:       64.90964        0.00000        0.00000
wrapping first mol.:       64.90964        0.00000        0.00000
wrapping first mol.:       64.90964        0.00000        0.00000
wrapping first mol.:       64.90964        0.00000        0.00000
wrapping first mol.:       64.90964        0.00000        0.00000
wrapping first mol.:       64.90964        0.00000        0.00000
wrapping first mol.:       64.90964        0.00000        0.00000
wrapping first mol.:       64.90964        0.00000        0.00000
wrapping first mol.:       64.90964        0.00000        0.00000
wrapping first mol.:       64.90964        0.00000        0.00000
wrapping first mol.:       64.90964        0.00000        0.00000

 NSTEP =  1100000   TIME(PS) =    2200.000  TEMP(K) =   298.26  PRESS =     0.0
 Etot   =    -68122.6411  EKtot   =     13144.1465  EPtot      =    -81266.7876
 BOND   =       573.7293  ANGLE   =      1579.7915  DIHED      =      1042.2939
 UB     =         0.0000  IMP     =         0.0000  CMAP       =       139.1538
 1-4 NB =       648.6643  1-4 EEL =     10305.7391  VDWAALS    =      8812.5634
 EELEC  =   -104368.7228  EHBOND  =         0.0000  RESTRAINT  =         0.0000
 ------------------------------------------------------------------------------

wrapping first mol.:       64.90964        0.00000        0.00000
wrapping first mol.:       64.90964        0.00000        0.00000
wrapping first mol.:       64.90964        0.00000        0.00000
wrapping first mol.:       64.90964        0.00000        0.00000
wrapping first mol.:       64.90964        0.00000        0.00000
wrapping first mol.:       64.90964        0.00000        0.00000
wrapping first mol.:       64.90964        0.00000        0.00000
wrapping first mol.:       64.90964        0.00000        0.00000
wrapping first mol.:       64.90964        0.00000        0.00000
wrapping first mol.:       64.90964        0.00000        0.00000
wrapping first mol.:       64.90964        0.00000        0.00000

 NSTEP =  1150000   TIME(PS) =    2300.000  TEMP(K) =   297.32  PRESS =     0.0
 Etot   =    -68117.5053  EKtot   =     13103.0977  EPtot      =    -81220.6030
 BOND   =       529.5190  ANGLE   =      1585.4050  DIHED      =      1050.6715
 UB     =         0.0000  IMP     =         0.0000  CMAP       =       126.1536
 1-4 NB =       664.9734  1-4 EEL =     10286.7966  VDWAALS    =      8896.7433
 EELEC  =   -104360.8654  EHBOND  =         0.0000  RESTRAINT  =         0.0000
 ------------------------------------------------------------------------------

wrapping first mol.:       64.90964        0.00000        0.00000
wrapping first mol.:       64.90964        0.00000        0.00000
wrapping first mol.:       64.90964        0.00000        0.00000
wrapping first mol.:       64.90964        0.00000        0.00000
wrapping first mol.:       64.90964        0.00000        0.00000
wrapping first mol.:       64.90964        0.00000        0.00000
wrapping first mol.:       64.90964        0.00000        0.00000
wrapping first mol.:       64.90964        0.00000        0.00000
wrapping first mol.:       64.90964        0.00000        0.00000
wrapping first mol.:       64.90964        0.00000        0.00000
wrapping first mol.:       64.90964        0.00000        0.00000

 NSTEP =  1200000   TIME(PS) =    2400.000  TEMP(K) =   298.24  PRESS =     0.0
 Etot   =    -67955.6792  EKtot   =     13143.5322  EPtot      =    -81099.2114
 BOND   =       544.7897  ANGLE   =      1622.0566  DIHED      =      1049.2158
 UB     =         0.0000  IMP     =         0.0000  CMAP       =       135.9980
 1-4 NB =       670.7826  1-4 EEL =     10306.4385  VDWAALS    =      9143.9028
 EELEC  =   -104572.3955  EHBOND  =         0.0000  RESTRAINT  =         0.0000
 ------------------------------------------------------------------------------

wrapping first mol.:       64.90964        0.00000        0.00000
wrapping first mol.:       64.90964        0.00000        0.00000
wrapping first mol.:       64.90964        0.00000        0.00000
wrapping first mol.:       64.90964        0.00000        0.00000
wrapping first mol.:       64.90964        0.00000        0.00000
wrapping first mol.:       64.90964        0.00000        0.00000
wrapping first mol.:       64.90964        0.00000        0.00000
wrapping first mol.:       64.90964        0.00000        0.00000
wrapping first mol.:       64.90964        0.00000        0.00000
wrapping first mol.:       64.90964        0.00000        0.00000
wrapping first mol.:       64.90964        0.00000        0.00000

 NSTEP =  1250000   TIME(PS) =    2500.000  TEMP(K) =   296.91  PRESS =     0.0
 Etot   =    -68057.9906  EKtot   =     13084.5996  EPtot      =    -81142.5902
 BOND   =       589.9332  ANGLE   =      1629.4260  DIHED      =      1062.6152
 UB     =         0.0000  IMP     =         0.0000  CMAP       =       138.8546
 1-4 NB =       674.1458  1-4 EEL =     10377.8284  VDWAALS    =      9082.0518
 EELEC  =   -104697.4453  EHBOND  =         0.0000  RESTRAINT  =         0.0000
 ------------------------------------------------------------------------------

wrapping first mol.:       64.90964        0.00000        0.00000
wrapping first mol.:       64.90964        0.00000        0.00000
wrapping first mol.:       64.90964        0.00000        0.00000
wrapping first mol.:       64.90964        0.00000        0.00000
wrapping first mol.:       64.90964        0.00000        0.00000
wrapping first mol.:       64.90964        0.00000        0.00000
wrapping first mol.:       64.90964        0.00000        0.00000
wrapping first mol.:       64.90964        0.00000        0.00000
wrapping first mol.:       64.90964        0.00000        0.00000
wrapping first mol.:       64.90964        0.00000        0.00000
wrapping first mol.:       64.90964        0.00000        0.00000

 NSTEP =  1300000   TIME(PS) =    2600.000  TEMP(K) =   297.50  PRESS =     0.0
 Etot   =    -68108.9716  EKtot   =     13110.6846  EPtot      =    -81219.6562
 BOND   =       571.8369  ANGLE   =      1581.4589  DIHED      =      1010.5800
 UB     =         0.0000  IMP     =         0.0000  CMAP       =       136.6416
 1-4 NB =       662.6514  1-4 EEL =     10346.7661  VDWAALS    =      8740.2272
 EELEC  =   -104269.8181  EHBOND  =         0.0000  RESTRAINT  =         0.0000
 ------------------------------------------------------------------------------

wrapping first mol.:       64.90964        0.00000        0.00000
wrapping first mol.:       64.90964        0.00000        0.00000
wrapping first mol.:       64.90964        0.00000        0.00000
wrapping first mol.:       64.90964        0.00000        0.00000
wrapping first mol.:       64.90964        0.00000        0.00000
wrapping first mol.:       64.90964        0.00000        0.00000
wrapping first mol.:       64.90964        0.00000        0.00000
wrapping first mol.:       64.90964        0.00000        0.00000
wrapping first mol.:       64.90964        0.00000        0.00000
wrapping first mol.:       64.90964        0.00000        0.00000
wrapping first mol.:       64.90964        0.00000        0.00000

 NSTEP =  1350000   TIME(PS) =    2700.000  TEMP(K) =   300.78  PRESS =     0.0
 Etot   =    -67768.5861  EKtot   =     13255.4092  EPtot      =    -81023.9953
 BOND   =       584.9619  ANGLE   =      1648.6650  DIHED      =      1043.7588
 UB     =         0.0000  IMP     =         0.0000  CMAP       =       152.8231
 1-4 NB =       679.4208  1-4 EEL =     10327.4010  VDWAALS    =      9025.9032
 EELEC  =   -104486.9289  EHBOND  =         0.0000  RESTRAINT  =         0.0000
 ------------------------------------------------------------------------------

wrapping first mol.:       64.90964        0.00000        0.00000
wrapping first mol.:       64.90964        0.00000        0.00000
wrapping first mol.:       64.90964        0.00000        0.00000
wrapping first mol.:       64.90964        0.00000        0.00000
wrapping first mol.:       64.90964        0.00000        0.00000
wrapping first mol.:       64.90964        0.00000        0.00000
wrapping first mol.:       64.90964        0.00000        0.00000
wrapping first mol.:       64.90964        0.00000        0.00000
wrapping first mol.:       64.90964        0.00000        0.00000
wrapping first mol.:       64.90964        0.00000        0.00000
wrapping first mol.:       64.90964        0.00000        0.00000

 NSTEP =  1400000   TIME(PS) =    2800.000  TEMP(K) =   299.62  PRESS =     0.0
 Etot   =    -68069.7369  EKtot   =     13204.2471  EPtot      =    -81273.9840
 BOND   =       535.1321  ANGLE   =      1589.8326  DIHED      =      1024.6572
 UB     =         0.0000  IMP     =         0.0000  CMAP       =       144.8112
 1-4 NB =       673.7418  1-4 EEL =     10296.6122  VDWAALS    =      9092.9679
 EELEC  =   -104631.7391  EHBOND  =         0.0000  RESTRAINT  =         0.0000
 ------------------------------------------------------------------------------

wrapping first mol.:       64.90964        0.00000        0.00000
wrapping first mol.:       64.90964        0.00000        0.00000
wrapping first mol.:       64.90964        0.00000        0.00000
wrapping first mol.:       64.90964        0.00000        0.00000
wrapping first mol.:       64.90964        0.00000        0.00000
wrapping first mol.:       64.90964        0.00000        0.00000
wrapping first mol.:       64.90964        0.00000        0.00000
wrapping first mol.:       64.90964        0.00000        0.00000
wrapping first mol.:       64.90964        0.00000        0.00000
wrapping first mol.:       64.90964        0.00000        0.00000
wrapping first mol.:       64.90964        0.00000        0.00000

 NSTEP =  1450000   TIME(PS) =    2900.000  TEMP(K) =   295.79  PRESS =     0.0
 Etot   =    -68059.3132  EKtot   =     13035.2715  EPtot      =    -81094.5847
 BOND   =       569.3864  ANGLE   =      1557.3539  DIHED      =      1034.7574
 UB     =         0.0000  IMP     =         0.0000  CMAP       =       138.3956
 1-4 NB =       663.6158  1-4 EEL =     10319.0827  VDWAALS    =      8917.5895
 EELEC  =   -104294.7659  EHBOND  =         0.0000  RESTRAINT  =         0.0000
 ------------------------------------------------------------------------------

wrapping first mol.:       64.90964        0.00000        0.00000
wrapping first mol.:       64.90964        0.00000        0.00000
wrapping first mol.:       64.90964        0.00000        0.00000
wrapping first mol.:       64.90964        0.00000        0.00000
wrapping first mol.:       64.90964        0.00000        0.00000
wrapping first mol.:       64.90964        0.00000        0.00000
wrapping first mol.:       64.90964        0.00000        0.00000
wrapping first mol.:       64.90964        0.00000        0.00000
wrapping first mol.:       64.90964        0.00000        0.00000
wrapping first mol.:       64.90964        0.00000        0.00000
wrapping first mol.:       64.90964        0.00000        0.00000

 NSTEP =  1500000   TIME(PS) =    3000.000  TEMP(K) =   300.62  PRESS =     0.0
 Etot   =    -67800.5985  EKtot   =     13248.1748  EPtot      =    -81048.7733
 BOND   =       548.1096  ANGLE   =      1638.5195  DIHED      =      1019.8662
 UB     =         0.0000  IMP     =         0.0000  CMAP       =       132.5441
 1-4 NB =       671.6369  1-4 EEL =     10311.3762  VDWAALS    =      8698.5532
 EELEC  =   -104069.3790  EHBOND  =         0.0000  RESTRAINT  =         0.0000
 ------------------------------------------------------------------------------

wrapping first mol.:       64.90964        0.00000        0.00000
wrapping first mol.:       64.90964        0.00000        0.00000
wrapping first mol.:       64.90964        0.00000        0.00000
wrapping first mol.:       64.90964        0.00000        0.00000
wrapping first mol.:       64.90964        0.00000        0.00000
wrapping first mol.:       64.90964        0.00000        0.00000
wrapping first mol.:       64.90964        0.00000        0.00000
wrapping first mol.:       64.90964        0.00000        0.00000
wrapping first mol.:       64.90964        0.00000        0.00000
wrapping first mol.:       64.90964        0.00000        0.00000
wrapping first mol.:       64.90964        0.00000        0.00000

 NSTEP =  1550000   TIME(PS) =    3100.000  TEMP(K) =   302.51  PRESS =     0.0
 Etot   =    -67727.0222  EKtot   =     13331.6074  EPtot      =    -81058.6297
 BOND   =       594.7171  ANGLE   =      1625.2854  DIHED      =      1038.7554
 UB     =         0.0000  IMP     =         0.0000  CMAP       =       146.7593
 1-4 NB =       643.1167  1-4 EEL =     10321.5337  VDWAALS    =      9256.4010
 EELEC  =   -104685.1981  EHBOND  =         0.0000  RESTRAINT  =         0.0000
 ------------------------------------------------------------------------------

wrapping first mol.:       64.90964        0.00000        0.00000
wrapping first mol.:       64.90964        0.00000        0.00000
wrapping first mol.:       64.90964        0.00000        0.00000
wrapping first mol.:       64.90964        0.00000        0.00000
wrapping first mol.:       64.90964        0.00000        0.00000
wrapping first mol.:       64.90964        0.00000        0.00000
wrapping first mol.:       64.90964        0.00000        0.00000
wrapping first mol.:       64.90964        0.00000        0.00000
wrapping first mol.:       64.90964        0.00000        0.00000
wrapping first mol.:       64.90964        0.00000        0.00000
wrapping first mol.:       64.90964        0.00000        0.00000

 NSTEP =  1600000   TIME(PS) =    3200.000  TEMP(K) =   301.15  PRESS =     0.0
 Etot   =    -67989.0698  EKtot   =     13271.8164  EPtot      =    -81260.8862
 BOND   =       538.7420  ANGLE   =      1658.3817  DIHED      =      1040.1878
 UB     =         0.0000  IMP     =         0.0000  CMAP       =       134.0672
 1-4 NB =       662.4472  1-4 EEL =     10291.5098  VDWAALS    =      8791.7943
 EELEC  =   -104378.0163  EHBOND  =         0.0000  RESTRAINT  =         0.0000
 ------------------------------------------------------------------------------

wrapping first mol.:       64.90964        0.00000        0.00000
wrapping first mol.:       64.90964        0.00000        0.00000
wrapping first mol.:       64.90964        0.00000        0.00000
wrapping first mol.:       64.90964        0.00000        0.00000
wrapping first mol.:       64.90964        0.00000        0.00000
wrapping first mol.:       64.90964        0.00000        0.00000
wrapping first mol.:       64.90964        0.00000        0.00000
wrapping first mol.:       64.90964        0.00000        0.00000
wrapping first mol.:       64.90964        0.00000        0.00000
wrapping first mol.:       64.90964        0.00000        0.00000
wrapping first mol.:       64.90964        0.00000        0.00000

 NSTEP =  1650000   TIME(PS) =    3300.000  TEMP(K) =   297.63  PRESS =     0.0
 Etot   =    -67959.5855  EKtot   =     13116.7461  EPtot      =    -81076.3316
 BOND   =       561.8485  ANGLE   =      1634.1093  DIHED      =      1050.7894
 UB     =         0.0000  IMP     =         0.0000  CMAP       =       149.6766
 1-4 NB =       649.3857  1-4 EEL =     10230.3429  VDWAALS    =      8758.6259
 EELEC  =   -104111.1098  EHBOND  =         0.0000  RESTRAINT  =         0.0000
 ------------------------------------------------------------------------------

wrapping first mol.:       64.90964        0.00000        0.00000
wrapping first mol.:       64.90964        0.00000        0.00000
wrapping first mol.:       64.90964        0.00000        0.00000
wrapping first mol.:       64.90964        0.00000        0.00000
wrapping first mol.:       64.90964        0.00000        0.00000
wrapping first mol.:       64.90964        0.00000        0.00000
wrapping first mol.:       64.90964        0.00000        0.00000
wrapping first mol.:       64.90964        0.00000        0.00000
wrapping first mol.:       64.90964        0.00000        0.00000
wrapping first mol.:       64.90964        0.00000        0.00000
wrapping first mol.:       64.90964        0.00000        0.00000

 NSTEP =  1700000   TIME(PS) =    3400.000  TEMP(K) =   301.66  PRESS =     0.0
 Etot   =    -67599.1887  EKtot   =     13293.9668  EPtot      =    -80893.1555
 BOND   =       551.7140  ANGLE   =      1607.3438  DIHED      =      1035.8483
 UB     =         0.0000  IMP     =         0.0000  CMAP       =       132.5411
 1-4 NB =       648.8096  1-4 EEL =     10283.5349  VDWAALS    =      8928.8751
 EELEC  =   -104081.8223  EHBOND  =         0.0000  RESTRAINT  =         0.0000
 ------------------------------------------------------------------------------

wrapping first mol.:       64.90964        0.00000        0.00000
wrapping first mol.:       64.90964        0.00000        0.00000
wrapping first mol.:       64.90964        0.00000        0.00000
wrapping first mol.:       64.90964        0.00000        0.00000
wrapping first mol.:       64.90964        0.00000        0.00000
wrapping first mol.:       64.90964        0.00000        0.00000
wrapping first mol.:       64.90964        0.00000        0.00000
wrapping first mol.:       64.90964        0.00000        0.00000
wrapping first mol.:       64.90964        0.00000        0.00000
wrapping first mol.:       64.90964        0.00000        0.00000
wrapping first mol.:       64.90964        0.00000        0.00000

 NSTEP =  1750000   TIME(PS) =    3500.000  TEMP(K) =   298.58  PRESS =     0.0
 Etot   =    -67933.3629  EKtot   =     13158.2217  EPtot      =    -81091.5846
 BOND   =       583.9820  ANGLE   =      1653.1660  DIHED      =      1012.9462
 UB     =         0.0000  IMP     =         0.0000  CMAP       =       139.7330
 1-4 NB =       649.1827  1-4 EEL =     10277.9968  VDWAALS    =      8926.3814
 EELEC  =   -104334.9727  EHBOND  =         0.0000  RESTRAINT  =         0.0000
 ------------------------------------------------------------------------------

wrapping first mol.:       64.90964        0.00000        0.00000
wrapping first mol.:       64.90964        0.00000        0.00000
wrapping first mol.:       64.90964        0.00000        0.00000
wrapping first mol.:       64.90964        0.00000        0.00000
wrapping first mol.:       64.90964        0.00000        0.00000
wrapping first mol.:       64.90964        0.00000        0.00000
wrapping first mol.:       64.90964        0.00000        0.00000
wrapping first mol.:       64.90964        0.00000        0.00000
wrapping first mol.:       64.90964        0.00000        0.00000
wrapping first mol.:       64.90964        0.00000        0.00000
wrapping first mol.:       64.90964        0.00000        0.00000

 NSTEP =  1800000   TIME(PS) =    3600.000  TEMP(K) =   298.59  PRESS =     0.0
 Etot   =    -67663.5743  EKtot   =     13158.9189  EPtot      =    -80822.4932
 BOND   =       517.2512  ANGLE   =      1622.6440  DIHED      =      1044.8546
 UB     =         0.0000  IMP     =         0.0000  CMAP       =       146.8641
 1-4 NB =       660.2589  1-4 EEL =     10300.2429  VDWAALS    =      8897.5610
 EELEC  =   -104012.1699  EHBOND  =         0.0000  RESTRAINT  =         0.0000
 ------------------------------------------------------------------------------

wrapping first mol.:       64.90964        0.00000        0.00000
wrapping first mol.:       64.90964        0.00000        0.00000
wrapping first mol.:       64.90964        0.00000        0.00000
wrapping first mol.:       64.90964        0.00000        0.00000
wrapping first mol.:       64.90964        0.00000        0.00000
wrapping first mol.:       64.90964        0.00000        0.00000
wrapping first mol.:       64.90964        0.00000        0.00000
wrapping first mol.:       64.90964        0.00000        0.00000
wrapping first mol.:       64.90964        0.00000        0.00000
wrapping first mol.:       64.90964        0.00000        0.00000
wrapping first mol.:       64.90964        0.00000        0.00000

 NSTEP =  1850000   TIME(PS) =    3700.000  TEMP(K) =   298.99  PRESS =     0.0
 Etot   =    -67885.1945  EKtot   =     13176.3867  EPtot      =    -81061.5812
 BOND   =       567.1821  ANGLE   =      1614.2854  DIHED      =      1028.9513
 UB     =         0.0000  IMP     =         0.0000  CMAP       =       134.7528
 1-4 NB =       673.4672  1-4 EEL =     10247.7597  VDWAALS    =      9053.5631
 EELEC  =   -104381.5426  EHBOND  =         0.0000  RESTRAINT  =         0.0000
 ------------------------------------------------------------------------------

wrapping first mol.:       64.90964        0.00000        0.00000
wrapping first mol.:       64.90964        0.00000        0.00000
wrapping first mol.:       64.90964        0.00000        0.00000
wrapping first mol.:       64.90964        0.00000        0.00000
wrapping first mol.:       64.90964        0.00000        0.00000
wrapping first mol.:       64.90964        0.00000        0.00000
wrapping first mol.:       64.90964        0.00000        0.00000
wrapping first mol.:       64.90964        0.00000        0.00000
wrapping first mol.:       64.90964        0.00000        0.00000
wrapping first mol.:       64.90964        0.00000        0.00000
wrapping first mol.:       64.90964        0.00000        0.00000

 NSTEP =  1900000   TIME(PS) =    3800.000  TEMP(K) =   296.56  PRESS =     0.0
 Etot   =    -68193.8654  EKtot   =     13069.4912  EPtot      =    -81263.3566
 BOND   =       553.7794  ANGLE   =      1650.4945  DIHED      =      1017.8813
 UB     =         0.0000  IMP     =         0.0000  CMAP       =       137.7549
 1-4 NB =       661.4221  1-4 EEL =     10298.8143  VDWAALS    =      8992.8558
 EELEC  =   -104576.3589  EHBOND  =         0.0000  RESTRAINT  =         0.0000
 ------------------------------------------------------------------------------

wrapping first mol.:       64.90964        0.00000        0.00000
wrapping first mol.:       64.90964        0.00000        0.00000
wrapping first mol.:       64.90964        0.00000        0.00000
wrapping first mol.:       64.90964        0.00000        0.00000
wrapping first mol.:       64.90964        0.00000        0.00000
wrapping first mol.:       64.90964        0.00000        0.00000
wrapping first mol.:       64.90964        0.00000        0.00000
wrapping first mol.:       64.90964        0.00000        0.00000
wrapping first mol.:       64.90964        0.00000        0.00000
wrapping first mol.:       64.90964        0.00000        0.00000
wrapping first mol.:       64.90964        0.00000        0.00000

 NSTEP =  1950000   TIME(PS) =    3900.000  TEMP(K) =   300.01  PRESS =     0.0
 Etot   =    -67524.8911  EKtot   =     13221.5781  EPtot      =    -80746.4693
 BOND   =       533.5245  ANGLE   =      1652.3115  DIHED      =      1040.1536
 UB     =         0.0000  IMP     =         0.0000  CMAP       =       149.9565
 1-4 NB =       658.6349  1-4 EEL =     10253.7480  VDWAALS    =      8776.5351
 EELEC  =   -103811.3334  EHBOND  =         0.0000  RESTRAINT  =         0.0000
 ------------------------------------------------------------------------------

wrapping first mol.:       64.90964        0.00000        0.00000
wrapping first mol.:       64.90964        0.00000        0.00000
wrapping first mol.:       64.90964        0.00000        0.00000
wrapping first mol.:       64.90964        0.00000        0.00000
wrapping first mol.:       64.90964        0.00000        0.00000
wrapping first mol.:       64.90964        0.00000        0.00000
wrapping first mol.:       64.90964        0.00000        0.00000
wrapping first mol.:       64.90964        0.00000        0.00000
wrapping first mol.:       64.90964        0.00000        0.00000
wrapping first mol.:       64.90964        0.00000        0.00000
wrapping first mol.:       64.90964        0.00000        0.00000

 NSTEP =  2000000   TIME(PS) =    4000.000  TEMP(K) =   299.87  PRESS =     0.0
 Etot   =    -68028.4664  EKtot   =     13215.2520  EPtot      =    -81243.7184
 BOND   =       578.5040  ANGLE   =      1603.1068  DIHED      =      1047.2436
 UB     =         0.0000  IMP     =         0.0000  CMAP       =       134.5788
 1-4 NB =       672.2145  1-4 EEL =     10318.0351  VDWAALS    =      9123.0966
 EELEC  =   -104720.4977  EHBOND  =         0.0000  RESTRAINT  =         0.0000
 ------------------------------------------------------------------------------

wrapping first mol.:       64.90964        0.00000        0.00000
wrapping first mol.:       64.90964        0.00000        0.00000
wrapping first mol.:       64.90964        0.00000        0.00000
wrapping first mol.:       64.90964        0.00000        0.00000
wrapping first mol.:       64.90964        0.00000        0.00000
wrapping first mol.:       64.90964        0.00000        0.00000
wrapping first mol.:       64.90964        0.00000        0.00000
wrapping first mol.:       64.90964        0.00000        0.00000
wrapping first mol.:       64.90964        0.00000        0.00000
wrapping first mol.:       64.90964        0.00000        0.00000
wrapping first mol.:       64.90964        0.00000        0.00000

 NSTEP =  2050000   TIME(PS) =    4100.000  TEMP(K) =   298.93  PRESS =     0.0
 Etot   =    -67896.7095  EKtot   =     13174.0234  EPtot      =    -81070.7329
 BOND   =       570.2025  ANGLE   =      1580.5311  DIHED      =      1039.4958
 UB     =         0.0000  IMP     =         0.0000  CMAP       =       145.2908
 1-4 NB =       659.2159  1-4 EEL =     10274.2388  VDWAALS    =      9016.0712
 EELEC  =   -104355.7790  EHBOND  =         0.0000  RESTRAINT  =         0.0000
 ------------------------------------------------------------------------------

wrapping first mol.:       64.90964        0.00000        0.00000
wrapping first mol.:       64.90964        0.00000        0.00000
wrapping first mol.:       64.90964        0.00000        0.00000
wrapping first mol.:       64.90964        0.00000        0.00000
wrapping first mol.:       64.90964        0.00000        0.00000
wrapping first mol.:       64.90964        0.00000        0.00000
wrapping first mol.:       64.90964        0.00000        0.00000
wrapping first mol.:       64.90964        0.00000        0.00000
wrapping first mol.:       64.90964        0.00000        0.00000
wrapping first mol.:       64.90964        0.00000        0.00000
wrapping first mol.:       64.90964        0.00000        0.00000

 NSTEP =  2100000   TIME(PS) =    4200.000  TEMP(K) =   300.98  PRESS =     0.0
 Etot   =    -67899.1319  EKtot   =     13264.2969  EPtot      =    -81163.4288
 BOND   =       608.4529  ANGLE   =      1630.5740  DIHED      =      1025.0058
 UB     =         0.0000  IMP     =         0.0000  CMAP       =       139.5839
 1-4 NB =       646.2535  1-4 EEL =     10268.1692  VDWAALS    =      9341.7697
 EELEC  =   -104823.2378  EHBOND  =         0.0000  RESTRAINT  =         0.0000
 ------------------------------------------------------------------------------

wrapping first mol.:       64.90964        0.00000        0.00000
wrapping first mol.:       64.90964        0.00000        0.00000
wrapping first mol.:       64.90964        0.00000        0.00000
wrapping first mol.:       64.90964        0.00000        0.00000
wrapping first mol.:       64.90964        0.00000        0.00000
wrapping first mol.:       64.90964        0.00000        0.00000
wrapping first mol.:       64.90964        0.00000        0.00000
wrapping first mol.:       64.90964        0.00000        0.00000
wrapping first mol.:       64.90964        0.00000        0.00000
wrapping first mol.:       64.90964        0.00000        0.00000
wrapping first mol.:       64.90964        0.00000        0.00000

 NSTEP =  2150000   TIME(PS) =    4300.000  TEMP(K) =   301.71  PRESS =     0.0
 Etot   =    -67916.6503  EKtot   =     13296.1650  EPtot      =    -81212.8154
 BOND   =       534.2129  ANGLE   =      1583.4591  DIHED      =      1038.1082
 UB     =         0.0000  IMP     =         0.0000  CMAP       =       148.6863
 1-4 NB =       673.2141  1-4 EEL =     10340.2914  VDWAALS    =      9059.3431
 EELEC  =   -104590.1305  EHBOND  =         0.0000  RESTRAINT  =         0.0000
 ------------------------------------------------------------------------------

wrapping first mol.:       64.90964        0.00000        0.00000
wrapping first mol.:       64.90964        0.00000        0.00000
wrapping first mol.:       64.90964        0.00000        0.00000
wrapping first mol.:       64.90964        0.00000        0.00000
wrapping first mol.:       64.90964        0.00000        0.00000
wrapping first mol.:       64.90964        0.00000        0.00000
wrapping first mol.:       64.90964        0.00000        0.00000
wrapping first mol.:       64.90964        0.00000        0.00000
wrapping first mol.:       64.90964        0.00000        0.00000
wrapping first mol.:       64.90964        0.00000        0.00000
wrapping first mol.:       64.90964        0.00000        0.00000

 NSTEP =  2200000   TIME(PS) =    4400.000  TEMP(K) =   297.82  PRESS =     0.0
 Etot   =    -67826.2469  EKtot   =     13124.8721  EPtot      =    -80951.1189
 BOND   =       578.2015  ANGLE   =      1654.6892  DIHED      =       998.4157
 UB     =         0.0000  IMP     =         0.0000  CMAP       =       136.9251
 1-4 NB =       639.8088  1-4 EEL =     10322.9280  VDWAALS    =      8924.1072
 EELEC  =   -104206.1945  EHBOND  =         0.0000  RESTRAINT  =         0.0000
 ------------------------------------------------------------------------------

wrapping first mol.:       64.90964        0.00000        0.00000
wrapping first mol.:       64.90964        0.00000        0.00000
wrapping first mol.:       64.90964        0.00000        0.00000
wrapping first mol.:       64.90964        0.00000        0.00000
wrapping first mol.:       64.90964        0.00000        0.00000
wrapping first mol.:       64.90964        0.00000        0.00000
wrapping first mol.:       64.90964        0.00000        0.00000
wrapping first mol.:       64.90964        0.00000        0.00000
wrapping first mol.:       64.90964        0.00000        0.00000
wrapping first mol.:       64.90964        0.00000        0.00000
wrapping first mol.:       64.90964        0.00000        0.00000

 NSTEP =  2250000   TIME(PS) =    4500.000  TEMP(K) =   299.10  PRESS =     0.0
 Etot   =    -67955.9868  EKtot   =     13181.2754  EPtot      =    -81137.2622
 BOND   =       550.8657  ANGLE   =      1654.9812  DIHED      =      1041.0663
 UB     =         0.0000  IMP     =         0.0000  CMAP       =       143.4894
 1-4 NB =       668.6069  1-4 EEL =     10227.3584  VDWAALS    =      9062.1102
 EELEC  =   -104485.7404  EHBOND  =         0.0000  RESTRAINT  =         0.0000
 ------------------------------------------------------------------------------

wrapping first mol.:       64.90964        0.00000        0.00000
wrapping first mol.:       64.90964        0.00000        0.00000
wrapping first mol.:       64.90964        0.00000        0.00000
wrapping first mol.:       64.90964        0.00000        0.00000
wrapping first mol.:       64.90964        0.00000        0.00000
wrapping first mol.:       64.90964        0.00000        0.00000
wrapping first mol.:       64.90964        0.00000        0.00000
wrapping first mol.:       64.90964        0.00000        0.00000
wrapping first mol.:       64.90964        0.00000        0.00000
wrapping first mol.:       64.90964        0.00000        0.00000
wrapping first mol.:       64.90964        0.00000        0.00000

 NSTEP =  2300000   TIME(PS) =    4600.000  TEMP(K) =   301.37  PRESS =     0.0
 Etot   =    -68014.4473  EKtot   =     13281.4980  EPtot      =    -81295.9453
 BOND   =       532.2186  ANGLE   =      1590.7127  DIHED      =      1025.1673
 UB     =         0.0000  IMP     =         0.0000  CMAP       =       147.7698
 1-4 NB =       668.5394  1-4 EEL =     10282.4419  VDWAALS    =      8902.2757
 EELEC  =   -104445.0707  EHBOND  =         0.0000  RESTRAINT  =         0.0000
 ------------------------------------------------------------------------------

wrapping first mol.:       64.90964        0.00000        0.00000
wrapping first mol.:       64.90964        0.00000        0.00000
wrapping first mol.:       64.90964        0.00000        0.00000
wrapping first mol.:       64.90964        0.00000        0.00000
wrapping first mol.:       64.90964        0.00000        0.00000
wrapping first mol.:       64.90964        0.00000        0.00000
wrapping first mol.:       64.90964        0.00000        0.00000
wrapping first mol.:       64.90964        0.00000        0.00000
wrapping first mol.:       64.90964        0.00000        0.00000
wrapping first mol.:       64.90964        0.00000        0.00000
wrapping first mol.:       64.90964        0.00000        0.00000

 NSTEP =  2350000   TIME(PS) =    4700.000  TEMP(K) =   302.25  PRESS =     0.0
 Etot   =    -67657.7679  EKtot   =     13320.1104  EPtot      =    -80977.8782
 BOND   =       555.3172  ANGLE   =      1663.4778  DIHED      =      1033.8406
 UB     =         0.0000  IMP     =         0.0000  CMAP       =       137.5681
 1-4 NB =       668.4889  1-4 EEL =     10269.8759  VDWAALS    =      9200.4897
 EELEC  =   -104506.9364  EHBOND  =         0.0000  RESTRAINT  =         0.0000
 ------------------------------------------------------------------------------

wrapping first mol.:       64.90964        0.00000        0.00000
wrapping first mol.:       64.90964        0.00000        0.00000
wrapping first mol.:       64.90964        0.00000        0.00000
wrapping first mol.:       64.90964        0.00000        0.00000
wrapping first mol.:       64.90964        0.00000        0.00000
wrapping first mol.:       64.90964        0.00000        0.00000
wrapping first mol.:       64.90964        0.00000        0.00000
wrapping first mol.:       64.90964        0.00000        0.00000
wrapping first mol.:       64.90964        0.00000        0.00000
wrapping first mol.:       64.90964        0.00000        0.00000
wrapping first mol.:       64.90964        0.00000        0.00000

 NSTEP =  2400000   TIME(PS) =    4800.000  TEMP(K) =   301.34  PRESS =     0.0
 Etot   =    -67926.8809  EKtot   =     13279.9668  EPtot      =    -81206.8477
 BOND   =       569.0793  ANGLE   =      1629.5157  DIHED      =      1017.7352
 UB     =         0.0000  IMP     =         0.0000  CMAP       =       144.6502
 1-4 NB =       662.8243  1-4 EEL =     10301.4488  VDWAALS    =      9242.3937
 EELEC  =   -104774.4948  EHBOND  =         0.0000  RESTRAINT  =         0.0000
 ------------------------------------------------------------------------------

wrapping first mol.:       64.90964        0.00000        0.00000
wrapping first mol.:       64.90964        0.00000        0.00000
wrapping first mol.:       64.90964        0.00000        0.00000
wrapping first mol.:       64.90964        0.00000        0.00000
wrapping first mol.:       64.90964        0.00000        0.00000
wrapping first mol.:       64.90964        0.00000        0.00000
wrapping first mol.:       64.90964        0.00000        0.00000
wrapping first mol.:       64.90964        0.00000        0.00000
wrapping first mol.:       64.90964        0.00000        0.00000
wrapping first mol.:       64.90964        0.00000        0.00000
wrapping first mol.:       64.90964        0.00000        0.00000

 NSTEP =  2450000   TIME(PS) =    4900.000  TEMP(K) =   300.38  PRESS =     0.0
 Etot   =    -68028.0408  EKtot   =     13237.5342  EPtot      =    -81265.5750
 BOND   =       590.6985  ANGLE   =      1639.9244  DIHED      =      1055.5942
 UB     =         0.0000  IMP     =         0.0000  CMAP       =       139.8075
 1-4 NB =       673.8202  1-4 EEL =     10282.2627  VDWAALS    =      9045.6647
 EELEC  =   -104693.3471  EHBOND  =         0.0000  RESTRAINT  =         0.0000
 ------------------------------------------------------------------------------

wrapping first mol.:       64.90964        0.00000        0.00000
wrapping first mol.:       64.90964        0.00000        0.00000
wrapping first mol.:       64.90964        0.00000        0.00000
wrapping first mol.:       64.90964        0.00000        0.00000
wrapping first mol.:       64.90964        0.00000        0.00000
wrapping first mol.:       64.90964        0.00000        0.00000
wrapping first mol.:       64.90964        0.00000        0.00000
wrapping first mol.:       64.90964        0.00000        0.00000
wrapping first mol.:       64.90964        0.00000        0.00000
wrapping first mol.:       64.90964        0.00000        0.00000
wrapping first mol.:       64.90964        0.00000        0.00000

 NSTEP =  2500000   TIME(PS) =    5000.000  TEMP(K) =   297.96  PRESS =     0.0
 Etot   =    -68048.1784  EKtot   =     13131.0225  EPtot      =    -81179.2009
 BOND   =       553.5709  ANGLE   =      1626.4639  DIHED      =      1035.5482
 UB     =         0.0000  IMP     =         0.0000  CMAP       =       136.2912
 1-4 NB =       657.4030  1-4 EEL =     10300.2211  VDWAALS    =      9146.5697
 EELEC  =   -104635.2688  EHBOND  =         0.0000  RESTRAINT  =         0.0000
 ------------------------------------------------------------------------------


      A V E R A G E S   O V E R      50 S T E P S


 NSTEP =  2500000   TIME(PS) =    5000.000  TEMP(K) =   299.72  PRESS =     0.0
 Etot   =    -67904.4315  EKtot   =     13208.5986  EPtot      =    -81113.0301
 BOND   =       561.8375  ANGLE   =      1619.9772  DIHED      =      1036.2837
 UB     =         0.0000  IMP     =         0.0000  CMAP       =       140.4667
 1-4 NB =       663.9337  1-4 EEL =     10293.9199  VDWAALS    =      8991.5511
 EELEC  =   -104421.0000  EHBOND  =         0.0000  RESTRAINT  =         0.0000
 ------------------------------------------------------------------------------


      R M S  F L U C T U A T I O N S


 NSTEP =  2500000   TIME(PS) =    5000.000  TEMP(K) =     1.66  PRESS =     0.0
 Etot   =       176.4177  EKtot   =        73.1763  EPtot      =       149.4978
 BOND   =        20.5430  ANGLE   =        29.3611  DIHED      =        14.2622
 UB     =         0.0000  IMP     =         0.0000  CMAP       =         5.3704
 1-4 NB =        10.5790  1-4 EEL =        32.2299  VDWAALS    =       164.4681
 EELEC  =       241.2413  EHBOND  =         0.0000  RESTRAINT  =         0.0000
 ------------------------------------------------------------------------------

--------------------------------------------------------------------------------
   5.  TIMINGS
--------------------------------------------------------------------------------

|  NonSetup CPU Time in Major Routines:
|
|     Routine           Sec        %
|     ------------------------------
|     Nonbond         633.11   13.22
|     Bond              0.00    0.00
|     Angle             0.00    0.00
|     Dihedral          0.00    0.00
|     Shake            21.43    0.45
|     RunMD          4129.38   86.25
|     Other             3.56    0.07
|     ------------------------------
|     Total          4787.47

|  PME Nonbond Pairlist CPU Time:
|
|     Routine              Sec        %
|     ---------------------------------
|     Set Up Cit           0.00    0.00
|     Build List           0.00    0.00
|     ---------------------------------
|     Total                0.00    0.00

|  PME Direct Force CPU Time:
|
|     Routine              Sec        %
|     ---------------------------------
|     NonBonded Calc       0.00    0.00
|     Exclude Masked       0.00    0.00
|     Other                1.92    0.04
|     ---------------------------------
|     Total                1.92    0.04

|  PME Reciprocal Force CPU Time:
|
|     Routine              Sec        %
|     ---------------------------------
|     1D bspline           0.00    0.00
|     Grid Charges         0.00    0.00
|     Scalar Sum           0.00    0.00
|     Gradient Sum         0.00    0.00
|     FFT                  0.00    0.00
|     ---------------------------------
|     Total                0.00    0.00

|  Final Performance Info:
|     -----------------------------------------------------
|     Average timings for last       1 steps:
|     Elapsed(s) =       0.00 Per Step(ms) =       0.15
|         ns/day =    1128.85   seconds/ns =      76.54
|
|     Average timings for all steps:
|     Elapsed(s) =    4798.22 Per Step(ms) =       1.92
|         ns/day =      90.03   seconds/ns =     959.64
|     -----------------------------------------------------

|  Setup CPU time:            0.60 seconds
|  NonSetup CPU time:      4787.47 seconds
|  Total CPU time:         4788.07 seconds     1.33 hours

|  Setup wall time:           0    seconds
|  NonSetup wall time:     4799    seconds
|  Total wall time:        4799    seconds     1.33 hours
