
          -------------------------------------------------------
          Amber 18 PMEMD                              2018
          -------------------------------------------------------

| PMEMD implementation of SANDER, Release 18

| Run on 01/09/2021 at 19:28:30

|   Executable path: pmemd.cuda
| Working directory: /home/almacen/pbarletta/dynein/run/5vky/3_pdt
|          Hostname: Unknown
  [-O]verwriting output

File Assignments:
|   MDIN: pre_pdt.in                                                            
|  MDOUT: 0pdt.out                                                              
| INPCRD: 3_5vky.rst7                                                           
|   PARM: /home/almacen/pbarletta/dynein/top_files/5vky.prmtop                  
| RESTRT: 0p3_5vky.rst7                                                         
|   REFC: refc                                                                  
|  MDVEL: mdvel                                                                 
|   MDEN: mden                                                                  
|  MDCRD: 0p3_5vky.nc                                                           
| MDINFO: mdinfo                                                                
|  MDFRC: mdfrc                                                                 


 Here is the input file:

Production run                                                                 
&cntrl                                                                         
imin = 0,                           ! No Minimization                          
nmropt = 0,                         ! No NMR restraints read                   
                                                                               
! Nature and format of the input                                               
ntx = 5,                            ! Coordinates and velocities will be read  
irest = 1,                          ! Do not run a new simulation              
                                                                               
! Nature and format of the output                                              
ntxo = 1,                           ! rstrt file in ASCII format               
ntpr = 50000,                       ! inf in output every ntpr steps           
ntwr = 50000,                       ! rstrt file every ntwr steps              
ntwx = 5000,                        ! mdcrd file every ntwx steps              
ntwv = 0,                           ! mdvel without velocities                 
ntwe = 0,                           ! Energies and temperatures not written in 
idecomp = 0,                        ! No energy decomposition                  
iwrap = 1,                          ! Coordinates of the restart and mdcrd file
                                                                               
! Frozen or restrained atoms                                                   
ibelly = 0,                         ! No frozen atoms                          
ntr=0,                              ! Harmonic potential restraints            
                                                                               
! Molecular dynamics                                                           
nstlim = 2500000,                   ! Number of MD-steps                       
dt = 0.002,                         ! Time step                                
                                                                               
! Temperature regulation                                                       
ntt = 3,                            ! Langevin thermostat                      
gamma_ln = 2,                       ! Gamma constant for Langevin              
temp0 = 300.0,                      ! Reference T at which the system is to be 
tempi = 300.0,                      ! Initial T                                
ig = -1,                            ! Seed for the RNG                         
                                                                               
! P and V regulation                                                           
!barostat = 1,                      ! Berendsen barostat                       
!taup = 1,                          ! Pressure relaxation time                 
ntp = 0,                            ! constant V                               
ntb = 1,                            ! Periodic box for constant V              
                                                                               
! SHAKE variables                                                              
ntc = 2,                            ! Bonds involving H are constrained        
ntf = 2,                            ! Bond interaction involving H are ommited.
                                                                               
cut = 9.0,                          ! Nonbonded cutoff                         
/                                                                              
&end                                                                           


Note: ig = -1. Setting random seed to   512460 based on wallclock time in 
      microseconds.
| irandom = 1, using AMBER's internal random number generator (default).
 
|--------------------- INFORMATION ----------------------
| GPU (CUDA) Version of PMEMD in use: NVIDIA GPU IN USE.
|                    Version 18.0.0
| 
|                      03/25/2018
| 
| Implementation by:
|                    Ross C. Walker     (SDSC)
|                    Scott Le Grand     (nVIDIA)
| 
| Version 18 performance extensions by:
|                    David Cerutti     (Rutgers)
| 
| Precision model in use:
|      [SPFP] - Single Precision Forces, 64-bit Fixed Point
|               Accumulation. (Default)
| 
|--------------------------------------------------------
 
|----------------- CITATION INFORMATION -----------------
|
|    When publishing work that utilized the CUDA version
|    of AMBER, please cite the following in addition to
|    the regular AMBER citations:
|
|  - Romelia Salomon-Ferrer; Andreas W. Goetz; Duncan
|    Poole; Scott Le Grand; Ross C. Walker "Routine
|    microsecond molecular dynamics simulations with
|    AMBER - Part II: Particle Mesh Ewald", J. Chem.
|    Theory Comput., 2013, 9 (9), pp3878-3888,
|    DOI: 10.1021/ct400314y.
|
|  - Andreas W. Goetz; Mark J. Williamson; Dong Xu;
|    Duncan Poole; Scott Le Grand; Ross C. Walker
|    "Routine microsecond molecular dynamics simulations
|    with AMBER - Part I: Generalized Born", J. Chem.
|    Theory Comput., 2012, 8 (5), pp1542-1555.
|
|  - Scott Le Grand; Andreas W. Goetz; Ross C. Walker
|    "SPFP: Speed without compromise - a mixed precision
|    model for GPU accelerated molecular dynamics
|    simulations.", Comp. Phys. Comm., 2013, 184
|    pp374-380, DOI: 10.1016/j.cpc.2012.09.022
|
|--------------------------------------------------------
 
|------------------- GPU DEVICE INFO --------------------
|
|            CUDA_VISIBLE_DEVICES: 0
|   CUDA Capable Devices Detected:      1
|           CUDA Device ID in use:      0
|                CUDA Device Name: GeForce GTX 1080 Ti
|     CUDA Device Global Mem Size:  11178 MB
| CUDA Device Num Multiprocessors:     28
|           CUDA Device Core Freq:   1.72 GHz
|
|--------------------------------------------------------
 
 
| Conditional Compilation Defines Used:
| PUBFFT
| BINTRAJ
| CUDA
| EMIL

| Largest sphere to fit in unit cell has radius =    28.743

| New format PARM file being parsed.
| Version =    1.000 Date = 09/22/20 Time = 13:48:22

| Note: 1-4 EEL scale factors are being read from the topology file.

| Note: 1-4 VDW scale factors are being read from the topology file.
| Duplicated    0 dihedrals

| Duplicated    0 dihedrals

--------------------------------------------------------------------------------
   1.  RESOURCE   USE: 
--------------------------------------------------------------------------------

 getting new box info from bottom of inpcrd
 NATOM  =   35094 NTYPES =      19 NBONH =   25406 MBONA  =    9706
 NTHETH =    4174 MTHETA =    2496 NPHIH =    8340 MPHIA  =    8026
 NHPARM =       0 NPARM  =       0 NNB   =   75254 NRES   =    8094
 NBONA  =    9706 NTHETA =    2496 NPHIA =    8026 NUMBND =      71
 NUMANG =     162 NPTRA  =     183 NATYP =      37 NPHB   =       1
 IFBOX  =       2 NMXRS  =      24 IFCAP =       0 NEXTRA =    7860
 NCOPY  =       0


| Coordinate Index Table dimensions:    12   12   12
| Direct force subcell size =     5.8671    5.8671    5.8671

     BOX TYPE: TRUNCATED OCTAHEDRON

--------------------------------------------------------------------------------
   2.  CONTROL  DATA  FOR  THE  RUN
--------------------------------------------------------------------------------

default_name                                                                    

General flags:
     imin    =       0, nmropt  =       0

Nature and format of input:
     ntx     =       5, irest   =       1, ntrx    =       1

Nature and format of output:
     ntxo    =       1, ntpr    =   50000, ntrx    =       1, ntwr    =   50000
     iwrap   =       1, ntwx    =    5000, ntwv    =       0, ntwe    =       0
     ioutfm  =       1, ntwprt  =       0, idecomp =       0, rbornstat=      0

Potential function:
     ntf     =       2, ntb     =       1, igb     =       0, nsnb    =      25
     ipol    =       0, gbsa    =       0, iesp    =       0
     dielc   =   1.00000, cut     =   9.00000, intdiel =   1.00000

Frozen or restrained atoms:
     ibelly  =       0, ntr     =       0

Molecular dynamics:
     nstlim  =   2500000, nscm    =      1000, nrespa  =         1
     t       =   0.00000, dt      =   0.00200, vlimit  =  -1.00000

Langevin dynamics temperature regulation:
     ig      =  512460
     temp0   = 300.00000, tempi   = 300.00000, gamma_ln=   2.00000

SHAKE:
     ntc     =       2, jfastw  =       0
     tol     =   0.00001

| Intermolecular bonds treatment:
|     no_intermolecular_bonds =       1

| Energy averages sample interval:
|     ene_avg_sampling =   50000

Extra-points options:
     frameon =       1, chngmask=       1

Ewald parameters:
     verbose =       0, ew_type =       0, nbflag  =       1, use_pme =       1
     vdwmeth =       1, eedmeth =       1, netfrc  =       1
     Box X =   70.405   Box Y =   70.405   Box Z =   70.405
     Alpha =  109.471   Beta  =  109.471   Gamma =  109.471
     NFFT1 =   72       NFFT2 =   72       NFFT3 =   72
     Cutoff=    9.000   Tol   =0.100E-04
     Ewald Coefficient =  0.30768
     Interpolation order =    4
|      EXTRA_PTS, trim_bonds: num bonds BEFORE trim = 25406     0
|      EXTRA_PTS, trim_bonds: num bonds AFTER  trim = 25406     0
|      EXTRA_PTS, trim_bonds: num bonds BEFORE trim =  9706     0
|      EXTRA_PTS, trim_bonds: num bonds AFTER  trim =  1846     0
|      EXTRA_PTS, trim_theta: num angle BEFORE trim =  4174     0
|      EXTRA_PTS, trim_theta: num angle AFTER  trim =  4174     0
|      EXTRA_PTS, trim_theta: num angle BEFORE trim =  2496     0
|      EXTRA_PTS, trim_theta: num angle AFTER  trim =  2496     0
|      EXTRA_PTS, trim_phi:  num diheds BEFORE trim =  8340     0
|      EXTRA_PTS, trim_phi:  num diheds AFTER  trim =  8340     0
|      EXTRA_PTS, trim_phi:  num diheds BEFORE trim =  8026     0
|      EXTRA_PTS, trim_phi:  num diheds AFTER  trim =  8026     0

--------------------------------------------------------------------------------
   3.  ATOMIC COORDINATES AND VELOCITIES
--------------------------------------------------------------------------------

Cpptraj Generated Restart                                                       
 begin time read from input coords =     0.000 ps

 
 Number of triangulated 3-point waters found:     7860

     Sum of charges from parm topology file =   0.00004304
     Forcing neutrality...

| Dynamic Memory, Types Used:
| Reals             1093682
| Integers          2546454

| Nonbonded Pairs Initial Allocation:     8001432

| GPU memory information (estimate):
| KB of GPU memory in use:         0
| KB of CPU memory in use:         0

--------------------------------------------------------------------------------
   4.  RESULTS
--------------------------------------------------------------------------------

wrapping first mol.:       23.46828       33.18916       57.48530
wrapping first mol.:       23.46828       33.18916       57.48530
wrapping first mol.:       23.46828       33.18916       57.48530
wrapping first mol.:       23.46828       33.18916       57.48530
wrapping first mol.:       23.46828       33.18916       57.48530
wrapping first mol.:       23.46828       33.18916       57.48530
wrapping first mol.:       23.46828       33.18916       57.48530
wrapping first mol.:       23.46828       33.18916       57.48530
wrapping first mol.:       23.46828       33.18916       57.48530
wrapping first mol.:       23.46828       33.18916       57.48530
wrapping first mol.:       23.46828       33.18916       57.48530

 NSTEP =    50000   TIME(PS) =     100.000  TEMP(K) =   297.19  PRESS =     0.0
 Etot   =    -88903.9353  EKtot   =     16623.6875  EPtot      =   -105527.6228
 BOND   =       633.2549  ANGLE   =      1803.6638  DIHED      =      1329.3791
 UB     =         0.0000  IMP     =         0.0000  CMAP       =       161.1710
 1-4 NB =       847.2130  1-4 EEL =     11421.8988  VDWAALS    =     11593.9347
 EELEC  =   -133318.1380  EHBOND  =         0.0000  RESTRAINT  =         0.0000
 ------------------------------------------------------------------------------

wrapping first mol.:       23.46828       33.18916       57.48530
wrapping first mol.:       23.46828       33.18916       57.48530
wrapping first mol.:       23.46828       33.18916       57.48530
wrapping first mol.:       23.46828       33.18916       57.48530
wrapping first mol.:       23.46828       33.18916       57.48530
wrapping first mol.:       23.46828       33.18916       57.48530
wrapping first mol.:       23.46828       33.18916       57.48530
wrapping first mol.:       23.46828       33.18916       57.48530
wrapping first mol.:       23.46828       33.18916       57.48530
wrapping first mol.:       23.46828       33.18916       57.48530
wrapping first mol.:       23.46828       33.18916       57.48530

 NSTEP =   100000   TIME(PS) =     200.000  TEMP(K) =   300.35  PRESS =     0.0
 Etot   =    -88282.9943  EKtot   =     16800.2949  EPtot      =   -105083.2892
 BOND   =       709.5364  ANGLE   =      1817.9619  DIHED      =      1317.8010
 UB     =         0.0000  IMP     =         0.0000  CMAP       =       187.3160
 1-4 NB =       814.7793  1-4 EEL =     11323.2257  VDWAALS    =     11703.6835
 EELEC  =   -132957.5930  EHBOND  =         0.0000  RESTRAINT  =         0.0000
 ------------------------------------------------------------------------------

wrapping first mol.:       23.46828       33.18916       57.48530
wrapping first mol.:       23.46828       33.18916       57.48530
wrapping first mol.:       23.46828       33.18916       57.48530
wrapping first mol.:       23.46828       33.18916       57.48530
wrapping first mol.:       23.46828       33.18916       57.48530
wrapping first mol.:       23.46828       33.18916       57.48530
wrapping first mol.:       23.46828       33.18916       57.48530
wrapping first mol.:       23.46828       33.18916       57.48530
wrapping first mol.:       23.46828       33.18916       57.48530
wrapping first mol.:       23.46828       33.18916       57.48530
wrapping first mol.:       23.46828       33.18916       57.48530

 NSTEP =   150000   TIME(PS) =     300.000  TEMP(K) =   300.33  PRESS =     0.0
 Etot   =    -88794.7741  EKtot   =     16799.1523  EPtot      =   -105593.9264
 BOND   =       661.3281  ANGLE   =      1853.7346  DIHED      =      1335.0543
 UB     =         0.0000  IMP     =         0.0000  CMAP       =       177.7574
 1-4 NB =       826.1082  1-4 EEL =     11304.6164  VDWAALS    =     11959.1936
 EELEC  =   -133711.7189  EHBOND  =         0.0000  RESTRAINT  =         0.0000
 ------------------------------------------------------------------------------

wrapping first mol.:       23.46828       33.18916       57.48530
wrapping first mol.:       23.46828       33.18916       57.48530
wrapping first mol.:       23.46828       33.18916       57.48530
wrapping first mol.:       23.46828       33.18916       57.48530
wrapping first mol.:       23.46828       33.18916       57.48530
wrapping first mol.:       23.46828       33.18916       57.48530
wrapping first mol.:       23.46828       33.18916       57.48530
wrapping first mol.:       23.46828       33.18916       57.48530
wrapping first mol.:       23.46828       33.18916       57.48530
wrapping first mol.:       23.46828       33.18916       57.48530
wrapping first mol.:       23.46828       33.18916       57.48530

 NSTEP =   200000   TIME(PS) =     400.000  TEMP(K) =   299.16  PRESS =     0.0
 Etot   =    -88562.0059  EKtot   =     16733.4531  EPtot      =   -105295.4591
 BOND   =       684.7097  ANGLE   =      1810.4871  DIHED      =      1343.2992
 UB     =         0.0000  IMP     =         0.0000  CMAP       =       172.6837
 1-4 NB =       826.6947  1-4 EEL =     11305.2428  VDWAALS    =     11681.6839
 EELEC  =   -133120.2602  EHBOND  =         0.0000  RESTRAINT  =         0.0000
 ------------------------------------------------------------------------------

wrapping first mol.:       23.46828       33.18916       57.48530
wrapping first mol.:       23.46828       33.18916       57.48530
wrapping first mol.:       23.46828       33.18916       57.48530
wrapping first mol.:       23.46828       33.18916       57.48530
wrapping first mol.:       23.46828       33.18916       57.48530
wrapping first mol.:       23.46828       33.18916       57.48530
wrapping first mol.:       23.46828       33.18916       57.48530
wrapping first mol.:       23.46828       33.18916       57.48530
wrapping first mol.:       23.46828       33.18916       57.48530
wrapping first mol.:       23.46828       33.18916       57.48530
wrapping first mol.:       23.46828       33.18916       57.48530

 NSTEP =   250000   TIME(PS) =     500.000  TEMP(K) =   301.16  PRESS =     0.0
 Etot   =    -88423.5803  EKtot   =     16845.6270  EPtot      =   -105269.2072
 BOND   =       706.2674  ANGLE   =      1863.9277  DIHED      =      1335.4740
 UB     =         0.0000  IMP     =         0.0000  CMAP       =       172.6227
 1-4 NB =       832.4798  1-4 EEL =     11298.0256  VDWAALS    =     11690.3970
 EELEC  =   -133168.4015  EHBOND  =         0.0000  RESTRAINT  =         0.0000
 ------------------------------------------------------------------------------

wrapping first mol.:       23.46828       33.18916       57.48530
wrapping first mol.:       23.46828       33.18916       57.48530
wrapping first mol.:       23.46828       33.18916       57.48530
wrapping first mol.:       23.46828       33.18916       57.48530
wrapping first mol.:       23.46828       33.18916       57.48530
wrapping first mol.:       23.46828       33.18916       57.48530
wrapping first mol.:       23.46828       33.18916       57.48530
wrapping first mol.:       23.46828       33.18916       57.48530
wrapping first mol.:       23.46828       33.18916       57.48530
wrapping first mol.:       23.46828       33.18916       57.48530
wrapping first mol.:       23.46828       33.18916       57.48530

 NSTEP =   300000   TIME(PS) =     600.000  TEMP(K) =   298.49  PRESS =     0.0
 Etot   =    -88580.6225  EKtot   =     16696.0410  EPtot      =   -105276.6635
 BOND   =       660.6506  ANGLE   =      1775.9350  DIHED      =      1307.2698
 UB     =         0.0000  IMP     =         0.0000  CMAP       =       177.6169
 1-4 NB =       829.8257  1-4 EEL =     11356.3144  VDWAALS    =     11806.8727
 EELEC  =   -133191.1486  EHBOND  =         0.0000  RESTRAINT  =         0.0000
 ------------------------------------------------------------------------------

wrapping first mol.:       23.46828       33.18916       57.48530
wrapping first mol.:       23.46828       33.18916       57.48530
wrapping first mol.:       23.46828       33.18916       57.48530
wrapping first mol.:       23.46828       33.18916       57.48530
wrapping first mol.:       23.46828       33.18916       57.48530
wrapping first mol.:       23.46828       33.18916       57.48530
wrapping first mol.:       23.46828       33.18916       57.48530
wrapping first mol.:       23.46828       33.18916       57.48530
wrapping first mol.:       23.46828       33.18916       57.48530
wrapping first mol.:       23.46828       33.18916       57.48530
wrapping first mol.:       23.46828       33.18916       57.48530

 NSTEP =   350000   TIME(PS) =     700.000  TEMP(K) =   300.38  PRESS =     0.0
 Etot   =    -88429.6779  EKtot   =     16802.0410  EPtot      =   -105231.7189
 BOND   =       654.3733  ANGLE   =      1862.3860  DIHED      =      1318.5880
 UB     =         0.0000  IMP     =         0.0000  CMAP       =       175.3135
 1-4 NB =       826.0799  1-4 EEL =     11334.4476  VDWAALS    =     11807.5321
 EELEC  =   -133210.4392  EHBOND  =         0.0000  RESTRAINT  =         0.0000
 ------------------------------------------------------------------------------

wrapping first mol.:       23.46828       33.18916       57.48530
wrapping first mol.:       23.46828       33.18916       57.48530
wrapping first mol.:       23.46828       33.18916       57.48530
wrapping first mol.:       23.46828       33.18916       57.48530
wrapping first mol.:       23.46828       33.18916       57.48530
wrapping first mol.:       23.46828       33.18916       57.48530
wrapping first mol.:       23.46828       33.18916       57.48530
wrapping first mol.:       23.46828       33.18916       57.48530
wrapping first mol.:       23.46828       33.18916       57.48530
wrapping first mol.:       23.46828       33.18916       57.48530
wrapping first mol.:       23.46828       33.18916       57.48530

 NSTEP =   400000   TIME(PS) =     800.000  TEMP(K) =   299.34  PRESS =     0.0
 Etot   =    -88515.1143  EKtot   =     16743.8535  EPtot      =   -105258.9678
 BOND   =       650.6269  ANGLE   =      1796.4911  DIHED      =      1312.4242
 UB     =         0.0000  IMP     =         0.0000  CMAP       =       173.3760
 1-4 NB =       835.5562  1-4 EEL =     11384.2520  VDWAALS    =     11816.5495
 EELEC  =   -133228.2437  EHBOND  =         0.0000  RESTRAINT  =         0.0000
 ------------------------------------------------------------------------------

wrapping first mol.:       23.46828       33.18916       57.48530
wrapping first mol.:       23.46828       33.18916       57.48530
wrapping first mol.:       23.46828       33.18916       57.48530
wrapping first mol.:       23.46828       33.18916       57.48530
wrapping first mol.:       23.46828       33.18916       57.48530
wrapping first mol.:       23.46828       33.18916       57.48530
wrapping first mol.:       23.46828       33.18916       57.48530
wrapping first mol.:       23.46828       33.18916       57.48530
wrapping first mol.:       23.46828       33.18916       57.48530
wrapping first mol.:       23.46828       33.18916       57.48530
wrapping first mol.:       23.46828       33.18916       57.48530

 NSTEP =   450000   TIME(PS) =     900.000  TEMP(K) =   299.30  PRESS =     0.0
 Etot   =    -88880.2649  EKtot   =     16741.5586  EPtot      =   -105621.8235
 BOND   =       677.8266  ANGLE   =      1777.4453  DIHED      =      1313.5049
 UB     =         0.0000  IMP     =         0.0000  CMAP       =       192.4523
 1-4 NB =       823.4874  1-4 EEL =     11378.6757  VDWAALS    =     12077.5565
 EELEC  =   -133862.7724  EHBOND  =         0.0000  RESTRAINT  =         0.0000
 ------------------------------------------------------------------------------

wrapping first mol.:       23.46828       33.18916       57.48530
wrapping first mol.:       23.46828       33.18916       57.48530
wrapping first mol.:       23.46828       33.18916       57.48530
wrapping first mol.:       23.46828       33.18916       57.48530
wrapping first mol.:       23.46828       33.18916       57.48530
wrapping first mol.:       23.46828       33.18916       57.48530
wrapping first mol.:       23.46828       33.18916       57.48530
wrapping first mol.:       23.46828       33.18916       57.48530
wrapping first mol.:       23.46828       33.18916       57.48530
wrapping first mol.:       23.46828       33.18916       57.48530
wrapping first mol.:       23.46828       33.18916       57.48530

 NSTEP =   500000   TIME(PS) =    1000.000  TEMP(K) =   301.52  PRESS =     0.0
 Etot   =    -88448.2867  EKtot   =     16865.6406  EPtot      =   -105313.9273
 BOND   =       683.5604  ANGLE   =      1818.1941  DIHED      =      1297.9987
 UB     =         0.0000  IMP     =         0.0000  CMAP       =       181.5507
 1-4 NB =       791.1409  1-4 EEL =     11341.3732  VDWAALS    =     11696.7847
 EELEC  =   -133124.5300  EHBOND  =         0.0000  RESTRAINT  =         0.0000
 ------------------------------------------------------------------------------

wrapping first mol.:       23.46828       33.18916       57.48530
wrapping first mol.:       23.46828       33.18916       57.48530
wrapping first mol.:       23.46828       33.18916       57.48530
wrapping first mol.:       23.46828       33.18916       57.48530
wrapping first mol.:       23.46828       33.18916       57.48530
wrapping first mol.:       23.46828       33.18916       57.48530
wrapping first mol.:       23.46828       33.18916       57.48530
wrapping first mol.:       23.46828       33.18916       57.48530
wrapping first mol.:       23.46828       33.18916       57.48530
wrapping first mol.:       23.46828       33.18916       57.48530
wrapping first mol.:       23.46828       33.18916       57.48530

 NSTEP =   550000   TIME(PS) =    1100.000  TEMP(K) =   300.04  PRESS =     0.0
 Etot   =    -88467.0655  EKtot   =     16782.7461  EPtot      =   -105249.8116
 BOND   =       680.4656  ANGLE   =      1835.2711  DIHED      =      1322.4804
 UB     =         0.0000  IMP     =         0.0000  CMAP       =       185.0196
 1-4 NB =       811.7505  1-4 EEL =     11357.5976  VDWAALS    =     11596.2027
 EELEC  =   -133038.5992  EHBOND  =         0.0000  RESTRAINT  =         0.0000
 ------------------------------------------------------------------------------

wrapping first mol.:       23.46828       33.18916       57.48530
wrapping first mol.:       23.46828       33.18916       57.48530
wrapping first mol.:       23.46828       33.18916       57.48530
wrapping first mol.:       23.46828       33.18916       57.48530
wrapping first mol.:       23.46828       33.18916       57.48530
wrapping first mol.:       23.46828       33.18916       57.48530
wrapping first mol.:       23.46828       33.18916       57.48530
wrapping first mol.:       23.46828       33.18916       57.48530
wrapping first mol.:       23.46828       33.18916       57.48530
wrapping first mol.:       23.46828       33.18916       57.48530
wrapping first mol.:       23.46828       33.18916       57.48530

 NSTEP =   600000   TIME(PS) =    1200.000  TEMP(K) =   297.39  PRESS =     0.0
 Etot   =    -88649.7651  EKtot   =     16634.4414  EPtot      =   -105284.2065
 BOND   =       663.2104  ANGLE   =      1911.5733  DIHED      =      1326.1606
 UB     =         0.0000  IMP     =         0.0000  CMAP       =       172.7919
 1-4 NB =       807.2996  1-4 EEL =     11373.9883  VDWAALS    =     12007.1405
 EELEC  =   -133546.3711  EHBOND  =         0.0000  RESTRAINT  =         0.0000
 ------------------------------------------------------------------------------

wrapping first mol.:       23.46828       33.18916       57.48530
wrapping first mol.:       23.46828       33.18916       57.48530
wrapping first mol.:       23.46828       33.18916       57.48530
wrapping first mol.:       23.46828       33.18916       57.48530
wrapping first mol.:       23.46828       33.18916       57.48530
wrapping first mol.:       23.46828       33.18916       57.48530
wrapping first mol.:       23.46828       33.18916       57.48530
wrapping first mol.:       23.46828       33.18916       57.48530
wrapping first mol.:       23.46828       33.18916       57.48530
wrapping first mol.:       23.46828       33.18916       57.48530
wrapping first mol.:       23.46828       33.18916       57.48530

 NSTEP =   650000   TIME(PS) =    1300.000  TEMP(K) =   299.16  PRESS =     0.0
 Etot   =    -88512.3887  EKtot   =     16733.9258  EPtot      =   -105246.3145
 BOND   =       650.5843  ANGLE   =      1823.4200  DIHED      =      1320.9075
 UB     =         0.0000  IMP     =         0.0000  CMAP       =       160.0172
 1-4 NB =       830.7042  1-4 EEL =     11338.2985  VDWAALS    =     12004.1737
 EELEC  =   -133374.4199  EHBOND  =         0.0000  RESTRAINT  =         0.0000
 ------------------------------------------------------------------------------

wrapping first mol.:       23.46828       33.18916       57.48530
wrapping first mol.:       23.46828       33.18916       57.48530
wrapping first mol.:       23.46828       33.18916       57.48530
wrapping first mol.:       23.46828       33.18916       57.48530
wrapping first mol.:       23.46828       33.18916       57.48530
wrapping first mol.:       23.46828       33.18916       57.48530
wrapping first mol.:       23.46828       33.18916       57.48530
wrapping first mol.:       23.46828       33.18916       57.48530
wrapping first mol.:       23.46828       33.18916       57.48530
wrapping first mol.:       23.46828       33.18916       57.48530
wrapping first mol.:       23.46828       33.18916       57.48530

 NSTEP =   700000   TIME(PS) =    1400.000  TEMP(K) =   299.67  PRESS =     0.0
 Etot   =    -88500.9335  EKtot   =     16762.0117  EPtot      =   -105262.9453
 BOND   =       687.0854  ANGLE   =      1781.9771  DIHED      =      1338.5576
 UB     =         0.0000  IMP     =         0.0000  CMAP       =       172.5147
 1-4 NB =       832.2061  1-4 EEL =     11327.0643  VDWAALS    =     11603.4620
 EELEC  =   -133005.8124  EHBOND  =         0.0000  RESTRAINT  =         0.0000
 ------------------------------------------------------------------------------

wrapping first mol.:       23.46828       33.18916       57.48530
wrapping first mol.:       23.46828       33.18916       57.48530
wrapping first mol.:       23.46828       33.18916       57.48530
wrapping first mol.:       23.46828       33.18916       57.48530
wrapping first mol.:       23.46828       33.18916       57.48530
wrapping first mol.:       23.46828       33.18916       57.48530
wrapping first mol.:       23.46828       33.18916       57.48530
wrapping first mol.:       23.46828       33.18916       57.48530
wrapping first mol.:       23.46828       33.18916       57.48530
wrapping first mol.:       23.46828       33.18916       57.48530
wrapping first mol.:       23.46828       33.18916       57.48530

 NSTEP =   750000   TIME(PS) =    1500.000  TEMP(K) =   295.93  PRESS =     0.0
 Etot   =    -88675.3268  EKtot   =     16553.2051  EPtot      =   -105228.5319
 BOND   =       674.0324  ANGLE   =      1859.7013  DIHED      =      1286.2548
 UB     =         0.0000  IMP     =         0.0000  CMAP       =       173.8520
 1-4 NB =       822.7027  1-4 EEL =     11391.6149  VDWAALS    =     11742.9866
 EELEC  =   -133179.6765  EHBOND  =         0.0000  RESTRAINT  =         0.0000
 ------------------------------------------------------------------------------

wrapping first mol.:       23.46828       33.18916       57.48530
wrapping first mol.:       23.46828       33.18916       57.48530
wrapping first mol.:       23.46828       33.18916       57.48530
wrapping first mol.:       23.46828       33.18916       57.48530
wrapping first mol.:       23.46828       33.18916       57.48530
wrapping first mol.:       23.46828       33.18916       57.48530
wrapping first mol.:       23.46828       33.18916       57.48530
wrapping first mol.:       23.46828       33.18916       57.48530
wrapping first mol.:       23.46828       33.18916       57.48530
wrapping first mol.:       23.46828       33.18916       57.48530
wrapping first mol.:       23.46828       33.18916       57.48530

 NSTEP =   800000   TIME(PS) =    1600.000  TEMP(K) =   299.17  PRESS =     0.0
 Etot   =    -88469.7543  EKtot   =     16733.9355  EPtot      =   -105203.6899
 BOND   =       690.6365  ANGLE   =      1857.9945  DIHED      =      1340.6649
 UB     =         0.0000  IMP     =         0.0000  CMAP       =       174.5008
 1-4 NB =       822.1289  1-4 EEL =     11344.4295  VDWAALS    =     11639.9186
 EELEC  =   -133073.9636  EHBOND  =         0.0000  RESTRAINT  =         0.0000
 ------------------------------------------------------------------------------

wrapping first mol.:       23.46828       33.18916       57.48530
wrapping first mol.:       23.46828       33.18916       57.48530
wrapping first mol.:       23.46828       33.18916       57.48530
wrapping first mol.:       23.46828       33.18916       57.48530
wrapping first mol.:       23.46828       33.18916       57.48530
wrapping first mol.:       23.46828       33.18916       57.48530
wrapping first mol.:       23.46828       33.18916       57.48530
wrapping first mol.:       23.46828       33.18916       57.48530
wrapping first mol.:       23.46828       33.18916       57.48530
wrapping first mol.:       23.46828       33.18916       57.48530
wrapping first mol.:       23.46828       33.18916       57.48530

 NSTEP =   850000   TIME(PS) =    1700.000  TEMP(K) =   303.68  PRESS =     0.0
 Etot   =    -88185.6699  EKtot   =     16986.4512  EPtot      =   -105172.1211
 BOND   =       650.3931  ANGLE   =      1856.3765  DIHED      =      1314.4093
 UB     =         0.0000  IMP     =         0.0000  CMAP       =       165.1533
 1-4 NB =       834.8715  1-4 EEL =     11361.7284  VDWAALS    =     11518.1421
 EELEC  =   -132873.1953  EHBOND  =         0.0000  RESTRAINT  =         0.0000
 ------------------------------------------------------------------------------

wrapping first mol.:       23.46828       33.18916       57.48530
wrapping first mol.:       23.46828       33.18916       57.48530
wrapping first mol.:       23.46828       33.18916       57.48530
wrapping first mol.:       23.46828       33.18916       57.48530
wrapping first mol.:       23.46828       33.18916       57.48530
wrapping first mol.:       23.46828       33.18916       57.48530
wrapping first mol.:       23.46828       33.18916       57.48530
wrapping first mol.:       23.46828       33.18916       57.48530
wrapping first mol.:       23.46828       33.18916       57.48530
wrapping first mol.:       23.46828       33.18916       57.48530
wrapping first mol.:       23.46828       33.18916       57.48530

 NSTEP =   900000   TIME(PS) =    1800.000  TEMP(K) =   296.51  PRESS =     0.0
 Etot   =    -88816.4152  EKtot   =     16585.5195  EPtot      =   -105401.9347
 BOND   =       732.4127  ANGLE   =      1848.7230  DIHED      =      1309.0833
 UB     =         0.0000  IMP     =         0.0000  CMAP       =       172.8980
 1-4 NB =       811.2052  1-4 EEL =     11343.2611  VDWAALS    =     11896.2347
 EELEC  =   -133515.7527  EHBOND  =         0.0000  RESTRAINT  =         0.0000
 ------------------------------------------------------------------------------

wrapping first mol.:       23.46828       33.18916       57.48530
wrapping first mol.:       23.46828       33.18916       57.48530
wrapping first mol.:       23.46828       33.18916       57.48530
wrapping first mol.:       23.46828       33.18916       57.48530
wrapping first mol.:       23.46828       33.18916       57.48530
wrapping first mol.:       23.46828       33.18916       57.48530
wrapping first mol.:       23.46828       33.18916       57.48530
wrapping first mol.:       23.46828       33.18916       57.48530
wrapping first mol.:       23.46828       33.18916       57.48530
wrapping first mol.:       23.46828       33.18916       57.48530
wrapping first mol.:       23.46828       33.18916       57.48530

 NSTEP =   950000   TIME(PS) =    1900.000  TEMP(K) =   301.48  PRESS =     0.0
 Etot   =    -88439.2176  EKtot   =     16863.3125  EPtot      =   -105302.5301
 BOND   =       673.5183  ANGLE   =      1808.4720  DIHED      =      1327.4553
 UB     =         0.0000  IMP     =         0.0000  CMAP       =       165.5289
 1-4 NB =       833.4267  1-4 EEL =     11409.5765  VDWAALS    =     11626.0013
 EELEC  =   -133146.5092  EHBOND  =         0.0000  RESTRAINT  =         0.0000
 ------------------------------------------------------------------------------

wrapping first mol.:       23.46828       33.18916       57.48530
wrapping first mol.:       23.46828       33.18916       57.48530
wrapping first mol.:       23.46828       33.18916       57.48530
wrapping first mol.:       23.46828       33.18916       57.48530
wrapping first mol.:       23.46828       33.18916       57.48530
wrapping first mol.:       23.46828       33.18916       57.48530
wrapping first mol.:       23.46828       33.18916       57.48530
wrapping first mol.:       23.46828       33.18916       57.48530
wrapping first mol.:       23.46828       33.18916       57.48530
wrapping first mol.:       23.46828       33.18916       57.48530
wrapping first mol.:       23.46828       33.18916       57.48530

 NSTEP =  1000000   TIME(PS) =    2000.000  TEMP(K) =   299.70  PRESS =     0.0
 Etot   =    -88575.3044  EKtot   =     16763.8789  EPtot      =   -105339.1833
 BOND   =       699.4039  ANGLE   =      1824.3256  DIHED      =      1315.0846
 UB     =         0.0000  IMP     =         0.0000  CMAP       =       177.5874
 1-4 NB =       823.8314  1-4 EEL =     11371.4663  VDWAALS    =     11897.6028
 EELEC  =   -133448.4853  EHBOND  =         0.0000  RESTRAINT  =         0.0000
 ------------------------------------------------------------------------------

wrapping first mol.:       23.46828       33.18916       57.48530
wrapping first mol.:       23.46828       33.18916       57.48530
wrapping first mol.:       23.46828       33.18916       57.48530
wrapping first mol.:       23.46828       33.18916       57.48530
wrapping first mol.:       23.46828       33.18916       57.48530
wrapping first mol.:       23.46828       33.18916       57.48530
wrapping first mol.:       23.46828       33.18916       57.48530
wrapping first mol.:       23.46828       33.18916       57.48530
wrapping first mol.:       23.46828       33.18916       57.48530
wrapping first mol.:       23.46828       33.18916       57.48530
wrapping first mol.:       23.46828       33.18916       57.48530

 NSTEP =  1050000   TIME(PS) =    2100.000  TEMP(K) =   298.01  PRESS =     0.0
 Etot   =    -88365.8649  EKtot   =     16669.2129  EPtot      =   -105035.0778
 BOND   =       694.0897  ANGLE   =      1847.2029  DIHED      =      1321.7023
 UB     =         0.0000  IMP     =         0.0000  CMAP       =       164.3157
 1-4 NB =       810.5888  1-4 EEL =     11366.7783  VDWAALS    =     11501.6266
 EELEC  =   -132741.3822  EHBOND  =         0.0000  RESTRAINT  =         0.0000
 ------------------------------------------------------------------------------

wrapping first mol.:       23.46828       33.18916       57.48530
wrapping first mol.:       23.46828       33.18916       57.48530
wrapping first mol.:       23.46828       33.18916       57.48530
wrapping first mol.:       23.46828       33.18916       57.48530
wrapping first mol.:       23.46828       33.18916       57.48530
wrapping first mol.:       23.46828       33.18916       57.48530
wrapping first mol.:       23.46828       33.18916       57.48530
wrapping first mol.:       23.46828       33.18916       57.48530
wrapping first mol.:       23.46828       33.18916       57.48530
wrapping first mol.:       23.46828       33.18916       57.48530
wrapping first mol.:       23.46828       33.18916       57.48530

 NSTEP =  1100000   TIME(PS) =    2200.000  TEMP(K) =   298.19  PRESS =     0.0
 Etot   =    -88755.4258  EKtot   =     16679.6348  EPtot      =   -105435.0605
 BOND   =       678.7168  ANGLE   =      1866.1512  DIHED      =      1299.0315
 UB     =         0.0000  IMP     =         0.0000  CMAP       =       171.3568
 1-4 NB =       848.2074  1-4 EEL =     11327.3614  VDWAALS    =     11401.3669
 EELEC  =   -133027.2525  EHBOND  =         0.0000  RESTRAINT  =         0.0000
 ------------------------------------------------------------------------------

wrapping first mol.:       23.46828       33.18916       57.48530
wrapping first mol.:       23.46828       33.18916       57.48530
wrapping first mol.:       23.46828       33.18916       57.48530
wrapping first mol.:       23.46828       33.18916       57.48530
wrapping first mol.:       23.46828       33.18916       57.48530
wrapping first mol.:       23.46828       33.18916       57.48530
wrapping first mol.:       23.46828       33.18916       57.48530
wrapping first mol.:       23.46828       33.18916       57.48530
wrapping first mol.:       23.46828       33.18916       57.48530
wrapping first mol.:       23.46828       33.18916       57.48530
wrapping first mol.:       23.46828       33.18916       57.48530

 NSTEP =  1150000   TIME(PS) =    2300.000  TEMP(K) =   302.24  PRESS =     0.0
 Etot   =    -88301.4624  EKtot   =     16906.0781  EPtot      =   -105207.5405
 BOND   =       728.6376  ANGLE   =      1814.3735  DIHED      =      1352.8819
 UB     =         0.0000  IMP     =         0.0000  CMAP       =       174.6956
 1-4 NB =       838.3061  1-4 EEL =     11452.4635  VDWAALS    =     11729.3328
 EELEC  =   -133298.2315  EHBOND  =         0.0000  RESTRAINT  =         0.0000
 ------------------------------------------------------------------------------

wrapping first mol.:       23.46828       33.18916       57.48530
wrapping first mol.:       23.46828       33.18916       57.48530
wrapping first mol.:       23.46828       33.18916       57.48530
wrapping first mol.:       23.46828       33.18916       57.48530
wrapping first mol.:       23.46828       33.18916       57.48530
wrapping first mol.:       23.46828       33.18916       57.48530
wrapping first mol.:       23.46828       33.18916       57.48530
wrapping first mol.:       23.46828       33.18916       57.48530
wrapping first mol.:       23.46828       33.18916       57.48530
wrapping first mol.:       23.46828       33.18916       57.48530
wrapping first mol.:       23.46828       33.18916       57.48530

 NSTEP =  1200000   TIME(PS) =    2400.000  TEMP(K) =   299.21  PRESS =     0.0
 Etot   =    -88601.7215  EKtot   =     16736.4043  EPtot      =   -105338.1258
 BOND   =       678.6327  ANGLE   =      1883.1084  DIHED      =      1328.4611
 UB     =         0.0000  IMP     =         0.0000  CMAP       =       173.0102
 1-4 NB =       804.8144  1-4 EEL =     11344.3238  VDWAALS    =     11687.7691
 EELEC  =   -133238.2456  EHBOND  =         0.0000  RESTRAINT  =         0.0000
 ------------------------------------------------------------------------------

wrapping first mol.:       23.46828       33.18916       57.48530
wrapping first mol.:       23.46828       33.18916       57.48530
wrapping first mol.:       23.46828       33.18916       57.48530
wrapping first mol.:       23.46828       33.18916       57.48530
wrapping first mol.:       23.46828       33.18916       57.48530
wrapping first mol.:       23.46828       33.18916       57.48530
wrapping first mol.:       23.46828       33.18916       57.48530
wrapping first mol.:       23.46828       33.18916       57.48530
wrapping first mol.:       23.46828       33.18916       57.48530
wrapping first mol.:       23.46828       33.18916       57.48530
wrapping first mol.:       23.46828       33.18916       57.48530

 NSTEP =  1250000   TIME(PS) =    2500.000  TEMP(K) =   301.36  PRESS =     0.0
 Etot   =    -88735.4497  EKtot   =     16856.6387  EPtot      =   -105592.0883
 BOND   =       645.2278  ANGLE   =      1828.3359  DIHED      =      1316.1096
 UB     =         0.0000  IMP     =         0.0000  CMAP       =       174.1090
 1-4 NB =       827.7150  1-4 EEL =     11460.4257  VDWAALS    =     11759.8797
 EELEC  =   -133603.8910  EHBOND  =         0.0000  RESTRAINT  =         0.0000
 ------------------------------------------------------------------------------

wrapping first mol.:       23.46828       33.18916       57.48530
wrapping first mol.:       23.46828       33.18916       57.48530
wrapping first mol.:       23.46828       33.18916       57.48530
wrapping first mol.:       23.46828       33.18916       57.48530
wrapping first mol.:       23.46828       33.18916       57.48530
wrapping first mol.:       23.46828       33.18916       57.48530
wrapping first mol.:       23.46828       33.18916       57.48530
wrapping first mol.:       23.46828       33.18916       57.48530
wrapping first mol.:       23.46828       33.18916       57.48530
wrapping first mol.:       23.46828       33.18916       57.48530
wrapping first mol.:       23.46828       33.18916       57.48530

 NSTEP =  1300000   TIME(PS) =    2600.000  TEMP(K) =   301.69  PRESS =     0.0
 Etot   =    -88564.4038  EKtot   =     16875.4395  EPtot      =   -105439.8433
 BOND   =       633.2424  ANGLE   =      1821.4109  DIHED      =      1356.9384
 UB     =         0.0000  IMP     =         0.0000  CMAP       =       171.7590
 1-4 NB =       823.2547  1-4 EEL =     11364.9371  VDWAALS    =     11538.9792
 EELEC  =   -133150.3651  EHBOND  =         0.0000  RESTRAINT  =         0.0000
 ------------------------------------------------------------------------------

wrapping first mol.:       23.46828       33.18916       57.48530
wrapping first mol.:       23.46828       33.18916       57.48530
wrapping first mol.:       23.46828       33.18916       57.48530
wrapping first mol.:       23.46828       33.18916       57.48530
wrapping first mol.:       23.46828       33.18916       57.48530
wrapping first mol.:       23.46828       33.18916       57.48530
wrapping first mol.:       23.46828       33.18916       57.48530
wrapping first mol.:       23.46828       33.18916       57.48530
wrapping first mol.:       23.46828       33.18916       57.48530
wrapping first mol.:       23.46828       33.18916       57.48530
wrapping first mol.:       23.46828       33.18916       57.48530

 NSTEP =  1350000   TIME(PS) =    2700.000  TEMP(K) =   299.29  PRESS =     0.0
 Etot   =    -88546.6966  EKtot   =     16740.8105  EPtot      =   -105287.5071
 BOND   =       646.0396  ANGLE   =      1789.9518  DIHED      =      1374.1366
 UB     =         0.0000  IMP     =         0.0000  CMAP       =       172.1868
 1-4 NB =       823.5573  1-4 EEL =     11373.5789  VDWAALS    =     11864.0634
 EELEC  =   -133331.0215  EHBOND  =         0.0000  RESTRAINT  =         0.0000
 ------------------------------------------------------------------------------

wrapping first mol.:       23.46828       33.18916       57.48530
wrapping first mol.:       23.46828       33.18916       57.48530
wrapping first mol.:       23.46828       33.18916       57.48530
wrapping first mol.:       23.46828       33.18916       57.48530
wrapping first mol.:       23.46828       33.18916       57.48530
wrapping first mol.:       23.46828       33.18916       57.48530
wrapping first mol.:       23.46828       33.18916       57.48530
wrapping first mol.:       23.46828       33.18916       57.48530
wrapping first mol.:       23.46828       33.18916       57.48530
wrapping first mol.:       23.46828       33.18916       57.48530
wrapping first mol.:       23.46828       33.18916       57.48530

 NSTEP =  1400000   TIME(PS) =    2800.000  TEMP(K) =   298.55  PRESS =     0.0
 Etot   =    -88721.8437  EKtot   =     16699.2656  EPtot      =   -105421.1093
 BOND   =       672.4666  ANGLE   =      1786.6244  DIHED      =      1344.0017
 UB     =         0.0000  IMP     =         0.0000  CMAP       =       168.9080
 1-4 NB =       831.9188  1-4 EEL =     11394.7776  VDWAALS    =     11729.2687
 EELEC  =   -133349.0751  EHBOND  =         0.0000  RESTRAINT  =         0.0000
 ------------------------------------------------------------------------------

wrapping first mol.:       23.46828       33.18916       57.48530
wrapping first mol.:       23.46828       33.18916       57.48530
wrapping first mol.:       23.46828       33.18916       57.48530
wrapping first mol.:       23.46828       33.18916       57.48530
wrapping first mol.:       23.46828       33.18916       57.48530
wrapping first mol.:       23.46828       33.18916       57.48530
wrapping first mol.:       23.46828       33.18916       57.48530
wrapping first mol.:       23.46828       33.18916       57.48530
wrapping first mol.:       23.46828       33.18916       57.48530
wrapping first mol.:       23.46828       33.18916       57.48530
wrapping first mol.:       23.46828       33.18916       57.48530

 NSTEP =  1450000   TIME(PS) =    2900.000  TEMP(K) =   298.01  PRESS =     0.0
 Etot   =    -88705.4566  EKtot   =     16669.4316  EPtot      =   -105374.8883
 BOND   =       642.1193  ANGLE   =      1810.7256  DIHED      =      1327.7770
 UB     =         0.0000  IMP     =         0.0000  CMAP       =       174.4810
 1-4 NB =       841.0309  1-4 EEL =     11403.4633  VDWAALS    =     11783.1912
 EELEC  =   -133357.6767  EHBOND  =         0.0000  RESTRAINT  =         0.0000
 ------------------------------------------------------------------------------

wrapping first mol.:       23.46828       33.18916       57.48530
wrapping first mol.:       23.46828       33.18916       57.48530
wrapping first mol.:       23.46828       33.18916       57.48530
wrapping first mol.:       23.46828       33.18916       57.48530
wrapping first mol.:       23.46828       33.18916       57.48530
wrapping first mol.:       23.46828       33.18916       57.48530
wrapping first mol.:       23.46828       33.18916       57.48530
wrapping first mol.:       23.46828       33.18916       57.48530
wrapping first mol.:       23.46828       33.18916       57.48530
wrapping first mol.:       23.46828       33.18916       57.48530
wrapping first mol.:       23.46828       33.18916       57.48530

 NSTEP =  1500000   TIME(PS) =    3000.000  TEMP(K) =   302.08  PRESS =     0.0
 Etot   =    -88268.4552  EKtot   =     16896.8535  EPtot      =   -105165.3087
 BOND   =       709.6312  ANGLE   =      1805.6582  DIHED      =      1320.9207
 UB     =         0.0000  IMP     =         0.0000  CMAP       =       169.3054
 1-4 NB =       815.4819  1-4 EEL =     11384.7823  VDWAALS    =     11408.4229
 EELEC  =   -132779.5114  EHBOND  =         0.0000  RESTRAINT  =         0.0000
 ------------------------------------------------------------------------------

wrapping first mol.:       23.46828       33.18916       57.48530
wrapping first mol.:       23.46828       33.18916       57.48530
wrapping first mol.:       23.46828       33.18916       57.48530
wrapping first mol.:       23.46828       33.18916       57.48530
wrapping first mol.:       23.46828       33.18916       57.48530
wrapping first mol.:       23.46828       33.18916       57.48530
wrapping first mol.:       23.46828       33.18916       57.48530
wrapping first mol.:       23.46828       33.18916       57.48530
wrapping first mol.:       23.46828       33.18916       57.48530
wrapping first mol.:       23.46828       33.18916       57.48530
wrapping first mol.:       23.46828       33.18916       57.48530

 NSTEP =  1550000   TIME(PS) =    3100.000  TEMP(K) =   300.00  PRESS =     0.0
 Etot   =    -88438.7935  EKtot   =     16780.7539  EPtot      =   -105219.5475
 BOND   =       635.5859  ANGLE   =      1833.3986  DIHED      =      1337.9373
 UB     =         0.0000  IMP     =         0.0000  CMAP       =       185.7413
 1-4 NB =       835.3048  1-4 EEL =     11386.0139  VDWAALS    =     11534.9150
 EELEC  =   -132968.4442  EHBOND  =         0.0000  RESTRAINT  =         0.0000
 ------------------------------------------------------------------------------

wrapping first mol.:       23.46828       33.18916       57.48530
wrapping first mol.:       23.46828       33.18916       57.48530
wrapping first mol.:       23.46828       33.18916       57.48530
wrapping first mol.:       23.46828       33.18916       57.48530
wrapping first mol.:       23.46828       33.18916       57.48530
wrapping first mol.:       23.46828       33.18916       57.48530
wrapping first mol.:       23.46828       33.18916       57.48530
wrapping first mol.:       23.46828       33.18916       57.48530
wrapping first mol.:       23.46828       33.18916       57.48530
wrapping first mol.:       23.46828       33.18916       57.48530
wrapping first mol.:       23.46828       33.18916       57.48530

 NSTEP =  1600000   TIME(PS) =    3200.000  TEMP(K) =   301.49  PRESS =     0.0
 Etot   =    -88610.2539  EKtot   =     16863.7617  EPtot      =   -105474.0157
 BOND   =       651.8120  ANGLE   =      1833.5435  DIHED      =      1316.3079
 UB     =         0.0000  IMP     =         0.0000  CMAP       =       187.0280
 1-4 NB =       822.9507  1-4 EEL =     11377.9969  VDWAALS    =     11834.0114
 EELEC  =   -133497.6660  EHBOND  =         0.0000  RESTRAINT  =         0.0000
 ------------------------------------------------------------------------------

wrapping first mol.:       23.46828       33.18916       57.48530
wrapping first mol.:       23.46828       33.18916       57.48530
wrapping first mol.:       23.46828       33.18916       57.48530
wrapping first mol.:       23.46828       33.18916       57.48530
wrapping first mol.:       23.46828       33.18916       57.48530
wrapping first mol.:       23.46828       33.18916       57.48530
wrapping first mol.:       23.46828       33.18916       57.48530
wrapping first mol.:       23.46828       33.18916       57.48530
wrapping first mol.:       23.46828       33.18916       57.48530
wrapping first mol.:       23.46828       33.18916       57.48530
wrapping first mol.:       23.46828       33.18916       57.48530

 NSTEP =  1650000   TIME(PS) =    3300.000  TEMP(K) =   298.84  PRESS =     0.0
 Etot   =    -88847.9502  EKtot   =     16715.6504  EPtot      =   -105563.6006
 BOND   =       674.3550  ANGLE   =      1834.0006  DIHED      =      1321.9482
 UB     =         0.0000  IMP     =         0.0000  CMAP       =       174.5636
 1-4 NB =       819.4834  1-4 EEL =     11396.3455  VDWAALS    =     11955.5722
 EELEC  =   -133739.8691  EHBOND  =         0.0000  RESTRAINT  =         0.0000
 ------------------------------------------------------------------------------

wrapping first mol.:       23.46828       33.18916       57.48530
wrapping first mol.:       23.46828       33.18916       57.48530
wrapping first mol.:       23.46828       33.18916       57.48530
wrapping first mol.:       23.46828       33.18916       57.48530
wrapping first mol.:       23.46828       33.18916       57.48530
wrapping first mol.:       23.46828       33.18916       57.48530
wrapping first mol.:       23.46828       33.18916       57.48530
wrapping first mol.:       23.46828       33.18916       57.48530
wrapping first mol.:       23.46828       33.18916       57.48530
wrapping first mol.:       23.46828       33.18916       57.48530
wrapping first mol.:       23.46828       33.18916       57.48530

 NSTEP =  1700000   TIME(PS) =    3400.000  TEMP(K) =   299.76  PRESS =     0.0
 Etot   =    -88632.2480  EKtot   =     16767.4746  EPtot      =   -105399.7226
 BOND   =       704.7295  ANGLE   =      1866.5371  DIHED      =      1322.3336
 UB     =         0.0000  IMP     =         0.0000  CMAP       =       176.6938
 1-4 NB =       816.7030  1-4 EEL =     11347.6004  VDWAALS    =     11494.1701
 EELEC  =   -133128.4899  EHBOND  =         0.0000  RESTRAINT  =         0.0000
 ------------------------------------------------------------------------------

wrapping first mol.:       23.46828       33.18916       57.48530
wrapping first mol.:       23.46828       33.18916       57.48530
wrapping first mol.:       23.46828       33.18916       57.48530
wrapping first mol.:       23.46828       33.18916       57.48530
wrapping first mol.:       23.46828       33.18916       57.48530
wrapping first mol.:       23.46828       33.18916       57.48530
wrapping first mol.:       23.46828       33.18916       57.48530
wrapping first mol.:       23.46828       33.18916       57.48530
wrapping first mol.:       23.46828       33.18916       57.48530
wrapping first mol.:       23.46828       33.18916       57.48530
wrapping first mol.:       23.46828       33.18916       57.48530

 NSTEP =  1750000   TIME(PS) =    3500.000  TEMP(K) =   299.89  PRESS =     0.0
 Etot   =    -88687.5962  EKtot   =     16774.3906  EPtot      =   -105461.9868
 BOND   =       663.8163  ANGLE   =      1786.7566  DIHED      =      1306.5385
 UB     =         0.0000  IMP     =         0.0000  CMAP       =       188.4640
 1-4 NB =       827.5921  1-4 EEL =     11381.1530  VDWAALS    =     11688.0432
 EELEC  =   -133304.3505  EHBOND  =         0.0000  RESTRAINT  =         0.0000
 ------------------------------------------------------------------------------

wrapping first mol.:       23.46828       33.18916       57.48530
wrapping first mol.:       23.46828       33.18916       57.48530
wrapping first mol.:       23.46828       33.18916       57.48530
wrapping first mol.:       23.46828       33.18916       57.48530
wrapping first mol.:       23.46828       33.18916       57.48530
wrapping first mol.:       23.46828       33.18916       57.48530
wrapping first mol.:       23.46828       33.18916       57.48530
wrapping first mol.:       23.46828       33.18916       57.48530
wrapping first mol.:       23.46828       33.18916       57.48530
wrapping first mol.:       23.46828       33.18916       57.48530
wrapping first mol.:       23.46828       33.18916       57.48530

 NSTEP =  1800000   TIME(PS) =    3600.000  TEMP(K) =   298.86  PRESS =     0.0
 Etot   =    -88497.2259  EKtot   =     16716.7773  EPtot      =   -105214.0033
 BOND   =       689.3818  ANGLE   =      1808.1882  DIHED      =      1338.1608
 UB     =         0.0000  IMP     =         0.0000  CMAP       =       172.3914
 1-4 NB =       835.0115  1-4 EEL =     11417.5078  VDWAALS    =     11880.1465
 EELEC  =   -133354.7913  EHBOND  =         0.0000  RESTRAINT  =         0.0000
 ------------------------------------------------------------------------------

wrapping first mol.:       23.46828       33.18916       57.48530
wrapping first mol.:       23.46828       33.18916       57.48530
wrapping first mol.:       23.46828       33.18916       57.48530
wrapping first mol.:       23.46828       33.18916       57.48530
wrapping first mol.:       23.46828       33.18916       57.48530
wrapping first mol.:       23.46828       33.18916       57.48530
wrapping first mol.:       23.46828       33.18916       57.48530
wrapping first mol.:       23.46828       33.18916       57.48530
wrapping first mol.:       23.46828       33.18916       57.48530
wrapping first mol.:       23.46828       33.18916       57.48530
wrapping first mol.:       23.46828       33.18916       57.48530

 NSTEP =  1850000   TIME(PS) =    3700.000  TEMP(K) =   299.62  PRESS =     0.0
 Etot   =    -88620.7569  EKtot   =     16759.4785  EPtot      =   -105380.2354
 BOND   =       621.4753  ANGLE   =      1819.1951  DIHED      =      1336.3933
 UB     =         0.0000  IMP     =         0.0000  CMAP       =       185.2347
 1-4 NB =       817.6283  1-4 EEL =     11354.3881  VDWAALS    =     11753.3441
 EELEC  =   -133267.8943  EHBOND  =         0.0000  RESTRAINT  =         0.0000
 ------------------------------------------------------------------------------

wrapping first mol.:       23.46828       33.18916       57.48530
wrapping first mol.:       23.46828       33.18916       57.48530
wrapping first mol.:       23.46828       33.18916       57.48530
wrapping first mol.:       23.46828       33.18916       57.48530
wrapping first mol.:       23.46828       33.18916       57.48530
wrapping first mol.:       23.46828       33.18916       57.48530
wrapping first mol.:       23.46828       33.18916       57.48530
wrapping first mol.:       23.46828       33.18916       57.48530
wrapping first mol.:       23.46828       33.18916       57.48530
wrapping first mol.:       23.46828       33.18916       57.48530
wrapping first mol.:       23.46828       33.18916       57.48530

 NSTEP =  1900000   TIME(PS) =    3800.000  TEMP(K) =   299.23  PRESS =     0.0
 Etot   =    -88612.5369  EKtot   =     16737.4941  EPtot      =   -105350.0311
 BOND   =       667.6321  ANGLE   =      1779.7226  DIHED      =      1333.6240
 UB     =         0.0000  IMP     =         0.0000  CMAP       =       179.1744
 1-4 NB =       839.6970  1-4 EEL =     11408.0370  VDWAALS    =     11843.7646
 EELEC  =   -133401.6827  EHBOND  =         0.0000  RESTRAINT  =         0.0000
 ------------------------------------------------------------------------------

wrapping first mol.:       23.46828       33.18916       57.48530
wrapping first mol.:       23.46828       33.18916       57.48530
wrapping first mol.:       23.46828       33.18916       57.48530
wrapping first mol.:       23.46828       33.18916       57.48530
wrapping first mol.:       23.46828       33.18916       57.48530
wrapping first mol.:       23.46828       33.18916       57.48530
wrapping first mol.:       23.46828       33.18916       57.48530
wrapping first mol.:       23.46828       33.18916       57.48530
wrapping first mol.:       23.46828       33.18916       57.48530
wrapping first mol.:       23.46828       33.18916       57.48530
wrapping first mol.:       23.46828       33.18916       57.48530

 NSTEP =  1950000   TIME(PS) =    3900.000  TEMP(K) =   297.93  PRESS =     0.0
 Etot   =    -88509.6434  EKtot   =     16664.6133  EPtot      =   -105174.2566
 BOND   =       657.7689  ANGLE   =      1828.1459  DIHED      =      1326.8066
 UB     =         0.0000  IMP     =         0.0000  CMAP       =       167.2596
 1-4 NB =       838.3446  1-4 EEL =     11425.7547  VDWAALS    =     11812.8759
 EELEC  =   -133231.2128  EHBOND  =         0.0000  RESTRAINT  =         0.0000
 ------------------------------------------------------------------------------

wrapping first mol.:       23.46828       33.18916       57.48530
wrapping first mol.:       23.46828       33.18916       57.48530
wrapping first mol.:       23.46828       33.18916       57.48530
wrapping first mol.:       23.46828       33.18916       57.48530
wrapping first mol.:       23.46828       33.18916       57.48530
wrapping first mol.:       23.46828       33.18916       57.48530
wrapping first mol.:       23.46828       33.18916       57.48530
wrapping first mol.:       23.46828       33.18916       57.48530
wrapping first mol.:       23.46828       33.18916       57.48530
wrapping first mol.:       23.46828       33.18916       57.48530
wrapping first mol.:       23.46828       33.18916       57.48530

 NSTEP =  2000000   TIME(PS) =    4000.000  TEMP(K) =   299.53  PRESS =     0.0
 Etot   =    -88719.1784  EKtot   =     16754.1836  EPtot      =   -105473.3620
 BOND   =       662.7659  ANGLE   =      1816.0613  DIHED      =      1332.7730
 UB     =         0.0000  IMP     =         0.0000  CMAP       =       177.1087
 1-4 NB =       814.6136  1-4 EEL =     11344.2559  VDWAALS    =     11809.7826
 EELEC  =   -133430.7229  EHBOND  =         0.0000  RESTRAINT  =         0.0000
 ------------------------------------------------------------------------------

wrapping first mol.:       23.46828       33.18916       57.48530
wrapping first mol.:       23.46828       33.18916       57.48530
wrapping first mol.:       23.46828       33.18916       57.48530
wrapping first mol.:       23.46828       33.18916       57.48530
wrapping first mol.:       23.46828       33.18916       57.48530
wrapping first mol.:       23.46828       33.18916       57.48530
wrapping first mol.:       23.46828       33.18916       57.48530
wrapping first mol.:       23.46828       33.18916       57.48530
wrapping first mol.:       23.46828       33.18916       57.48530
wrapping first mol.:       23.46828       33.18916       57.48530
wrapping first mol.:       23.46828       33.18916       57.48530

 NSTEP =  2050000   TIME(PS) =    4100.000  TEMP(K) =   300.31  PRESS =     0.0
 Etot   =    -88600.4969  EKtot   =     16798.2051  EPtot      =   -105398.7020
 BOND   =       665.9150  ANGLE   =      1832.0308  DIHED      =      1326.5048
 UB     =         0.0000  IMP     =         0.0000  CMAP       =       190.8309
 1-4 NB =       820.7950  1-4 EEL =     11413.0637  VDWAALS    =     11717.8942
 EELEC  =   -133365.7363  EHBOND  =         0.0000  RESTRAINT  =         0.0000
 ------------------------------------------------------------------------------

wrapping first mol.:       23.46828       33.18916       57.48530
wrapping first mol.:       23.46828       33.18916       57.48530
wrapping first mol.:       23.46828       33.18916       57.48530
wrapping first mol.:       23.46828       33.18916       57.48530
wrapping first mol.:       23.46828       33.18916       57.48530
wrapping first mol.:       23.46828       33.18916       57.48530
wrapping first mol.:       23.46828       33.18916       57.48530
wrapping first mol.:       23.46828       33.18916       57.48530
wrapping first mol.:       23.46828       33.18916       57.48530
wrapping first mol.:       23.46828       33.18916       57.48530
wrapping first mol.:       23.46828       33.18916       57.48530

 NSTEP =  2100000   TIME(PS) =    4200.000  TEMP(K) =   302.16  PRESS =     0.0
 Etot   =    -88412.5599  EKtot   =     16901.4023  EPtot      =   -105313.9622
 BOND   =       681.2842  ANGLE   =      1804.0222  DIHED      =      1334.8718
 UB     =         0.0000  IMP     =         0.0000  CMAP       =       164.7993
 1-4 NB =       827.2139  1-4 EEL =     11401.2475  VDWAALS    =     11512.6827
 EELEC  =   -133040.0837  EHBOND  =         0.0000  RESTRAINT  =         0.0000
 ------------------------------------------------------------------------------

wrapping first mol.:       23.46828       33.18916       57.48530
wrapping first mol.:       23.46828       33.18916       57.48530
wrapping first mol.:       23.46828       33.18916       57.48530
wrapping first mol.:       23.46828       33.18916       57.48530
wrapping first mol.:       23.46828       33.18916       57.48530
wrapping first mol.:       23.46828       33.18916       57.48530
wrapping first mol.:       23.46828       33.18916       57.48530
wrapping first mol.:       23.46828       33.18916       57.48530
wrapping first mol.:       23.46828       33.18916       57.48530
wrapping first mol.:       23.46828       33.18916       57.48530
wrapping first mol.:       23.46828       33.18916       57.48530

 NSTEP =  2150000   TIME(PS) =    4300.000  TEMP(K) =   300.74  PRESS =     0.0
 Etot   =    -88562.6384  EKtot   =     16822.3086  EPtot      =   -105384.9470
 BOND   =       637.7359  ANGLE   =      1833.7014  DIHED      =      1340.5955
 UB     =         0.0000  IMP     =         0.0000  CMAP       =       166.9619
 1-4 NB =       842.1073  1-4 EEL =     11319.0787  VDWAALS    =     11932.6235
 EELEC  =   -133457.7511  EHBOND  =         0.0000  RESTRAINT  =         0.0000
 ------------------------------------------------------------------------------

wrapping first mol.:       23.46828       33.18916       57.48530
wrapping first mol.:       23.46828       33.18916       57.48530
wrapping first mol.:       23.46828       33.18916       57.48530
wrapping first mol.:       23.46828       33.18916       57.48530
wrapping first mol.:       23.46828       33.18916       57.48530
wrapping first mol.:       23.46828       33.18916       57.48530
wrapping first mol.:       23.46828       33.18916       57.48530
wrapping first mol.:       23.46828       33.18916       57.48530
wrapping first mol.:       23.46828       33.18916       57.48530
wrapping first mol.:       23.46828       33.18916       57.48530
wrapping first mol.:       23.46828       33.18916       57.48530

 NSTEP =  2200000   TIME(PS) =    4400.000  TEMP(K) =   302.26  PRESS =     0.0
 Etot   =    -88523.8225  EKtot   =     16907.1855  EPtot      =   -105431.0080
 BOND   =       715.2507  ANGLE   =      1832.8583  DIHED      =      1300.5295
 UB     =         0.0000  IMP     =         0.0000  CMAP       =       176.1864
 1-4 NB =       808.9775  1-4 EEL =     11426.0330  VDWAALS    =     11593.0561
 EELEC  =   -133283.8994  EHBOND  =         0.0000  RESTRAINT  =         0.0000
 ------------------------------------------------------------------------------

wrapping first mol.:       23.46828       33.18916       57.48530
wrapping first mol.:       23.46828       33.18916       57.48530
wrapping first mol.:       23.46828       33.18916       57.48530
wrapping first mol.:       23.46828       33.18916       57.48530
wrapping first mol.:       23.46828       33.18916       57.48530
wrapping first mol.:       23.46828       33.18916       57.48530
wrapping first mol.:       23.46828       33.18916       57.48530
wrapping first mol.:       23.46828       33.18916       57.48530
wrapping first mol.:       23.46828       33.18916       57.48530
wrapping first mol.:       23.46828       33.18916       57.48530
wrapping first mol.:       23.46828       33.18916       57.48530

 NSTEP =  2250000   TIME(PS) =    4500.000  TEMP(K) =   298.37  PRESS =     0.0
 Etot   =    -88636.3206  EKtot   =     16689.6738  EPtot      =   -105325.9944
 BOND   =       673.3985  ANGLE   =      1807.5632  DIHED      =      1337.0178
 UB     =         0.0000  IMP     =         0.0000  CMAP       =       168.6277
 1-4 NB =       836.8095  1-4 EEL =     11411.5142  VDWAALS    =     11909.1375
 EELEC  =   -133470.0627  EHBOND  =         0.0000  RESTRAINT  =         0.0000
 ------------------------------------------------------------------------------

wrapping first mol.:       23.46828       33.18916       57.48530
wrapping first mol.:       23.46828       33.18916       57.48530
wrapping first mol.:       23.46828       33.18916       57.48530
wrapping first mol.:       23.46828       33.18916       57.48530
wrapping first mol.:       23.46828       33.18916       57.48530
wrapping first mol.:       23.46828       33.18916       57.48530
wrapping first mol.:       23.46828       33.18916       57.48530
wrapping first mol.:       23.46828       33.18916       57.48530
wrapping first mol.:       23.46828       33.18916       57.48530
wrapping first mol.:       23.46828       33.18916       57.48530
wrapping first mol.:       23.46828       33.18916       57.48530

 NSTEP =  2300000   TIME(PS) =    4600.000  TEMP(K) =   300.28  PRESS =     0.0
 Etot   =    -88635.1316  EKtot   =     16796.3750  EPtot      =   -105431.5066
 BOND   =       688.8556  ANGLE   =      1835.3768  DIHED      =      1353.6504
 UB     =         0.0000  IMP     =         0.0000  CMAP       =       165.2066
 1-4 NB =       828.7669  1-4 EEL =     11384.8003  VDWAALS    =     11450.0573
 EELEC  =   -133138.2205  EHBOND  =         0.0000  RESTRAINT  =         0.0000
 ------------------------------------------------------------------------------

wrapping first mol.:       23.46828       33.18916       57.48530
wrapping first mol.:       23.46828       33.18916       57.48530
wrapping first mol.:       23.46828       33.18916       57.48530
wrapping first mol.:       23.46828       33.18916       57.48530
wrapping first mol.:       23.46828       33.18916       57.48530
wrapping first mol.:       23.46828       33.18916       57.48530
wrapping first mol.:       23.46828       33.18916       57.48530
wrapping first mol.:       23.46828       33.18916       57.48530
wrapping first mol.:       23.46828       33.18916       57.48530
wrapping first mol.:       23.46828       33.18916       57.48530
wrapping first mol.:       23.46828       33.18916       57.48530

 NSTEP =  2350000   TIME(PS) =    4700.000  TEMP(K) =   301.98  PRESS =     0.0
 Etot   =    -88549.7182  EKtot   =     16891.4570  EPtot      =   -105441.1752
 BOND   =       664.4117  ANGLE   =      1811.5954  DIHED      =      1323.1688
 UB     =         0.0000  IMP     =         0.0000  CMAP       =       173.0688
 1-4 NB =       839.7443  1-4 EEL =     11398.3103  VDWAALS    =     11755.3393
 EELEC  =   -133406.8139  EHBOND  =         0.0000  RESTRAINT  =         0.0000
 ------------------------------------------------------------------------------

wrapping first mol.:       23.46828       33.18916       57.48530
wrapping first mol.:       23.46828       33.18916       57.48530
wrapping first mol.:       23.46828       33.18916       57.48530
wrapping first mol.:       23.46828       33.18916       57.48530
wrapping first mol.:       23.46828       33.18916       57.48530
wrapping first mol.:       23.46828       33.18916       57.48530
wrapping first mol.:       23.46828       33.18916       57.48530
wrapping first mol.:       23.46828       33.18916       57.48530
wrapping first mol.:       23.46828       33.18916       57.48530
wrapping first mol.:       23.46828       33.18916       57.48530
wrapping first mol.:       23.46828       33.18916       57.48530

 NSTEP =  2400000   TIME(PS) =    4800.000  TEMP(K) =   298.74  PRESS =     0.0
 Etot   =    -88640.4897  EKtot   =     16709.9805  EPtot      =   -105350.4701
 BOND   =       660.8349  ANGLE   =      1818.0553  DIHED      =      1321.1895
 UB     =         0.0000  IMP     =         0.0000  CMAP       =       177.2116
 1-4 NB =       822.8141  1-4 EEL =     11380.7494  VDWAALS    =     11624.7890
 EELEC  =   -133156.1140  EHBOND  =         0.0000  RESTRAINT  =         0.0000
 ------------------------------------------------------------------------------

wrapping first mol.:       23.46828       33.18916       57.48530
wrapping first mol.:       23.46828       33.18916       57.48530
wrapping first mol.:       23.46828       33.18916       57.48530
wrapping first mol.:       23.46828       33.18916       57.48530
wrapping first mol.:       23.46828       33.18916       57.48530
wrapping first mol.:       23.46828       33.18916       57.48530
wrapping first mol.:       23.46828       33.18916       57.48530
wrapping first mol.:       23.46828       33.18916       57.48530
wrapping first mol.:       23.46828       33.18916       57.48530
wrapping first mol.:       23.46828       33.18916       57.48530
wrapping first mol.:       23.46828       33.18916       57.48530

 NSTEP =  2450000   TIME(PS) =    4900.000  TEMP(K) =   301.69  PRESS =     0.0
 Etot   =    -88183.2930  EKtot   =     16875.3926  EPtot      =   -105058.6856
 BOND   =       652.1380  ANGLE   =      1853.0482  DIHED      =      1339.3804
 UB     =         0.0000  IMP     =         0.0000  CMAP       =       185.6675
 1-4 NB =       816.3534  1-4 EEL =     11390.9374  VDWAALS    =     11589.3606
 EELEC  =   -132885.5711  EHBOND  =         0.0000  RESTRAINT  =         0.0000
 ------------------------------------------------------------------------------

wrapping first mol.:       23.46828       33.18916       57.48530
wrapping first mol.:       23.46828       33.18916       57.48530
wrapping first mol.:       23.46828       33.18916       57.48530
wrapping first mol.:       23.46828       33.18916       57.48530
wrapping first mol.:       23.46828       33.18916       57.48530
wrapping first mol.:       23.46828       33.18916       57.48530
wrapping first mol.:       23.46828       33.18916       57.48530
wrapping first mol.:       23.46828       33.18916       57.48530
wrapping first mol.:       23.46828       33.18916       57.48530
wrapping first mol.:       23.46828       33.18916       57.48530
wrapping first mol.:       23.46828       33.18916       57.48530

 NSTEP =  2500000   TIME(PS) =    5000.000  TEMP(K) =   299.89  PRESS =     0.0
 Etot   =    -88571.6617  EKtot   =     16774.5176  EPtot      =   -105346.1793
 BOND   =       654.2821  ANGLE   =      1871.3625  DIHED      =      1334.5967
 UB     =         0.0000  IMP     =         0.0000  CMAP       =       171.8582
 1-4 NB =       837.8367  1-4 EEL =     11353.4368  VDWAALS    =     11888.3552
 EELEC  =   -133457.9075  EHBOND  =         0.0000  RESTRAINT  =         0.0000
 ------------------------------------------------------------------------------


      A V E R A G E S   O V E R      50 S T E P S


 NSTEP =  2500000   TIME(PS) =    5000.000  TEMP(K) =   299.80  PRESS =     0.0
 Etot   =    -88563.4439  EKtot   =     16769.6325  EPtot      =   -105333.0763
 BOND   =       671.5222  ANGLE   =      1826.9353  DIHED      =      1326.7628
 UB     =         0.0000  IMP     =         0.0000  CMAP       =       174.7986
 1-4 NB =       825.9423  1-4 EEL =     11373.1643  VDWAALS    =     11726.9975
 EELEC  =   -133259.1993  EHBOND  =         0.0000  RESTRAINT  =         0.0000
 ------------------------------------------------------------------------------


      R M S  F L U C T U A T I O N S


 NSTEP =  2500000   TIME(PS) =    5000.000  TEMP(K) =     1.59  PRESS =     0.0
 Etot   =       162.4627  EKtot   =        89.1447  EPtot      =       132.1673
 BOND   =        24.8352  ANGLE   =        29.1248  DIHED      =        16.0620
 UB     =         0.0000  IMP     =         0.0000  CMAP       =         7.4828
 1-4 NB =        11.5274  1-4 EEL =        36.8837  VDWAALS    =       162.8644
 EELEC  =       234.8886  EHBOND  =         0.0000  RESTRAINT  =         0.0000
 ------------------------------------------------------------------------------

--------------------------------------------------------------------------------
   5.  TIMINGS
--------------------------------------------------------------------------------

|  NonSetup CPU Time in Major Routines:
|
|     Routine           Sec        %
|     ------------------------------
|     Nonbond         526.83    8.03
|     Bond              0.00    0.00
|     Angle             0.00    0.00
|     Dihedral          0.00    0.00
|     Shake            21.02    0.32
|     RunMD          6009.25   91.59
|     Other             3.60    0.05
|     ------------------------------
|     Total          6560.71

|  PME Nonbond Pairlist CPU Time:
|
|     Routine              Sec        %
|     ---------------------------------
|     Set Up Cit           0.00    0.00
|     Build List           0.00    0.00
|     ---------------------------------
|     Total                0.00    0.00

|  PME Direct Force CPU Time:
|
|     Routine              Sec        %
|     ---------------------------------
|     NonBonded Calc       0.00    0.00
|     Exclude Masked       0.00    0.00
|     Other                1.92    0.03
|     ---------------------------------
|     Total                1.92    0.03

|  PME Reciprocal Force CPU Time:
|
|     Routine              Sec        %
|     ---------------------------------
|     1D bspline           0.00    0.00
|     Grid Charges         0.00    0.00
|     Scalar Sum           0.00    0.00
|     Gradient Sum         0.00    0.00
|     FFT                  0.00    0.00
|     ---------------------------------
|     Total                0.00    0.00

|  Final Performance Info:
|     -----------------------------------------------------
|     Average timings for last       1 steps:
|     Elapsed(s) =       0.00 Per Step(ms) =       0.16
|         ns/day =    1065.95   seconds/ns =      81.05
|
|     Average timings for all steps:
|     Elapsed(s) =    6573.24 Per Step(ms) =       2.63
|         ns/day =      65.72   seconds/ns =    1314.65
|     -----------------------------------------------------

|  Setup CPU time:            0.68 seconds
|  NonSetup CPU time:      6560.71 seconds
|  Total CPU time:         6561.39 seconds     1.82 hours

|  Setup wall time:           0    seconds
|  NonSetup wall time:     6573    seconds
|  Total wall time:        6573    seconds     1.83 hours
