
          -------------------------------------------------------
          Amber 18 PMEMD                              2018
          -------------------------------------------------------

| PMEMD implementation of SANDER, Release 18

| Run on 08/15/2020 at 11:46:43

|   Executable path: pmemd.cuda
| Working directory: /home/almacen/pbarletta/dynein/run/lb3f/2_pdt
|          Hostname: Unknown
  [-O]verwriting output

File Assignments:
|   MDIN: pre_pdt.in                                                            
|  MDOUT: 0pdt.out                                                              
| INPCRD: 2_lb3f.rst7                                                           
|   PARM: /home/almacen/pbarletta/dynein/top_files/lb3f.prmtop                  
| RESTRT: 0p2_lb3f.rst7                                                         
|   REFC: refc                                                                  
|  MDVEL: mdvel                                                                 
|   MDEN: mden                                                                  
|  MDCRD: 0p2_lb3f.nc                                                           
| MDINFO: mdinfo                                                                
|  MDFRC: mdfrc                                                                 


 Here is the input file:

Production run                                                                 
&cntrl                                                                         
imin = 0,                           ! No Minimization                          
nmropt = 0,                         ! No NMR restraints read                   
                                                                               
! Nature and format of the input                                               
ntx = 5,                            ! Coordinates and velocities will be read  
irest = 1,                          ! Do not run a new simulation              
                                                                               
! Nature and format of the output                                              
ntxo = 1,                           ! rstrt file in ASCII format               
ntpr = 50000,                       ! inf in output every ntpr steps           
ntwr = 50000,                       ! rstrt file every ntwr steps              
ntwx = 5000,                        ! mdcrd file every ntwx steps              
ntwv = 0,                           ! mdvel without velocities                 
ntwe = 0,                           ! Energies and temperatures not written in 
idecomp = 0,                        ! No energy decomposition                  
iwrap = 1,                          ! Coordinates of the restart and mdcrd file
                                                                               
! Frozen or restrained atoms                                                   
ibelly = 0,                         ! No frozen atoms                          
ntr=0,                              ! Harmonic potential restraints            
                                                                               
! Molecular dynamics                                                           
nstlim = 2500000,                   ! Number of MD-steps                       
dt = 0.002,                         ! Time step                                
                                                                               
! Temperature regulation                                                       
ntt = 3,                            ! Langevin thermostat                      
gamma_ln = 2,                       ! Gamma constant for Langevin              
temp0 = 300.0,                      ! Reference T at which the system is to be 
tempi = 300.0,                      ! Initial T                                
ig = -1,                            ! Seed for the RNG                         
                                                                               
! P and V regulation                                                           
!barostat = 1,                      ! Berendsen barostat                       
!taup = 1,                          ! Pressure relaxation time                 
ntp = 0,                            ! constant V                               
ntb = 1,                            ! Periodic box for constant V              
                                                                               
! SHAKE variables                                                              
ntc = 2,                            ! Bonds involving H are constrained        
ntf = 2,                            ! Bond interaction involving H are ommited.
                                                                               
cut = 9.0,                          ! Nonbonded cutoff                         
/                                                                              
&end                                                                           


Note: ig = -1. Setting random seed to   761238 based on wallclock time in 
      microseconds.
| irandom = 1, using AMBER's internal random number generator (default).
 
|--------------------- INFORMATION ----------------------
| GPU (CUDA) Version of PMEMD in use: NVIDIA GPU IN USE.
|                    Version 18.0.0
| 
|                      03/25/2018
| 
| Implementation by:
|                    Ross C. Walker     (SDSC)
|                    Scott Le Grand     (nVIDIA)
| 
| Version 18 performance extensions by:
|                    David Cerutti     (Rutgers)
| 
| Precision model in use:
|      [SPFP] - Single Precision Forces, 64-bit Fixed Point
|               Accumulation. (Default)
| 
|--------------------------------------------------------
 
|----------------- CITATION INFORMATION -----------------
|
|    When publishing work that utilized the CUDA version
|    of AMBER, please cite the following in addition to
|    the regular AMBER citations:
|
|  - Romelia Salomon-Ferrer; Andreas W. Goetz; Duncan
|    Poole; Scott Le Grand; Ross C. Walker "Routine
|    microsecond molecular dynamics simulations with
|    AMBER - Part II: Particle Mesh Ewald", J. Chem.
|    Theory Comput., 2013, 9 (9), pp3878-3888,
|    DOI: 10.1021/ct400314y.
|
|  - Andreas W. Goetz; Mark J. Williamson; Dong Xu;
|    Duncan Poole; Scott Le Grand; Ross C. Walker
|    "Routine microsecond molecular dynamics simulations
|    with AMBER - Part I: Generalized Born", J. Chem.
|    Theory Comput., 2012, 8 (5), pp1542-1555.
|
|  - Scott Le Grand; Andreas W. Goetz; Ross C. Walker
|    "SPFP: Speed without compromise - a mixed precision
|    model for GPU accelerated molecular dynamics
|    simulations.", Comp. Phys. Comm., 2013, 184
|    pp374-380, DOI: 10.1016/j.cpc.2012.09.022
|
|--------------------------------------------------------
 
|------------------- GPU DEVICE INFO --------------------
|
|            CUDA_VISIBLE_DEVICES: 0
|   CUDA Capable Devices Detected:      1
|           CUDA Device ID in use:      0
|                CUDA Device Name: GeForce GTX 1080 Ti
|     CUDA Device Global Mem Size:  11178 MB
| CUDA Device Num Multiprocessors:     28
|           CUDA Device Core Freq:   1.72 GHz
|
|--------------------------------------------------------
 
 
| Conditional Compilation Defines Used:
| PUBFFT
| BINTRAJ
| CUDA
| EMIL

| Largest sphere to fit in unit cell has radius =    26.463

| New format PARM file being parsed.
| Version =    1.000 Date = 08/10/20 Time = 22:12:33

| Note: 1-4 EEL scale factors are being read from the topology file.

| Note: 1-4 VDW scale factors are being read from the topology file.
| Duplicated    0 dihedrals

| Duplicated    0 dihedrals

--------------------------------------------------------------------------------
   1.  RESOURCE   USE: 
--------------------------------------------------------------------------------

 getting new box info from bottom of inpcrd
 NATOM  =   27384 NTYPES =      19 NBONH =   19623 MBONA  =    7793
 NTHETH =    4024 MTHETA =    2516 NPHIH =    8244 MPHIA  =    8106
 NHPARM =       0 NPARM  =       0 NNB   =   61413 NRES   =    6181
 NBONA  =    7793 NTHETA =    2516 NPHIA =    8106 NUMBND =      74
 NUMANG =     176 NPTRA  =     191 NATYP =      38 NPHB   =       1
 IFBOX  =       2 NMXRS  =      24 IFCAP =       0 NEXTRA =    5947
 NCOPY  =       0


| Coordinate Index Table dimensions:    11   11   11
| Direct force subcell size =     5.8928    5.8928    5.8928

     BOX TYPE: TRUNCATED OCTAHEDRON

--------------------------------------------------------------------------------
   2.  CONTROL  DATA  FOR  THE  RUN
--------------------------------------------------------------------------------

default_name                                                                    

General flags:
     imin    =       0, nmropt  =       0

Nature and format of input:
     ntx     =       5, irest   =       1, ntrx    =       1

Nature and format of output:
     ntxo    =       1, ntpr    =   50000, ntrx    =       1, ntwr    =   50000
     iwrap   =       1, ntwx    =    5000, ntwv    =       0, ntwe    =       0
     ioutfm  =       1, ntwprt  =       0, idecomp =       0, rbornstat=      0

Potential function:
     ntf     =       2, ntb     =       1, igb     =       0, nsnb    =      25
     ipol    =       0, gbsa    =       0, iesp    =       0
     dielc   =   1.00000, cut     =   9.00000, intdiel =   1.00000

Frozen or restrained atoms:
     ibelly  =       0, ntr     =       0

Molecular dynamics:
     nstlim  =   2500000, nscm    =      1000, nrespa  =         1
     t       =   0.00000, dt      =   0.00200, vlimit  =  -1.00000

Langevin dynamics temperature regulation:
     ig      =  761238
     temp0   = 300.00000, tempi   = 300.00000, gamma_ln=   2.00000

SHAKE:
     ntc     =       2, jfastw  =       0
     tol     =   0.00001

| Intermolecular bonds treatment:
|     no_intermolecular_bonds =       1

| Energy averages sample interval:
|     ene_avg_sampling =   50000

Extra-points options:
     frameon =       1, chngmask=       1

Ewald parameters:
     verbose =       0, ew_type =       0, nbflag  =       1, use_pme =       1
     vdwmeth =       1, eedmeth =       1, netfrc  =       1
     Box X =   64.821   Box Y =   64.821   Box Z =   64.821
     Alpha =  109.471   Beta  =  109.471   Gamma =  109.471
     NFFT1 =   64       NFFT2 =   64       NFFT3 =   64
     Cutoff=    9.000   Tol   =0.100E-04
     Ewald Coefficient =  0.30768
     Interpolation order =    4
|      EXTRA_PTS, trim_bonds: num bonds BEFORE trim = 19623     0
|      EXTRA_PTS, trim_bonds: num bonds AFTER  trim = 19623     0
|      EXTRA_PTS, trim_bonds: num bonds BEFORE trim =  7793     0
|      EXTRA_PTS, trim_bonds: num bonds AFTER  trim =  1846     0
|      EXTRA_PTS, trim_theta: num angle BEFORE trim =  4024     0
|      EXTRA_PTS, trim_theta: num angle AFTER  trim =  4024     0
|      EXTRA_PTS, trim_theta: num angle BEFORE trim =  2516     0
|      EXTRA_PTS, trim_theta: num angle AFTER  trim =  2516     0
|      EXTRA_PTS, trim_phi:  num diheds BEFORE trim =  8244     0
|      EXTRA_PTS, trim_phi:  num diheds AFTER  trim =  8244     0
|      EXTRA_PTS, trim_phi:  num diheds BEFORE trim =  8106     0
|      EXTRA_PTS, trim_phi:  num diheds AFTER  trim =  8106     0

--------------------------------------------------------------------------------
   3.  ATOMIC COORDINATES AND VELOCITIES
--------------------------------------------------------------------------------

Cpptraj Generated Restart                                                       
 begin time read from input coords =     0.000 ps

 
 Number of triangulated 3-point waters found:     5947

     Sum of charges from parm topology file =   0.00003250
     Forcing neutrality...

| Dynamic Memory, Types Used:
| Reals              889476
| Integers          2165688

| Nonbonded Pairs Initial Allocation:     6243552

| GPU memory information (estimate):
| KB of GPU memory in use:         0
| KB of CPU memory in use:         0

--------------------------------------------------------------------------------
   4.  RESULTS
--------------------------------------------------------------------------------

wrapping first mol.:       43.21423       61.11415        0.00000
wrapping first mol.:       43.21423       61.11415        0.00000
wrapping first mol.:       43.21423       61.11415        0.00000
wrapping first mol.:       43.21423       61.11415        0.00000
wrapping first mol.:       43.21423       61.11415        0.00000
wrapping first mol.:       43.21423       61.11415        0.00000
wrapping first mol.:       43.21423       61.11415        0.00000
wrapping first mol.:       43.21423       61.11415        0.00000
wrapping first mol.:       43.21423       61.11415        0.00000
wrapping first mol.:       43.21423       61.11415        0.00000
wrapping first mol.:       43.21423       61.11415        0.00000

 NSTEP =    50000   TIME(PS) =     100.000  TEMP(K) =   299.61  PRESS =     0.0
 Etot   =    -67335.8491  EKtot   =     13303.4062  EPtot      =    -80639.2554
 BOND   =       683.3008  ANGLE   =      1763.3792  DIHED      =      1354.8084
 UB     =         0.0000  IMP     =         0.0000  CMAP       =       166.1452
 1-4 NB =       820.0106  1-4 EEL =     10792.4515  VDWAALS    =      8170.5449
 EELEC  =   -104389.8961  EHBOND  =         0.0000  RESTRAINT  =         0.0000
 ------------------------------------------------------------------------------

wrapping first mol.:       43.21423       61.11415        0.00000
wrapping first mol.:       43.21423       61.11415        0.00000
wrapping first mol.:       43.21423       61.11415        0.00000
wrapping first mol.:       43.21423       61.11415        0.00000
wrapping first mol.:       43.21423       61.11415        0.00000
wrapping first mol.:       43.21423       61.11415        0.00000
wrapping first mol.:       43.21423       61.11415        0.00000
wrapping first mol.:       43.21423       61.11415        0.00000
wrapping first mol.:       43.21423       61.11415        0.00000
wrapping first mol.:       43.21423       61.11415        0.00000
wrapping first mol.:       43.21423       61.11415        0.00000

 NSTEP =   100000   TIME(PS) =     200.000  TEMP(K) =   300.38  PRESS =     0.0
 Etot   =    -67031.6779  EKtot   =     13337.5361  EPtot      =    -80369.2141
 BOND   =       683.7531  ANGLE   =      1800.5289  DIHED      =      1359.3414
 UB     =         0.0000  IMP     =         0.0000  CMAP       =       154.7469
 1-4 NB =       836.5964  1-4 EEL =     10757.2467  VDWAALS    =      8216.0933
 EELEC  =   -104177.5209  EHBOND  =         0.0000  RESTRAINT  =         0.0000
 ------------------------------------------------------------------------------

wrapping first mol.:       43.21423       61.11415        0.00000
wrapping first mol.:       43.21423       61.11415        0.00000
wrapping first mol.:       43.21423       61.11415        0.00000
wrapping first mol.:       43.21423       61.11415        0.00000
wrapping first mol.:       43.21423       61.11415        0.00000
wrapping first mol.:       43.21423       61.11415        0.00000
wrapping first mol.:       43.21423       61.11415        0.00000
wrapping first mol.:       43.21423       61.11415        0.00000
wrapping first mol.:       43.21423       61.11415        0.00000
wrapping first mol.:       43.21423       61.11415        0.00000
wrapping first mol.:       43.21423       61.11415        0.00000

 NSTEP =   150000   TIME(PS) =     300.000  TEMP(K) =   300.17  PRESS =     0.0
 Etot   =    -67209.8133  EKtot   =     13327.9932  EPtot      =    -80537.8065
 BOND   =       690.8485  ANGLE   =      1789.9215  DIHED      =      1363.8230
 UB     =         0.0000  IMP     =         0.0000  CMAP       =       148.3161
 1-4 NB =       816.6821  1-4 EEL =     10763.6380  VDWAALS    =      8043.1647
 EELEC  =   -104154.2003  EHBOND  =         0.0000  RESTRAINT  =         0.0000
 ------------------------------------------------------------------------------

wrapping first mol.:       43.21423       61.11415        0.00000
wrapping first mol.:       43.21423       61.11415        0.00000
wrapping first mol.:       43.21423       61.11415        0.00000
wrapping first mol.:       43.21423       61.11415        0.00000
wrapping first mol.:       43.21423       61.11415        0.00000
wrapping first mol.:       43.21423       61.11415        0.00000
wrapping first mol.:       43.21423       61.11415        0.00000
wrapping first mol.:       43.21423       61.11415        0.00000
wrapping first mol.:       43.21423       61.11415        0.00000
wrapping first mol.:       43.21423       61.11415        0.00000
wrapping first mol.:       43.21423       61.11415        0.00000

 NSTEP =   200000   TIME(PS) =     400.000  TEMP(K) =   300.52  PRESS =     0.0
 Etot   =    -67173.4909  EKtot   =     13343.7148  EPtot      =    -80517.2057
 BOND   =       692.1409  ANGLE   =      1819.8966  DIHED      =      1375.1879
 UB     =         0.0000  IMP     =         0.0000  CMAP       =       169.2208
 1-4 NB =       815.2827  1-4 EEL =     10692.8680  VDWAALS    =      8319.7123
 EELEC  =   -104401.5150  EHBOND  =         0.0000  RESTRAINT  =         0.0000
 ------------------------------------------------------------------------------

wrapping first mol.:       43.21423       61.11415        0.00000
wrapping first mol.:       43.21423       61.11415        0.00000
wrapping first mol.:       43.21423       61.11415        0.00000
wrapping first mol.:       43.21423       61.11415        0.00000
wrapping first mol.:       43.21423       61.11415        0.00000
wrapping first mol.:       43.21423       61.11415        0.00000
wrapping first mol.:       43.21423       61.11415        0.00000
wrapping first mol.:       43.21423       61.11415        0.00000
wrapping first mol.:       43.21423       61.11415        0.00000
wrapping first mol.:       43.21423       61.11415        0.00000
wrapping first mol.:       43.21423       61.11415        0.00000

 NSTEP =   250000   TIME(PS) =     500.000  TEMP(K) =   299.02  PRESS =     0.0
 Etot   =    -67071.3425  EKtot   =     13276.9551  EPtot      =    -80348.2975
 BOND   =       690.7303  ANGLE   =      1829.1716  DIHED      =      1364.9670
 UB     =         0.0000  IMP     =         0.0000  CMAP       =       167.1758
 1-4 NB =       807.0922  1-4 EEL =     10780.9279  VDWAALS    =      8255.0291
 EELEC  =   -104243.3913  EHBOND  =         0.0000  RESTRAINT  =         0.0000
 ------------------------------------------------------------------------------

wrapping first mol.:       43.21423       61.11415        0.00000
wrapping first mol.:       43.21423       61.11415        0.00000
wrapping first mol.:       43.21423       61.11415        0.00000
wrapping first mol.:       43.21423       61.11415        0.00000
wrapping first mol.:       43.21423       61.11415        0.00000
wrapping first mol.:       43.21423       61.11415        0.00000
wrapping first mol.:       43.21423       61.11415        0.00000
wrapping first mol.:       43.21423       61.11415        0.00000
wrapping first mol.:       43.21423       61.11415        0.00000
wrapping first mol.:       43.21423       61.11415        0.00000
wrapping first mol.:       43.21423       61.11415        0.00000

 NSTEP =   300000   TIME(PS) =     600.000  TEMP(K) =   302.45  PRESS =     0.0
 Etot   =    -67201.2561  EKtot   =     13429.1475  EPtot      =    -80630.4035
 BOND   =       696.8776  ANGLE   =      1782.1547  DIHED      =      1353.1482
 UB     =         0.0000  IMP     =         0.0000  CMAP       =       156.8584
 1-4 NB =       817.4577  1-4 EEL =     10732.9700  VDWAALS    =      8088.6553
 EELEC  =   -104258.5254  EHBOND  =         0.0000  RESTRAINT  =         0.0000
 ------------------------------------------------------------------------------

wrapping first mol.:       43.21423       61.11415        0.00000
wrapping first mol.:       43.21423       61.11415        0.00000
wrapping first mol.:       43.21423       61.11415        0.00000
wrapping first mol.:       43.21423       61.11415        0.00000
wrapping first mol.:       43.21423       61.11415        0.00000
wrapping first mol.:       43.21423       61.11415        0.00000
wrapping first mol.:       43.21423       61.11415        0.00000
wrapping first mol.:       43.21423       61.11415        0.00000
wrapping first mol.:       43.21423       61.11415        0.00000
wrapping first mol.:       43.21423       61.11415        0.00000
wrapping first mol.:       43.21423       61.11415        0.00000

 NSTEP =   350000   TIME(PS) =     700.000  TEMP(K) =   302.60  PRESS =     0.0
 Etot   =    -67019.7790  EKtot   =     13435.7949  EPtot      =    -80455.5739
 BOND   =       635.7154  ANGLE   =      1841.3578  DIHED      =      1315.1111
 UB     =         0.0000  IMP     =         0.0000  CMAP       =       166.8759
 1-4 NB =       822.5429  1-4 EEL =     10721.2494  VDWAALS    =      8354.9768
 EELEC  =   -104313.4031  EHBOND  =         0.0000  RESTRAINT  =         0.0000
 ------------------------------------------------------------------------------

wrapping first mol.:       43.21423       61.11415        0.00000
wrapping first mol.:       43.21423       61.11415        0.00000
wrapping first mol.:       43.21423       61.11415        0.00000
wrapping first mol.:       43.21423       61.11415        0.00000
wrapping first mol.:       43.21423       61.11415        0.00000
wrapping first mol.:       43.21423       61.11415        0.00000
wrapping first mol.:       43.21423       61.11415        0.00000
wrapping first mol.:       43.21423       61.11415        0.00000
wrapping first mol.:       43.21423       61.11415        0.00000
wrapping first mol.:       43.21423       61.11415        0.00000
wrapping first mol.:       43.21423       61.11415        0.00000

 NSTEP =   400000   TIME(PS) =     800.000  TEMP(K) =   303.36  PRESS =     0.0
 Etot   =    -67048.0867  EKtot   =     13469.5352  EPtot      =    -80517.6219
 BOND   =       665.0370  ANGLE   =      1812.3419  DIHED      =      1327.7965
 UB     =         0.0000  IMP     =         0.0000  CMAP       =       165.3932
 1-4 NB =       808.8800  1-4 EEL =     10719.8227  VDWAALS    =      8256.5250
 EELEC  =   -104273.4183  EHBOND  =         0.0000  RESTRAINT  =         0.0000
 ------------------------------------------------------------------------------

wrapping first mol.:       43.21423       61.11415        0.00000
wrapping first mol.:       43.21423       61.11415        0.00000
wrapping first mol.:       43.21423       61.11415        0.00000
wrapping first mol.:       43.21423       61.11415        0.00000
wrapping first mol.:       43.21423       61.11415        0.00000
wrapping first mol.:       43.21423       61.11415        0.00000
wrapping first mol.:       43.21423       61.11415        0.00000
wrapping first mol.:       43.21423       61.11415        0.00000
wrapping first mol.:       43.21423       61.11415        0.00000
wrapping first mol.:       43.21423       61.11415        0.00000
wrapping first mol.:       43.21423       61.11415        0.00000

 NSTEP =   450000   TIME(PS) =     900.000  TEMP(K) =   300.17  PRESS =     0.0
 Etot   =    -67216.5560  EKtot   =     13328.0996  EPtot      =    -80544.6556
 BOND   =       685.4610  ANGLE   =      1778.5309  DIHED      =      1379.0711
 UB     =         0.0000  IMP     =         0.0000  CMAP       =       163.5342
 1-4 NB =       807.5717  1-4 EEL =     10692.1459  VDWAALS    =      8046.5445
 EELEC  =   -104097.5149  EHBOND  =         0.0000  RESTRAINT  =         0.0000
 ------------------------------------------------------------------------------

wrapping first mol.:       43.21423       61.11415        0.00000
wrapping first mol.:       43.21423       61.11415        0.00000
wrapping first mol.:       43.21423       61.11415        0.00000
wrapping first mol.:       43.21423       61.11415        0.00000
wrapping first mol.:       43.21423       61.11415        0.00000
wrapping first mol.:       43.21423       61.11415        0.00000
wrapping first mol.:       43.21423       61.11415        0.00000
wrapping first mol.:       43.21423       61.11415        0.00000
wrapping first mol.:       43.21423       61.11415        0.00000
wrapping first mol.:       43.21423       61.11415        0.00000
wrapping first mol.:       43.21423       61.11415        0.00000

 NSTEP =   500000   TIME(PS) =    1000.000  TEMP(K) =   300.68  PRESS =     0.0
 Etot   =    -67044.4181  EKtot   =     13350.5742  EPtot      =    -80394.9923
 BOND   =       695.9983  ANGLE   =      1802.4082  DIHED      =      1373.7705
 UB     =         0.0000  IMP     =         0.0000  CMAP       =       170.9299
 1-4 NB =       811.1509  1-4 EEL =     10758.6260  VDWAALS    =      8148.9579
 EELEC  =   -104156.8339  EHBOND  =         0.0000  RESTRAINT  =         0.0000
 ------------------------------------------------------------------------------

wrapping first mol.:       43.21423       61.11415        0.00000
wrapping first mol.:       43.21423       61.11415        0.00000
wrapping first mol.:       43.21423       61.11415        0.00000
wrapping first mol.:       43.21423       61.11415        0.00000
wrapping first mol.:       43.21423       61.11415        0.00000
wrapping first mol.:       43.21423       61.11415        0.00000
wrapping first mol.:       43.21423       61.11415        0.00000
wrapping first mol.:       43.21423       61.11415        0.00000
wrapping first mol.:       43.21423       61.11415        0.00000
wrapping first mol.:       43.21423       61.11415        0.00000
wrapping first mol.:       43.21423       61.11415        0.00000

 NSTEP =   550000   TIME(PS) =    1100.000  TEMP(K) =   295.16  PRESS =     0.0
 Etot   =    -67698.6367  EKtot   =     13105.4912  EPtot      =    -80804.1279
 BOND   =       673.0896  ANGLE   =      1782.8639  DIHED      =      1388.9416
 UB     =         0.0000  IMP     =         0.0000  CMAP       =       167.2839
 1-4 NB =       821.6216  1-4 EEL =     10783.5937  VDWAALS    =      8023.5490
 EELEC  =   -104445.0714  EHBOND  =         0.0000  RESTRAINT  =         0.0000
 ------------------------------------------------------------------------------

wrapping first mol.:       43.21423       61.11415        0.00000
wrapping first mol.:       43.21423       61.11415        0.00000
wrapping first mol.:       43.21423       61.11415        0.00000
wrapping first mol.:       43.21423       61.11415        0.00000
wrapping first mol.:       43.21423       61.11415        0.00000
wrapping first mol.:       43.21423       61.11415        0.00000
wrapping first mol.:       43.21423       61.11415        0.00000
wrapping first mol.:       43.21423       61.11415        0.00000
wrapping first mol.:       43.21423       61.11415        0.00000
wrapping first mol.:       43.21423       61.11415        0.00000
wrapping first mol.:       43.21423       61.11415        0.00000

 NSTEP =   600000   TIME(PS) =    1200.000  TEMP(K) =   302.62  PRESS =     0.0
 Etot   =    -67268.6047  EKtot   =     13436.8223  EPtot      =    -80705.4269
 BOND   =       646.6493  ANGLE   =      1763.0737  DIHED      =      1361.2484
 UB     =         0.0000  IMP     =         0.0000  CMAP       =       173.0376
 1-4 NB =       814.6157  1-4 EEL =     10747.0928  VDWAALS    =      8348.1436
 EELEC  =   -104559.2879  EHBOND  =         0.0000  RESTRAINT  =         0.0000
 ------------------------------------------------------------------------------

wrapping first mol.:       43.21423       61.11415        0.00000
wrapping first mol.:       43.21423       61.11415        0.00000
wrapping first mol.:       43.21423       61.11415        0.00000
wrapping first mol.:       43.21423       61.11415        0.00000
wrapping first mol.:       43.21423       61.11415        0.00000
wrapping first mol.:       43.21423       61.11415        0.00000
wrapping first mol.:       43.21423       61.11415        0.00000
wrapping first mol.:       43.21423       61.11415        0.00000
wrapping first mol.:       43.21423       61.11415        0.00000
wrapping first mol.:       43.21423       61.11415        0.00000
wrapping first mol.:       43.21423       61.11415        0.00000

 NSTEP =   650000   TIME(PS) =    1300.000  TEMP(K) =   301.76  PRESS =     0.0
 Etot   =    -66992.3223  EKtot   =     13398.7949  EPtot      =    -80391.1172
 BOND   =       687.5736  ANGLE   =      1819.1026  DIHED      =      1335.5970
 UB     =         0.0000  IMP     =         0.0000  CMAP       =       166.6303
 1-4 NB =       806.0182  1-4 EEL =     10734.7548  VDWAALS    =      8425.5675
 EELEC  =   -104366.3612  EHBOND  =         0.0000  RESTRAINT  =         0.0000
 ------------------------------------------------------------------------------

wrapping first mol.:       43.21423       61.11415        0.00000
wrapping first mol.:       43.21423       61.11415        0.00000
wrapping first mol.:       43.21423       61.11415        0.00000
wrapping first mol.:       43.21423       61.11415        0.00000
wrapping first mol.:       43.21423       61.11415        0.00000
wrapping first mol.:       43.21423       61.11415        0.00000
wrapping first mol.:       43.21423       61.11415        0.00000
wrapping first mol.:       43.21423       61.11415        0.00000
wrapping first mol.:       43.21423       61.11415        0.00000
wrapping first mol.:       43.21423       61.11415        0.00000
wrapping first mol.:       43.21423       61.11415        0.00000

 NSTEP =   700000   TIME(PS) =    1400.000  TEMP(K) =   300.80  PRESS =     0.0
 Etot   =    -67367.2602  EKtot   =     13356.1729  EPtot      =    -80723.4330
 BOND   =       690.3677  ANGLE   =      1828.0715  DIHED      =      1354.8626
 UB     =         0.0000  IMP     =         0.0000  CMAP       =       160.0650
 1-4 NB =       818.4434  1-4 EEL =     10687.5702  VDWAALS    =      8257.3458
 EELEC  =   -104520.1591  EHBOND  =         0.0000  RESTRAINT  =         0.0000
 ------------------------------------------------------------------------------

wrapping first mol.:       43.21423       61.11415        0.00000
wrapping first mol.:       43.21423       61.11415        0.00000
wrapping first mol.:       43.21423       61.11415        0.00000
wrapping first mol.:       43.21423       61.11415        0.00000
wrapping first mol.:       43.21423       61.11415        0.00000
wrapping first mol.:       43.21423       61.11415        0.00000
wrapping first mol.:       43.21423       61.11415        0.00000
wrapping first mol.:       43.21423       61.11415        0.00000
wrapping first mol.:       43.21423       61.11415        0.00000
wrapping first mol.:       43.21423       61.11415        0.00000
wrapping first mol.:       43.21423       61.11415        0.00000

 NSTEP =   750000   TIME(PS) =    1500.000  TEMP(K) =   298.24  PRESS =     0.0
 Etot   =    -67358.5271  EKtot   =     13242.5732  EPtot      =    -80601.1004
 BOND   =       701.9080  ANGLE   =      1743.9818  DIHED      =      1344.5650
 UB     =         0.0000  IMP     =         0.0000  CMAP       =       165.8620
 1-4 NB =       805.2014  1-4 EEL =     10702.6352  VDWAALS    =      8178.2412
 EELEC  =   -104243.4949  EHBOND  =         0.0000  RESTRAINT  =         0.0000
 ------------------------------------------------------------------------------

wrapping first mol.:       43.21423       61.11415        0.00000
wrapping first mol.:       43.21423       61.11415        0.00000
wrapping first mol.:       43.21423       61.11415        0.00000
wrapping first mol.:       43.21423       61.11415        0.00000
wrapping first mol.:       43.21423       61.11415        0.00000
wrapping first mol.:       43.21423       61.11415        0.00000
wrapping first mol.:       43.21423       61.11415        0.00000
wrapping first mol.:       43.21423       61.11415        0.00000
wrapping first mol.:       43.21423       61.11415        0.00000
wrapping first mol.:       43.21423       61.11415        0.00000
wrapping first mol.:       43.21423       61.11415        0.00000

 NSTEP =   800000   TIME(PS) =    1600.000  TEMP(K) =   296.40  PRESS =     0.0
 Etot   =    -67417.7332  EKtot   =     13160.6953  EPtot      =    -80578.4285
 BOND   =       669.4888  ANGLE   =      1789.6335  DIHED      =      1367.6312
 UB     =         0.0000  IMP     =         0.0000  CMAP       =       162.7536
 1-4 NB =       821.5321  1-4 EEL =     10789.4189  VDWAALS    =      8274.1188
 EELEC  =   -104453.0054  EHBOND  =         0.0000  RESTRAINT  =         0.0000
 ------------------------------------------------------------------------------

wrapping first mol.:       43.21423       61.11415        0.00000
wrapping first mol.:       43.21423       61.11415        0.00000
wrapping first mol.:       43.21423       61.11415        0.00000
wrapping first mol.:       43.21423       61.11415        0.00000
wrapping first mol.:       43.21423       61.11415        0.00000
wrapping first mol.:       43.21423       61.11415        0.00000
wrapping first mol.:       43.21423       61.11415        0.00000
wrapping first mol.:       43.21423       61.11415        0.00000
wrapping first mol.:       43.21423       61.11415        0.00000
wrapping first mol.:       43.21423       61.11415        0.00000
wrapping first mol.:       43.21423       61.11415        0.00000

 NSTEP =   850000   TIME(PS) =    1700.000  TEMP(K) =   301.44  PRESS =     0.0
 Etot   =    -67313.7221  EKtot   =     13384.5332  EPtot      =    -80698.2553
 BOND   =       688.5980  ANGLE   =      1751.1615  DIHED      =      1330.4725
 UB     =         0.0000  IMP     =         0.0000  CMAP       =       168.5805
 1-4 NB =       804.8362  1-4 EEL =     10809.2588  VDWAALS    =      8372.6671
 EELEC  =   -104623.8298  EHBOND  =         0.0000  RESTRAINT  =         0.0000
 ------------------------------------------------------------------------------

wrapping first mol.:       43.21423       61.11415        0.00000
wrapping first mol.:       43.21423       61.11415        0.00000
wrapping first mol.:       43.21423       61.11415        0.00000
wrapping first mol.:       43.21423       61.11415        0.00000
wrapping first mol.:       43.21423       61.11415        0.00000
wrapping first mol.:       43.21423       61.11415        0.00000
wrapping first mol.:       43.21423       61.11415        0.00000
wrapping first mol.:       43.21423       61.11415        0.00000
wrapping first mol.:       43.21423       61.11415        0.00000
wrapping first mol.:       43.21423       61.11415        0.00000
wrapping first mol.:       43.21423       61.11415        0.00000

 NSTEP =   900000   TIME(PS) =    1800.000  TEMP(K) =   298.61  PRESS =     0.0
 Etot   =    -67363.4701  EKtot   =     13258.9424  EPtot      =    -80622.4125
 BOND   =       660.7627  ANGLE   =      1778.5094  DIHED      =      1363.7044
 UB     =         0.0000  IMP     =         0.0000  CMAP       =       178.4300
 1-4 NB =       828.5657  1-4 EEL =     10760.6328  VDWAALS    =      8204.0578
 EELEC  =   -104397.0752  EHBOND  =         0.0000  RESTRAINT  =         0.0000
 ------------------------------------------------------------------------------

wrapping first mol.:       43.21423       61.11415        0.00000
wrapping first mol.:       43.21423       61.11415        0.00000
wrapping first mol.:       43.21423       61.11415        0.00000
wrapping first mol.:       43.21423       61.11415        0.00000
wrapping first mol.:       43.21423       61.11415        0.00000
wrapping first mol.:       43.21423       61.11415        0.00000
wrapping first mol.:       43.21423       61.11415        0.00000
wrapping first mol.:       43.21423       61.11415        0.00000
wrapping first mol.:       43.21423       61.11415        0.00000
wrapping first mol.:       43.21423       61.11415        0.00000
wrapping first mol.:       43.21423       61.11415        0.00000

 NSTEP =   950000   TIME(PS) =    1900.000  TEMP(K) =   298.94  PRESS =     0.0
 Etot   =    -67389.2233  EKtot   =     13273.3740  EPtot      =    -80662.5973
 BOND   =       668.7643  ANGLE   =      1781.3078  DIHED      =      1337.9847
 UB     =         0.0000  IMP     =         0.0000  CMAP       =       153.9563
 1-4 NB =       834.1564  1-4 EEL =     10792.2374  VDWAALS    =      8254.7702
 EELEC  =   -104485.7743  EHBOND  =         0.0000  RESTRAINT  =         0.0000
 ------------------------------------------------------------------------------

wrapping first mol.:       43.21423       61.11415        0.00000
wrapping first mol.:       43.21423       61.11415        0.00000
wrapping first mol.:       43.21423       61.11415        0.00000
wrapping first mol.:       43.21423       61.11415        0.00000
wrapping first mol.:       43.21423       61.11415        0.00000
wrapping first mol.:       43.21423       61.11415        0.00000
wrapping first mol.:       43.21423       61.11415        0.00000
wrapping first mol.:       43.21423       61.11415        0.00000
wrapping first mol.:       43.21423       61.11415        0.00000
wrapping first mol.:       43.21423       61.11415        0.00000
wrapping first mol.:       43.21423       61.11415        0.00000

 NSTEP =  1000000   TIME(PS) =    2000.000  TEMP(K) =   302.11  PRESS =     0.0
 Etot   =    -67223.6784  EKtot   =     13414.0469  EPtot      =    -80637.7253
 BOND   =       674.7642  ANGLE   =      1739.0793  DIHED      =      1340.3924
 UB     =         0.0000  IMP     =         0.0000  CMAP       =       176.0718
 1-4 NB =       825.1444  1-4 EEL =     10789.7618  VDWAALS    =      8283.9904
 EELEC  =   -104466.9295  EHBOND  =         0.0000  RESTRAINT  =         0.0000
 ------------------------------------------------------------------------------

wrapping first mol.:       43.21423       61.11415        0.00000
wrapping first mol.:       43.21423       61.11415        0.00000
wrapping first mol.:       43.21423       61.11415        0.00000
wrapping first mol.:       43.21423       61.11415        0.00000
wrapping first mol.:       43.21423       61.11415        0.00000
wrapping first mol.:       43.21423       61.11415        0.00000
wrapping first mol.:       43.21423       61.11415        0.00000
wrapping first mol.:       43.21423       61.11415        0.00000
wrapping first mol.:       43.21423       61.11415        0.00000
wrapping first mol.:       43.21423       61.11415        0.00000
wrapping first mol.:       43.21423       61.11415        0.00000

 NSTEP =  1050000   TIME(PS) =    2100.000  TEMP(K) =   301.36  PRESS =     0.0
 Etot   =    -66993.4045  EKtot   =     13380.8477  EPtot      =    -80374.2522
 BOND   =       694.7290  ANGLE   =      1783.6033  DIHED      =      1355.3002
 UB     =         0.0000  IMP     =         0.0000  CMAP       =       157.2742
 1-4 NB =       840.6411  1-4 EEL =     10829.2249  VDWAALS    =      8273.8860
 EELEC  =   -104308.9107  EHBOND  =         0.0000  RESTRAINT  =         0.0000
 ------------------------------------------------------------------------------

wrapping first mol.:       43.21423       61.11415        0.00000
wrapping first mol.:       43.21423       61.11415        0.00000
wrapping first mol.:       43.21423       61.11415        0.00000
wrapping first mol.:       43.21423       61.11415        0.00000
wrapping first mol.:       43.21423       61.11415        0.00000
wrapping first mol.:       43.21423       61.11415        0.00000
wrapping first mol.:       43.21423       61.11415        0.00000
wrapping first mol.:       43.21423       61.11415        0.00000
wrapping first mol.:       43.21423       61.11415        0.00000
wrapping first mol.:       43.21423       61.11415        0.00000
wrapping first mol.:       43.21423       61.11415        0.00000

 NSTEP =  1100000   TIME(PS) =    2200.000  TEMP(K) =   297.96  PRESS =     0.0
 Etot   =    -67291.8465  EKtot   =     13229.8105  EPtot      =    -80521.6570
 BOND   =       689.5303  ANGLE   =      1753.2381  DIHED      =      1336.5236
 UB     =         0.0000  IMP     =         0.0000  CMAP       =       165.4125
 1-4 NB =       810.0420  1-4 EEL =     10758.1621  VDWAALS    =      8144.0429
 EELEC  =   -104178.6086  EHBOND  =         0.0000  RESTRAINT  =         0.0000
 ------------------------------------------------------------------------------

wrapping first mol.:       43.21423       61.11415        0.00000
wrapping first mol.:       43.21423       61.11415        0.00000
wrapping first mol.:       43.21423       61.11415        0.00000
wrapping first mol.:       43.21423       61.11415        0.00000
wrapping first mol.:       43.21423       61.11415        0.00000
wrapping first mol.:       43.21423       61.11415        0.00000
wrapping first mol.:       43.21423       61.11415        0.00000
wrapping first mol.:       43.21423       61.11415        0.00000
wrapping first mol.:       43.21423       61.11415        0.00000
wrapping first mol.:       43.21423       61.11415        0.00000
wrapping first mol.:       43.21423       61.11415        0.00000

 NSTEP =  1150000   TIME(PS) =    2300.000  TEMP(K) =   298.25  PRESS =     0.0
 Etot   =    -67338.7755  EKtot   =     13242.7480  EPtot      =    -80581.5236
 BOND   =       714.5543  ANGLE   =      1808.9263  DIHED      =      1330.8584
 UB     =         0.0000  IMP     =         0.0000  CMAP       =       175.3081
 1-4 NB =       810.3280  1-4 EEL =     10764.8983  VDWAALS    =      8274.1296
 EELEC  =   -104460.5265  EHBOND  =         0.0000  RESTRAINT  =         0.0000
 ------------------------------------------------------------------------------

wrapping first mol.:       43.21423       61.11415        0.00000
wrapping first mol.:       43.21423       61.11415        0.00000
wrapping first mol.:       43.21423       61.11415        0.00000
wrapping first mol.:       43.21423       61.11415        0.00000
wrapping first mol.:       43.21423       61.11415        0.00000
wrapping first mol.:       43.21423       61.11415        0.00000
wrapping first mol.:       43.21423       61.11415        0.00000
wrapping first mol.:       43.21423       61.11415        0.00000
wrapping first mol.:       43.21423       61.11415        0.00000
wrapping first mol.:       43.21423       61.11415        0.00000
wrapping first mol.:       43.21423       61.11415        0.00000

 NSTEP =  1200000   TIME(PS) =    2400.000  TEMP(K) =   300.80  PRESS =     0.0
 Etot   =    -67236.1527  EKtot   =     13356.2148  EPtot      =    -80592.3676
 BOND   =       691.2752  ANGLE   =      1767.0296  DIHED      =      1331.8047
 UB     =         0.0000  IMP     =         0.0000  CMAP       =       168.8945
 1-4 NB =       816.2898  1-4 EEL =     10723.7787  VDWAALS    =      8284.0644
 EELEC  =   -104375.5044  EHBOND  =         0.0000  RESTRAINT  =         0.0000
 ------------------------------------------------------------------------------

wrapping first mol.:       43.21423       61.11415        0.00000
wrapping first mol.:       43.21423       61.11415        0.00000
wrapping first mol.:       43.21423       61.11415        0.00000
wrapping first mol.:       43.21423       61.11415        0.00000
wrapping first mol.:       43.21423       61.11415        0.00000
wrapping first mol.:       43.21423       61.11415        0.00000
wrapping first mol.:       43.21423       61.11415        0.00000
wrapping first mol.:       43.21423       61.11415        0.00000
wrapping first mol.:       43.21423       61.11415        0.00000
wrapping first mol.:       43.21423       61.11415        0.00000
wrapping first mol.:       43.21423       61.11415        0.00000

 NSTEP =  1250000   TIME(PS) =    2500.000  TEMP(K) =   299.17  PRESS =     0.0
 Etot   =    -66980.8724  EKtot   =     13283.8125  EPtot      =    -80264.6849
 BOND   =       679.4470  ANGLE   =      1812.9796  DIHED      =      1364.8432
 UB     =         0.0000  IMP     =         0.0000  CMAP       =       160.8369
 1-4 NB =       807.0307  1-4 EEL =     10746.5294  VDWAALS    =      8034.4371
 EELEC  =   -103870.7888  EHBOND  =         0.0000  RESTRAINT  =         0.0000
 ------------------------------------------------------------------------------

wrapping first mol.:       43.21423       61.11415        0.00000
wrapping first mol.:       43.21423       61.11415        0.00000
wrapping first mol.:       43.21423       61.11415        0.00000
wrapping first mol.:       43.21423       61.11415        0.00000
wrapping first mol.:       43.21423       61.11415        0.00000
wrapping first mol.:       43.21423       61.11415        0.00000
wrapping first mol.:       43.21423       61.11415        0.00000
wrapping first mol.:       43.21423       61.11415        0.00000
wrapping first mol.:       43.21423       61.11415        0.00000
wrapping first mol.:       43.21423       61.11415        0.00000
wrapping first mol.:       43.21423       61.11415        0.00000

 NSTEP =  1300000   TIME(PS) =    2600.000  TEMP(K) =   300.03  PRESS =     0.0
 Etot   =    -67034.7909  EKtot   =     13321.7354  EPtot      =    -80356.5263
 BOND   =       646.6226  ANGLE   =      1769.7328  DIHED      =      1386.6382
 UB     =         0.0000  IMP     =         0.0000  CMAP       =       166.8604
 1-4 NB =       830.8810  1-4 EEL =     10771.5654  VDWAALS    =      8252.1193
 EELEC  =   -104180.9459  EHBOND  =         0.0000  RESTRAINT  =         0.0000
 ------------------------------------------------------------------------------

wrapping first mol.:       43.21423       61.11415        0.00000
wrapping first mol.:       43.21423       61.11415        0.00000
wrapping first mol.:       43.21423       61.11415        0.00000
wrapping first mol.:       43.21423       61.11415        0.00000
wrapping first mol.:       43.21423       61.11415        0.00000
wrapping first mol.:       43.21423       61.11415        0.00000
wrapping first mol.:       43.21423       61.11415        0.00000
wrapping first mol.:       43.21423       61.11415        0.00000
wrapping first mol.:       43.21423       61.11415        0.00000
wrapping first mol.:       43.21423       61.11415        0.00000
wrapping first mol.:       43.21423       61.11415        0.00000

 NSTEP =  1350000   TIME(PS) =    2700.000  TEMP(K) =   299.69  PRESS =     0.0
 Etot   =    -67160.8904  EKtot   =     13306.9570  EPtot      =    -80467.8474
 BOND   =       699.9473  ANGLE   =      1849.0128  DIHED      =      1342.7773
 UB     =         0.0000  IMP     =         0.0000  CMAP       =       167.5913
 1-4 NB =       810.5357  1-4 EEL =     10733.1321  VDWAALS    =      8296.4039
 EELEC  =   -104367.2478  EHBOND  =         0.0000  RESTRAINT  =         0.0000
 ------------------------------------------------------------------------------

wrapping first mol.:       43.21423       61.11415        0.00000
wrapping first mol.:       43.21423       61.11415        0.00000
wrapping first mol.:       43.21423       61.11415        0.00000
wrapping first mol.:       43.21423       61.11415        0.00000
wrapping first mol.:       43.21423       61.11415        0.00000
wrapping first mol.:       43.21423       61.11415        0.00000
wrapping first mol.:       43.21423       61.11415        0.00000
wrapping first mol.:       43.21423       61.11415        0.00000
wrapping first mol.:       43.21423       61.11415        0.00000
wrapping first mol.:       43.21423       61.11415        0.00000
wrapping first mol.:       43.21423       61.11415        0.00000

 NSTEP =  1400000   TIME(PS) =    2800.000  TEMP(K) =   298.45  PRESS =     0.0
 Etot   =    -67176.1302  EKtot   =     13251.6670  EPtot      =    -80427.7971
 BOND   =       691.7325  ANGLE   =      1847.8492  DIHED      =      1322.4511
 UB     =         0.0000  IMP     =         0.0000  CMAP       =       160.1076
 1-4 NB =       805.3544  1-4 EEL =     10782.3647  VDWAALS    =      8376.6178
 EELEC  =   -104414.2744  EHBOND  =         0.0000  RESTRAINT  =         0.0000
 ------------------------------------------------------------------------------

wrapping first mol.:       43.21423       61.11415        0.00000
wrapping first mol.:       43.21423       61.11415        0.00000
wrapping first mol.:       43.21423       61.11415        0.00000
wrapping first mol.:       43.21423       61.11415        0.00000
wrapping first mol.:       43.21423       61.11415        0.00000
wrapping first mol.:       43.21423       61.11415        0.00000
wrapping first mol.:       43.21423       61.11415        0.00000
wrapping first mol.:       43.21423       61.11415        0.00000
wrapping first mol.:       43.21423       61.11415        0.00000
wrapping first mol.:       43.21423       61.11415        0.00000
wrapping first mol.:       43.21423       61.11415        0.00000

 NSTEP =  1450000   TIME(PS) =    2900.000  TEMP(K) =   298.09  PRESS =     0.0
 Etot   =    -67209.1253  EKtot   =     13235.7705  EPtot      =    -80444.8958
 BOND   =       641.6816  ANGLE   =      1766.9425  DIHED      =      1358.4067
 UB     =         0.0000  IMP     =         0.0000  CMAP       =       162.9643
 1-4 NB =       812.0407  1-4 EEL =     10793.4513  VDWAALS    =      8336.3055
 EELEC  =   -104316.6884  EHBOND  =         0.0000  RESTRAINT  =         0.0000
 ------------------------------------------------------------------------------

wrapping first mol.:       43.21423       61.11415        0.00000
wrapping first mol.:       43.21423       61.11415        0.00000
wrapping first mol.:       43.21423       61.11415        0.00000
wrapping first mol.:       43.21423       61.11415        0.00000
wrapping first mol.:       43.21423       61.11415        0.00000
wrapping first mol.:       43.21423       61.11415        0.00000
wrapping first mol.:       43.21423       61.11415        0.00000
wrapping first mol.:       43.21423       61.11415        0.00000
wrapping first mol.:       43.21423       61.11415        0.00000
wrapping first mol.:       43.21423       61.11415        0.00000
wrapping first mol.:       43.21423       61.11415        0.00000

 NSTEP =  1500000   TIME(PS) =    3000.000  TEMP(K) =   298.85  PRESS =     0.0
 Etot   =    -67178.5392  EKtot   =     13269.5459  EPtot      =    -80448.0851
 BOND   =       664.9611  ANGLE   =      1861.6179  DIHED      =      1350.4168
 UB     =         0.0000  IMP     =         0.0000  CMAP       =       167.4686
 1-4 NB =       817.0242  1-4 EEL =     10751.9314  VDWAALS    =      7943.5035
 EELEC  =   -104005.0088  EHBOND  =         0.0000  RESTRAINT  =         0.0000
 ------------------------------------------------------------------------------

wrapping first mol.:       43.21423       61.11415        0.00000
wrapping first mol.:       43.21423       61.11415        0.00000
wrapping first mol.:       43.21423       61.11415        0.00000
wrapping first mol.:       43.21423       61.11415        0.00000
wrapping first mol.:       43.21423       61.11415        0.00000
wrapping first mol.:       43.21423       61.11415        0.00000
wrapping first mol.:       43.21423       61.11415        0.00000
wrapping first mol.:       43.21423       61.11415        0.00000
wrapping first mol.:       43.21423       61.11415        0.00000
wrapping first mol.:       43.21423       61.11415        0.00000
wrapping first mol.:       43.21423       61.11415        0.00000

 NSTEP =  1550000   TIME(PS) =    3100.000  TEMP(K) =   301.30  PRESS =     0.0
 Etot   =    -67296.5802  EKtot   =     13378.0830  EPtot      =    -80674.6633
 BOND   =       669.2849  ANGLE   =      1763.0913  DIHED      =      1369.4685
 UB     =         0.0000  IMP     =         0.0000  CMAP       =       177.5647
 1-4 NB =       805.8910  1-4 EEL =     10732.0688  VDWAALS    =      7979.4111
 EELEC  =   -104171.4436  EHBOND  =         0.0000  RESTRAINT  =         0.0000
 ------------------------------------------------------------------------------

wrapping first mol.:       43.21423       61.11415        0.00000
wrapping first mol.:       43.21423       61.11415        0.00000
wrapping first mol.:       43.21423       61.11415        0.00000
wrapping first mol.:       43.21423       61.11415        0.00000
wrapping first mol.:       43.21423       61.11415        0.00000
wrapping first mol.:       43.21423       61.11415        0.00000
wrapping first mol.:       43.21423       61.11415        0.00000
wrapping first mol.:       43.21423       61.11415        0.00000
wrapping first mol.:       43.21423       61.11415        0.00000
wrapping first mol.:       43.21423       61.11415        0.00000
wrapping first mol.:       43.21423       61.11415        0.00000

 NSTEP =  1600000   TIME(PS) =    3200.000  TEMP(K) =   299.64  PRESS =     0.0
 Etot   =    -67204.8425  EKtot   =     13304.4092  EPtot      =    -80509.2517
 BOND   =       660.5499  ANGLE   =      1735.9695  DIHED      =      1365.4300
 UB     =         0.0000  IMP     =         0.0000  CMAP       =       160.1446
 1-4 NB =       821.7047  1-4 EEL =     10829.9449  VDWAALS    =      8086.4590
 EELEC  =   -104169.4543  EHBOND  =         0.0000  RESTRAINT  =         0.0000
 ------------------------------------------------------------------------------

wrapping first mol.:       43.21423       61.11415        0.00000
wrapping first mol.:       43.21423       61.11415        0.00000
wrapping first mol.:       43.21423       61.11415        0.00000
wrapping first mol.:       43.21423       61.11415        0.00000
wrapping first mol.:       43.21423       61.11415        0.00000
wrapping first mol.:       43.21423       61.11415        0.00000
wrapping first mol.:       43.21423       61.11415        0.00000
wrapping first mol.:       43.21423       61.11415        0.00000
wrapping first mol.:       43.21423       61.11415        0.00000
wrapping first mol.:       43.21423       61.11415        0.00000
wrapping first mol.:       43.21423       61.11415        0.00000

 NSTEP =  1650000   TIME(PS) =    3300.000  TEMP(K) =   300.55  PRESS =     0.0
 Etot   =    -67187.7761  EKtot   =     13344.9141  EPtot      =    -80532.6902
 BOND   =       700.3332  ANGLE   =      1771.9543  DIHED      =      1366.0713
 UB     =         0.0000  IMP     =         0.0000  CMAP       =       178.6022
 1-4 NB =       806.2152  1-4 EEL =     10793.3477  VDWAALS    =      7983.8278
 EELEC  =   -104133.0420  EHBOND  =         0.0000  RESTRAINT  =         0.0000
 ------------------------------------------------------------------------------

wrapping first mol.:       43.21423       61.11415        0.00000
wrapping first mol.:       43.21423       61.11415        0.00000
wrapping first mol.:       43.21423       61.11415        0.00000
wrapping first mol.:       43.21423       61.11415        0.00000
wrapping first mol.:       43.21423       61.11415        0.00000
wrapping first mol.:       43.21423       61.11415        0.00000
wrapping first mol.:       43.21423       61.11415        0.00000
wrapping first mol.:       43.21423       61.11415        0.00000
wrapping first mol.:       43.21423       61.11415        0.00000
wrapping first mol.:       43.21423       61.11415        0.00000
wrapping first mol.:       43.21423       61.11415        0.00000

 NSTEP =  1700000   TIME(PS) =    3400.000  TEMP(K) =   297.20  PRESS =     0.0
 Etot   =    -67386.0611  EKtot   =     13196.3369  EPtot      =    -80582.3980
 BOND   =       703.2861  ANGLE   =      1750.1404  DIHED      =      1377.6597
 UB     =         0.0000  IMP     =         0.0000  CMAP       =       162.0562
 1-4 NB =       829.9856  1-4 EEL =     10827.7123  VDWAALS    =      8195.9103
 EELEC  =   -104429.1486  EHBOND  =         0.0000  RESTRAINT  =         0.0000
 ------------------------------------------------------------------------------

wrapping first mol.:       43.21423       61.11415        0.00000
wrapping first mol.:       43.21423       61.11415        0.00000
wrapping first mol.:       43.21423       61.11415        0.00000
wrapping first mol.:       43.21423       61.11415        0.00000
wrapping first mol.:       43.21423       61.11415        0.00000
wrapping first mol.:       43.21423       61.11415        0.00000
wrapping first mol.:       43.21423       61.11415        0.00000
wrapping first mol.:       43.21423       61.11415        0.00000
wrapping first mol.:       43.21423       61.11415        0.00000
wrapping first mol.:       43.21423       61.11415        0.00000
wrapping first mol.:       43.21423       61.11415        0.00000

 NSTEP =  1750000   TIME(PS) =    3500.000  TEMP(K) =   299.47  PRESS =     0.0
 Etot   =    -67343.1179  EKtot   =     13296.9600  EPtot      =    -80640.0779
 BOND   =       716.0513  ANGLE   =      1713.8084  DIHED      =      1359.8272
 UB     =         0.0000  IMP     =         0.0000  CMAP       =       152.8568
 1-4 NB =       805.8935  1-4 EEL =     10796.7909  VDWAALS    =      8052.7715
 EELEC  =   -104238.0774  EHBOND  =         0.0000  RESTRAINT  =         0.0000
 ------------------------------------------------------------------------------

wrapping first mol.:       43.21423       61.11415        0.00000
wrapping first mol.:       43.21423       61.11415        0.00000
wrapping first mol.:       43.21423       61.11415        0.00000
wrapping first mol.:       43.21423       61.11415        0.00000
wrapping first mol.:       43.21423       61.11415        0.00000
wrapping first mol.:       43.21423       61.11415        0.00000
wrapping first mol.:       43.21423       61.11415        0.00000
wrapping first mol.:       43.21423       61.11415        0.00000
wrapping first mol.:       43.21423       61.11415        0.00000
wrapping first mol.:       43.21423       61.11415        0.00000
wrapping first mol.:       43.21423       61.11415        0.00000

 NSTEP =  1800000   TIME(PS) =    3600.000  TEMP(K) =   298.94  PRESS =     0.0
 Etot   =    -67279.5094  EKtot   =     13273.4834  EPtot      =    -80552.9928
 BOND   =       690.7436  ANGLE   =      1821.2837  DIHED      =      1359.0137
 UB     =         0.0000  IMP     =         0.0000  CMAP       =       166.4341
 1-4 NB =       806.6548  1-4 EEL =     10801.5253  VDWAALS    =      8245.4938
 EELEC  =   -104444.1417  EHBOND  =         0.0000  RESTRAINT  =         0.0000
 ------------------------------------------------------------------------------

wrapping first mol.:       43.21423       61.11415        0.00000
wrapping first mol.:       43.21423       61.11415        0.00000
wrapping first mol.:       43.21423       61.11415        0.00000
wrapping first mol.:       43.21423       61.11415        0.00000
wrapping first mol.:       43.21423       61.11415        0.00000
wrapping first mol.:       43.21423       61.11415        0.00000
wrapping first mol.:       43.21423       61.11415        0.00000
wrapping first mol.:       43.21423       61.11415        0.00000
wrapping first mol.:       43.21423       61.11415        0.00000
wrapping first mol.:       43.21423       61.11415        0.00000
wrapping first mol.:       43.21423       61.11415        0.00000

 NSTEP =  1850000   TIME(PS) =    3700.000  TEMP(K) =   300.86  PRESS =     0.0
 Etot   =    -67291.3522  EKtot   =     13358.8086  EPtot      =    -80650.1608
 BOND   =       671.2950  ANGLE   =      1711.9453  DIHED      =      1368.9759
 UB     =         0.0000  IMP     =         0.0000  CMAP       =       157.7998
 1-4 NB =       816.4916  1-4 EEL =     10778.8878  VDWAALS    =      7828.8390
 EELEC  =   -103984.3952  EHBOND  =         0.0000  RESTRAINT  =         0.0000
 ------------------------------------------------------------------------------

wrapping first mol.:       43.21423       61.11415        0.00000
wrapping first mol.:       43.21423       61.11415        0.00000
wrapping first mol.:       43.21423       61.11415        0.00000
wrapping first mol.:       43.21423       61.11415        0.00000
wrapping first mol.:       43.21423       61.11415        0.00000
wrapping first mol.:       43.21423       61.11415        0.00000
wrapping first mol.:       43.21423       61.11415        0.00000
wrapping first mol.:       43.21423       61.11415        0.00000
wrapping first mol.:       43.21423       61.11415        0.00000
wrapping first mol.:       43.21423       61.11415        0.00000
wrapping first mol.:       43.21423       61.11415        0.00000

 NSTEP =  1900000   TIME(PS) =    3800.000  TEMP(K) =   294.70  PRESS =     0.0
 Etot   =    -67419.9249  EKtot   =     13085.2432  EPtot      =    -80505.1680
 BOND   =       631.9656  ANGLE   =      1781.7757  DIHED      =      1347.5723
 UB     =         0.0000  IMP     =         0.0000  CMAP       =       157.9886
 1-4 NB =       817.0853  1-4 EEL =     10797.5279  VDWAALS    =      8376.6559
 EELEC  =   -104415.7394  EHBOND  =         0.0000  RESTRAINT  =         0.0000
 ------------------------------------------------------------------------------

wrapping first mol.:       43.21423       61.11415        0.00000
wrapping first mol.:       43.21423       61.11415        0.00000
wrapping first mol.:       43.21423       61.11415        0.00000
wrapping first mol.:       43.21423       61.11415        0.00000
wrapping first mol.:       43.21423       61.11415        0.00000
wrapping first mol.:       43.21423       61.11415        0.00000
wrapping first mol.:       43.21423       61.11415        0.00000
wrapping first mol.:       43.21423       61.11415        0.00000
wrapping first mol.:       43.21423       61.11415        0.00000
wrapping first mol.:       43.21423       61.11415        0.00000
wrapping first mol.:       43.21423       61.11415        0.00000

 NSTEP =  1950000   TIME(PS) =    3900.000  TEMP(K) =   298.48  PRESS =     0.0
 Etot   =    -67215.6241  EKtot   =     13253.2334  EPtot      =    -80468.8575
 BOND   =       662.7659  ANGLE   =      1796.9963  DIHED      =      1352.9590
 UB     =         0.0000  IMP     =         0.0000  CMAP       =       170.6408
 1-4 NB =       816.0299  1-4 EEL =     10751.9126  VDWAALS    =      8377.3493
 EELEC  =   -104397.5113  EHBOND  =         0.0000  RESTRAINT  =         0.0000
 ------------------------------------------------------------------------------

wrapping first mol.:       43.21423       61.11415        0.00000
wrapping first mol.:       43.21423       61.11415        0.00000
wrapping first mol.:       43.21423       61.11415        0.00000
wrapping first mol.:       43.21423       61.11415        0.00000
wrapping first mol.:       43.21423       61.11415        0.00000
wrapping first mol.:       43.21423       61.11415        0.00000
wrapping first mol.:       43.21423       61.11415        0.00000
wrapping first mol.:       43.21423       61.11415        0.00000
wrapping first mol.:       43.21423       61.11415        0.00000
wrapping first mol.:       43.21423       61.11415        0.00000
wrapping first mol.:       43.21423       61.11415        0.00000

 NSTEP =  2000000   TIME(PS) =    4000.000  TEMP(K) =   298.47  PRESS =     0.0
 Etot   =    -67251.4378  EKtot   =     13252.7471  EPtot      =    -80504.1849
 BOND   =       682.7153  ANGLE   =      1748.3221  DIHED      =      1389.3135
 UB     =         0.0000  IMP     =         0.0000  CMAP       =       166.6101
 1-4 NB =       796.0740  1-4 EEL =     10755.5473  VDWAALS    =      8429.0069
 EELEC  =   -104471.7741  EHBOND  =         0.0000  RESTRAINT  =         0.0000
 ------------------------------------------------------------------------------

wrapping first mol.:       43.21423       61.11415        0.00000
wrapping first mol.:       43.21423       61.11415        0.00000
wrapping first mol.:       43.21423       61.11415        0.00000
wrapping first mol.:       43.21423       61.11415        0.00000
wrapping first mol.:       43.21423       61.11415        0.00000
wrapping first mol.:       43.21423       61.11415        0.00000
wrapping first mol.:       43.21423       61.11415        0.00000
wrapping first mol.:       43.21423       61.11415        0.00000
wrapping first mol.:       43.21423       61.11415        0.00000
wrapping first mol.:       43.21423       61.11415        0.00000
wrapping first mol.:       43.21423       61.11415        0.00000

 NSTEP =  2050000   TIME(PS) =    4100.000  TEMP(K) =   299.99  PRESS =     0.0
 Etot   =    -67254.3550  EKtot   =     13319.9932  EPtot      =    -80574.3482
 BOND   =       650.9346  ANGLE   =      1813.5239  DIHED      =      1336.3975
 UB     =         0.0000  IMP     =         0.0000  CMAP       =       159.8437
 1-4 NB =       824.2404  1-4 EEL =     10737.6792  VDWAALS    =      8249.5989
 EELEC  =   -104346.5665  EHBOND  =         0.0000  RESTRAINT  =         0.0000
 ------------------------------------------------------------------------------

wrapping first mol.:       43.21423       61.11415        0.00000
wrapping first mol.:       43.21423       61.11415        0.00000
wrapping first mol.:       43.21423       61.11415        0.00000
wrapping first mol.:       43.21423       61.11415        0.00000
wrapping first mol.:       43.21423       61.11415        0.00000
wrapping first mol.:       43.21423       61.11415        0.00000
wrapping first mol.:       43.21423       61.11415        0.00000
wrapping first mol.:       43.21423       61.11415        0.00000
wrapping first mol.:       43.21423       61.11415        0.00000
wrapping first mol.:       43.21423       61.11415        0.00000
wrapping first mol.:       43.21423       61.11415        0.00000

 NSTEP =  2100000   TIME(PS) =    4200.000  TEMP(K) =   298.49  PRESS =     0.0
 Etot   =    -67225.8070  EKtot   =     13253.4531  EPtot      =    -80479.2601
 BOND   =       666.5273  ANGLE   =      1818.8051  DIHED      =      1363.5194
 UB     =         0.0000  IMP     =         0.0000  CMAP       =       161.6112
 1-4 NB =       818.4360  1-4 EEL =     10752.3925  VDWAALS    =      8345.9769
 EELEC  =   -104406.5285  EHBOND  =         0.0000  RESTRAINT  =         0.0000
 ------------------------------------------------------------------------------

wrapping first mol.:       43.21423       61.11415        0.00000
wrapping first mol.:       43.21423       61.11415        0.00000
wrapping first mol.:       43.21423       61.11415        0.00000
wrapping first mol.:       43.21423       61.11415        0.00000
wrapping first mol.:       43.21423       61.11415        0.00000
wrapping first mol.:       43.21423       61.11415        0.00000
wrapping first mol.:       43.21423       61.11415        0.00000
wrapping first mol.:       43.21423       61.11415        0.00000
wrapping first mol.:       43.21423       61.11415        0.00000
wrapping first mol.:       43.21423       61.11415        0.00000
wrapping first mol.:       43.21423       61.11415        0.00000

 NSTEP =  2150000   TIME(PS) =    4300.000  TEMP(K) =   304.47  PRESS =     0.0
 Etot   =    -66999.2892  EKtot   =     13518.9521  EPtot      =    -80518.2413
 BOND   =       703.0941  ANGLE   =      1763.1190  DIHED      =      1345.2210
 UB     =         0.0000  IMP     =         0.0000  CMAP       =       150.3955
 1-4 NB =       813.2204  1-4 EEL =     10738.8249  VDWAALS    =      8198.2354
 EELEC  =   -104230.3516  EHBOND  =         0.0000  RESTRAINT  =         0.0000
 ------------------------------------------------------------------------------

wrapping first mol.:       43.21423       61.11415        0.00000
wrapping first mol.:       43.21423       61.11415        0.00000
wrapping first mol.:       43.21423       61.11415        0.00000
wrapping first mol.:       43.21423       61.11415        0.00000
wrapping first mol.:       43.21423       61.11415        0.00000
wrapping first mol.:       43.21423       61.11415        0.00000
wrapping first mol.:       43.21423       61.11415        0.00000
wrapping first mol.:       43.21423       61.11415        0.00000
wrapping first mol.:       43.21423       61.11415        0.00000
wrapping first mol.:       43.21423       61.11415        0.00000
wrapping first mol.:       43.21423       61.11415        0.00000

 NSTEP =  2200000   TIME(PS) =    4400.000  TEMP(K) =   302.17  PRESS =     0.0
 Etot   =    -67223.4472  EKtot   =     13416.8672  EPtot      =    -80640.3144
 BOND   =       694.3962  ANGLE   =      1793.0116  DIHED      =      1335.7352
 UB     =         0.0000  IMP     =         0.0000  CMAP       =       164.6366
 1-4 NB =       803.5826  1-4 EEL =     10732.3844  VDWAALS    =      8240.7464
 EELEC  =   -104404.8074  EHBOND  =         0.0000  RESTRAINT  =         0.0000
 ------------------------------------------------------------------------------

wrapping first mol.:       43.21423       61.11415        0.00000
wrapping first mol.:       43.21423       61.11415        0.00000
wrapping first mol.:       43.21423       61.11415        0.00000
wrapping first mol.:       43.21423       61.11415        0.00000
wrapping first mol.:       43.21423       61.11415        0.00000
wrapping first mol.:       43.21423       61.11415        0.00000
wrapping first mol.:       43.21423       61.11415        0.00000
wrapping first mol.:       43.21423       61.11415        0.00000
wrapping first mol.:       43.21423       61.11415        0.00000
wrapping first mol.:       43.21423       61.11415        0.00000
wrapping first mol.:       43.21423       61.11415        0.00000

 NSTEP =  2250000   TIME(PS) =    4500.000  TEMP(K) =   300.34  PRESS =     0.0
 Etot   =    -67374.2243  EKtot   =     13335.7910  EPtot      =    -80710.0153
 BOND   =       679.1471  ANGLE   =      1755.1824  DIHED      =      1352.4934
 UB     =         0.0000  IMP     =         0.0000  CMAP       =       172.5012
 1-4 NB =       809.9236  1-4 EEL =     10759.0539  VDWAALS    =      8227.1362
 EELEC  =   -104465.4530  EHBOND  =         0.0000  RESTRAINT  =         0.0000
 ------------------------------------------------------------------------------

wrapping first mol.:       43.21423       61.11415        0.00000
wrapping first mol.:       43.21423       61.11415        0.00000
wrapping first mol.:       43.21423       61.11415        0.00000
wrapping first mol.:       43.21423       61.11415        0.00000
wrapping first mol.:       43.21423       61.11415        0.00000
wrapping first mol.:       43.21423       61.11415        0.00000
wrapping first mol.:       43.21423       61.11415        0.00000
wrapping first mol.:       43.21423       61.11415        0.00000
wrapping first mol.:       43.21423       61.11415        0.00000
wrapping first mol.:       43.21423       61.11415        0.00000
wrapping first mol.:       43.21423       61.11415        0.00000

 NSTEP =  2300000   TIME(PS) =    4600.000  TEMP(K) =   300.69  PRESS =     0.0
 Etot   =    -67295.4009  EKtot   =     13351.1865  EPtot      =    -80646.5874
 BOND   =       692.8138  ANGLE   =      1715.4905  DIHED      =      1333.7031
 UB     =         0.0000  IMP     =         0.0000  CMAP       =       155.4135
 1-4 NB =       834.3186  1-4 EEL =     10701.8805  VDWAALS    =      8074.9040
 EELEC  =   -104155.1114  EHBOND  =         0.0000  RESTRAINT  =         0.0000
 ------------------------------------------------------------------------------

wrapping first mol.:       43.21423       61.11415        0.00000
wrapping first mol.:       43.21423       61.11415        0.00000
wrapping first mol.:       43.21423       61.11415        0.00000
wrapping first mol.:       43.21423       61.11415        0.00000
wrapping first mol.:       43.21423       61.11415        0.00000
wrapping first mol.:       43.21423       61.11415        0.00000
wrapping first mol.:       43.21423       61.11415        0.00000
wrapping first mol.:       43.21423       61.11415        0.00000
wrapping first mol.:       43.21423       61.11415        0.00000
wrapping first mol.:       43.21423       61.11415        0.00000
wrapping first mol.:       43.21423       61.11415        0.00000

 NSTEP =  2350000   TIME(PS) =    4700.000  TEMP(K) =   298.78  PRESS =     0.0
 Etot   =    -67053.5580  EKtot   =     13266.2998  EPtot      =    -80319.8578
 BOND   =       662.2156  ANGLE   =      1784.3349  DIHED      =      1369.9190
 UB     =         0.0000  IMP     =         0.0000  CMAP       =       166.4695
 1-4 NB =       812.5710  1-4 EEL =     10688.7947  VDWAALS    =      8099.6151
 EELEC  =   -103903.7775  EHBOND  =         0.0000  RESTRAINT  =         0.0000
 ------------------------------------------------------------------------------

wrapping first mol.:       43.21423       61.11415        0.00000
wrapping first mol.:       43.21423       61.11415        0.00000
wrapping first mol.:       43.21423       61.11415        0.00000
wrapping first mol.:       43.21423       61.11415        0.00000
wrapping first mol.:       43.21423       61.11415        0.00000
wrapping first mol.:       43.21423       61.11415        0.00000
wrapping first mol.:       43.21423       61.11415        0.00000
wrapping first mol.:       43.21423       61.11415        0.00000
wrapping first mol.:       43.21423       61.11415        0.00000
wrapping first mol.:       43.21423       61.11415        0.00000
wrapping first mol.:       43.21423       61.11415        0.00000

 NSTEP =  2400000   TIME(PS) =    4800.000  TEMP(K) =   299.16  PRESS =     0.0
 Etot   =    -67178.1522  EKtot   =     13283.0898  EPtot      =    -80461.2420
 BOND   =       664.5231  ANGLE   =      1773.9548  DIHED      =      1363.8017
 UB     =         0.0000  IMP     =         0.0000  CMAP       =       176.3308
 1-4 NB =       798.2850  1-4 EEL =     10731.2221  VDWAALS    =      8144.4222
 EELEC  =   -104113.7817  EHBOND  =         0.0000  RESTRAINT  =         0.0000
 ------------------------------------------------------------------------------

wrapping first mol.:       43.21423       61.11415        0.00000
wrapping first mol.:       43.21423       61.11415        0.00000
wrapping first mol.:       43.21423       61.11415        0.00000
wrapping first mol.:       43.21423       61.11415        0.00000
wrapping first mol.:       43.21423       61.11415        0.00000
wrapping first mol.:       43.21423       61.11415        0.00000
wrapping first mol.:       43.21423       61.11415        0.00000
wrapping first mol.:       43.21423       61.11415        0.00000
wrapping first mol.:       43.21423       61.11415        0.00000
wrapping first mol.:       43.21423       61.11415        0.00000
wrapping first mol.:       43.21423       61.11415        0.00000

 NSTEP =  2450000   TIME(PS) =    4900.000  TEMP(K) =   302.24  PRESS =     0.0
 Etot   =    -67170.2409  EKtot   =     13420.2041  EPtot      =    -80590.4450
 BOND   =       673.6840  ANGLE   =      1793.1836  DIHED      =      1340.6045
 UB     =         0.0000  IMP     =         0.0000  CMAP       =       169.9299
 1-4 NB =       811.4972  1-4 EEL =     10703.5511  VDWAALS    =      8309.5439
 EELEC  =   -104392.4391  EHBOND  =         0.0000  RESTRAINT  =         0.0000
 ------------------------------------------------------------------------------

wrapping first mol.:       43.21423       61.11415        0.00000
wrapping first mol.:       43.21423       61.11415        0.00000
wrapping first mol.:       43.21423       61.11415        0.00000
wrapping first mol.:       43.21423       61.11415        0.00000
wrapping first mol.:       43.21423       61.11415        0.00000
wrapping first mol.:       43.21423       61.11415        0.00000
wrapping first mol.:       43.21423       61.11415        0.00000
wrapping first mol.:       43.21423       61.11415        0.00000
wrapping first mol.:       43.21423       61.11415        0.00000
wrapping first mol.:       43.21423       61.11415        0.00000
wrapping first mol.:       43.21423       61.11415        0.00000

 NSTEP =  2500000   TIME(PS) =    5000.000  TEMP(K) =   301.14  PRESS =     0.0
 Etot   =    -67186.3013  EKtot   =     13371.3105  EPtot      =    -80557.6119
 BOND   =       678.9114  ANGLE   =      1752.3266  DIHED      =      1345.1570
 UB     =         0.0000  IMP     =         0.0000  CMAP       =       161.8992
 1-4 NB =       803.4554  1-4 EEL =     10751.6473  VDWAALS    =      8107.2652
 EELEC  =   -104158.2741  EHBOND  =         0.0000  RESTRAINT  =         0.0000
 ------------------------------------------------------------------------------


      A V E R A G E S   O V E R      50 S T E P S


 NSTEP =  2500000   TIME(PS) =    5000.000  TEMP(K) =   299.90  PRESS =     0.0
 Etot   =    -67223.6596  EKtot   =     13315.8936  EPtot      =    -80539.5531
 BOND   =       679.0310  ANGLE   =      1783.5126  DIHED      =      1354.3058
 UB     =         0.0000  IMP     =         0.0000  CMAP       =       164.8863
 1-4 NB =       815.1025  1-4 EEL =     10756.5327  VDWAALS    =      8205.8267
 EELEC  =   -104298.7506  EHBOND  =         0.0000  RESTRAINT  =         0.0000
 ------------------------------------------------------------------------------


      R M S  F L U C T U A T I O N S


 NSTEP =  2500000   TIME(PS) =    5000.000  TEMP(K) =     1.92  PRESS =     0.0
 Etot   =       139.7333  EKtot   =        85.1622  EPtot      =       115.6485
 BOND   =        19.3289  ANGLE   =        34.8479  DIHED      =        17.3429
 UB     =         0.0000  IMP     =         0.0000  CMAP       =         7.1014
 1-4 NB =         9.9145  1-4 EEL =        36.9961  VDWAALS    =       133.9315
 EELEC  =       165.4465  EHBOND  =         0.0000  RESTRAINT  =         0.0000
 ------------------------------------------------------------------------------

--------------------------------------------------------------------------------
   5.  TIMINGS
--------------------------------------------------------------------------------

|  NonSetup CPU Time in Major Routines:
|
|     Routine           Sec        %
|     ------------------------------
|     Nonbond         246.49   16.23
|     Bond              0.00    0.00
|     Angle             0.00    0.00
|     Dihedral          0.00    0.00
|     Shake            13.34    0.88
|     RunMD          1256.66   82.73
|     Other             2.48    0.16
|     ------------------------------
|     Total          1518.98

|  PME Nonbond Pairlist CPU Time:
|
|     Routine              Sec        %
|     ---------------------------------
|     Set Up Cit           0.00    0.00
|     Build List           0.00    0.00
|     ---------------------------------
|     Total                0.00    0.00

|  PME Direct Force CPU Time:
|
|     Routine              Sec        %
|     ---------------------------------
|     NonBonded Calc       0.00    0.00
|     Exclude Masked       0.00    0.00
|     Other                1.36    0.09
|     ---------------------------------
|     Total                1.36    0.09

|  PME Reciprocal Force CPU Time:
|
|     Routine              Sec        %
|     ---------------------------------
|     1D bspline           0.00    0.00
|     Grid Charges         0.00    0.00
|     Scalar Sum           0.00    0.00
|     Gradient Sum         0.00    0.00
|     FFT                  0.00    0.00
|     ---------------------------------
|     Total                0.00    0.00

|  Final Performance Info:
|     -----------------------------------------------------
|     Average timings for last   50000 steps:
|     Elapsed(s) =      30.41 Per Step(ms) =       0.61
|         ns/day =     284.11   seconds/ns =     304.11
|
|     Average timings for all steps:
|     Elapsed(s) =    1519.23 Per Step(ms) =       0.61
|         ns/day =     284.35   seconds/ns =     303.85
|     -----------------------------------------------------

|  Setup CPU time:            0.65 seconds
|  NonSetup CPU time:      1518.98 seconds
|  Total CPU time:         1519.63 seconds     0.42 hours

|  Setup wall time:           0    seconds
|  NonSetup wall time:     1520    seconds
|  Total wall time:        1520    seconds     0.42 hours
