
          -------------------------------------------------------
          Amber 18 PMEMD                              2018
          -------------------------------------------------------

| PMEMD implementation of SANDER, Release 18

| Run on 08/19/2020 at 20:49:23

|   Executable path: pmemd.cuda
| Working directory: /home/almacen/pbarletta/dynein/run/lb3f/4_pdt
|          Hostname: Unknown
  [-O]verwriting output

File Assignments:
|   MDIN: pre_pdt.in                                                            
|  MDOUT: 0pdt.out                                                              
| INPCRD: 4_lb3f.rst7                                                           
|   PARM: /home/almacen/pbarletta/dynein/top_files/lb3f.prmtop                  
| RESTRT: 0p4_lb3f.rst7                                                         
|   REFC: refc                                                                  
|  MDVEL: mdvel                                                                 
|   MDEN: mden                                                                  
|  MDCRD: 0p4_lb3f.nc                                                           
| MDINFO: mdinfo                                                                
|  MDFRC: mdfrc                                                                 


 Here is the input file:

Production run                                                                 
&cntrl                                                                         
imin = 0,                           ! No Minimization                          
nmropt = 0,                         ! No NMR restraints read                   
                                                                               
! Nature and format of the input                                               
ntx = 5,                            ! Coordinates and velocities will be read  
irest = 1,                          ! Do not run a new simulation              
                                                                               
! Nature and format of the output                                              
ntxo = 1,                           ! rstrt file in ASCII format               
ntpr = 50000,                       ! inf in output every ntpr steps           
ntwr = 50000,                       ! rstrt file every ntwr steps              
ntwx = 5000,                        ! mdcrd file every ntwx steps              
ntwv = 0,                           ! mdvel without velocities                 
ntwe = 0,                           ! Energies and temperatures not written in 
idecomp = 0,                        ! No energy decomposition                  
iwrap = 1,                          ! Coordinates of the restart and mdcrd file
                                                                               
! Frozen or restrained atoms                                                   
ibelly = 0,                         ! No frozen atoms                          
ntr=0,                              ! Harmonic potential restraints            
                                                                               
! Molecular dynamics                                                           
nstlim = 2500000,                   ! Number of MD-steps                       
dt = 0.002,                         ! Time step                                
                                                                               
! Temperature regulation                                                       
ntt = 3,                            ! Langevin thermostat                      
gamma_ln = 2,                       ! Gamma constant for Langevin              
temp0 = 300.0,                      ! Reference T at which the system is to be 
tempi = 300.0,                      ! Initial T                                
ig = -1,                            ! Seed for the RNG                         
                                                                               
! P and V regulation                                                           
!barostat = 1,                      ! Berendsen barostat                       
!taup = 1,                          ! Pressure relaxation time                 
ntp = 0,                            ! constant V                               
ntb = 1,                            ! Periodic box for constant V              
                                                                               
! SHAKE variables                                                              
ntc = 2,                            ! Bonds involving H are constrained        
ntf = 2,                            ! Bond interaction involving H are ommited.
                                                                               
cut = 9.0,                          ! Nonbonded cutoff                         
/                                                                              
&end                                                                           


Note: ig = -1. Setting random seed to   380230 based on wallclock time in 
      microseconds.
| irandom = 1, using AMBER's internal random number generator (default).
 
|--------------------- INFORMATION ----------------------
| GPU (CUDA) Version of PMEMD in use: NVIDIA GPU IN USE.
|                    Version 18.0.0
| 
|                      03/25/2018
| 
| Implementation by:
|                    Ross C. Walker     (SDSC)
|                    Scott Le Grand     (nVIDIA)
| 
| Version 18 performance extensions by:
|                    David Cerutti     (Rutgers)
| 
| Precision model in use:
|      [SPFP] - Single Precision Forces, 64-bit Fixed Point
|               Accumulation. (Default)
| 
|--------------------------------------------------------
 
|----------------- CITATION INFORMATION -----------------
|
|    When publishing work that utilized the CUDA version
|    of AMBER, please cite the following in addition to
|    the regular AMBER citations:
|
|  - Romelia Salomon-Ferrer; Andreas W. Goetz; Duncan
|    Poole; Scott Le Grand; Ross C. Walker "Routine
|    microsecond molecular dynamics simulations with
|    AMBER - Part II: Particle Mesh Ewald", J. Chem.
|    Theory Comput., 2013, 9 (9), pp3878-3888,
|    DOI: 10.1021/ct400314y.
|
|  - Andreas W. Goetz; Mark J. Williamson; Dong Xu;
|    Duncan Poole; Scott Le Grand; Ross C. Walker
|    "Routine microsecond molecular dynamics simulations
|    with AMBER - Part I: Generalized Born", J. Chem.
|    Theory Comput., 2012, 8 (5), pp1542-1555.
|
|  - Scott Le Grand; Andreas W. Goetz; Ross C. Walker
|    "SPFP: Speed without compromise - a mixed precision
|    model for GPU accelerated molecular dynamics
|    simulations.", Comp. Phys. Comm., 2013, 184
|    pp374-380, DOI: 10.1016/j.cpc.2012.09.022
|
|--------------------------------------------------------
 
|------------------- GPU DEVICE INFO --------------------
|
|            CUDA_VISIBLE_DEVICES: 0
|   CUDA Capable Devices Detected:      1
|           CUDA Device ID in use:      0
|                CUDA Device Name: GeForce GTX 1080 Ti
|     CUDA Device Global Mem Size:  11178 MB
| CUDA Device Num Multiprocessors:     28
|           CUDA Device Core Freq:   1.72 GHz
|
|--------------------------------------------------------
 
 
| Conditional Compilation Defines Used:
| PUBFFT
| BINTRAJ
| CUDA
| EMIL

| Largest sphere to fit in unit cell has radius =    26.463

| New format PARM file being parsed.
| Version =    1.000 Date = 08/10/20 Time = 22:12:33

| Note: 1-4 EEL scale factors are being read from the topology file.

| Note: 1-4 VDW scale factors are being read from the topology file.
| Duplicated    0 dihedrals

| Duplicated    0 dihedrals

--------------------------------------------------------------------------------
   1.  RESOURCE   USE: 
--------------------------------------------------------------------------------

 getting new box info from bottom of inpcrd
 NATOM  =   27384 NTYPES =      19 NBONH =   19623 MBONA  =    7793
 NTHETH =    4024 MTHETA =    2516 NPHIH =    8244 MPHIA  =    8106
 NHPARM =       0 NPARM  =       0 NNB   =   61413 NRES   =    6181
 NBONA  =    7793 NTHETA =    2516 NPHIA =    8106 NUMBND =      74
 NUMANG =     176 NPTRA  =     191 NATYP =      38 NPHB   =       1
 IFBOX  =       2 NMXRS  =      24 IFCAP =       0 NEXTRA =    5947
 NCOPY  =       0


| Coordinate Index Table dimensions:    11   11   11
| Direct force subcell size =     5.8928    5.8928    5.8928

     BOX TYPE: TRUNCATED OCTAHEDRON

--------------------------------------------------------------------------------
   2.  CONTROL  DATA  FOR  THE  RUN
--------------------------------------------------------------------------------

default_name                                                                    

General flags:
     imin    =       0, nmropt  =       0

Nature and format of input:
     ntx     =       5, irest   =       1, ntrx    =       1

Nature and format of output:
     ntxo    =       1, ntpr    =   50000, ntrx    =       1, ntwr    =   50000
     iwrap   =       1, ntwx    =    5000, ntwv    =       0, ntwe    =       0
     ioutfm  =       1, ntwprt  =       0, idecomp =       0, rbornstat=      0

Potential function:
     ntf     =       2, ntb     =       1, igb     =       0, nsnb    =      25
     ipol    =       0, gbsa    =       0, iesp    =       0
     dielc   =   1.00000, cut     =   9.00000, intdiel =   1.00000

Frozen or restrained atoms:
     ibelly  =       0, ntr     =       0

Molecular dynamics:
     nstlim  =   2500000, nscm    =      1000, nrespa  =         1
     t       =   0.00000, dt      =   0.00200, vlimit  =  -1.00000

Langevin dynamics temperature regulation:
     ig      =  380230
     temp0   = 300.00000, tempi   = 300.00000, gamma_ln=   2.00000

SHAKE:
     ntc     =       2, jfastw  =       0
     tol     =   0.00001

| Intermolecular bonds treatment:
|     no_intermolecular_bonds =       1

| Energy averages sample interval:
|     ene_avg_sampling =   50000

Extra-points options:
     frameon =       1, chngmask=       1

Ewald parameters:
     verbose =       0, ew_type =       0, nbflag  =       1, use_pme =       1
     vdwmeth =       1, eedmeth =       1, netfrc  =       1
     Box X =   64.821   Box Y =   64.821   Box Z =   64.821
     Alpha =  109.471   Beta  =  109.471   Gamma =  109.471
     NFFT1 =   64       NFFT2 =   64       NFFT3 =   64
     Cutoff=    9.000   Tol   =0.100E-04
     Ewald Coefficient =  0.30768
     Interpolation order =    4
|      EXTRA_PTS, trim_bonds: num bonds BEFORE trim = 19623     0
|      EXTRA_PTS, trim_bonds: num bonds AFTER  trim = 19623     0
|      EXTRA_PTS, trim_bonds: num bonds BEFORE trim =  7793     0
|      EXTRA_PTS, trim_bonds: num bonds AFTER  trim =  1846     0
|      EXTRA_PTS, trim_theta: num angle BEFORE trim =  4024     0
|      EXTRA_PTS, trim_theta: num angle AFTER  trim =  4024     0
|      EXTRA_PTS, trim_theta: num angle BEFORE trim =  2516     0
|      EXTRA_PTS, trim_theta: num angle AFTER  trim =  2516     0
|      EXTRA_PTS, trim_phi:  num diheds BEFORE trim =  8244     0
|      EXTRA_PTS, trim_phi:  num diheds AFTER  trim =  8244     0
|      EXTRA_PTS, trim_phi:  num diheds BEFORE trim =  8106     0
|      EXTRA_PTS, trim_phi:  num diheds AFTER  trim =  8106     0

--------------------------------------------------------------------------------
   3.  ATOMIC COORDINATES AND VELOCITIES
--------------------------------------------------------------------------------

Cpptraj Generated Restart                                                       
 begin time read from input coords =     0.000 ps

 
 Number of triangulated 3-point waters found:     5947

     Sum of charges from parm topology file =   0.00003250
     Forcing neutrality...

| Dynamic Memory, Types Used:
| Reals              889476
| Integers          2165688

| Nonbonded Pairs Initial Allocation:     6243552

| GPU memory information (estimate):
| KB of GPU memory in use:         0
| KB of CPU memory in use:         0

--------------------------------------------------------------------------------
   4.  RESULTS
--------------------------------------------------------------------------------

wrapping first mol.:      -43.21422       30.55708       52.92641
wrapping first mol.:      -43.21422       30.55708       52.92641
wrapping first mol.:      -43.21422       30.55708       52.92641
wrapping first mol.:      -43.21422       30.55708       52.92641
wrapping first mol.:      -43.21422       30.55708       52.92641
wrapping first mol.:      -43.21422       30.55708       52.92641
wrapping first mol.:      -43.21422       30.55708       52.92641
wrapping first mol.:      -43.21422       30.55708       52.92641
wrapping first mol.:      -43.21422       30.55708       52.92641
wrapping first mol.:      -43.21422       30.55708       52.92641
wrapping first mol.:      -43.21422       30.55708       52.92641

 NSTEP =    50000   TIME(PS) =     100.000  TEMP(K) =   300.12  PRESS =     0.0
 Etot   =    -67420.9062  EKtot   =     13325.8047  EPtot      =    -80746.7109
 BOND   =       689.4213  ANGLE   =      1747.4641  DIHED      =      1358.0403
 UB     =         0.0000  IMP     =         0.0000  CMAP       =       170.9484
 1-4 NB =       816.0657  1-4 EEL =     10647.9340  VDWAALS    =      8218.7775
 EELEC  =   -104395.3622  EHBOND  =         0.0000  RESTRAINT  =         0.0000
 ------------------------------------------------------------------------------

wrapping first mol.:      -43.21422       30.55708       52.92641
wrapping first mol.:      -43.21422       30.55708       52.92641
wrapping first mol.:      -43.21422       30.55708       52.92641
wrapping first mol.:      -43.21422       30.55708       52.92641
wrapping first mol.:      -43.21422       30.55708       52.92641
wrapping first mol.:      -43.21422       30.55708       52.92641
wrapping first mol.:      -43.21422       30.55708       52.92641
wrapping first mol.:      -43.21422       30.55708       52.92641
wrapping first mol.:      -43.21422       30.55708       52.92641
wrapping first mol.:      -43.21422       30.55708       52.92641
wrapping first mol.:      -43.21422       30.55708       52.92641

 NSTEP =   100000   TIME(PS) =     200.000  TEMP(K) =   302.09  PRESS =     0.0
 Etot   =    -66985.0014  EKtot   =     13413.2451  EPtot      =    -80398.2465
 BOND   =       670.3627  ANGLE   =      1783.7026  DIHED      =      1325.3918
 UB     =         0.0000  IMP     =         0.0000  CMAP       =       179.4256
 1-4 NB =       820.5348  1-4 EEL =     10600.1588  VDWAALS    =      8280.2581
 EELEC  =   -104058.0809  EHBOND  =         0.0000  RESTRAINT  =         0.0000
 ------------------------------------------------------------------------------

wrapping first mol.:      -43.21422       30.55708       52.92641
wrapping first mol.:      -43.21422       30.55708       52.92641
wrapping first mol.:      -43.21422       30.55708       52.92641
wrapping first mol.:      -43.21422       30.55708       52.92641
wrapping first mol.:      -43.21422       30.55708       52.92641
wrapping first mol.:      -43.21422       30.55708       52.92641
wrapping first mol.:      -43.21422       30.55708       52.92641
wrapping first mol.:      -43.21422       30.55708       52.92641
wrapping first mol.:      -43.21422       30.55708       52.92641
wrapping first mol.:      -43.21422       30.55708       52.92641
wrapping first mol.:      -43.21422       30.55708       52.92641

 NSTEP =   150000   TIME(PS) =     300.000  TEMP(K) =   297.78  PRESS =     0.0
 Etot   =    -67229.9694  EKtot   =     13221.7969  EPtot      =    -80451.7663
 BOND   =       693.2466  ANGLE   =      1765.8862  DIHED      =      1342.6607
 UB     =         0.0000  IMP     =         0.0000  CMAP       =       176.6223
 1-4 NB =       834.7526  1-4 EEL =     10698.7501  VDWAALS    =      8066.3381
 EELEC  =   -104030.0229  EHBOND  =         0.0000  RESTRAINT  =         0.0000
 ------------------------------------------------------------------------------

wrapping first mol.:      -43.21422       30.55708       52.92641
wrapping first mol.:      -43.21422       30.55708       52.92641
wrapping first mol.:      -43.21422       30.55708       52.92641
wrapping first mol.:      -43.21422       30.55708       52.92641
wrapping first mol.:      -43.21422       30.55708       52.92641
wrapping first mol.:      -43.21422       30.55708       52.92641
wrapping first mol.:      -43.21422       30.55708       52.92641
wrapping first mol.:      -43.21422       30.55708       52.92641
wrapping first mol.:      -43.21422       30.55708       52.92641
wrapping first mol.:      -43.21422       30.55708       52.92641
wrapping first mol.:      -43.21422       30.55708       52.92641

 NSTEP =   200000   TIME(PS) =     400.000  TEMP(K) =   303.80  PRESS =     0.0
 Etot   =    -67005.0716  EKtot   =     13489.1533  EPtot      =    -80494.2249
 BOND   =       678.7272  ANGLE   =      1774.0952  DIHED      =      1365.5362
 UB     =         0.0000  IMP     =         0.0000  CMAP       =       174.6949
 1-4 NB =       818.8113  1-4 EEL =     10763.3264  VDWAALS    =      8423.2090
 EELEC  =   -104492.6250  EHBOND  =         0.0000  RESTRAINT  =         0.0000
 ------------------------------------------------------------------------------

wrapping first mol.:      -43.21422       30.55708       52.92641
wrapping first mol.:      -43.21422       30.55708       52.92641
wrapping first mol.:      -43.21422       30.55708       52.92641
wrapping first mol.:      -43.21422       30.55708       52.92641
wrapping first mol.:      -43.21422       30.55708       52.92641
wrapping first mol.:      -43.21422       30.55708       52.92641
wrapping first mol.:      -43.21422       30.55708       52.92641
wrapping first mol.:      -43.21422       30.55708       52.92641
wrapping first mol.:      -43.21422       30.55708       52.92641
wrapping first mol.:      -43.21422       30.55708       52.92641
wrapping first mol.:      -43.21422       30.55708       52.92641

 NSTEP =   250000   TIME(PS) =     500.000  TEMP(K) =   299.44  PRESS =     0.0
 Etot   =    -67226.4406  EKtot   =     13295.7627  EPtot      =    -80522.2033
 BOND   =       709.7365  ANGLE   =      1835.0531  DIHED      =      1336.4515
 UB     =         0.0000  IMP     =         0.0000  CMAP       =       180.0888
 1-4 NB =       811.8501  1-4 EEL =     10738.6707  VDWAALS    =      8201.1908
 EELEC  =   -104335.2448  EHBOND  =         0.0000  RESTRAINT  =         0.0000
 ------------------------------------------------------------------------------

wrapping first mol.:      -43.21422       30.55708       52.92641
wrapping first mol.:      -43.21422       30.55708       52.92641
wrapping first mol.:      -43.21422       30.55708       52.92641
wrapping first mol.:      -43.21422       30.55708       52.92641
wrapping first mol.:      -43.21422       30.55708       52.92641
wrapping first mol.:      -43.21422       30.55708       52.92641
wrapping first mol.:      -43.21422       30.55708       52.92641
wrapping first mol.:      -43.21422       30.55708       52.92641
wrapping first mol.:      -43.21422       30.55708       52.92641
wrapping first mol.:      -43.21422       30.55708       52.92641
wrapping first mol.:      -43.21422       30.55708       52.92641

 NSTEP =   300000   TIME(PS) =     600.000  TEMP(K) =   298.08  PRESS =     0.0
 Etot   =    -67261.1418  EKtot   =     13235.3545  EPtot      =    -80496.4963
 BOND   =       654.8860  ANGLE   =      1785.9550  DIHED      =      1356.1118
 UB     =         0.0000  IMP     =         0.0000  CMAP       =       170.9564
 1-4 NB =       821.1553  1-4 EEL =     10713.6280  VDWAALS    =      8123.7339
 EELEC  =   -104122.9228  EHBOND  =         0.0000  RESTRAINT  =         0.0000
 ------------------------------------------------------------------------------

wrapping first mol.:      -43.21422       30.55708       52.92641
wrapping first mol.:      -43.21422       30.55708       52.92641
wrapping first mol.:      -43.21422       30.55708       52.92641
wrapping first mol.:      -43.21422       30.55708       52.92641
wrapping first mol.:      -43.21422       30.55708       52.92641
wrapping first mol.:      -43.21422       30.55708       52.92641
wrapping first mol.:      -43.21422       30.55708       52.92641
wrapping first mol.:      -43.21422       30.55708       52.92641
wrapping first mol.:      -43.21422       30.55708       52.92641
wrapping first mol.:      -43.21422       30.55708       52.92641
wrapping first mol.:      -43.21422       30.55708       52.92641

 NSTEP =   350000   TIME(PS) =     700.000  TEMP(K) =   302.51  PRESS =     0.0
 Etot   =    -67095.1138  EKtot   =     13431.9131  EPtot      =    -80527.0269
 BOND   =       638.8702  ANGLE   =      1775.0242  DIHED      =      1370.4778
 UB     =         0.0000  IMP     =         0.0000  CMAP       =       193.6415
 1-4 NB =       810.6866  1-4 EEL =     10757.5028  VDWAALS    =      8268.2194
 EELEC  =   -104341.4495  EHBOND  =         0.0000  RESTRAINT  =         0.0000
 ------------------------------------------------------------------------------

wrapping first mol.:      -43.21422       30.55708       52.92641
wrapping first mol.:      -43.21422       30.55708       52.92641
wrapping first mol.:      -43.21422       30.55708       52.92641
wrapping first mol.:      -43.21422       30.55708       52.92641
wrapping first mol.:      -43.21422       30.55708       52.92641
wrapping first mol.:      -43.21422       30.55708       52.92641
wrapping first mol.:      -43.21422       30.55708       52.92641
wrapping first mol.:      -43.21422       30.55708       52.92641
wrapping first mol.:      -43.21422       30.55708       52.92641
wrapping first mol.:      -43.21422       30.55708       52.92641
wrapping first mol.:      -43.21422       30.55708       52.92641

 NSTEP =   400000   TIME(PS) =     800.000  TEMP(K) =   299.81  PRESS =     0.0
 Etot   =    -67336.0768  EKtot   =     13312.3164  EPtot      =    -80648.3932
 BOND   =       686.7415  ANGLE   =      1771.8542  DIHED      =      1348.5066
 UB     =         0.0000  IMP     =         0.0000  CMAP       =       181.9086
 1-4 NB =       824.4879  1-4 EEL =     10768.1111  VDWAALS    =      8163.9492
 EELEC  =   -104393.9524  EHBOND  =         0.0000  RESTRAINT  =         0.0000
 ------------------------------------------------------------------------------

wrapping first mol.:      -43.21422       30.55708       52.92641
wrapping first mol.:      -43.21422       30.55708       52.92641
wrapping first mol.:      -43.21422       30.55708       52.92641
wrapping first mol.:      -43.21422       30.55708       52.92641
wrapping first mol.:      -43.21422       30.55708       52.92641
wrapping first mol.:      -43.21422       30.55708       52.92641
wrapping first mol.:      -43.21422       30.55708       52.92641
wrapping first mol.:      -43.21422       30.55708       52.92641
wrapping first mol.:      -43.21422       30.55708       52.92641
wrapping first mol.:      -43.21422       30.55708       52.92641
wrapping first mol.:      -43.21422       30.55708       52.92641

 NSTEP =   450000   TIME(PS) =     900.000  TEMP(K) =   300.99  PRESS =     0.0
 Etot   =    -66988.4886  EKtot   =     13364.2959  EPtot      =    -80352.7845
 BOND   =       714.0041  ANGLE   =      1752.7717  DIHED      =      1325.3720
 UB     =         0.0000  IMP     =         0.0000  CMAP       =       188.7233
 1-4 NB =       811.7278  1-4 EEL =     10765.4169  VDWAALS    =      7980.5468
 EELEC  =   -103891.3471  EHBOND  =         0.0000  RESTRAINT  =         0.0000
 ------------------------------------------------------------------------------

wrapping first mol.:      -43.21422       30.55708       52.92641
wrapping first mol.:      -43.21422       30.55708       52.92641
wrapping first mol.:      -43.21422       30.55708       52.92641
wrapping first mol.:      -43.21422       30.55708       52.92641
wrapping first mol.:      -43.21422       30.55708       52.92641
wrapping first mol.:      -43.21422       30.55708       52.92641
wrapping first mol.:      -43.21422       30.55708       52.92641
wrapping first mol.:      -43.21422       30.55708       52.92641
wrapping first mol.:      -43.21422       30.55708       52.92641
wrapping first mol.:      -43.21422       30.55708       52.92641
wrapping first mol.:      -43.21422       30.55708       52.92641

 NSTEP =   500000   TIME(PS) =    1000.000  TEMP(K) =   301.08  PRESS =     0.0
 Etot   =    -67075.9658  EKtot   =     13368.4189  EPtot      =    -80444.3848
 BOND   =       661.6153  ANGLE   =      1807.6841  DIHED      =      1354.7435
 UB     =         0.0000  IMP     =         0.0000  CMAP       =       171.9153
 1-4 NB =       831.9768  1-4 EEL =     10739.3827  VDWAALS    =      8127.4275
 EELEC  =   -104139.1299  EHBOND  =         0.0000  RESTRAINT  =         0.0000
 ------------------------------------------------------------------------------

wrapping first mol.:      -43.21422       30.55708       52.92641
wrapping first mol.:      -43.21422       30.55708       52.92641
wrapping first mol.:      -43.21422       30.55708       52.92641
wrapping first mol.:      -43.21422       30.55708       52.92641
wrapping first mol.:      -43.21422       30.55708       52.92641
wrapping first mol.:      -43.21422       30.55708       52.92641
wrapping first mol.:      -43.21422       30.55708       52.92641
wrapping first mol.:      -43.21422       30.55708       52.92641
wrapping first mol.:      -43.21422       30.55708       52.92641
wrapping first mol.:      -43.21422       30.55708       52.92641
wrapping first mol.:      -43.21422       30.55708       52.92641

 NSTEP =   550000   TIME(PS) =    1100.000  TEMP(K) =   299.97  PRESS =     0.0
 Etot   =    -67584.0598  EKtot   =     13319.4121  EPtot      =    -80903.4719
 BOND   =       637.6064  ANGLE   =      1715.1842  DIHED      =      1350.7666
 UB     =         0.0000  IMP     =         0.0000  CMAP       =       180.3863
 1-4 NB =       821.4089  1-4 EEL =     10772.6721  VDWAALS    =      8297.8900
 EELEC  =   -104679.3864  EHBOND  =         0.0000  RESTRAINT  =         0.0000
 ------------------------------------------------------------------------------

wrapping first mol.:      -43.21422       30.55708       52.92641
wrapping first mol.:      -43.21422       30.55708       52.92641
wrapping first mol.:      -43.21422       30.55708       52.92641
wrapping first mol.:      -43.21422       30.55708       52.92641
wrapping first mol.:      -43.21422       30.55708       52.92641
wrapping first mol.:      -43.21422       30.55708       52.92641
wrapping first mol.:      -43.21422       30.55708       52.92641
wrapping first mol.:      -43.21422       30.55708       52.92641
wrapping first mol.:      -43.21422       30.55708       52.92641
wrapping first mol.:      -43.21422       30.55708       52.92641
wrapping first mol.:      -43.21422       30.55708       52.92641

 NSTEP =   600000   TIME(PS) =    1200.000  TEMP(K) =   301.34  PRESS =     0.0
 Etot   =    -67273.8702  EKtot   =     13379.8232  EPtot      =    -80653.6934
 BOND   =       681.3520  ANGLE   =      1798.8465  DIHED      =      1370.8310
 UB     =         0.0000  IMP     =         0.0000  CMAP       =       171.1897
 1-4 NB =       806.2528  1-4 EEL =     10766.4692  VDWAALS    =      8307.8684
 EELEC  =   -104556.5030  EHBOND  =         0.0000  RESTRAINT  =         0.0000
 ------------------------------------------------------------------------------

wrapping first mol.:      -43.21422       30.55708       52.92641
wrapping first mol.:      -43.21422       30.55708       52.92641
wrapping first mol.:      -43.21422       30.55708       52.92641
wrapping first mol.:      -43.21422       30.55708       52.92641
wrapping first mol.:      -43.21422       30.55708       52.92641
wrapping first mol.:      -43.21422       30.55708       52.92641
wrapping first mol.:      -43.21422       30.55708       52.92641
wrapping first mol.:      -43.21422       30.55708       52.92641
wrapping first mol.:      -43.21422       30.55708       52.92641
wrapping first mol.:      -43.21422       30.55708       52.92641
wrapping first mol.:      -43.21422       30.55708       52.92641

 NSTEP =   650000   TIME(PS) =    1300.000  TEMP(K) =   301.96  PRESS =     0.0
 Etot   =    -66882.5537  EKtot   =     13407.3584  EPtot      =    -80289.9121
 BOND   =       661.4807  ANGLE   =      1809.6602  DIHED      =      1363.4325
 UB     =         0.0000  IMP     =         0.0000  CMAP       =       181.5532
 1-4 NB =       830.9912  1-4 EEL =     10814.3845  VDWAALS    =      8128.9214
 EELEC  =   -104080.3357  EHBOND  =         0.0000  RESTRAINT  =         0.0000
 ------------------------------------------------------------------------------

wrapping first mol.:      -43.21422       30.55708       52.92641
wrapping first mol.:      -43.21422       30.55708       52.92641
wrapping first mol.:      -43.21422       30.55708       52.92641
wrapping first mol.:      -43.21422       30.55708       52.92641
wrapping first mol.:      -43.21422       30.55708       52.92641
wrapping first mol.:      -43.21422       30.55708       52.92641
wrapping first mol.:      -43.21422       30.55708       52.92641
wrapping first mol.:      -43.21422       30.55708       52.92641
wrapping first mol.:      -43.21422       30.55708       52.92641
wrapping first mol.:      -43.21422       30.55708       52.92641
wrapping first mol.:      -43.21422       30.55708       52.92641

 NSTEP =   700000   TIME(PS) =    1400.000  TEMP(K) =   301.63  PRESS =     0.0
 Etot   =    -67063.0180  EKtot   =     13393.1152  EPtot      =    -80456.1333
 BOND   =       648.8530  ANGLE   =      1830.7362  DIHED      =      1355.0199
 UB     =         0.0000  IMP     =         0.0000  CMAP       =       187.6483
 1-4 NB =       788.6173  1-4 EEL =     10724.9601  VDWAALS    =      8127.3120
 EELEC  =   -104119.2800  EHBOND  =         0.0000  RESTRAINT  =         0.0000
 ------------------------------------------------------------------------------

wrapping first mol.:      -43.21422       30.55708       52.92641
wrapping first mol.:      -43.21422       30.55708       52.92641
wrapping first mol.:      -43.21422       30.55708       52.92641
wrapping first mol.:      -43.21422       30.55708       52.92641
wrapping first mol.:      -43.21422       30.55708       52.92641
wrapping first mol.:      -43.21422       30.55708       52.92641
wrapping first mol.:      -43.21422       30.55708       52.92641
wrapping first mol.:      -43.21422       30.55708       52.92641
wrapping first mol.:      -43.21422       30.55708       52.92641
wrapping first mol.:      -43.21422       30.55708       52.92641
wrapping first mol.:      -43.21422       30.55708       52.92641

 NSTEP =   750000   TIME(PS) =    1500.000  TEMP(K) =   298.73  PRESS =     0.0
 Etot   =    -67402.6701  EKtot   =     13264.2520  EPtot      =    -80666.9220
 BOND   =       670.5061  ANGLE   =      1743.4867  DIHED      =      1345.6772
 UB     =         0.0000  IMP     =         0.0000  CMAP       =       164.5077
 1-4 NB =       809.9400  1-4 EEL =     10704.0285  VDWAALS    =      8307.8182
 EELEC  =   -104412.8864  EHBOND  =         0.0000  RESTRAINT  =         0.0000
 ------------------------------------------------------------------------------

wrapping first mol.:      -43.21422       30.55708       52.92641
wrapping first mol.:      -43.21422       30.55708       52.92641
wrapping first mol.:      -43.21422       30.55708       52.92641
wrapping first mol.:      -43.21422       30.55708       52.92641
wrapping first mol.:      -43.21422       30.55708       52.92641
wrapping first mol.:      -43.21422       30.55708       52.92641
wrapping first mol.:      -43.21422       30.55708       52.92641
wrapping first mol.:      -43.21422       30.55708       52.92641
wrapping first mol.:      -43.21422       30.55708       52.92641
wrapping first mol.:      -43.21422       30.55708       52.92641
wrapping first mol.:      -43.21422       30.55708       52.92641

 NSTEP =   800000   TIME(PS) =    1600.000  TEMP(K) =   299.69  PRESS =     0.0
 Etot   =    -67501.0292  EKtot   =     13306.8271  EPtot      =    -80807.8563
 BOND   =       670.1093  ANGLE   =      1750.1110  DIHED      =      1339.9089
 UB     =         0.0000  IMP     =         0.0000  CMAP       =       169.1438
 1-4 NB =       817.3829  1-4 EEL =     10713.9973  VDWAALS    =      8419.0894
 EELEC  =   -104687.5989  EHBOND  =         0.0000  RESTRAINT  =         0.0000
 ------------------------------------------------------------------------------

wrapping first mol.:      -43.21422       30.55708       52.92641
wrapping first mol.:      -43.21422       30.55708       52.92641
wrapping first mol.:      -43.21422       30.55708       52.92641
wrapping first mol.:      -43.21422       30.55708       52.92641
wrapping first mol.:      -43.21422       30.55708       52.92641
wrapping first mol.:      -43.21422       30.55708       52.92641
wrapping first mol.:      -43.21422       30.55708       52.92641
wrapping first mol.:      -43.21422       30.55708       52.92641
wrapping first mol.:      -43.21422       30.55708       52.92641
wrapping first mol.:      -43.21422       30.55708       52.92641
wrapping first mol.:      -43.21422       30.55708       52.92641

 NSTEP =   850000   TIME(PS) =    1700.000  TEMP(K) =   302.62  PRESS =     0.0
 Etot   =    -67070.4163  EKtot   =     13436.7803  EPtot      =    -80507.1966
 BOND   =       623.4581  ANGLE   =      1806.8033  DIHED      =      1371.2695
 UB     =         0.0000  IMP     =         0.0000  CMAP       =       166.2986
 1-4 NB =       819.1621  1-4 EEL =     10718.2374  VDWAALS    =      8242.7587
 EELEC  =   -104255.1844  EHBOND  =         0.0000  RESTRAINT  =         0.0000
 ------------------------------------------------------------------------------

wrapping first mol.:      -43.21422       30.55708       52.92641
wrapping first mol.:      -43.21422       30.55708       52.92641
wrapping first mol.:      -43.21422       30.55708       52.92641
wrapping first mol.:      -43.21422       30.55708       52.92641
wrapping first mol.:      -43.21422       30.55708       52.92641
wrapping first mol.:      -43.21422       30.55708       52.92641
wrapping first mol.:      -43.21422       30.55708       52.92641
wrapping first mol.:      -43.21422       30.55708       52.92641
wrapping first mol.:      -43.21422       30.55708       52.92641
wrapping first mol.:      -43.21422       30.55708       52.92641
wrapping first mol.:      -43.21422       30.55708       52.92641

 NSTEP =   900000   TIME(PS) =    1800.000  TEMP(K) =   294.82  PRESS =     0.0
 Etot   =    -67273.1559  EKtot   =     13090.4648  EPtot      =    -80363.6207
 BOND   =       671.5036  ANGLE   =      1767.5577  DIHED      =      1356.8371
 UB     =         0.0000  IMP     =         0.0000  CMAP       =       181.2979
 1-4 NB =       816.3881  1-4 EEL =     10750.0279  VDWAALS    =      8205.8935
 EELEC  =   -104113.1265  EHBOND  =         0.0000  RESTRAINT  =         0.0000
 ------------------------------------------------------------------------------

wrapping first mol.:      -43.21422       30.55708       52.92641
wrapping first mol.:      -43.21422       30.55708       52.92641
wrapping first mol.:      -43.21422       30.55708       52.92641
wrapping first mol.:      -43.21422       30.55708       52.92641
wrapping first mol.:      -43.21422       30.55708       52.92641
wrapping first mol.:      -43.21422       30.55708       52.92641
wrapping first mol.:      -43.21422       30.55708       52.92641
wrapping first mol.:      -43.21422       30.55708       52.92641
wrapping first mol.:      -43.21422       30.55708       52.92641
wrapping first mol.:      -43.21422       30.55708       52.92641
wrapping first mol.:      -43.21422       30.55708       52.92641

 NSTEP =   950000   TIME(PS) =    1900.000  TEMP(K) =   302.90  PRESS =     0.0
 Etot   =    -67091.8828  EKtot   =     13449.2920  EPtot      =    -80541.1748
 BOND   =       669.5289  ANGLE   =      1759.5751  DIHED      =      1343.5033
 UB     =         0.0000  IMP     =         0.0000  CMAP       =       167.0438
 1-4 NB =       825.9011  1-4 EEL =     10763.7986  VDWAALS    =      8142.1493
 EELEC  =   -104212.6748  EHBOND  =         0.0000  RESTRAINT  =         0.0000
 ------------------------------------------------------------------------------

wrapping first mol.:      -43.21422       30.55708       52.92641
wrapping first mol.:      -43.21422       30.55708       52.92641
wrapping first mol.:      -43.21422       30.55708       52.92641
wrapping first mol.:      -43.21422       30.55708       52.92641
wrapping first mol.:      -43.21422       30.55708       52.92641
wrapping first mol.:      -43.21422       30.55708       52.92641
wrapping first mol.:      -43.21422       30.55708       52.92641
wrapping first mol.:      -43.21422       30.55708       52.92641
wrapping first mol.:      -43.21422       30.55708       52.92641
wrapping first mol.:      -43.21422       30.55708       52.92641
wrapping first mol.:      -43.21422       30.55708       52.92641

 NSTEP =  1000000   TIME(PS) =    2000.000  TEMP(K) =   301.69  PRESS =     0.0
 Etot   =    -67027.0555  EKtot   =     13395.4443  EPtot      =    -80422.4998
 BOND   =       733.3482  ANGLE   =      1752.4029  DIHED      =      1343.4805
 UB     =         0.0000  IMP     =         0.0000  CMAP       =       175.2202
 1-4 NB =       829.6109  1-4 EEL =     10758.9475  VDWAALS    =      8271.1194
 EELEC  =   -104286.6294  EHBOND  =         0.0000  RESTRAINT  =         0.0000
 ------------------------------------------------------------------------------

wrapping first mol.:      -43.21422       30.55708       52.92641
wrapping first mol.:      -43.21422       30.55708       52.92641
wrapping first mol.:      -43.21422       30.55708       52.92641
wrapping first mol.:      -43.21422       30.55708       52.92641
wrapping first mol.:      -43.21422       30.55708       52.92641
wrapping first mol.:      -43.21422       30.55708       52.92641
wrapping first mol.:      -43.21422       30.55708       52.92641
wrapping first mol.:      -43.21422       30.55708       52.92641
wrapping first mol.:      -43.21422       30.55708       52.92641
wrapping first mol.:      -43.21422       30.55708       52.92641
wrapping first mol.:      -43.21422       30.55708       52.92641

 NSTEP =  1050000   TIME(PS) =    2100.000  TEMP(K) =   296.54  PRESS =     0.0
 Etot   =    -67400.9490  EKtot   =     13166.8809  EPtot      =    -80567.8298
 BOND   =       673.1283  ANGLE   =      1805.8637  DIHED      =      1334.1970
 UB     =         0.0000  IMP     =         0.0000  CMAP       =       170.1375
 1-4 NB =       805.9139  1-4 EEL =     10689.2173  VDWAALS    =      8202.8246
 EELEC  =   -104249.1120  EHBOND  =         0.0000  RESTRAINT  =         0.0000
 ------------------------------------------------------------------------------

wrapping first mol.:      -43.21422       30.55708       52.92641
wrapping first mol.:      -43.21422       30.55708       52.92641
wrapping first mol.:      -43.21422       30.55708       52.92641
wrapping first mol.:      -43.21422       30.55708       52.92641
wrapping first mol.:      -43.21422       30.55708       52.92641
wrapping first mol.:      -43.21422       30.55708       52.92641
wrapping first mol.:      -43.21422       30.55708       52.92641
wrapping first mol.:      -43.21422       30.55708       52.92641
wrapping first mol.:      -43.21422       30.55708       52.92641
wrapping first mol.:      -43.21422       30.55708       52.92641
wrapping first mol.:      -43.21422       30.55708       52.92641

 NSTEP =  1100000   TIME(PS) =    2200.000  TEMP(K) =   303.66  PRESS =     0.0
 Etot   =    -67084.3596  EKtot   =     13482.9014  EPtot      =    -80567.2610
 BOND   =       687.0166  ANGLE   =      1821.2600  DIHED      =      1324.6737
 UB     =         0.0000  IMP     =         0.0000  CMAP       =       179.6580
 1-4 NB =       812.6982  1-4 EEL =     10692.8073  VDWAALS    =      8225.3202
 EELEC  =   -104310.6951  EHBOND  =         0.0000  RESTRAINT  =         0.0000
 ------------------------------------------------------------------------------

wrapping first mol.:      -43.21422       30.55708       52.92641
wrapping first mol.:      -43.21422       30.55708       52.92641
wrapping first mol.:      -43.21422       30.55708       52.92641
wrapping first mol.:      -43.21422       30.55708       52.92641
wrapping first mol.:      -43.21422       30.55708       52.92641
wrapping first mol.:      -43.21422       30.55708       52.92641
wrapping first mol.:      -43.21422       30.55708       52.92641
wrapping first mol.:      -43.21422       30.55708       52.92641
wrapping first mol.:      -43.21422       30.55708       52.92641
wrapping first mol.:      -43.21422       30.55708       52.92641
wrapping first mol.:      -43.21422       30.55708       52.92641

 NSTEP =  1150000   TIME(PS) =    2300.000  TEMP(K) =   299.62  PRESS =     0.0
 Etot   =    -67236.2040  EKtot   =     13303.5635  EPtot      =    -80539.7675
 BOND   =       665.1436  ANGLE   =      1777.8314  DIHED      =      1340.7158
 UB     =         0.0000  IMP     =         0.0000  CMAP       =       178.2343
 1-4 NB =       812.5340  1-4 EEL =     10728.3362  VDWAALS    =      8163.6749
 EELEC  =   -104206.2378  EHBOND  =         0.0000  RESTRAINT  =         0.0000
 ------------------------------------------------------------------------------

wrapping first mol.:      -43.21422       30.55708       52.92641
wrapping first mol.:      -43.21422       30.55708       52.92641
wrapping first mol.:      -43.21422       30.55708       52.92641
wrapping first mol.:      -43.21422       30.55708       52.92641
wrapping first mol.:      -43.21422       30.55708       52.92641
wrapping first mol.:      -43.21422       30.55708       52.92641
wrapping first mol.:      -43.21422       30.55708       52.92641
wrapping first mol.:      -43.21422       30.55708       52.92641
wrapping first mol.:      -43.21422       30.55708       52.92641
wrapping first mol.:      -43.21422       30.55708       52.92641
wrapping first mol.:      -43.21422       30.55708       52.92641

 NSTEP =  1200000   TIME(PS) =    2400.000  TEMP(K) =   300.44  PRESS =     0.0
 Etot   =    -67036.9209  EKtot   =     13340.1934  EPtot      =    -80377.1142
 BOND   =       707.2027  ANGLE   =      1795.3045  DIHED      =      1345.4001
 UB     =         0.0000  IMP     =         0.0000  CMAP       =       167.2524
 1-4 NB =       823.6092  1-4 EEL =     10680.1517  VDWAALS    =      8145.3557
 EELEC  =   -104041.3905  EHBOND  =         0.0000  RESTRAINT  =         0.0000
 ------------------------------------------------------------------------------

wrapping first mol.:      -43.21422       30.55708       52.92641
wrapping first mol.:      -43.21422       30.55708       52.92641
wrapping first mol.:      -43.21422       30.55708       52.92641
wrapping first mol.:      -43.21422       30.55708       52.92641
wrapping first mol.:      -43.21422       30.55708       52.92641
wrapping first mol.:      -43.21422       30.55708       52.92641
wrapping first mol.:      -43.21422       30.55708       52.92641
wrapping first mol.:      -43.21422       30.55708       52.92641
wrapping first mol.:      -43.21422       30.55708       52.92641
wrapping first mol.:      -43.21422       30.55708       52.92641
wrapping first mol.:      -43.21422       30.55708       52.92641

 NSTEP =  1250000   TIME(PS) =    2500.000  TEMP(K) =   300.44  PRESS =     0.0
 Etot   =    -67093.9433  EKtot   =     13340.2607  EPtot      =    -80434.2041
 BOND   =       656.2733  ANGLE   =      1828.9104  DIHED      =      1341.5236
 UB     =         0.0000  IMP     =         0.0000  CMAP       =       168.9589
 1-4 NB =       823.7614  1-4 EEL =     10709.1735  VDWAALS    =      8102.8994
 EELEC  =   -104065.7046  EHBOND  =         0.0000  RESTRAINT  =         0.0000
 ------------------------------------------------------------------------------

wrapping first mol.:      -43.21422       30.55708       52.92641
wrapping first mol.:      -43.21422       30.55708       52.92641
wrapping first mol.:      -43.21422       30.55708       52.92641
wrapping first mol.:      -43.21422       30.55708       52.92641
wrapping first mol.:      -43.21422       30.55708       52.92641
wrapping first mol.:      -43.21422       30.55708       52.92641
wrapping first mol.:      -43.21422       30.55708       52.92641
wrapping first mol.:      -43.21422       30.55708       52.92641
wrapping first mol.:      -43.21422       30.55708       52.92641
wrapping first mol.:      -43.21422       30.55708       52.92641
wrapping first mol.:      -43.21422       30.55708       52.92641

 NSTEP =  1300000   TIME(PS) =    2600.000  TEMP(K) =   303.73  PRESS =     0.0
 Etot   =    -66848.3439  EKtot   =     13486.1865  EPtot      =    -80334.5304
 BOND   =       679.9356  ANGLE   =      1809.2091  DIHED      =      1326.5363
 UB     =         0.0000  IMP     =         0.0000  CMAP       =       176.0100
 1-4 NB =       812.4144  1-4 EEL =     10758.6417  VDWAALS    =      8125.7362
 EELEC  =   -104023.0137  EHBOND  =         0.0000  RESTRAINT  =         0.0000
 ------------------------------------------------------------------------------

wrapping first mol.:      -43.21422       30.55708       52.92641
wrapping first mol.:      -43.21422       30.55708       52.92641
wrapping first mol.:      -43.21422       30.55708       52.92641
wrapping first mol.:      -43.21422       30.55708       52.92641
wrapping first mol.:      -43.21422       30.55708       52.92641
wrapping first mol.:      -43.21422       30.55708       52.92641
wrapping first mol.:      -43.21422       30.55708       52.92641
wrapping first mol.:      -43.21422       30.55708       52.92641
wrapping first mol.:      -43.21422       30.55708       52.92641
wrapping first mol.:      -43.21422       30.55708       52.92641
wrapping first mol.:      -43.21422       30.55708       52.92641

 NSTEP =  1350000   TIME(PS) =    2700.000  TEMP(K) =   299.59  PRESS =     0.0
 Etot   =    -67271.9254  EKtot   =     13302.5605  EPtot      =    -80574.4860
 BOND   =       698.5579  ANGLE   =      1818.8972  DIHED      =      1335.1360
 UB     =         0.0000  IMP     =         0.0000  CMAP       =       168.7366
 1-4 NB =       798.9580  1-4 EEL =     10643.3653  VDWAALS    =      8109.1012
 EELEC  =   -104147.2383  EHBOND  =         0.0000  RESTRAINT  =         0.0000
 ------------------------------------------------------------------------------

wrapping first mol.:      -43.21422       30.55708       52.92641
wrapping first mol.:      -43.21422       30.55708       52.92641
wrapping first mol.:      -43.21422       30.55708       52.92641
wrapping first mol.:      -43.21422       30.55708       52.92641
wrapping first mol.:      -43.21422       30.55708       52.92641
wrapping first mol.:      -43.21422       30.55708       52.92641
wrapping first mol.:      -43.21422       30.55708       52.92641
wrapping first mol.:      -43.21422       30.55708       52.92641
wrapping first mol.:      -43.21422       30.55708       52.92641
wrapping first mol.:      -43.21422       30.55708       52.92641
wrapping first mol.:      -43.21422       30.55708       52.92641

 NSTEP =  1400000   TIME(PS) =    2800.000  TEMP(K) =   300.20  PRESS =     0.0
 Etot   =    -67304.2077  EKtot   =     13329.4619  EPtot      =    -80633.6696
 BOND   =       703.6397  ANGLE   =      1791.6312  DIHED      =      1335.1771
 UB     =         0.0000  IMP     =         0.0000  CMAP       =       175.2974
 1-4 NB =       818.8287  1-4 EEL =     10731.2438  VDWAALS    =      8098.5446
 EELEC  =   -104288.0320  EHBOND  =         0.0000  RESTRAINT  =         0.0000
 ------------------------------------------------------------------------------

wrapping first mol.:      -43.21422       30.55708       52.92641
wrapping first mol.:      -43.21422       30.55708       52.92641
wrapping first mol.:      -43.21422       30.55708       52.92641
wrapping first mol.:      -43.21422       30.55708       52.92641
wrapping first mol.:      -43.21422       30.55708       52.92641
wrapping first mol.:      -43.21422       30.55708       52.92641
wrapping first mol.:      -43.21422       30.55708       52.92641
wrapping first mol.:      -43.21422       30.55708       52.92641
wrapping first mol.:      -43.21422       30.55708       52.92641
wrapping first mol.:      -43.21422       30.55708       52.92641
wrapping first mol.:      -43.21422       30.55708       52.92641

 NSTEP =  1450000   TIME(PS) =    2900.000  TEMP(K) =   300.30  PRESS =     0.0
 Etot   =    -67370.4721  EKtot   =     13333.7178  EPtot      =    -80704.1899
 BOND   =       671.0771  ANGLE   =      1734.8977  DIHED      =      1322.4516
 UB     =         0.0000  IMP     =         0.0000  CMAP       =       171.6871
 1-4 NB =       791.6878  1-4 EEL =     10697.0686  VDWAALS    =      8212.3028
 EELEC  =   -104305.3626  EHBOND  =         0.0000  RESTRAINT  =         0.0000
 ------------------------------------------------------------------------------

wrapping first mol.:      -43.21422       30.55708       52.92641
wrapping first mol.:      -43.21422       30.55708       52.92641
wrapping first mol.:      -43.21422       30.55708       52.92641
wrapping first mol.:      -43.21422       30.55708       52.92641
wrapping first mol.:      -43.21422       30.55708       52.92641
wrapping first mol.:      -43.21422       30.55708       52.92641
wrapping first mol.:      -43.21422       30.55708       52.92641
wrapping first mol.:      -43.21422       30.55708       52.92641
wrapping first mol.:      -43.21422       30.55708       52.92641
wrapping first mol.:      -43.21422       30.55708       52.92641
wrapping first mol.:      -43.21422       30.55708       52.92641

 NSTEP =  1500000   TIME(PS) =    3000.000  TEMP(K) =   296.65  PRESS =     0.0
 Etot   =    -67246.9885  EKtot   =     13171.7900  EPtot      =    -80418.7785
 BOND   =       711.7060  ANGLE   =      1818.2661  DIHED      =      1342.7579
 UB     =         0.0000  IMP     =         0.0000  CMAP       =       182.7148
 1-4 NB =       815.4831  1-4 EEL =     10688.2265  VDWAALS    =      8029.8669
 EELEC  =   -104007.7999  EHBOND  =         0.0000  RESTRAINT  =         0.0000
 ------------------------------------------------------------------------------

wrapping first mol.:      -43.21422       30.55708       52.92641
wrapping first mol.:      -43.21422       30.55708       52.92641
wrapping first mol.:      -43.21422       30.55708       52.92641
wrapping first mol.:      -43.21422       30.55708       52.92641
wrapping first mol.:      -43.21422       30.55708       52.92641
wrapping first mol.:      -43.21422       30.55708       52.92641
wrapping first mol.:      -43.21422       30.55708       52.92641
wrapping first mol.:      -43.21422       30.55708       52.92641
wrapping first mol.:      -43.21422       30.55708       52.92641
wrapping first mol.:      -43.21422       30.55708       52.92641
wrapping first mol.:      -43.21422       30.55708       52.92641

 NSTEP =  1550000   TIME(PS) =    3100.000  TEMP(K) =   303.86  PRESS =     0.0
 Etot   =    -67154.7474  EKtot   =     13491.9941  EPtot      =    -80646.7416
 BOND   =       667.6334  ANGLE   =      1765.1342  DIHED      =      1382.4738
 UB     =         0.0000  IMP     =         0.0000  CMAP       =       164.0147
 1-4 NB =       822.1105  1-4 EEL =     10776.0465  VDWAALS    =      8101.7423
 EELEC  =   -104325.8969  EHBOND  =         0.0000  RESTRAINT  =         0.0000
 ------------------------------------------------------------------------------

wrapping first mol.:      -43.21422       30.55708       52.92641
wrapping first mol.:      -43.21422       30.55708       52.92641
wrapping first mol.:      -43.21422       30.55708       52.92641
wrapping first mol.:      -43.21422       30.55708       52.92641
wrapping first mol.:      -43.21422       30.55708       52.92641
wrapping first mol.:      -43.21422       30.55708       52.92641
wrapping first mol.:      -43.21422       30.55708       52.92641
wrapping first mol.:      -43.21422       30.55708       52.92641
wrapping first mol.:      -43.21422       30.55708       52.92641
wrapping first mol.:      -43.21422       30.55708       52.92641
wrapping first mol.:      -43.21422       30.55708       52.92641

 NSTEP =  1600000   TIME(PS) =    3200.000  TEMP(K) =   300.92  PRESS =     0.0
 Etot   =    -66972.0019  EKtot   =     13361.5781  EPtot      =    -80333.5801
 BOND   =       703.3654  ANGLE   =      1808.2079  DIHED      =      1369.4318
 UB     =         0.0000  IMP     =         0.0000  CMAP       =       179.0812
 1-4 NB =       825.9137  1-4 EEL =     10740.6700  VDWAALS    =      8258.4513
 EELEC  =   -104218.7014  EHBOND  =         0.0000  RESTRAINT  =         0.0000
 ------------------------------------------------------------------------------

wrapping first mol.:      -43.21422       30.55708       52.92641
wrapping first mol.:      -43.21422       30.55708       52.92641
wrapping first mol.:      -43.21422       30.55708       52.92641
wrapping first mol.:      -43.21422       30.55708       52.92641
wrapping first mol.:      -43.21422       30.55708       52.92641
wrapping first mol.:      -43.21422       30.55708       52.92641
wrapping first mol.:      -43.21422       30.55708       52.92641
wrapping first mol.:      -43.21422       30.55708       52.92641
wrapping first mol.:      -43.21422       30.55708       52.92641
wrapping first mol.:      -43.21422       30.55708       52.92641
wrapping first mol.:      -43.21422       30.55708       52.92641

 NSTEP =  1650000   TIME(PS) =    3300.000  TEMP(K) =   301.23  PRESS =     0.0
 Etot   =    -67210.5980  EKtot   =     13375.2236  EPtot      =    -80585.8216
 BOND   =       665.7607  ANGLE   =      1777.8695  DIHED      =      1355.4979
 UB     =         0.0000  IMP     =         0.0000  CMAP       =       184.7958
 1-4 NB =       799.8559  1-4 EEL =     10716.6709  VDWAALS    =      8241.1041
 EELEC  =   -104327.3763  EHBOND  =         0.0000  RESTRAINT  =         0.0000
 ------------------------------------------------------------------------------

wrapping first mol.:      -43.21422       30.55708       52.92641
wrapping first mol.:      -43.21422       30.55708       52.92641
wrapping first mol.:      -43.21422       30.55708       52.92641
wrapping first mol.:      -43.21422       30.55708       52.92641
wrapping first mol.:      -43.21422       30.55708       52.92641
wrapping first mol.:      -43.21422       30.55708       52.92641
wrapping first mol.:      -43.21422       30.55708       52.92641
wrapping first mol.:      -43.21422       30.55708       52.92641
wrapping first mol.:      -43.21422       30.55708       52.92641
wrapping first mol.:      -43.21422       30.55708       52.92641
wrapping first mol.:      -43.21422       30.55708       52.92641

 NSTEP =  1700000   TIME(PS) =    3400.000  TEMP(K) =   300.58  PRESS =     0.0
 Etot   =    -67200.9640  EKtot   =     13346.0889  EPtot      =    -80547.0528
 BOND   =       661.2488  ANGLE   =      1797.8951  DIHED      =      1357.3210
 UB     =         0.0000  IMP     =         0.0000  CMAP       =       174.1943
 1-4 NB =       811.5425  1-4 EEL =     10735.7124  VDWAALS    =      8108.0330
 EELEC  =   -104192.9999  EHBOND  =         0.0000  RESTRAINT  =         0.0000
 ------------------------------------------------------------------------------

wrapping first mol.:      -43.21422       30.55708       52.92641
wrapping first mol.:      -43.21422       30.55708       52.92641
wrapping first mol.:      -43.21422       30.55708       52.92641
wrapping first mol.:      -43.21422       30.55708       52.92641
wrapping first mol.:      -43.21422       30.55708       52.92641
wrapping first mol.:      -43.21422       30.55708       52.92641
wrapping first mol.:      -43.21422       30.55708       52.92641
wrapping first mol.:      -43.21422       30.55708       52.92641
wrapping first mol.:      -43.21422       30.55708       52.92641
wrapping first mol.:      -43.21422       30.55708       52.92641
wrapping first mol.:      -43.21422       30.55708       52.92641

 NSTEP =  1750000   TIME(PS) =    3500.000  TEMP(K) =   300.72  PRESS =     0.0
 Etot   =    -67241.0876  EKtot   =     13352.4277  EPtot      =    -80593.5154
 BOND   =       670.6770  ANGLE   =      1768.5771  DIHED      =      1370.3501
 UB     =         0.0000  IMP     =         0.0000  CMAP       =       180.2172
 1-4 NB =       817.8301  1-4 EEL =     10715.5682  VDWAALS    =      8204.1044
 EELEC  =   -104320.8395  EHBOND  =         0.0000  RESTRAINT  =         0.0000
 ------------------------------------------------------------------------------

wrapping first mol.:      -43.21422       30.55708       52.92641
wrapping first mol.:      -43.21422       30.55708       52.92641
wrapping first mol.:      -43.21422       30.55708       52.92641
wrapping first mol.:      -43.21422       30.55708       52.92641
wrapping first mol.:      -43.21422       30.55708       52.92641
wrapping first mol.:      -43.21422       30.55708       52.92641
wrapping first mol.:      -43.21422       30.55708       52.92641
wrapping first mol.:      -43.21422       30.55708       52.92641
wrapping first mol.:      -43.21422       30.55708       52.92641
wrapping first mol.:      -43.21422       30.55708       52.92641
wrapping first mol.:      -43.21422       30.55708       52.92641

 NSTEP =  1800000   TIME(PS) =    3600.000  TEMP(K) =   301.18  PRESS =     0.0
 Etot   =    -67144.8655  EKtot   =     13372.8721  EPtot      =    -80517.7376
 BOND   =       660.7807  ANGLE   =      1756.0487  DIHED      =      1334.4881
 UB     =         0.0000  IMP     =         0.0000  CMAP       =       175.8277
 1-4 NB =       828.7518  1-4 EEL =     10689.9474  VDWAALS    =      8160.9281
 EELEC  =   -104124.5101  EHBOND  =         0.0000  RESTRAINT  =         0.0000
 ------------------------------------------------------------------------------

wrapping first mol.:      -43.21422       30.55708       52.92641
wrapping first mol.:      -43.21422       30.55708       52.92641
wrapping first mol.:      -43.21422       30.55708       52.92641
wrapping first mol.:      -43.21422       30.55708       52.92641
wrapping first mol.:      -43.21422       30.55708       52.92641
wrapping first mol.:      -43.21422       30.55708       52.92641
wrapping first mol.:      -43.21422       30.55708       52.92641
wrapping first mol.:      -21.60711      -30.55707       52.92641
wrapping first mol.:      -21.60711      -30.55707       52.92641
wrapping first mol.:      -21.60711      -30.55707       52.92641
wrapping first mol.:      -21.60711      -30.55707       52.92641

 NSTEP =  1850000   TIME(PS) =    3700.000  TEMP(K) =   299.75  PRESS =     0.0
 Etot   =    -67574.4100  EKtot   =     13309.4297  EPtot      =    -80883.8397
 BOND   =       676.6703  ANGLE   =      1754.9794  DIHED      =      1368.2702
 UB     =         0.0000  IMP     =         0.0000  CMAP       =       167.5610
 1-4 NB =       795.3709  1-4 EEL =     10661.4750  VDWAALS    =      8451.3899
 EELEC  =   -104759.5564  EHBOND  =         0.0000  RESTRAINT  =         0.0000
 ------------------------------------------------------------------------------

wrapping first mol.:      -21.60711      -30.55707       52.92641
wrapping first mol.:      -21.60711      -30.55707       52.92641
wrapping first mol.:      -21.60711      -30.55707       52.92641
wrapping first mol.:      -21.60711      -30.55707       52.92641
wrapping first mol.:      -21.60711      -30.55707       52.92641
wrapping first mol.:      -21.60711      -30.55707       52.92641
wrapping first mol.:      -21.60711      -30.55707       52.92641
wrapping first mol.:      -21.60711      -30.55707       52.92641
wrapping first mol.:      -21.60711      -30.55707       52.92641
wrapping first mol.:      -21.60711      -30.55707       52.92641
wrapping first mol.:      -21.60711      -30.55707       52.92641

 NSTEP =  1900000   TIME(PS) =    3800.000  TEMP(K) =   299.11  PRESS =     0.0
 Etot   =    -67327.9758  EKtot   =     13281.0391  EPtot      =    -80609.0149
 BOND   =       655.8944  ANGLE   =      1738.5969  DIHED      =      1329.6109
 UB     =         0.0000  IMP     =         0.0000  CMAP       =       181.7672
 1-4 NB =       825.7271  1-4 EEL =     10715.9402  VDWAALS    =      8357.8946
 EELEC  =   -104414.4460  EHBOND  =         0.0000  RESTRAINT  =         0.0000
 ------------------------------------------------------------------------------

wrapping first mol.:      -21.60711      -30.55707       52.92641
wrapping first mol.:      -21.60711      -30.55707       52.92641
wrapping first mol.:      -21.60711      -30.55707       52.92641
wrapping first mol.:      -21.60711      -30.55707       52.92641
wrapping first mol.:      -21.60711      -30.55707       52.92641
wrapping first mol.:      -21.60711      -30.55707       52.92641
wrapping first mol.:      -21.60711      -30.55707       52.92641
wrapping first mol.:      -21.60711      -30.55707       52.92641
wrapping first mol.:      -21.60711      -30.55707       52.92641
wrapping first mol.:      -21.60711      -30.55707       52.92641
wrapping first mol.:      -21.60711      -30.55707       52.92641

 NSTEP =  1950000   TIME(PS) =    3900.000  TEMP(K) =   301.87  PRESS =     0.0
 Etot   =    -66907.8372  EKtot   =     13403.6211  EPtot      =    -80311.4583
 BOND   =       709.9107  ANGLE   =      1831.8005  DIHED      =      1338.4165
 UB     =         0.0000  IMP     =         0.0000  CMAP       =       175.0733
 1-4 NB =       820.4082  1-4 EEL =     10664.8528  VDWAALS    =      8165.2610
 EELEC  =   -104017.1814  EHBOND  =         0.0000  RESTRAINT  =         0.0000
 ------------------------------------------------------------------------------

wrapping first mol.:      -21.60711      -30.55707       52.92641
wrapping first mol.:      -21.60711      -30.55707       52.92641
wrapping first mol.:      -21.60711      -30.55707       52.92641
wrapping first mol.:      -21.60711      -30.55707       52.92641
wrapping first mol.:      -21.60711      -30.55707       52.92641
wrapping first mol.:      -43.21422       30.55708       52.92641
wrapping first mol.:      -43.21422       30.55708       52.92641
wrapping first mol.:      -43.21422       30.55708       52.92641
wrapping first mol.:      -21.60711      -30.55707       52.92641
wrapping first mol.:      -43.21422       30.55708       52.92641
wrapping first mol.:      -43.21422       30.55708       52.92641

 NSTEP =  2000000   TIME(PS) =    4000.000  TEMP(K) =   297.03  PRESS =     0.0
 Etot   =    -67112.8682  EKtot   =     13188.5078  EPtot      =    -80301.3760
 BOND   =       680.6975  ANGLE   =      1875.7828  DIHED      =      1342.1210
 UB     =         0.0000  IMP     =         0.0000  CMAP       =       170.4660
 1-4 NB =       826.5888  1-4 EEL =     10722.3628  VDWAALS    =      8226.0950
 EELEC  =   -104145.4899  EHBOND  =         0.0000  RESTRAINT  =         0.0000
 ------------------------------------------------------------------------------

wrapping first mol.:      -21.60711      -30.55707       52.92641
wrapping first mol.:      -21.60711      -30.55707       52.92641
wrapping first mol.:      -21.60711      -30.55707       52.92641
wrapping first mol.:      -21.60711      -30.55707       52.92641
wrapping first mol.:      -43.21422       30.55708       52.92641
wrapping first mol.:      -21.60711      -30.55707       52.92641
wrapping first mol.:      -21.60711      -30.55707       52.92641
wrapping first mol.:      -21.60711      -30.55707       52.92641
wrapping first mol.:      -21.60711      -30.55707       52.92641
wrapping first mol.:      -21.60711      -30.55707       52.92641
wrapping first mol.:      -21.60711      -30.55707       52.92641

 NSTEP =  2050000   TIME(PS) =    4100.000  TEMP(K) =   302.09  PRESS =     0.0
 Etot   =    -67064.2461  EKtot   =     13413.3643  EPtot      =    -80477.6104
 BOND   =       654.9294  ANGLE   =      1821.7312  DIHED      =      1362.9947
 UB     =         0.0000  IMP     =         0.0000  CMAP       =       168.5600
 1-4 NB =       821.6748  1-4 EEL =     10682.9796  VDWAALS    =      8163.1621
 EELEC  =   -104153.6422  EHBOND  =         0.0000  RESTRAINT  =         0.0000
 ------------------------------------------------------------------------------

wrapping first mol.:      -21.60711      -30.55707       52.92641
wrapping first mol.:      -21.60711      -30.55707       52.92641
wrapping first mol.:      -21.60711      -30.55707       52.92641
wrapping first mol.:      -21.60711      -30.55707       52.92641
wrapping first mol.:      -21.60711      -30.55707       52.92641
wrapping first mol.:      -21.60711      -30.55707       52.92641
wrapping first mol.:      -21.60711      -30.55707       52.92641
wrapping first mol.:      -21.60711      -30.55707       52.92641
wrapping first mol.:      -21.60711      -30.55707       52.92641
wrapping first mol.:      -21.60711      -30.55707       52.92641
wrapping first mol.:      -21.60711      -30.55707       52.92641

 NSTEP =  2100000   TIME(PS) =    4200.000  TEMP(K) =   300.69  PRESS =     0.0
 Etot   =    -67172.6892  EKtot   =     13351.2959  EPtot      =    -80523.9851
 BOND   =       708.9353  ANGLE   =      1698.8492  DIHED      =      1354.4952
 UB     =         0.0000  IMP     =         0.0000  CMAP       =       182.6657
 1-4 NB =       825.7122  1-4 EEL =     10606.5033  VDWAALS    =      7969.5652
 EELEC  =   -103870.7113  EHBOND  =         0.0000  RESTRAINT  =         0.0000
 ------------------------------------------------------------------------------

wrapping first mol.:      -21.60711      -30.55707       52.92641
wrapping first mol.:      -21.60711      -30.55707       52.92641
wrapping first mol.:      -21.60711      -30.55707       52.92641
wrapping first mol.:      -21.60711      -30.55707       52.92641
wrapping first mol.:      -21.60711      -30.55707       52.92641
wrapping first mol.:      -21.60711      -30.55707       52.92641
wrapping first mol.:      -21.60711      -30.55707       52.92641
wrapping first mol.:      -21.60711      -30.55707       52.92641
wrapping first mol.:      -21.60711      -30.55707       52.92641
wrapping first mol.:      -21.60711      -30.55707       52.92641
wrapping first mol.:      -21.60711      -30.55707       52.92641

 NSTEP =  2150000   TIME(PS) =    4300.000  TEMP(K) =   299.93  PRESS =     0.0
 Etot   =    -67250.6747  EKtot   =     13317.3125  EPtot      =    -80567.9872
 BOND   =       666.7936  ANGLE   =      1773.1140  DIHED      =      1355.6305
 UB     =         0.0000  IMP     =         0.0000  CMAP       =       174.5551
 1-4 NB =       824.6193  1-4 EEL =     10701.2458  VDWAALS    =      8448.0503
 EELEC  =   -104511.9959  EHBOND  =         0.0000  RESTRAINT  =         0.0000
 ------------------------------------------------------------------------------

wrapping first mol.:      -21.60711      -30.55707       52.92641
wrapping first mol.:      -21.60711      -30.55707       52.92641
wrapping first mol.:      -21.60711      -30.55707       52.92641
wrapping first mol.:      -21.60711      -30.55707       52.92641
wrapping first mol.:      -21.60711      -30.55707       52.92641
wrapping first mol.:      -21.60711      -30.55707       52.92641
wrapping first mol.:      -21.60711      -30.55707       52.92641
wrapping first mol.:      -21.60711      -30.55707       52.92641
wrapping first mol.:      -21.60711      -30.55707       52.92641
wrapping first mol.:      -21.60711      -30.55707       52.92641
wrapping first mol.:      -21.60711      -30.55707       52.92641

 NSTEP =  2200000   TIME(PS) =    4400.000  TEMP(K) =   301.23  PRESS =     0.0
 Etot   =    -67172.4818  EKtot   =     13375.2246  EPtot      =    -80547.7064
 BOND   =       733.5253  ANGLE   =      1820.0506  DIHED      =      1341.5088
 UB     =         0.0000  IMP     =         0.0000  CMAP       =       172.8370
 1-4 NB =       806.5299  1-4 EEL =     10633.4602  VDWAALS    =      7933.0441
 EELEC  =   -103988.6623  EHBOND  =         0.0000  RESTRAINT  =         0.0000
 ------------------------------------------------------------------------------

wrapping first mol.:      -21.60711      -30.55707       52.92641
wrapping first mol.:      -21.60711      -30.55707       52.92641
wrapping first mol.:      -21.60711      -30.55707       52.92641
wrapping first mol.:      -21.60711      -30.55707       52.92641
wrapping first mol.:      -21.60711      -30.55707       52.92641
wrapping first mol.:      -21.60711      -30.55707       52.92641
wrapping first mol.:      -21.60711      -30.55707       52.92641
wrapping first mol.:      -21.60711      -30.55707       52.92641
wrapping first mol.:      -21.60711      -30.55707       52.92641
wrapping first mol.:      -21.60711      -30.55707       52.92641
wrapping first mol.:      -21.60711      -30.55707       52.92641

 NSTEP =  2250000   TIME(PS) =    4500.000  TEMP(K) =   302.73  PRESS =     0.0
 Etot   =    -67209.4128  EKtot   =     13441.5635  EPtot      =    -80650.9763
 BOND   =       686.0960  ANGLE   =      1783.2628  DIHED      =      1373.4531
 UB     =         0.0000  IMP     =         0.0000  CMAP       =       161.4051
 1-4 NB =       816.1494  1-4 EEL =     10728.4109  VDWAALS    =      8308.2703
 EELEC  =   -104508.0239  EHBOND  =         0.0000  RESTRAINT  =         0.0000
 ------------------------------------------------------------------------------

wrapping first mol.:      -21.60711      -30.55707       52.92641
wrapping first mol.:      -21.60711      -30.55707       52.92641
wrapping first mol.:      -21.60711      -30.55707       52.92641
wrapping first mol.:      -21.60711      -30.55707       52.92641
wrapping first mol.:      -21.60711      -30.55707       52.92641
wrapping first mol.:      -21.60711      -30.55707       52.92641
wrapping first mol.:      -21.60711      -30.55707       52.92641
wrapping first mol.:      -21.60711      -30.55707       52.92641
wrapping first mol.:      -21.60711      -30.55707       52.92641
wrapping first mol.:      -21.60711      -30.55707       52.92641
wrapping first mol.:      -21.60711      -30.55707       52.92641

 NSTEP =  2300000   TIME(PS) =    4600.000  TEMP(K) =   300.06  PRESS =     0.0
 Etot   =    -67269.1793  EKtot   =     13323.0234  EPtot      =    -80592.2027
 BOND   =       731.2286  ANGLE   =      1742.1852  DIHED      =      1343.4001
 UB     =         0.0000  IMP     =         0.0000  CMAP       =       173.0504
 1-4 NB =       820.8461  1-4 EEL =     10676.5276  VDWAALS    =      8286.9423
 EELEC  =   -104366.3831  EHBOND  =         0.0000  RESTRAINT  =         0.0000
 ------------------------------------------------------------------------------

wrapping first mol.:      -21.60711      -30.55707       52.92641
wrapping first mol.:      -21.60711      -30.55707       52.92641
wrapping first mol.:      -21.60711      -30.55707       52.92641
wrapping first mol.:      -21.60711      -30.55707       52.92641
wrapping first mol.:      -21.60711      -30.55707       52.92641
wrapping first mol.:      -21.60711      -30.55707       52.92641
wrapping first mol.:      -21.60711      -30.55707       52.92641
wrapping first mol.:      -21.60711      -30.55707       52.92641
wrapping first mol.:      -21.60711      -30.55707       52.92641
wrapping first mol.:      -21.60711      -30.55707       52.92641
wrapping first mol.:      -21.60711      -30.55707       52.92641

 NSTEP =  2350000   TIME(PS) =    4700.000  TEMP(K) =   298.65  PRESS =     0.0
 Etot   =    -67061.3039  EKtot   =     13260.4756  EPtot      =    -80321.7795
 BOND   =       681.5462  ANGLE   =      1806.3646  DIHED      =      1348.4109
 UB     =         0.0000  IMP     =         0.0000  CMAP       =       181.5321
 1-4 NB =       791.3835  1-4 EEL =     10674.2148  VDWAALS    =      8020.3843
 EELEC  =   -103825.6159  EHBOND  =         0.0000  RESTRAINT  =         0.0000
 ------------------------------------------------------------------------------

wrapping first mol.:      -21.60711      -30.55707       52.92641
wrapping first mol.:      -21.60711      -30.55707       52.92641
wrapping first mol.:      -21.60711      -30.55707       52.92641
wrapping first mol.:      -21.60711      -30.55707       52.92641
wrapping first mol.:      -21.60711      -30.55707       52.92641
wrapping first mol.:      -21.60711      -30.55707       52.92641
wrapping first mol.:      -21.60711      -30.55707       52.92641
wrapping first mol.:      -21.60711      -30.55707       52.92641
wrapping first mol.:      -21.60711      -30.55707       52.92641
wrapping first mol.:      -21.60711      -30.55707       52.92641
wrapping first mol.:      -21.60711      -30.55707       52.92641

 NSTEP =  2400000   TIME(PS) =    4800.000  TEMP(K) =   298.07  PRESS =     0.0
 Etot   =    -67266.8038  EKtot   =     13234.9268  EPtot      =    -80501.7306
 BOND   =       659.6829  ANGLE   =      1822.7773  DIHED      =      1334.5961
 UB     =         0.0000  IMP     =         0.0000  CMAP       =       166.7906
 1-4 NB =       806.3956  1-4 EEL =     10629.6829  VDWAALS    =      8181.1385
 EELEC  =   -104102.7946  EHBOND  =         0.0000  RESTRAINT  =         0.0000
 ------------------------------------------------------------------------------

wrapping first mol.:      -21.60711      -30.55707       52.92641
wrapping first mol.:      -21.60711      -30.55707       52.92641
wrapping first mol.:      -21.60711      -30.55707       52.92641
wrapping first mol.:      -21.60711      -30.55707       52.92641
wrapping first mol.:      -21.60711      -30.55707       52.92641
wrapping first mol.:      -21.60711      -30.55707       52.92641
wrapping first mol.:      -21.60711      -30.55707       52.92641
wrapping first mol.:      -21.60711      -30.55707       52.92641
wrapping first mol.:      -21.60711      -30.55707       52.92641
wrapping first mol.:      -21.60711      -30.55707       52.92641
wrapping first mol.:      -21.60711      -30.55707       52.92641

 NSTEP =  2450000   TIME(PS) =    4900.000  TEMP(K) =   304.60  PRESS =     0.0
 Etot   =    -67216.6988  EKtot   =     13524.9531  EPtot      =    -80741.6519
 BOND   =       649.6012  ANGLE   =      1803.9133  DIHED      =      1340.8783
 UB     =         0.0000  IMP     =         0.0000  CMAP       =       176.7813
 1-4 NB =       816.4901  1-4 EEL =     10661.2780  VDWAALS    =      8223.0124
 EELEC  =   -104413.6064  EHBOND  =         0.0000  RESTRAINT  =         0.0000
 ------------------------------------------------------------------------------

wrapping first mol.:      -21.60711      -30.55707       52.92641
wrapping first mol.:      -21.60711      -30.55707       52.92641
wrapping first mol.:      -21.60711      -30.55707       52.92641
wrapping first mol.:      -21.60711      -30.55707       52.92641
wrapping first mol.:      -21.60711      -30.55707       52.92641
wrapping first mol.:      -21.60711      -30.55707       52.92641
wrapping first mol.:      -21.60711      -30.55707       52.92641
wrapping first mol.:      -21.60711      -30.55707       52.92641
wrapping first mol.:      -21.60711      -30.55707       52.92641
wrapping first mol.:      -21.60711      -30.55707       52.92641
wrapping first mol.:      -21.60711      -30.55707       52.92641

 NSTEP =  2500000   TIME(PS) =    5000.000  TEMP(K) =   299.10  PRESS =     0.0
 Etot   =    -67149.0897  EKtot   =     13280.6455  EPtot      =    -80429.7352
 BOND   =       648.0913  ANGLE   =      1791.9671  DIHED      =      1338.3268
 UB     =         0.0000  IMP     =         0.0000  CMAP       =       170.4515
 1-4 NB =       816.6473  1-4 EEL =     10645.7804  VDWAALS    =      7881.3161
 EELEC  =   -103722.3158  EHBOND  =         0.0000  RESTRAINT  =         0.0000
 ------------------------------------------------------------------------------


      A V E R A G E S   O V E R      50 S T E P S


 NSTEP =  2500000   TIME(PS) =    5000.000  TEMP(K) =   300.51  PRESS =     0.0
 Etot   =    -67187.3628  EKtot   =     13343.2783  EPtot      =    -80530.6411
 BOND   =       677.8421  ANGLE   =      1785.5007  DIHED      =      1348.2853
 UB     =         0.0000  IMP     =         0.0000  CMAP       =       175.0706
 1-4 NB =       816.0828  1-4 EEL =     10709.5593  VDWAALS    =      8188.1997
 EELEC  =   -104231.1816  EHBOND  =         0.0000  RESTRAINT  =         0.0000
 ------------------------------------------------------------------------------


      R M S  F L U C T U A T I O N S


 NSTEP =  2500000   TIME(PS) =    5000.000  TEMP(K) =     2.02  PRESS =     0.0
 Etot   =       162.1198  EKtot   =        89.5562  EPtot      =       142.9543
 BOND   =        24.7897  ANGLE   =        34.2498  DIHED      =        14.6763
 UB     =         0.0000  IMP     =         0.0000  CMAP       =         6.8084
 1-4 NB =        10.6022  1-4 EEL =        46.5771  VDWAALS    =       123.1041
 EELEC  =       218.1165  EHBOND  =         0.0000  RESTRAINT  =         0.0000
 ------------------------------------------------------------------------------

--------------------------------------------------------------------------------
   5.  TIMINGS
--------------------------------------------------------------------------------

|  NonSetup CPU Time in Major Routines:
|
|     Routine           Sec        %
|     ------------------------------
|     Nonbond         249.05   16.39
|     Bond              0.00    0.00
|     Angle             0.00    0.00
|     Dihedral          0.00    0.00
|     Shake            14.08    0.93
|     RunMD          1253.53   82.52
|     Other             2.48    0.16
|     ------------------------------
|     Total          1519.14

|  PME Nonbond Pairlist CPU Time:
|
|     Routine              Sec        %
|     ---------------------------------
|     Set Up Cit           0.00    0.00
|     Build List           0.00    0.00
|     ---------------------------------
|     Total                0.00    0.00

|  PME Direct Force CPU Time:
|
|     Routine              Sec        %
|     ---------------------------------
|     NonBonded Calc       0.00    0.00
|     Exclude Masked       0.00    0.00
|     Other                1.36    0.09
|     ---------------------------------
|     Total                1.36    0.09

|  PME Reciprocal Force CPU Time:
|
|     Routine              Sec        %
|     ---------------------------------
|     1D bspline           0.00    0.00
|     Grid Charges         0.00    0.00
|     Scalar Sum           0.00    0.00
|     Gradient Sum         0.00    0.00
|     FFT                  0.00    0.00
|     ---------------------------------
|     Total                0.00    0.00

|  Final Performance Info:
|     -----------------------------------------------------
|     Average timings for last   50000 steps:
|     Elapsed(s) =      30.34 Per Step(ms) =       0.61
|         ns/day =     284.74   seconds/ns =     303.44
|
|     Average timings for all steps:
|     Elapsed(s) =    1519.55 Per Step(ms) =       0.61
|         ns/day =     284.29   seconds/ns =     303.91
|     -----------------------------------------------------

|  Setup CPU time:            0.65 seconds
|  NonSetup CPU time:      1519.14 seconds
|  Total CPU time:         1519.78 seconds     0.42 hours

|  Setup wall time:           1    seconds
|  NonSetup wall time:     1520    seconds
|  Total wall time:        1521    seconds     0.42 hours
