
          -------------------------------------------------------
          Amber 18 PMEMD                              2018
          -------------------------------------------------------

| PMEMD implementation of SANDER, Release 18

| Run on 09/28/2020 at 13:26:42

|   Executable path: pmemd.cuda
| Working directory: /home/almacen/pbarletta/dynein/run/1f95/4_pdt
|          Hostname: Unknown
  [-O]verwriting output

File Assignments:
|   MDIN: pre_pdt.in                                                            
|  MDOUT: 0pdt.out                                                              
| INPCRD: 4_1f95.rst7                                                           
|   PARM: /home/almacen/pbarletta/dynein/top_files/1f95.prmtop                  
| RESTRT: 0p4_1f95.rst7                                                         
|   REFC: refc                                                                  
|  MDVEL: mdvel                                                                 
|   MDEN: mden                                                                  
|  MDCRD: 0p4_1f95.nc                                                           
| MDINFO: mdinfo                                                                
|  MDFRC: mdfrc                                                                 


 Here is the input file:

Production run                                                                 
&cntrl                                                                         
imin = 0,                           ! No Minimization                          
nmropt = 0,                         ! No NMR restraints read                   
                                                                               
! Nature and format of the input                                               
ntx = 5,                            ! Coordinates and velocities will be read  
irest = 1,                          ! Do not run a new simulation              
                                                                               
! Nature and format of the output                                              
ntxo = 1,                           ! rstrt file in ASCII format               
ntpr = 50000,                       ! inf in output every ntpr steps           
ntwr = 50000,                       ! rstrt file every ntwr steps              
ntwx = 5000,                        ! mdcrd file every ntwx steps              
ntwv = 0,                           ! mdvel without velocities                 
ntwe = 0,                           ! Energies and temperatures not written in 
idecomp = 0,                        ! No energy decomposition                  
iwrap = 1,                          ! Coordinates of the restart and mdcrd file
                                                                               
! Frozen or restrained atoms                                                   
ibelly = 0,                         ! No frozen atoms                          
ntr=0,                              ! Harmonic potential restraints            
                                                                               
! Molecular dynamics                                                           
nstlim = 2500000,                   ! Number of MD-steps                       
dt = 0.002,                         ! Time step                                
                                                                               
! Temperature regulation                                                       
ntt = 3,                            ! Langevin thermostat                      
gamma_ln = 2,                       ! Gamma constant for Langevin              
temp0 = 300.0,                      ! Reference T at which the system is to be 
tempi = 300.0,                      ! Initial T                                
ig = -1,                            ! Seed for the RNG                         
                                                                               
! P and V regulation                                                           
!barostat = 1,                      ! Berendsen barostat                       
!taup = 1,                          ! Pressure relaxation time                 
ntp = 0,                            ! constant V                               
ntb = 1,                            ! Periodic box for constant V              
                                                                               
! SHAKE variables                                                              
ntc = 2,                            ! Bonds involving H are constrained        
ntf = 2,                            ! Bond interaction involving H are ommited.
                                                                               
cut = 9.0,                          ! Nonbonded cutoff                         
/                                                                              
&end                                                                           


Note: ig = -1. Setting random seed to   150195 based on wallclock time in 
      microseconds.
| irandom = 1, using AMBER's internal random number generator (default).
 
|--------------------- INFORMATION ----------------------
| GPU (CUDA) Version of PMEMD in use: NVIDIA GPU IN USE.
|                    Version 18.0.0
| 
|                      03/25/2018
| 
| Implementation by:
|                    Ross C. Walker     (SDSC)
|                    Scott Le Grand     (nVIDIA)
| 
| Version 18 performance extensions by:
|                    David Cerutti     (Rutgers)
| 
| Precision model in use:
|      [SPFP] - Single Precision Forces, 64-bit Fixed Point
|               Accumulation. (Default)
| 
|--------------------------------------------------------
 
|----------------- CITATION INFORMATION -----------------
|
|    When publishing work that utilized the CUDA version
|    of AMBER, please cite the following in addition to
|    the regular AMBER citations:
|
|  - Romelia Salomon-Ferrer; Andreas W. Goetz; Duncan
|    Poole; Scott Le Grand; Ross C. Walker "Routine
|    microsecond molecular dynamics simulations with
|    AMBER - Part II: Particle Mesh Ewald", J. Chem.
|    Theory Comput., 2013, 9 (9), pp3878-3888,
|    DOI: 10.1021/ct400314y.
|
|  - Andreas W. Goetz; Mark J. Williamson; Dong Xu;
|    Duncan Poole; Scott Le Grand; Ross C. Walker
|    "Routine microsecond molecular dynamics simulations
|    with AMBER - Part I: Generalized Born", J. Chem.
|    Theory Comput., 2012, 8 (5), pp1542-1555.
|
|  - Scott Le Grand; Andreas W. Goetz; Ross C. Walker
|    "SPFP: Speed without compromise - a mixed precision
|    model for GPU accelerated molecular dynamics
|    simulations.", Comp. Phys. Comm., 2013, 184
|    pp374-380, DOI: 10.1016/j.cpc.2012.09.022
|
|--------------------------------------------------------
 
|------------------- GPU DEVICE INFO --------------------
|
|            CUDA_VISIBLE_DEVICES: 0
|   CUDA Capable Devices Detected:      1
|           CUDA Device ID in use:      0
|                CUDA Device Name: GeForce GTX 1080 Ti
|     CUDA Device Global Mem Size:  11178 MB
| CUDA Device Num Multiprocessors:     28
|           CUDA Device Core Freq:   1.72 GHz
|
|--------------------------------------------------------
 
 
| Conditional Compilation Defines Used:
| PUBFFT
| BINTRAJ
| CUDA
| EMIL

| Largest sphere to fit in unit cell has radius =    26.993

| New format PARM file being parsed.
| Version =    1.000 Date = 09/18/20 Time = 09:54:13

| Note: 1-4 EEL scale factors are being read from the topology file.

| Note: 1-4 VDW scale factors are being read from the topology file.
| Duplicated    0 dihedrals

| Duplicated    0 dihedrals

--------------------------------------------------------------------------------
   1.  RESOURCE   USE: 
--------------------------------------------------------------------------------

 getting new box info from bottom of inpcrd
 NATOM  =   29212 NTYPES =      18 NBONH =   21140 MBONA  =    8102
 NTHETH =    3410 MTHETA =    2086 NPHIH =    6826 MPHIA  =    6594
 NHPARM =       0 NPARM  =       0 NNB   =   62450 NRES   =    6736
 NBONA  =    8102 NTHETA =    2086 NPHIA =    6594 NUMBND =      74
 NUMANG =     174 NPTRA  =     192 NATYP =      37 NPHB   =       1
 IFBOX  =       2 NMXRS  =      24 IFCAP =       0 NEXTRA =    6548
 NCOPY  =       0


| Coordinate Index Table dimensions:    11   11   11
| Direct force subcell size =     6.0108    6.0108    6.0108

     BOX TYPE: TRUNCATED OCTAHEDRON

--------------------------------------------------------------------------------
   2.  CONTROL  DATA  FOR  THE  RUN
--------------------------------------------------------------------------------

default_name                                                                    

General flags:
     imin    =       0, nmropt  =       0

Nature and format of input:
     ntx     =       5, irest   =       1, ntrx    =       1

Nature and format of output:
     ntxo    =       1, ntpr    =   50000, ntrx    =       1, ntwr    =   50000
     iwrap   =       1, ntwx    =    5000, ntwv    =       0, ntwe    =       0
     ioutfm  =       1, ntwprt  =       0, idecomp =       0, rbornstat=      0

Potential function:
     ntf     =       2, ntb     =       1, igb     =       0, nsnb    =      25
     ipol    =       0, gbsa    =       0, iesp    =       0
     dielc   =   1.00000, cut     =   9.00000, intdiel =   1.00000

Frozen or restrained atoms:
     ibelly  =       0, ntr     =       0

Molecular dynamics:
     nstlim  =   2500000, nscm    =      1000, nrespa  =         1
     t       =   0.00000, dt      =   0.00200, vlimit  =  -1.00000

Langevin dynamics temperature regulation:
     ig      =  150195
     temp0   = 300.00000, tempi   = 300.00000, gamma_ln=   2.00000

SHAKE:
     ntc     =       2, jfastw  =       0
     tol     =   0.00001

| Intermolecular bonds treatment:
|     no_intermolecular_bonds =       1

| Energy averages sample interval:
|     ene_avg_sampling =   50000

Extra-points options:
     frameon =       1, chngmask=       1

Ewald parameters:
     verbose =       0, ew_type =       0, nbflag  =       1, use_pme =       1
     vdwmeth =       1, eedmeth =       1, netfrc  =       1
     Box X =   66.118   Box Y =   66.118   Box Z =   66.118
     Alpha =  109.471   Beta  =  109.471   Gamma =  109.471
     NFFT1 =   64       NFFT2 =   64       NFFT3 =   64
     Cutoff=    9.000   Tol   =0.100E-04
     Ewald Coefficient =  0.30768
     Interpolation order =    4
|      EXTRA_PTS, trim_bonds: num bonds BEFORE trim = 21140     0
|      EXTRA_PTS, trim_bonds: num bonds AFTER  trim = 21140     0
|      EXTRA_PTS, trim_bonds: num bonds BEFORE trim =  8102     0
|      EXTRA_PTS, trim_bonds: num bonds AFTER  trim =  1554     0
|      EXTRA_PTS, trim_theta: num angle BEFORE trim =  3410     0
|      EXTRA_PTS, trim_theta: num angle AFTER  trim =  3410     0
|      EXTRA_PTS, trim_theta: num angle BEFORE trim =  2086     0
|      EXTRA_PTS, trim_theta: num angle AFTER  trim =  2086     0
|      EXTRA_PTS, trim_phi:  num diheds BEFORE trim =  6826     0
|      EXTRA_PTS, trim_phi:  num diheds AFTER  trim =  6826     0
|      EXTRA_PTS, trim_phi:  num diheds BEFORE trim =  6594     0
|      EXTRA_PTS, trim_phi:  num diheds AFTER  trim =  6594     0

--------------------------------------------------------------------------------
   3.  ATOMIC COORDINATES AND VELOCITIES
--------------------------------------------------------------------------------

Cpptraj Generated Restart                                                       
 begin time read from input coords =     0.000 ps

 
 Number of triangulated 3-point waters found:     6548

     Sum of charges from parm topology file =   0.00003578
     Forcing neutrality...

| Dynamic Memory, Types Used:
| Reals              938443
| Integers          2108635

| Nonbonded Pairs Initial Allocation:     6660336

| GPU memory information (estimate):
| KB of GPU memory in use:         0
| KB of CPU memory in use:         0

--------------------------------------------------------------------------------
   4.  RESULTS
--------------------------------------------------------------------------------

wrapping first mol.:      -22.03942       62.33690        0.00000
wrapping first mol.:      -22.03942       62.33690        0.00000
wrapping first mol.:      -22.03942       62.33690        0.00000
wrapping first mol.:      -22.03942       62.33690        0.00000
wrapping first mol.:      -22.03942       62.33690        0.00000
wrapping first mol.:      -22.03942       62.33690        0.00000
wrapping first mol.:      -22.03942       62.33690        0.00000
wrapping first mol.:      -22.03942       62.33690        0.00000
wrapping first mol.:      -22.03942       62.33690        0.00000
wrapping first mol.:      -22.03942       62.33690        0.00000
wrapping first mol.:      -22.03942       62.33690        0.00000

 NSTEP =    50000   TIME(PS) =     100.000  TEMP(K) =   299.09  PRESS =     0.0
 Etot   =    -72394.0700  EKtot   =     13923.3408  EPtot      =    -86317.4108
 BOND   =       569.5482  ANGLE   =      1617.5301  DIHED      =      1037.4471
 UB     =         0.0000  IMP     =         0.0000  CMAP       =       131.9090
 1-4 NB =       681.7606  1-4 EEL =     10186.5359  VDWAALS    =      9645.8804
 EELEC  =   -110188.0222  EHBOND  =         0.0000  RESTRAINT  =         0.0000
 ------------------------------------------------------------------------------

wrapping first mol.:      -22.03942       62.33690        0.00000
wrapping first mol.:      -22.03942       62.33690        0.00000
wrapping first mol.:      -22.03942       62.33690        0.00000
wrapping first mol.:      -22.03942       62.33690        0.00000
wrapping first mol.:      -22.03942       62.33690        0.00000
wrapping first mol.:      -22.03942       62.33690        0.00000
wrapping first mol.:      -22.03942       62.33690        0.00000
wrapping first mol.:      -22.03942       62.33690        0.00000
wrapping first mol.:      -22.03942       62.33690        0.00000
wrapping first mol.:      -22.03942       62.33690        0.00000
wrapping first mol.:      -22.03942       62.33690        0.00000

 NSTEP =   100000   TIME(PS) =     200.000  TEMP(K) =   299.83  PRESS =     0.0
 Etot   =    -72075.9481  EKtot   =     13957.8486  EPtot      =    -86033.7968
 BOND   =       591.3184  ANGLE   =      1587.6975  DIHED      =      1061.7334
 UB     =         0.0000  IMP     =         0.0000  CMAP       =       131.4997
 1-4 NB =       669.6024  1-4 EEL =     10182.3851  VDWAALS    =      9805.5236
 EELEC  =   -110063.5568  EHBOND  =         0.0000  RESTRAINT  =         0.0000
 ------------------------------------------------------------------------------

wrapping first mol.:      -22.03942       62.33690        0.00000
wrapping first mol.:      -22.03942       62.33690        0.00000
wrapping first mol.:      -22.03942       62.33690        0.00000
wrapping first mol.:      -22.03942       62.33690        0.00000
wrapping first mol.:      -22.03942       62.33690        0.00000
wrapping first mol.:      -22.03942       62.33690        0.00000
wrapping first mol.:      -22.03942       62.33690        0.00000
wrapping first mol.:      -22.03942       62.33690        0.00000
wrapping first mol.:      -22.03942       62.33690        0.00000
wrapping first mol.:      -22.03942       62.33690        0.00000
wrapping first mol.:      -22.03942       62.33690        0.00000

 NSTEP =   150000   TIME(PS) =     300.000  TEMP(K) =   300.72  PRESS =     0.0
 Etot   =    -72204.2748  EKtot   =     13999.1162  EPtot      =    -86203.3910
 BOND   =       563.7589  ANGLE   =      1527.7112  DIHED      =      1056.9071
 UB     =         0.0000  IMP     =         0.0000  CMAP       =       138.3562
 1-4 NB =       682.8683  1-4 EEL =     10195.0517  VDWAALS    =      9651.1345
 EELEC  =   -110019.1789  EHBOND  =         0.0000  RESTRAINT  =         0.0000
 ------------------------------------------------------------------------------

wrapping first mol.:      -22.03942       62.33690        0.00000
wrapping first mol.:      -22.03942       62.33690        0.00000
wrapping first mol.:      -22.03942       62.33690        0.00000
wrapping first mol.:      -22.03942       62.33690        0.00000
wrapping first mol.:      -22.03942       62.33690        0.00000
wrapping first mol.:      -22.03942       62.33690        0.00000
wrapping first mol.:      -22.03942       62.33690        0.00000
wrapping first mol.:      -22.03942       62.33690        0.00000
wrapping first mol.:      -22.03942       62.33690        0.00000
wrapping first mol.:      -22.03942       62.33690        0.00000
wrapping first mol.:      -22.03942       62.33690        0.00000

 NSTEP =   200000   TIME(PS) =     400.000  TEMP(K) =   299.97  PRESS =     0.0
 Etot   =    -72233.2846  EKtot   =     13964.0078  EPtot      =    -86197.2924
 BOND   =       559.1096  ANGLE   =      1614.0977  DIHED      =      1033.9717
 UB     =         0.0000  IMP     =         0.0000  CMAP       =       125.2582
 1-4 NB =       659.1537  1-4 EEL =     10128.7721  VDWAALS    =      9589.7732
 EELEC  =   -109907.4286  EHBOND  =         0.0000  RESTRAINT  =         0.0000
 ------------------------------------------------------------------------------

wrapping first mol.:      -22.03942       62.33690        0.00000
wrapping first mol.:      -22.03942       62.33690        0.00000
wrapping first mol.:      -22.03942       62.33690        0.00000
wrapping first mol.:      -22.03942       62.33690        0.00000
wrapping first mol.:      -22.03942       62.33690        0.00000
wrapping first mol.:      -22.03942       62.33690        0.00000
wrapping first mol.:      -22.03942       62.33690        0.00000
wrapping first mol.:      -22.03942       62.33690        0.00000
wrapping first mol.:      -22.03942       62.33690        0.00000
wrapping first mol.:      -22.03942       62.33690        0.00000
wrapping first mol.:      -22.03942       62.33690        0.00000

 NSTEP =   250000   TIME(PS) =     500.000  TEMP(K) =   299.93  PRESS =     0.0
 Etot   =    -72461.2367  EKtot   =     13962.1406  EPtot      =    -86423.3773
 BOND   =       571.6201  ANGLE   =      1550.9446  DIHED      =      1050.2412
 UB     =         0.0000  IMP     =         0.0000  CMAP       =       141.9797
 1-4 NB =       668.9526  1-4 EEL =     10169.5259  VDWAALS    =      9804.2760
 EELEC  =   -110380.9174  EHBOND  =         0.0000  RESTRAINT  =         0.0000
 ------------------------------------------------------------------------------

wrapping first mol.:      -22.03942       62.33690        0.00000
wrapping first mol.:      -22.03942       62.33690        0.00000
wrapping first mol.:      -22.03942       62.33690        0.00000
wrapping first mol.:      -22.03942       62.33690        0.00000
wrapping first mol.:      -22.03942       62.33690        0.00000
wrapping first mol.:      -22.03942       62.33690        0.00000
wrapping first mol.:      -22.03942       62.33690        0.00000
wrapping first mol.:      -22.03942       62.33690        0.00000
wrapping first mol.:      -22.03942       62.33690        0.00000
wrapping first mol.:      -22.03942       62.33690        0.00000
wrapping first mol.:      -22.03942       62.33690        0.00000

 NSTEP =   300000   TIME(PS) =     600.000  TEMP(K) =   302.97  PRESS =     0.0
 Etot   =    -72001.0251  EKtot   =     14103.6748  EPtot      =    -86104.6999
 BOND   =       524.2761  ANGLE   =      1580.7104  DIHED      =      1027.7441
 UB     =         0.0000  IMP     =         0.0000  CMAP       =       131.7164
 1-4 NB =       665.4484  1-4 EEL =     10126.8392  VDWAALS    =      9549.3391
 EELEC  =   -109710.7736  EHBOND  =         0.0000  RESTRAINT  =         0.0000
 ------------------------------------------------------------------------------

wrapping first mol.:      -22.03942       62.33690        0.00000
wrapping first mol.:      -22.03942       62.33690        0.00000
wrapping first mol.:      -22.03942       62.33690        0.00000
wrapping first mol.:      -22.03942       62.33690        0.00000
wrapping first mol.:      -22.03942       62.33690        0.00000
wrapping first mol.:      -22.03942       62.33690        0.00000
wrapping first mol.:      -22.03942       62.33690        0.00000
wrapping first mol.:      -22.03942       62.33690        0.00000
wrapping first mol.:      -22.03942       62.33690        0.00000
wrapping first mol.:      -22.03942       62.33690        0.00000
wrapping first mol.:      -22.03942       62.33690        0.00000

 NSTEP =   350000   TIME(PS) =     700.000  TEMP(K) =   298.85  PRESS =     0.0
 Etot   =    -72265.7922  EKtot   =     13912.1846  EPtot      =    -86177.9767
 BOND   =       564.6682  ANGLE   =      1610.8768  DIHED      =      1013.9499
 UB     =         0.0000  IMP     =         0.0000  CMAP       =       131.1992
 1-4 NB =       660.4602  1-4 EEL =     10179.4813  VDWAALS    =      9355.3134
 EELEC  =   -109693.9257  EHBOND  =         0.0000  RESTRAINT  =         0.0000
 ------------------------------------------------------------------------------

wrapping first mol.:      -22.03942       62.33690        0.00000
wrapping first mol.:      -22.03942       62.33690        0.00000
wrapping first mol.:      -22.03942       62.33690        0.00000
wrapping first mol.:      -22.03942       62.33690        0.00000
wrapping first mol.:      -22.03942       62.33690        0.00000
wrapping first mol.:      -22.03942       62.33690        0.00000
wrapping first mol.:      -22.03942       62.33690        0.00000
wrapping first mol.:      -22.03942       62.33690        0.00000
wrapping first mol.:      -22.03942       62.33690        0.00000
wrapping first mol.:      -22.03942       62.33690        0.00000
wrapping first mol.:      -22.03942       62.33690        0.00000

 NSTEP =   400000   TIME(PS) =     800.000  TEMP(K) =   301.12  PRESS =     0.0
 Etot   =    -72172.7619  EKtot   =     14017.7178  EPtot      =    -86190.4797
 BOND   =       577.2725  ANGLE   =      1560.8505  DIHED      =      1021.4192
 UB     =         0.0000  IMP     =         0.0000  CMAP       =       138.4818
 1-4 NB =       671.1791  1-4 EEL =     10164.3449  VDWAALS    =      9686.8290
 EELEC  =   -110010.8566  EHBOND  =         0.0000  RESTRAINT  =         0.0000
 ------------------------------------------------------------------------------

wrapping first mol.:      -22.03942       62.33690        0.00000
wrapping first mol.:      -22.03942       62.33690        0.00000
wrapping first mol.:      -22.03942       62.33690        0.00000
wrapping first mol.:      -22.03942       62.33690        0.00000
wrapping first mol.:      -22.03942       62.33690        0.00000
wrapping first mol.:      -22.03942       62.33690        0.00000
wrapping first mol.:      -22.03942       62.33690        0.00000
wrapping first mol.:      -22.03942       62.33690        0.00000
wrapping first mol.:      -22.03942       62.33690        0.00000
wrapping first mol.:      -22.03942       62.33690        0.00000
wrapping first mol.:      -22.03942       62.33690        0.00000

 NSTEP =   450000   TIME(PS) =     900.000  TEMP(K) =   301.20  PRESS =     0.0
 Etot   =    -71863.5010  EKtot   =     14021.6133  EPtot      =    -85885.1143
 BOND   =       546.1471  ANGLE   =      1596.2594  DIHED      =      1052.8622
 UB     =         0.0000  IMP     =         0.0000  CMAP       =       139.2642
 1-4 NB =       664.8235  1-4 EEL =     10192.8444  VDWAALS    =      9443.7188
 EELEC  =   -109521.0339  EHBOND  =         0.0000  RESTRAINT  =         0.0000
 ------------------------------------------------------------------------------

wrapping first mol.:      -22.03942       62.33690        0.00000
wrapping first mol.:      -22.03942       62.33690        0.00000
wrapping first mol.:      -22.03942       62.33690        0.00000
wrapping first mol.:      -22.03942       62.33690        0.00000
wrapping first mol.:      -22.03942       62.33690        0.00000
wrapping first mol.:      -22.03942       62.33690        0.00000
wrapping first mol.:      -22.03942       62.33690        0.00000
wrapping first mol.:      -22.03942       62.33690        0.00000
wrapping first mol.:      -22.03942       62.33690        0.00000
wrapping first mol.:      -22.03942       62.33690        0.00000
wrapping first mol.:      -22.03942       62.33690        0.00000

 NSTEP =   500000   TIME(PS) =    1000.000  TEMP(K) =   300.79  PRESS =     0.0
 Etot   =    -72326.8707  EKtot   =     14002.4932  EPtot      =    -86329.3638
 BOND   =       545.1694  ANGLE   =      1600.0359  DIHED      =      1062.7134
 UB     =         0.0000  IMP     =         0.0000  CMAP       =       143.3787
 1-4 NB =       672.8639  1-4 EEL =     10185.1784  VDWAALS    =      9480.3226
 EELEC  =   -110019.0261  EHBOND  =         0.0000  RESTRAINT  =         0.0000
 ------------------------------------------------------------------------------

wrapping first mol.:      -22.03942       62.33690        0.00000
wrapping first mol.:      -22.03942       62.33690        0.00000
wrapping first mol.:      -22.03942       62.33690        0.00000
wrapping first mol.:      -22.03942       62.33690        0.00000
wrapping first mol.:      -22.03942       62.33690        0.00000
wrapping first mol.:      -22.03942       62.33690        0.00000
wrapping first mol.:      -22.03942       62.33690        0.00000
wrapping first mol.:      -22.03942       62.33690        0.00000
wrapping first mol.:      -22.03942       62.33690        0.00000
wrapping first mol.:      -22.03942       62.33690        0.00000
wrapping first mol.:      -22.03942       62.33690        0.00000

 NSTEP =   550000   TIME(PS) =    1100.000  TEMP(K) =   299.00  PRESS =     0.0
 Etot   =    -72331.9700  EKtot   =     13918.8145  EPtot      =    -86250.7845
 BOND   =       571.0005  ANGLE   =      1625.3225  DIHED      =      1047.1267
 UB     =         0.0000  IMP     =         0.0000  CMAP       =       135.2819
 1-4 NB =       657.4111  1-4 EEL =     10127.0212  VDWAALS    =      9909.6579
 EELEC  =   -110323.6061  EHBOND  =         0.0000  RESTRAINT  =         0.0000
 ------------------------------------------------------------------------------

wrapping first mol.:      -22.03942       62.33690        0.00000
wrapping first mol.:      -22.03942       62.33690        0.00000
wrapping first mol.:      -22.03942       62.33690        0.00000
wrapping first mol.:      -22.03942       62.33690        0.00000
wrapping first mol.:      -22.03942       62.33690        0.00000
wrapping first mol.:      -22.03942       62.33690        0.00000
wrapping first mol.:      -22.03942       62.33690        0.00000
wrapping first mol.:      -22.03942       62.33690        0.00000
wrapping first mol.:      -22.03942       62.33690        0.00000
wrapping first mol.:      -22.03942       62.33690        0.00000
wrapping first mol.:      -22.03942       62.33690        0.00000

 NSTEP =   600000   TIME(PS) =    1200.000  TEMP(K) =   298.99  PRESS =     0.0
 Etot   =    -72311.5688  EKtot   =     13918.5703  EPtot      =    -86230.1391
 BOND   =       569.0393  ANGLE   =      1542.7665  DIHED      =      1048.6511
 UB     =         0.0000  IMP     =         0.0000  CMAP       =       141.8804
 1-4 NB =       659.1923  1-4 EEL =     10193.1585  VDWAALS    =      9665.1952
 EELEC  =   -110050.0224  EHBOND  =         0.0000  RESTRAINT  =         0.0000
 ------------------------------------------------------------------------------

wrapping first mol.:      -22.03942       62.33690        0.00000
wrapping first mol.:      -22.03942       62.33690        0.00000
wrapping first mol.:      -22.03942       62.33690        0.00000
wrapping first mol.:      -22.03942       62.33690        0.00000
wrapping first mol.:      -22.03942       62.33690        0.00000
wrapping first mol.:      -22.03942       62.33690        0.00000
wrapping first mol.:      -22.03942       62.33690        0.00000
wrapping first mol.:      -22.03942       62.33690        0.00000
wrapping first mol.:      -22.03942       62.33690        0.00000
wrapping first mol.:      -22.03942       62.33690        0.00000
wrapping first mol.:      -22.03942       62.33690        0.00000

 NSTEP =   650000   TIME(PS) =    1300.000  TEMP(K) =   299.63  PRESS =     0.0
 Etot   =    -72318.2927  EKtot   =     13948.2832  EPtot      =    -86266.5759
 BOND   =       567.8719  ANGLE   =      1581.7428  DIHED      =      1018.6228
 UB     =         0.0000  IMP     =         0.0000  CMAP       =       137.6865
 1-4 NB =       668.4378  1-4 EEL =     10144.6433  VDWAALS    =      9475.5587
 EELEC  =   -109861.1398  EHBOND  =         0.0000  RESTRAINT  =         0.0000
 ------------------------------------------------------------------------------

wrapping first mol.:      -22.03942       62.33690        0.00000
wrapping first mol.:      -22.03942       62.33690        0.00000
wrapping first mol.:      -22.03942       62.33690        0.00000
wrapping first mol.:      -22.03942       62.33690        0.00000
wrapping first mol.:      -22.03942       62.33690        0.00000
wrapping first mol.:      -22.03942       62.33690        0.00000
wrapping first mol.:      -22.03942       62.33690        0.00000
wrapping first mol.:      -22.03942       62.33690        0.00000
wrapping first mol.:      -22.03942       62.33690        0.00000
wrapping first mol.:      -22.03942       62.33690        0.00000
wrapping first mol.:      -22.03942       62.33690        0.00000

 NSTEP =   700000   TIME(PS) =    1400.000  TEMP(K) =   301.08  PRESS =     0.0
 Etot   =    -72022.5817  EKtot   =     14015.7002  EPtot      =    -86038.2819
 BOND   =       577.2338  ANGLE   =      1593.3960  DIHED      =      1042.9648
 UB     =         0.0000  IMP     =         0.0000  CMAP       =       146.4087
 1-4 NB =       667.3282  1-4 EEL =     10157.3073  VDWAALS    =      9484.0554
 EELEC  =   -109706.9761  EHBOND  =         0.0000  RESTRAINT  =         0.0000
 ------------------------------------------------------------------------------

wrapping first mol.:      -22.03942       62.33690        0.00000
wrapping first mol.:      -22.03942       62.33690        0.00000
wrapping first mol.:      -22.03942       62.33690        0.00000
wrapping first mol.:      -22.03942       62.33690        0.00000
wrapping first mol.:      -22.03942       62.33690        0.00000
wrapping first mol.:      -22.03942       62.33690        0.00000
wrapping first mol.:      -22.03942       62.33690        0.00000
wrapping first mol.:      -22.03942       62.33690        0.00000
wrapping first mol.:      -22.03942       62.33690        0.00000
wrapping first mol.:      -22.03942       62.33690        0.00000
wrapping first mol.:      -22.03942       62.33690        0.00000

 NSTEP =   750000   TIME(PS) =    1500.000  TEMP(K) =   301.06  PRESS =     0.0
 Etot   =    -72586.8208  EKtot   =     14014.7275  EPtot      =    -86601.5483
 BOND   =       579.3232  ANGLE   =      1568.6989  DIHED      =      1030.7515
 UB     =         0.0000  IMP     =         0.0000  CMAP       =       140.2689
 1-4 NB =       666.8165  1-4 EEL =     10149.5578  VDWAALS    =      9917.2112
 EELEC  =   -110654.1763  EHBOND  =         0.0000  RESTRAINT  =         0.0000
 ------------------------------------------------------------------------------

wrapping first mol.:      -22.03942       62.33690        0.00000
wrapping first mol.:      -22.03942       62.33690        0.00000
wrapping first mol.:      -22.03942       62.33690        0.00000
wrapping first mol.:      -22.03942       62.33690        0.00000
wrapping first mol.:      -22.03942       62.33690        0.00000
wrapping first mol.:      -22.03942       62.33690        0.00000
wrapping first mol.:      -22.03942       62.33690        0.00000
wrapping first mol.:      -22.03942       62.33690        0.00000
wrapping first mol.:      -22.03942       62.33690        0.00000
wrapping first mol.:      -22.03942       62.33690        0.00000
wrapping first mol.:      -22.03942       62.33690        0.00000

 NSTEP =   800000   TIME(PS) =    1600.000  TEMP(K) =   300.86  PRESS =     0.0
 Etot   =    -72493.6546  EKtot   =     14005.5869  EPtot      =    -86499.2415
 BOND   =       543.2316  ANGLE   =      1600.4589  DIHED      =      1017.5000
 UB     =         0.0000  IMP     =         0.0000  CMAP       =       145.1518
 1-4 NB =       672.0910  1-4 EEL =     10133.5464  VDWAALS    =      9710.0549
 EELEC  =   -110321.2761  EHBOND  =         0.0000  RESTRAINT  =         0.0000
 ------------------------------------------------------------------------------

wrapping first mol.:      -22.03942       62.33690        0.00000
wrapping first mol.:      -22.03942       62.33690        0.00000
wrapping first mol.:      -22.03942       62.33690        0.00000
wrapping first mol.:      -22.03942       62.33690        0.00000
wrapping first mol.:      -22.03942       62.33690        0.00000
wrapping first mol.:      -22.03942       62.33690        0.00000
wrapping first mol.:      -22.03942       62.33690        0.00000
wrapping first mol.:      -22.03942       62.33690        0.00000
wrapping first mol.:      -22.03942       62.33690        0.00000
wrapping first mol.:      -22.03942       62.33690        0.00000
wrapping first mol.:      -22.03942       62.33690        0.00000

 NSTEP =   850000   TIME(PS) =    1700.000  TEMP(K) =   299.23  PRESS =     0.0
 Etot   =    -72569.7393  EKtot   =     13929.5771  EPtot      =    -86499.3164
 BOND   =       565.4394  ANGLE   =      1579.3693  DIHED      =      1045.1532
 UB     =         0.0000  IMP     =         0.0000  CMAP       =       149.3688
 1-4 NB =       657.4970  1-4 EEL =     10127.3689  VDWAALS    =      9572.5653
 EELEC  =   -110196.0784  EHBOND  =         0.0000  RESTRAINT  =         0.0000
 ------------------------------------------------------------------------------

wrapping first mol.:      -22.03942       62.33690        0.00000
wrapping first mol.:      -22.03942       62.33690        0.00000
wrapping first mol.:      -22.03942       62.33690        0.00000
wrapping first mol.:      -22.03942       62.33690        0.00000
wrapping first mol.:      -22.03942       62.33690        0.00000
wrapping first mol.:      -22.03942       62.33690        0.00000
wrapping first mol.:      -22.03942       62.33690        0.00000
wrapping first mol.:      -22.03942       62.33690        0.00000
wrapping first mol.:      -22.03942       62.33690        0.00000
wrapping first mol.:      -22.03942       62.33690        0.00000
wrapping first mol.:      -22.03942       62.33690        0.00000

 NSTEP =   900000   TIME(PS) =    1800.000  TEMP(K) =   297.84  PRESS =     0.0
 Etot   =    -72374.7836  EKtot   =     13864.9785  EPtot      =    -86239.7621
 BOND   =       554.9648  ANGLE   =      1554.2194  DIHED      =      1021.6538
 UB     =         0.0000  IMP     =         0.0000  CMAP       =       140.6260
 1-4 NB =       669.8681  1-4 EEL =     10184.8691  VDWAALS    =      9816.7296
 EELEC  =   -110182.6928  EHBOND  =         0.0000  RESTRAINT  =         0.0000
 ------------------------------------------------------------------------------

wrapping first mol.:      -22.03942       62.33690        0.00000
wrapping first mol.:      -22.03942       62.33690        0.00000
wrapping first mol.:      -22.03942       62.33690        0.00000
wrapping first mol.:      -22.03942       62.33690        0.00000
wrapping first mol.:      -22.03942       62.33690        0.00000
wrapping first mol.:      -22.03942       62.33690        0.00000
wrapping first mol.:      -22.03942       62.33690        0.00000
wrapping first mol.:      -22.03942       62.33690        0.00000
wrapping first mol.:      -22.03942       62.33690        0.00000
wrapping first mol.:      -22.03942       62.33690        0.00000
wrapping first mol.:      -22.03942       62.33690        0.00000

 NSTEP =   950000   TIME(PS) =    1900.000  TEMP(K) =   299.20  PRESS =     0.0
 Etot   =    -72209.2462  EKtot   =     13928.1660  EPtot      =    -86137.4122
 BOND   =       547.7246  ANGLE   =      1574.2105  DIHED      =      1031.4767
 UB     =         0.0000  IMP     =         0.0000  CMAP       =       140.6366
 1-4 NB =       684.8707  1-4 EEL =     10158.4690  VDWAALS    =      9514.0119
 EELEC  =   -109788.8123  EHBOND  =         0.0000  RESTRAINT  =         0.0000
 ------------------------------------------------------------------------------

wrapping first mol.:      -22.03942       62.33690        0.00000
wrapping first mol.:      -22.03942       62.33690        0.00000
wrapping first mol.:      -22.03942       62.33690        0.00000
wrapping first mol.:      -22.03942       62.33690        0.00000
wrapping first mol.:      -22.03942       62.33690        0.00000
wrapping first mol.:      -22.03942       62.33690        0.00000
wrapping first mol.:      -22.03942       62.33690        0.00000
wrapping first mol.:      -22.03942       62.33690        0.00000
wrapping first mol.:      -22.03942       62.33690        0.00000
wrapping first mol.:      -22.03942       62.33690        0.00000
wrapping first mol.:      -22.03942       62.33690        0.00000

 NSTEP =  1000000   TIME(PS) =    2000.000  TEMP(K) =   300.35  PRESS =     0.0
 Etot   =    -72198.9191  EKtot   =     13981.7285  EPtot      =    -86180.6476
 BOND   =       556.5422  ANGLE   =      1580.1414  DIHED      =      1036.2745
 UB     =         0.0000  IMP     =         0.0000  CMAP       =       137.3644
 1-4 NB =       662.0829  1-4 EEL =     10183.1040  VDWAALS    =      9607.8494
 EELEC  =   -109944.0066  EHBOND  =         0.0000  RESTRAINT  =         0.0000
 ------------------------------------------------------------------------------

wrapping first mol.:      -22.03942       62.33690        0.00000
wrapping first mol.:      -22.03942       62.33690        0.00000
wrapping first mol.:      -22.03942       62.33690        0.00000
wrapping first mol.:      -22.03942       62.33690        0.00000
wrapping first mol.:      -22.03942       62.33690        0.00000
wrapping first mol.:      -22.03942       62.33690        0.00000
wrapping first mol.:      -22.03942       62.33690        0.00000
wrapping first mol.:      -22.03942       62.33690        0.00000
wrapping first mol.:      -22.03942       62.33690        0.00000
wrapping first mol.:      -22.03942       62.33690        0.00000
wrapping first mol.:      -22.03942       62.33690        0.00000

 NSTEP =  1050000   TIME(PS) =    2100.000  TEMP(K) =   301.88  PRESS =     0.0
 Etot   =    -72414.5655  EKtot   =     14052.9531  EPtot      =    -86467.5186
 BOND   =       580.7469  ANGLE   =      1610.9644  DIHED      =       993.0571
 UB     =         0.0000  IMP     =         0.0000  CMAP       =       129.4340
 1-4 NB =       668.5159  1-4 EEL =     10161.6322  VDWAALS    =      9767.7257
 EELEC  =   -110379.5949  EHBOND  =         0.0000  RESTRAINT  =         0.0000
 ------------------------------------------------------------------------------

wrapping first mol.:      -22.03942       62.33690        0.00000
wrapping first mol.:      -22.03942       62.33690        0.00000
wrapping first mol.:      -22.03942       62.33690        0.00000
wrapping first mol.:      -22.03942       62.33690        0.00000
wrapping first mol.:      -22.03942       62.33690        0.00000
wrapping first mol.:      -22.03942       62.33690        0.00000
wrapping first mol.:      -22.03942       62.33690        0.00000
wrapping first mol.:      -22.03942       62.33690        0.00000
wrapping first mol.:      -22.03942       62.33690        0.00000
wrapping first mol.:      -22.03942       62.33690        0.00000
wrapping first mol.:      -22.03942       62.33690        0.00000

 NSTEP =  1100000   TIME(PS) =    2200.000  TEMP(K) =   298.96  PRESS =     0.0
 Etot   =    -72539.8892  EKtot   =     13917.1074  EPtot      =    -86456.9966
 BOND   =       555.8493  ANGLE   =      1584.5049  DIHED      =      1024.1855
 UB     =         0.0000  IMP     =         0.0000  CMAP       =       138.5391
 1-4 NB =       653.9141  1-4 EEL =     10100.0838  VDWAALS    =      9480.9251
 EELEC  =   -109994.9983  EHBOND  =         0.0000  RESTRAINT  =         0.0000
 ------------------------------------------------------------------------------

wrapping first mol.:      -22.03942       62.33690        0.00000
wrapping first mol.:      -22.03942       62.33690        0.00000
wrapping first mol.:      -22.03942       62.33690        0.00000
wrapping first mol.:      -22.03942       62.33690        0.00000
wrapping first mol.:      -22.03942       62.33690        0.00000
wrapping first mol.:      -22.03942       62.33690        0.00000
wrapping first mol.:      -22.03942       62.33690        0.00000
wrapping first mol.:      -22.03942       62.33690        0.00000
wrapping first mol.:      -22.03942       62.33690        0.00000
wrapping first mol.:      -22.03942       62.33690        0.00000
wrapping first mol.:      -22.03942       62.33690        0.00000

 NSTEP =  1150000   TIME(PS) =    2300.000  TEMP(K) =   300.33  PRESS =     0.0
 Etot   =    -72348.1887  EKtot   =     13981.0410  EPtot      =    -86329.2298
 BOND   =       577.3869  ANGLE   =      1604.6265  DIHED      =      1019.6852
 UB     =         0.0000  IMP     =         0.0000  CMAP       =       136.4559
 1-4 NB =       667.8769  1-4 EEL =     10121.2832  VDWAALS    =      9475.6783
 EELEC  =   -109932.2227  EHBOND  =         0.0000  RESTRAINT  =         0.0000
 ------------------------------------------------------------------------------

wrapping first mol.:      -22.03942       62.33690        0.00000
wrapping first mol.:      -22.03942       62.33690        0.00000
wrapping first mol.:      -22.03942       62.33690        0.00000
wrapping first mol.:      -22.03942       62.33690        0.00000
wrapping first mol.:      -22.03942       62.33690        0.00000
wrapping first mol.:      -22.03942       62.33690        0.00000
wrapping first mol.:      -22.03942       62.33690        0.00000
wrapping first mol.:      -22.03942       62.33690        0.00000
wrapping first mol.:      -22.03942       62.33690        0.00000
wrapping first mol.:      -22.03942       62.33690        0.00000
wrapping first mol.:      -22.03942       62.33690        0.00000

 NSTEP =  1200000   TIME(PS) =    2400.000  TEMP(K) =   298.90  PRESS =     0.0
 Etot   =    -72251.3072  EKtot   =     13914.3066  EPtot      =    -86165.6138
 BOND   =       558.5083  ANGLE   =      1599.2368  DIHED      =      1036.7526
 UB     =         0.0000  IMP     =         0.0000  CMAP       =       142.7335
 1-4 NB =       663.7824  1-4 EEL =     10135.5018  VDWAALS    =      9680.1375
 EELEC  =   -109982.2666  EHBOND  =         0.0000  RESTRAINT  =         0.0000
 ------------------------------------------------------------------------------

wrapping first mol.:      -22.03942       62.33690        0.00000
wrapping first mol.:      -22.03942       62.33690        0.00000
wrapping first mol.:      -22.03942       62.33690        0.00000
wrapping first mol.:      -22.03942       62.33690        0.00000
wrapping first mol.:      -22.03942       62.33690        0.00000
wrapping first mol.:      -22.03942       62.33690        0.00000
wrapping first mol.:      -22.03942       62.33690        0.00000
wrapping first mol.:      -22.03942       62.33690        0.00000
wrapping first mol.:      -22.03942       62.33690        0.00000
wrapping first mol.:      -22.03942       62.33690        0.00000
wrapping first mol.:      -22.03942       62.33690        0.00000

 NSTEP =  1250000   TIME(PS) =    2500.000  TEMP(K) =   299.35  PRESS =     0.0
 Etot   =    -72280.9707  EKtot   =     13935.3750  EPtot      =    -86216.3457
 BOND   =       536.5896  ANGLE   =      1591.0947  DIHED      =      1035.0376
 UB     =         0.0000  IMP     =         0.0000  CMAP       =       139.9326
 1-4 NB =       675.7630  1-4 EEL =     10179.4047  VDWAALS    =      9667.8491
 EELEC  =   -110042.0171  EHBOND  =         0.0000  RESTRAINT  =         0.0000
 ------------------------------------------------------------------------------

wrapping first mol.:      -22.03942       62.33690        0.00000
wrapping first mol.:      -22.03942       62.33690        0.00000
wrapping first mol.:      -22.03942       62.33690        0.00000
wrapping first mol.:      -22.03942       62.33690        0.00000
wrapping first mol.:      -22.03942       62.33690        0.00000
wrapping first mol.:      -22.03942       62.33690        0.00000
wrapping first mol.:      -22.03942       62.33690        0.00000
wrapping first mol.:      -22.03942       62.33690        0.00000
wrapping first mol.:      -22.03942       62.33690        0.00000
wrapping first mol.:      -22.03942       62.33690        0.00000
wrapping first mol.:      -22.03942       62.33690        0.00000

 NSTEP =  1300000   TIME(PS) =    2600.000  TEMP(K) =   301.55  PRESS =     0.0
 Etot   =    -72240.3736  EKtot   =     14037.5547  EPtot      =    -86277.9282
 BOND   =       545.6263  ANGLE   =      1590.9240  DIHED      =      1067.7698
 UB     =         0.0000  IMP     =         0.0000  CMAP       =       137.4213
 1-4 NB =       671.8545  1-4 EEL =     10123.3902  VDWAALS    =      9767.1908
 EELEC  =   -110182.1052  EHBOND  =         0.0000  RESTRAINT  =         0.0000
 ------------------------------------------------------------------------------

wrapping first mol.:      -22.03942       62.33690        0.00000
wrapping first mol.:      -22.03942       62.33690        0.00000
wrapping first mol.:      -22.03942       62.33690        0.00000
wrapping first mol.:      -22.03942       62.33690        0.00000
wrapping first mol.:      -22.03942       62.33690        0.00000
wrapping first mol.:      -22.03942       62.33690        0.00000
wrapping first mol.:      -22.03942       62.33690        0.00000
wrapping first mol.:      -22.03942       62.33690        0.00000
wrapping first mol.:      -22.03942       62.33690        0.00000
wrapping first mol.:      -22.03942       62.33690        0.00000
wrapping first mol.:      -22.03942       62.33690        0.00000

 NSTEP =  1350000   TIME(PS) =    2700.000  TEMP(K) =   299.42  PRESS =     0.0
 Etot   =    -72268.3280  EKtot   =     13938.4531  EPtot      =    -86206.7812
 BOND   =       598.4287  ANGLE   =      1547.5991  DIHED      =      1050.6141
 UB     =         0.0000  IMP     =         0.0000  CMAP       =       136.1545
 1-4 NB =       669.8640  1-4 EEL =     10125.5317  VDWAALS    =      9744.4385
 EELEC  =   -110079.4117  EHBOND  =         0.0000  RESTRAINT  =         0.0000
 ------------------------------------------------------------------------------

wrapping first mol.:      -22.03942       62.33690        0.00000
wrapping first mol.:      -22.03942       62.33690        0.00000
wrapping first mol.:      -22.03942       62.33690        0.00000
wrapping first mol.:      -22.03942       62.33690        0.00000
wrapping first mol.:      -22.03942       62.33690        0.00000
wrapping first mol.:      -22.03942       62.33690        0.00000
wrapping first mol.:      -22.03942       62.33690        0.00000
wrapping first mol.:      -22.03942       62.33690        0.00000
wrapping first mol.:      -22.03942       62.33690        0.00000
wrapping first mol.:      -22.03942       62.33690        0.00000
wrapping first mol.:      -22.03942       62.33690        0.00000

 NSTEP =  1400000   TIME(PS) =    2800.000  TEMP(K) =   299.76  PRESS =     0.0
 Etot   =    -72218.4939  EKtot   =     13954.4043  EPtot      =    -86172.8982
 BOND   =       596.4726  ANGLE   =      1534.5105  DIHED      =      1033.6990
 UB     =         0.0000  IMP     =         0.0000  CMAP       =       140.9511
 1-4 NB =       677.3621  1-4 EEL =     10095.4579  VDWAALS    =      9577.7778
 EELEC  =   -109829.1291  EHBOND  =         0.0000  RESTRAINT  =         0.0000
 ------------------------------------------------------------------------------

wrapping first mol.:      -22.03942       62.33690        0.00000
wrapping first mol.:      -22.03942       62.33690        0.00000
wrapping first mol.:      -22.03942       62.33690        0.00000
wrapping first mol.:      -22.03942       62.33690        0.00000
wrapping first mol.:      -22.03942       62.33690        0.00000
wrapping first mol.:      -22.03942       62.33690        0.00000
wrapping first mol.:      -22.03942       62.33690        0.00000
wrapping first mol.:      -22.03942       62.33690        0.00000
wrapping first mol.:      -22.03942       62.33690        0.00000
wrapping first mol.:      -22.03942       62.33690        0.00000
wrapping first mol.:      -22.03942       62.33690        0.00000

 NSTEP =  1450000   TIME(PS) =    2900.000  TEMP(K) =   301.69  PRESS =     0.0
 Etot   =    -72338.0807  EKtot   =     14044.0371  EPtot      =    -86382.1178
 BOND   =       540.7534  ANGLE   =      1609.8604  DIHED      =      1029.8208
 UB     =         0.0000  IMP     =         0.0000  CMAP       =       148.8364
 1-4 NB =       668.7522  1-4 EEL =     10153.6390  VDWAALS    =      9643.7965
 EELEC  =   -110177.5766  EHBOND  =         0.0000  RESTRAINT  =         0.0000
 ------------------------------------------------------------------------------

wrapping first mol.:      -22.03942       62.33690        0.00000
wrapping first mol.:      -22.03942       62.33690        0.00000
wrapping first mol.:      -22.03942       62.33690        0.00000
wrapping first mol.:      -22.03942       62.33690        0.00000
wrapping first mol.:      -22.03942       62.33690        0.00000
wrapping first mol.:      -22.03942       62.33690        0.00000
wrapping first mol.:      -22.03942       62.33690        0.00000
wrapping first mol.:      -22.03942       62.33690        0.00000
wrapping first mol.:      -22.03942       62.33690        0.00000
wrapping first mol.:      -22.03942       62.33690        0.00000
wrapping first mol.:      -22.03942       62.33690        0.00000

 NSTEP =  1500000   TIME(PS) =    3000.000  TEMP(K) =   301.41  PRESS =     0.0
 Etot   =    -72553.8780  EKtot   =     14031.0352  EPtot      =    -86584.9131
 BOND   =       603.9125  ANGLE   =      1584.1365  DIHED      =      1040.2125
 UB     =         0.0000  IMP     =         0.0000  CMAP       =       133.6512
 1-4 NB =       676.4670  1-4 EEL =     10127.8419  VDWAALS    =      9862.1957
 EELEC  =   -110613.3304  EHBOND  =         0.0000  RESTRAINT  =         0.0000
 ------------------------------------------------------------------------------

wrapping first mol.:      -22.03942       62.33690        0.00000
wrapping first mol.:      -22.03942       62.33690        0.00000
wrapping first mol.:      -22.03942       62.33690        0.00000
wrapping first mol.:      -22.03942       62.33690        0.00000
wrapping first mol.:      -22.03942       62.33690        0.00000
wrapping first mol.:      -22.03942       62.33690        0.00000
wrapping first mol.:      -22.03942       62.33690        0.00000
wrapping first mol.:      -22.03942       62.33690        0.00000

 NSTEP =  1550000   TIME(PS) =    3100.000  TEMP(K) =   302.17  PRESS =     0.0
 Etot   =    -72170.5249  EKtot   =     14066.5166  EPtot      =    -86237.0415
 BOND   =       508.5612  ANGLE   =      1610.3752  DIHED      =      1052.8125
 UB     =         0.0000  IMP     =         0.0000  CMAP       =       147.2159
 1-4 NB =       672.2997  1-4 EEL =     10105.9220  VDWAALS    =      9730.7437
 EELEC  =   -110064.9717  EHBOND  =         0.0000  RESTRAINT  =         0.0000
 ------------------------------------------------------------------------------

wrapping first mol.:      -22.03942       62.33690        0.00000
wrapping first mol.:      -22.03942       62.33690        0.00000
wrapping first mol.:      -22.03942       62.33690        0.00000
wrapping first mol.:      -22.03942       62.33690        0.00000
wrapping first mol.:      -22.03942       62.33690        0.00000
wrapping first mol.:      -22.03942       62.33690        0.00000
wrapping first mol.:      -22.03942       62.33690        0.00000
wrapping first mol.:      -22.03942       62.33690        0.00000

 NSTEP =  1600000   TIME(PS) =    3200.000  TEMP(K) =   299.23  PRESS =     0.0
 Etot   =    -72469.4160  EKtot   =     13929.9502  EPtot      =    -86399.3662
 BOND   =       542.6962  ANGLE   =      1577.5034  DIHED      =      1047.2456
 UB     =         0.0000  IMP     =         0.0000  CMAP       =       140.6121
 1-4 NB =       666.6119  1-4 EEL =     10113.5211  VDWAALS    =      9709.4441
 EELEC  =   -110197.0007  EHBOND  =         0.0000  RESTRAINT  =         0.0000
 ------------------------------------------------------------------------------

wrapping first mol.:      -22.03942       62.33690        0.00000
wrapping first mol.:      -22.03942       62.33690        0.00000

 NSTEP =  1650000   TIME(PS) =    3300.000  TEMP(K) =   299.97  PRESS =     0.0
 Etot   =    -72446.8060  EKtot   =     13964.1338  EPtot      =    -86410.9398
 BOND   =       558.7086  ANGLE   =      1580.0937  DIHED      =      1039.1478
 UB     =         0.0000  IMP     =         0.0000  CMAP       =       144.3503
 1-4 NB =       676.4246  1-4 EEL =     10140.1406  VDWAALS    =      9762.3308
 EELEC  =   -110312.1362  EHBOND  =         0.0000  RESTRAINT  =         0.0000
 ------------------------------------------------------------------------------


 NSTEP =  1700000   TIME(PS) =    3400.000  TEMP(K) =   297.12  PRESS =     0.0
 Etot   =    -72290.2774  EKtot   =     13831.3223  EPtot      =    -86121.5997
 BOND   =       568.4859  ANGLE   =      1591.3550  DIHED      =      1032.9982
 UB     =         0.0000  IMP     =         0.0000  CMAP       =       143.0065
 1-4 NB =       648.6504  1-4 EEL =     10075.1586  VDWAALS    =      9669.2695
 EELEC  =   -109850.5237  EHBOND  =         0.0000  RESTRAINT  =         0.0000
 ------------------------------------------------------------------------------


 NSTEP =  1750000   TIME(PS) =    3500.000  TEMP(K) =   298.92  PRESS =     0.0
 Etot   =    -72299.3481  EKtot   =     13915.4189  EPtot      =    -86214.7670
 BOND   =       548.8604  ANGLE   =      1581.6546  DIHED      =      1041.1662
 UB     =         0.0000  IMP     =         0.0000  CMAP       =       133.5077
 1-4 NB =       676.2151  1-4 EEL =     10168.4753  VDWAALS    =      9916.8491
 EELEC  =   -110281.4954  EHBOND  =         0.0000  RESTRAINT  =         0.0000
 ------------------------------------------------------------------------------

wrapping first mol.:      -22.03942       62.33690        0.00000
wrapping first mol.:      -22.03942       62.33690        0.00000
wrapping first mol.:      -22.03942       62.33690        0.00000
wrapping first mol.:      -22.03942       62.33690        0.00000
wrapping first mol.:      -22.03942       62.33690        0.00000
wrapping first mol.:      -22.03942       62.33690        0.00000
wrapping first mol.:      -22.03942       62.33690        0.00000
wrapping first mol.:      -22.03942       62.33690        0.00000
wrapping first mol.:      -22.03942       62.33690        0.00000

 NSTEP =  1800000   TIME(PS) =    3600.000  TEMP(K) =   302.23  PRESS =     0.0
 Etot   =    -72148.5996  EKtot   =     14069.2305  EPtot      =    -86217.8300
 BOND   =       548.8304  ANGLE   =      1638.8303  DIHED      =      1053.3209
 UB     =         0.0000  IMP     =         0.0000  CMAP       =       141.9021
 1-4 NB =       655.4697  1-4 EEL =     10107.5528  VDWAALS    =      9902.9345
 EELEC  =   -110266.6707  EHBOND  =         0.0000  RESTRAINT  =         0.0000
 ------------------------------------------------------------------------------

wrapping first mol.:      -22.03942       62.33690        0.00000
wrapping first mol.:      -22.03942       62.33690        0.00000
wrapping first mol.:      -22.03942       62.33690        0.00000
wrapping first mol.:      -22.03942       62.33690        0.00000
wrapping first mol.:      -22.03942       62.33690        0.00000
wrapping first mol.:      -22.03942       62.33690        0.00000
wrapping first mol.:      -22.03942       62.33690        0.00000
wrapping first mol.:      -22.03942       62.33690        0.00000
wrapping first mol.:      -22.03942       62.33690        0.00000
wrapping first mol.:      -22.03942       62.33690        0.00000

 NSTEP =  1850000   TIME(PS) =    3700.000  TEMP(K) =   299.23  PRESS =     0.0
 Etot   =    -72208.9321  EKtot   =     13929.8945  EPtot      =    -86138.8266
 BOND   =       604.0167  ANGLE   =      1564.7269  DIHED      =      1032.6830
 UB     =         0.0000  IMP     =         0.0000  CMAP       =       131.4996
 1-4 NB =       661.1322  1-4 EEL =     10091.4852  VDWAALS    =      9621.3391
 EELEC  =   -109845.7094  EHBOND  =         0.0000  RESTRAINT  =         0.0000
 ------------------------------------------------------------------------------

wrapping first mol.:      -22.03942       62.33690        0.00000
wrapping first mol.:      -22.03942       62.33690        0.00000
wrapping first mol.:      -22.03942       62.33690        0.00000
wrapping first mol.:      -22.03942       62.33690        0.00000
wrapping first mol.:      -22.03942       62.33690        0.00000
wrapping first mol.:      -22.03942       62.33690        0.00000
wrapping first mol.:      -22.03942       62.33690        0.00000
wrapping first mol.:      -22.03942       62.33690        0.00000
wrapping first mol.:      -22.03942       62.33690        0.00000
wrapping first mol.:      -22.03942       62.33690        0.00000
wrapping first mol.:      -22.03942       62.33690        0.00000

 NSTEP =  1900000   TIME(PS) =    3800.000  TEMP(K) =   299.57  PRESS =     0.0
 Etot   =    -72218.9823  EKtot   =     13945.7119  EPtot      =    -86164.6942
 BOND   =       572.2764  ANGLE   =      1556.2150  DIHED      =      1028.3210
 UB     =         0.0000  IMP     =         0.0000  CMAP       =       140.6621
 1-4 NB =       662.8390  1-4 EEL =     10128.7175  VDWAALS    =      9606.5679
 EELEC  =   -109860.2930  EHBOND  =         0.0000  RESTRAINT  =         0.0000
 ------------------------------------------------------------------------------

wrapping first mol.:      -22.03942       62.33690        0.00000
wrapping first mol.:      -22.03942       62.33690        0.00000
wrapping first mol.:      -22.03942       62.33690        0.00000
wrapping first mol.:      -22.03942       62.33690        0.00000
wrapping first mol.:      -22.03942       62.33690        0.00000
wrapping first mol.:      -22.03942       62.33690        0.00000
wrapping first mol.:      -22.03942       62.33690        0.00000
wrapping first mol.:      -22.03942       62.33690        0.00000
wrapping first mol.:      -22.03942       62.33690        0.00000
wrapping first mol.:      -22.03942       62.33690        0.00000
wrapping first mol.:      -22.03942       62.33690        0.00000

 NSTEP =  1950000   TIME(PS) =    3900.000  TEMP(K) =   300.22  PRESS =     0.0
 Etot   =    -72493.3767  EKtot   =     13975.8955  EPtot      =    -86469.2722
 BOND   =       574.6839  ANGLE   =      1502.6801  DIHED      =      1029.8143
 UB     =         0.0000  IMP     =         0.0000  CMAP       =       132.3626
 1-4 NB =       669.6411  1-4 EEL =     10128.0355  VDWAALS    =      9710.2374
 EELEC  =   -110216.7272  EHBOND  =         0.0000  RESTRAINT  =         0.0000
 ------------------------------------------------------------------------------

wrapping first mol.:      -22.03942       62.33690        0.00000
wrapping first mol.:      -22.03942       62.33690        0.00000
wrapping first mol.:      -22.03942       62.33690        0.00000
wrapping first mol.:      -22.03942       62.33690        0.00000
wrapping first mol.:      -22.03942       62.33690        0.00000
wrapping first mol.:      -22.03942       62.33690        0.00000
wrapping first mol.:      -22.03942       62.33690        0.00000
wrapping first mol.:      -22.03942       62.33690        0.00000
wrapping first mol.:      -22.03942       62.33690        0.00000
wrapping first mol.:      -22.03942       62.33690        0.00000
wrapping first mol.:      -22.03942       62.33690        0.00000

 NSTEP =  2000000   TIME(PS) =    4000.000  TEMP(K) =   301.35  PRESS =     0.0
 Etot   =    -72362.7333  EKtot   =     14028.4326  EPtot      =    -86391.1660
 BOND   =       581.9829  ANGLE   =      1611.5730  DIHED      =      1044.7094
 UB     =         0.0000  IMP     =         0.0000  CMAP       =       142.4677
 1-4 NB =       663.9576  1-4 EEL =     10132.5553  VDWAALS    =      9582.4415
 EELEC  =   -110150.8534  EHBOND  =         0.0000  RESTRAINT  =         0.0000
 ------------------------------------------------------------------------------

wrapping first mol.:      -22.03942       62.33690        0.00000
wrapping first mol.:      -22.03942       62.33690        0.00000
wrapping first mol.:      -22.03942       62.33690        0.00000
wrapping first mol.:      -22.03942       62.33690        0.00000
wrapping first mol.:      -22.03942       62.33690        0.00000
wrapping first mol.:      -22.03942       62.33690        0.00000
wrapping first mol.:      -22.03942       62.33690        0.00000
wrapping first mol.:      -22.03942       62.33690        0.00000
wrapping first mol.:      -22.03942       62.33690        0.00000
wrapping first mol.:      -22.03942       62.33690        0.00000
wrapping first mol.:      -22.03942       62.33690        0.00000

 NSTEP =  2050000   TIME(PS) =    4100.000  TEMP(K) =   299.70  PRESS =     0.0
 Etot   =    -72563.0105  EKtot   =     13951.3945  EPtot      =    -86514.4050
 BOND   =       584.2241  ANGLE   =      1597.1546  DIHED      =      1058.2154
 UB     =         0.0000  IMP     =         0.0000  CMAP       =       129.9785
 1-4 NB =       659.3268  1-4 EEL =     10148.3666  VDWAALS    =      9764.7299
 EELEC  =   -110456.4008  EHBOND  =         0.0000  RESTRAINT  =         0.0000
 ------------------------------------------------------------------------------

wrapping first mol.:      -22.03942       62.33690        0.00000
wrapping first mol.:      -22.03942       62.33690        0.00000
wrapping first mol.:      -22.03942       62.33690        0.00000
wrapping first mol.:      -22.03942       62.33690        0.00000
wrapping first mol.:      -22.03942       62.33690        0.00000
wrapping first mol.:      -22.03942       62.33690        0.00000
wrapping first mol.:      -22.03942       62.33690        0.00000
wrapping first mol.:      -22.03942       62.33690        0.00000
wrapping first mol.:      -22.03942       62.33690        0.00000
wrapping first mol.:      -22.03942       62.33690        0.00000
wrapping first mol.:      -22.03942       62.33690        0.00000

 NSTEP =  2100000   TIME(PS) =    4200.000  TEMP(K) =   300.31  PRESS =     0.0
 Etot   =    -72468.1892  EKtot   =     13979.9199  EPtot      =    -86448.1092
 BOND   =       522.0207  ANGLE   =      1532.0429  DIHED      =      1041.1844
 UB     =         0.0000  IMP     =         0.0000  CMAP       =       128.0199
 1-4 NB =       674.4982  1-4 EEL =     10142.7687  VDWAALS    =      9956.3708
 EELEC  =   -110445.0147  EHBOND  =         0.0000  RESTRAINT  =         0.0000
 ------------------------------------------------------------------------------

wrapping first mol.:      -22.03942       62.33690        0.00000
wrapping first mol.:      -22.03942       62.33690        0.00000
wrapping first mol.:      -22.03942       62.33690        0.00000
wrapping first mol.:      -22.03942       62.33690        0.00000
wrapping first mol.:      -22.03942       62.33690        0.00000
wrapping first mol.:      -22.03942       62.33690        0.00000
wrapping first mol.:      -22.03942       62.33690        0.00000
wrapping first mol.:      -22.03942       62.33690        0.00000
wrapping first mol.:      -22.03942       62.33690        0.00000
wrapping first mol.:      -22.03942       62.33690        0.00000
wrapping first mol.:      -22.03942       62.33690        0.00000

 NSTEP =  2150000   TIME(PS) =    4300.000  TEMP(K) =   298.60  PRESS =     0.0
 Etot   =    -72162.8435  EKtot   =     13900.3096  EPtot      =    -86063.1530
 BOND   =       554.9500  ANGLE   =      1641.2899  DIHED      =      1027.0293
 UB     =         0.0000  IMP     =         0.0000  CMAP       =       142.1740
 1-4 NB =       678.9363  1-4 EEL =     10156.4706  VDWAALS    =      9603.9271
 EELEC  =   -109867.9302  EHBOND  =         0.0000  RESTRAINT  =         0.0000
 ------------------------------------------------------------------------------

wrapping first mol.:      -22.03942       62.33690        0.00000
wrapping first mol.:      -22.03942       62.33690        0.00000
wrapping first mol.:      -22.03942       62.33690        0.00000
wrapping first mol.:      -22.03942       62.33690        0.00000
wrapping first mol.:      -22.03942       62.33690        0.00000
wrapping first mol.:      -22.03942       62.33690        0.00000
wrapping first mol.:      -22.03942       62.33690        0.00000
wrapping first mol.:      -22.03942       62.33690        0.00000
wrapping first mol.:      -22.03942       62.33690        0.00000
wrapping first mol.:      -22.03942       62.33690        0.00000
wrapping first mol.:      -22.03942       62.33690        0.00000

 NSTEP =  2200000   TIME(PS) =    4400.000  TEMP(K) =   298.40  PRESS =     0.0
 Etot   =    -72247.1758  EKtot   =     13891.0762  EPtot      =    -86138.2520
 BOND   =       574.3004  ANGLE   =      1581.9531  DIHED      =      1012.9158
 UB     =         0.0000  IMP     =         0.0000  CMAP       =       133.4856
 1-4 NB =       662.7239  1-4 EEL =     10112.3109  VDWAALS    =      9653.1201
 EELEC  =   -109869.0617  EHBOND  =         0.0000  RESTRAINT  =         0.0000
 ------------------------------------------------------------------------------

wrapping first mol.:      -22.03942       62.33690        0.00000
wrapping first mol.:      -22.03942       62.33690        0.00000
wrapping first mol.:      -22.03942       62.33690        0.00000
wrapping first mol.:      -22.03942       62.33690        0.00000
wrapping first mol.:      -22.03942       62.33690        0.00000
wrapping first mol.:      -22.03942       62.33690        0.00000
wrapping first mol.:      -22.03942       62.33690        0.00000
wrapping first mol.:      -22.03942       62.33690        0.00000
wrapping first mol.:      -22.03942       62.33690        0.00000
wrapping first mol.:      -22.03942       62.33690        0.00000
wrapping first mol.:      -22.03942       62.33690        0.00000

 NSTEP =  2250000   TIME(PS) =    4500.000  TEMP(K) =   301.14  PRESS =     0.0
 Etot   =    -72033.7981  EKtot   =     14018.4795  EPtot      =    -86052.2776
 BOND   =       575.8707  ANGLE   =      1643.0192  DIHED      =      1054.5588
 UB     =         0.0000  IMP     =         0.0000  CMAP       =       140.4374
 1-4 NB =       676.0904  1-4 EEL =     10157.7189  VDWAALS    =      9619.3882
 EELEC  =   -109919.3612  EHBOND  =         0.0000  RESTRAINT  =         0.0000
 ------------------------------------------------------------------------------

wrapping first mol.:      -22.03942       62.33690        0.00000
wrapping first mol.:      -22.03942       62.33690        0.00000
wrapping first mol.:      -22.03942       62.33690        0.00000
wrapping first mol.:      -22.03942       62.33690        0.00000
wrapping first mol.:      -22.03942       62.33690        0.00000
wrapping first mol.:      -22.03942       62.33690        0.00000
wrapping first mol.:      -22.03942       62.33690        0.00000
wrapping first mol.:      -22.03942       62.33690        0.00000
wrapping first mol.:      -22.03942       62.33690        0.00000
wrapping first mol.:      -22.03942       62.33690        0.00000
wrapping first mol.:      -22.03942       62.33690        0.00000

 NSTEP =  2300000   TIME(PS) =    4600.000  TEMP(K) =   301.54  PRESS =     0.0
 Etot   =    -72139.2966  EKtot   =     14037.1064  EPtot      =    -86176.4030
 BOND   =       585.7264  ANGLE   =      1593.4021  DIHED      =      1034.7075
 UB     =         0.0000  IMP     =         0.0000  CMAP       =       145.8690
 1-4 NB =       651.4349  1-4 EEL =     10096.1267  VDWAALS    =      9652.9575
 EELEC  =   -109936.6272  EHBOND  =         0.0000  RESTRAINT  =         0.0000
 ------------------------------------------------------------------------------

wrapping first mol.:      -22.03942       62.33690        0.00000
wrapping first mol.:      -22.03942       62.33690        0.00000
wrapping first mol.:      -22.03942       62.33690        0.00000
wrapping first mol.:      -22.03942       62.33690        0.00000
wrapping first mol.:      -22.03942       62.33690        0.00000
wrapping first mol.:      -22.03942       62.33690        0.00000
wrapping first mol.:      -22.03942       62.33690        0.00000
wrapping first mol.:      -22.03942       62.33690        0.00000
wrapping first mol.:      -22.03942       62.33690        0.00000
wrapping first mol.:      -22.03942       62.33690        0.00000
wrapping first mol.:      -22.03942       62.33690        0.00000

 NSTEP =  2350000   TIME(PS) =    4700.000  TEMP(K) =   297.37  PRESS =     0.0
 Etot   =    -72399.5183  EKtot   =     13843.2012  EPtot      =    -86242.7195
 BOND   =       535.6310  ANGLE   =      1648.8191  DIHED      =      1025.0830
 UB     =         0.0000  IMP     =         0.0000  CMAP       =       136.7087
 1-4 NB =       667.3246  1-4 EEL =     10146.0049  VDWAALS    =      9681.8073
 EELEC  =   -110084.0981  EHBOND  =         0.0000  RESTRAINT  =         0.0000
 ------------------------------------------------------------------------------

wrapping first mol.:      -22.03942       62.33690        0.00000
wrapping first mol.:      -22.03942       62.33690        0.00000
wrapping first mol.:      -22.03942       62.33690        0.00000
wrapping first mol.:      -22.03942       62.33690        0.00000
wrapping first mol.:      -22.03942       62.33690        0.00000
wrapping first mol.:      -22.03942       62.33690        0.00000
wrapping first mol.:      -22.03942       62.33690        0.00000
wrapping first mol.:      -22.03942       62.33690        0.00000
wrapping first mol.:      -22.03942       62.33690        0.00000
wrapping first mol.:      -22.03942       62.33690        0.00000
wrapping first mol.:      -22.03942       62.33690        0.00000

 NSTEP =  2400000   TIME(PS) =    4800.000  TEMP(K) =   296.64  PRESS =     0.0
 Etot   =    -72489.0510  EKtot   =     13809.0215  EPtot      =    -86298.0725
 BOND   =       557.4270  ANGLE   =      1615.2778  DIHED      =      1045.6755
 UB     =         0.0000  IMP     =         0.0000  CMAP       =       142.6352
 1-4 NB =       673.8691  1-4 EEL =     10188.4449  VDWAALS    =      9703.0081
 EELEC  =   -110224.4100  EHBOND  =         0.0000  RESTRAINT  =         0.0000
 ------------------------------------------------------------------------------

wrapping first mol.:      -22.03942       62.33690        0.00000
wrapping first mol.:      -22.03942       62.33690        0.00000
wrapping first mol.:      -22.03942       62.33690        0.00000
wrapping first mol.:      -22.03942       62.33690        0.00000
wrapping first mol.:      -22.03942       62.33690        0.00000
wrapping first mol.:      -22.03942       62.33690        0.00000
wrapping first mol.:      -22.03942       62.33690        0.00000
wrapping first mol.:      -22.03942       62.33690        0.00000
wrapping first mol.:      -22.03942       62.33690        0.00000
wrapping first mol.:      -22.03942       62.33690        0.00000
wrapping first mol.:      -22.03942       62.33690        0.00000

 NSTEP =  2450000   TIME(PS) =    4900.000  TEMP(K) =   301.28  PRESS =     0.0
 Etot   =    -72232.8904  EKtot   =     14024.9912  EPtot      =    -86257.8816
 BOND   =       524.3942  ANGLE   =      1535.4532  DIHED      =      1032.6574
 UB     =         0.0000  IMP     =         0.0000  CMAP       =       141.5642
 1-4 NB =       678.3306  1-4 EEL =     10133.0647  VDWAALS    =      9512.6099
 EELEC  =   -109815.9557  EHBOND  =         0.0000  RESTRAINT  =         0.0000
 ------------------------------------------------------------------------------

wrapping first mol.:      -22.03942       62.33690        0.00000
wrapping first mol.:      -22.03942       62.33690        0.00000
wrapping first mol.:      -22.03942       62.33690        0.00000
wrapping first mol.:      -22.03942       62.33690        0.00000
wrapping first mol.:      -22.03942       62.33690        0.00000
wrapping first mol.:      -22.03942       62.33690        0.00000
wrapping first mol.:      -22.03942       62.33690        0.00000
wrapping first mol.:      -22.03942       62.33690        0.00000
wrapping first mol.:      -22.03942       62.33690        0.00000
wrapping first mol.:      -22.03942       62.33690        0.00000
wrapping first mol.:      -22.03942       62.33690        0.00000

 NSTEP =  2500000   TIME(PS) =    5000.000  TEMP(K) =   302.15  PRESS =     0.0
 Etot   =    -72495.4969  EKtot   =     14065.5645  EPtot      =    -86561.0614
 BOND   =       532.3033  ANGLE   =      1568.0864  DIHED      =      1026.0078
 UB     =         0.0000  IMP     =         0.0000  CMAP       =       136.7679
 1-4 NB =       656.5735  1-4 EEL =     10104.1859  VDWAALS    =      9561.5578
 EELEC  =   -110146.5440  EHBOND  =         0.0000  RESTRAINT  =         0.0000
 ------------------------------------------------------------------------------


      A V E R A G E S   O V E R      50 S T E P S


 NSTEP =  2500000   TIME(PS) =    5000.000  TEMP(K) =   300.04  PRESS =     0.0
 Etot   =    -72304.2137  EKtot   =     13967.4822  EPtot      =    -86271.6959
 BOND   =       561.9097  ANGLE   =      1585.5201  DIHED      =      1037.0050
 UB     =         0.0000  IMP     =         0.0000  CMAP       =       138.5411
 1-4 NB =       667.7842  1-4 EEL =     10143.4160  VDWAALS    =      9665.4870
 EELEC  =   -110071.3589  EHBOND  =         0.0000  RESTRAINT  =         0.0000
 ------------------------------------------------------------------------------


      R M S  F L U C T U A T I O N S


 NSTEP =  2500000   TIME(PS) =    5000.000  TEMP(K) =     1.38  PRESS =     0.0
 Etot   =       160.8709  EKtot   =        64.2037  EPtot      =       157.5401
 BOND   =        21.4278  ANGLE   =        31.2005  DIHED      =        14.5705
 UB     =         0.0000  IMP     =         0.0000  CMAP       =         5.4849
 1-4 NB =         8.1902  1-4 EEL =        30.6110  VDWAALS    =       135.7021
 EELEC  =       237.7702  EHBOND  =         0.0000  RESTRAINT  =         0.0000
 ------------------------------------------------------------------------------

--------------------------------------------------------------------------------
   5.  TIMINGS
--------------------------------------------------------------------------------

|  NonSetup CPU Time in Major Routines:
|
|     Routine           Sec        %
|     ------------------------------
|     Nonbond         598.43   11.86
|     Bond              0.00    0.00
|     Angle             0.00    0.00
|     Dihedral          0.00    0.00
|     Shake            20.79    0.41
|     RunMD          4421.01   87.65
|     Other             3.51    0.07
|     ------------------------------
|     Total          5043.73

|  PME Nonbond Pairlist CPU Time:
|
|     Routine              Sec        %
|     ---------------------------------
|     Set Up Cit           0.00    0.00
|     Build List           0.00    0.00
|     ---------------------------------
|     Total                0.00    0.00

|  PME Direct Force CPU Time:
|
|     Routine              Sec        %
|     ---------------------------------
|     NonBonded Calc       0.00    0.00
|     Exclude Masked       0.00    0.00
|     Other                1.89    0.04
|     ---------------------------------
|     Total                1.89    0.04

|  PME Reciprocal Force CPU Time:
|
|     Routine              Sec        %
|     ---------------------------------
|     1D bspline           0.00    0.00
|     Grid Charges         0.00    0.00
|     Scalar Sum           0.00    0.00
|     Gradient Sum         0.00    0.00
|     FFT                  0.00    0.00
|     ---------------------------------
|     Total                0.00    0.00

|  Final Performance Info:
|     -----------------------------------------------------
|     Average timings for last       1 steps:
|     Elapsed(s) =       0.00 Per Step(ms) =       0.16
|         ns/day =    1114.63   seconds/ns =      77.51
|
|     Average timings for all steps:
|     Elapsed(s) =    5053.59 Per Step(ms) =       2.02
|         ns/day =      85.48   seconds/ns =    1010.72
|     -----------------------------------------------------

|  Setup CPU time:            0.67 seconds
|  NonSetup CPU time:      5043.73 seconds
|  Total CPU time:         5044.40 seconds     1.40 hours

|  Setup wall time:           1    seconds
|  NonSetup wall time:     5053    seconds
|  Total wall time:        5054    seconds     1.40 hours
