
          -------------------------------------------------------
          Amber 18 PMEMD                              2018
          -------------------------------------------------------

| PMEMD implementation of SANDER, Release 18

| Run on 12/04/2020 at 09:37:52

|   Executable path: pmemd.cuda
| Working directory: /home/almacen/pbarletta/dynein/run/1f96/4_pdt
|          Hostname: Unknown
  [-O]verwriting output

File Assignments:
|   MDIN: pre_pdt.in                                                            
|  MDOUT: 0pdt.out                                                              
| INPCRD: 4_1f96.rst7                                                           
|   PARM: /home/almacen/pbarletta/dynein/top_files/1f96.prmtop                  
| RESTRT: 0p4_1f96.rst7                                                         
|   REFC: refc                                                                  
|  MDVEL: mdvel                                                                 
|   MDEN: mden                                                                  
|  MDCRD: 0p4_1f96.nc                                                           
| MDINFO: mdinfo                                                                
|  MDFRC: mdfrc                                                                 


 Here is the input file:

Production run                                                                 
&cntrl                                                                         
imin = 0,                           ! No Minimization                          
nmropt = 0,                         ! No NMR restraints read                   
                                                                               
! Nature and format of the input                                               
ntx = 5,                            ! Coordinates and velocities will be read  
irest = 1,                          ! Do not run a new simulation              
                                                                               
! Nature and format of the output                                              
ntxo = 1,                           ! rstrt file in ASCII format               
ntpr = 50000,                       ! inf in output every ntpr steps           
ntwr = 50000,                       ! rstrt file every ntwr steps              
ntwx = 5000,                        ! mdcrd file every ntwx steps              
ntwv = 0,                           ! mdvel without velocities                 
ntwe = 0,                           ! Energies and temperatures not written in 
idecomp = 0,                        ! No energy decomposition                  
iwrap = 1,                          ! Coordinates of the restart and mdcrd file
                                                                               
! Frozen or restrained atoms                                                   
ibelly = 0,                         ! No frozen atoms                          
ntr=0,                              ! Harmonic potential restraints            
                                                                               
! Molecular dynamics                                                           
nstlim = 2500000,                   ! Number of MD-steps                       
dt = 0.002,                         ! Time step                                
                                                                               
! Temperature regulation                                                       
ntt = 3,                            ! Langevin thermostat                      
gamma_ln = 2,                       ! Gamma constant for Langevin              
temp0 = 300.0,                      ! Reference T at which the system is to be 
tempi = 300.0,                      ! Initial T                                
ig = -1,                            ! Seed for the RNG                         
                                                                               
! P and V regulation                                                           
!barostat = 1,                      ! Berendsen barostat                       
!taup = 1,                          ! Pressure relaxation time                 
ntp = 0,                            ! constant V                               
ntb = 1,                            ! Periodic box for constant V              
                                                                               
! SHAKE variables                                                              
ntc = 2,                            ! Bonds involving H are constrained        
ntf = 2,                            ! Bond interaction involving H are ommited.
                                                                               
cut = 9.0,                          ! Nonbonded cutoff                         
/                                                                              
&end                                                                           


Note: ig = -1. Setting random seed to   908599 based on wallclock time in 
      microseconds.
| irandom = 1, using AMBER's internal random number generator (default).
 
|--------------------- INFORMATION ----------------------
| GPU (CUDA) Version of PMEMD in use: NVIDIA GPU IN USE.
|                    Version 18.0.0
| 
|                      03/25/2018
| 
| Implementation by:
|                    Ross C. Walker     (SDSC)
|                    Scott Le Grand     (nVIDIA)
| 
| Version 18 performance extensions by:
|                    David Cerutti     (Rutgers)
| 
| Precision model in use:
|      [SPFP] - Single Precision Forces, 64-bit Fixed Point
|               Accumulation. (Default)
| 
|--------------------------------------------------------
 
|----------------- CITATION INFORMATION -----------------
|
|    When publishing work that utilized the CUDA version
|    of AMBER, please cite the following in addition to
|    the regular AMBER citations:
|
|  - Romelia Salomon-Ferrer; Andreas W. Goetz; Duncan
|    Poole; Scott Le Grand; Ross C. Walker "Routine
|    microsecond molecular dynamics simulations with
|    AMBER - Part II: Particle Mesh Ewald", J. Chem.
|    Theory Comput., 2013, 9 (9), pp3878-3888,
|    DOI: 10.1021/ct400314y.
|
|  - Andreas W. Goetz; Mark J. Williamson; Dong Xu;
|    Duncan Poole; Scott Le Grand; Ross C. Walker
|    "Routine microsecond molecular dynamics simulations
|    with AMBER - Part I: Generalized Born", J. Chem.
|    Theory Comput., 2012, 8 (5), pp1542-1555.
|
|  - Scott Le Grand; Andreas W. Goetz; Ross C. Walker
|    "SPFP: Speed without compromise - a mixed precision
|    model for GPU accelerated molecular dynamics
|    simulations.", Comp. Phys. Comm., 2013, 184
|    pp374-380, DOI: 10.1016/j.cpc.2012.09.022
|
|--------------------------------------------------------
 
|------------------- GPU DEVICE INFO --------------------
|
|            CUDA_VISIBLE_DEVICES: 0
|   CUDA Capable Devices Detected:      1
|           CUDA Device ID in use:      0
|                CUDA Device Name: GeForce GTX 1080 Ti
|     CUDA Device Global Mem Size:  11178 MB
| CUDA Device Num Multiprocessors:     28
|           CUDA Device Core Freq:   1.72 GHz
|
|--------------------------------------------------------
 
 
| Conditional Compilation Defines Used:
| PUBFFT
| BINTRAJ
| CUDA
| EMIL

| Largest sphere to fit in unit cell has radius =    26.960

| New format PARM file being parsed.
| Version =    1.000 Date = 12/01/20 Time = 19:12:05

| Note: 1-4 EEL scale factors are being read from the topology file.

| Note: 1-4 VDW scale factors are being read from the topology file.
| Duplicated    0 dihedrals

| Duplicated    0 dihedrals

--------------------------------------------------------------------------------
   1.  RESOURCE   USE: 
--------------------------------------------------------------------------------

 getting new box info from bottom of inpcrd
 NATOM  =   29184 NTYPES =      19 NBONH =   21117 MBONA  =    8095
 NTHETH =    3438 MTHETA =    2092 NPHIH =    6828 MPHIA  =    6625
 NHPARM =       0 NPARM  =       0 NNB   =   62463 NRES   =    6727
 NBONA  =    8095 NTHETA =    2092 NPHIA =    6625 NUMBND =      77
 NUMANG =     180 NPTRA  =     202 NATYP =      39 NPHB   =       1
 IFBOX  =       2 NMXRS  =      24 IFCAP =       0 NEXTRA =    6537
 NCOPY  =       0


| Coordinate Index Table dimensions:    11   11   11
| Direct force subcell size =     6.0035    6.0035    6.0035

     BOX TYPE: TRUNCATED OCTAHEDRON

--------------------------------------------------------------------------------
   2.  CONTROL  DATA  FOR  THE  RUN
--------------------------------------------------------------------------------

default_name                                                                    

General flags:
     imin    =       0, nmropt  =       0

Nature and format of input:
     ntx     =       5, irest   =       1, ntrx    =       1

Nature and format of output:
     ntxo    =       1, ntpr    =   50000, ntrx    =       1, ntwr    =   50000
     iwrap   =       1, ntwx    =    5000, ntwv    =       0, ntwe    =       0
     ioutfm  =       1, ntwprt  =       0, idecomp =       0, rbornstat=      0

Potential function:
     ntf     =       2, ntb     =       1, igb     =       0, nsnb    =      25
     ipol    =       0, gbsa    =       0, iesp    =       0
     dielc   =   1.00000, cut     =   9.00000, intdiel =   1.00000

Frozen or restrained atoms:
     ibelly  =       0, ntr     =       0

Molecular dynamics:
     nstlim  =   2500000, nscm    =      1000, nrespa  =         1
     t       =   0.00000, dt      =   0.00200, vlimit  =  -1.00000

Langevin dynamics temperature regulation:
     ig      =  908599
     temp0   = 300.00000, tempi   = 300.00000, gamma_ln=   2.00000

SHAKE:
     ntc     =       2, jfastw  =       0
     tol     =   0.00001

| Intermolecular bonds treatment:
|     no_intermolecular_bonds =       1

| Energy averages sample interval:
|     ene_avg_sampling =   50000

Extra-points options:
     frameon =       1, chngmask=       1

Ewald parameters:
     verbose =       0, ew_type =       0, nbflag  =       1, use_pme =       1
     vdwmeth =       1, eedmeth =       1, netfrc  =       1
     Box X =   66.038   Box Y =   66.038   Box Z =   66.038
     Alpha =  109.471   Beta  =  109.471   Gamma =  109.471
     NFFT1 =   64       NFFT2 =   64       NFFT3 =   64
     Cutoff=    9.000   Tol   =0.100E-04
     Ewald Coefficient =  0.30768
     Interpolation order =    4
|      EXTRA_PTS, trim_bonds: num bonds BEFORE trim = 21117     0
|      EXTRA_PTS, trim_bonds: num bonds AFTER  trim = 21117     0
|      EXTRA_PTS, trim_bonds: num bonds BEFORE trim =  8095     0
|      EXTRA_PTS, trim_bonds: num bonds AFTER  trim =  1558     0
|      EXTRA_PTS, trim_theta: num angle BEFORE trim =  3438     0
|      EXTRA_PTS, trim_theta: num angle AFTER  trim =  3438     0
|      EXTRA_PTS, trim_theta: num angle BEFORE trim =  2092     0
|      EXTRA_PTS, trim_theta: num angle AFTER  trim =  2092     0
|      EXTRA_PTS, trim_phi:  num diheds BEFORE trim =  6828     0
|      EXTRA_PTS, trim_phi:  num diheds AFTER  trim =  6828     0
|      EXTRA_PTS, trim_phi:  num diheds BEFORE trim =  6625     0
|      EXTRA_PTS, trim_phi:  num diheds AFTER  trim =  6625     0

--------------------------------------------------------------------------------
   3.  ATOMIC COORDINATES AND VELOCITIES
--------------------------------------------------------------------------------

Cpptraj Generated Restart                                                       
 begin time read from input coords =     0.000 ps

 
 Number of triangulated 3-point waters found:     6537

     Sum of charges from parm topology file =   0.00003572
     Forcing neutrality...

| Dynamic Memory, Types Used:
| Reals              937842
| Integers          2109867

| Nonbonded Pairs Initial Allocation:     6653952

| GPU memory information (estimate):
| KB of GPU memory in use:         0
| KB of CPU memory in use:         0

--------------------------------------------------------------------------------
   4.  RESULTS
--------------------------------------------------------------------------------


 NSTEP =    50000   TIME(PS) =     100.000  TEMP(K) =   299.95  PRESS =     0.0
 Etot   =    -72256.4985  EKtot   =     13954.9717  EPtot      =    -86211.4701
 BOND   =       556.4602  ANGLE   =      1608.0451  DIHED      =      1038.3333
 UB     =         0.0000  IMP     =         0.0000  CMAP       =       144.0633
 1-4 NB =       667.5154  1-4 EEL =     10331.3029  VDWAALS    =      9878.1898
 EELEC  =   -110435.3803  EHBOND  =         0.0000  RESTRAINT  =         0.0000
 ------------------------------------------------------------------------------


 NSTEP =   100000   TIME(PS) =     200.000  TEMP(K) =   300.88  PRESS =     0.0
 Etot   =    -72431.5329  EKtot   =     13998.3018  EPtot      =    -86429.8347
 BOND   =       569.2335  ANGLE   =      1592.3495  DIHED      =      1010.5161
 UB     =         0.0000  IMP     =         0.0000  CMAP       =       145.8548
 1-4 NB =       661.1118  1-4 EEL =     10340.7644  VDWAALS    =      9398.1583
 EELEC  =   -110147.8230  EHBOND  =         0.0000  RESTRAINT  =         0.0000
 ------------------------------------------------------------------------------


 NSTEP =   150000   TIME(PS) =     300.000  TEMP(K) =   301.64  PRESS =     0.0
 Etot   =    -72556.6487  EKtot   =     14033.7646  EPtot      =    -86590.4133
 BOND   =       598.4364  ANGLE   =      1598.8349  DIHED      =      1036.3980
 UB     =         0.0000  IMP     =         0.0000  CMAP       =       143.7588
 1-4 NB =       652.9592  1-4 EEL =     10281.4521  VDWAALS    =      9617.5445
 EELEC  =   -110519.7971  EHBOND  =         0.0000  RESTRAINT  =         0.0000
 ------------------------------------------------------------------------------


 NSTEP =   200000   TIME(PS) =     400.000  TEMP(K) =   300.56  PRESS =     0.0
 Etot   =    -72645.1413  EKtot   =     13983.1182  EPtot      =    -86628.2594
 BOND   =       564.3672  ANGLE   =      1565.2115  DIHED      =      1033.0819
 UB     =         0.0000  IMP     =         0.0000  CMAP       =       134.7400
 1-4 NB =       659.5878  1-4 EEL =     10264.2439  VDWAALS    =      9779.0358
 EELEC  =   -110628.5275  EHBOND  =         0.0000  RESTRAINT  =         0.0000
 ------------------------------------------------------------------------------


 NSTEP =   250000   TIME(PS) =     500.000  TEMP(K) =   298.03  PRESS =     0.0
 Etot   =    -72681.4025  EKtot   =     13865.6270  EPtot      =    -86547.0295
 BOND   =       575.2751  ANGLE   =      1577.7313  DIHED      =      1021.4661
 UB     =         0.0000  IMP     =         0.0000  CMAP       =       133.0556
 1-4 NB =       659.3664  1-4 EEL =     10318.0020  VDWAALS    =      9784.4603
 EELEC  =   -110616.3864  EHBOND  =         0.0000  RESTRAINT  =         0.0000
 ------------------------------------------------------------------------------


 NSTEP =   300000   TIME(PS) =     600.000  TEMP(K) =   302.42  PRESS =     0.0
 Etot   =    -72625.9843  EKtot   =     14069.7969  EPtot      =    -86695.7812
 BOND   =       550.6416  ANGLE   =      1593.3910  DIHED      =      1023.7311
 UB     =         0.0000  IMP     =         0.0000  CMAP       =       142.3442
 1-4 NB =       645.5922  1-4 EEL =     10290.3110  VDWAALS    =      9771.9832
 EELEC  =   -110713.7754  EHBOND  =         0.0000  RESTRAINT  =         0.0000
 ------------------------------------------------------------------------------


 NSTEP =   350000   TIME(PS) =     700.000  TEMP(K) =   302.61  PRESS =     0.0
 Etot   =    -72375.9402  EKtot   =     14078.4414  EPtot      =    -86454.3816
 BOND   =       577.6490  ANGLE   =      1613.8189  DIHED      =      1063.8337
 UB     =         0.0000  IMP     =         0.0000  CMAP       =       136.9935
 1-4 NB =       658.4047  1-4 EEL =     10244.7993  VDWAALS    =      9589.6432
 EELEC  =   -110339.5239  EHBOND  =         0.0000  RESTRAINT  =         0.0000
 ------------------------------------------------------------------------------


 NSTEP =   400000   TIME(PS) =     800.000  TEMP(K) =   301.15  PRESS =     0.0
 Etot   =    -72339.5315  EKtot   =     14010.6211  EPtot      =    -86350.1526
 BOND   =       547.7738  ANGLE   =      1547.8060  DIHED      =      1044.0139
 UB     =         0.0000  IMP     =         0.0000  CMAP       =       144.0365
 1-4 NB =       682.3797  1-4 EEL =     10280.0780  VDWAALS    =      9747.0884
 EELEC  =   -110343.3289  EHBOND  =         0.0000  RESTRAINT  =         0.0000
 ------------------------------------------------------------------------------


 NSTEP =   450000   TIME(PS) =     900.000  TEMP(K) =   304.71  PRESS =     0.0
 Etot   =    -71979.7607  EKtot   =     14176.2109  EPtot      =    -86155.9717
 BOND   =       594.6842  ANGLE   =      1542.2906  DIHED      =       985.9870
 UB     =         0.0000  IMP     =         0.0000  CMAP       =       139.7895
 1-4 NB =       660.6075  1-4 EEL =     10261.3992  VDWAALS    =      9536.9759
 EELEC  =   -109877.7056  EHBOND  =         0.0000  RESTRAINT  =         0.0000
 ------------------------------------------------------------------------------


 NSTEP =   500000   TIME(PS) =    1000.000  TEMP(K) =   299.57  PRESS =     0.0
 Etot   =    -72633.6040  EKtot   =     13937.1211  EPtot      =    -86570.7251
 BOND   =       529.7641  ANGLE   =      1576.0818  DIHED      =       982.1264
 UB     =         0.0000  IMP     =         0.0000  CMAP       =       133.6675
 1-4 NB =       678.6485  1-4 EEL =     10366.0844  VDWAALS    =      9857.6401
 EELEC  =   -110694.7379  EHBOND  =         0.0000  RESTRAINT  =         0.0000
 ------------------------------------------------------------------------------


 NSTEP =   550000   TIME(PS) =    1100.000  TEMP(K) =   297.26  PRESS =     0.0
 Etot   =    -72624.1049  EKtot   =     13829.9834  EPtot      =    -86454.0883
 BOND   =       564.6904  ANGLE   =      1604.5054  DIHED      =      1030.2099
 UB     =         0.0000  IMP     =         0.0000  CMAP       =       138.4618
 1-4 NB =       666.7532  1-4 EEL =     10316.4331  VDWAALS    =      9886.9664
 EELEC  =   -110662.1086  EHBOND  =         0.0000  RESTRAINT  =         0.0000
 ------------------------------------------------------------------------------


 NSTEP =   600000   TIME(PS) =    1200.000  TEMP(K) =   297.51  PRESS =     0.0
 Etot   =    -72523.1328  EKtot   =     13841.3672  EPtot      =    -86364.4999
 BOND   =       559.6644  ANGLE   =      1629.7848  DIHED      =      1003.4613
 UB     =         0.0000  IMP     =         0.0000  CMAP       =       142.7979
 1-4 NB =       666.3490  1-4 EEL =     10284.3391  VDWAALS    =      9720.1896
 EELEC  =   -110371.0862  EHBOND  =         0.0000  RESTRAINT  =         0.0000
 ------------------------------------------------------------------------------


 NSTEP =   650000   TIME(PS) =    1300.000  TEMP(K) =   299.24  PRESS =     0.0
 Etot   =    -72369.8213  EKtot   =     13921.6758  EPtot      =    -86291.4971
 BOND   =       568.3790  ANGLE   =      1605.7451  DIHED      =      1028.5550
 UB     =         0.0000  IMP     =         0.0000  CMAP       =       148.7294
 1-4 NB =       659.2248  1-4 EEL =     10295.1328  VDWAALS    =      9613.8141
 EELEC  =   -110211.0772  EHBOND  =         0.0000  RESTRAINT  =         0.0000
 ------------------------------------------------------------------------------


 NSTEP =   700000   TIME(PS) =    1400.000  TEMP(K) =   299.84  PRESS =     0.0
 Etot   =    -72598.9682  EKtot   =     13949.9219  EPtot      =    -86548.8901
 BOND   =       553.3994  ANGLE   =      1556.0676  DIHED      =      1010.3233
 UB     =         0.0000  IMP     =         0.0000  CMAP       =       140.6799
 1-4 NB =       672.1415  1-4 EEL =     10271.0174  VDWAALS    =      9371.0256
 EELEC  =   -110123.5448  EHBOND  =         0.0000  RESTRAINT  =         0.0000
 ------------------------------------------------------------------------------


 NSTEP =   750000   TIME(PS) =    1500.000  TEMP(K) =   299.57  PRESS =     0.0
 Etot   =    -72351.9658  EKtot   =     13937.4043  EPtot      =    -86289.3701
 BOND   =       618.3520  ANGLE   =      1582.7640  DIHED      =      1032.6783
 UB     =         0.0000  IMP     =         0.0000  CMAP       =       152.1550
 1-4 NB =       662.3180  1-4 EEL =     10362.8029  VDWAALS    =      9550.0914
 EELEC  =   -110250.5318  EHBOND  =         0.0000  RESTRAINT  =         0.0000
 ------------------------------------------------------------------------------


 NSTEP =   800000   TIME(PS) =    1600.000  TEMP(K) =   302.88  PRESS =     0.0
 Etot   =    -72078.3476  EKtot   =     14091.1777  EPtot      =    -86169.5253
 BOND   =       557.0501  ANGLE   =      1608.4649  DIHED      =      1049.8132
 UB     =         0.0000  IMP     =         0.0000  CMAP       =       147.8809
 1-4 NB =       688.0134  1-4 EEL =     10332.8070  VDWAALS    =      9829.0912
 EELEC  =   -110382.6461  EHBOND  =         0.0000  RESTRAINT  =         0.0000
 ------------------------------------------------------------------------------


 NSTEP =   850000   TIME(PS) =    1700.000  TEMP(K) =   296.84  PRESS =     0.0
 Etot   =    -72593.4921  EKtot   =     13810.1240  EPtot      =    -86403.6161
 BOND   =       539.2679  ANGLE   =      1551.7985  DIHED      =      1042.0789
 UB     =         0.0000  IMP     =         0.0000  CMAP       =       141.2118
 1-4 NB =       672.9333  1-4 EEL =     10321.4116  VDWAALS    =      9766.6489
 EELEC  =   -110438.9671  EHBOND  =         0.0000  RESTRAINT  =         0.0000
 ------------------------------------------------------------------------------


 NSTEP =   900000   TIME(PS) =    1800.000  TEMP(K) =   295.47  PRESS =     0.0
 Etot   =    -72730.3456  EKtot   =     13746.3857  EPtot      =    -86476.7313
 BOND   =       577.3486  ANGLE   =      1603.4225  DIHED      =      1034.6086
 UB     =         0.0000  IMP     =         0.0000  CMAP       =       139.3998
 1-4 NB =       673.1484  1-4 EEL =     10277.7781  VDWAALS    =      9545.7009
 EELEC  =   -110328.1383  EHBOND  =         0.0000  RESTRAINT  =         0.0000
 ------------------------------------------------------------------------------


 NSTEP =   950000   TIME(PS) =    1900.000  TEMP(K) =   297.34  PRESS =     0.0
 Etot   =    -72455.8332  EKtot   =     13833.6553  EPtot      =    -86289.4885
 BOND   =       548.3201  ANGLE   =      1626.6300  DIHED      =      1043.9978
 UB     =         0.0000  IMP     =         0.0000  CMAP       =       155.0640
 1-4 NB =       662.0973  1-4 EEL =     10260.6855  VDWAALS    =      9712.8424
 EELEC  =   -110299.1256  EHBOND  =         0.0000  RESTRAINT  =         0.0000
 ------------------------------------------------------------------------------


 NSTEP =  1000000   TIME(PS) =    2000.000  TEMP(K) =   296.70  PRESS =     0.0
 Etot   =    -72632.5563  EKtot   =     13803.8955  EPtot      =    -86436.4518
 BOND   =       565.8118  ANGLE   =      1562.3891  DIHED      =      1007.4949
 UB     =         0.0000  IMP     =         0.0000  CMAP       =       134.3637
 1-4 NB =       666.2296  1-4 EEL =     10230.9209  VDWAALS    =      9657.7908
 EELEC  =   -110261.4525  EHBOND  =         0.0000  RESTRAINT  =         0.0000
 ------------------------------------------------------------------------------


 NSTEP =  1050000   TIME(PS) =    2100.000  TEMP(K) =   300.99  PRESS =     0.0
 Etot   =    -72432.6035  EKtot   =     14003.4805  EPtot      =    -86436.0840
 BOND   =       589.0332  ANGLE   =      1586.0329  DIHED      =      1016.1616
 UB     =         0.0000  IMP     =         0.0000  CMAP       =       134.7591
 1-4 NB =       667.6573  1-4 EEL =     10290.9184  VDWAALS    =      9775.1486
 EELEC  =   -110495.7951  EHBOND  =         0.0000  RESTRAINT  =         0.0000
 ------------------------------------------------------------------------------


 NSTEP =  1100000   TIME(PS) =    2200.000  TEMP(K) =   299.86  PRESS =     0.0
 Etot   =    -72538.2624  EKtot   =     13950.6436  EPtot      =    -86488.9060
 BOND   =       589.3387  ANGLE   =      1582.4097  DIHED      =      1004.1379
 UB     =         0.0000  IMP     =         0.0000  CMAP       =       140.3847
 1-4 NB =       678.4084  1-4 EEL =     10230.7764  VDWAALS    =      9722.1549
 EELEC  =   -110436.5166  EHBOND  =         0.0000  RESTRAINT  =         0.0000
 ------------------------------------------------------------------------------


 NSTEP =  1150000   TIME(PS) =    2300.000  TEMP(K) =   300.75  PRESS =     0.0
 Etot   =    -72532.8025  EKtot   =     13991.9092  EPtot      =    -86524.7117
 BOND   =       583.3622  ANGLE   =      1544.6380  DIHED      =      1008.3832
 UB     =         0.0000  IMP     =         0.0000  CMAP       =       123.6841
 1-4 NB =       668.1900  1-4 EEL =     10255.7727  VDWAALS    =      9726.9134
 EELEC  =   -110435.6554  EHBOND  =         0.0000  RESTRAINT  =         0.0000
 ------------------------------------------------------------------------------


 NSTEP =  1200000   TIME(PS) =    2400.000  TEMP(K) =   301.49  PRESS =     0.0
 Etot   =    -72323.5205  EKtot   =     14026.7373  EPtot      =    -86350.2578
 BOND   =       540.2332  ANGLE   =      1605.6306  DIHED      =      1003.5142
 UB     =         0.0000  IMP     =         0.0000  CMAP       =       139.9270
 1-4 NB =       669.8149  1-4 EEL =     10288.2524  VDWAALS    =      9595.2599
 EELEC  =   -110192.8899  EHBOND  =         0.0000  RESTRAINT  =         0.0000
 ------------------------------------------------------------------------------


 NSTEP =  1250000   TIME(PS) =    2500.000  TEMP(K) =   298.23  PRESS =     0.0
 Etot   =    -72406.3947  EKtot   =     13874.9775  EPtot      =    -86281.3722
 BOND   =       596.0137  ANGLE   =      1619.3670  DIHED      =      1042.0882
 UB     =         0.0000  IMP     =         0.0000  CMAP       =       142.6388
 1-4 NB =       651.2857  1-4 EEL =     10242.8678  VDWAALS    =      9789.6254
 EELEC  =   -110365.2589  EHBOND  =         0.0000  RESTRAINT  =         0.0000
 ------------------------------------------------------------------------------


 NSTEP =  1300000   TIME(PS) =    2600.000  TEMP(K) =   299.36  PRESS =     0.0
 Etot   =    -72301.4292  EKtot   =     13927.6279  EPtot      =    -86229.0571
 BOND   =       538.4960  ANGLE   =      1612.8717  DIHED      =      1015.0891
 UB     =         0.0000  IMP     =         0.0000  CMAP       =       141.9698
 1-4 NB =       675.8711  1-4 EEL =     10253.4975  VDWAALS    =      9643.1541
 EELEC  =   -110110.0063  EHBOND  =         0.0000  RESTRAINT  =         0.0000
 ------------------------------------------------------------------------------


 NSTEP =  1350000   TIME(PS) =    2700.000  TEMP(K) =   296.52  PRESS =     0.0
 Etot   =    -72468.5584  EKtot   =     13795.4658  EPtot      =    -86264.0242
 BOND   =       579.1810  ANGLE   =      1575.7916  DIHED      =      1017.8486
 UB     =         0.0000  IMP     =         0.0000  CMAP       =       133.4665
 1-4 NB =       662.5012  1-4 EEL =     10264.2045  VDWAALS    =      9724.6615
 EELEC  =   -110221.6792  EHBOND  =         0.0000  RESTRAINT  =         0.0000
 ------------------------------------------------------------------------------


 NSTEP =  1400000   TIME(PS) =    2800.000  TEMP(K) =   298.23  PRESS =     0.0
 Etot   =    -72417.1643  EKtot   =     13875.1221  EPtot      =    -86292.2863
 BOND   =       585.6957  ANGLE   =      1572.5005  DIHED      =      1000.7680
 UB     =         0.0000  IMP     =         0.0000  CMAP       =       142.5561
 1-4 NB =       684.5696  1-4 EEL =     10321.6199  VDWAALS    =      9605.1911
 EELEC  =   -110205.1873  EHBOND  =         0.0000  RESTRAINT  =         0.0000
 ------------------------------------------------------------------------------


 NSTEP =  1450000   TIME(PS) =    2900.000  TEMP(K) =   301.34  PRESS =     0.0
 Etot   =    -72494.0098  EKtot   =     14019.6680  EPtot      =    -86513.6778
 BOND   =       601.9189  ANGLE   =      1606.0075  DIHED      =      1030.2000
 UB     =         0.0000  IMP     =         0.0000  CMAP       =       132.8022
 1-4 NB =       655.3980  1-4 EEL =     10267.4155  VDWAALS    =      9667.9234
 EELEC  =   -110475.3433  EHBOND  =         0.0000  RESTRAINT  =         0.0000
 ------------------------------------------------------------------------------


 NSTEP =  1500000   TIME(PS) =    3000.000  TEMP(K) =   298.79  PRESS =     0.0
 Etot   =    -72441.1802  EKtot   =     13900.7285  EPtot      =    -86341.9088
 BOND   =       559.5910  ANGLE   =      1591.2258  DIHED      =      1021.7565
 UB     =         0.0000  IMP     =         0.0000  CMAP       =       139.6766
 1-4 NB =       686.9852  1-4 EEL =     10314.3368  VDWAALS    =      9643.0016
 EELEC  =   -110298.4822  EHBOND  =         0.0000  RESTRAINT  =         0.0000
 ------------------------------------------------------------------------------


 NSTEP =  1550000   TIME(PS) =    3100.000  TEMP(K) =   301.76  PRESS =     0.0
 Etot   =    -72204.1818  EKtot   =     14039.0479  EPtot      =    -86243.2297
 BOND   =       578.9023  ANGLE   =      1619.1489  DIHED      =      1029.2627
 UB     =         0.0000  IMP     =         0.0000  CMAP       =       141.8621
 1-4 NB =       663.5330  1-4 EEL =     10218.4435  VDWAALS    =      9446.4062
 EELEC  =   -109940.7885  EHBOND  =         0.0000  RESTRAINT  =         0.0000
 ------------------------------------------------------------------------------


 NSTEP =  1600000   TIME(PS) =    3200.000  TEMP(K) =   300.53  PRESS =     0.0
 Etot   =    -72439.9421  EKtot   =     13981.7686  EPtot      =    -86421.7107
 BOND   =       556.6996  ANGLE   =      1623.3721  DIHED      =      1018.0790
 UB     =         0.0000  IMP     =         0.0000  CMAP       =       139.9077
 1-4 NB =       661.9934  1-4 EEL =     10227.2323  VDWAALS    =      9883.4928
 EELEC  =   -110532.4877  EHBOND  =         0.0000  RESTRAINT  =         0.0000
 ------------------------------------------------------------------------------


 NSTEP =  1650000   TIME(PS) =    3300.000  TEMP(K) =   302.44  PRESS =     0.0
 Etot   =    -72317.6327  EKtot   =     14070.9082  EPtot      =    -86388.5409
 BOND   =       563.0468  ANGLE   =      1571.8612  DIHED      =      1052.3877
 UB     =         0.0000  IMP     =         0.0000  CMAP       =       130.6474
 1-4 NB =       665.9633  1-4 EEL =     10300.7625  VDWAALS    =      9736.6094
 EELEC  =   -110409.8192  EHBOND  =         0.0000  RESTRAINT  =         0.0000
 ------------------------------------------------------------------------------


 NSTEP =  1700000   TIME(PS) =    3400.000  TEMP(K) =   300.49  PRESS =     0.0
 Etot   =    -72302.4517  EKtot   =     13980.0840  EPtot      =    -86282.5356
 BOND   =       573.6309  ANGLE   =      1629.8937  DIHED      =      1021.1607
 UB     =         0.0000  IMP     =         0.0000  CMAP       =       143.7170
 1-4 NB =       676.1494  1-4 EEL =     10276.5360  VDWAALS    =      9697.4082
 EELEC  =   -110301.0315  EHBOND  =         0.0000  RESTRAINT  =         0.0000
 ------------------------------------------------------------------------------


 NSTEP =  1750000   TIME(PS) =    3500.000  TEMP(K) =   300.37  PRESS =     0.0
 Etot   =    -72339.1639  EKtot   =     13974.3350  EPtot      =    -86313.4989
 BOND   =       538.9068  ANGLE   =      1554.9141  DIHED      =      1014.8894
 UB     =         0.0000  IMP     =         0.0000  CMAP       =       135.6540
 1-4 NB =       694.0237  1-4 EEL =     10285.0279  VDWAALS    =      9480.0041
 EELEC  =   -110016.9189  EHBOND  =         0.0000  RESTRAINT  =         0.0000
 ------------------------------------------------------------------------------


 NSTEP =  1800000   TIME(PS) =    3600.000  TEMP(K) =   300.52  PRESS =     0.0
 Etot   =    -72599.2825  EKtot   =     13981.2119  EPtot      =    -86580.4944
 BOND   =       560.7382  ANGLE   =      1593.4486  DIHED      =      1009.8769
 UB     =         0.0000  IMP     =         0.0000  CMAP       =       136.5324
 1-4 NB =       664.9100  1-4 EEL =     10266.7287  VDWAALS    =      9872.1768
 EELEC  =   -110684.9060  EHBOND  =         0.0000  RESTRAINT  =         0.0000
 ------------------------------------------------------------------------------


 NSTEP =  1850000   TIME(PS) =    3700.000  TEMP(K) =   300.57  PRESS =     0.0
 Etot   =    -72167.1851  EKtot   =     13983.9023  EPtot      =    -86151.0875
 BOND   =       563.7733  ANGLE   =      1568.6296  DIHED      =      1024.0002
 UB     =         0.0000  IMP     =         0.0000  CMAP       =       143.4587
 1-4 NB =       682.0457  1-4 EEL =     10281.1732  VDWAALS    =      9448.3768
 EELEC  =   -109862.5450  EHBOND  =         0.0000  RESTRAINT  =         0.0000
 ------------------------------------------------------------------------------


 NSTEP =  1900000   TIME(PS) =    3800.000  TEMP(K) =   299.76  PRESS =     0.0
 Etot   =    -72617.1798  EKtot   =     13945.9424  EPtot      =    -86563.1221
 BOND   =       596.7493  ANGLE   =      1608.8187  DIHED      =      1042.0320
 UB     =         0.0000  IMP     =         0.0000  CMAP       =       141.3890
 1-4 NB =       670.5929  1-4 EEL =     10283.4377  VDWAALS    =      9644.1976
 EELEC  =   -110550.3392  EHBOND  =         0.0000  RESTRAINT  =         0.0000
 ------------------------------------------------------------------------------


 NSTEP =  1950000   TIME(PS) =    3900.000  TEMP(K) =   301.42  PRESS =     0.0
 Etot   =    -72469.0389  EKtot   =     14023.0781  EPtot      =    -86492.1170
 BOND   =       566.7063  ANGLE   =      1582.0182  DIHED      =      1018.2185
 UB     =         0.0000  IMP     =         0.0000  CMAP       =       142.9958
 1-4 NB =       667.1363  1-4 EEL =     10309.5700  VDWAALS    =      9814.0029
 EELEC  =   -110592.7649  EHBOND  =         0.0000  RESTRAINT  =         0.0000
 ------------------------------------------------------------------------------


 NSTEP =  2000000   TIME(PS) =    4000.000  TEMP(K) =   300.54  PRESS =     0.0
 Etot   =    -72376.8897  EKtot   =     13982.2471  EPtot      =    -86359.1368
 BOND   =       613.1914  ANGLE   =      1622.6885  DIHED      =       997.5124
 UB     =         0.0000  IMP     =         0.0000  CMAP       =       148.3057
 1-4 NB =       661.4005  1-4 EEL =     10322.6037  VDWAALS    =      9739.9425
 EELEC  =   -110464.7814  EHBOND  =         0.0000  RESTRAINT  =         0.0000
 ------------------------------------------------------------------------------


 NSTEP =  2050000   TIME(PS) =    4100.000  TEMP(K) =   301.57  PRESS =     0.0
 Etot   =    -72415.4660  EKtot   =     14030.2168  EPtot      =    -86445.6828
 BOND   =       569.6866  ANGLE   =      1590.5460  DIHED      =       997.7592
 UB     =         0.0000  IMP     =         0.0000  CMAP       =       141.6042
 1-4 NB =       669.0555  1-4 EEL =     10307.8464  VDWAALS    =      9563.8219
 EELEC  =   -110286.0025  EHBOND  =         0.0000  RESTRAINT  =         0.0000
 ------------------------------------------------------------------------------


 NSTEP =  2100000   TIME(PS) =    4200.000  TEMP(K) =   301.72  PRESS =     0.0
 Etot   =    -72314.3857  EKtot   =     14037.2119  EPtot      =    -86351.5976
 BOND   =       568.3393  ANGLE   =      1517.2175  DIHED      =      1023.8798
 UB     =         0.0000  IMP     =         0.0000  CMAP       =       149.0888
 1-4 NB =       657.9948  1-4 EEL =     10290.7653  VDWAALS    =      9694.4442
 EELEC  =   -110253.3274  EHBOND  =         0.0000  RESTRAINT  =         0.0000
 ------------------------------------------------------------------------------


 NSTEP =  2150000   TIME(PS) =    4300.000  TEMP(K) =   300.27  PRESS =     0.0
 Etot   =    -72534.8814  EKtot   =     13969.8594  EPtot      =    -86504.7408
 BOND   =       585.2887  ANGLE   =      1573.9183  DIHED      =      1012.8314
 UB     =         0.0000  IMP     =         0.0000  CMAP       =       142.8357
 1-4 NB =       648.1919  1-4 EEL =     10327.2182  VDWAALS    =      9502.0569
 EELEC  =   -110297.0819  EHBOND  =         0.0000  RESTRAINT  =         0.0000
 ------------------------------------------------------------------------------


 NSTEP =  2200000   TIME(PS) =    4400.000  TEMP(K) =   303.22  PRESS =     0.0
 Etot   =    -72393.5089  EKtot   =     14107.2656  EPtot      =    -86500.7746
 BOND   =       557.3034  ANGLE   =      1597.6698  DIHED      =      1036.3904
 UB     =         0.0000  IMP     =         0.0000  CMAP       =       150.5309
 1-4 NB =       670.9567  1-4 EEL =     10314.5806  VDWAALS    =      9834.3566
 EELEC  =   -110662.5628  EHBOND  =         0.0000  RESTRAINT  =         0.0000
 ------------------------------------------------------------------------------


 NSTEP =  2250000   TIME(PS) =    4500.000  TEMP(K) =   297.41  PRESS =     0.0
 Etot   =    -72407.2320  EKtot   =     13836.9160  EPtot      =    -86244.1480
 BOND   =       554.6955  ANGLE   =      1585.3049  DIHED      =      1027.8085
 UB     =         0.0000  IMP     =         0.0000  CMAP       =       140.3006
 1-4 NB =       691.1366  1-4 EEL =     10353.4547  VDWAALS    =      9510.8044
 EELEC  =   -110107.6532  EHBOND  =         0.0000  RESTRAINT  =         0.0000
 ------------------------------------------------------------------------------


 NSTEP =  2300000   TIME(PS) =    4600.000  TEMP(K) =   299.38  PRESS =     0.0
 Etot   =    -72655.3237  EKtot   =     13928.6084  EPtot      =    -86583.9321
 BOND   =       556.7386  ANGLE   =      1586.0417  DIHED      =      1048.3758
 UB     =         0.0000  IMP     =         0.0000  CMAP       =       149.3168
 1-4 NB =       692.0085  1-4 EEL =     10368.8481  VDWAALS    =      9424.4145
 EELEC  =   -110409.6760  EHBOND  =         0.0000  RESTRAINT  =         0.0000
 ------------------------------------------------------------------------------


 NSTEP =  2350000   TIME(PS) =    4700.000  TEMP(K) =   301.65  PRESS =     0.0
 Etot   =    -72426.7244  EKtot   =     14034.1367  EPtot      =    -86460.8611
 BOND   =       542.6176  ANGLE   =      1609.6746  DIHED      =      1029.6778
 UB     =         0.0000  IMP     =         0.0000  CMAP       =       147.6366
 1-4 NB =       670.8813  1-4 EEL =     10323.1628  VDWAALS    =      9868.3676
 EELEC  =   -110652.8792  EHBOND  =         0.0000  RESTRAINT  =         0.0000
 ------------------------------------------------------------------------------


 NSTEP =  2400000   TIME(PS) =    4800.000  TEMP(K) =   303.24  PRESS =     0.0
 Etot   =    -72302.0114  EKtot   =     14108.0215  EPtot      =    -86410.0328
 BOND   =       582.5499  ANGLE   =      1575.8400  DIHED      =      1029.0399
 UB     =         0.0000  IMP     =         0.0000  CMAP       =       135.4169
 1-4 NB =       665.6518  1-4 EEL =     10322.5386  VDWAALS    =      9507.5468
 EELEC  =   -110228.6168  EHBOND  =         0.0000  RESTRAINT  =         0.0000
 ------------------------------------------------------------------------------


 NSTEP =  2450000   TIME(PS) =    4900.000  TEMP(K) =   301.49  PRESS =     0.0
 Etot   =    -72456.6984  EKtot   =     14026.7871  EPtot      =    -86483.4855
 BOND   =       541.1699  ANGLE   =      1630.0469  DIHED      =      1025.2934
 UB     =         0.0000  IMP     =         0.0000  CMAP       =       146.8536
 1-4 NB =       660.6233  1-4 EEL =     10355.1911  VDWAALS    =      9770.1406
 EELEC  =   -110612.8042  EHBOND  =         0.0000  RESTRAINT  =         0.0000
 ------------------------------------------------------------------------------


 NSTEP =  2500000   TIME(PS) =    5000.000  TEMP(K) =   301.15  PRESS =     0.0
 Etot   =    -72483.0671  EKtot   =     14010.9434  EPtot      =    -86494.0104
 BOND   =       590.0473  ANGLE   =      1623.5841  DIHED      =      1025.7660
 UB     =         0.0000  IMP     =         0.0000  CMAP       =       141.4988
 1-4 NB =       665.9855  1-4 EEL =     10288.9831  VDWAALS    =      9866.4630
 EELEC  =   -110696.3381  EHBOND  =         0.0000  RESTRAINT  =         0.0000
 ------------------------------------------------------------------------------


      A V E R A G E S   O V E R      50 S T E P S


 NSTEP =  2500000   TIME(PS) =    5000.000  TEMP(K) =   300.19  PRESS =     0.0
 Etot   =    -72441.2557  EKtot   =     13965.8484  EPtot      =    -86407.1041
 BOND   =       568.8043  ANGLE   =      1590.1649  DIHED      =      1023.3380
 UB     =         0.0000  IMP     =         0.0000  CMAP       =       141.2093
 1-4 NB =       668.3259  1-4 EEL =     10293.7106  VDWAALS    =      9676.2590
 EELEC  =   -110368.9161  EHBOND  =         0.0000  RESTRAINT  =         0.0000
 ------------------------------------------------------------------------------


      R M S  F L U C T U A T I O N S


 NSTEP =  2500000   TIME(PS) =    5000.000  TEMP(K) =     1.96  PRESS =     0.0
 Etot   =       154.2046  EKtot   =        91.0986  EPtot      =       130.1081
 BOND   =        20.2079  ANGLE   =        26.0384  DIHED      =        16.9232
 UB     =         0.0000  IMP     =         0.0000  CMAP       =         5.9140
 1-4 NB =        10.9801  1-4 EEL =        37.1633  VDWAALS    =       140.9355
 EELEC  =       214.7586  EHBOND  =         0.0000  RESTRAINT  =         0.0000
 ------------------------------------------------------------------------------

--------------------------------------------------------------------------------
   5.  TIMINGS
--------------------------------------------------------------------------------

|  NonSetup CPU Time in Major Routines:
|
|     Routine           Sec        %
|     ------------------------------
|     Nonbond         603.86   11.95
|     Bond              0.00    0.00
|     Angle             0.00    0.00
|     Dihedral          0.00    0.00
|     Shake            21.29    0.42
|     RunMD          4422.68   87.55
|     Other             3.62    0.07
|     ------------------------------
|     Total          5051.45

|  PME Nonbond Pairlist CPU Time:
|
|     Routine              Sec        %
|     ---------------------------------
|     Set Up Cit           0.00    0.00
|     Build List           0.00    0.00
|     ---------------------------------
|     Total                0.00    0.00

|  PME Direct Force CPU Time:
|
|     Routine              Sec        %
|     ---------------------------------
|     NonBonded Calc       0.00    0.00
|     Exclude Masked       0.00    0.00
|     Other                1.96    0.04
|     ---------------------------------
|     Total                1.96    0.04

|  PME Reciprocal Force CPU Time:
|
|     Routine              Sec        %
|     ---------------------------------
|     1D bspline           0.00    0.00
|     Grid Charges         0.00    0.00
|     Scalar Sum           0.00    0.00
|     Gradient Sum         0.00    0.00
|     FFT                  0.00    0.00
|     ---------------------------------
|     Total                0.00    0.00

|  Final Performance Info:
|     -----------------------------------------------------
|     Average timings for last       1 steps:
|     Elapsed(s) =       0.00 Per Step(ms) =       0.14
|         ns/day =    1207.83   seconds/ns =      71.53
|
|     Average timings for all steps:
|     Elapsed(s) =    5059.69 Per Step(ms) =       2.02
|         ns/day =      85.38   seconds/ns =    1011.94
|     -----------------------------------------------------

|  Setup CPU time:            0.66 seconds
|  NonSetup CPU time:      5051.45 seconds
|  Total CPU time:         5052.11 seconds     1.40 hours

|  Setup wall time:           1    seconds
|  NonSetup wall time:     5059    seconds
|  Total wall time:        5060    seconds     1.41 hours
