
          -------------------------------------------------------
          Amber 18 PMEMD                              2018
          -------------------------------------------------------

| PMEMD implementation of SANDER, Release 18

| Run on 09/28/2020 at 13:26:34

|   Executable path: pmemd.cuda
| Working directory: /home/almacen/pbarletta/dynein/run/1f95/1_pdt
|          Hostname: Unknown
  [-O]verwriting output

File Assignments:
|   MDIN: pre_pdt.in                                                            
|  MDOUT: 0pdt.out                                                              
| INPCRD: 1_1f95.rst7                                                           
|   PARM: /home/almacen/pbarletta/dynein/top_files/1f95.prmtop                  
| RESTRT: 0p1_1f95.rst7                                                         
|   REFC: refc                                                                  
|  MDVEL: mdvel                                                                 
|   MDEN: mden                                                                  
|  MDCRD: 0p1_1f95.nc                                                           
| MDINFO: mdinfo                                                                
|  MDFRC: mdfrc                                                                 


 Here is the input file:

Production run                                                                 
&cntrl                                                                         
imin = 0,                           ! No Minimization                          
nmropt = 0,                         ! No NMR restraints read                   
                                                                               
! Nature and format of the input                                               
ntx = 5,                            ! Coordinates and velocities will be read  
irest = 1,                          ! Do not run a new simulation              
                                                                               
! Nature and format of the output                                              
ntxo = 1,                           ! rstrt file in ASCII format               
ntpr = 50000,                       ! inf in output every ntpr steps           
ntwr = 50000,                       ! rstrt file every ntwr steps              
ntwx = 5000,                        ! mdcrd file every ntwx steps              
ntwv = 0,                           ! mdvel without velocities                 
ntwe = 0,                           ! Energies and temperatures not written in 
idecomp = 0,                        ! No energy decomposition                  
iwrap = 1,                          ! Coordinates of the restart and mdcrd file
                                                                               
! Frozen or restrained atoms                                                   
ibelly = 0,                         ! No frozen atoms                          
ntr=0,                              ! Harmonic potential restraints            
                                                                               
! Molecular dynamics                                                           
nstlim = 2500000,                   ! Number of MD-steps                       
dt = 0.002,                         ! Time step                                
                                                                               
! Temperature regulation                                                       
ntt = 3,                            ! Langevin thermostat                      
gamma_ln = 2,                       ! Gamma constant for Langevin              
temp0 = 300.0,                      ! Reference T at which the system is to be 
tempi = 300.0,                      ! Initial T                                
ig = -1,                            ! Seed for the RNG                         
                                                                               
! P and V regulation                                                           
!barostat = 1,                      ! Berendsen barostat                       
!taup = 1,                          ! Pressure relaxation time                 
ntp = 0,                            ! constant V                               
ntb = 1,                            ! Periodic box for constant V              
                                                                               
! SHAKE variables                                                              
ntc = 2,                            ! Bonds involving H are constrained        
ntf = 2,                            ! Bond interaction involving H are ommited.
                                                                               
cut = 9.0,                          ! Nonbonded cutoff                         
/                                                                              
&end                                                                           


Note: ig = -1. Setting random seed to   244035 based on wallclock time in 
      microseconds.
| irandom = 1, using AMBER's internal random number generator (default).
 
|--------------------- INFORMATION ----------------------
| GPU (CUDA) Version of PMEMD in use: NVIDIA GPU IN USE.
|                    Version 18.0.0
| 
|                      03/25/2018
| 
| Implementation by:
|                    Ross C. Walker     (SDSC)
|                    Scott Le Grand     (nVIDIA)
| 
| Version 18 performance extensions by:
|                    David Cerutti     (Rutgers)
| 
| Precision model in use:
|      [SPFP] - Single Precision Forces, 64-bit Fixed Point
|               Accumulation. (Default)
| 
|--------------------------------------------------------
 
|----------------- CITATION INFORMATION -----------------
|
|    When publishing work that utilized the CUDA version
|    of AMBER, please cite the following in addition to
|    the regular AMBER citations:
|
|  - Romelia Salomon-Ferrer; Andreas W. Goetz; Duncan
|    Poole; Scott Le Grand; Ross C. Walker "Routine
|    microsecond molecular dynamics simulations with
|    AMBER - Part II: Particle Mesh Ewald", J. Chem.
|    Theory Comput., 2013, 9 (9), pp3878-3888,
|    DOI: 10.1021/ct400314y.
|
|  - Andreas W. Goetz; Mark J. Williamson; Dong Xu;
|    Duncan Poole; Scott Le Grand; Ross C. Walker
|    "Routine microsecond molecular dynamics simulations
|    with AMBER - Part I: Generalized Born", J. Chem.
|    Theory Comput., 2012, 8 (5), pp1542-1555.
|
|  - Scott Le Grand; Andreas W. Goetz; Ross C. Walker
|    "SPFP: Speed without compromise - a mixed precision
|    model for GPU accelerated molecular dynamics
|    simulations.", Comp. Phys. Comm., 2013, 184
|    pp374-380, DOI: 10.1016/j.cpc.2012.09.022
|
|--------------------------------------------------------
 
|------------------- GPU DEVICE INFO --------------------
|
|            CUDA_VISIBLE_DEVICES: 0
|   CUDA Capable Devices Detected:      1
|           CUDA Device ID in use:      0
|                CUDA Device Name: GeForce GTX 1080 Ti
|     CUDA Device Global Mem Size:  11178 MB
| CUDA Device Num Multiprocessors:     28
|           CUDA Device Core Freq:   1.72 GHz
|
|--------------------------------------------------------
 
 
| Conditional Compilation Defines Used:
| PUBFFT
| BINTRAJ
| CUDA
| EMIL

| Largest sphere to fit in unit cell has radius =    26.993

| New format PARM file being parsed.
| Version =    1.000 Date = 09/18/20 Time = 09:54:13

| Note: 1-4 EEL scale factors are being read from the topology file.

| Note: 1-4 VDW scale factors are being read from the topology file.
| Duplicated    0 dihedrals

| Duplicated    0 dihedrals

--------------------------------------------------------------------------------
   1.  RESOURCE   USE: 
--------------------------------------------------------------------------------

 getting new box info from bottom of inpcrd
 NATOM  =   29212 NTYPES =      18 NBONH =   21140 MBONA  =    8102
 NTHETH =    3410 MTHETA =    2086 NPHIH =    6826 MPHIA  =    6594
 NHPARM =       0 NPARM  =       0 NNB   =   62450 NRES   =    6736
 NBONA  =    8102 NTHETA =    2086 NPHIA =    6594 NUMBND =      74
 NUMANG =     174 NPTRA  =     192 NATYP =      37 NPHB   =       1
 IFBOX  =       2 NMXRS  =      24 IFCAP =       0 NEXTRA =    6548
 NCOPY  =       0


| Coordinate Index Table dimensions:    11   11   11
| Direct force subcell size =     6.0108    6.0108    6.0108

     BOX TYPE: TRUNCATED OCTAHEDRON

--------------------------------------------------------------------------------
   2.  CONTROL  DATA  FOR  THE  RUN
--------------------------------------------------------------------------------

default_name                                                                    

General flags:
     imin    =       0, nmropt  =       0

Nature and format of input:
     ntx     =       5, irest   =       1, ntrx    =       1

Nature and format of output:
     ntxo    =       1, ntpr    =   50000, ntrx    =       1, ntwr    =   50000
     iwrap   =       1, ntwx    =    5000, ntwv    =       0, ntwe    =       0
     ioutfm  =       1, ntwprt  =       0, idecomp =       0, rbornstat=      0

Potential function:
     ntf     =       2, ntb     =       1, igb     =       0, nsnb    =      25
     ipol    =       0, gbsa    =       0, iesp    =       0
     dielc   =   1.00000, cut     =   9.00000, intdiel =   1.00000

Frozen or restrained atoms:
     ibelly  =       0, ntr     =       0

Molecular dynamics:
     nstlim  =   2500000, nscm    =      1000, nrespa  =         1
     t       =   0.00000, dt      =   0.00200, vlimit  =  -1.00000

Langevin dynamics temperature regulation:
     ig      =  244035
     temp0   = 300.00000, tempi   = 300.00000, gamma_ln=   2.00000

SHAKE:
     ntc     =       2, jfastw  =       0
     tol     =   0.00001

| Intermolecular bonds treatment:
|     no_intermolecular_bonds =       1

| Energy averages sample interval:
|     ene_avg_sampling =   50000

Extra-points options:
     frameon =       1, chngmask=       1

Ewald parameters:
     verbose =       0, ew_type =       0, nbflag  =       1, use_pme =       1
     vdwmeth =       1, eedmeth =       1, netfrc  =       1
     Box X =   66.118   Box Y =   66.118   Box Z =   66.118
     Alpha =  109.471   Beta  =  109.471   Gamma =  109.471
     NFFT1 =   64       NFFT2 =   64       NFFT3 =   64
     Cutoff=    9.000   Tol   =0.100E-04
     Ewald Coefficient =  0.30768
     Interpolation order =    4
|      EXTRA_PTS, trim_bonds: num bonds BEFORE trim = 21140     0
|      EXTRA_PTS, trim_bonds: num bonds AFTER  trim = 21140     0
|      EXTRA_PTS, trim_bonds: num bonds BEFORE trim =  8102     0
|      EXTRA_PTS, trim_bonds: num bonds AFTER  trim =  1554     0
|      EXTRA_PTS, trim_theta: num angle BEFORE trim =  3410     0
|      EXTRA_PTS, trim_theta: num angle AFTER  trim =  3410     0
|      EXTRA_PTS, trim_theta: num angle BEFORE trim =  2086     0
|      EXTRA_PTS, trim_theta: num angle AFTER  trim =  2086     0
|      EXTRA_PTS, trim_phi:  num diheds BEFORE trim =  6826     0
|      EXTRA_PTS, trim_phi:  num diheds AFTER  trim =  6826     0
|      EXTRA_PTS, trim_phi:  num diheds BEFORE trim =  6594     0
|      EXTRA_PTS, trim_phi:  num diheds AFTER  trim =  6594     0

--------------------------------------------------------------------------------
   3.  ATOMIC COORDINATES AND VELOCITIES
--------------------------------------------------------------------------------

Cpptraj Generated Restart                                                       
 begin time read from input coords =     0.000 ps

 
 Number of triangulated 3-point waters found:     6548

     Sum of charges from parm topology file =   0.00003578
     Forcing neutrality...

| Dynamic Memory, Types Used:
| Reals              938443
| Integers          2108635

| Nonbonded Pairs Initial Allocation:     6660336

| GPU memory information (estimate):
| KB of GPU memory in use:         0
| KB of CPU memory in use:         0

--------------------------------------------------------------------------------
   4.  RESULTS
--------------------------------------------------------------------------------

wrapping first mol.:       22.03942       31.16845       53.98534
wrapping first mol.:       22.03942       31.16845       53.98534
wrapping first mol.:       22.03942       31.16845       53.98534
wrapping first mol.:       22.03942       31.16845       53.98534
wrapping first mol.:       22.03942       31.16845       53.98534
wrapping first mol.:       22.03942       31.16845       53.98534
wrapping first mol.:       22.03942       31.16845       53.98534
wrapping first mol.:       22.03942       31.16845       53.98534
wrapping first mol.:       22.03942       31.16845       53.98534
wrapping first mol.:       22.03942       31.16845       53.98534
wrapping first mol.:       22.03942       31.16845       53.98534

 NSTEP =    50000   TIME(PS) =     100.000  TEMP(K) =   298.61  PRESS =     0.0
 Etot   =    -72184.2338  EKtot   =     13901.0400  EPtot      =    -86085.2738
 BOND   =       557.3991  ANGLE   =      1629.3119  DIHED      =      1027.0337
 UB     =         0.0000  IMP     =         0.0000  CMAP       =       125.1657
 1-4 NB =       679.0104  1-4 EEL =     10154.0361  VDWAALS    =      9598.7961
 EELEC  =   -109856.0267  EHBOND  =         0.0000  RESTRAINT  =         0.0000
 ------------------------------------------------------------------------------

wrapping first mol.:       22.03942       31.16845       53.98534
wrapping first mol.:       22.03942       31.16845       53.98534
wrapping first mol.:       22.03942       31.16845       53.98534
wrapping first mol.:       22.03942       31.16845       53.98534
wrapping first mol.:       22.03942       31.16845       53.98534
wrapping first mol.:       22.03942       31.16845       53.98534
wrapping first mol.:       22.03942       31.16845       53.98534
wrapping first mol.:       22.03942       31.16845       53.98534
wrapping first mol.:       22.03942       31.16845       53.98534
wrapping first mol.:       22.03942       31.16845       53.98534
wrapping first mol.:       22.03942       31.16845       53.98534

 NSTEP =   100000   TIME(PS) =     200.000  TEMP(K) =   298.03  PRESS =     0.0
 Etot   =    -72308.6554  EKtot   =     13873.8896  EPtot      =    -86182.5451
 BOND   =       546.5908  ANGLE   =      1586.5058  DIHED      =      1047.6149
 UB     =         0.0000  IMP     =         0.0000  CMAP       =       131.0917
 1-4 NB =       693.0216  1-4 EEL =     10092.0722  VDWAALS    =      9525.2119
 EELEC  =   -109804.6540  EHBOND  =         0.0000  RESTRAINT  =         0.0000
 ------------------------------------------------------------------------------

wrapping first mol.:       22.03942       31.16845       53.98534
wrapping first mol.:       22.03942       31.16845       53.98534
wrapping first mol.:       22.03942       31.16845       53.98534
wrapping first mol.:       22.03942       31.16845       53.98534
wrapping first mol.:       22.03942       31.16845       53.98534
wrapping first mol.:       22.03942       31.16845       53.98534
wrapping first mol.:       22.03942       31.16845       53.98534
wrapping first mol.:       22.03942       31.16845       53.98534
wrapping first mol.:       22.03942       31.16845       53.98534
wrapping first mol.:       22.03942       31.16845       53.98534
wrapping first mol.:       22.03942       31.16845       53.98534

 NSTEP =   150000   TIME(PS) =     300.000  TEMP(K) =   302.71  PRESS =     0.0
 Etot   =    -72272.4129  EKtot   =     14091.9141  EPtot      =    -86364.3270
 BOND   =       577.5437  ANGLE   =      1549.0330  DIHED      =      1045.9370
 UB     =         0.0000  IMP     =         0.0000  CMAP       =       127.5221
 1-4 NB =       663.5753  1-4 EEL =     10170.5293  VDWAALS    =      9718.1587
 EELEC  =   -110216.6260  EHBOND  =         0.0000  RESTRAINT  =         0.0000
 ------------------------------------------------------------------------------

wrapping first mol.:       22.03942       31.16845       53.98534
wrapping first mol.:       22.03942       31.16845       53.98534
wrapping first mol.:       22.03942       31.16845       53.98534
wrapping first mol.:       22.03942       31.16845       53.98534
wrapping first mol.:       22.03942       31.16845       53.98534
wrapping first mol.:       22.03942       31.16845       53.98534
wrapping first mol.:       22.03942       31.16845       53.98534
wrapping first mol.:       22.03942       31.16845       53.98534
wrapping first mol.:       22.03942       31.16845       53.98534
wrapping first mol.:       22.03942       31.16845       53.98534
wrapping first mol.:       22.03942       31.16845       53.98534

 NSTEP =   200000   TIME(PS) =     400.000  TEMP(K) =   301.52  PRESS =     0.0
 Etot   =    -72108.4215  EKtot   =     14036.1641  EPtot      =    -86144.5855
 BOND   =       580.3747  ANGLE   =      1615.2677  DIHED      =      1053.1579
 UB     =         0.0000  IMP     =         0.0000  CMAP       =       135.9511
 1-4 NB =       660.1682  1-4 EEL =     10106.9697  VDWAALS    =      9619.9792
 EELEC  =   -109916.4540  EHBOND  =         0.0000  RESTRAINT  =         0.0000
 ------------------------------------------------------------------------------

wrapping first mol.:       22.03942       31.16845       53.98534
wrapping first mol.:       22.03942       31.16845       53.98534
wrapping first mol.:       22.03942       31.16845       53.98534
wrapping first mol.:       22.03942       31.16845       53.98534
wrapping first mol.:       22.03942       31.16845       53.98534
wrapping first mol.:       22.03942       31.16845       53.98534
wrapping first mol.:       22.03942       31.16845       53.98534
wrapping first mol.:       22.03942       31.16845       53.98534
wrapping first mol.:       22.03942       31.16845       53.98534
wrapping first mol.:       22.03942       31.16845       53.98534
wrapping first mol.:       22.03942       31.16845       53.98534

 NSTEP =   250000   TIME(PS) =     500.000  TEMP(K) =   297.01  PRESS =     0.0
 Etot   =    -72328.2990  EKtot   =     13826.3770  EPtot      =    -86154.6760
 BOND   =       585.6794  ANGLE   =      1559.6418  DIHED      =      1021.4877
 UB     =         0.0000  IMP     =         0.0000  CMAP       =       130.4725
 1-4 NB =       664.6070  1-4 EEL =     10177.2687  VDWAALS    =      9878.8044
 EELEC  =   -110172.6374  EHBOND  =         0.0000  RESTRAINT  =         0.0000
 ------------------------------------------------------------------------------

wrapping first mol.:       22.03942       31.16845       53.98534
wrapping first mol.:       22.03942       31.16845       53.98534
wrapping first mol.:       22.03942       31.16845       53.98534
wrapping first mol.:       22.03942       31.16845       53.98534
wrapping first mol.:       22.03942       31.16845       53.98534
wrapping first mol.:       22.03942       31.16845       53.98534
wrapping first mol.:       22.03942       31.16845       53.98534
wrapping first mol.:       22.03942       31.16845       53.98534
wrapping first mol.:       22.03942       31.16845       53.98534
wrapping first mol.:       22.03942       31.16845       53.98534
wrapping first mol.:       22.03942       31.16845       53.98534

 NSTEP =   300000   TIME(PS) =     600.000  TEMP(K) =   304.50  PRESS =     0.0
 Etot   =    -72137.1211  EKtot   =     14174.8906  EPtot      =    -86312.0117
 BOND   =       596.8239  ANGLE   =      1595.0264  DIHED      =      1054.7300
 UB     =         0.0000  IMP     =         0.0000  CMAP       =       135.0253
 1-4 NB =       662.2082  1-4 EEL =     10103.3357  VDWAALS    =      9651.2831
 EELEC  =   -110110.4444  EHBOND  =         0.0000  RESTRAINT  =         0.0000
 ------------------------------------------------------------------------------

wrapping first mol.:       22.03942       31.16845       53.98534
wrapping first mol.:       22.03942       31.16845       53.98534
wrapping first mol.:       22.03942       31.16845       53.98534
wrapping first mol.:       22.03942       31.16845       53.98534
wrapping first mol.:       22.03942       31.16845       53.98534
wrapping first mol.:       22.03942       31.16845       53.98534
wrapping first mol.:       22.03942       31.16845       53.98534
wrapping first mol.:       22.03942       31.16845       53.98534
wrapping first mol.:       22.03942       31.16845       53.98534
wrapping first mol.:       22.03942       31.16845       53.98534
wrapping first mol.:       22.03942       31.16845       53.98534

 NSTEP =   350000   TIME(PS) =     700.000  TEMP(K) =   300.45  PRESS =     0.0
 Etot   =    -72303.6478  EKtot   =     13986.4004  EPtot      =    -86290.0481
 BOND   =       584.0612  ANGLE   =      1532.2712  DIHED      =      1046.0429
 UB     =         0.0000  IMP     =         0.0000  CMAP       =       130.3764
 1-4 NB =       659.8807  1-4 EEL =     10128.4161  VDWAALS    =      9787.3839
 EELEC  =   -110158.4805  EHBOND  =         0.0000  RESTRAINT  =         0.0000
 ------------------------------------------------------------------------------

wrapping first mol.:       22.03942       31.16845       53.98534
wrapping first mol.:       22.03942       31.16845       53.98534
wrapping first mol.:       22.03942       31.16845       53.98534
wrapping first mol.:       22.03942       31.16845       53.98534
wrapping first mol.:       22.03942       31.16845       53.98534
wrapping first mol.:       22.03942       31.16845       53.98534
wrapping first mol.:       22.03942       31.16845       53.98534
wrapping first mol.:       22.03942       31.16845       53.98534
wrapping first mol.:       22.03942       31.16845       53.98534
wrapping first mol.:       22.03942       31.16845       53.98534
wrapping first mol.:       22.03942       31.16845       53.98534

 NSTEP =   400000   TIME(PS) =     800.000  TEMP(K) =   296.39  PRESS =     0.0
 Etot   =    -72372.7085  EKtot   =     13797.6816  EPtot      =    -86170.3902
 BOND   =       582.6944  ANGLE   =      1644.8974  DIHED      =      1041.1285
 UB     =         0.0000  IMP     =         0.0000  CMAP       =       123.3537
 1-4 NB =       650.9820  1-4 EEL =     10094.0792  VDWAALS    =      9730.7869
 EELEC  =   -110038.3122  EHBOND  =         0.0000  RESTRAINT  =         0.0000
 ------------------------------------------------------------------------------

wrapping first mol.:       22.03942       31.16845       53.98534
wrapping first mol.:       22.03942       31.16845       53.98534
wrapping first mol.:       22.03942       31.16845       53.98534
wrapping first mol.:       22.03942       31.16845       53.98534
wrapping first mol.:       22.03942       31.16845       53.98534
wrapping first mol.:       22.03942       31.16845       53.98534
wrapping first mol.:       22.03942       31.16845       53.98534
wrapping first mol.:       22.03942       31.16845       53.98534
wrapping first mol.:       22.03942       31.16845       53.98534
wrapping first mol.:       22.03942       31.16845       53.98534
wrapping first mol.:       22.03942       31.16845       53.98534

 NSTEP =   450000   TIME(PS) =     900.000  TEMP(K) =   301.88  PRESS =     0.0
 Etot   =    -72312.8183  EKtot   =     14053.0781  EPtot      =    -86365.8965
 BOND   =       557.1427  ANGLE   =      1583.7227  DIHED      =      1032.5873
 UB     =         0.0000  IMP     =         0.0000  CMAP       =       133.7069
 1-4 NB =       672.4669  1-4 EEL =     10108.2800  VDWAALS    =      9710.8831
 EELEC  =   -110164.6861  EHBOND  =         0.0000  RESTRAINT  =         0.0000
 ------------------------------------------------------------------------------

wrapping first mol.:       22.03942       31.16845       53.98534
wrapping first mol.:       22.03942       31.16845       53.98534
wrapping first mol.:       22.03942       31.16845       53.98534
wrapping first mol.:       22.03942       31.16845       53.98534
wrapping first mol.:       22.03942       31.16845       53.98534
wrapping first mol.:       22.03942       31.16845       53.98534
wrapping first mol.:       22.03942       31.16845       53.98534
wrapping first mol.:       22.03942       31.16845       53.98534
wrapping first mol.:       22.03942       31.16845       53.98534
wrapping first mol.:       22.03942       31.16845       53.98534
wrapping first mol.:       22.03942       31.16845       53.98534

 NSTEP =   500000   TIME(PS) =    1000.000  TEMP(K) =   298.08  PRESS =     0.0
 Etot   =    -72370.4855  EKtot   =     13876.0146  EPtot      =    -86246.5002
 BOND   =       604.7804  ANGLE   =      1633.5877  DIHED      =      1017.8118
 UB     =         0.0000  IMP     =         0.0000  CMAP       =       144.1799
 1-4 NB =       648.6064  1-4 EEL =     10054.6148  VDWAALS    =      9929.7272
 EELEC  =   -110279.8083  EHBOND  =         0.0000  RESTRAINT  =         0.0000
 ------------------------------------------------------------------------------

wrapping first mol.:       22.03942       31.16845       53.98534
wrapping first mol.:       22.03942       31.16845       53.98534
wrapping first mol.:       22.03942       31.16845       53.98534
wrapping first mol.:       22.03942       31.16845       53.98534
wrapping first mol.:       22.03942       31.16845       53.98534
wrapping first mol.:       22.03942       31.16845       53.98534
wrapping first mol.:       22.03942       31.16845       53.98534
wrapping first mol.:       22.03942       31.16845       53.98534
wrapping first mol.:       22.03942       31.16845       53.98534
wrapping first mol.:       22.03942       31.16845       53.98534
wrapping first mol.:       22.03942       31.16845       53.98534

 NSTEP =   550000   TIME(PS) =    1100.000  TEMP(K) =   297.92  PRESS =     0.0
 Etot   =    -72588.9792  EKtot   =     13868.7510  EPtot      =    -86457.7302
 BOND   =       576.9435  ANGLE   =      1573.0381  DIHED      =      1043.8701
 UB     =         0.0000  IMP     =         0.0000  CMAP       =       136.6293
 1-4 NB =       671.4263  1-4 EEL =     10079.9856  VDWAALS    =      9632.5920
 EELEC  =   -110172.2152  EHBOND  =         0.0000  RESTRAINT  =         0.0000
 ------------------------------------------------------------------------------

wrapping first mol.:       22.03942       31.16845       53.98534
wrapping first mol.:       22.03942       31.16845       53.98534
wrapping first mol.:       22.03942       31.16845       53.98534
wrapping first mol.:       22.03942       31.16845       53.98534
wrapping first mol.:       22.03942       31.16845       53.98534
wrapping first mol.:       22.03942       31.16845       53.98534
wrapping first mol.:       22.03942       31.16845       53.98534
wrapping first mol.:       22.03942       31.16845       53.98534
wrapping first mol.:       22.03942       31.16845       53.98534
wrapping first mol.:       22.03942       31.16845       53.98534
wrapping first mol.:       22.03942       31.16845       53.98534

 NSTEP =   600000   TIME(PS) =    1200.000  TEMP(K) =   299.60  PRESS =     0.0
 Etot   =    -72415.7573  EKtot   =     13946.8076  EPtot      =    -86362.5649
 BOND   =       578.2147  ANGLE   =      1592.0848  DIHED      =      1037.6812
 UB     =         0.0000  IMP     =         0.0000  CMAP       =       144.4508
 1-4 NB =       668.6078  1-4 EEL =     10095.0421  VDWAALS    =      9925.8175
 EELEC  =   -110404.4638  EHBOND  =         0.0000  RESTRAINT  =         0.0000
 ------------------------------------------------------------------------------

wrapping first mol.:       22.03942       31.16845       53.98534
wrapping first mol.:       22.03942       31.16845       53.98534
wrapping first mol.:       22.03942       31.16845       53.98534
wrapping first mol.:       22.03942       31.16845       53.98534
wrapping first mol.:       22.03942       31.16845       53.98534
wrapping first mol.:       22.03942       31.16845       53.98534
wrapping first mol.:       22.03942       31.16845       53.98534
wrapping first mol.:       22.03942       31.16845       53.98534
wrapping first mol.:       22.03942       31.16845       53.98534
wrapping first mol.:       22.03942       31.16845       53.98534
wrapping first mol.:       22.03942       31.16845       53.98534

 NSTEP =   650000   TIME(PS) =    1300.000  TEMP(K) =   300.21  PRESS =     0.0
 Etot   =    -72555.6944  EKtot   =     13975.1924  EPtot      =    -86530.8868
 BOND   =       590.4759  ANGLE   =      1553.6013  DIHED      =      1043.0600
 UB     =         0.0000  IMP     =         0.0000  CMAP       =       134.2813
 1-4 NB =       672.0701  1-4 EEL =     10169.1584  VDWAALS    =      9717.9524
 EELEC  =   -110411.4863  EHBOND  =         0.0000  RESTRAINT  =         0.0000
 ------------------------------------------------------------------------------

wrapping first mol.:       22.03942       31.16845       53.98534
wrapping first mol.:       22.03942       31.16845       53.98534
wrapping first mol.:       22.03942       31.16845       53.98534
wrapping first mol.:       22.03942       31.16845       53.98534
wrapping first mol.:       22.03942       31.16845       53.98534
wrapping first mol.:       22.03942       31.16845       53.98534
wrapping first mol.:       22.03942       31.16845       53.98534
wrapping first mol.:       22.03942       31.16845       53.98534
wrapping first mol.:       22.03942       31.16845       53.98534
wrapping first mol.:       22.03942       31.16845       53.98534
wrapping first mol.:       22.03942       31.16845       53.98534

 NSTEP =   700000   TIME(PS) =    1400.000  TEMP(K) =   299.28  PRESS =     0.0
 Etot   =    -72442.7089  EKtot   =     13932.1455  EPtot      =    -86374.8544
 BOND   =       602.7178  ANGLE   =      1589.5170  DIHED      =      1006.0437
 UB     =         0.0000  IMP     =         0.0000  CMAP       =       133.9361
 1-4 NB =       661.0167  1-4 EEL =     10115.8440  VDWAALS    =      9644.9541
 EELEC  =   -110128.8839  EHBOND  =         0.0000  RESTRAINT  =         0.0000
 ------------------------------------------------------------------------------

wrapping first mol.:       22.03942       31.16845       53.98534
wrapping first mol.:       22.03942       31.16845       53.98534
wrapping first mol.:       22.03942       31.16845       53.98534
wrapping first mol.:       22.03942       31.16845       53.98534
wrapping first mol.:       22.03942       31.16845       53.98534
wrapping first mol.:       22.03942       31.16845       53.98534
wrapping first mol.:       22.03942       31.16845       53.98534
wrapping first mol.:       22.03942       31.16845       53.98534
wrapping first mol.:       22.03942       31.16845       53.98534
wrapping first mol.:       22.03942       31.16845       53.98534
wrapping first mol.:       22.03942       31.16845       53.98534

 NSTEP =   750000   TIME(PS) =    1500.000  TEMP(K) =   299.58  PRESS =     0.0
 Etot   =    -72282.8843  EKtot   =     13945.9102  EPtot      =    -86228.7944
 BOND   =       594.5115  ANGLE   =      1590.8244  DIHED      =      1032.1227
 UB     =         0.0000  IMP     =         0.0000  CMAP       =       148.8273
 1-4 NB =       651.1727  1-4 EEL =     10060.8998  VDWAALS    =      9487.0589
 EELEC  =   -109794.2116  EHBOND  =         0.0000  RESTRAINT  =         0.0000
 ------------------------------------------------------------------------------

wrapping first mol.:       22.03942       31.16845       53.98534
wrapping first mol.:       22.03942       31.16845       53.98534
wrapping first mol.:       22.03942       31.16845       53.98534
wrapping first mol.:       22.03942       31.16845       53.98534
wrapping first mol.:       22.03942       31.16845       53.98534
wrapping first mol.:       22.03942       31.16845       53.98534
wrapping first mol.:       22.03942       31.16845       53.98534
wrapping first mol.:       22.03942       31.16845       53.98534
wrapping first mol.:       22.03942       31.16845       53.98534
wrapping first mol.:       22.03942       31.16845       53.98534
wrapping first mol.:       22.03942       31.16845       53.98534

 NSTEP =   800000   TIME(PS) =    1600.000  TEMP(K) =   298.93  PRESS =     0.0
 Etot   =    -72632.6127  EKtot   =     13915.6543  EPtot      =    -86548.2670
 BOND   =       564.0849  ANGLE   =      1563.8547  DIHED      =      1006.6671
 UB     =         0.0000  IMP     =         0.0000  CMAP       =       144.6641
 1-4 NB =       635.2916  1-4 EEL =     10091.2966  VDWAALS    =      9894.8658
 EELEC  =   -110448.9919  EHBOND  =         0.0000  RESTRAINT  =         0.0000
 ------------------------------------------------------------------------------

wrapping first mol.:       22.03942       31.16845       53.98534
wrapping first mol.:       22.03942       31.16845       53.98534
wrapping first mol.:       22.03942       31.16845       53.98534
wrapping first mol.:       22.03942       31.16845       53.98534
wrapping first mol.:       22.03942       31.16845       53.98534
wrapping first mol.:       22.03942       31.16845       53.98534
wrapping first mol.:       22.03942       31.16845       53.98534
wrapping first mol.:       22.03942       31.16845       53.98534
wrapping first mol.:       22.03942       31.16845       53.98534
wrapping first mol.:       22.03942       31.16845       53.98534
wrapping first mol.:       22.03942       31.16845       53.98534

 NSTEP =   850000   TIME(PS) =    1700.000  TEMP(K) =   300.40  PRESS =     0.0
 Etot   =    -72399.0737  EKtot   =     13984.3975  EPtot      =    -86383.4712
 BOND   =       566.1628  ANGLE   =      1579.0629  DIHED      =      1020.8721
 UB     =         0.0000  IMP     =         0.0000  CMAP       =       131.0973
 1-4 NB =       672.7649  1-4 EEL =     10113.0701  VDWAALS    =      9663.9742
 EELEC  =   -110130.4754  EHBOND  =         0.0000  RESTRAINT  =         0.0000
 ------------------------------------------------------------------------------

wrapping first mol.:       22.03942       31.16845       53.98534
wrapping first mol.:       22.03942       31.16845       53.98534
wrapping first mol.:       22.03942       31.16845       53.98534
wrapping first mol.:       22.03942       31.16845       53.98534
wrapping first mol.:       22.03942       31.16845       53.98534
wrapping first mol.:       22.03942       31.16845       53.98534
wrapping first mol.:       22.03942       31.16845       53.98534
wrapping first mol.:       22.03942       31.16845       53.98534
wrapping first mol.:       22.03942       31.16845       53.98534
wrapping first mol.:       22.03942       31.16845       53.98534
wrapping first mol.:       22.03942       31.16845       53.98534

 NSTEP =   900000   TIME(PS) =    1800.000  TEMP(K) =   299.96  PRESS =     0.0
 Etot   =    -72116.2353  EKtot   =     13963.6699  EPtot      =    -86079.9052
 BOND   =       568.6848  ANGLE   =      1587.7760  DIHED      =      1029.5673
 UB     =         0.0000  IMP     =         0.0000  CMAP       =       131.7534
 1-4 NB =       668.5898  1-4 EEL =     10146.0575  VDWAALS    =     10059.4131
 EELEC  =   -110271.7470  EHBOND  =         0.0000  RESTRAINT  =         0.0000
 ------------------------------------------------------------------------------

wrapping first mol.:       22.03942       31.16845       53.98534
wrapping first mol.:       22.03942       31.16845       53.98534
wrapping first mol.:       22.03942       31.16845       53.98534
wrapping first mol.:       22.03942       31.16845       53.98534
wrapping first mol.:       22.03942       31.16845       53.98534
wrapping first mol.:       22.03942       31.16845       53.98534
wrapping first mol.:       22.03942       31.16845       53.98534
wrapping first mol.:       22.03942       31.16845       53.98534
wrapping first mol.:       22.03942       31.16845       53.98534
wrapping first mol.:       22.03942       31.16845       53.98534
wrapping first mol.:       22.03942       31.16845       53.98534

 NSTEP =   950000   TIME(PS) =    1900.000  TEMP(K) =   298.78  PRESS =     0.0
 Etot   =    -72189.1803  EKtot   =     13908.8125  EPtot      =    -86097.9928
 BOND   =       561.2665  ANGLE   =      1553.1426  DIHED      =      1019.9674
 UB     =         0.0000  IMP     =         0.0000  CMAP       =       131.0496
 1-4 NB =       692.4801  1-4 EEL =     10162.5511  VDWAALS    =      9701.0365
 EELEC  =   -109919.4866  EHBOND  =         0.0000  RESTRAINT  =         0.0000
 ------------------------------------------------------------------------------

wrapping first mol.:       22.03942       31.16845       53.98534
wrapping first mol.:       22.03942       31.16845       53.98534
wrapping first mol.:       22.03942       31.16845       53.98534
wrapping first mol.:       22.03942       31.16845       53.98534
wrapping first mol.:       22.03942       31.16845       53.98534
wrapping first mol.:       22.03942       31.16845       53.98534
wrapping first mol.:       22.03942       31.16845       53.98534
wrapping first mol.:       22.03942       31.16845       53.98534
wrapping first mol.:       22.03942       31.16845       53.98534
wrapping first mol.:       22.03942       31.16845       53.98534
wrapping first mol.:       22.03942       31.16845       53.98534

 NSTEP =  1000000   TIME(PS) =    2000.000  TEMP(K) =   301.00  PRESS =     0.0
 Etot   =    -72264.8077  EKtot   =     14012.2852  EPtot      =    -86277.0928
 BOND   =       548.3979  ANGLE   =      1571.4268  DIHED      =      1060.2967
 UB     =         0.0000  IMP     =         0.0000  CMAP       =       141.4856
 1-4 NB =       676.8583  1-4 EEL =     10101.5600  VDWAALS    =      9811.8359
 EELEC  =   -110188.9540  EHBOND  =         0.0000  RESTRAINT  =         0.0000
 ------------------------------------------------------------------------------

wrapping first mol.:       22.03942       31.16845       53.98534
wrapping first mol.:       22.03942       31.16845       53.98534
wrapping first mol.:       22.03942       31.16845       53.98534
wrapping first mol.:       22.03942       31.16845       53.98534
wrapping first mol.:       22.03942       31.16845       53.98534
wrapping first mol.:       22.03942       31.16845       53.98534
wrapping first mol.:       22.03942       31.16845       53.98534
wrapping first mol.:       22.03942       31.16845       53.98534
wrapping first mol.:       22.03942       31.16845       53.98534
wrapping first mol.:       22.03942       31.16845       53.98534
wrapping first mol.:       22.03942       31.16845       53.98534

 NSTEP =  1050000   TIME(PS) =    2100.000  TEMP(K) =   299.58  PRESS =     0.0
 Etot   =    -72270.0828  EKtot   =     13946.1445  EPtot      =    -86216.2274
 BOND   =       545.4977  ANGLE   =      1614.8464  DIHED      =      1053.6057
 UB     =         0.0000  IMP     =         0.0000  CMAP       =       135.8826
 1-4 NB =       690.5258  1-4 EEL =     10097.2784  VDWAALS    =      9662.9363
 EELEC  =   -110016.8002  EHBOND  =         0.0000  RESTRAINT  =         0.0000
 ------------------------------------------------------------------------------

wrapping first mol.:       22.03942       31.16845       53.98534
wrapping first mol.:       22.03942       31.16845       53.98534
wrapping first mol.:       22.03942       31.16845       53.98534
wrapping first mol.:       22.03942       31.16845       53.98534
wrapping first mol.:       22.03942       31.16845       53.98534
wrapping first mol.:       22.03942       31.16845       53.98534
wrapping first mol.:       22.03942       31.16845       53.98534
wrapping first mol.:       22.03942       31.16845       53.98534
wrapping first mol.:       22.03942       31.16845       53.98534
wrapping first mol.:       22.03942       31.16845       53.98534
wrapping first mol.:       22.03942       31.16845       53.98534

 NSTEP =  1100000   TIME(PS) =    2200.000  TEMP(K) =   298.52  PRESS =     0.0
 Etot   =    -72104.9306  EKtot   =     13896.7275  EPtot      =    -86001.6581
 BOND   =       552.5020  ANGLE   =      1593.4946  DIHED      =      1038.0574
 UB     =         0.0000  IMP     =         0.0000  CMAP       =       137.4122
 1-4 NB =       668.0508  1-4 EEL =     10125.0210  VDWAALS    =      9615.5089
 EELEC  =   -109731.7051  EHBOND  =         0.0000  RESTRAINT  =         0.0000
 ------------------------------------------------------------------------------

wrapping first mol.:       22.03942       31.16845       53.98534
wrapping first mol.:       22.03942       31.16845       53.98534
wrapping first mol.:       22.03942       31.16845       53.98534
wrapping first mol.:       22.03942       31.16845       53.98534
wrapping first mol.:       22.03942       31.16845       53.98534
wrapping first mol.:       22.03942       31.16845       53.98534
wrapping first mol.:       22.03942       31.16845       53.98534
wrapping first mol.:       22.03942       31.16845       53.98534
wrapping first mol.:       22.03942       31.16845       53.98534
wrapping first mol.:       22.03942       31.16845       53.98534
wrapping first mol.:       22.03942       31.16845       53.98534

 NSTEP =  1150000   TIME(PS) =    2300.000  TEMP(K) =   300.96  PRESS =     0.0
 Etot   =    -72420.9419  EKtot   =     14010.3379  EPtot      =    -86431.2798
 BOND   =       564.8814  ANGLE   =      1554.2569  DIHED      =      1026.8180
 UB     =         0.0000  IMP     =         0.0000  CMAP       =       136.6470
 1-4 NB =       681.5446  1-4 EEL =     10167.5772  VDWAALS    =      9716.2312
 EELEC  =   -110279.2360  EHBOND  =         0.0000  RESTRAINT  =         0.0000
 ------------------------------------------------------------------------------

wrapping first mol.:       22.03942       31.16845       53.98534
wrapping first mol.:       22.03942       31.16845       53.98534
wrapping first mol.:       22.03942       31.16845       53.98534
wrapping first mol.:       22.03942       31.16845       53.98534
wrapping first mol.:       22.03942       31.16845       53.98534
wrapping first mol.:       22.03942       31.16845       53.98534
wrapping first mol.:       22.03942       31.16845       53.98534
wrapping first mol.:       22.03942       31.16845       53.98534
wrapping first mol.:       22.03942       31.16845       53.98534
wrapping first mol.:       22.03942       31.16845       53.98534
wrapping first mol.:       22.03942       31.16845       53.98534

 NSTEP =  1200000   TIME(PS) =    2400.000  TEMP(K) =   300.28  PRESS =     0.0
 Etot   =    -72257.5918  EKtot   =     13978.6816  EPtot      =    -86236.2735
 BOND   =       558.7480  ANGLE   =      1678.6087  DIHED      =      1050.9704
 UB     =         0.0000  IMP     =         0.0000  CMAP       =       122.6831
 1-4 NB =       657.5538  1-4 EEL =     10096.4478  VDWAALS    =      9701.5376
 EELEC  =   -110102.8229  EHBOND  =         0.0000  RESTRAINT  =         0.0000
 ------------------------------------------------------------------------------

wrapping first mol.:       22.03942       31.16845       53.98534
wrapping first mol.:       22.03942       31.16845       53.98534
wrapping first mol.:       22.03942       31.16845       53.98534
wrapping first mol.:       22.03942       31.16845       53.98534
wrapping first mol.:       22.03942       31.16845       53.98534
wrapping first mol.:       22.03942       31.16845       53.98534
wrapping first mol.:       22.03942       31.16845       53.98534
wrapping first mol.:       22.03942       31.16845       53.98534
wrapping first mol.:       22.03942       31.16845       53.98534
wrapping first mol.:       22.03942       31.16845       53.98534
wrapping first mol.:       22.03942       31.16845       53.98534

 NSTEP =  1250000   TIME(PS) =    2500.000  TEMP(K) =   295.35  PRESS =     0.0
 Etot   =    -72392.9339  EKtot   =     13749.1953  EPtot      =    -86142.1293
 BOND   =       562.6072  ANGLE   =      1583.4279  DIHED      =      1036.3754
 UB     =         0.0000  IMP     =         0.0000  CMAP       =       126.3985
 1-4 NB =       678.1020  1-4 EEL =     10172.1897  VDWAALS    =      9450.9432
 EELEC  =   -109752.1732  EHBOND  =         0.0000  RESTRAINT  =         0.0000
 ------------------------------------------------------------------------------

wrapping first mol.:       22.03942       31.16845       53.98534
wrapping first mol.:       22.03942       31.16845       53.98534
wrapping first mol.:       22.03942       31.16845       53.98534
wrapping first mol.:       22.03942       31.16845       53.98534
wrapping first mol.:       22.03942       31.16845       53.98534
wrapping first mol.:       22.03942       31.16845       53.98534
wrapping first mol.:       22.03942       31.16845       53.98534
wrapping first mol.:       22.03942       31.16845       53.98534
wrapping first mol.:       22.03942       31.16845       53.98534
wrapping first mol.:       22.03942       31.16845       53.98534
wrapping first mol.:       22.03942       31.16845       53.98534

 NSTEP =  1300000   TIME(PS) =    2600.000  TEMP(K) =   300.59  PRESS =     0.0
 Etot   =    -72347.9903  EKtot   =     13992.9141  EPtot      =    -86340.9043
 BOND   =       554.3321  ANGLE   =      1529.6060  DIHED      =      1021.9622
 UB     =         0.0000  IMP     =         0.0000  CMAP       =       135.9775
 1-4 NB =       663.1072  1-4 EEL =     10137.8232  VDWAALS    =      9916.7456
 EELEC  =   -110300.4581  EHBOND  =         0.0000  RESTRAINT  =         0.0000
 ------------------------------------------------------------------------------

wrapping first mol.:       22.03942       31.16845       53.98534
wrapping first mol.:       22.03942       31.16845       53.98534
wrapping first mol.:       22.03942       31.16845       53.98534
wrapping first mol.:       22.03942       31.16845       53.98534
wrapping first mol.:       22.03942       31.16845       53.98534
wrapping first mol.:       22.03942       31.16845       53.98534
wrapping first mol.:       22.03942       31.16845       53.98534
wrapping first mol.:       22.03942       31.16845       53.98534
wrapping first mol.:       22.03942       31.16845       53.98534
wrapping first mol.:       22.03942       31.16845       53.98534
wrapping first mol.:       22.03942       31.16845       53.98534

 NSTEP =  1350000   TIME(PS) =    2700.000  TEMP(K) =   300.62  PRESS =     0.0
 Etot   =    -72380.2732  EKtot   =     13994.6055  EPtot      =    -86374.8786
 BOND   =       539.5301  ANGLE   =      1559.1070  DIHED      =      1028.1594
 UB     =         0.0000  IMP     =         0.0000  CMAP       =       126.7385
 1-4 NB =       672.6718  1-4 EEL =     10171.9532  VDWAALS    =      9944.7765
 EELEC  =   -110417.8151  EHBOND  =         0.0000  RESTRAINT  =         0.0000
 ------------------------------------------------------------------------------

wrapping first mol.:       22.03942       31.16845       53.98534
wrapping first mol.:       22.03942       31.16845       53.98534
wrapping first mol.:       22.03942       31.16845       53.98534
wrapping first mol.:       22.03942       31.16845       53.98534
wrapping first mol.:       22.03942       31.16845       53.98534
wrapping first mol.:       22.03942       31.16845       53.98534
wrapping first mol.:       22.03942       31.16845       53.98534
wrapping first mol.:       22.03942       31.16845       53.98534
wrapping first mol.:       22.03942       31.16845       53.98534
wrapping first mol.:       22.03942       31.16845       53.98534
wrapping first mol.:       22.03942       31.16845       53.98534

 NSTEP =  1400000   TIME(PS) =    2800.000  TEMP(K) =   299.22  PRESS =     0.0
 Etot   =    -72267.3591  EKtot   =     13929.4717  EPtot      =    -86196.8308
 BOND   =       528.3305  ANGLE   =      1610.1468  DIHED      =      1032.8527
 UB     =         0.0000  IMP     =         0.0000  CMAP       =       132.8512
 1-4 NB =       658.4579  1-4 EEL =     10121.4164  VDWAALS    =      9555.4251
 EELEC  =   -109836.3114  EHBOND  =         0.0000  RESTRAINT  =         0.0000
 ------------------------------------------------------------------------------

wrapping first mol.:       22.03942       31.16845       53.98534
wrapping first mol.:       22.03942       31.16845       53.98534
wrapping first mol.:       22.03942       31.16845       53.98534
wrapping first mol.:       22.03942       31.16845       53.98534
wrapping first mol.:       22.03942       31.16845       53.98534
wrapping first mol.:       22.03942       31.16845       53.98534
wrapping first mol.:       22.03942       31.16845       53.98534
wrapping first mol.:       22.03942       31.16845       53.98534
wrapping first mol.:       22.03942       31.16845       53.98534
wrapping first mol.:       22.03942       31.16845       53.98534
wrapping first mol.:       22.03942       31.16845       53.98534

 NSTEP =  1450000   TIME(PS) =    2900.000  TEMP(K) =   303.46  PRESS =     0.0
 Etot   =    -72219.3398  EKtot   =     14126.5898  EPtot      =    -86345.9297
 BOND   =       555.7822  ANGLE   =      1595.2123  DIHED      =      1005.2182
 UB     =         0.0000  IMP     =         0.0000  CMAP       =       140.7149
 1-4 NB =       648.9558  1-4 EEL =     10093.7923  VDWAALS    =      9678.5743
 EELEC  =   -110064.1798  EHBOND  =         0.0000  RESTRAINT  =         0.0000
 ------------------------------------------------------------------------------

wrapping first mol.:       22.03942       31.16845       53.98534
wrapping first mol.:       22.03942       31.16845       53.98534
wrapping first mol.:       22.03942       31.16845       53.98534
wrapping first mol.:       22.03942       31.16845       53.98534
wrapping first mol.:       22.03942       31.16845       53.98534
wrapping first mol.:       22.03942       31.16845       53.98534
wrapping first mol.:       22.03942       31.16845       53.98534
wrapping first mol.:       22.03942       31.16845       53.98534
wrapping first mol.:       22.03942       31.16845       53.98534
wrapping first mol.:       22.03942       31.16845       53.98534
wrapping first mol.:       22.03942       31.16845       53.98534

 NSTEP =  1500000   TIME(PS) =    3000.000  TEMP(K) =   301.85  PRESS =     0.0
 Etot   =    -72118.0559  EKtot   =     14051.9033  EPtot      =    -86169.9592
 BOND   =       603.4289  ANGLE   =      1633.5293  DIHED      =      1047.6346
 UB     =         0.0000  IMP     =         0.0000  CMAP       =       128.2741
 1-4 NB =       666.0497  1-4 EEL =     10090.0638  VDWAALS    =      9481.4283
 EELEC  =   -109820.3681  EHBOND  =         0.0000  RESTRAINT  =         0.0000
 ------------------------------------------------------------------------------

wrapping first mol.:       22.03942       31.16845       53.98534
wrapping first mol.:       22.03942       31.16845       53.98534
wrapping first mol.:       22.03942       31.16845       53.98534
wrapping first mol.:       22.03942       31.16845       53.98534
wrapping first mol.:       22.03942       31.16845       53.98534
wrapping first mol.:       22.03942       31.16845       53.98534
wrapping first mol.:       22.03942       31.16845       53.98534
wrapping first mol.:       22.03942       31.16845       53.98534
wrapping first mol.:       22.03942       31.16845       53.98534
wrapping first mol.:       22.03942       31.16845       53.98534
wrapping first mol.:       22.03942       31.16845       53.98534

 NSTEP =  1550000   TIME(PS) =    3100.000  TEMP(K) =   298.91  PRESS =     0.0
 Etot   =    -72428.6801  EKtot   =     13914.7441  EPtot      =    -86343.4242
 BOND   =       530.1233  ANGLE   =      1623.9091  DIHED      =      1012.4105
 UB     =         0.0000  IMP     =         0.0000  CMAP       =       139.2620
 1-4 NB =       660.1591  1-4 EEL =     10071.5478  VDWAALS    =      9580.7777
 EELEC  =   -109961.6137  EHBOND  =         0.0000  RESTRAINT  =         0.0000
 ------------------------------------------------------------------------------

wrapping first mol.:       22.03942       31.16845       53.98534
wrapping first mol.:       22.03942       31.16845       53.98534
wrapping first mol.:       22.03942       31.16845       53.98534
wrapping first mol.:       22.03942       31.16845       53.98534
wrapping first mol.:       22.03942       31.16845       53.98534
wrapping first mol.:       22.03942       31.16845       53.98534
wrapping first mol.:       22.03942       31.16845       53.98534
wrapping first mol.:       22.03942       31.16845       53.98534
wrapping first mol.:       22.03942       31.16845       53.98534
wrapping first mol.:       22.03942       31.16845       53.98534
wrapping first mol.:       22.03942       31.16845       53.98534

 NSTEP =  1600000   TIME(PS) =    3200.000  TEMP(K) =   300.65  PRESS =     0.0
 Etot   =    -72259.3966  EKtot   =     13995.8320  EPtot      =    -86255.2286
 BOND   =       563.8306  ANGLE   =      1587.6079  DIHED      =      1029.9761
 UB     =         0.0000  IMP     =         0.0000  CMAP       =       144.1841
 1-4 NB =       662.2807  1-4 EEL =     10158.0524  VDWAALS    =      9553.8860
 EELEC  =   -109955.0465  EHBOND  =         0.0000  RESTRAINT  =         0.0000
 ------------------------------------------------------------------------------

wrapping first mol.:       22.03942       31.16845       53.98534
wrapping first mol.:       22.03942       31.16845       53.98534
wrapping first mol.:       22.03942       31.16845       53.98534
wrapping first mol.:       22.03942       31.16845       53.98534
wrapping first mol.:       22.03942       31.16845       53.98534
wrapping first mol.:       22.03942       31.16845       53.98534
wrapping first mol.:       22.03942       31.16845       53.98534
wrapping first mol.:       22.03942       31.16845       53.98534
wrapping first mol.:       22.03942       31.16845       53.98534
wrapping first mol.:       22.03942       31.16845       53.98534
wrapping first mol.:       22.03942       31.16845       53.98534

 NSTEP =  1650000   TIME(PS) =    3300.000  TEMP(K) =   301.49  PRESS =     0.0
 Etot   =    -72224.8130  EKtot   =     14034.9014  EPtot      =    -86259.7144
 BOND   =       557.1499  ANGLE   =      1605.6626  DIHED      =      1033.4398
 UB     =         0.0000  IMP     =         0.0000  CMAP       =       134.0181
 1-4 NB =       664.9197  1-4 EEL =     10066.3362  VDWAALS    =      9598.6279
 EELEC  =   -109919.8686  EHBOND  =         0.0000  RESTRAINT  =         0.0000
 ------------------------------------------------------------------------------

wrapping first mol.:       22.03942       31.16845       53.98534
wrapping first mol.:       22.03942       31.16845       53.98534
wrapping first mol.:       22.03942       31.16845       53.98534
wrapping first mol.:       22.03942       31.16845       53.98534
wrapping first mol.:       22.03942       31.16845       53.98534
wrapping first mol.:       22.03942       31.16845       53.98534
wrapping first mol.:       22.03942       31.16845       53.98534
wrapping first mol.:       22.03942       31.16845       53.98534
wrapping first mol.:       22.03942       31.16845       53.98534
wrapping first mol.:       22.03942       31.16845       53.98534
wrapping first mol.:       22.03942       31.16845       53.98534

 NSTEP =  1700000   TIME(PS) =    3400.000  TEMP(K) =   299.11  PRESS =     0.0
 Etot   =    -72509.6073  EKtot   =     13924.0713  EPtot      =    -86433.6786
 BOND   =       550.8767  ANGLE   =      1555.7928  DIHED      =      1048.3526
 UB     =         0.0000  IMP     =         0.0000  CMAP       =       144.1454
 1-4 NB =       672.1132  1-4 EEL =     10052.9017  VDWAALS    =      9845.2551
 EELEC  =   -110303.1161  EHBOND  =         0.0000  RESTRAINT  =         0.0000
 ------------------------------------------------------------------------------

wrapping first mol.:       22.03942       31.16845       53.98534
wrapping first mol.:       22.03942       31.16845       53.98534
wrapping first mol.:       22.03942       31.16845       53.98534
wrapping first mol.:       22.03942       31.16845       53.98534
wrapping first mol.:       22.03942       31.16845       53.98534
wrapping first mol.:       22.03942       31.16845       53.98534
wrapping first mol.:       22.03942       31.16845       53.98534
wrapping first mol.:       22.03942       31.16845       53.98534
wrapping first mol.:       22.03942       31.16845       53.98534
wrapping first mol.:       22.03942       31.16845       53.98534
wrapping first mol.:       22.03942       31.16845       53.98534

 NSTEP =  1750000   TIME(PS) =    3500.000  TEMP(K) =   297.29  PRESS =     0.0
 Etot   =    -72510.6832  EKtot   =     13839.4805  EPtot      =    -86350.1637
 BOND   =       567.1658  ANGLE   =      1572.2923  DIHED      =      1016.1535
 UB     =         0.0000  IMP     =         0.0000  CMAP       =       137.1242
 1-4 NB =       670.7234  1-4 EEL =     10083.9362  VDWAALS    =      9541.2893
 EELEC  =   -109938.8485  EHBOND  =         0.0000  RESTRAINT  =         0.0000
 ------------------------------------------------------------------------------

wrapping first mol.:       22.03942       31.16845       53.98534
wrapping first mol.:       22.03942       31.16845       53.98534
wrapping first mol.:       22.03942       31.16845       53.98534
wrapping first mol.:       22.03942       31.16845       53.98534
wrapping first mol.:       22.03942       31.16845       53.98534
wrapping first mol.:       22.03942       31.16845       53.98534
wrapping first mol.:       22.03942       31.16845       53.98534
wrapping first mol.:       22.03942       31.16845       53.98534
wrapping first mol.:       22.03942       31.16845       53.98534
wrapping first mol.:       22.03942       31.16845       53.98534
wrapping first mol.:       22.03942       31.16845       53.98534

 NSTEP =  1800000   TIME(PS) =    3600.000  TEMP(K) =   299.28  PRESS =     0.0
 Etot   =    -72073.7092  EKtot   =     13932.1367  EPtot      =    -86005.8459
 BOND   =       572.3230  ANGLE   =      1577.0169  DIHED      =      1062.0598
 UB     =         0.0000  IMP     =         0.0000  CMAP       =       151.4777
 1-4 NB =       669.6814  1-4 EEL =     10105.2229  VDWAALS    =      9666.0891
 EELEC  =   -109809.7168  EHBOND  =         0.0000  RESTRAINT  =         0.0000
 ------------------------------------------------------------------------------

wrapping first mol.:       22.03942       31.16845       53.98534
wrapping first mol.:       22.03942       31.16845       53.98534
wrapping first mol.:       22.03942       31.16845       53.98534
wrapping first mol.:       22.03942       31.16845       53.98534
wrapping first mol.:       22.03942       31.16845       53.98534
wrapping first mol.:       22.03942       31.16845       53.98534
wrapping first mol.:       22.03942       31.16845       53.98534
wrapping first mol.:       22.03942       31.16845       53.98534
wrapping first mol.:       22.03942       31.16845       53.98534
wrapping first mol.:       22.03942       31.16845       53.98534
wrapping first mol.:       22.03942       31.16845       53.98534

 NSTEP =  1850000   TIME(PS) =    3700.000  TEMP(K) =   299.65  PRESS =     0.0
 Etot   =    -72370.0284  EKtot   =     13949.0762  EPtot      =    -86319.1046
 BOND   =       536.0004  ANGLE   =      1611.3725  DIHED      =      1019.4451
 UB     =         0.0000  IMP     =         0.0000  CMAP       =       135.9714
 1-4 NB =       646.7129  1-4 EEL =     10078.5677  VDWAALS    =      9607.0797
 EELEC  =   -109954.2543  EHBOND  =         0.0000  RESTRAINT  =         0.0000
 ------------------------------------------------------------------------------

wrapping first mol.:       22.03942       31.16845       53.98534
wrapping first mol.:       22.03942       31.16845       53.98534
wrapping first mol.:       22.03942       31.16845       53.98534
wrapping first mol.:       22.03942       31.16845       53.98534
wrapping first mol.:       22.03942       31.16845       53.98534
wrapping first mol.:       22.03942       31.16845       53.98534
wrapping first mol.:       22.03942       31.16845       53.98534
wrapping first mol.:       22.03942       31.16845       53.98534
wrapping first mol.:       22.03942       31.16845       53.98534
wrapping first mol.:       22.03942       31.16845       53.98534
wrapping first mol.:       22.03942       31.16845       53.98534

 NSTEP =  1900000   TIME(PS) =    3800.000  TEMP(K) =   296.59  PRESS =     0.0
 Etot   =    -72589.0186  EKtot   =     13806.8086  EPtot      =    -86395.8271
 BOND   =       590.0781  ANGLE   =      1532.3728  DIHED      =      1023.0355
 UB     =         0.0000  IMP     =         0.0000  CMAP       =       137.3158
 1-4 NB =       659.7199  1-4 EEL =     10080.9657  VDWAALS    =      9675.7422
 EELEC  =   -110095.0573  EHBOND  =         0.0000  RESTRAINT  =         0.0000
 ------------------------------------------------------------------------------

wrapping first mol.:       22.03942       31.16845       53.98534
wrapping first mol.:       22.03942       31.16845       53.98534
wrapping first mol.:       22.03942       31.16845       53.98534
wrapping first mol.:       22.03942       31.16845       53.98534
wrapping first mol.:       22.03942       31.16845       53.98534
wrapping first mol.:       22.03942       31.16845       53.98534
wrapping first mol.:       22.03942       31.16845       53.98534
wrapping first mol.:       22.03942       31.16845       53.98534
wrapping first mol.:       22.03942       31.16845       53.98534
wrapping first mol.:       22.03942       31.16845       53.98534
wrapping first mol.:       22.03942       31.16845       53.98534

 NSTEP =  1950000   TIME(PS) =    3900.000  TEMP(K) =   296.58  PRESS =     0.0
 Etot   =    -72505.0033  EKtot   =     13806.3555  EPtot      =    -86311.3588
 BOND   =       587.0748  ANGLE   =      1590.0090  DIHED      =      1028.8301
 UB     =         0.0000  IMP     =         0.0000  CMAP       =       134.1999
 1-4 NB =       658.9496  1-4 EEL =     10056.0537  VDWAALS    =      9930.8937
 EELEC  =   -110297.3696  EHBOND  =         0.0000  RESTRAINT  =         0.0000
 ------------------------------------------------------------------------------

wrapping first mol.:       22.03942       31.16845       53.98534
wrapping first mol.:       22.03942       31.16845       53.98534
wrapping first mol.:       22.03942       31.16845       53.98534
wrapping first mol.:       22.03942       31.16845       53.98534
wrapping first mol.:       22.03942       31.16845       53.98534
wrapping first mol.:       22.03942       31.16845       53.98534
wrapping first mol.:       22.03942       31.16845       53.98534
wrapping first mol.:       22.03942       31.16845       53.98534
wrapping first mol.:       22.03942       31.16845       53.98534
wrapping first mol.:       22.03942       31.16845       53.98534
wrapping first mol.:       22.03942       31.16845       53.98534

 NSTEP =  2000000   TIME(PS) =    4000.000  TEMP(K) =   298.84  PRESS =     0.0
 Etot   =    -72190.0567  EKtot   =     13911.3799  EPtot      =    -86101.4366
 BOND   =       545.6756  ANGLE   =      1639.4302  DIHED      =      1006.5795
 UB     =         0.0000  IMP     =         0.0000  CMAP       =       148.6474
 1-4 NB =       652.6451  1-4 EEL =     10038.6358  VDWAALS    =      9695.2909
 EELEC  =   -109828.3413  EHBOND  =         0.0000  RESTRAINT  =         0.0000
 ------------------------------------------------------------------------------

wrapping first mol.:       22.03942       31.16845       53.98534
wrapping first mol.:       22.03942       31.16845       53.98534
wrapping first mol.:       22.03942       31.16845       53.98534
wrapping first mol.:       22.03942       31.16845       53.98534
wrapping first mol.:       22.03942       31.16845       53.98534
wrapping first mol.:       22.03942       31.16845       53.98534
wrapping first mol.:       22.03942       31.16845       53.98534
wrapping first mol.:       22.03942       31.16845       53.98534
wrapping first mol.:       22.03942       31.16845       53.98534
wrapping first mol.:       22.03942       31.16845       53.98534
wrapping first mol.:       22.03942       31.16845       53.98534

 NSTEP =  2050000   TIME(PS) =    4100.000  TEMP(K) =   298.94  PRESS =     0.0
 Etot   =    -72200.2725  EKtot   =     13916.0645  EPtot      =    -86116.3370
 BOND   =       547.7929  ANGLE   =      1621.0556  DIHED      =      1065.7948
 UB     =         0.0000  IMP     =         0.0000  CMAP       =       131.0571
 1-4 NB =       666.1353  1-4 EEL =     10092.5816  VDWAALS    =      9697.5790
 EELEC  =   -109938.3333  EHBOND  =         0.0000  RESTRAINT  =         0.0000
 ------------------------------------------------------------------------------

wrapping first mol.:       22.03942       31.16845       53.98534
wrapping first mol.:       22.03942       31.16845       53.98534
wrapping first mol.:       22.03942       31.16845       53.98534
wrapping first mol.:       22.03942       31.16845       53.98534
wrapping first mol.:       22.03942       31.16845       53.98534
wrapping first mol.:       22.03942       31.16845       53.98534
wrapping first mol.:       22.03942       31.16845       53.98534
wrapping first mol.:       22.03942       31.16845       53.98534
wrapping first mol.:       22.03942       31.16845       53.98534
wrapping first mol.:       22.03942       31.16845       53.98534
wrapping first mol.:       22.03942       31.16845       53.98534

 NSTEP =  2100000   TIME(PS) =    4200.000  TEMP(K) =   298.67  PRESS =     0.0
 Etot   =    -72320.8125  EKtot   =     13903.7217  EPtot      =    -86224.5342
 BOND   =       557.8793  ANGLE   =      1563.9496  DIHED      =      1050.1736
 UB     =         0.0000  IMP     =         0.0000  CMAP       =       145.3568
 1-4 NB =       683.8719  1-4 EEL =     10070.0294  VDWAALS    =      9854.3814
 EELEC  =   -110150.1761  EHBOND  =         0.0000  RESTRAINT  =         0.0000
 ------------------------------------------------------------------------------

wrapping first mol.:       22.03942       31.16845       53.98534
wrapping first mol.:       22.03942       31.16845       53.98534
wrapping first mol.:       22.03942       31.16845       53.98534
wrapping first mol.:       22.03942       31.16845       53.98534
wrapping first mol.:       22.03942       31.16845       53.98534
wrapping first mol.:       22.03942       31.16845       53.98534
wrapping first mol.:       22.03942       31.16845       53.98534
wrapping first mol.:       22.03942       31.16845       53.98534
wrapping first mol.:       22.03942       31.16845       53.98534
wrapping first mol.:       22.03942       31.16845       53.98534
wrapping first mol.:       22.03942       31.16845       53.98534

 NSTEP =  2150000   TIME(PS) =    4300.000  TEMP(K) =   300.73  PRESS =     0.0
 Etot   =    -72214.7138  EKtot   =     13999.7695  EPtot      =    -86214.4833
 BOND   =       550.6195  ANGLE   =      1539.0702  DIHED      =      1066.5356
 UB     =         0.0000  IMP     =         0.0000  CMAP       =       138.1875
 1-4 NB =       682.2989  1-4 EEL =     10137.1348  VDWAALS    =      9626.2332
 EELEC  =   -109954.5630  EHBOND  =         0.0000  RESTRAINT  =         0.0000
 ------------------------------------------------------------------------------

wrapping first mol.:       22.03942       31.16845       53.98534
wrapping first mol.:       22.03942       31.16845       53.98534
wrapping first mol.:       22.03942       31.16845       53.98534
wrapping first mol.:       22.03942       31.16845       53.98534
wrapping first mol.:       22.03942       31.16845       53.98534
wrapping first mol.:       22.03942       31.16845       53.98534
wrapping first mol.:       22.03942       31.16845       53.98534
wrapping first mol.:       22.03942       31.16845       53.98534
wrapping first mol.:       22.03942       31.16845       53.98534
wrapping first mol.:       22.03942       31.16845       53.98534
wrapping first mol.:       22.03942       31.16845       53.98534

 NSTEP =  2200000   TIME(PS) =    4400.000  TEMP(K) =   301.55  PRESS =     0.0
 Etot   =    -71948.7520  EKtot   =     14037.6143  EPtot      =    -85986.3662
 BOND   =       577.9044  ANGLE   =      1640.4870  DIHED      =      1053.3300
 UB     =         0.0000  IMP     =         0.0000  CMAP       =       138.8372
 1-4 NB =       666.1981  1-4 EEL =     10079.4971  VDWAALS    =      9498.9216
 EELEC  =   -109641.5416  EHBOND  =         0.0000  RESTRAINT  =         0.0000
 ------------------------------------------------------------------------------

wrapping first mol.:       22.03942       31.16845       53.98534
wrapping first mol.:       22.03942       31.16845       53.98534
wrapping first mol.:       22.03942       31.16845       53.98534
wrapping first mol.:       22.03942       31.16845       53.98534
wrapping first mol.:       22.03942       31.16845       53.98534
wrapping first mol.:       22.03942       31.16845       53.98534
wrapping first mol.:       22.03942       31.16845       53.98534
wrapping first mol.:       22.03942       31.16845       53.98534
wrapping first mol.:       22.03942       31.16845       53.98534
wrapping first mol.:       22.03942       31.16845       53.98534
wrapping first mol.:       22.03942       31.16845       53.98534

 NSTEP =  2250000   TIME(PS) =    4500.000  TEMP(K) =   300.74  PRESS =     0.0
 Etot   =    -72403.1179  EKtot   =     14000.0957  EPtot      =    -86403.2136
 BOND   =       591.3325  ANGLE   =      1613.6004  DIHED      =      1027.4822
 UB     =         0.0000  IMP     =         0.0000  CMAP       =       139.5789
 1-4 NB =       662.9819  1-4 EEL =     10086.5463  VDWAALS    =      9663.0843
 EELEC  =   -110187.8201  EHBOND  =         0.0000  RESTRAINT  =         0.0000
 ------------------------------------------------------------------------------

wrapping first mol.:       22.03942       31.16845       53.98534
wrapping first mol.:       22.03942       31.16845       53.98534
wrapping first mol.:       22.03942       31.16845       53.98534
wrapping first mol.:       22.03942       31.16845       53.98534
wrapping first mol.:       22.03942       31.16845       53.98534
wrapping first mol.:       22.03942       31.16845       53.98534
wrapping first mol.:       22.03942       31.16845       53.98534
wrapping first mol.:       22.03942       31.16845       53.98534
wrapping first mol.:       22.03942       31.16845       53.98534
wrapping first mol.:       22.03942       31.16845       53.98534
wrapping first mol.:       22.03942       31.16845       53.98534

 NSTEP =  2300000   TIME(PS) =    4600.000  TEMP(K) =   299.11  PRESS =     0.0
 Etot   =    -72315.3841  EKtot   =     13924.2676  EPtot      =    -86239.6517
 BOND   =       592.6088  ANGLE   =      1592.4216  DIHED      =      1046.1534
 UB     =         0.0000  IMP     =         0.0000  CMAP       =       139.7731
 1-4 NB =       665.6046  1-4 EEL =     10079.4542  VDWAALS    =      9412.9433
 EELEC  =   -109768.6107  EHBOND  =         0.0000  RESTRAINT  =         0.0000
 ------------------------------------------------------------------------------

wrapping first mol.:       22.03942       31.16845       53.98534
wrapping first mol.:       22.03942       31.16845       53.98534
wrapping first mol.:       22.03942       31.16845       53.98534
wrapping first mol.:       22.03942       31.16845       53.98534
wrapping first mol.:       22.03942       31.16845       53.98534
wrapping first mol.:       22.03942       31.16845       53.98534
wrapping first mol.:       22.03942       31.16845       53.98534
wrapping first mol.:       22.03942       31.16845       53.98534
wrapping first mol.:       22.03942       31.16845       53.98534
wrapping first mol.:       22.03942       31.16845       53.98534
wrapping first mol.:       22.03942       31.16845       53.98534

 NSTEP =  2350000   TIME(PS) =    4700.000  TEMP(K) =   299.51  PRESS =     0.0
 Etot   =    -72282.4414  EKtot   =     13942.5547  EPtot      =    -86224.9960
 BOND   =       586.4539  ANGLE   =      1618.4422  DIHED      =      1027.0933
 UB     =         0.0000  IMP     =         0.0000  CMAP       =       131.0139
 1-4 NB =       647.0660  1-4 EEL =     10048.2942  VDWAALS    =      9573.6615
 EELEC  =   -109857.0210  EHBOND  =         0.0000  RESTRAINT  =         0.0000
 ------------------------------------------------------------------------------

wrapping first mol.:       22.03942       31.16845       53.98534
wrapping first mol.:       22.03942       31.16845       53.98534
wrapping first mol.:       22.03942       31.16845       53.98534
wrapping first mol.:       22.03942       31.16845       53.98534
wrapping first mol.:       22.03942       31.16845       53.98534
wrapping first mol.:       22.03942       31.16845       53.98534
wrapping first mol.:       22.03942       31.16845       53.98534
wrapping first mol.:       22.03942       31.16845       53.98534
wrapping first mol.:       22.03942       31.16845       53.98534
wrapping first mol.:       22.03942       31.16845       53.98534
wrapping first mol.:       22.03942       31.16845       53.98534

 NSTEP =  2400000   TIME(PS) =    4800.000  TEMP(K) =   296.45  PRESS =     0.0
 Etot   =    -72539.4903  EKtot   =     13800.1230  EPtot      =    -86339.6133
 BOND   =       557.1622  ANGLE   =      1531.2946  DIHED      =      1036.5202
 UB     =         0.0000  IMP     =         0.0000  CMAP       =       134.7589
 1-4 NB =       658.4343  1-4 EEL =     10078.2867  VDWAALS    =      9763.0735
 EELEC  =   -110099.1439  EHBOND  =         0.0000  RESTRAINT  =         0.0000
 ------------------------------------------------------------------------------

wrapping first mol.:       22.03942       31.16845       53.98534
wrapping first mol.:       22.03942       31.16845       53.98534
wrapping first mol.:       22.03942       31.16845       53.98534
wrapping first mol.:       22.03942       31.16845       53.98534
wrapping first mol.:       22.03942       31.16845       53.98534
wrapping first mol.:       22.03942       31.16845       53.98534
wrapping first mol.:       22.03942       31.16845       53.98534
wrapping first mol.:       22.03942       31.16845       53.98534
wrapping first mol.:       22.03942       31.16845       53.98534
wrapping first mol.:       22.03942       31.16845       53.98534
wrapping first mol.:       22.03942       31.16845       53.98534

 NSTEP =  2450000   TIME(PS) =    4900.000  TEMP(K) =   300.93  PRESS =     0.0
 Etot   =    -72250.8961  EKtot   =     14008.6885  EPtot      =    -86259.5846
 BOND   =       606.8399  ANGLE   =      1603.0886  DIHED      =      1049.9050
 UB     =         0.0000  IMP     =         0.0000  CMAP       =       137.2895
 1-4 NB =       651.9204  1-4 EEL =     10034.8292  VDWAALS    =      9638.0946
 EELEC  =   -109981.5519  EHBOND  =         0.0000  RESTRAINT  =         0.0000
 ------------------------------------------------------------------------------

wrapping first mol.:       22.03942       31.16845       53.98534
wrapping first mol.:       22.03942       31.16845       53.98534
wrapping first mol.:       22.03942       31.16845       53.98534
wrapping first mol.:       22.03942       31.16845       53.98534
wrapping first mol.:       22.03942       31.16845       53.98534
wrapping first mol.:       22.03942       31.16845       53.98534
wrapping first mol.:       22.03942       31.16845       53.98534
wrapping first mol.:       22.03942       31.16845       53.98534
wrapping first mol.:       22.03942       31.16845       53.98534
wrapping first mol.:       22.03942       31.16845       53.98534
wrapping first mol.:       22.03942       31.16845       53.98534

 NSTEP =  2500000   TIME(PS) =    5000.000  TEMP(K) =   300.53  PRESS =     0.0
 Etot   =    -72221.7747  EKtot   =     13990.2080  EPtot      =    -86211.9827
 BOND   =       549.8871  ANGLE   =      1520.3350  DIHED      =      1044.8462
 UB     =         0.0000  IMP     =         0.0000  CMAP       =       134.0923
 1-4 NB =       676.8093  1-4 EEL =     10124.7304  VDWAALS    =      9464.1129
 EELEC  =   -109726.7959  EHBOND  =         0.0000  RESTRAINT  =         0.0000
 ------------------------------------------------------------------------------


      A V E R A G E S   O V E R      50 S T E P S


 NSTEP =  2500000   TIME(PS) =    5000.000  TEMP(K) =   299.62  PRESS =     0.0
 Etot   =    -72314.4978  EKtot   =     13947.7108  EPtot      =    -86262.2086
 BOND   =       568.1794  ANGLE   =      1587.5008  DIHED      =      1035.5490
 UB     =         0.0000  IMP     =         0.0000  CMAP       =       135.8978
 1-4 NB =       665.7810  1-4 EEL =     10104.4447  VDWAALS    =      9686.0328
 EELEC  =   -110045.5941  EHBOND  =         0.0000  RESTRAINT  =         0.0000
 ------------------------------------------------------------------------------


      R M S  F L U C T U A T I O N S


 NSTEP =  2500000   TIME(PS) =    5000.000  TEMP(K) =     1.83  PRESS =     0.0
 Etot   =       146.0370  EKtot   =        85.0561  EPtot      =       128.8409
 BOND   =        20.2018  ANGLE   =        34.5132  DIHED      =        15.9001
 UB     =         0.0000  IMP     =         0.0000  CMAP       =         6.4964
 1-4 NB =        12.0378  1-4 EEL =        38.0956  VDWAALS    =       145.2134
 EELEC  =       205.4768  EHBOND  =         0.0000  RESTRAINT  =         0.0000
 ------------------------------------------------------------------------------

--------------------------------------------------------------------------------
   5.  TIMINGS
--------------------------------------------------------------------------------

|  NonSetup CPU Time in Major Routines:
|
|     Routine           Sec        %
|     ------------------------------
|     Nonbond         590.10   11.78
|     Bond              0.00    0.00
|     Angle             0.00    0.00
|     Dihedral          0.00    0.00
|     Shake            20.75    0.41
|     RunMD          4393.26   87.73
|     Other             3.56    0.07
|     ------------------------------
|     Total          5007.67

|  PME Nonbond Pairlist CPU Time:
|
|     Routine              Sec        %
|     ---------------------------------
|     Set Up Cit           0.00    0.00
|     Build List           0.00    0.00
|     ---------------------------------
|     Total                0.00    0.00

|  PME Direct Force CPU Time:
|
|     Routine              Sec        %
|     ---------------------------------
|     NonBonded Calc       0.00    0.00
|     Exclude Masked       0.00    0.00
|     Other                1.90    0.04
|     ---------------------------------
|     Total                1.90    0.04

|  PME Reciprocal Force CPU Time:
|
|     Routine              Sec        %
|     ---------------------------------
|     1D bspline           0.00    0.00
|     Grid Charges         0.00    0.00
|     Scalar Sum           0.00    0.00
|     Gradient Sum         0.00    0.00
|     FFT                  0.00    0.00
|     ---------------------------------
|     Total                0.00    0.00

|  Final Performance Info:
|     -----------------------------------------------------
|     Average timings for last       1 steps:
|     Elapsed(s) =       0.00 Per Step(ms) =       0.16
|         ns/day =    1059.56   seconds/ns =      81.54
|
|     Average timings for all steps:
|     Elapsed(s) =    5017.25 Per Step(ms) =       2.01
|         ns/day =      86.10   seconds/ns =    1003.45
|     -----------------------------------------------------

|  Setup CPU time:            0.55 seconds
|  NonSetup CPU time:      5007.67 seconds
|  Total CPU time:         5008.22 seconds     1.39 hours

|  Setup wall time:           1    seconds
|  NonSetup wall time:     5017    seconds
|  Total wall time:        5018    seconds     1.39 hours
