
          -------------------------------------------------------
          Amber 18 PMEMD                              2018
          -------------------------------------------------------

| PMEMD implementation of SANDER, Release 18

| Run on 09/20/2020 at 15:07:54

|   Executable path: pmemd.cuda
| Working directory: /home/almacen/pbarletta/dynein/run/lfm7/1_pdt
|          Hostname: Unknown
  [-O]verwriting output

File Assignments:
|   MDIN: pre_pdt.in                                                            
|  MDOUT: 0pdt.out                                                              
| INPCRD: 1_lfm7.rst7                                                           
|   PARM: /home/almacen/pbarletta/dynein/top_files/lfm7.prmtop                  
| RESTRT: 0p1_lfm7.rst7                                                         
|   REFC: refc                                                                  
|  MDVEL: mdvel                                                                 
|   MDEN: mden                                                                  
|  MDCRD: 0p1_lfm7.nc                                                           
| MDINFO: mdinfo                                                                
|  MDFRC: mdfrc                                                                 


 Here is the input file:

Production run                                                                 
&cntrl                                                                         
imin = 0,                           ! No Minimization                          
nmropt = 0,                         ! No NMR restraints read                   
                                                                               
! Nature and format of the input                                               
ntx = 5,                            ! Coordinates and velocities will be read  
irest = 1,                          ! Do not run a new simulation              
                                                                               
! Nature and format of the output                                              
ntxo = 1,                           ! rstrt file in ASCII format               
ntpr = 50000,                       ! inf in output every ntpr steps           
ntwr = 50000,                       ! rstrt file every ntwr steps              
ntwx = 5000,                        ! mdcrd file every ntwx steps              
ntwv = 0,                           ! mdvel without velocities                 
ntwe = 0,                           ! Energies and temperatures not written in 
idecomp = 0,                        ! No energy decomposition                  
iwrap = 1,                          ! Coordinates of the restart and mdcrd file
                                                                               
! Frozen or restrained atoms                                                   
ibelly = 0,                         ! No frozen atoms                          
ntr=0,                              ! Harmonic potential restraints            
                                                                               
! Molecular dynamics                                                           
nstlim = 2500000,                   ! Number of MD-steps                       
dt = 0.002,                         ! Time step                                
                                                                               
! Temperature regulation                                                       
ntt = 3,                            ! Langevin thermostat                      
gamma_ln = 2,                       ! Gamma constant for Langevin              
temp0 = 300.0,                      ! Reference T at which the system is to be 
tempi = 300.0,                      ! Initial T                                
ig = -1,                            ! Seed for the RNG                         
                                                                               
! P and V regulation                                                           
!barostat = 1,                      ! Berendsen barostat                       
!taup = 1,                          ! Pressure relaxation time                 
ntp = 0,                            ! constant V                               
ntb = 1,                            ! Periodic box for constant V              
                                                                               
! SHAKE variables                                                              
ntc = 2,                            ! Bonds involving H are constrained        
ntf = 2,                            ! Bond interaction involving H are ommited.
                                                                               
cut = 9.0,                          ! Nonbonded cutoff                         
/                                                                              
&end                                                                           


Note: ig = -1. Setting random seed to   145587 based on wallclock time in 
      microseconds.
| irandom = 1, using AMBER's internal random number generator (default).
 
|--------------------- INFORMATION ----------------------
| GPU (CUDA) Version of PMEMD in use: NVIDIA GPU IN USE.
|                    Version 18.0.0
| 
|                      03/25/2018
| 
| Implementation by:
|                    Ross C. Walker     (SDSC)
|                    Scott Le Grand     (nVIDIA)
| 
| Version 18 performance extensions by:
|                    David Cerutti     (Rutgers)
| 
| Precision model in use:
|      [SPFP] - Single Precision Forces, 64-bit Fixed Point
|               Accumulation. (Default)
| 
|--------------------------------------------------------
 
|----------------- CITATION INFORMATION -----------------
|
|    When publishing work that utilized the CUDA version
|    of AMBER, please cite the following in addition to
|    the regular AMBER citations:
|
|  - Romelia Salomon-Ferrer; Andreas W. Goetz; Duncan
|    Poole; Scott Le Grand; Ross C. Walker "Routine
|    microsecond molecular dynamics simulations with
|    AMBER - Part II: Particle Mesh Ewald", J. Chem.
|    Theory Comput., 2013, 9 (9), pp3878-3888,
|    DOI: 10.1021/ct400314y.
|
|  - Andreas W. Goetz; Mark J. Williamson; Dong Xu;
|    Duncan Poole; Scott Le Grand; Ross C. Walker
|    "Routine microsecond molecular dynamics simulations
|    with AMBER - Part I: Generalized Born", J. Chem.
|    Theory Comput., 2012, 8 (5), pp1542-1555.
|
|  - Scott Le Grand; Andreas W. Goetz; Ross C. Walker
|    "SPFP: Speed without compromise - a mixed precision
|    model for GPU accelerated molecular dynamics
|    simulations.", Comp. Phys. Comm., 2013, 184
|    pp374-380, DOI: 10.1016/j.cpc.2012.09.022
|
|--------------------------------------------------------
 
|------------------- GPU DEVICE INFO --------------------
|
|            CUDA_VISIBLE_DEVICES: 0
|   CUDA Capable Devices Detected:      1
|           CUDA Device ID in use:      0
|                CUDA Device Name: GeForce GTX 1080 Ti
|     CUDA Device Global Mem Size:  11178 MB
| CUDA Device Num Multiprocessors:     28
|           CUDA Device Core Freq:   1.72 GHz
|
|--------------------------------------------------------
 
 
| Conditional Compilation Defines Used:
| PUBFFT
| BINTRAJ
| CUDA
| EMIL

| Largest sphere to fit in unit cell has radius =    26.710

| New format PARM file being parsed.
| Version =    1.000 Date = 08/10/20 Time = 22:33:45

| Note: 1-4 EEL scale factors are being read from the topology file.

| Note: 1-4 VDW scale factors are being read from the topology file.
| Duplicated    0 dihedrals

| Duplicated    0 dihedrals

--------------------------------------------------------------------------------
   1.  RESOURCE   USE: 
--------------------------------------------------------------------------------

 getting new box info from bottom of inpcrd
 NATOM  =   28320 NTYPES =      18 NBONH =   20536 MBONA  =    7816
 NTHETH =    3106 MTHETA =    1920 NPHIH =    6248 MPHIA  =    6024
 NHPARM =       0 NPARM  =       0 NNB   =   59928 NRES   =    6560
 NBONA  =    7816 NTHETA =    1920 NPHIA =    6024 NUMBND =      72
 NUMANG =     163 NPTRA  =     189 NATYP =      37 NPHB   =       1
 IFBOX  =       2 NMXRS  =      24 IFCAP =       0 NEXTRA =    6390
 NCOPY  =       0


| Coordinate Index Table dimensions:    11   11   11
| Direct force subcell size =     5.9478    5.9478    5.9478

     BOX TYPE: TRUNCATED OCTAHEDRON

--------------------------------------------------------------------------------
   2.  CONTROL  DATA  FOR  THE  RUN
--------------------------------------------------------------------------------

default_name                                                                    

General flags:
     imin    =       0, nmropt  =       0

Nature and format of input:
     ntx     =       5, irest   =       1, ntrx    =       1

Nature and format of output:
     ntxo    =       1, ntpr    =   50000, ntrx    =       1, ntwr    =   50000
     iwrap   =       1, ntwx    =    5000, ntwv    =       0, ntwe    =       0
     ioutfm  =       1, ntwprt  =       0, idecomp =       0, rbornstat=      0

Potential function:
     ntf     =       2, ntb     =       1, igb     =       0, nsnb    =      25
     ipol    =       0, gbsa    =       0, iesp    =       0
     dielc   =   1.00000, cut     =   9.00000, intdiel =   1.00000

Frozen or restrained atoms:
     ibelly  =       0, ntr     =       0

Molecular dynamics:
     nstlim  =   2500000, nscm    =      1000, nrespa  =         1
     t       =   0.00000, dt      =   0.00200, vlimit  =  -1.00000

Langevin dynamics temperature regulation:
     ig      =  145587
     temp0   = 300.00000, tempi   = 300.00000, gamma_ln=   2.00000

SHAKE:
     ntc     =       2, jfastw  =       0
     tol     =   0.00001

| Intermolecular bonds treatment:
|     no_intermolecular_bonds =       1

| Energy averages sample interval:
|     ene_avg_sampling =   50000

Extra-points options:
     frameon =       1, chngmask=       1

Ewald parameters:
     verbose =       0, ew_type =       0, nbflag  =       1, use_pme =       1
     vdwmeth =       1, eedmeth =       1, netfrc  =       1
     Box X =   65.426   Box Y =   65.426   Box Z =   65.426
     Alpha =  109.471   Beta  =  109.471   Gamma =  109.471
     NFFT1 =   64       NFFT2 =   64       NFFT3 =   64
     Cutoff=    9.000   Tol   =0.100E-04
     Ewald Coefficient =  0.30768
     Interpolation order =    4
|      EXTRA_PTS, trim_bonds: num bonds BEFORE trim = 20536     0
|      EXTRA_PTS, trim_bonds: num bonds AFTER  trim = 20536     0
|      EXTRA_PTS, trim_bonds: num bonds BEFORE trim =  7816     0
|      EXTRA_PTS, trim_bonds: num bonds AFTER  trim =  1426     0
|      EXTRA_PTS, trim_theta: num angle BEFORE trim =  3106     0
|      EXTRA_PTS, trim_theta: num angle AFTER  trim =  3106     0
|      EXTRA_PTS, trim_theta: num angle BEFORE trim =  1920     0
|      EXTRA_PTS, trim_theta: num angle AFTER  trim =  1920     0
|      EXTRA_PTS, trim_phi:  num diheds BEFORE trim =  6248     0
|      EXTRA_PTS, trim_phi:  num diheds AFTER  trim =  6248     0
|      EXTRA_PTS, trim_phi:  num diheds BEFORE trim =  6024     0
|      EXTRA_PTS, trim_phi:  num diheds AFTER  trim =  6024     0

--------------------------------------------------------------------------------
   3.  ATOMIC COORDINATES AND VELOCITIES
--------------------------------------------------------------------------------

Cpptraj Generated Restart                                                       
 begin time read from input coords =     0.000 ps

 
 Number of triangulated 3-point waters found:     6390

     Sum of charges from parm topology file =   0.00003493
     Forcing neutrality...

| Dynamic Memory, Types Used:
| Reals              915015
| Integers          2006074

| Nonbonded Pairs Initial Allocation:     6456960

| GPU memory information (estimate):
| KB of GPU memory in use:         0
| KB of CPU memory in use:         0

--------------------------------------------------------------------------------
   4.  RESULTS
--------------------------------------------------------------------------------


 NSTEP =    50000   TIME(PS) =     100.000  TEMP(K) =   298.37  PRESS =     0.0
 Etot   =    -70506.2750  EKtot   =     13415.8242  EPtot      =    -83922.0992
 BOND   =       509.8023  ANGLE   =      1405.8591  DIHED      =       916.7494
 UB     =         0.0000  IMP     =         0.0000  CMAP       =       139.5799
 1-4 NB =       621.8912  1-4 EEL =      8609.4348  VDWAALS    =      9391.1714
 EELEC  =   -105516.5873  EHBOND  =         0.0000  RESTRAINT  =         0.0000
 ------------------------------------------------------------------------------


 NSTEP =   100000   TIME(PS) =     200.000  TEMP(K) =   300.87  PRESS =     0.0
 Etot   =    -70472.2830  EKtot   =     13528.3271  EPtot      =    -84000.6101
 BOND   =       508.1108  ANGLE   =      1373.7844  DIHED      =       907.1870
 UB     =         0.0000  IMP     =         0.0000  CMAP       =       134.8596
 1-4 NB =       621.7739  1-4 EEL =      8645.5939  VDWAALS    =      9716.0378
 EELEC  =   -105907.9577  EHBOND  =         0.0000  RESTRAINT  =         0.0000
 ------------------------------------------------------------------------------


 NSTEP =   150000   TIME(PS) =     300.000  TEMP(K) =   302.26  PRESS =     0.0
 Etot   =    -70073.8951  EKtot   =     13591.0928  EPtot      =    -83664.9879
 BOND   =       558.2398  ANGLE   =      1439.9554  DIHED      =       888.7047
 UB     =         0.0000  IMP     =         0.0000  CMAP       =       138.9510
 1-4 NB =       625.8495  1-4 EEL =      8601.9201  VDWAALS    =      9611.0925
 EELEC  =   -105529.7009  EHBOND  =         0.0000  RESTRAINT  =         0.0000
 ------------------------------------------------------------------------------


 NSTEP =   200000   TIME(PS) =     400.000  TEMP(K) =   298.11  PRESS =     0.0
 Etot   =    -70454.9822  EKtot   =     13404.4307  EPtot      =    -83859.4129
 BOND   =       506.5491  ANGLE   =      1468.3302  DIHED      =       898.0992
 UB     =         0.0000  IMP     =         0.0000  CMAP       =       143.7316
 1-4 NB =       628.1799  1-4 EEL =      8576.7082  VDWAALS    =      9468.9912
 EELEC  =   -105550.0022  EHBOND  =         0.0000  RESTRAINT  =         0.0000
 ------------------------------------------------------------------------------


 NSTEP =   250000   TIME(PS) =     500.000  TEMP(K) =   302.78  PRESS =     0.0
 Etot   =    -70258.4228  EKtot   =     13614.1250  EPtot      =    -83872.5478
 BOND   =       535.3971  ANGLE   =      1424.3670  DIHED      =       900.9203
 UB     =         0.0000  IMP     =         0.0000  CMAP       =       142.1755
 1-4 NB =       616.3111  1-4 EEL =      8626.6638  VDWAALS    =      9756.2592
 EELEC  =   -105874.6417  EHBOND  =         0.0000  RESTRAINT  =         0.0000
 ------------------------------------------------------------------------------


 NSTEP =   300000   TIME(PS) =     600.000  TEMP(K) =   297.70  PRESS =     0.0
 Etot   =    -70014.0590  EKtot   =     13385.8965  EPtot      =    -83399.9555
 BOND   =       568.3079  ANGLE   =      1423.2331  DIHED      =       940.4909
 UB     =         0.0000  IMP     =         0.0000  CMAP       =       139.0899
 1-4 NB =       628.3932  1-4 EEL =      8651.8116  VDWAALS    =      9468.6573
 EELEC  =   -105219.9394  EHBOND  =         0.0000  RESTRAINT  =         0.0000
 ------------------------------------------------------------------------------


 NSTEP =   350000   TIME(PS) =     700.000  TEMP(K) =   298.76  PRESS =     0.0
 Etot   =    -70377.2661  EKtot   =     13433.4688  EPtot      =    -83810.7349
 BOND   =       539.4000  ANGLE   =      1404.8426  DIHED      =       918.0528
 UB     =         0.0000  IMP     =         0.0000  CMAP       =       135.2982
 1-4 NB =       621.2421  1-4 EEL =      8619.9934  VDWAALS    =      9355.0079
 EELEC  =   -105404.5719  EHBOND  =         0.0000  RESTRAINT  =         0.0000
 ------------------------------------------------------------------------------


 NSTEP =   400000   TIME(PS) =     800.000  TEMP(K) =   297.44  PRESS =     0.0
 Etot   =    -70613.8274  EKtot   =     13373.9248  EPtot      =    -83987.7522
 BOND   =       519.4189  ANGLE   =      1391.9436  DIHED      =       929.2378
 UB     =         0.0000  IMP     =         0.0000  CMAP       =       130.9035
 1-4 NB =       618.9700  1-4 EEL =      8585.4437  VDWAALS    =      9584.4408
 EELEC  =   -105748.1105  EHBOND  =         0.0000  RESTRAINT  =         0.0000
 ------------------------------------------------------------------------------


 NSTEP =   450000   TIME(PS) =     900.000  TEMP(K) =   302.77  PRESS =     0.0
 Etot   =    -70002.7302  EKtot   =     13613.7979  EPtot      =    -83616.5281
 BOND   =       534.8184  ANGLE   =      1423.7950  DIHED      =       884.1708
 UB     =         0.0000  IMP     =         0.0000  CMAP       =       142.0467
 1-4 NB =       604.6406  1-4 EEL =      8599.3204  VDWAALS    =      9484.8732
 EELEC  =   -105290.1932  EHBOND  =         0.0000  RESTRAINT  =         0.0000
 ------------------------------------------------------------------------------


 NSTEP =   500000   TIME(PS) =    1000.000  TEMP(K) =   300.70  PRESS =     0.0
 Etot   =    -70149.7370  EKtot   =     13520.8359  EPtot      =    -83670.5729
 BOND   =       487.5076  ANGLE   =      1413.4943  DIHED      =       940.2328
 UB     =         0.0000  IMP     =         0.0000  CMAP       =       122.1580
 1-4 NB =       650.2389  1-4 EEL =      8624.1557  VDWAALS    =      9513.8391
 EELEC  =   -105422.1993  EHBOND  =         0.0000  RESTRAINT  =         0.0000
 ------------------------------------------------------------------------------


 NSTEP =   550000   TIME(PS) =    1100.000  TEMP(K) =   298.13  PRESS =     0.0
 Etot   =    -70298.7928  EKtot   =     13405.3281  EPtot      =    -83704.1209
 BOND   =       543.9591  ANGLE   =      1449.1022  DIHED      =       902.2335
 UB     =         0.0000  IMP     =         0.0000  CMAP       =       134.9212
 1-4 NB =       617.7574  1-4 EEL =      8623.9327  VDWAALS    =      9455.4620
 EELEC  =   -105431.4890  EHBOND  =         0.0000  RESTRAINT  =         0.0000
 ------------------------------------------------------------------------------


 NSTEP =   600000   TIME(PS) =    1200.000  TEMP(K) =   297.36  PRESS =     0.0
 Etot   =    -70385.6466  EKtot   =     13370.5400  EPtot      =    -83756.1866
 BOND   =       517.1502  ANGLE   =      1416.9962  DIHED      =       926.7639
 UB     =         0.0000  IMP     =         0.0000  CMAP       =       139.8375
 1-4 NB =       654.7654  1-4 EEL =      8646.6025  VDWAALS    =      9592.0343
 EELEC  =   -105650.3367  EHBOND  =         0.0000  RESTRAINT  =         0.0000
 ------------------------------------------------------------------------------


 NSTEP =   650000   TIME(PS) =    1300.000  TEMP(K) =   297.72  PRESS =     0.0
 Etot   =    -70367.9570  EKtot   =     13386.8408  EPtot      =    -83754.7978
 BOND   =       543.5828  ANGLE   =      1394.6806  DIHED      =       937.9916
 UB     =         0.0000  IMP     =         0.0000  CMAP       =       144.5711
 1-4 NB =       619.5649  1-4 EEL =      8630.8103  VDWAALS    =      9354.0215
 EELEC  =   -105380.0207  EHBOND  =         0.0000  RESTRAINT  =         0.0000
 ------------------------------------------------------------------------------


 NSTEP =   700000   TIME(PS) =    1400.000  TEMP(K) =   300.26  PRESS =     0.0
 Etot   =    -70355.7667  EKtot   =     13501.1611  EPtot      =    -83856.9278
 BOND   =       528.1261  ANGLE   =      1429.1249  DIHED      =       922.0653
 UB     =         0.0000  IMP     =         0.0000  CMAP       =       146.3534
 1-4 NB =       614.1749  1-4 EEL =      8596.4050  VDWAALS    =      9635.0569
 EELEC  =   -105728.2343  EHBOND  =         0.0000  RESTRAINT  =         0.0000
 ------------------------------------------------------------------------------


 NSTEP =   750000   TIME(PS) =    1500.000  TEMP(K) =   302.34  PRESS =     0.0
 Etot   =    -70034.4815  EKtot   =     13594.4727  EPtot      =    -83628.9542
 BOND   =       541.4639  ANGLE   =      1400.1425  DIHED      =       925.4915
 UB     =         0.0000  IMP     =         0.0000  CMAP       =       136.8967
 1-4 NB =       624.8156  1-4 EEL =      8554.1966  VDWAALS    =      9475.4634
 EELEC  =   -105287.4244  EHBOND  =         0.0000  RESTRAINT  =         0.0000
 ------------------------------------------------------------------------------


 NSTEP =   800000   TIME(PS) =    1600.000  TEMP(K) =   299.61  PRESS =     0.0
 Etot   =    -70345.0729  EKtot   =     13471.6855  EPtot      =    -83816.7584
 BOND   =       507.3001  ANGLE   =      1449.0595  DIHED      =       931.7021
 UB     =         0.0000  IMP     =         0.0000  CMAP       =       130.0150
 1-4 NB =       628.8160  1-4 EEL =      8633.6228  VDWAALS    =      9465.3284
 EELEC  =   -105562.6023  EHBOND  =         0.0000  RESTRAINT  =         0.0000
 ------------------------------------------------------------------------------


 NSTEP =   850000   TIME(PS) =    1700.000  TEMP(K) =   299.06  PRESS =     0.0
 Etot   =    -70186.7238  EKtot   =     13446.9688  EPtot      =    -83633.6925
 BOND   =       514.4450  ANGLE   =      1496.3451  DIHED      =       915.8798
 UB     =         0.0000  IMP     =         0.0000  CMAP       =       146.7369
 1-4 NB =       646.2383  1-4 EEL =      8647.0954  VDWAALS    =      9526.3389
 EELEC  =   -105526.7719  EHBOND  =         0.0000  RESTRAINT  =         0.0000
 ------------------------------------------------------------------------------


 NSTEP =   900000   TIME(PS) =    1800.000  TEMP(K) =   300.74  PRESS =     0.0
 Etot   =    -70381.7414  EKtot   =     13522.6270  EPtot      =    -83904.3684
 BOND   =       546.2190  ANGLE   =      1402.1173  DIHED      =       912.3028
 UB     =         0.0000  IMP     =         0.0000  CMAP       =       145.9558
 1-4 NB =       625.8580  1-4 EEL =      8573.7520  VDWAALS    =      9582.4033
 EELEC  =   -105692.9766  EHBOND  =         0.0000  RESTRAINT  =         0.0000
 ------------------------------------------------------------------------------


 NSTEP =   950000   TIME(PS) =    1900.000  TEMP(K) =   299.62  PRESS =     0.0
 Etot   =    -70376.5596  EKtot   =     13472.0664  EPtot      =    -83848.6260
 BOND   =       512.7802  ANGLE   =      1443.7302  DIHED      =       928.2071
 UB     =         0.0000  IMP     =         0.0000  CMAP       =       149.8680
 1-4 NB =       617.7676  1-4 EEL =      8571.8603  VDWAALS    =      9578.6196
 EELEC  =   -105651.4590  EHBOND  =         0.0000  RESTRAINT  =         0.0000
 ------------------------------------------------------------------------------


 NSTEP =  1000000   TIME(PS) =    2000.000  TEMP(K) =   303.04  PRESS =     0.0
 Etot   =    -70046.4733  EKtot   =     13625.9189  EPtot      =    -83672.3923
 BOND   =       494.8127  ANGLE   =      1417.5153  DIHED      =       917.3600
 UB     =         0.0000  IMP     =         0.0000  CMAP       =       159.7460
 1-4 NB =       640.7643  1-4 EEL =      8634.2636  VDWAALS    =      9464.1533
 EELEC  =   -105401.0075  EHBOND  =         0.0000  RESTRAINT  =         0.0000
 ------------------------------------------------------------------------------


 NSTEP =  1050000   TIME(PS) =    2100.000  TEMP(K) =   299.66  PRESS =     0.0
 Etot   =    -70384.1791  EKtot   =     13474.0195  EPtot      =    -83858.1986
 BOND   =       520.9616  ANGLE   =      1454.4778  DIHED      =       916.4392
 UB     =         0.0000  IMP     =         0.0000  CMAP       =       137.8540
 1-4 NB =       632.2630  1-4 EEL =      8582.6210  VDWAALS    =      9569.3719
 EELEC  =   -105672.1872  EHBOND  =         0.0000  RESTRAINT  =         0.0000
 ------------------------------------------------------------------------------


 NSTEP =  1100000   TIME(PS) =    2200.000  TEMP(K) =   299.85  PRESS =     0.0
 Etot   =    -70290.6300  EKtot   =     13482.3613  EPtot      =    -83772.9913
 BOND   =       534.4509  ANGLE   =      1399.8693  DIHED      =       926.7594
 UB     =         0.0000  IMP     =         0.0000  CMAP       =       143.3468
 1-4 NB =       618.9506  1-4 EEL =      8623.2074  VDWAALS    =      9580.1157
 EELEC  =   -105599.6914  EHBOND  =         0.0000  RESTRAINT  =         0.0000
 ------------------------------------------------------------------------------


 NSTEP =  1150000   TIME(PS) =    2300.000  TEMP(K) =   302.68  PRESS =     0.0
 Etot   =    -70338.4048  EKtot   =     13609.7354  EPtot      =    -83948.1402
 BOND   =       553.4606  ANGLE   =      1420.4943  DIHED      =       900.9375
 UB     =         0.0000  IMP     =         0.0000  CMAP       =       140.3203
 1-4 NB =       633.2733  1-4 EEL =      8665.5556  VDWAALS    =      9658.2498
 EELEC  =   -105920.4316  EHBOND  =         0.0000  RESTRAINT  =         0.0000
 ------------------------------------------------------------------------------


 NSTEP =  1200000   TIME(PS) =    2400.000  TEMP(K) =   302.66  PRESS =     0.0
 Etot   =    -70156.0185  EKtot   =     13608.6660  EPtot      =    -83764.6845
 BOND   =       492.9061  ANGLE   =      1413.0326  DIHED      =       878.5626
 UB     =         0.0000  IMP     =         0.0000  CMAP       =       140.2683
 1-4 NB =       635.4046  1-4 EEL =      8658.8664  VDWAALS    =      9366.3154
 EELEC  =   -105350.0404  EHBOND  =         0.0000  RESTRAINT  =         0.0000
 ------------------------------------------------------------------------------


 NSTEP =  1250000   TIME(PS) =    2500.000  TEMP(K) =   302.83  PRESS =     0.0
 Etot   =    -70210.9376  EKtot   =     13616.4873  EPtot      =    -83827.4249
 BOND   =       520.3327  ANGLE   =      1401.6694  DIHED      =       906.4423
 UB     =         0.0000  IMP     =         0.0000  CMAP       =       134.7291
 1-4 NB =       630.8696  1-4 EEL =      8655.7014  VDWAALS    =      9503.4052
 EELEC  =   -105580.5746  EHBOND  =         0.0000  RESTRAINT  =         0.0000
 ------------------------------------------------------------------------------


 NSTEP =  1300000   TIME(PS) =    2600.000  TEMP(K) =   297.54  PRESS =     0.0
 Etot   =    -70595.4374  EKtot   =     13378.8047  EPtot      =    -83974.2421
 BOND   =       531.2011  ANGLE   =      1429.9622  DIHED      =       908.5572
 UB     =         0.0000  IMP     =         0.0000  CMAP       =       135.1118
 1-4 NB =       630.3615  1-4 EEL =      8628.3992  VDWAALS    =      9563.8611
 EELEC  =   -105801.6962  EHBOND  =         0.0000  RESTRAINT  =         0.0000
 ------------------------------------------------------------------------------


 NSTEP =  1350000   TIME(PS) =    2700.000  TEMP(K) =   300.49  PRESS =     0.0
 Etot   =    -70374.1626  EKtot   =     13511.3389  EPtot      =    -83885.5015
 BOND   =       532.9911  ANGLE   =      1405.5213  DIHED      =       899.6133
 UB     =         0.0000  IMP     =         0.0000  CMAP       =       139.7585
 1-4 NB =       630.1468  1-4 EEL =      8580.7915  VDWAALS    =      9543.4870
 EELEC  =   -105617.8110  EHBOND  =         0.0000  RESTRAINT  =         0.0000
 ------------------------------------------------------------------------------


 NSTEP =  1400000   TIME(PS) =    2800.000  TEMP(K) =   302.46  PRESS =     0.0
 Etot   =    -70224.7045  EKtot   =     13599.6436  EPtot      =    -83824.3481
 BOND   =       521.0274  ANGLE   =      1428.4886  DIHED      =       893.5384
 UB     =         0.0000  IMP     =         0.0000  CMAP       =       130.4254
 1-4 NB =       623.1339  1-4 EEL =      8639.1143  VDWAALS    =      9677.6268
 EELEC  =   -105737.7028  EHBOND  =         0.0000  RESTRAINT  =         0.0000
 ------------------------------------------------------------------------------


 NSTEP =  1450000   TIME(PS) =    2900.000  TEMP(K) =   303.57  PRESS =     0.0
 Etot   =    -69906.5972  EKtot   =     13649.7998  EPtot      =    -83556.3970
 BOND   =       501.3782  ANGLE   =      1465.1621  DIHED      =       927.8380
 UB     =         0.0000  IMP     =         0.0000  CMAP       =       120.0203
 1-4 NB =       626.4358  1-4 EEL =      8651.7514  VDWAALS    =      9461.0706
 EELEC  =   -105310.0533  EHBOND  =         0.0000  RESTRAINT  =         0.0000
 ------------------------------------------------------------------------------


 NSTEP =  1500000   TIME(PS) =    3000.000  TEMP(K) =   302.06  PRESS =     0.0
 Etot   =    -70322.5429  EKtot   =     13581.9697  EPtot      =    -83904.5126
 BOND   =       513.6395  ANGLE   =      1359.2823  DIHED      =       933.0937
 UB     =         0.0000  IMP     =         0.0000  CMAP       =       141.8233
 1-4 NB =       632.4190  1-4 EEL =      8650.8147  VDWAALS    =      9768.6990
 EELEC  =   -105904.2841  EHBOND  =         0.0000  RESTRAINT  =         0.0000
 ------------------------------------------------------------------------------


 NSTEP =  1550000   TIME(PS) =    3100.000  TEMP(K) =   300.18  PRESS =     0.0
 Etot   =    -70152.5052  EKtot   =     13497.3369  EPtot      =    -83649.8421
 BOND   =       502.2347  ANGLE   =      1410.9909  DIHED      =       909.6471
 UB     =         0.0000  IMP     =         0.0000  CMAP       =       145.2020
 1-4 NB =       624.8298  1-4 EEL =      8648.2867  VDWAALS    =      9506.8810
 EELEC  =   -105397.9144  EHBOND  =         0.0000  RESTRAINT  =         0.0000
 ------------------------------------------------------------------------------


 NSTEP =  1600000   TIME(PS) =    3200.000  TEMP(K) =   299.13  PRESS =     0.0
 Etot   =    -70295.0436  EKtot   =     13450.2178  EPtot      =    -83745.2613
 BOND   =       529.6095  ANGLE   =      1488.5358  DIHED      =       889.9166
 UB     =         0.0000  IMP     =         0.0000  CMAP       =       138.5219
 1-4 NB =       634.2212  1-4 EEL =      8637.1310  VDWAALS    =      9644.5132
 EELEC  =   -105707.7107  EHBOND  =         0.0000  RESTRAINT  =         0.0000
 ------------------------------------------------------------------------------


 NSTEP =  1650000   TIME(PS) =    3300.000  TEMP(K) =   301.48  PRESS =     0.0
 Etot   =    -70432.2042  EKtot   =     13555.7617  EPtot      =    -83987.9659
 BOND   =       524.1205  ANGLE   =      1470.1719  DIHED      =       924.6259
 UB     =         0.0000  IMP     =         0.0000  CMAP       =       136.5506
 1-4 NB =       614.9266  1-4 EEL =      8653.0716  VDWAALS    =      9572.9109
 EELEC  =   -105884.3439  EHBOND  =         0.0000  RESTRAINT  =         0.0000
 ------------------------------------------------------------------------------


 NSTEP =  1700000   TIME(PS) =    3400.000  TEMP(K) =   301.15  PRESS =     0.0
 Etot   =    -70188.6448  EKtot   =     13540.7676  EPtot      =    -83729.4124
 BOND   =       530.7821  ANGLE   =      1398.1220  DIHED      =       922.8732
 UB     =         0.0000  IMP     =         0.0000  CMAP       =       138.6733
 1-4 NB =       624.4566  1-4 EEL =      8600.7691  VDWAALS    =      9517.6795
 EELEC  =   -105462.7682  EHBOND  =         0.0000  RESTRAINT  =         0.0000
 ------------------------------------------------------------------------------


 NSTEP =  1750000   TIME(PS) =    3500.000  TEMP(K) =   299.46  PRESS =     0.0
 Etot   =    -70388.9356  EKtot   =     13464.8877  EPtot      =    -83853.8233
 BOND   =       561.4308  ANGLE   =      1424.6171  DIHED      =       918.2358
 UB     =         0.0000  IMP     =         0.0000  CMAP       =       140.0712
 1-4 NB =       619.4890  1-4 EEL =      8650.0690  VDWAALS    =      9441.7108
 EELEC  =   -105609.4469  EHBOND  =         0.0000  RESTRAINT  =         0.0000
 ------------------------------------------------------------------------------


 NSTEP =  1800000   TIME(PS) =    3600.000  TEMP(K) =   300.68  PRESS =     0.0
 Etot   =    -70397.1510  EKtot   =     13519.7324  EPtot      =    -83916.8834
 BOND   =       539.3174  ANGLE   =      1420.4334  DIHED      =       907.7513
 UB     =         0.0000  IMP     =         0.0000  CMAP       =       142.5662
 1-4 NB =       609.4350  1-4 EEL =      8646.6291  VDWAALS    =      9499.5381
 EELEC  =   -105682.5538  EHBOND  =         0.0000  RESTRAINT  =         0.0000
 ------------------------------------------------------------------------------


 NSTEP =  1850000   TIME(PS) =    3700.000  TEMP(K) =   300.25  PRESS =     0.0
 Etot   =    -70416.2701  EKtot   =     13500.4004  EPtot      =    -83916.6705
 BOND   =       571.0678  ANGLE   =      1380.6521  DIHED      =       878.8566
 UB     =         0.0000  IMP     =         0.0000  CMAP       =       129.1932
 1-4 NB =       618.9417  1-4 EEL =      8609.8384  VDWAALS    =      9136.6456
 EELEC  =   -105241.8659  EHBOND  =         0.0000  RESTRAINT  =         0.0000
 ------------------------------------------------------------------------------


 NSTEP =  1900000   TIME(PS) =    3800.000  TEMP(K) =   301.57  PRESS =     0.0
 Etot   =    -70139.0018  EKtot   =     13559.8691  EPtot      =    -83698.8709
 BOND   =       527.0688  ANGLE   =      1459.8255  DIHED      =       911.7683
 UB     =         0.0000  IMP     =         0.0000  CMAP       =       140.9095
 1-4 NB =       624.0749  1-4 EEL =      8648.6174  VDWAALS    =      9591.7327
 EELEC  =   -105602.8680  EHBOND  =         0.0000  RESTRAINT  =         0.0000
 ------------------------------------------------------------------------------


 NSTEP =  1950000   TIME(PS) =    3900.000  TEMP(K) =   297.83  PRESS =     0.0
 Etot   =    -70171.2078  EKtot   =     13391.8828  EPtot      =    -83563.0906
 BOND   =       520.7529  ANGLE   =      1415.9391  DIHED      =       935.3859
 UB     =         0.0000  IMP     =         0.0000  CMAP       =       131.1338
 1-4 NB =       639.2605  1-4 EEL =      8585.5895  VDWAALS    =      9231.2447
 EELEC  =   -105022.3970  EHBOND  =         0.0000  RESTRAINT  =         0.0000
 ------------------------------------------------------------------------------


 NSTEP =  2000000   TIME(PS) =    4000.000  TEMP(K) =   303.68  PRESS =     0.0
 Etot   =    -70087.2282  EKtot   =     13654.8193  EPtot      =    -83742.0476
 BOND   =       505.1506  ANGLE   =      1421.5726  DIHED      =       926.1378
 UB     =         0.0000  IMP     =         0.0000  CMAP       =       130.2911
 1-4 NB =       649.4901  1-4 EEL =      8654.1432  VDWAALS    =      9663.3192
 EELEC  =   -105692.1521  EHBOND  =         0.0000  RESTRAINT  =         0.0000
 ------------------------------------------------------------------------------


 NSTEP =  2050000   TIME(PS) =    4100.000  TEMP(K) =   298.41  PRESS =     0.0
 Etot   =    -70603.2079  EKtot   =     13417.8877  EPtot      =    -84021.0955
 BOND   =       507.4244  ANGLE   =      1419.2905  DIHED      =       900.1426
 UB     =         0.0000  IMP     =         0.0000  CMAP       =       135.9693
 1-4 NB =       618.7105  1-4 EEL =      8657.1663  VDWAALS    =      9685.1334
 EELEC  =   -105944.9325  EHBOND  =         0.0000  RESTRAINT  =         0.0000
 ------------------------------------------------------------------------------


 NSTEP =  2100000   TIME(PS) =    4200.000  TEMP(K) =   300.60  PRESS =     0.0
 Etot   =    -70432.3941  EKtot   =     13516.2578  EPtot      =    -83948.6519
 BOND   =       490.2876  ANGLE   =      1365.1590  DIHED      =       897.4787
 UB     =         0.0000  IMP     =         0.0000  CMAP       =       142.1998
 1-4 NB =       621.4580  1-4 EEL =      8650.7853  VDWAALS    =      9545.2720
 EELEC  =   -105661.2923  EHBOND  =         0.0000  RESTRAINT  =         0.0000
 ------------------------------------------------------------------------------


 NSTEP =  2150000   TIME(PS) =    4300.000  TEMP(K) =   301.09  PRESS =     0.0
 Etot   =    -70201.5504  EKtot   =     13538.2744  EPtot      =    -83739.8248
 BOND   =       520.8645  ANGLE   =      1456.9357  DIHED      =       910.4935
 UB     =         0.0000  IMP     =         0.0000  CMAP       =       143.2602
 1-4 NB =       639.2338  1-4 EEL =      8618.2472  VDWAALS    =      9357.4372
 EELEC  =   -105386.2969  EHBOND  =         0.0000  RESTRAINT  =         0.0000
 ------------------------------------------------------------------------------


 NSTEP =  2200000   TIME(PS) =    4400.000  TEMP(K) =   303.07  PRESS =     0.0
 Etot   =    -70189.8157  EKtot   =     13627.3896  EPtot      =    -83817.2053
 BOND   =       508.2690  ANGLE   =      1379.3052  DIHED      =       911.2319
 UB     =         0.0000  IMP     =         0.0000  CMAP       =       147.5219
 1-4 NB =       624.0094  1-4 EEL =      8659.6942  VDWAALS    =      9594.3651
 EELEC  =   -105641.6020  EHBOND  =         0.0000  RESTRAINT  =         0.0000
 ------------------------------------------------------------------------------


 NSTEP =  2250000   TIME(PS) =    4500.000  TEMP(K) =   299.12  PRESS =     0.0
 Etot   =    -70160.4041  EKtot   =     13449.6963  EPtot      =    -83610.1004
 BOND   =       519.0501  ANGLE   =      1439.8297  DIHED      =       920.8977
 UB     =         0.0000  IMP     =         0.0000  CMAP       =       139.1396
 1-4 NB =       632.3315  1-4 EEL =      8637.5538  VDWAALS    =      9561.7319
 EELEC  =   -105460.6349  EHBOND  =         0.0000  RESTRAINT  =         0.0000
 ------------------------------------------------------------------------------


 NSTEP =  2300000   TIME(PS) =    4600.000  TEMP(K) =   301.60  PRESS =     0.0
 Etot   =    -70434.6975  EKtot   =     13561.1025  EPtot      =    -83995.8000
 BOND   =       529.9954  ANGLE   =      1415.0610  DIHED      =       910.8333
 UB     =         0.0000  IMP     =         0.0000  CMAP       =       131.7699
 1-4 NB =       624.2536  1-4 EEL =      8605.8879  VDWAALS    =      9519.9381
 EELEC  =   -105733.5392  EHBOND  =         0.0000  RESTRAINT  =         0.0000
 ------------------------------------------------------------------------------


 NSTEP =  2350000   TIME(PS) =    4700.000  TEMP(K) =   299.25  PRESS =     0.0
 Etot   =    -70149.3626  EKtot   =     13455.7285  EPtot      =    -83605.0911
 BOND   =       546.8521  ANGLE   =      1432.1428  DIHED      =       917.6478
 UB     =         0.0000  IMP     =         0.0000  CMAP       =       147.6863
 1-4 NB =       640.7175  1-4 EEL =      8650.5112  VDWAALS    =      9696.7454
 EELEC  =   -105637.3943  EHBOND  =         0.0000  RESTRAINT  =         0.0000
 ------------------------------------------------------------------------------


 NSTEP =  2400000   TIME(PS) =    4800.000  TEMP(K) =   300.07  PRESS =     0.0
 Etot   =    -70280.5988  EKtot   =     13492.5322  EPtot      =    -83773.1310
 BOND   =       516.1458  ANGLE   =      1425.5851  DIHED      =       932.9587
 UB     =         0.0000  IMP     =         0.0000  CMAP       =       138.3093
 1-4 NB =       614.9985  1-4 EEL =      8659.8668  VDWAALS    =      9534.7767
 EELEC  =   -105595.7719  EHBOND  =         0.0000  RESTRAINT  =         0.0000
 ------------------------------------------------------------------------------


 NSTEP =  2450000   TIME(PS) =    4900.000  TEMP(K) =   300.15  PRESS =     0.0
 Etot   =    -70111.1614  EKtot   =     13495.7783  EPtot      =    -83606.9397
 BOND   =       501.0104  ANGLE   =      1392.7111  DIHED      =       912.1849
 UB     =         0.0000  IMP     =         0.0000  CMAP       =       148.1061
 1-4 NB =       620.3014  1-4 EEL =      8635.7035  VDWAALS    =      9282.0149
 EELEC  =   -105098.9720  EHBOND  =         0.0000  RESTRAINT  =         0.0000
 ------------------------------------------------------------------------------


 NSTEP =  2500000   TIME(PS) =    5000.000  TEMP(K) =   300.07  PRESS =     0.0
 Etot   =    -70248.2633  EKtot   =     13492.3164  EPtot      =    -83740.5797
 BOND   =       514.7724  ANGLE   =      1433.6491  DIHED      =       937.9246
 UB     =         0.0000  IMP     =         0.0000  CMAP       =       141.2961
 1-4 NB =       625.7161  1-4 EEL =      8626.5057  VDWAALS    =      9490.5054
 EELEC  =   -105510.9490  EHBOND  =         0.0000  RESTRAINT  =         0.0000
 ------------------------------------------------------------------------------


      A V E R A G E S   O V E R      50 S T E P S


 NSTEP =  2500000   TIME(PS) =    5000.000  TEMP(K) =   300.41  PRESS =     0.0
 Etot   =    -70279.7191  EKtot   =     13507.4960  EPtot      =    -83787.2151
 BOND   =       524.1189  ANGLE   =      1421.9382  DIHED      =       914.2523
 UB     =         0.0000  IMP     =         0.0000  CMAP       =       139.1145
 1-4 NB =       626.8425  1-4 EEL =      8626.5295  VDWAALS    =      9524.9110
 EELEC  =   -105564.9221  EHBOND  =         0.0000  RESTRAINT  =         0.0000
 ------------------------------------------------------------------------------


      R M S  F L U C T U A T I O N S


 NSTEP =  2500000   TIME(PS) =    5000.000  TEMP(K) =     1.79  PRESS =     0.0
 Etot   =       160.9115  EKtot   =        80.4940  EPtot      =       138.1370
 BOND   =        19.5724  ANGLE   =        29.0215  DIHED      =        15.6823
 UB     =         0.0000  IMP     =         0.0000  CMAP       =         6.9107
 1-4 NB =        10.2943  1-4 EEL =        28.1792  VDWAALS    =       126.0758
 EELEC  =       210.2843  EHBOND  =         0.0000  RESTRAINT  =         0.0000
 ------------------------------------------------------------------------------

--------------------------------------------------------------------------------
   5.  TIMINGS
--------------------------------------------------------------------------------

|  NonSetup CPU Time in Major Routines:
|
|     Routine           Sec        %
|     ------------------------------
|     Nonbond         598.00   12.34
|     Bond              0.00    0.00
|     Angle             0.00    0.00
|     Dihedral          0.00    0.00
|     Shake            20.43    0.42
|     RunMD          4223.64   87.16
|     Other             3.61    0.07
|     ------------------------------
|     Total          4845.68

|  PME Nonbond Pairlist CPU Time:
|
|     Routine              Sec        %
|     ---------------------------------
|     Set Up Cit           0.00    0.00
|     Build List           0.00    0.00
|     ---------------------------------
|     Total                0.00    0.00

|  PME Direct Force CPU Time:
|
|     Routine              Sec        %
|     ---------------------------------
|     NonBonded Calc       0.00    0.00
|     Exclude Masked       0.00    0.00
|     Other                1.94    0.04
|     ---------------------------------
|     Total                1.94    0.04

|  PME Reciprocal Force CPU Time:
|
|     Routine              Sec        %
|     ---------------------------------
|     1D bspline           0.00    0.00
|     Grid Charges         0.00    0.00
|     Scalar Sum           0.00    0.00
|     Gradient Sum         0.00    0.00
|     FFT                  0.00    0.00
|     ---------------------------------
|     Total                0.00    0.00

|  Final Performance Info:
|     -----------------------------------------------------
|     Average timings for last       1 steps:
|     Elapsed(s) =       0.00 Per Step(ms) =       0.14
|         ns/day =    1201.68   seconds/ns =      71.90
|
|     Average timings for all steps:
|     Elapsed(s) =    4854.45 Per Step(ms) =       1.94
|         ns/day =      88.99   seconds/ns =     970.89
|     -----------------------------------------------------

|  Setup CPU time:            0.54 seconds
|  NonSetup CPU time:      4845.68 seconds
|  Total CPU time:         4846.22 seconds     1.35 hours

|  Setup wall time:           1    seconds
|  NonSetup wall time:     4855    seconds
|  Total wall time:        4856    seconds     1.35 hours
