
          -------------------------------------------------------
          Amber 18 PMEMD                              2018
          -------------------------------------------------------

| PMEMD implementation of SANDER, Release 18

| Run on 11/18/2020 at 10:44:10

|   Executable path: pmemd.cuda
| Working directory: /home/almacen/pbarletta/dynein/run/3zke/2_pdt
|          Hostname: Unknown
  [-O]verwriting output

File Assignments:
|   MDIN: pre_pdt.in                                                            
|  MDOUT: 0pdt.out                                                              
| INPCRD: 2_3zke.rst7                                                           
|   PARM: /home/almacen/pbarletta/dynein/top_files/3zke.prmtop                  
| RESTRT: 0p2_3zke.rst7                                                         
|   REFC: refc                                                                  
|  MDVEL: mdvel                                                                 
|   MDEN: mden                                                                  
|  MDCRD: 0p2_3zke.nc                                                           
| MDINFO: mdinfo                                                                
|  MDFRC: mdfrc                                                                 


 Here is the input file:

Production run                                                                 
&cntrl                                                                         
imin = 0,                           ! No Minimization                          
nmropt = 0,                         ! No NMR restraints read                   
                                                                               
! Nature and format of the input                                               
ntx = 5,                            ! Coordinates and velocities will be read  
irest = 1,                          ! Do not run a new simulation              
                                                                               
! Nature and format of the output                                              
ntxo = 1,                           ! rstrt file in ASCII format               
ntpr = 50000,                       ! inf in output every ntpr steps           
ntwr = 50000,                       ! rstrt file every ntwr steps              
ntwx = 5000,                        ! mdcrd file every ntwx steps              
ntwv = 0,                           ! mdvel without velocities                 
ntwe = 0,                           ! Energies and temperatures not written in 
idecomp = 0,                        ! No energy decomposition                  
iwrap = 1,                          ! Coordinates of the restart and mdcrd file
                                                                               
! Frozen or restrained atoms                                                   
ibelly = 0,                         ! No frozen atoms                          
ntr=0,                              ! Harmonic potential restraints            
                                                                               
! Molecular dynamics                                                           
nstlim = 2500000,                   ! Number of MD-steps                       
dt = 0.002,                         ! Time step                                
                                                                               
! Temperature regulation                                                       
ntt = 3,                            ! Langevin thermostat                      
gamma_ln = 2,                       ! Gamma constant for Langevin              
temp0 = 300.0,                      ! Reference T at which the system is to be 
tempi = 300.0,                      ! Initial T                                
ig = -1,                            ! Seed for the RNG                         
                                                                               
! P and V regulation                                                           
!barostat = 1,                      ! Berendsen barostat                       
!taup = 1,                          ! Pressure relaxation time                 
ntp = 0,                            ! constant V                               
ntb = 1,                            ! Periodic box for constant V              
                                                                               
! SHAKE variables                                                              
ntc = 2,                            ! Bonds involving H are constrained        
ntf = 2,                            ! Bond interaction involving H are ommited.
                                                                               
cut = 9.0,                          ! Nonbonded cutoff                         
/                                                                              
&end                                                                           


Note: ig = -1. Setting random seed to   430382 based on wallclock time in 
      microseconds.
| irandom = 1, using AMBER's internal random number generator (default).
 
|--------------------- INFORMATION ----------------------
| GPU (CUDA) Version of PMEMD in use: NVIDIA GPU IN USE.
|                    Version 18.0.0
| 
|                      03/25/2018
| 
| Implementation by:
|                    Ross C. Walker     (SDSC)
|                    Scott Le Grand     (nVIDIA)
| 
| Version 18 performance extensions by:
|                    David Cerutti     (Rutgers)
| 
| Precision model in use:
|      [SPFP] - Single Precision Forces, 64-bit Fixed Point
|               Accumulation. (Default)
| 
|--------------------------------------------------------
 
|----------------- CITATION INFORMATION -----------------
|
|    When publishing work that utilized the CUDA version
|    of AMBER, please cite the following in addition to
|    the regular AMBER citations:
|
|  - Romelia Salomon-Ferrer; Andreas W. Goetz; Duncan
|    Poole; Scott Le Grand; Ross C. Walker "Routine
|    microsecond molecular dynamics simulations with
|    AMBER - Part II: Particle Mesh Ewald", J. Chem.
|    Theory Comput., 2013, 9 (9), pp3878-3888,
|    DOI: 10.1021/ct400314y.
|
|  - Andreas W. Goetz; Mark J. Williamson; Dong Xu;
|    Duncan Poole; Scott Le Grand; Ross C. Walker
|    "Routine microsecond molecular dynamics simulations
|    with AMBER - Part I: Generalized Born", J. Chem.
|    Theory Comput., 2012, 8 (5), pp1542-1555.
|
|  - Scott Le Grand; Andreas W. Goetz; Ross C. Walker
|    "SPFP: Speed without compromise - a mixed precision
|    model for GPU accelerated molecular dynamics
|    simulations.", Comp. Phys. Comm., 2013, 184
|    pp374-380, DOI: 10.1016/j.cpc.2012.09.022
|
|--------------------------------------------------------
 
|------------------- GPU DEVICE INFO --------------------
|
|            CUDA_VISIBLE_DEVICES: 0
|   CUDA Capable Devices Detected:      1
|           CUDA Device ID in use:      0
|                CUDA Device Name: GeForce GTX 1080 Ti
|     CUDA Device Global Mem Size:  11178 MB
| CUDA Device Num Multiprocessors:     28
|           CUDA Device Core Freq:   1.72 GHz
|
|--------------------------------------------------------
 
 
| Conditional Compilation Defines Used:
| PUBFFT
| BINTRAJ
| CUDA
| EMIL

| Largest sphere to fit in unit cell has radius =    26.499

| New format PARM file being parsed.
| Version =    1.000 Date = 09/18/20 Time = 22:17:21

| Note: 1-4 EEL scale factors are being read from the topology file.

| Note: 1-4 VDW scale factors are being read from the topology file.
| Duplicated    0 dihedrals

| Duplicated    0 dihedrals

--------------------------------------------------------------------------------
   1.  RESOURCE   USE: 
--------------------------------------------------------------------------------

 getting new box info from bottom of inpcrd
 NATOM  =   27546 NTYPES =      19 NBONH =   19891 MBONA  =    7685
 NTHETH =    3414 MTHETA =    2086 NPHIH =    6824 MPHIA  =    6552
 NHPARM =       0 NPARM  =       0 NNB   =   59527 NRES   =    6321
 NBONA  =    7685 NTHETA =    2086 NPHIA =    6552 NUMBND =      74
 NUMANG =     172 NPTRA  =     192 NATYP =      38 NPHB   =       1
 IFBOX  =       2 NMXRS  =      24 IFCAP =       0 NEXTRA =    6131
 NCOPY  =       0


| Coordinate Index Table dimensions:    11   11   11
| Direct force subcell size =     5.9009    5.9009    5.9009

     BOX TYPE: TRUNCATED OCTAHEDRON

--------------------------------------------------------------------------------
   2.  CONTROL  DATA  FOR  THE  RUN
--------------------------------------------------------------------------------

default_name                                                                    

General flags:
     imin    =       0, nmropt  =       0

Nature and format of input:
     ntx     =       5, irest   =       1, ntrx    =       1

Nature and format of output:
     ntxo    =       1, ntpr    =   50000, ntrx    =       1, ntwr    =   50000
     iwrap   =       1, ntwx    =    5000, ntwv    =       0, ntwe    =       0
     ioutfm  =       1, ntwprt  =       0, idecomp =       0, rbornstat=      0

Potential function:
     ntf     =       2, ntb     =       1, igb     =       0, nsnb    =      25
     ipol    =       0, gbsa    =       0, iesp    =       0
     dielc   =   1.00000, cut     =   9.00000, intdiel =   1.00000

Frozen or restrained atoms:
     ibelly  =       0, ntr     =       0

Molecular dynamics:
     nstlim  =   2500000, nscm    =      1000, nrespa  =         1
     t       =   0.00000, dt      =   0.00200, vlimit  =  -1.00000

Langevin dynamics temperature regulation:
     ig      =  430382
     temp0   = 300.00000, tempi   = 300.00000, gamma_ln=   2.00000

SHAKE:
     ntc     =       2, jfastw  =       0
     tol     =   0.00001

| Intermolecular bonds treatment:
|     no_intermolecular_bonds =       1

| Energy averages sample interval:
|     ene_avg_sampling =   50000

Extra-points options:
     frameon =       1, chngmask=       1

Ewald parameters:
     verbose =       0, ew_type =       0, nbflag  =       1, use_pme =       1
     vdwmeth =       1, eedmeth =       1, netfrc  =       1
     Box X =   64.910   Box Y =   64.910   Box Z =   64.910
     Alpha =  109.471   Beta  =  109.471   Gamma =  109.471
     NFFT1 =   64       NFFT2 =   64       NFFT3 =   64
     Cutoff=    9.000   Tol   =0.100E-04
     Ewald Coefficient =  0.30768
     Interpolation order =    4
|      EXTRA_PTS, trim_bonds: num bonds BEFORE trim = 19891     0
|      EXTRA_PTS, trim_bonds: num bonds AFTER  trim = 19891     0
|      EXTRA_PTS, trim_bonds: num bonds BEFORE trim =  7685     0
|      EXTRA_PTS, trim_bonds: num bonds AFTER  trim =  1554     0
|      EXTRA_PTS, trim_theta: num angle BEFORE trim =  3414     0
|      EXTRA_PTS, trim_theta: num angle AFTER  trim =  3414     0
|      EXTRA_PTS, trim_theta: num angle BEFORE trim =  2086     0
|      EXTRA_PTS, trim_theta: num angle AFTER  trim =  2086     0
|      EXTRA_PTS, trim_phi:  num diheds BEFORE trim =  6824     0
|      EXTRA_PTS, trim_phi:  num diheds AFTER  trim =  6824     0
|      EXTRA_PTS, trim_phi:  num diheds BEFORE trim =  6552     0
|      EXTRA_PTS, trim_phi:  num diheds AFTER  trim =  6552     0

--------------------------------------------------------------------------------
   3.  ATOMIC COORDINATES AND VELOCITIES
--------------------------------------------------------------------------------

Cpptraj Generated Restart                                                       
 begin time read from input coords =     0.000 ps

 
 Number of triangulated 3-point waters found:     6131

     Sum of charges from parm topology file =   0.00003348
     Forcing neutrality...

| Dynamic Memory, Types Used:
| Reals              894346
| Integers          2026719

| Nonbonded Pairs Initial Allocation:     6280488

| GPU memory information (estimate):
| KB of GPU memory in use:         0
| KB of CPU memory in use:         0

--------------------------------------------------------------------------------
   4.  RESULTS
--------------------------------------------------------------------------------

wrapping first mol.:      -21.63655      -30.59870       52.99851
wrapping first mol.:      -21.63655      -30.59870       52.99851
wrapping first mol.:      -21.63655      -30.59870       52.99851
wrapping first mol.:      -21.63655      -30.59870       52.99851
wrapping first mol.:      -21.63655      -30.59870       52.99851
wrapping first mol.:      -21.63655      -30.59870       52.99851
wrapping first mol.:      -21.63655      -30.59870       52.99851
wrapping first mol.:      -21.63655      -30.59870       52.99851
wrapping first mol.:      -21.63655      -30.59870       52.99851
wrapping first mol.:      -21.63655      -30.59870       52.99851
wrapping first mol.:      -21.63655      -30.59870       52.99851

 NSTEP =    50000   TIME(PS) =     100.000  TEMP(K) =   302.76  PRESS =     0.0
 Etot   =    -67784.2847  EKtot   =     13342.5576  EPtot      =    -81126.8423
 BOND   =       569.3861  ANGLE   =      1605.8020  DIHED      =      1001.4421
 UB     =         0.0000  IMP     =         0.0000  CMAP       =       143.3974
 1-4 NB =       674.0795  1-4 EEL =     10269.8356  VDWAALS    =      8822.9286
 EELEC  =   -104213.7135  EHBOND  =         0.0000  RESTRAINT  =         0.0000
 ------------------------------------------------------------------------------

wrapping first mol.:      -21.63655      -30.59870       52.99851
wrapping first mol.:      -21.63655      -30.59870       52.99851
wrapping first mol.:       43.27310      -30.59870       52.99851
wrapping first mol.:       43.27310      -30.59870       52.99851
wrapping first mol.:       43.27310      -30.59870       52.99851
wrapping first mol.:      -21.63655      -30.59870       52.99851
wrapping first mol.:       43.27310      -30.59870       52.99851
wrapping first mol.:       43.27310      -30.59870       52.99851
wrapping first mol.:      -21.63655      -30.59870       52.99851
wrapping first mol.:      -21.63655      -30.59870       52.99851
wrapping first mol.:      -21.63655      -30.59870       52.99851

 NSTEP =   100000   TIME(PS) =     200.000  TEMP(K) =   301.53  PRESS =     0.0
 Etot   =    -67904.7246  EKtot   =     13288.3848  EPtot      =    -81193.1093
 BOND   =       544.6833  ANGLE   =      1623.7410  DIHED      =      1009.9156
 UB     =         0.0000  IMP     =         0.0000  CMAP       =       139.9294
 1-4 NB =       664.4223  1-4 EEL =     10272.3478  VDWAALS    =      8743.2969
 EELEC  =   -104191.4456  EHBOND  =         0.0000  RESTRAINT  =         0.0000
 ------------------------------------------------------------------------------

wrapping first mol.:      -21.63655      -30.59870       52.99851
wrapping first mol.:      -21.63655      -30.59870       52.99851
wrapping first mol.:      -21.63655      -30.59870       52.99851
wrapping first mol.:       43.27310      -30.59870       52.99851
wrapping first mol.:       43.27310      -30.59870       52.99851
wrapping first mol.:      -21.63655      -30.59870       52.99851
wrapping first mol.:      -21.63655      -30.59870       52.99851
wrapping first mol.:      -21.63655      -30.59870       52.99851
wrapping first mol.:      -21.63655      -30.59870       52.99851
wrapping first mol.:      -21.63655      -30.59870       52.99851
wrapping first mol.:      -21.63655      -30.59870       52.99851

 NSTEP =   150000   TIME(PS) =     300.000  TEMP(K) =   303.48  PRESS =     0.0
 Etot   =    -67563.5224  EKtot   =     13374.1387  EPtot      =    -80937.6611
 BOND   =       541.6043  ANGLE   =      1646.1868  DIHED      =      1006.6943
 UB     =         0.0000  IMP     =         0.0000  CMAP       =       149.5454
 1-4 NB =       677.3536  1-4 EEL =     10246.8669  VDWAALS    =      8656.2790
 EELEC  =   -103862.1914  EHBOND  =         0.0000  RESTRAINT  =         0.0000
 ------------------------------------------------------------------------------

wrapping first mol.:      -21.63655      -30.59870       52.99851
wrapping first mol.:      -21.63655      -30.59870       52.99851
wrapping first mol.:      -21.63655      -30.59870       52.99851
wrapping first mol.:      -21.63655      -30.59870       52.99851
wrapping first mol.:      -21.63655      -30.59870       52.99851
wrapping first mol.:       43.27310      -30.59870       52.99851
wrapping first mol.:       43.27310      -30.59870       52.99851
wrapping first mol.:       43.27310      -30.59870       52.99851
wrapping first mol.:       43.27310      -30.59870       52.99851
wrapping first mol.:       43.27310      -30.59870       52.99851
wrapping first mol.:       43.27310      -30.59870       52.99851

 NSTEP =   200000   TIME(PS) =     400.000  TEMP(K) =   300.35  PRESS =     0.0
 Etot   =    -67957.1089  EKtot   =     13236.2109  EPtot      =    -81193.3198
 BOND   =       585.9463  ANGLE   =      1619.1272  DIHED      =      1021.6992
 UB     =         0.0000  IMP     =         0.0000  CMAP       =       143.3700
 1-4 NB =       633.7499  1-4 EEL =     10195.0920  VDWAALS    =      9102.4604
 EELEC  =   -104494.7648  EHBOND  =         0.0000  RESTRAINT  =         0.0000
 ------------------------------------------------------------------------------

wrapping first mol.:       43.27310      -30.59870       52.99851
wrapping first mol.:       43.27310      -30.59870       52.99851
wrapping first mol.:       43.27310      -30.59870       52.99851
wrapping first mol.:       43.27310      -30.59870       52.99851
wrapping first mol.:       43.27310      -30.59870       52.99851
wrapping first mol.:      -21.63655      -30.59870       52.99851
wrapping first mol.:      -21.63655      -30.59870       52.99851
wrapping first mol.:      -21.63655      -30.59870       52.99851
wrapping first mol.:      -21.63655      -30.59870       52.99851
wrapping first mol.:       43.27310      -30.59870       52.99851
wrapping first mol.:       43.27310      -30.59870       52.99851

 NSTEP =   250000   TIME(PS) =     500.000  TEMP(K) =   300.19  PRESS =     0.0
 Etot   =    -67693.8294  EKtot   =     13229.5332  EPtot      =    -80923.3626
 BOND   =       565.6500  ANGLE   =      1578.4675  DIHED      =      1027.9125
 UB     =         0.0000  IMP     =         0.0000  CMAP       =       150.8289
 1-4 NB =       667.4240  1-4 EEL =     10242.5160  VDWAALS    =      8881.9098
 EELEC  =   -104038.0714  EHBOND  =         0.0000  RESTRAINT  =         0.0000
 ------------------------------------------------------------------------------

wrapping first mol.:       43.27310      -30.59870       52.99851
wrapping first mol.:      -21.63655      -30.59870       52.99851
wrapping first mol.:      -21.63655      -30.59870       52.99851
wrapping first mol.:      -21.63655      -30.59870       52.99851
wrapping first mol.:      -21.63655      -30.59870       52.99851
wrapping first mol.:      -21.63655      -30.59870       52.99851
wrapping first mol.:      -21.63655      -30.59870       52.99851
wrapping first mol.:      -21.63655      -30.59870       52.99851
wrapping first mol.:      -21.63655      -30.59870       52.99851
wrapping first mol.:      -21.63655      -30.59870       52.99851
wrapping first mol.:      -21.63655      -30.59870       52.99851

 NSTEP =   300000   TIME(PS) =     600.000  TEMP(K) =   302.24  PRESS =     0.0
 Etot   =    -67901.2858  EKtot   =     13319.4814  EPtot      =    -81220.7673
 BOND   =       572.1880  ANGLE   =      1635.3042  DIHED      =      1042.7524
 UB     =         0.0000  IMP     =         0.0000  CMAP       =       143.9322
 1-4 NB =       656.4616  1-4 EEL =     10175.1473  VDWAALS    =      8850.9635
 EELEC  =   -104297.5165  EHBOND  =         0.0000  RESTRAINT  =         0.0000
 ------------------------------------------------------------------------------

wrapping first mol.:      -21.63655      -30.59870       52.99851
wrapping first mol.:      -21.63655      -30.59870       52.99851
wrapping first mol.:      -21.63655      -30.59870       52.99851
wrapping first mol.:      -21.63655      -30.59870       52.99851
wrapping first mol.:      -21.63655      -30.59870       52.99851
wrapping first mol.:      -21.63655      -30.59870       52.99851
wrapping first mol.:      -21.63655      -30.59870       52.99851
wrapping first mol.:      -21.63655      -30.59870       52.99851
wrapping first mol.:      -21.63655      -30.59870       52.99851
wrapping first mol.:      -21.63655      -30.59870       52.99851
wrapping first mol.:      -21.63655      -30.59870       52.99851

 NSTEP =   350000   TIME(PS) =     700.000  TEMP(K) =   299.79  PRESS =     0.0
 Etot   =    -68043.0147  EKtot   =     13211.6445  EPtot      =    -81254.6592
 BOND   =       552.5459  ANGLE   =      1603.3767  DIHED      =      1017.4480
 UB     =         0.0000  IMP     =         0.0000  CMAP       =       149.2852
 1-4 NB =       663.7847  1-4 EEL =     10243.8252  VDWAALS    =      8972.0767
 EELEC  =   -104457.0014  EHBOND  =         0.0000  RESTRAINT  =         0.0000
 ------------------------------------------------------------------------------

wrapping first mol.:      -21.63655      -30.59870       52.99851
wrapping first mol.:      -21.63655      -30.59870       52.99851
wrapping first mol.:      -21.63655      -30.59870       52.99851
wrapping first mol.:      -21.63655      -30.59870       52.99851
wrapping first mol.:      -21.63655      -30.59870       52.99851
wrapping first mol.:      -21.63655      -30.59870       52.99851
wrapping first mol.:      -21.63655      -30.59870       52.99851
wrapping first mol.:      -21.63655      -30.59870       52.99851
wrapping first mol.:      -21.63655      -30.59870       52.99851
wrapping first mol.:       43.27310      -30.59870       52.99851
wrapping first mol.:       43.27310      -30.59870       52.99851

 NSTEP =   400000   TIME(PS) =     800.000  TEMP(K) =   299.46  PRESS =     0.0
 Etot   =    -67781.1323  EKtot   =     13197.0791  EPtot      =    -80978.2114
 BOND   =       577.3285  ANGLE   =      1657.3138  DIHED      =      1012.4456
 UB     =         0.0000  IMP     =         0.0000  CMAP       =       148.6636
 1-4 NB =       654.4156  1-4 EEL =     10210.5658  VDWAALS    =      8771.3034
 EELEC  =   -104010.2477  EHBOND  =         0.0000  RESTRAINT  =         0.0000
 ------------------------------------------------------------------------------

wrapping first mol.:       43.27310      -30.59870       52.99851
wrapping first mol.:       43.27310      -30.59870       52.99851
wrapping first mol.:       43.27310      -30.59870       52.99851
wrapping first mol.:       43.27310      -30.59870       52.99851
wrapping first mol.:       43.27310      -30.59870       52.99851
wrapping first mol.:       43.27310      -30.59870       52.99851
wrapping first mol.:       43.27310      -30.59870       52.99851
wrapping first mol.:       43.27310      -30.59870       52.99851
wrapping first mol.:       43.27310      -30.59870       52.99851
wrapping first mol.:       43.27310      -30.59870       52.99851
wrapping first mol.:       43.27310      -30.59870       52.99851

 NSTEP =   450000   TIME(PS) =     900.000  TEMP(K) =   300.86  PRESS =     0.0
 Etot   =    -67640.1271  EKtot   =     13259.0449  EPtot      =    -80899.1720
 BOND   =       569.2195  ANGLE   =      1627.4451  DIHED      =      1044.3547
 UB     =         0.0000  IMP     =         0.0000  CMAP       =       153.0062
 1-4 NB =       653.0317  1-4 EEL =     10214.3403  VDWAALS    =      8924.5366
 EELEC  =   -104085.1061  EHBOND  =         0.0000  RESTRAINT  =         0.0000
 ------------------------------------------------------------------------------

wrapping first mol.:       43.27310      -30.59870       52.99851
wrapping first mol.:       43.27310      -30.59870       52.99851
wrapping first mol.:       43.27310      -30.59870       52.99851
wrapping first mol.:       43.27310      -30.59870       52.99851
wrapping first mol.:       43.27310      -30.59870       52.99851
wrapping first mol.:       43.27310      -30.59870       52.99851
wrapping first mol.:       21.63655       30.59870       52.99851
wrapping first mol.:       21.63655       30.59870       52.99851
wrapping first mol.:       21.63655       30.59870       52.99851
wrapping first mol.:       21.63655       30.59870       52.99851
wrapping first mol.:       21.63655       30.59870       52.99851

 NSTEP =   500000   TIME(PS) =    1000.000  TEMP(K) =   297.85  PRESS =     0.0
 Etot   =    -67823.4516  EKtot   =     13126.1660  EPtot      =    -80949.6176
 BOND   =       564.3550  ANGLE   =      1611.3264  DIHED      =      1012.1685
 UB     =         0.0000  IMP     =         0.0000  CMAP       =       150.0352
 1-4 NB =       662.3053  1-4 EEL =     10171.6671  VDWAALS    =      8774.2749
 EELEC  =   -103895.7499  EHBOND  =         0.0000  RESTRAINT  =         0.0000
 ------------------------------------------------------------------------------

wrapping first mol.:       21.63655       30.59870       52.99851
wrapping first mol.:       21.63655       30.59870       52.99851
wrapping first mol.:       21.63655       30.59870       52.99851
wrapping first mol.:       21.63655       30.59870       52.99851
wrapping first mol.:       21.63655       30.59870       52.99851
wrapping first mol.:       21.63655       30.59870       52.99851
wrapping first mol.:       21.63655       30.59870       52.99851
wrapping first mol.:       43.27310      -30.59870       52.99851
wrapping first mol.:       43.27310      -30.59870       52.99851
wrapping first mol.:       43.27310      -30.59870       52.99851
wrapping first mol.:       43.27310      -30.59870       52.99851

 NSTEP =   550000   TIME(PS) =    1100.000  TEMP(K) =   301.38  PRESS =     0.0
 Etot   =    -67692.5949  EKtot   =     13281.7129  EPtot      =    -80974.3078
 BOND   =       536.3007  ANGLE   =      1622.3605  DIHED      =      1002.1987
 UB     =         0.0000  IMP     =         0.0000  CMAP       =       149.1922
 1-4 NB =       659.6961  1-4 EEL =     10210.4117  VDWAALS    =      8987.6015
 EELEC  =   -104142.0692  EHBOND  =         0.0000  RESTRAINT  =         0.0000
 ------------------------------------------------------------------------------

wrapping first mol.:       43.27310      -30.59870       52.99851
wrapping first mol.:       43.27310      -30.59870       52.99851
wrapping first mol.:       43.27310      -30.59870       52.99851
wrapping first mol.:       43.27310      -30.59870       52.99851
wrapping first mol.:       43.27310      -30.59870       52.99851
wrapping first mol.:       43.27310      -30.59870       52.99851
wrapping first mol.:       43.27310      -30.59870       52.99851
wrapping first mol.:       43.27310      -30.59870       52.99851
wrapping first mol.:       43.27310      -30.59870       52.99851
wrapping first mol.:       43.27310      -30.59870       52.99851
wrapping first mol.:       43.27310      -30.59870       52.99851

 NSTEP =   600000   TIME(PS) =    1200.000  TEMP(K) =   303.99  PRESS =     0.0
 Etot   =    -67679.1634  EKtot   =     13396.9766  EPtot      =    -81076.1400
 BOND   =       573.4693  ANGLE   =      1596.6764  DIHED      =      1007.2017
 UB     =         0.0000  IMP     =         0.0000  CMAP       =       139.0458
 1-4 NB =       653.4145  1-4 EEL =     10200.9723  VDWAALS    =      8823.5515
 EELEC  =   -104070.4715  EHBOND  =         0.0000  RESTRAINT  =         0.0000
 ------------------------------------------------------------------------------

wrapping first mol.:       43.27310      -30.59870       52.99851
wrapping first mol.:       21.63655       30.59870       52.99851
wrapping first mol.:       21.63655       30.59870       52.99851
wrapping first mol.:       21.63655       30.59870       52.99851
wrapping first mol.:       21.63655       30.59870       52.99851
wrapping first mol.:       21.63655       30.59870       52.99851
wrapping first mol.:       43.27310      -30.59870       52.99851
wrapping first mol.:       43.27310      -30.59870       52.99851
wrapping first mol.:       43.27310      -30.59870       52.99851
wrapping first mol.:       43.27310      -30.59870       52.99851
wrapping first mol.:       43.27310      -30.59870       52.99851

 NSTEP =   650000   TIME(PS) =    1300.000  TEMP(K) =   301.73  PRESS =     0.0
 Etot   =    -68162.6790  EKtot   =     13297.3213  EPtot      =    -81460.0002
 BOND   =       574.4001  ANGLE   =      1567.1869  DIHED      =      1015.9383
 UB     =         0.0000  IMP     =         0.0000  CMAP       =       140.0904
 1-4 NB =       679.2346  1-4 EEL =     10184.3814  VDWAALS    =      9243.1843
 EELEC  =   -104864.4163  EHBOND  =         0.0000  RESTRAINT  =         0.0000
 ------------------------------------------------------------------------------

wrapping first mol.:       43.27310      -30.59870       52.99851
wrapping first mol.:       43.27310      -30.59870       52.99851
wrapping first mol.:       43.27310      -30.59870       52.99851
wrapping first mol.:       43.27310      -30.59870       52.99851
wrapping first mol.:       43.27310      -30.59870       52.99851
wrapping first mol.:       43.27310      -30.59870       52.99851
wrapping first mol.:       43.27310      -30.59870       52.99851
wrapping first mol.:       43.27310      -30.59870       52.99851
wrapping first mol.:       43.27310      -30.59870       52.99851
wrapping first mol.:       43.27310      -30.59870       52.99851
wrapping first mol.:       43.27310      -30.59870       52.99851

 NSTEP =   700000   TIME(PS) =    1400.000  TEMP(K) =   303.92  PRESS =     0.0
 Etot   =    -67863.3836  EKtot   =     13393.7490  EPtot      =    -81257.1326
 BOND   =       564.0762  ANGLE   =      1554.7475  DIHED      =      1009.1262
 UB     =         0.0000  IMP     =         0.0000  CMAP       =       139.2891
 1-4 NB =       662.3053  1-4 EEL =     10184.7598  VDWAALS    =      9054.0269
 EELEC  =   -104425.4635  EHBOND  =         0.0000  RESTRAINT  =         0.0000
 ------------------------------------------------------------------------------

wrapping first mol.:       43.27310      -30.59870       52.99851
wrapping first mol.:       43.27310      -30.59870       52.99851
wrapping first mol.:       43.27310      -30.59870       52.99851
wrapping first mol.:       43.27310      -30.59870       52.99851
wrapping first mol.:       43.27310      -30.59870       52.99851
wrapping first mol.:       43.27310      -30.59870       52.99851
wrapping first mol.:       43.27310      -30.59870       52.99851
wrapping first mol.:       43.27310      -30.59870       52.99851
wrapping first mol.:       43.27310      -30.59870       52.99851
wrapping first mol.:       43.27310      -30.59870       52.99851
wrapping first mol.:       43.27310      -30.59870       52.99851

 NSTEP =   750000   TIME(PS) =    1500.000  TEMP(K) =   300.13  PRESS =     0.0
 Etot   =    -67886.1548  EKtot   =     13226.6240  EPtot      =    -81112.7788
 BOND   =       557.3656  ANGLE   =      1588.9700  DIHED      =      1018.6817
 UB     =         0.0000  IMP     =         0.0000  CMAP       =       149.2256
 1-4 NB =       660.3775  1-4 EEL =     10196.8156  VDWAALS    =      8686.0488
 EELEC  =   -103970.2638  EHBOND  =         0.0000  RESTRAINT  =         0.0000
 ------------------------------------------------------------------------------

wrapping first mol.:       43.27310      -30.59870       52.99851
wrapping first mol.:       43.27310      -30.59870       52.99851
wrapping first mol.:       43.27310      -30.59870       52.99851
wrapping first mol.:       43.27310      -30.59870       52.99851
wrapping first mol.:       43.27310      -30.59870       52.99851
wrapping first mol.:       43.27310      -30.59870       52.99851
wrapping first mol.:       43.27310      -30.59870       52.99851
wrapping first mol.:       43.27310      -30.59870       52.99851
wrapping first mol.:       43.27310      -30.59870       52.99851
wrapping first mol.:       43.27310      -30.59870       52.99851
wrapping first mol.:       43.27310      -30.59870       52.99851

 NSTEP =   800000   TIME(PS) =    1600.000  TEMP(K) =   299.20  PRESS =     0.0
 Etot   =    -67870.3202  EKtot   =     13185.5312  EPtot      =    -81055.8514
 BOND   =       564.9362  ANGLE   =      1649.0230  DIHED      =      1003.8394
 UB     =         0.0000  IMP     =         0.0000  CMAP       =       126.5377
 1-4 NB =       659.9977  1-4 EEL =     10110.6975  VDWAALS    =      9087.0680
 EELEC  =   -104257.9509  EHBOND  =         0.0000  RESTRAINT  =         0.0000
 ------------------------------------------------------------------------------

wrapping first mol.:       43.27310      -30.59870       52.99851
wrapping first mol.:       43.27310      -30.59870       52.99851
wrapping first mol.:       43.27310      -30.59870       52.99851
wrapping first mol.:       43.27310      -30.59870       52.99851
wrapping first mol.:       43.27310      -30.59870       52.99851
wrapping first mol.:       43.27310      -30.59870       52.99851
wrapping first mol.:       43.27310      -30.59870       52.99851
wrapping first mol.:       43.27310      -30.59870       52.99851
wrapping first mol.:       43.27310      -30.59870       52.99851
wrapping first mol.:       43.27310      -30.59870       52.99851
wrapping first mol.:       43.27310      -30.59870       52.99851

 NSTEP =   850000   TIME(PS) =    1700.000  TEMP(K) =   297.62  PRESS =     0.0
 Etot   =    -68037.3809  EKtot   =     13115.9756  EPtot      =    -81153.3565
 BOND   =       554.8995  ANGLE   =      1590.5393  DIHED      =      1012.1876
 UB     =         0.0000  IMP     =         0.0000  CMAP       =       139.7124
 1-4 NB =       673.5837  1-4 EEL =     10246.7666  VDWAALS    =      9046.4569
 EELEC  =   -104417.5027  EHBOND  =         0.0000  RESTRAINT  =         0.0000
 ------------------------------------------------------------------------------

wrapping first mol.:       43.27310      -30.59870       52.99851
wrapping first mol.:       43.27310      -30.59870       52.99851
wrapping first mol.:       43.27310      -30.59870       52.99851
wrapping first mol.:       43.27310      -30.59870       52.99851
wrapping first mol.:       43.27310      -30.59870       52.99851
wrapping first mol.:       43.27310      -30.59870       52.99851
wrapping first mol.:       43.27310      -30.59870       52.99851
wrapping first mol.:       43.27310      -30.59870       52.99851
wrapping first mol.:       43.27310      -30.59870       52.99851
wrapping first mol.:       43.27310      -30.59870       52.99851
wrapping first mol.:       43.27310      -30.59870       52.99851

 NSTEP =   900000   TIME(PS) =    1800.000  TEMP(K) =   302.00  PRESS =     0.0
 Etot   =    -67723.9337  EKtot   =     13308.9131  EPtot      =    -81032.8468
 BOND   =       548.8180  ANGLE   =      1576.2051  DIHED      =      1004.6542
 UB     =         0.0000  IMP     =         0.0000  CMAP       =       138.1477
 1-4 NB =       659.5184  1-4 EEL =     10239.6765  VDWAALS    =      8980.7822
 EELEC  =   -104180.6489  EHBOND  =         0.0000  RESTRAINT  =         0.0000
 ------------------------------------------------------------------------------

wrapping first mol.:       21.63655       30.59870       52.99851
wrapping first mol.:       43.27310      -30.59870       52.99851
wrapping first mol.:       21.63655       30.59870       52.99851
wrapping first mol.:       43.27310      -30.59870       52.99851
wrapping first mol.:       43.27310      -30.59870       52.99851
wrapping first mol.:       43.27310      -30.59870       52.99851
wrapping first mol.:       43.27310      -30.59870       52.99851
wrapping first mol.:       43.27310      -30.59870       52.99851
wrapping first mol.:       43.27310      -30.59870       52.99851
wrapping first mol.:       43.27310      -30.59870       52.99851
wrapping first mol.:       43.27310      -30.59870       52.99851

 NSTEP =   950000   TIME(PS) =    1900.000  TEMP(K) =   299.38  PRESS =     0.0
 Etot   =    -67993.4818  EKtot   =     13193.5752  EPtot      =    -81187.0570
 BOND   =       563.4269  ANGLE   =      1589.8044  DIHED      =      1056.9359
 UB     =         0.0000  IMP     =         0.0000  CMAP       =       139.5134
 1-4 NB =       660.3915  1-4 EEL =     10189.9971  VDWAALS    =      9080.0360
 EELEC  =   -104467.1623  EHBOND  =         0.0000  RESTRAINT  =         0.0000
 ------------------------------------------------------------------------------

wrapping first mol.:       43.27310      -30.59870       52.99851
wrapping first mol.:       43.27310      -30.59870       52.99851
wrapping first mol.:       43.27310      -30.59870       52.99851
wrapping first mol.:       43.27310      -30.59870       52.99851
wrapping first mol.:       43.27310      -30.59870       52.99851
wrapping first mol.:       43.27310      -30.59870       52.99851
wrapping first mol.:       43.27310      -30.59870       52.99851
wrapping first mol.:       43.27310      -30.59870       52.99851
wrapping first mol.:       43.27310      -30.59870       52.99851
wrapping first mol.:       43.27310      -30.59870       52.99851
wrapping first mol.:       43.27310      -30.59870       52.99851

 NSTEP =  1000000   TIME(PS) =    2000.000  TEMP(K) =   300.19  PRESS =     0.0
 Etot   =    -67975.9678  EKtot   =     13229.3311  EPtot      =    -81205.2988
 BOND   =       537.1504  ANGLE   =      1684.4633  DIHED      =      1024.0427
 UB     =         0.0000  IMP     =         0.0000  CMAP       =       134.9339
 1-4 NB =       670.4466  1-4 EEL =     10234.6742  VDWAALS    =      9131.3324
 EELEC  =   -104622.3423  EHBOND  =         0.0000  RESTRAINT  =         0.0000
 ------------------------------------------------------------------------------

wrapping first mol.:       43.27310      -30.59870       52.99851
wrapping first mol.:       43.27310      -30.59870       52.99851
wrapping first mol.:       43.27310      -30.59870       52.99851
wrapping first mol.:       43.27310      -30.59870       52.99851
wrapping first mol.:       43.27310      -30.59870       52.99851
wrapping first mol.:       43.27310      -30.59870       52.99851
wrapping first mol.:       43.27310      -30.59870       52.99851
wrapping first mol.:       43.27310      -30.59870       52.99851
wrapping first mol.:       43.27310      -30.59870       52.99851
wrapping first mol.:       43.27310      -30.59870       52.99851
wrapping first mol.:       43.27310      -30.59870       52.99851

 NSTEP =  1050000   TIME(PS) =    2100.000  TEMP(K) =   296.09  PRESS =     0.0
 Etot   =    -68110.7207  EKtot   =     13048.4639  EPtot      =    -81159.1845
 BOND   =       593.1582  ANGLE   =      1644.7379  DIHED      =       998.2155
 UB     =         0.0000  IMP     =         0.0000  CMAP       =       136.5148
 1-4 NB =       658.6114  1-4 EEL =     10212.6379  VDWAALS    =      8923.0586
 EELEC  =   -104326.1188  EHBOND  =         0.0000  RESTRAINT  =         0.0000
 ------------------------------------------------------------------------------

wrapping first mol.:       43.27310      -30.59870       52.99851
wrapping first mol.:       43.27310      -30.59870       52.99851
wrapping first mol.:       43.27310      -30.59870       52.99851
wrapping first mol.:       21.63655       30.59870       52.99851
wrapping first mol.:       43.27310      -30.59870       52.99851
wrapping first mol.:       43.27310      -30.59870       52.99851
wrapping first mol.:       43.27310      -30.59870       52.99851
wrapping first mol.:       21.63655       30.59870       52.99851
wrapping first mol.:       21.63655       30.59870       52.99851
wrapping first mol.:       21.63655       30.59870       52.99851
wrapping first mol.:       21.63655       30.59870       52.99851

 NSTEP =  1100000   TIME(PS) =    2200.000  TEMP(K) =   299.91  PRESS =     0.0
 Etot   =    -67735.6850  EKtot   =     13217.0381  EPtot      =    -80952.7231
 BOND   =       546.2917  ANGLE   =      1615.8200  DIHED      =      1025.8123
 UB     =         0.0000  IMP     =         0.0000  CMAP       =       151.7410
 1-4 NB =       654.7942  1-4 EEL =     10188.7160  VDWAALS    =      8850.1487
 EELEC  =   -103986.0470  EHBOND  =         0.0000  RESTRAINT  =         0.0000
 ------------------------------------------------------------------------------

wrapping first mol.:       21.63655       30.59870       52.99851
wrapping first mol.:       21.63655       30.59870       52.99851
wrapping first mol.:       21.63655       30.59870       52.99851
wrapping first mol.:       21.63655       30.59870       52.99851
wrapping first mol.:       21.63655       30.59870       52.99851
wrapping first mol.:       21.63655       30.59870       52.99851
wrapping first mol.:       21.63655       30.59870       52.99851
wrapping first mol.:       21.63655       30.59870       52.99851
wrapping first mol.:       21.63655       30.59870       52.99851
wrapping first mol.:       21.63655       30.59870       52.99851
wrapping first mol.:       21.63655       30.59870       52.99851

 NSTEP =  1150000   TIME(PS) =    2300.000  TEMP(K) =   297.06  PRESS =     0.0
 Etot   =    -67812.4308  EKtot   =     13091.4189  EPtot      =    -80903.8497
 BOND   =       583.2900  ANGLE   =      1605.1394  DIHED      =      1009.6806
 UB     =         0.0000  IMP     =         0.0000  CMAP       =       143.1462
 1-4 NB =       672.7291  1-4 EEL =     10208.3861  VDWAALS    =      8759.4282
 EELEC  =   -103885.6493  EHBOND  =         0.0000  RESTRAINT  =         0.0000
 ------------------------------------------------------------------------------

wrapping first mol.:       21.63655       30.59870       52.99851
wrapping first mol.:       21.63655       30.59870       52.99851
wrapping first mol.:       21.63655       30.59870       52.99851
wrapping first mol.:       21.63655       30.59870       52.99851
wrapping first mol.:       21.63655       30.59870       52.99851
wrapping first mol.:       21.63655       30.59870       52.99851
wrapping first mol.:       21.63655       30.59870       52.99851
wrapping first mol.:       21.63655       30.59870       52.99851
wrapping first mol.:       21.63655       30.59870       52.99851
wrapping first mol.:       21.63655       30.59870       52.99851
wrapping first mol.:       21.63655       30.59870       52.99851

 NSTEP =  1200000   TIME(PS) =    2400.000  TEMP(K) =   298.94  PRESS =     0.0
 Etot   =    -67928.5242  EKtot   =     13174.4902  EPtot      =    -81103.0144
 BOND   =       578.5418  ANGLE   =      1613.3596  DIHED      =      1047.9997
 UB     =         0.0000  IMP     =         0.0000  CMAP       =       133.2637
 1-4 NB =       668.5781  1-4 EEL =     10202.3592  VDWAALS    =      9065.7085
 EELEC  =   -104412.8250  EHBOND  =         0.0000  RESTRAINT  =         0.0000
 ------------------------------------------------------------------------------

wrapping first mol.:       21.63655       30.59870       52.99851
wrapping first mol.:       21.63655       30.59870       52.99851
wrapping first mol.:       21.63655       30.59870       52.99851
wrapping first mol.:       21.63655       30.59870       52.99851
wrapping first mol.:       43.27310      -30.59870       52.99851
wrapping first mol.:       43.27310      -30.59870       52.99851
wrapping first mol.:       43.27310      -30.59870       52.99851
wrapping first mol.:       21.63655       30.59870       52.99851
wrapping first mol.:       21.63655       30.59870       52.99851
wrapping first mol.:       21.63655       30.59870       52.99851
wrapping first mol.:       21.63655       30.59870       52.99851

 NSTEP =  1250000   TIME(PS) =    2500.000  TEMP(K) =   299.79  PRESS =     0.0
 Etot   =    -67722.5191  EKtot   =     13211.6572  EPtot      =    -80934.1763
 BOND   =       578.3677  ANGLE   =      1649.6823  DIHED      =       998.6967
 UB     =         0.0000  IMP     =         0.0000  CMAP       =       139.9093
 1-4 NB =       648.7331  1-4 EEL =     10266.8480  VDWAALS    =      9148.2437
 EELEC  =   -104364.6572  EHBOND  =         0.0000  RESTRAINT  =         0.0000
 ------------------------------------------------------------------------------

wrapping first mol.:       21.63655       30.59870       52.99851
wrapping first mol.:       21.63655       30.59870       52.99851
wrapping first mol.:       21.63655       30.59870       52.99851
wrapping first mol.:       21.63655       30.59870       52.99851
wrapping first mol.:       21.63655       30.59870       52.99851
wrapping first mol.:       21.63655       30.59870       52.99851
wrapping first mol.:       21.63655       30.59870       52.99851
wrapping first mol.:       21.63655       30.59870       52.99851
wrapping first mol.:       21.63655       30.59870       52.99851
wrapping first mol.:       21.63655       30.59870       52.99851
wrapping first mol.:       21.63655       30.59870       52.99851

 NSTEP =  1300000   TIME(PS) =    2600.000  TEMP(K) =   298.80  PRESS =     0.0
 Etot   =    -68180.0330  EKtot   =     13168.2520  EPtot      =    -81348.2850
 BOND   =       552.3925  ANGLE   =      1597.1522  DIHED      =      1029.2574
 UB     =         0.0000  IMP     =         0.0000  CMAP       =       139.4384
 1-4 NB =       689.1344  1-4 EEL =     10288.8253  VDWAALS    =      9021.0950
 EELEC  =   -104665.5802  EHBOND  =         0.0000  RESTRAINT  =         0.0000
 ------------------------------------------------------------------------------

wrapping first mol.:       21.63655       30.59870       52.99851
wrapping first mol.:       21.63655       30.59870       52.99851
wrapping first mol.:       21.63655       30.59870       52.99851
wrapping first mol.:       21.63655       30.59870       52.99851
wrapping first mol.:       21.63655       30.59870       52.99851
wrapping first mol.:       21.63655       30.59870       52.99851
wrapping first mol.:       21.63655       30.59870       52.99851
wrapping first mol.:       21.63655       30.59870       52.99851
wrapping first mol.:       21.63655       30.59870       52.99851
wrapping first mol.:       21.63655       30.59870       52.99851
wrapping first mol.:       21.63655       30.59870       52.99851

 NSTEP =  1350000   TIME(PS) =    2700.000  TEMP(K) =   298.90  PRESS =     0.0
 Etot   =    -67943.6409  EKtot   =     13172.3057  EPtot      =    -81115.9466
 BOND   =       555.4427  ANGLE   =      1635.0896  DIHED      =      1021.4980
 UB     =         0.0000  IMP     =         0.0000  CMAP       =       139.6966
 1-4 NB =       661.6672  1-4 EEL =     10203.4368  VDWAALS    =      9023.4435
 EELEC  =   -104356.2210  EHBOND  =         0.0000  RESTRAINT  =         0.0000
 ------------------------------------------------------------------------------

wrapping first mol.:       21.63655       30.59870       52.99851
wrapping first mol.:       21.63655       30.59870       52.99851
wrapping first mol.:       21.63655       30.59870       52.99851
wrapping first mol.:       21.63655       30.59870       52.99851
wrapping first mol.:       43.27310      -30.59870       52.99851
wrapping first mol.:       21.63655       30.59870       52.99851
wrapping first mol.:       21.63655       30.59870       52.99851
wrapping first mol.:       43.27310      -30.59870       52.99851
wrapping first mol.:       43.27310      -30.59870       52.99851
wrapping first mol.:       43.27310      -30.59870       52.99851
wrapping first mol.:       43.27310      -30.59870       52.99851

 NSTEP =  1400000   TIME(PS) =    2800.000  TEMP(K) =   296.86  PRESS =     0.0
 Etot   =    -67854.0129  EKtot   =     13082.5566  EPtot      =    -80936.5695
 BOND   =       569.2955  ANGLE   =      1646.7945  DIHED      =      1039.8084
 UB     =         0.0000  IMP     =         0.0000  CMAP       =       151.0234
 1-4 NB =       668.3917  1-4 EEL =     10205.2004  VDWAALS    =      8828.2112
 EELEC  =   -104045.2944  EHBOND  =         0.0000  RESTRAINT  =         0.0000
 ------------------------------------------------------------------------------

wrapping first mol.:       43.27310      -30.59870       52.99851
wrapping first mol.:       43.27310      -30.59870       52.99851
wrapping first mol.:       43.27310      -30.59870       52.99851
wrapping first mol.:       43.27310      -30.59870       52.99851
wrapping first mol.:       43.27310      -30.59870       52.99851
wrapping first mol.:       43.27310      -30.59870       52.99851
wrapping first mol.:       43.27310      -30.59870       52.99851
wrapping first mol.:       43.27310      -30.59870       52.99851
wrapping first mol.:       43.27310      -30.59870       52.99851
wrapping first mol.:       43.27310      -30.59870       52.99851
wrapping first mol.:       43.27310      -30.59870       52.99851

 NSTEP =  1450000   TIME(PS) =    2900.000  TEMP(K) =   300.51  PRESS =     0.0
 Etot   =    -67755.8276  EKtot   =     13243.3672  EPtot      =    -80999.1948
 BOND   =       568.9305  ANGLE   =      1653.2413  DIHED      =      1005.3312
 UB     =         0.0000  IMP     =         0.0000  CMAP       =       145.5126
 1-4 NB =       655.2971  1-4 EEL =     10159.0934  VDWAALS    =      8705.0379
 EELEC  =   -103891.6388  EHBOND  =         0.0000  RESTRAINT  =         0.0000
 ------------------------------------------------------------------------------

wrapping first mol.:       43.27310      -30.59870       52.99851
wrapping first mol.:       43.27310      -30.59870       52.99851
wrapping first mol.:       43.27310      -30.59870       52.99851
wrapping first mol.:       43.27310      -30.59870       52.99851
wrapping first mol.:       43.27310      -30.59870       52.99851
wrapping first mol.:       43.27310      -30.59870       52.99851
wrapping first mol.:       43.27310      -30.59870       52.99851
wrapping first mol.:       43.27310      -30.59870       52.99851
wrapping first mol.:       43.27310      -30.59870       52.99851
wrapping first mol.:       43.27310      -30.59870       52.99851
wrapping first mol.:       43.27310      -30.59870       52.99851

 NSTEP =  1500000   TIME(PS) =    3000.000  TEMP(K) =   301.24  PRESS =     0.0
 Etot   =    -67927.6867  EKtot   =     13275.6201  EPtot      =    -81203.3068
 BOND   =       581.1452  ANGLE   =      1617.4000  DIHED      =      1003.4097
 UB     =         0.0000  IMP     =         0.0000  CMAP       =       149.3389
 1-4 NB =       659.9766  1-4 EEL =     10155.0367  VDWAALS    =      8817.9830
 EELEC  =   -104187.5968  EHBOND  =         0.0000  RESTRAINT  =         0.0000
 ------------------------------------------------------------------------------

wrapping first mol.:       43.27310      -30.59870       52.99851
wrapping first mol.:       21.63655       30.59870       52.99851
wrapping first mol.:       21.63655       30.59870       52.99851
wrapping first mol.:       43.27310      -30.59870       52.99851
wrapping first mol.:       43.27310      -30.59870       52.99851
wrapping first mol.:       21.63655       30.59870       52.99851
wrapping first mol.:       21.63655       30.59870       52.99851
wrapping first mol.:       21.63655       30.59870       52.99851
wrapping first mol.:       21.63655       30.59870       52.99851
wrapping first mol.:       21.63655       30.59870       52.99851
wrapping first mol.:       21.63655       30.59870       52.99851

 NSTEP =  1550000   TIME(PS) =    3100.000  TEMP(K) =   300.11  PRESS =     0.0
 Etot   =    -67762.4861  EKtot   =     13225.8301  EPtot      =    -80988.3162
 BOND   =       547.6016  ANGLE   =      1570.5522  DIHED      =      1054.4648
 UB     =         0.0000  IMP     =         0.0000  CMAP       =       135.0744
 1-4 NB =       679.2353  1-4 EEL =     10194.8754  VDWAALS    =      8789.1800
 EELEC  =   -103959.3000  EHBOND  =         0.0000  RESTRAINT  =         0.0000
 ------------------------------------------------------------------------------

wrapping first mol.:       21.63655       30.59870       52.99851
wrapping first mol.:       21.63655       30.59870       52.99851
wrapping first mol.:       21.63655       30.59870       52.99851
wrapping first mol.:       21.63655       30.59870       52.99851
wrapping first mol.:       21.63655       30.59870       52.99851
wrapping first mol.:       21.63655       30.59870       52.99851
wrapping first mol.:       21.63655       30.59870       52.99851
wrapping first mol.:       21.63655       30.59870       52.99851
wrapping first mol.:       21.63655       30.59870       52.99851
wrapping first mol.:       21.63655       30.59870       52.99851
wrapping first mol.:       21.63655       30.59870       52.99851

 NSTEP =  1600000   TIME(PS) =    3200.000  TEMP(K) =   301.36  PRESS =     0.0
 Etot   =    -67559.0357  EKtot   =     13280.7900  EPtot      =    -80839.8257
 BOND   =       575.7884  ANGLE   =      1625.2756  DIHED      =      1017.7339
 UB     =         0.0000  IMP     =         0.0000  CMAP       =       155.4597
 1-4 NB =       685.1712  1-4 EEL =     10200.7562  VDWAALS    =      8890.1634
 EELEC  =   -103990.1741  EHBOND  =         0.0000  RESTRAINT  =         0.0000
 ------------------------------------------------------------------------------

wrapping first mol.:       21.63655       30.59870       52.99851
wrapping first mol.:       21.63655       30.59870       52.99851
wrapping first mol.:       21.63655       30.59870       52.99851
wrapping first mol.:       21.63655       30.59870       52.99851
wrapping first mol.:       21.63655       30.59870       52.99851
wrapping first mol.:       21.63655       30.59870       52.99851
wrapping first mol.:       21.63655       30.59870       52.99851
wrapping first mol.:       21.63655       30.59870       52.99851
wrapping first mol.:       21.63655       30.59870       52.99851
wrapping first mol.:       21.63655       30.59870       52.99851
wrapping first mol.:       21.63655       30.59870       52.99851

 NSTEP =  1650000   TIME(PS) =    3300.000  TEMP(K) =   297.56  PRESS =     0.0
 Etot   =    -67949.0920  EKtot   =     13113.4727  EPtot      =    -81062.5646
 BOND   =       575.2531  ANGLE   =      1603.3016  DIHED      =      1029.6994
 UB     =         0.0000  IMP     =         0.0000  CMAP       =       146.1320
 1-4 NB =       687.8453  1-4 EEL =     10199.1168  VDWAALS    =      8941.3208
 EELEC  =   -104245.2336  EHBOND  =         0.0000  RESTRAINT  =         0.0000
 ------------------------------------------------------------------------------

wrapping first mol.:       21.63655       30.59870       52.99851
wrapping first mol.:       21.63655       30.59870       52.99851
wrapping first mol.:       21.63655       30.59870       52.99851
wrapping first mol.:       21.63655       30.59870       52.99851
wrapping first mol.:       21.63655       30.59870       52.99851
wrapping first mol.:       21.63655       30.59870       52.99851
wrapping first mol.:       21.63655       30.59870       52.99851
wrapping first mol.:       21.63655       30.59870       52.99851
wrapping first mol.:       21.63655       30.59870       52.99851
wrapping first mol.:       21.63655       30.59870       52.99851
wrapping first mol.:       21.63655       30.59870       52.99851

 NSTEP =  1700000   TIME(PS) =    3400.000  TEMP(K) =   296.71  PRESS =     0.0
 Etot   =    -68081.3108  EKtot   =     13076.1348  EPtot      =    -81157.4456
 BOND   =       549.5300  ANGLE   =      1606.8418  DIHED      =      1010.4102
 UB     =         0.0000  IMP     =         0.0000  CMAP       =       147.7477
 1-4 NB =       662.3704  1-4 EEL =     10223.9511  VDWAALS    =      8795.5872
 EELEC  =   -104153.8840  EHBOND  =         0.0000  RESTRAINT  =         0.0000
 ------------------------------------------------------------------------------

wrapping first mol.:       21.63655       30.59870       52.99851
wrapping first mol.:       43.27310      -30.59870       52.99851
wrapping first mol.:       43.27310      -30.59870       52.99851
wrapping first mol.:       43.27310      -30.59870       52.99851
wrapping first mol.:       21.63655       30.59870       52.99851
wrapping first mol.:       21.63655       30.59870       52.99851
wrapping first mol.:       21.63655       30.59870       52.99851
wrapping first mol.:       21.63655       30.59870       52.99851
wrapping first mol.:       21.63655       30.59870       52.99851
wrapping first mol.:       43.27310      -30.59870       52.99851
wrapping first mol.:       43.27310      -30.59870       52.99851

 NSTEP =  1750000   TIME(PS) =    3500.000  TEMP(K) =   302.30  PRESS =     0.0
 Etot   =    -67814.7451  EKtot   =     13322.5273  EPtot      =    -81137.2724
 BOND   =       578.3097  ANGLE   =      1621.3356  DIHED      =      1006.8639
 UB     =         0.0000  IMP     =         0.0000  CMAP       =       134.3206
 1-4 NB =       662.1395  1-4 EEL =     10243.9107  VDWAALS    =      9146.8655
 EELEC  =   -104531.0179  EHBOND  =         0.0000  RESTRAINT  =         0.0000
 ------------------------------------------------------------------------------

wrapping first mol.:       43.27310      -30.59870       52.99851
wrapping first mol.:       43.27310      -30.59870       52.99851
wrapping first mol.:       43.27310      -30.59870       52.99851
wrapping first mol.:       43.27310      -30.59870       52.99851
wrapping first mol.:       43.27310      -30.59870       52.99851
wrapping first mol.:       43.27310      -30.59870       52.99851
wrapping first mol.:       43.27310      -30.59870       52.99851
wrapping first mol.:       43.27310      -30.59870       52.99851
wrapping first mol.:       43.27310      -30.59870       52.99851
wrapping first mol.:       43.27310      -30.59870       52.99851
wrapping first mol.:       43.27310      -30.59870       52.99851

 NSTEP =  1800000   TIME(PS) =    3600.000  TEMP(K) =   302.11  PRESS =     0.0
 Etot   =    -67813.5814  EKtot   =     13313.8555  EPtot      =    -81127.4368
 BOND   =       543.3714  ANGLE   =      1623.9329  DIHED      =      1037.2402
 UB     =         0.0000  IMP     =         0.0000  CMAP       =       144.4965
 1-4 NB =       674.2842  1-4 EEL =     10229.8821  VDWAALS    =      9071.9104
 EELEC  =   -104452.5544  EHBOND  =         0.0000  RESTRAINT  =         0.0000
 ------------------------------------------------------------------------------

wrapping first mol.:       43.27310      -30.59870       52.99851
wrapping first mol.:       43.27310      -30.59870       52.99851
wrapping first mol.:       43.27310      -30.59870       52.99851
wrapping first mol.:       43.27310      -30.59870       52.99851
wrapping first mol.:       43.27310      -30.59870       52.99851
wrapping first mol.:       43.27310      -30.59870       52.99851
wrapping first mol.:       43.27310      -30.59870       52.99851
wrapping first mol.:       43.27310      -30.59870       52.99851
wrapping first mol.:       43.27310      -30.59870       52.99851
wrapping first mol.:       43.27310      -30.59870       52.99851
wrapping first mol.:       43.27310      -30.59870       52.99851

 NSTEP =  1850000   TIME(PS) =    3700.000  TEMP(K) =   300.97  PRESS =     0.0
 Etot   =    -67966.8770  EKtot   =     13263.6367  EPtot      =    -81230.5137
 BOND   =       579.3435  ANGLE   =      1619.5843  DIHED      =      1030.3415
 UB     =         0.0000  IMP     =         0.0000  CMAP       =       144.1411
 1-4 NB =       672.8921  1-4 EEL =     10275.3947  VDWAALS    =      8866.3879
 EELEC  =   -104418.5987  EHBOND  =         0.0000  RESTRAINT  =         0.0000
 ------------------------------------------------------------------------------

wrapping first mol.:       43.27310      -30.59870       52.99851
wrapping first mol.:       43.27310      -30.59870       52.99851
wrapping first mol.:       43.27310      -30.59870       52.99851
wrapping first mol.:       43.27310      -30.59870       52.99851
wrapping first mol.:       43.27310      -30.59870       52.99851
wrapping first mol.:       43.27310      -30.59870       52.99851
wrapping first mol.:       43.27310      -30.59870       52.99851
wrapping first mol.:       43.27310      -30.59870       52.99851
wrapping first mol.:       43.27310      -30.59870       52.99851
wrapping first mol.:       43.27310      -30.59870       52.99851
wrapping first mol.:       43.27310      -30.59870       52.99851

 NSTEP =  1900000   TIME(PS) =    3800.000  TEMP(K) =   300.31  PRESS =     0.0
 Etot   =    -67929.6386  EKtot   =     13234.6436  EPtot      =    -81164.2821
 BOND   =       563.4849  ANGLE   =      1643.5128  DIHED      =      1028.1055
 UB     =         0.0000  IMP     =         0.0000  CMAP       =       145.8268
 1-4 NB =       676.4742  1-4 EEL =     10295.0797  VDWAALS    =      8874.1450
 EELEC  =   -104390.9112  EHBOND  =         0.0000  RESTRAINT  =         0.0000
 ------------------------------------------------------------------------------

wrapping first mol.:       43.27310      -30.59870       52.99851
wrapping first mol.:       43.27310      -30.59870       52.99851
wrapping first mol.:       43.27310      -30.59870       52.99851
wrapping first mol.:       43.27310      -30.59870       52.99851
wrapping first mol.:       43.27310      -30.59870       52.99851
wrapping first mol.:       43.27310      -30.59870       52.99851
wrapping first mol.:       43.27310      -30.59870       52.99851
wrapping first mol.:       43.27310      -30.59870       52.99851
wrapping first mol.:       43.27310      -30.59870       52.99851
wrapping first mol.:       43.27310      -30.59870       52.99851
wrapping first mol.:       43.27310      -30.59870       52.99851

 NSTEP =  1950000   TIME(PS) =    3900.000  TEMP(K) =   299.42  PRESS =     0.0
 Etot   =    -67930.9198  EKtot   =     13195.5205  EPtot      =    -81126.4403
 BOND   =       568.7340  ANGLE   =      1595.4344  DIHED      =      1039.1281
 UB     =         0.0000  IMP     =         0.0000  CMAP       =       153.7665
 1-4 NB =       668.3102  1-4 EEL =     10234.0012  VDWAALS    =      8841.7754
 EELEC  =   -104227.5901  EHBOND  =         0.0000  RESTRAINT  =         0.0000
 ------------------------------------------------------------------------------

wrapping first mol.:       43.27310      -30.59870       52.99851
wrapping first mol.:       43.27310      -30.59870       52.99851
wrapping first mol.:       43.27310      -30.59870       52.99851
wrapping first mol.:       43.27310      -30.59870       52.99851
wrapping first mol.:       43.27310      -30.59870       52.99851
wrapping first mol.:       43.27310      -30.59870       52.99851
wrapping first mol.:       43.27310      -30.59870       52.99851
wrapping first mol.:       43.27310      -30.59870       52.99851
wrapping first mol.:       43.27310      -30.59870       52.99851
wrapping first mol.:       43.27310      -30.59870       52.99851
wrapping first mol.:       43.27310      -30.59870       52.99851

 NSTEP =  2000000   TIME(PS) =    4000.000  TEMP(K) =   299.07  PRESS =     0.0
 Etot   =    -67832.2204  EKtot   =     13179.9365  EPtot      =    -81012.1569
 BOND   =       577.8890  ANGLE   =      1601.8577  DIHED      =      1060.5782
 UB     =         0.0000  IMP     =         0.0000  CMAP       =       159.6219
 1-4 NB =       682.7183  1-4 EEL =     10319.1055  VDWAALS    =      8960.3099
 EELEC  =   -104374.2373  EHBOND  =         0.0000  RESTRAINT  =         0.0000
 ------------------------------------------------------------------------------

wrapping first mol.:       43.27310      -30.59870       52.99851
wrapping first mol.:       43.27310      -30.59870       52.99851
wrapping first mol.:       43.27310      -30.59870       52.99851
wrapping first mol.:       43.27310      -30.59870       52.99851
wrapping first mol.:       43.27310      -30.59870       52.99851
wrapping first mol.:       43.27310      -30.59870       52.99851
wrapping first mol.:       43.27310      -30.59870       52.99851
wrapping first mol.:       43.27310      -30.59870       52.99851
wrapping first mol.:       43.27310      -30.59870       52.99851
wrapping first mol.:       43.27310      -30.59870       52.99851
wrapping first mol.:       43.27310      -30.59870       52.99851

 NSTEP =  2050000   TIME(PS) =    4100.000  TEMP(K) =   297.91  PRESS =     0.0
 Etot   =    -67810.8511  EKtot   =     13128.9346  EPtot      =    -80939.7857
 BOND   =       548.0183  ANGLE   =      1633.8215  DIHED      =      1014.6504
 UB     =         0.0000  IMP     =         0.0000  CMAP       =       139.7721
 1-4 NB =       689.6008  1-4 EEL =     10219.1995  VDWAALS    =      8510.8568
 EELEC  =   -103695.7050  EHBOND  =         0.0000  RESTRAINT  =         0.0000
 ------------------------------------------------------------------------------

wrapping first mol.:       43.27310      -30.59870       52.99851
wrapping first mol.:       43.27310      -30.59870       52.99851
wrapping first mol.:       43.27310      -30.59870       52.99851
wrapping first mol.:       43.27310      -30.59870       52.99851
wrapping first mol.:       43.27310      -30.59870       52.99851
wrapping first mol.:       43.27310      -30.59870       52.99851
wrapping first mol.:       43.27310      -30.59870       52.99851
wrapping first mol.:       43.27310      -30.59870       52.99851
wrapping first mol.:       43.27310      -30.59870       52.99851
wrapping first mol.:       43.27310      -30.59870       52.99851
wrapping first mol.:       43.27310      -30.59870       52.99851

 NSTEP =  2100000   TIME(PS) =    4200.000  TEMP(K) =   300.65  PRESS =     0.0
 Etot   =    -67781.4858  EKtot   =     13249.7451  EPtot      =    -81031.2309
 BOND   =       573.8234  ANGLE   =      1538.8004  DIHED      =      1000.6021
 UB     =         0.0000  IMP     =         0.0000  CMAP       =       142.3758
 1-4 NB =       650.9945  1-4 EEL =     10232.0976  VDWAALS    =      8821.7958
 EELEC  =   -103991.7206  EHBOND  =         0.0000  RESTRAINT  =         0.0000
 ------------------------------------------------------------------------------

wrapping first mol.:       43.27310      -30.59870       52.99851
wrapping first mol.:       43.27310      -30.59870       52.99851
wrapping first mol.:       43.27310      -30.59870       52.99851
wrapping first mol.:       43.27310      -30.59870       52.99851
wrapping first mol.:       43.27310      -30.59870       52.99851
wrapping first mol.:       43.27310      -30.59870       52.99851
wrapping first mol.:       43.27310      -30.59870       52.99851
wrapping first mol.:       43.27310      -30.59870       52.99851
wrapping first mol.:       43.27310      -30.59870       52.99851
wrapping first mol.:       43.27310      -30.59870       52.99851
wrapping first mol.:       43.27310      -30.59870       52.99851

 NSTEP =  2150000   TIME(PS) =    4300.000  TEMP(K) =   298.98  PRESS =     0.0
 Etot   =    -67931.0454  EKtot   =     13175.8809  EPtot      =    -81106.9262
 BOND   =       566.7000  ANGLE   =      1626.8176  DIHED      =      1016.4086
 UB     =         0.0000  IMP     =         0.0000  CMAP       =       141.7150
 1-4 NB =       650.6278  1-4 EEL =     10210.2733  VDWAALS    =      8848.6950
 EELEC  =   -104168.1635  EHBOND  =         0.0000  RESTRAINT  =         0.0000
 ------------------------------------------------------------------------------

wrapping first mol.:       43.27310      -30.59870       52.99851
wrapping first mol.:       43.27310      -30.59870       52.99851
wrapping first mol.:       43.27310      -30.59870       52.99851
wrapping first mol.:       43.27310      -30.59870       52.99851
wrapping first mol.:       43.27310      -30.59870       52.99851
wrapping first mol.:       43.27310      -30.59870       52.99851
wrapping first mol.:       43.27310      -30.59870       52.99851
wrapping first mol.:       43.27310      -30.59870       52.99851
wrapping first mol.:       43.27310      -30.59870       52.99851
wrapping first mol.:       43.27310      -30.59870       52.99851
wrapping first mol.:       43.27310      -30.59870       52.99851

 NSTEP =  2200000   TIME(PS) =    4400.000  TEMP(K) =   299.48  PRESS =     0.0
 Etot   =    -67791.8177  EKtot   =     13197.9512  EPtot      =    -80989.7689
 BOND   =       570.1599  ANGLE   =      1548.1772  DIHED      =      1009.1413
 UB     =         0.0000  IMP     =         0.0000  CMAP       =       148.6007
 1-4 NB =       652.9821  1-4 EEL =     10305.9578  VDWAALS    =      8745.8276
 EELEC  =   -103970.6155  EHBOND  =         0.0000  RESTRAINT  =         0.0000
 ------------------------------------------------------------------------------

wrapping first mol.:       43.27310      -30.59870       52.99851
wrapping first mol.:       43.27310      -30.59870       52.99851
wrapping first mol.:       43.27310      -30.59870       52.99851
wrapping first mol.:       43.27310      -30.59870       52.99851
wrapping first mol.:       43.27310      -30.59870       52.99851
wrapping first mol.:       43.27310      -30.59870       52.99851
wrapping first mol.:       43.27310      -30.59870       52.99851
wrapping first mol.:       43.27310      -30.59870       52.99851
wrapping first mol.:       43.27310      -30.59870       52.99851
wrapping first mol.:       43.27310      -30.59870       52.99851
wrapping first mol.:       43.27310      -30.59870       52.99851

 NSTEP =  2250000   TIME(PS) =    4500.000  TEMP(K) =   298.33  PRESS =     0.0
 Etot   =    -67914.0218  EKtot   =     13147.4385  EPtot      =    -81061.4603
 BOND   =       578.9155  ANGLE   =      1651.6036  DIHED      =      1036.5407
 UB     =         0.0000  IMP     =         0.0000  CMAP       =       147.4712
 1-4 NB =       673.6950  1-4 EEL =     10293.2885  VDWAALS    =      8985.8327
 EELEC  =   -104428.8076  EHBOND  =         0.0000  RESTRAINT  =         0.0000
 ------------------------------------------------------------------------------

wrapping first mol.:       43.27310      -30.59870       52.99851
wrapping first mol.:       43.27310      -30.59870       52.99851
wrapping first mol.:       43.27310      -30.59870       52.99851
wrapping first mol.:       43.27310      -30.59870       52.99851
wrapping first mol.:       43.27310      -30.59870       52.99851
wrapping first mol.:       43.27310      -30.59870       52.99851
wrapping first mol.:       43.27310      -30.59870       52.99851
wrapping first mol.:       43.27310      -30.59870       52.99851
wrapping first mol.:       43.27310      -30.59870       52.99851
wrapping first mol.:       43.27310      -30.59870       52.99851
wrapping first mol.:       43.27310      -30.59870       52.99851

 NSTEP =  2300000   TIME(PS) =    4600.000  TEMP(K) =   299.61  PRESS =     0.0
 Etot   =    -67992.9555  EKtot   =     13203.9863  EPtot      =    -81196.9419
 BOND   =       570.2561  ANGLE   =      1633.7789  DIHED      =      1022.7759
 UB     =         0.0000  IMP     =         0.0000  CMAP       =       135.0144
 1-4 NB =       670.6975  1-4 EEL =     10276.7869  VDWAALS    =      8862.2853
 EELEC  =   -104368.5368  EHBOND  =         0.0000  RESTRAINT  =         0.0000
 ------------------------------------------------------------------------------

wrapping first mol.:       43.27310      -30.59870       52.99851
wrapping first mol.:       43.27310      -30.59870       52.99851
wrapping first mol.:       43.27310      -30.59870       52.99851
wrapping first mol.:       43.27310      -30.59870       52.99851
wrapping first mol.:       43.27310      -30.59870       52.99851
wrapping first mol.:       43.27310      -30.59870       52.99851
wrapping first mol.:       43.27310      -30.59870       52.99851
wrapping first mol.:       43.27310      -30.59870       52.99851
wrapping first mol.:       43.27310      -30.59870       52.99851
wrapping first mol.:       43.27310      -30.59870       52.99851
wrapping first mol.:       43.27310      -30.59870       52.99851

 NSTEP =  2350000   TIME(PS) =    4700.000  TEMP(K) =   298.46  PRESS =     0.0
 Etot   =    -67841.1672  EKtot   =     13153.0811  EPtot      =    -80994.2482
 BOND   =       596.0801  ANGLE   =      1639.1732  DIHED      =      1038.0051
 UB     =         0.0000  IMP     =         0.0000  CMAP       =       153.9284
 1-4 NB =       636.0284  1-4 EEL =     10254.5747  VDWAALS    =      8893.0669
 EELEC  =   -104205.1051  EHBOND  =         0.0000  RESTRAINT  =         0.0000
 ------------------------------------------------------------------------------

wrapping first mol.:       43.27310      -30.59870       52.99851
wrapping first mol.:       43.27310      -30.59870       52.99851
wrapping first mol.:       43.27310      -30.59870       52.99851
wrapping first mol.:       43.27310      -30.59870       52.99851
wrapping first mol.:       43.27310      -30.59870       52.99851
wrapping first mol.:       43.27310      -30.59870       52.99851
wrapping first mol.:       43.27310      -30.59870       52.99851
wrapping first mol.:       43.27310      -30.59870       52.99851
wrapping first mol.:       43.27310      -30.59870       52.99851
wrapping first mol.:       43.27310      -30.59870       52.99851
wrapping first mol.:       43.27310      -30.59870       52.99851

 NSTEP =  2400000   TIME(PS) =    4800.000  TEMP(K) =   300.01  PRESS =     0.0
 Etot   =    -68007.1139  EKtot   =     13221.4805  EPtot      =    -81228.5944
 BOND   =       586.7955  ANGLE   =      1643.9361  DIHED      =      1043.5405
 UB     =         0.0000  IMP     =         0.0000  CMAP       =       141.6495
 1-4 NB =       662.1917  1-4 EEL =     10249.7436  VDWAALS    =      9119.5913
 EELEC  =   -104676.0427  EHBOND  =         0.0000  RESTRAINT  =         0.0000
 ------------------------------------------------------------------------------

wrapping first mol.:       43.27310      -30.59870       52.99851
wrapping first mol.:       43.27310      -30.59870       52.99851
wrapping first mol.:       43.27310      -30.59870       52.99851
wrapping first mol.:       43.27310      -30.59870       52.99851
wrapping first mol.:       43.27310      -30.59870       52.99851
wrapping first mol.:       43.27310      -30.59870       52.99851
wrapping first mol.:       43.27310      -30.59870       52.99851
wrapping first mol.:       43.27310      -30.59870       52.99851
wrapping first mol.:       43.27310      -30.59870       52.99851
wrapping first mol.:       43.27310      -30.59870       52.99851
wrapping first mol.:       43.27310      -30.59870       52.99851

 NSTEP =  2450000   TIME(PS) =    4900.000  TEMP(K) =   299.93  PRESS =     0.0
 Etot   =    -67841.2075  EKtot   =     13218.0840  EPtot      =    -81059.2914
 BOND   =       574.5959  ANGLE   =      1671.1580  DIHED      =      1011.5531
 UB     =         0.0000  IMP     =         0.0000  CMAP       =       149.2804
 1-4 NB =       665.7470  1-4 EEL =     10265.2655  VDWAALS    =      9070.2866
 EELEC  =   -104467.1779  EHBOND  =         0.0000  RESTRAINT  =         0.0000
 ------------------------------------------------------------------------------

wrapping first mol.:       43.27310      -30.59870       52.99851
wrapping first mol.:       43.27310      -30.59870       52.99851
wrapping first mol.:       43.27310      -30.59870       52.99851
wrapping first mol.:       43.27310      -30.59870       52.99851
wrapping first mol.:       43.27310      -30.59870       52.99851
wrapping first mol.:       43.27310      -30.59870       52.99851
wrapping first mol.:       43.27310      -30.59870       52.99851
wrapping first mol.:       43.27310      -30.59870       52.99851
wrapping first mol.:       43.27310      -30.59870       52.99851
wrapping first mol.:       43.27310      -30.59870       52.99851
wrapping first mol.:       43.27310      -30.59870       52.99851

 NSTEP =  2500000   TIME(PS) =    5000.000  TEMP(K) =   303.36  PRESS =     0.0
 Etot   =    -67907.1110  EKtot   =     13369.1650  EPtot      =    -81276.2760
 BOND   =       578.7702  ANGLE   =      1574.9391  DIHED      =      1021.8557
 UB     =         0.0000  IMP     =         0.0000  CMAP       =       146.7242
 1-4 NB =       657.6449  1-4 EEL =     10278.9613  VDWAALS    =      8923.0767
 EELEC  =   -104458.2482  EHBOND  =         0.0000  RESTRAINT  =         0.0000
 ------------------------------------------------------------------------------


      A V E R A G E S   O V E R      50 S T E P S


 NSTEP =  2500000   TIME(PS) =    5000.000  TEMP(K) =   300.06  PRESS =     0.0
 Etot   =    -67868.1461  EKtot   =     13223.4243  EPtot      =    -81091.5704
 BOND   =       566.5605  ANGLE   =      1615.6064  DIHED      =      1021.2198
 UB     =         0.0000  IMP     =         0.0000  CMAP       =       144.2077
 1-4 NB =       664.9111  1-4 EEL =     10226.6824  VDWAALS    =      8914.4287
 EELEC  =   -104245.1870  EHBOND  =         0.0000  RESTRAINT  =         0.0000
 ------------------------------------------------------------------------------


      R M S  F L U C T U A T I O N S


 NSTEP =  2500000   TIME(PS) =    5000.000  TEMP(K) =     1.86  PRESS =     0.0
 Etot   =       136.4277  EKtot   =        81.8485  EPtot      =       127.9308
 BOND   =        14.4078  ANGLE   =        31.1446  DIHED      =        16.1449
 UB     =         0.0000  IMP     =         0.0000  CMAP       =         6.5566
 1-4 NB =        12.0400  1-4 EEL =        42.2035  VDWAALS    =       148.1598
 EELEC  =       244.6876  EHBOND  =         0.0000  RESTRAINT  =         0.0000
 ------------------------------------------------------------------------------

--------------------------------------------------------------------------------
   5.  TIMINGS
--------------------------------------------------------------------------------

|  NonSetup CPU Time in Major Routines:
|
|     Routine           Sec        %
|     ------------------------------
|     Nonbond         632.03   13.33
|     Bond              0.00    0.00
|     Angle             0.00    0.00
|     Dihedral          0.00    0.00
|     Shake            21.35    0.45
|     RunMD          4083.58   86.14
|     Other             3.56    0.08
|     ------------------------------
|     Total          4740.53

|  PME Nonbond Pairlist CPU Time:
|
|     Routine              Sec        %
|     ---------------------------------
|     Set Up Cit           0.00    0.00
|     Build List           0.00    0.00
|     ---------------------------------
|     Total                0.00    0.00

|  PME Direct Force CPU Time:
|
|     Routine              Sec        %
|     ---------------------------------
|     NonBonded Calc       0.00    0.00
|     Exclude Masked       0.00    0.00
|     Other                1.91    0.04
|     ---------------------------------
|     Total                1.91    0.04

|  PME Reciprocal Force CPU Time:
|
|     Routine              Sec        %
|     ---------------------------------
|     1D bspline           0.00    0.00
|     Grid Charges         0.00    0.00
|     Scalar Sum           0.00    0.00
|     Gradient Sum         0.00    0.00
|     FFT                  0.00    0.00
|     ---------------------------------
|     Total                0.00    0.00

|  Final Performance Info:
|     -----------------------------------------------------
|     Average timings for last       1 steps:
|     Elapsed(s) =       0.00 Per Step(ms) =       0.16
|         ns/day =    1065.95   seconds/ns =      81.05
|
|     Average timings for all steps:
|     Elapsed(s) =    4749.42 Per Step(ms) =       1.90
|         ns/day =      90.96   seconds/ns =     949.88
|     -----------------------------------------------------

|  Setup CPU time:            0.59 seconds
|  NonSetup CPU time:      4740.53 seconds
|  Total CPU time:         4741.12 seconds     1.32 hours

|  Setup wall time:           1    seconds
|  NonSetup wall time:     4749    seconds
|  Total wall time:        4750    seconds     1.32 hours
