
          -------------------------------------------------------
          Amber 18 PMEMD                              2018
          -------------------------------------------------------

| PMEMD implementation of SANDER, Release 18

| Run on 07/03/2020 at 17:52:46

|   Executable path: pmemd.cuda
| Working directory: /home/almacen/pbarletta/dynein/run/3fm7/3_pdt
|          Hostname: Unknown
  [-O]verwriting output

File Assignments:
|   MDIN: pre_pdt.in                                                            
|  MDOUT: 0pdt.out                                                              
| INPCRD: 3_3fm7.rst7                                                           
|   PARM: /home/almacen/pbarletta/dynein/top_files/3fm7.prmtop                  
| RESTRT: 0p1_3fm7.rst7                                                         
|   REFC: refc                                                                  
|  MDVEL: mdvel                                                                 
|   MDEN: mden                                                                  
|  MDCRD: 0p1_3fm7.nc                                                           
| MDINFO: mdinfo                                                                
|  MDFRC: mdfrc                                                                 


 Here is the input file:

Production run                                                                 
&cntrl                                                                         
imin = 0,                           ! No Minimization                          
nmropt = 0,                         ! No NMR restraints read                   
                                                                               
! Nature and format of the input                                               
ntx = 1,                            ! Coordinates but no velocities will be rea
irest = 0,                          ! Run a new simulation                     
                                                                               
! Nature and format of the output                                              
ntxo = 2,                           ! rstrt file in NetCDF format              
ntpr = 50000,                       ! inf in output every ntpr steps           
ntwr = 50000,                       ! rstrt file every ntwr steps              
ntwx = 5000,                        ! mdcrd file every ntwx steps              
ntwv = 0,                           ! mdvel without velocities                 
ntwe = 0,                           ! Energies and temperatures not written in 
idecomp = 0,                        ! No energy decomposition                  
iwrap = 1,                          ! Coordinates of the restart and mdcrd file
                                                                               
! Frozen or restrained atoms                                                   
ibelly = 0,                         ! No frozen atoms                          
ntr=0,                              ! Harmonic potential restraints            
                                                                               
! Molecular dynamics                                                           
nstlim = 2500000,                   ! Number of MD-steps                       
dt = 0.002,                         ! Time step                                
                                                                               
! Temperature regulation                                                       
ntt = 3,                            ! Langevin thermostat                      
gamma_ln = 2,                       ! Gamma constant for Langevin              
temp0 = 300.0,                      ! Reference T at which the system is to be 
tempi = 300.0,                      ! Initial T                                
ig = -1,                            ! Seed for the RNG                         
                                                                               
! P and V regulation                                                           
!barostat = 1,                      ! Berendsen barostat                       
!taup = 1,                          ! Pressure relaxation time                 
ntp = 0,                            ! constant V                               
ntb = 1,                            ! Periodic box for constant V              
                                                                               
! SHAKE variables                                                              
ntc = 2,                            ! Bonds involving H are constrained        
ntf = 2,                            ! Bond interaction involving H are ommited.
                                                                               
cut = 9.0,                          ! Nonbonded cutoff                         
/                                                                              
&end                                                                           


Note: ig = -1. Setting random seed to   786796 based on wallclock time in 
      microseconds.
| irandom = 1, using AMBER's internal random number generator (default).
 
|--------------------- INFORMATION ----------------------
| GPU (CUDA) Version of PMEMD in use: NVIDIA GPU IN USE.
|                    Version 18.0.0
| 
|                      03/25/2018
| 
| Implementation by:
|                    Ross C. Walker     (SDSC)
|                    Scott Le Grand     (nVIDIA)
| 
| Version 18 performance extensions by:
|                    David Cerutti     (Rutgers)
| 
| Precision model in use:
|      [SPFP] - Single Precision Forces, 64-bit Fixed Point
|               Accumulation. (Default)
| 
|--------------------------------------------------------
 
|----------------- CITATION INFORMATION -----------------
|
|    When publishing work that utilized the CUDA version
|    of AMBER, please cite the following in addition to
|    the regular AMBER citations:
|
|  - Romelia Salomon-Ferrer; Andreas W. Goetz; Duncan
|    Poole; Scott Le Grand; Ross C. Walker "Routine
|    microsecond molecular dynamics simulations with
|    AMBER - Part II: Particle Mesh Ewald", J. Chem.
|    Theory Comput., 2013, 9 (9), pp3878-3888,
|    DOI: 10.1021/ct400314y.
|
|  - Andreas W. Goetz; Mark J. Williamson; Dong Xu;
|    Duncan Poole; Scott Le Grand; Ross C. Walker
|    "Routine microsecond molecular dynamics simulations
|    with AMBER - Part I: Generalized Born", J. Chem.
|    Theory Comput., 2012, 8 (5), pp1542-1555.
|
|  - Scott Le Grand; Andreas W. Goetz; Ross C. Walker
|    "SPFP: Speed without compromise - a mixed precision
|    model for GPU accelerated molecular dynamics
|    simulations.", Comp. Phys. Comm., 2013, 184
|    pp374-380, DOI: 10.1016/j.cpc.2012.09.022
|
|--------------------------------------------------------
 
|------------------- GPU DEVICE INFO --------------------
|
|            CUDA_VISIBLE_DEVICES: 0
|   CUDA Capable Devices Detected:      1
|           CUDA Device ID in use:      0
|                CUDA Device Name: GeForce GTX 1080 Ti
|     CUDA Device Global Mem Size:  11178 MB
| CUDA Device Num Multiprocessors:     28
|           CUDA Device Core Freq:   1.72 GHz
|
|--------------------------------------------------------
 
 
| Conditional Compilation Defines Used:
| PUBFFT
| BINTRAJ
| CUDA
| EMIL

| Largest sphere to fit in unit cell has radius =    40.522

| New format PARM file being parsed.
| Version =    1.000 Date = 06/08/20 Time = 20:22:27

| Note: 1-4 EEL scale factors are being read from the topology file.

| Note: 1-4 VDW scale factors are being read from the topology file.
| Duplicated    0 dihedrals

| Duplicated    0 dihedrals

--------------------------------------------------------------------------------
   1.  RESOURCE   USE: 
--------------------------------------------------------------------------------

 getting new box info from bottom of inpcrd
 NATOM  =   99069 NTYPES =      18 NBONH =   72575 MBONA  =   26562
 NTHETH =    7652 MTHETA =    4742 NPHIH =   15618 MPHIA  =   15137
 NHPARM =       0 NPARM  =       0 NNB   =  198959 NRES   =   23494
 NBONA  =   26562 NTHETA =    4742 NPHIA =   15137 NUMBND =      75
 NUMANG =     181 NPTRA  =     191 NATYP =      37 NPHB   =       1
 IFBOX  =       2 NMXRS  =      24 IFCAP =       0 NEXTRA =   23065
 NCOPY  =       0


| Coordinate Index Table dimensions:    17   17   17
| Direct force subcell size =     5.8388    5.8388    5.8388

     BOX TYPE: TRUNCATED OCTAHEDRON

--------------------------------------------------------------------------------
   2.  CONTROL  DATA  FOR  THE  RUN
--------------------------------------------------------------------------------

default_name                                                                    

General flags:
     imin    =       0, nmropt  =       0

Nature and format of input:
     ntx     =       1, irest   =       0, ntrx    =       1

Nature and format of output:
     ntxo    =       2, ntpr    =   50000, ntrx    =       1, ntwr    =   50000
     iwrap   =       1, ntwx    =    5000, ntwv    =       0, ntwe    =       0
     ioutfm  =       1, ntwprt  =       0, idecomp =       0, rbornstat=      0

Potential function:
     ntf     =       2, ntb     =       1, igb     =       0, nsnb    =      25
     ipol    =       0, gbsa    =       0, iesp    =       0
     dielc   =   1.00000, cut     =   9.00000, intdiel =   1.00000

Frozen or restrained atoms:
     ibelly  =       0, ntr     =       0

Molecular dynamics:
     nstlim  =   2500000, nscm    =      1000, nrespa  =         1
     t       =   0.00000, dt      =   0.00200, vlimit  =  -1.00000

Langevin dynamics temperature regulation:
     ig      =  786796
     temp0   = 300.00000, tempi   = 300.00000, gamma_ln=   2.00000

SHAKE:
     ntc     =       2, jfastw  =       0
     tol     =   0.00001

| Intermolecular bonds treatment:
|     no_intermolecular_bonds =       1

| Energy averages sample interval:
|     ene_avg_sampling =   50000

Extra-points options:
     frameon =       1, chngmask=       1

Ewald parameters:
     verbose =       0, ew_type =       0, nbflag  =       1, use_pme =       1
     vdwmeth =       1, eedmeth =       1, netfrc  =       1
     Box X =   99.259   Box Y =   99.259   Box Z =   99.259
     Alpha =  109.471   Beta  =  109.471   Gamma =  109.471
     NFFT1 =  100       NFFT2 =  100       NFFT3 =  100
     Cutoff=    9.000   Tol   =0.100E-04
     Ewald Coefficient =  0.30768
     Interpolation order =    4
|      EXTRA_PTS, trim_bonds: num bonds BEFORE trim = 72575     0
|      EXTRA_PTS, trim_bonds: num bonds AFTER  trim = 72575     0
|      EXTRA_PTS, trim_bonds: num bonds BEFORE trim = 26562     0
|      EXTRA_PTS, trim_bonds: num bonds AFTER  trim =  3497     0
|      EXTRA_PTS, trim_theta: num angle BEFORE trim =  7652     0
|      EXTRA_PTS, trim_theta: num angle AFTER  trim =  7652     0
|      EXTRA_PTS, trim_theta: num angle BEFORE trim =  4742     0
|      EXTRA_PTS, trim_theta: num angle AFTER  trim =  4742     0
|      EXTRA_PTS, trim_phi:  num diheds BEFORE trim = 15618     0
|      EXTRA_PTS, trim_phi:  num diheds AFTER  trim = 15618     0
|      EXTRA_PTS, trim_phi:  num diheds BEFORE trim = 15137     0
|      EXTRA_PTS, trim_phi:  num diheds AFTER  trim = 15137     0

--------------------------------------------------------------------------------
   3.  ATOMIC COORDINATES AND VELOCITIES
--------------------------------------------------------------------------------

Cpptraj Generated Restart                                                       
 begin time read from input coords = 47650.000 ps

 
 Number of triangulated 3-point waters found:    23065

     Sum of charges from parm topology file =   0.00012630
     Forcing neutrality...

| Dynamic Memory, Types Used:
| Reals             2786006
| Integers          6372915

| Nonbonded Pairs Initial Allocation:    22587732

| GPU memory information (estimate):
| KB of GPU memory in use:         0
| KB of CPU memory in use:         0

--------------------------------------------------------------------------------
   4.  RESULTS
--------------------------------------------------------------------------------


 NSTEP =        0   TIME(PS) =       0.000  TEMP(K) =   441.59  PRESS =     0.0
 Etot   =   -228553.4926  EKtot   =     68199.6182  EPtot      =   -296753.1108
 BOND   =      1326.4508  ANGLE   =      3445.1777  DIHED      =      2535.8344
 UB     =         0.0000  IMP     =         0.0000  CMAP       =       340.0468
 1-4 NB =      1560.4525  1-4 EEL =     20290.0758  VDWAALS    =     36649.1657
 EELEC  =   -362900.3145  EHBOND  =         0.0000  RESTRAINT  =         0.0000
 ------------------------------------------------------------------------------

wrapping first mol.:      -66.17253       46.79105       81.04447
wrapping first mol.:      -66.17253       46.79105       81.04447
wrapping first mol.:      -66.17253       46.79105       81.04447
wrapping first mol.:      -66.17253       46.79105       81.04447
wrapping first mol.:      -66.17253       46.79105       81.04447
wrapping first mol.:      -66.17253       46.79105       81.04447
wrapping first mol.:      -66.17253       46.79105       81.04447
wrapping first mol.:      -66.17253       46.79105       81.04447
wrapping first mol.:      -66.17253       46.79105       81.04447
wrapping first mol.:      -66.17253       46.79105       81.04447
wrapping first mol.:      -66.17253       46.79105       81.04447

 NSTEP =    50000   TIME(PS) =     100.000  TEMP(K) =   298.66  PRESS =     0.0
 Etot   =   -250382.7170  EKtot   =     46124.9648  EPtot      =   -296507.6818
 BOND   =      1330.7258  ANGLE   =      3395.5524  DIHED      =      2497.6931
 UB     =         0.0000  IMP     =         0.0000  CMAP       =       315.6959
 1-4 NB =      1552.5848  1-4 EEL =     20403.3848  VDWAALS    =     36554.4082
 EELEC  =   -362557.7269  EHBOND  =         0.0000  RESTRAINT  =         0.0000
 ------------------------------------------------------------------------------

wrapping first mol.:      -66.17253       46.79105       81.04447
wrapping first mol.:      -66.17253       46.79105       81.04447
wrapping first mol.:      -66.17253       46.79105       81.04447
wrapping first mol.:      -66.17253       46.79105       81.04447
wrapping first mol.:      -66.17253       46.79105       81.04447
wrapping first mol.:      -66.17253       46.79105       81.04447
wrapping first mol.:      -66.17253       46.79105       81.04447
wrapping first mol.:      -66.17253       46.79105       81.04447
wrapping first mol.:      -66.17253       46.79105       81.04447
wrapping first mol.:      -66.17253       46.79105       81.04447
wrapping first mol.:      -66.17253       46.79105       81.04447

 NSTEP =   100000   TIME(PS) =     200.000  TEMP(K) =   299.05  PRESS =     0.0
 Etot   =   -250576.0268  EKtot   =     46186.0312  EPtot      =   -296762.0580
 BOND   =      1251.7824  ANGLE   =      3418.3080  DIHED      =      2481.3877
 UB     =         0.0000  IMP     =         0.0000  CMAP       =       326.9596
 1-4 NB =      1566.6426  1-4 EEL =     20418.4070  VDWAALS    =     36735.3674
 EELEC  =   -362960.9128  EHBOND  =         0.0000  RESTRAINT  =         0.0000
 ------------------------------------------------------------------------------

wrapping first mol.:      -66.17253       46.79105       81.04447
wrapping first mol.:      -66.17253       46.79105       81.04447
wrapping first mol.:      -66.17253       46.79105       81.04447
wrapping first mol.:      -66.17253       46.79105       81.04447
wrapping first mol.:      -66.17253       46.79105       81.04447
wrapping first mol.:      -66.17253       46.79105       81.04447
wrapping first mol.:      -66.17253       46.79105       81.04447
wrapping first mol.:      -66.17253       46.79105       81.04447
wrapping first mol.:      -66.17253       46.79105       81.04447
wrapping first mol.:      -66.17253       46.79105       81.04447
wrapping first mol.:      -66.17253       46.79105       81.04447

 NSTEP =   150000   TIME(PS) =     300.000  TEMP(K) =   300.63  PRESS =     0.0
 Etot   =   -250788.3995  EKtot   =     46429.6445  EPtot      =   -297218.0441
 BOND   =      1274.5223  ANGLE   =      3353.4834  DIHED      =      2427.8484
 UB     =         0.0000  IMP     =         0.0000  CMAP       =       333.2797
 1-4 NB =      1542.2236  1-4 EEL =     20335.7747  VDWAALS    =     36795.5228
 EELEC  =   -363280.6988  EHBOND  =         0.0000  RESTRAINT  =         0.0000
 ------------------------------------------------------------------------------

wrapping first mol.:      -66.17253       46.79105       81.04447
wrapping first mol.:      -66.17253       46.79105       81.04447
wrapping first mol.:      -66.17253       46.79105       81.04447
wrapping first mol.:      -66.17253       46.79105       81.04447
wrapping first mol.:      -66.17253       46.79105       81.04447
wrapping first mol.:      -66.17253       46.79105       81.04447
wrapping first mol.:      -66.17253       46.79105       81.04447
wrapping first mol.:      -66.17253       46.79105       81.04447
wrapping first mol.:      -66.17253       46.79105       81.04447
wrapping first mol.:      -66.17253       46.79105       81.04447
wrapping first mol.:      -66.17253       46.79105       81.04447

 NSTEP =   200000   TIME(PS) =     400.000  TEMP(K) =   298.87  PRESS =     0.0
 Etot   =   -249908.2941  EKtot   =     46157.8164  EPtot      =   -296066.1105
 BOND   =      1293.8124  ANGLE   =      3409.0154  DIHED      =      2453.7817
 UB     =         0.0000  IMP     =         0.0000  CMAP       =       330.3494
 1-4 NB =      1553.8371  1-4 EEL =     20316.1821  VDWAALS    =     36510.3452
 EELEC  =   -361933.4338  EHBOND  =         0.0000  RESTRAINT  =         0.0000
 ------------------------------------------------------------------------------

wrapping first mol.:      -66.17253       46.79105       81.04447
wrapping first mol.:      -66.17253       46.79105       81.04447
wrapping first mol.:      -66.17253       46.79105       81.04447
wrapping first mol.:      -66.17253       46.79105       81.04447
wrapping first mol.:      -66.17253       46.79105       81.04447
wrapping first mol.:      -66.17253       46.79105       81.04447
wrapping first mol.:      -66.17253       46.79105       81.04447
wrapping first mol.:      -66.17253       46.79105       81.04447
wrapping first mol.:      -66.17253       46.79105       81.04447
wrapping first mol.:      -66.17253       46.79105       81.04447
wrapping first mol.:      -66.17253       46.79105       81.04447

 NSTEP =   250000   TIME(PS) =     500.000  TEMP(K) =   299.39  PRESS =     0.0
 Etot   =   -250134.6314  EKtot   =     46238.8516  EPtot      =   -296373.4829
 BOND   =      1350.6780  ANGLE   =      3486.0387  DIHED      =      2473.7930
 UB     =         0.0000  IMP     =         0.0000  CMAP       =       324.5927
 1-4 NB =      1531.7042  1-4 EEL =     20316.5975  VDWAALS    =     36626.3872
 EELEC  =   -362483.2743  EHBOND  =         0.0000  RESTRAINT  =         0.0000
 ------------------------------------------------------------------------------

wrapping first mol.:      -66.17253       46.79105       81.04447
wrapping first mol.:      -66.17253       46.79105       81.04447
wrapping first mol.:      -66.17253       46.79105       81.04447
wrapping first mol.:      -66.17253       46.79105       81.04447
wrapping first mol.:      -66.17253       46.79105       81.04447
wrapping first mol.:      -66.17253       46.79105       81.04447
wrapping first mol.:      -66.17253       46.79105       81.04447
wrapping first mol.:      -66.17253       46.79105       81.04447
wrapping first mol.:      -66.17253       46.79105       81.04447
wrapping first mol.:      -66.17253       46.79105       81.04447
wrapping first mol.:      -66.17253       46.79105       81.04447

 NSTEP =   300000   TIME(PS) =     600.000  TEMP(K) =   299.48  PRESS =     0.0
 Etot   =   -250516.4298  EKtot   =     46252.3750  EPtot      =   -296768.8048
 BOND   =      1282.7203  ANGLE   =      3427.4948  DIHED      =      2475.7216
 UB     =         0.0000  IMP     =         0.0000  CMAP       =       331.2412
 1-4 NB =      1528.5529  1-4 EEL =     20222.0865  VDWAALS    =     36897.8258
 EELEC  =   -362934.4479  EHBOND  =         0.0000  RESTRAINT  =         0.0000
 ------------------------------------------------------------------------------

wrapping first mol.:      -66.17253       46.79105       81.04447
wrapping first mol.:      -66.17253       46.79105       81.04447
wrapping first mol.:      -66.17253       46.79105       81.04447
wrapping first mol.:      -66.17253       46.79105       81.04447
wrapping first mol.:      -66.17253       46.79105       81.04447
wrapping first mol.:      -66.17253       46.79105       81.04447
wrapping first mol.:      -66.17253       46.79105       81.04447
wrapping first mol.:      -66.17253       46.79105       81.04447
wrapping first mol.:      -66.17253       46.79105       81.04447
wrapping first mol.:      -66.17253       46.79105       81.04447
wrapping first mol.:      -66.17253       46.79105       81.04447

 NSTEP =   350000   TIME(PS) =     700.000  TEMP(K) =   300.34  PRESS =     0.0
 Etot   =   -250126.9022  EKtot   =     46384.3359  EPtot      =   -296511.2381
 BOND   =      1225.8309  ANGLE   =      3487.4035  DIHED      =      2479.9978
 UB     =         0.0000  IMP     =         0.0000  CMAP       =       323.4427
 1-4 NB =      1518.4018  1-4 EEL =     20402.4275  VDWAALS    =     36222.7957
 EELEC  =   -362171.5380  EHBOND  =         0.0000  RESTRAINT  =         0.0000
 ------------------------------------------------------------------------------

wrapping first mol.:      -66.17253       46.79105       81.04447
wrapping first mol.:      -66.17253       46.79105       81.04447
wrapping first mol.:      -66.17253       46.79105       81.04447
wrapping first mol.:      -66.17253       46.79105       81.04447
wrapping first mol.:      -66.17253       46.79105       81.04447
wrapping first mol.:      -66.17253       46.79105       81.04447
wrapping first mol.:      -66.17253       46.79105       81.04447
wrapping first mol.:      -66.17253       46.79105       81.04447
wrapping first mol.:      -66.17253       46.79105       81.04447
wrapping first mol.:      -66.17253       46.79105       81.04447
wrapping first mol.:      -66.17253       46.79105       81.04447

 NSTEP =   400000   TIME(PS) =     800.000  TEMP(K) =   300.22  PRESS =     0.0
 Etot   =   -249922.8797  EKtot   =     46366.9453  EPtot      =   -296289.8250
 BOND   =      1247.6114  ANGLE   =      3420.1234  DIHED      =      2472.6002
 UB     =         0.0000  IMP     =         0.0000  CMAP       =       326.8806
 1-4 NB =      1527.3058  1-4 EEL =     20354.5079  VDWAALS    =     36563.5618
 EELEC  =   -362202.4162  EHBOND  =         0.0000  RESTRAINT  =         0.0000
 ------------------------------------------------------------------------------

wrapping first mol.:      -66.17253       46.79105       81.04447
wrapping first mol.:      -66.17253       46.79105       81.04447
wrapping first mol.:      -66.17253       46.79105       81.04447
wrapping first mol.:      -66.17253       46.79105       81.04447
wrapping first mol.:      -66.17253       46.79105       81.04447
wrapping first mol.:      -66.17253       46.79105       81.04447
wrapping first mol.:      -66.17253       46.79105       81.04447
wrapping first mol.:      -66.17253       46.79105       81.04447
wrapping first mol.:      -66.17253       46.79105       81.04447
wrapping first mol.:      -66.17253       46.79105       81.04447
wrapping first mol.:      -66.17253       46.79105       81.04447

 NSTEP =   450000   TIME(PS) =     900.000  TEMP(K) =   301.14  PRESS =     0.0
 Etot   =   -249530.5524  EKtot   =     46508.8047  EPtot      =   -296039.3571
 BOND   =      1252.4047  ANGLE   =      3448.5605  DIHED      =      2423.7485
 UB     =         0.0000  IMP     =         0.0000  CMAP       =       317.5221
 1-4 NB =      1565.9647  1-4 EEL =     20317.6886  VDWAALS    =     36473.9934
 EELEC  =   -361839.2396  EHBOND  =         0.0000  RESTRAINT  =         0.0000
 ------------------------------------------------------------------------------

wrapping first mol.:      -66.17253       46.79105       81.04447
wrapping first mol.:      -66.17253       46.79105       81.04447
wrapping first mol.:      -66.17253       46.79105       81.04447
wrapping first mol.:      -66.17253       46.79105       81.04447
wrapping first mol.:      -66.17253       46.79105       81.04447
wrapping first mol.:      -66.17253       46.79105       81.04447
wrapping first mol.:      -66.17253       46.79105       81.04447
wrapping first mol.:      -66.17253       46.79105       81.04447
wrapping first mol.:      -66.17253       46.79105       81.04447
wrapping first mol.:      -66.17253       46.79105       81.04447
wrapping first mol.:      -66.17253       46.79105       81.04447

 NSTEP =   500000   TIME(PS) =    1000.000  TEMP(K) =   298.86  PRESS =     0.0
 Etot   =   -250203.1433  EKtot   =     46155.8633  EPtot      =   -296359.0066
 BOND   =      1292.1111  ANGLE   =      3418.8118  DIHED      =      2475.3319
 UB     =         0.0000  IMP     =         0.0000  CMAP       =       319.2440
 1-4 NB =      1561.8902  1-4 EEL =     20271.9928  VDWAALS    =     36274.8341
 EELEC  =   -361973.2224  EHBOND  =         0.0000  RESTRAINT  =         0.0000
 ------------------------------------------------------------------------------

wrapping first mol.:      -66.17253       46.79105       81.04447
wrapping first mol.:      -66.17253       46.79105       81.04447
wrapping first mol.:      -66.17253       46.79105       81.04447
wrapping first mol.:      -66.17253       46.79105       81.04447
wrapping first mol.:      -66.17253       46.79105       81.04447
wrapping first mol.:      -66.17253       46.79105       81.04447
wrapping first mol.:      -66.17253       46.79105       81.04447
wrapping first mol.:      -66.17253       46.79105       81.04447
wrapping first mol.:      -66.17253       46.79105       81.04447
wrapping first mol.:      -66.17253       46.79105       81.04447
wrapping first mol.:      -66.17253       46.79105       81.04447

 NSTEP =   550000   TIME(PS) =    1100.000  TEMP(K) =   302.23  PRESS =     0.0
 Etot   =   -249679.4949  EKtot   =     46676.8750  EPtot      =   -296356.3699
 BOND   =      1285.2483  ANGLE   =      3383.9428  DIHED      =      2449.8536
 UB     =         0.0000  IMP     =         0.0000  CMAP       =       339.5939
 1-4 NB =      1551.5887  1-4 EEL =     20264.2293  VDWAALS    =     36842.8994
 EELEC  =   -362473.7260  EHBOND  =         0.0000  RESTRAINT  =         0.0000
 ------------------------------------------------------------------------------

wrapping first mol.:      -66.17253       46.79105       81.04447
wrapping first mol.:      -66.17253       46.79105       81.04447
wrapping first mol.:      -66.17253       46.79105       81.04447
wrapping first mol.:      -66.17253       46.79105       81.04447
wrapping first mol.:      -66.17253       46.79105       81.04447
wrapping first mol.:      -66.17253       46.79105       81.04447
wrapping first mol.:      -66.17253       46.79105       81.04447
wrapping first mol.:      -66.17253       46.79105       81.04447
wrapping first mol.:      -66.17253       46.79105       81.04447
wrapping first mol.:      -66.17253       46.79105       81.04447
wrapping first mol.:      -66.17253       46.79105       81.04447

 NSTEP =   600000   TIME(PS) =    1200.000  TEMP(K) =   299.48  PRESS =     0.0
 Etot   =   -250093.7095  EKtot   =     46252.3164  EPtot      =   -296346.0259
 BOND   =      1301.8561  ANGLE   =      3441.1761  DIHED      =      2499.0832
 UB     =         0.0000  IMP     =         0.0000  CMAP       =       315.6913
 1-4 NB =      1562.8823  1-4 EEL =     20300.3544  VDWAALS    =     36900.2985
 EELEC  =   -362667.3679  EHBOND  =         0.0000  RESTRAINT  =         0.0000
 ------------------------------------------------------------------------------

wrapping first mol.:      -66.17253       46.79105       81.04447
wrapping first mol.:      -66.17253       46.79105       81.04447
wrapping first mol.:      -66.17253       46.79105       81.04447
wrapping first mol.:      -66.17253       46.79105       81.04447
wrapping first mol.:      -66.17253       46.79105       81.04447
wrapping first mol.:      -66.17253       46.79105       81.04447
wrapping first mol.:      -33.08626      -46.79104       81.04447
wrapping first mol.:      -33.08626      -46.79104       81.04447
wrapping first mol.:      -33.08626      -46.79104       81.04447
wrapping first mol.:      -66.17253       46.79105       81.04447
wrapping first mol.:      -66.17253       46.79105       81.04447

 NSTEP =   650000   TIME(PS) =    1300.000  TEMP(K) =   300.62  PRESS =     0.0
 Etot   =   -250050.3184  EKtot   =     46427.9883  EPtot      =   -296478.3067
 BOND   =      1260.8836  ANGLE   =      3402.9854  DIHED      =      2466.7657
 UB     =         0.0000  IMP     =         0.0000  CMAP       =       310.3853
 1-4 NB =      1535.9544  1-4 EEL =     20303.1327  VDWAALS    =     36908.1900
 EELEC  =   -362666.6039  EHBOND  =         0.0000  RESTRAINT  =         0.0000
 ------------------------------------------------------------------------------

wrapping first mol.:      -66.17253       46.79105       81.04447
wrapping first mol.:      -33.08626      -46.79104       81.04447
wrapping first mol.:      -33.08626      -46.79104       81.04447
wrapping first mol.:      -33.08626      -46.79104       81.04447
wrapping first mol.:      -33.08626      -46.79104       81.04447
wrapping first mol.:      -66.17253       46.79105       81.04447
wrapping first mol.:      -33.08626      -46.79104       81.04447
wrapping first mol.:      -33.08626      -46.79104       81.04447
wrapping first mol.:      -33.08626      -46.79104       81.04447
wrapping first mol.:      -33.08626      -46.79104       81.04447
wrapping first mol.:      -33.08626      -46.79104       81.04447

 NSTEP =   700000   TIME(PS) =    1400.000  TEMP(K) =   299.62  PRESS =     0.0
 Etot   =   -250077.1337  EKtot   =     46273.3906  EPtot      =   -296350.5243
 BOND   =      1275.2342  ANGLE   =      3441.6946  DIHED      =      2440.1853
 UB     =         0.0000  IMP     =         0.0000  CMAP       =       328.4489
 1-4 NB =      1564.8251  1-4 EEL =     20360.4778  VDWAALS    =     36726.6399
 EELEC  =   -362488.0301  EHBOND  =         0.0000  RESTRAINT  =         0.0000
 ------------------------------------------------------------------------------

wrapping first mol.:      -33.08626      -46.79104       81.04447
wrapping first mol.:      -33.08626      -46.79104       81.04447
wrapping first mol.:      -33.08626      -46.79104       81.04447
wrapping first mol.:      -33.08626      -46.79104       81.04447
wrapping first mol.:      -33.08626      -46.79104       81.04447
wrapping first mol.:      -33.08626      -46.79104       81.04447
wrapping first mol.:      -33.08626      -46.79104       81.04447
wrapping first mol.:      -33.08626      -46.79104       81.04447
wrapping first mol.:      -33.08626      -46.79104       81.04447
wrapping first mol.:      -33.08626      -46.79104       81.04447
wrapping first mol.:      -33.08626      -46.79104       81.04447

 NSTEP =   750000   TIME(PS) =    1500.000  TEMP(K) =   297.15  PRESS =     0.0
 Etot   =   -250462.3605  EKtot   =     45892.5273  EPtot      =   -296354.8879
 BOND   =      1277.6109  ANGLE   =      3412.7874  DIHED      =      2436.3533
 UB     =         0.0000  IMP     =         0.0000  CMAP       =       322.7223
 1-4 NB =      1535.2468  1-4 EEL =     20265.7894  VDWAALS    =     36930.0912
 EELEC  =   -362535.4893  EHBOND  =         0.0000  RESTRAINT  =         0.0000
 ------------------------------------------------------------------------------

wrapping first mol.:      -33.08626      -46.79104       81.04447
wrapping first mol.:      -33.08626      -46.79104       81.04447
wrapping first mol.:      -33.08626      -46.79104       81.04447
wrapping first mol.:      -33.08626      -46.79104       81.04447
wrapping first mol.:      -33.08626      -46.79104       81.04447
wrapping first mol.:      -33.08626      -46.79104       81.04447
wrapping first mol.:      -33.08626      -46.79104       81.04447
wrapping first mol.:      -33.08626      -46.79104       81.04447
wrapping first mol.:      -33.08626      -46.79104       81.04447
wrapping first mol.:      -33.08626      -46.79104       81.04447
wrapping first mol.:      -33.08626      -46.79104       81.04447

 NSTEP =   800000   TIME(PS) =    1600.000  TEMP(K) =   299.87  PRESS =     0.0
 Etot   =   -250179.0634  EKtot   =     46312.1953  EPtot      =   -296491.2587
 BOND   =      1311.0494  ANGLE   =      3436.7595  DIHED      =      2476.6422
 UB     =         0.0000  IMP     =         0.0000  CMAP       =       311.8827
 1-4 NB =      1562.0062  1-4 EEL =     20339.0215  VDWAALS    =     36577.5584
 EELEC  =   -362506.1787  EHBOND  =         0.0000  RESTRAINT  =         0.0000
 ------------------------------------------------------------------------------

wrapping first mol.:      -33.08626      -46.79104       81.04447
wrapping first mol.:      -33.08626      -46.79104       81.04447
wrapping first mol.:      -33.08626      -46.79104       81.04447
wrapping first mol.:      -33.08626      -46.79104       81.04447
wrapping first mol.:      -33.08626      -46.79104       81.04447
wrapping first mol.:      -33.08626      -46.79104       81.04447
wrapping first mol.:      -33.08626      -46.79104       81.04447
wrapping first mol.:      -33.08626      -46.79104       81.04447
wrapping first mol.:      -33.08626      -46.79104       81.04447
wrapping first mol.:      -33.08626      -46.79104       81.04447
wrapping first mol.:      -33.08626      -46.79104       81.04447

 NSTEP =   850000   TIME(PS) =    1700.000  TEMP(K) =   300.74  PRESS =     0.0
 Etot   =   -249520.7893  EKtot   =     46446.0430  EPtot      =   -295966.8323
 BOND   =      1280.8449  ANGLE   =      3416.1720  DIHED      =      2476.3657
 UB     =         0.0000  IMP     =         0.0000  CMAP       =       339.2154
 1-4 NB =      1549.5613  1-4 EEL =     20276.3734  VDWAALS    =     36296.4655
 EELEC  =   -361601.8305  EHBOND  =         0.0000  RESTRAINT  =         0.0000
 ------------------------------------------------------------------------------

wrapping first mol.:      -33.08626      -46.79104       81.04447
wrapping first mol.:      -33.08626      -46.79104       81.04447
wrapping first mol.:      -33.08626      -46.79104       81.04447
wrapping first mol.:      -33.08626      -46.79104       81.04447
wrapping first mol.:      -33.08626      -46.79104       81.04447
wrapping first mol.:      -33.08626      -46.79104       81.04447
wrapping first mol.:      -33.08626      -46.79104       81.04447
wrapping first mol.:      -33.08626      -46.79104       81.04447
wrapping first mol.:      -33.08626      -46.79104       81.04447
wrapping first mol.:      -33.08626      -46.79104       81.04447
wrapping first mol.:      -33.08626      -46.79104       81.04447

 NSTEP =   900000   TIME(PS) =    1800.000  TEMP(K) =   299.24  PRESS =     0.0
 Etot   =   -250087.4310  EKtot   =     46215.4023  EPtot      =   -296302.8333
 BOND   =      1264.5344  ANGLE   =      3396.1480  DIHED      =      2446.7222
 UB     =         0.0000  IMP     =         0.0000  CMAP       =       338.5472
 1-4 NB =      1548.8427  1-4 EEL =     20299.2827  VDWAALS    =     36300.9337
 EELEC  =   -361897.8443  EHBOND  =         0.0000  RESTRAINT  =         0.0000
 ------------------------------------------------------------------------------

wrapping first mol.:      -33.08626      -46.79104       81.04447
wrapping first mol.:      -33.08626      -46.79104       81.04447
wrapping first mol.:      -33.08626      -46.79104       81.04447
wrapping first mol.:      -33.08626      -46.79104       81.04447
wrapping first mol.:      -33.08626      -46.79104       81.04447
wrapping first mol.:      -33.08626      -46.79104       81.04447
wrapping first mol.:      -33.08626      -46.79104       81.04447
wrapping first mol.:      -33.08626      -46.79104       81.04447
wrapping first mol.:      -33.08626      -46.79104       81.04447
wrapping first mol.:      -33.08626      -46.79104       81.04447
wrapping first mol.:      -33.08626      -46.79104       81.04447

 NSTEP =   950000   TIME(PS) =    1900.000  TEMP(K) =   301.61  PRESS =     0.0
 Etot   =   -249863.1657  EKtot   =     46581.3047  EPtot      =   -296444.4704
 BOND   =      1320.0147  ANGLE   =      3431.2761  DIHED      =      2437.6477
 UB     =         0.0000  IMP     =         0.0000  CMAP       =       331.0752
 1-4 NB =      1556.8892  1-4 EEL =     20374.9312  VDWAALS    =     36497.2392
 EELEC  =   -362393.5437  EHBOND  =         0.0000  RESTRAINT  =         0.0000
 ------------------------------------------------------------------------------

wrapping first mol.:      -33.08626      -46.79104       81.04447
wrapping first mol.:      -33.08626      -46.79104       81.04447
wrapping first mol.:      -33.08626      -46.79104       81.04447
wrapping first mol.:      -33.08626      -46.79104       81.04447
wrapping first mol.:      -33.08626      -46.79104       81.04447
wrapping first mol.:      -33.08626      -46.79104       81.04447
wrapping first mol.:      -33.08626      -46.79104       81.04447
wrapping first mol.:      -33.08626      -46.79104       81.04447
wrapping first mol.:      -33.08626      -46.79104       81.04447
wrapping first mol.:      -33.08626      -46.79104       81.04447
wrapping first mol.:      -33.08626      -46.79104       81.04447

 NSTEP =  1000000   TIME(PS) =    2000.000  TEMP(K) =   299.55  PRESS =     0.0
 Etot   =   -250562.1008  EKtot   =     46262.5508  EPtot      =   -296824.6516
 BOND   =      1248.0595  ANGLE   =      3383.0904  DIHED      =      2406.8961
 UB     =         0.0000  IMP     =         0.0000  CMAP       =       322.2855
 1-4 NB =      1567.6971  1-4 EEL =     20297.0435  VDWAALS    =     36811.9741
 EELEC  =   -362861.6978  EHBOND  =         0.0000  RESTRAINT  =         0.0000
 ------------------------------------------------------------------------------

wrapping first mol.:      -33.08626      -46.79104       81.04447
wrapping first mol.:      -33.08626      -46.79104       81.04447
wrapping first mol.:      -33.08626      -46.79104       81.04447
wrapping first mol.:      -33.08626      -46.79104       81.04447
wrapping first mol.:      -33.08626      -46.79104       81.04447
wrapping first mol.:      -33.08626      -46.79104       81.04447
wrapping first mol.:      -33.08626      -46.79104       81.04447
wrapping first mol.:      -33.08626      -46.79104       81.04447
wrapping first mol.:      -33.08626      -46.79104       81.04447
wrapping first mol.:      -33.08626      -46.79104       81.04447
wrapping first mol.:      -33.08626      -46.79104       81.04447

 NSTEP =  1050000   TIME(PS) =    2100.000  TEMP(K) =   300.74  PRESS =     0.0
 Etot   =   -250375.0545  EKtot   =     46447.1406  EPtot      =   -296822.1951
 BOND   =      1288.9670  ANGLE   =      3399.7656  DIHED      =      2438.8231
 UB     =         0.0000  IMP     =         0.0000  CMAP       =       325.6246
 1-4 NB =      1554.7294  1-4 EEL =     20318.5272  VDWAALS    =     36995.1805
 EELEC  =   -363143.8126  EHBOND  =         0.0000  RESTRAINT  =         0.0000
 ------------------------------------------------------------------------------

wrapping first mol.:      -33.08626      -46.79104       81.04447
wrapping first mol.:      -33.08626      -46.79104       81.04447
wrapping first mol.:      -33.08626      -46.79104       81.04447
wrapping first mol.:      -33.08626      -46.79104       81.04447
wrapping first mol.:      -33.08626      -46.79104       81.04447
wrapping first mol.:      -33.08626      -46.79104       81.04447
wrapping first mol.:      -33.08626      -46.79104       81.04447
wrapping first mol.:      -33.08626      -46.79104       81.04447
wrapping first mol.:      -33.08626      -46.79104       81.04447
wrapping first mol.:      -33.08626      -46.79104       81.04447
wrapping first mol.:      -33.08626      -46.79104       81.04447

 NSTEP =  1100000   TIME(PS) =    2200.000  TEMP(K) =   299.92  PRESS =     0.0
 Etot   =   -250068.2230  EKtot   =     46319.7773  EPtot      =   -296388.0003
 BOND   =      1310.4235  ANGLE   =      3386.4966  DIHED      =      2460.5116
 UB     =         0.0000  IMP     =         0.0000  CMAP       =       329.7609
 1-4 NB =      1562.8354  1-4 EEL =     20322.6441  VDWAALS    =     37264.6575
 EELEC  =   -363025.3300  EHBOND  =         0.0000  RESTRAINT  =         0.0000
 ------------------------------------------------------------------------------

wrapping first mol.:      -33.08626      -46.79104       81.04447
wrapping first mol.:      -33.08626      -46.79104       81.04447
wrapping first mol.:      -33.08626      -46.79104       81.04447
wrapping first mol.:      -33.08626      -46.79104       81.04447
wrapping first mol.:      -33.08626      -46.79104       81.04447
wrapping first mol.:      -33.08626      -46.79104       81.04447
wrapping first mol.:      -33.08626      -46.79104       81.04447
wrapping first mol.:      -33.08626      -46.79104       81.04447
wrapping first mol.:      -33.08626      -46.79104       81.04447
wrapping first mol.:      -33.08626      -46.79104       81.04447
wrapping first mol.:      -33.08626      -46.79104       81.04447

 NSTEP =  1150000   TIME(PS) =    2300.000  TEMP(K) =   300.28  PRESS =     0.0
 Etot   =   -249730.7191  EKtot   =     46375.2617  EPtot      =   -296105.9808
 BOND   =      1285.0213  ANGLE   =      3425.8880  DIHED      =      2451.6660
 UB     =         0.0000  IMP     =         0.0000  CMAP       =       331.3535
 1-4 NB =      1531.5620  1-4 EEL =     20304.9212  VDWAALS    =     36617.5109
 EELEC  =   -362053.9037  EHBOND  =         0.0000  RESTRAINT  =         0.0000
 ------------------------------------------------------------------------------

wrapping first mol.:      -33.08626      -46.79104       81.04447
wrapping first mol.:      -33.08626      -46.79104       81.04447
wrapping first mol.:      -33.08626      -46.79104       81.04447
wrapping first mol.:      -33.08626      -46.79104       81.04447
wrapping first mol.:      -33.08626      -46.79104       81.04447
wrapping first mol.:      -33.08626      -46.79104       81.04447
wrapping first mol.:      -33.08626      -46.79104       81.04447
wrapping first mol.:      -33.08626      -46.79104       81.04447
wrapping first mol.:      -33.08626      -46.79104       81.04447
wrapping first mol.:      -33.08626      -46.79104       81.04447
wrapping first mol.:      -33.08626      -46.79104       81.04447

 NSTEP =  1200000   TIME(PS) =    2400.000  TEMP(K) =   298.96  PRESS =     0.0
 Etot   =   -250210.5267  EKtot   =     46171.4766  EPtot      =   -296382.0032
 BOND   =      1339.9533  ANGLE   =      3452.1309  DIHED      =      2448.1524
 UB     =         0.0000  IMP     =         0.0000  CMAP       =       328.9700
 1-4 NB =      1499.6521  1-4 EEL =     20348.6034  VDWAALS    =     36472.4648
 EELEC  =   -362271.9301  EHBOND  =         0.0000  RESTRAINT  =         0.0000
 ------------------------------------------------------------------------------

wrapping first mol.:      -33.08626      -46.79104       81.04447
wrapping first mol.:      -33.08626      -46.79104       81.04447
wrapping first mol.:      -33.08626      -46.79104       81.04447
wrapping first mol.:      -33.08626      -46.79104       81.04447
wrapping first mol.:      -66.17253       46.79105       81.04447
wrapping first mol.:      -66.17253       46.79105       81.04447
wrapping first mol.:      -66.17253       46.79105       81.04447
wrapping first mol.:      -66.17253       46.79105       81.04447
wrapping first mol.:      -66.17253       46.79105       81.04447
wrapping first mol.:      -66.17253       46.79105       81.04447
wrapping first mol.:      -66.17253       46.79105       81.04447

 NSTEP =  1250000   TIME(PS) =    2500.000  TEMP(K) =   299.13  PRESS =     0.0
 Etot   =   -250360.5114  EKtot   =     46198.5859  EPtot      =   -296559.0973
 BOND   =      1316.0256  ANGLE   =      3387.2489  DIHED      =      2484.5247
 UB     =         0.0000  IMP     =         0.0000  CMAP       =       341.1471
 1-4 NB =      1522.3276  1-4 EEL =     20391.4057  VDWAALS    =     37057.3475
 EELEC  =   -363059.1245  EHBOND  =         0.0000  RESTRAINT  =         0.0000
 ------------------------------------------------------------------------------

wrapping first mol.:      -66.17253       46.79105       81.04447
wrapping first mol.:      -66.17253       46.79105       81.04447
wrapping first mol.:      -66.17253       46.79105       81.04447
wrapping first mol.:      -66.17253       46.79105       81.04447
wrapping first mol.:      -66.17253       46.79105       81.04447
wrapping first mol.:      -66.17253       46.79105       81.04447
wrapping first mol.:      -66.17253       46.79105       81.04447
wrapping first mol.:      -66.17253       46.79105       81.04447
wrapping first mol.:      -66.17253       46.79105       81.04447
wrapping first mol.:      -66.17253       46.79105       81.04447
wrapping first mol.:      -66.17253       46.79105       81.04447

 NSTEP =  1300000   TIME(PS) =    2600.000  TEMP(K) =   300.06  PRESS =     0.0
 Etot   =   -250543.9046  EKtot   =     46342.1758  EPtot      =   -296886.0804
 BOND   =      1287.6997  ANGLE   =      3387.0345  DIHED      =      2453.8930
 UB     =         0.0000  IMP     =         0.0000  CMAP       =       325.4153
 1-4 NB =      1527.8999  1-4 EEL =     20365.7936  VDWAALS    =     37204.2700
 EELEC  =   -363438.0865  EHBOND  =         0.0000  RESTRAINT  =         0.0000
 ------------------------------------------------------------------------------

wrapping first mol.:      -66.17253       46.79105       81.04447
wrapping first mol.:      -66.17253       46.79105       81.04447
wrapping first mol.:      -66.17253       46.79105       81.04447
wrapping first mol.:      -66.17253       46.79105       81.04447
wrapping first mol.:      -66.17253       46.79105       81.04447
wrapping first mol.:      -66.17253       46.79105       81.04447
wrapping first mol.:      -66.17253       46.79105       81.04447
wrapping first mol.:      -66.17253       46.79105       81.04447
wrapping first mol.:      -33.08626      -46.79104       81.04447
wrapping first mol.:      -33.08626      -46.79104       81.04447
wrapping first mol.:      -33.08626      -46.79104       81.04447

 NSTEP =  1350000   TIME(PS) =    2700.000  TEMP(K) =   298.83  PRESS =     0.0
 Etot   =   -250245.3904  EKtot   =     46152.5078  EPtot      =   -296397.8982
 BOND   =      1284.4941  ANGLE   =      3411.1690  DIHED      =      2439.8227
 UB     =         0.0000  IMP     =         0.0000  CMAP       =       330.8525
 1-4 NB =      1537.4037  1-4 EEL =     20360.1769  VDWAALS    =     36834.5353
 EELEC  =   -362596.3524  EHBOND  =         0.0000  RESTRAINT  =         0.0000
 ------------------------------------------------------------------------------

wrapping first mol.:      -66.17253       46.79105       81.04447
wrapping first mol.:      -66.17253       46.79105       81.04447
wrapping first mol.:      -66.17253       46.79105       81.04447
wrapping first mol.:      -33.08626      -46.79104       81.04447
wrapping first mol.:      -33.08626      -46.79104       81.04447
wrapping first mol.:      -66.17253       46.79105       81.04447
wrapping first mol.:      -33.08626      -46.79104       81.04447
wrapping first mol.:      -33.08626      -46.79104       81.04447
wrapping first mol.:      -33.08626      -46.79104       81.04447
wrapping first mol.:      -33.08626      -46.79104       81.04447
wrapping first mol.:      -33.08626      -46.79104       81.04447

 NSTEP =  1400000   TIME(PS) =    2800.000  TEMP(K) =   302.02  PRESS =     0.0
 Etot   =   -250023.0082  EKtot   =     46644.3672  EPtot      =   -296667.3753
 BOND   =      1240.3191  ANGLE   =      3401.5379  DIHED      =      2480.2160
 UB     =         0.0000  IMP     =         0.0000  CMAP       =       315.1752
 1-4 NB =      1542.8751  1-4 EEL =     20389.6326  VDWAALS    =     36756.4926
 EELEC  =   -362793.6238  EHBOND  =         0.0000  RESTRAINT  =         0.0000
 ------------------------------------------------------------------------------

wrapping first mol.:      -33.08626      -46.79104       81.04447
wrapping first mol.:      -33.08626      -46.79104       81.04447
wrapping first mol.:      -33.08626      -46.79104       81.04447
wrapping first mol.:      -33.08626      -46.79104       81.04447
wrapping first mol.:      -33.08626      -46.79104       81.04447
wrapping first mol.:      -33.08626      -46.79104       81.04447
wrapping first mol.:      -33.08626      -46.79104       81.04447
wrapping first mol.:      -33.08626      -46.79104       81.04447
wrapping first mol.:      -33.08626      -46.79104       81.04447
wrapping first mol.:      -33.08626      -46.79104       81.04447
wrapping first mol.:      -33.08626      -46.79104       81.04447

 NSTEP =  1450000   TIME(PS) =    2900.000  TEMP(K) =   299.00  PRESS =     0.0
 Etot   =   -250393.6088  EKtot   =     46177.6523  EPtot      =   -296571.2611
 BOND   =      1308.6898  ANGLE   =      3319.6174  DIHED      =      2453.5583
 UB     =         0.0000  IMP     =         0.0000  CMAP       =       322.9523
 1-4 NB =      1534.3588  1-4 EEL =     20404.3231  VDWAALS    =     36807.1589
 EELEC  =   -362721.9198  EHBOND  =         0.0000  RESTRAINT  =         0.0000
 ------------------------------------------------------------------------------

wrapping first mol.:      -33.08626      -46.79104       81.04447
wrapping first mol.:      -33.08626      -46.79104       81.04447
wrapping first mol.:      -33.08626      -46.79104       81.04447
wrapping first mol.:      -33.08626      -46.79104       81.04447
wrapping first mol.:      -33.08626      -46.79104       81.04447
wrapping first mol.:      -33.08626      -46.79104       81.04447
wrapping first mol.:      -33.08626      -46.79104       81.04447
wrapping first mol.:      -33.08626      -46.79104       81.04447
wrapping first mol.:      -33.08626      -46.79104       81.04447
wrapping first mol.:      -33.08626      -46.79104       81.04447
wrapping first mol.:      -33.08626      -46.79104       81.04447

 NSTEP =  1500000   TIME(PS) =    3000.000  TEMP(K) =   301.30  PRESS =     0.0
 Etot   =   -249927.3229  EKtot   =     46533.2227  EPtot      =   -296460.5455
 BOND   =      1315.7761  ANGLE   =      3447.6323  DIHED      =      2484.6769
 UB     =         0.0000  IMP     =         0.0000  CMAP       =       322.1795
 1-4 NB =      1514.5074  1-4 EEL =     20379.6231  VDWAALS    =     36311.7996
 EELEC  =   -362236.7403  EHBOND  =         0.0000  RESTRAINT  =         0.0000
 ------------------------------------------------------------------------------

wrapping first mol.:      -33.08626      -46.79104       81.04447
wrapping first mol.:      -33.08626      -46.79104       81.04447
wrapping first mol.:      -33.08626      -46.79104       81.04447
wrapping first mol.:      -33.08626      -46.79104       81.04447
wrapping first mol.:      -33.08626      -46.79104       81.04447
wrapping first mol.:      -66.17253       46.79105       81.04447
wrapping first mol.:      -66.17253       46.79105       81.04447
wrapping first mol.:      -66.17253       46.79105       81.04447
wrapping first mol.:      -66.17253       46.79105       81.04447
wrapping first mol.:      -66.17253       46.79105       81.04447
wrapping first mol.:      -66.17253       46.79105       81.04447

 NSTEP =  1550000   TIME(PS) =    3100.000  TEMP(K) =   300.49  PRESS =     0.0
 Etot   =   -250160.6884  EKtot   =     46407.8711  EPtot      =   -296568.5595
 BOND   =      1253.6571  ANGLE   =      3402.1197  DIHED      =      2460.9023
 UB     =         0.0000  IMP     =         0.0000  CMAP       =       312.0306
 1-4 NB =      1509.5616  1-4 EEL =     20396.9003  VDWAALS    =     36466.8308
 EELEC  =   -362370.5619  EHBOND  =         0.0000  RESTRAINT  =         0.0000
 ------------------------------------------------------------------------------

wrapping first mol.:      -66.17253       46.79105       81.04447
wrapping first mol.:      -66.17253       46.79105       81.04447
wrapping first mol.:      -66.17253       46.79105       81.04447
wrapping first mol.:      -66.17253       46.79105       81.04447
wrapping first mol.:      -66.17253       46.79105       81.04447
wrapping first mol.:      -66.17253       46.79105       81.04447
wrapping first mol.:      -66.17253       46.79105       81.04447
wrapping first mol.:      -66.17253       46.79105       81.04447
wrapping first mol.:      -66.17253       46.79105       81.04447
wrapping first mol.:      -66.17253       46.79105       81.04447
wrapping first mol.:      -66.17253       46.79105       81.04447

 NSTEP =  1600000   TIME(PS) =    3200.000  TEMP(K) =   301.02  PRESS =     0.0
 Etot   =   -250224.3238  EKtot   =     46489.6797  EPtot      =   -296714.0035
 BOND   =      1296.4807  ANGLE   =      3387.7043  DIHED      =      2491.8976
 UB     =         0.0000  IMP     =         0.0000  CMAP       =       324.0259
 1-4 NB =      1547.8990  1-4 EEL =     20377.0519  VDWAALS    =     37014.1361
 EELEC  =   -363153.1990  EHBOND  =         0.0000  RESTRAINT  =         0.0000
 ------------------------------------------------------------------------------

wrapping first mol.:      -66.17253       46.79105       81.04447
wrapping first mol.:      -66.17253       46.79105       81.04447
wrapping first mol.:      -66.17253       46.79105       81.04447
wrapping first mol.:      -66.17253       46.79105       81.04447
wrapping first mol.:      -66.17253       46.79105       81.04447
wrapping first mol.:      -66.17253       46.79105       81.04447
wrapping first mol.:      -66.17253       46.79105       81.04447
wrapping first mol.:      -66.17253       46.79105       81.04447
wrapping first mol.:      -66.17253       46.79105       81.04447
wrapping first mol.:      -66.17253       46.79105       81.04447
wrapping first mol.:      -66.17253       46.79105       81.04447

 NSTEP =  1650000   TIME(PS) =    3300.000  TEMP(K) =   301.30  PRESS =     0.0
 Etot   =   -250263.1024  EKtot   =     46533.2500  EPtot      =   -296796.3524
 BOND   =      1275.6350  ANGLE   =      3369.4010  DIHED      =      2470.5817
 UB     =         0.0000  IMP     =         0.0000  CMAP       =       315.4255
 1-4 NB =      1529.2852  1-4 EEL =     20350.0869  VDWAALS    =     36752.2782
 EELEC  =   -362859.0459  EHBOND  =         0.0000  RESTRAINT  =         0.0000
 ------------------------------------------------------------------------------

wrapping first mol.:      -66.17253       46.79105       81.04447
wrapping first mol.:      -66.17253       46.79105       81.04447
wrapping first mol.:      -66.17253       46.79105       81.04447
wrapping first mol.:      -66.17253       46.79105       81.04447
wrapping first mol.:      -66.17253       46.79105       81.04447
wrapping first mol.:      -66.17253       46.79105       81.04447
wrapping first mol.:      -66.17253       46.79105       81.04447
wrapping first mol.:      -66.17253       46.79105       81.04447
wrapping first mol.:      -66.17253       46.79105       81.04447
wrapping first mol.:      -66.17253       46.79105       81.04447
wrapping first mol.:      -66.17253       46.79105       81.04447

 NSTEP =  1700000   TIME(PS) =    3400.000  TEMP(K) =   296.93  PRESS =     0.0
 Etot   =   -250516.1412  EKtot   =     45857.7383  EPtot      =   -296373.8795
 BOND   =      1308.1432  ANGLE   =      3421.4540  DIHED      =      2531.2937
 UB     =         0.0000  IMP     =         0.0000  CMAP       =       313.7745
 1-4 NB =      1534.5161  1-4 EEL =     20405.3757  VDWAALS    =     36385.5041
 EELEC  =   -362273.9407  EHBOND  =         0.0000  RESTRAINT  =         0.0000
 ------------------------------------------------------------------------------

wrapping first mol.:      -66.17253       46.79105       81.04447
wrapping first mol.:      -66.17253       46.79105       81.04447
wrapping first mol.:      -66.17253       46.79105       81.04447
wrapping first mol.:      -66.17253       46.79105       81.04447
wrapping first mol.:      -66.17253       46.79105       81.04447
wrapping first mol.:      -66.17253       46.79105       81.04447
wrapping first mol.:      -66.17253       46.79105       81.04447
wrapping first mol.:      -66.17253       46.79105       81.04447
wrapping first mol.:      -66.17253       46.79105       81.04447
wrapping first mol.:      -66.17253       46.79105       81.04447
wrapping first mol.:      -66.17253       46.79105       81.04447

 NSTEP =  1750000   TIME(PS) =    3500.000  TEMP(K) =   298.75  PRESS =     0.0
 Etot   =   -250494.9836  EKtot   =     46138.9805  EPtot      =   -296633.9640
 BOND   =      1294.6407  ANGLE   =      3438.6142  DIHED      =      2440.7746
 UB     =         0.0000  IMP     =         0.0000  CMAP       =       331.4525
 1-4 NB =      1535.2887  1-4 EEL =     20425.7871  VDWAALS    =     36841.5216
 EELEC  =   -362942.0434  EHBOND  =         0.0000  RESTRAINT  =         0.0000
 ------------------------------------------------------------------------------

wrapping first mol.:      -66.17253       46.79105       81.04447
wrapping first mol.:      -66.17253       46.79105       81.04447
wrapping first mol.:      -66.17253       46.79105       81.04447
wrapping first mol.:      -66.17253       46.79105       81.04447
wrapping first mol.:      -66.17253       46.79105       81.04447
wrapping first mol.:      -66.17253       46.79105       81.04447
wrapping first mol.:      -66.17253       46.79105       81.04447
wrapping first mol.:      -66.17253       46.79105       81.04447
wrapping first mol.:      -66.17253       46.79105       81.04447
wrapping first mol.:      -66.17253       46.79105       81.04447
wrapping first mol.:      -66.17253       46.79105       81.04447

 NSTEP =  1800000   TIME(PS) =    3600.000  TEMP(K) =   299.30  PRESS =     0.0
 Etot   =   -249833.6599  EKtot   =     46224.4414  EPtot      =   -296058.1013
 BOND   =      1267.3829  ANGLE   =      3449.3945  DIHED      =      2455.5606
 UB     =         0.0000  IMP     =         0.0000  CMAP       =       321.3241
 1-4 NB =      1526.3010  1-4 EEL =     20359.0513  VDWAALS    =     36258.8973
 EELEC  =   -361696.0130  EHBOND  =         0.0000  RESTRAINT  =         0.0000
 ------------------------------------------------------------------------------

wrapping first mol.:      -66.17253       46.79105       81.04447
wrapping first mol.:      -66.17253       46.79105       81.04447
wrapping first mol.:      -66.17253       46.79105       81.04447
wrapping first mol.:      -66.17253       46.79105       81.04447
wrapping first mol.:      -66.17253       46.79105       81.04447
wrapping first mol.:      -66.17253       46.79105       81.04447
wrapping first mol.:      -66.17253       46.79105       81.04447
wrapping first mol.:      -66.17253       46.79105       81.04447
wrapping first mol.:      -66.17253       46.79105       81.04447
wrapping first mol.:      -66.17253       46.79105       81.04447
wrapping first mol.:      -66.17253       46.79105       81.04447

 NSTEP =  1850000   TIME(PS) =    3700.000  TEMP(K) =   299.78  PRESS =     0.0
 Etot   =   -251179.2940  EKtot   =     46298.3477  EPtot      =   -297477.6417
 BOND   =      1314.7669  ANGLE   =      3429.8985  DIHED      =      2451.5238
 UB     =         0.0000  IMP     =         0.0000  CMAP       =       314.0319
 1-4 NB =      1527.0253  1-4 EEL =     20320.1193  VDWAALS    =     37092.5284
 EELEC  =   -363927.5357  EHBOND  =         0.0000  RESTRAINT  =         0.0000
 ------------------------------------------------------------------------------

wrapping first mol.:      -66.17253       46.79105       81.04447
wrapping first mol.:      -66.17253       46.79105       81.04447
wrapping first mol.:      -66.17253       46.79105       81.04447
wrapping first mol.:      -66.17253       46.79105       81.04447
wrapping first mol.:      -66.17253       46.79105       81.04447
wrapping first mol.:      -66.17253       46.79105       81.04447
wrapping first mol.:      -66.17253       46.79105       81.04447
wrapping first mol.:      -66.17253       46.79105       81.04447
wrapping first mol.:      -66.17253       46.79105       81.04447
wrapping first mol.:      -66.17253       46.79105       81.04447
wrapping first mol.:      -66.17253       46.79105       81.04447

 NSTEP =  1900000   TIME(PS) =    3800.000  TEMP(K) =   298.39  PRESS =     0.0
 Etot   =   -250279.4726  EKtot   =     46084.1562  EPtot      =   -296363.6288
 BOND   =      1301.4892  ANGLE   =      3431.2417  DIHED      =      2473.5768
 UB     =         0.0000  IMP     =         0.0000  CMAP       =       337.6070
 1-4 NB =      1539.7780  1-4 EEL =     20332.0056  VDWAALS    =     36855.4038
 EELEC  =   -362634.7310  EHBOND  =         0.0000  RESTRAINT  =         0.0000
 ------------------------------------------------------------------------------

wrapping first mol.:      -66.17253       46.79105       81.04447
wrapping first mol.:      -66.17253       46.79105       81.04447
wrapping first mol.:      -66.17253       46.79105       81.04447
wrapping first mol.:      -66.17253       46.79105       81.04447
wrapping first mol.:      -66.17253       46.79105       81.04447
wrapping first mol.:      -66.17253       46.79105       81.04447
wrapping first mol.:      -66.17253       46.79105       81.04447
wrapping first mol.:      -66.17253       46.79105       81.04447
wrapping first mol.:      -66.17253       46.79105       81.04447
wrapping first mol.:      -66.17253       46.79105       81.04447
wrapping first mol.:      -66.17253       46.79105       81.04447

 NSTEP =  1950000   TIME(PS) =    3900.000  TEMP(K) =   299.61  PRESS =     0.0
 Etot   =   -250127.4124  EKtot   =     46271.4766  EPtot      =   -296398.8890
 BOND   =      1235.2809  ANGLE   =      3404.2837  DIHED      =      2479.8691
 UB     =         0.0000  IMP     =         0.0000  CMAP       =       317.5091
 1-4 NB =      1562.6811  1-4 EEL =     20308.8098  VDWAALS    =     36434.8198
 EELEC  =   -362142.1425  EHBOND  =         0.0000  RESTRAINT  =         0.0000
 ------------------------------------------------------------------------------

wrapping first mol.:      -66.17253       46.79105       81.04447
wrapping first mol.:      -66.17253       46.79105       81.04447
wrapping first mol.:      -66.17253       46.79105       81.04447
wrapping first mol.:      -66.17253       46.79105       81.04447
wrapping first mol.:      -66.17253       46.79105       81.04447
wrapping first mol.:      -66.17253       46.79105       81.04447
wrapping first mol.:      -66.17253       46.79105       81.04447
wrapping first mol.:      -66.17253       46.79105       81.04447
wrapping first mol.:      -66.17253       46.79105       81.04447
wrapping first mol.:      -66.17253       46.79105       81.04447
wrapping first mol.:      -66.17253       46.79105       81.04447

 NSTEP =  2000000   TIME(PS) =    4000.000  TEMP(K) =   299.66  PRESS =     0.0
 Etot   =   -250321.7256  EKtot   =     46280.5117  EPtot      =   -296602.2374
 BOND   =      1263.5574  ANGLE   =      3444.7140  DIHED      =      2487.5117
 UB     =         0.0000  IMP     =         0.0000  CMAP       =       319.8883
 1-4 NB =      1542.7324  1-4 EEL =     20342.1453  VDWAALS    =     36686.4046
 EELEC  =   -362689.1910  EHBOND  =         0.0000  RESTRAINT  =         0.0000
 ------------------------------------------------------------------------------

wrapping first mol.:      -66.17253       46.79105       81.04447
wrapping first mol.:      -66.17253       46.79105       81.04447
wrapping first mol.:      -66.17253       46.79105       81.04447
wrapping first mol.:      -66.17253       46.79105       81.04447
wrapping first mol.:      -66.17253       46.79105       81.04447
wrapping first mol.:      -66.17253       46.79105       81.04447
wrapping first mol.:      -66.17253       46.79105       81.04447
wrapping first mol.:      -66.17253       46.79105       81.04447
wrapping first mol.:      -66.17253       46.79105       81.04447
wrapping first mol.:      -66.17253       46.79105       81.04447
wrapping first mol.:      -66.17253       46.79105       81.04447

 NSTEP =  2050000   TIME(PS) =    4100.000  TEMP(K) =   299.25  PRESS =     0.0
 Etot   =   -250272.0855  EKtot   =     46216.2461  EPtot      =   -296488.3316
 BOND   =      1260.0824  ANGLE   =      3337.4658  DIHED      =      2489.6520
 UB     =         0.0000  IMP     =         0.0000  CMAP       =       322.6944
 1-4 NB =      1555.1485  1-4 EEL =     20500.4713  VDWAALS    =     36237.9988
 EELEC  =   -362191.8447  EHBOND  =         0.0000  RESTRAINT  =         0.0000
 ------------------------------------------------------------------------------

wrapping first mol.:      -66.17253       46.79105       81.04447
wrapping first mol.:      -66.17253       46.79105       81.04447
wrapping first mol.:      -66.17253       46.79105       81.04447
wrapping first mol.:      -66.17253       46.79105       81.04447
wrapping first mol.:      -66.17253       46.79105       81.04447
wrapping first mol.:      -66.17253       46.79105       81.04447
wrapping first mol.:      -66.17253       46.79105       81.04447
wrapping first mol.:      -66.17253       46.79105       81.04447
wrapping first mol.:      -66.17253       46.79105       81.04447
wrapping first mol.:      -66.17253       46.79105       81.04447
wrapping first mol.:      -66.17253       46.79105       81.04447

 NSTEP =  2100000   TIME(PS) =    4200.000  TEMP(K) =   300.48  PRESS =     0.0
 Etot   =   -250273.7220  EKtot   =     46406.9141  EPtot      =   -296680.6361
 BOND   =      1241.0065  ANGLE   =      3334.1965  DIHED      =      2424.2237
 UB     =         0.0000  IMP     =         0.0000  CMAP       =       315.8640
 1-4 NB =      1547.6883  1-4 EEL =     20383.1265  VDWAALS    =     36235.4086
 EELEC  =   -362162.1502  EHBOND  =         0.0000  RESTRAINT  =         0.0000
 ------------------------------------------------------------------------------

wrapping first mol.:      -66.17253       46.79105       81.04447
wrapping first mol.:      -66.17253       46.79105       81.04447
wrapping first mol.:      -66.17253       46.79105       81.04447
wrapping first mol.:      -66.17253       46.79105       81.04447
wrapping first mol.:      -66.17253       46.79105       81.04447
wrapping first mol.:      -66.17253       46.79105       81.04447
wrapping first mol.:      -66.17253       46.79105       81.04447
wrapping first mol.:      -66.17253       46.79105       81.04447
wrapping first mol.:      -66.17253       46.79105       81.04447
wrapping first mol.:      -66.17253       46.79105       81.04447
wrapping first mol.:      -66.17253       46.79105       81.04447

 NSTEP =  2150000   TIME(PS) =    4300.000  TEMP(K) =   299.25  PRESS =     0.0
 Etot   =   -250407.9563  EKtot   =     46217.0664  EPtot      =   -296625.0227
 BOND   =      1272.1491  ANGLE   =      3403.6620  DIHED      =      2452.0831
 UB     =         0.0000  IMP     =         0.0000  CMAP       =       324.6983
 1-4 NB =      1530.0437  1-4 EEL =     20347.1192  VDWAALS    =     36522.1056
 EELEC  =   -362476.8837  EHBOND  =         0.0000  RESTRAINT  =         0.0000
 ------------------------------------------------------------------------------

wrapping first mol.:      -66.17253       46.79105       81.04447
wrapping first mol.:      -66.17253       46.79105       81.04447
wrapping first mol.:      -66.17253       46.79105       81.04447
wrapping first mol.:      -66.17253       46.79105       81.04447
wrapping first mol.:      -66.17253       46.79105       81.04447
wrapping first mol.:      -66.17253       46.79105       81.04447
wrapping first mol.:      -66.17253       46.79105       81.04447
wrapping first mol.:      -66.17253       46.79105       81.04447
wrapping first mol.:      -66.17253       46.79105       81.04447
wrapping first mol.:      -66.17253       46.79105       81.04447
wrapping first mol.:      -66.17253       46.79105       81.04447

 NSTEP =  2200000   TIME(PS) =    4400.000  TEMP(K) =   300.07  PRESS =     0.0
 Etot   =   -249864.8568  EKtot   =     46343.5469  EPtot      =   -296208.4037
 BOND   =      1294.5367  ANGLE   =      3447.1475  DIHED      =      2476.6092
 UB     =         0.0000  IMP     =         0.0000  CMAP       =       327.1028
 1-4 NB =      1539.1554  1-4 EEL =     20319.3486  VDWAALS    =     36932.5000
 EELEC  =   -362544.8038  EHBOND  =         0.0000  RESTRAINT  =         0.0000
 ------------------------------------------------------------------------------

wrapping first mol.:      -66.17253       46.79105       81.04447
wrapping first mol.:      -66.17253       46.79105       81.04447
wrapping first mol.:      -66.17253       46.79105       81.04447
wrapping first mol.:      -66.17253       46.79105       81.04447
wrapping first mol.:      -66.17253       46.79105       81.04447
wrapping first mol.:      -66.17253       46.79105       81.04447
wrapping first mol.:      -66.17253       46.79105       81.04447
wrapping first mol.:      -66.17253       46.79105       81.04447
wrapping first mol.:      -66.17253       46.79105       81.04447
wrapping first mol.:      -66.17253       46.79105       81.04447
wrapping first mol.:      -66.17253       46.79105       81.04447

 NSTEP =  2250000   TIME(PS) =    4500.000  TEMP(K) =   298.23  PRESS =     0.0
 Etot   =   -250186.7203  EKtot   =     46059.4609  EPtot      =   -296246.1813
 BOND   =      1276.7061  ANGLE   =      3393.1403  DIHED      =      2506.3504
 UB     =         0.0000  IMP     =         0.0000  CMAP       =       331.5940
 1-4 NB =      1520.7492  1-4 EEL =     20334.0550  VDWAALS    =     36510.8014
 EELEC  =   -362119.5777  EHBOND  =         0.0000  RESTRAINT  =         0.0000
 ------------------------------------------------------------------------------

wrapping first mol.:      -66.17253       46.79105       81.04447
wrapping first mol.:      -66.17253       46.79105       81.04447
wrapping first mol.:      -66.17253       46.79105       81.04447
wrapping first mol.:      -66.17253       46.79105       81.04447
wrapping first mol.:      -66.17253       46.79105       81.04447
wrapping first mol.:      -66.17253       46.79105       81.04447
wrapping first mol.:      -66.17253       46.79105       81.04447
wrapping first mol.:      -66.17253       46.79105       81.04447
wrapping first mol.:      -66.17253       46.79105       81.04447
wrapping first mol.:      -66.17253       46.79105       81.04447
wrapping first mol.:      -66.17253       46.79105       81.04447

 NSTEP =  2300000   TIME(PS) =    4600.000  TEMP(K) =   300.87  PRESS =     0.0
 Etot   =   -250173.6629  EKtot   =     46467.5781  EPtot      =   -296641.2411
 BOND   =      1296.6685  ANGLE   =      3404.7013  DIHED      =      2479.7284
 UB     =         0.0000  IMP     =         0.0000  CMAP       =       309.0573
 1-4 NB =      1551.8576  1-4 EEL =     20374.0933  VDWAALS    =     36979.1369
 EELEC  =   -363036.4845  EHBOND  =         0.0000  RESTRAINT  =         0.0000
 ------------------------------------------------------------------------------

wrapping first mol.:      -66.17253       46.79105       81.04447
wrapping first mol.:      -66.17253       46.79105       81.04447
wrapping first mol.:      -66.17253       46.79105       81.04447
wrapping first mol.:      -66.17253       46.79105       81.04447
wrapping first mol.:      -66.17253       46.79105       81.04447
wrapping first mol.:      -66.17253       46.79105       81.04447
wrapping first mol.:      -66.17253       46.79105       81.04447
wrapping first mol.:      -66.17253       46.79105       81.04447
wrapping first mol.:      -66.17253       46.79105       81.04447
wrapping first mol.:      -66.17253       46.79105       81.04447
wrapping first mol.:      -66.17253       46.79105       81.04447

 NSTEP =  2350000   TIME(PS) =    4700.000  TEMP(K) =   300.16  PRESS =     0.0
 Etot   =   -250129.9424  EKtot   =     46356.9414  EPtot      =   -296486.8838
 BOND   =      1311.3138  ANGLE   =      3396.8287  DIHED      =      2449.6595
 UB     =         0.0000  IMP     =         0.0000  CMAP       =       315.8268
 1-4 NB =      1531.7932  1-4 EEL =     20512.3555  VDWAALS    =     36917.8803
 EELEC  =   -362922.5417  EHBOND  =         0.0000  RESTRAINT  =         0.0000
 ------------------------------------------------------------------------------

wrapping first mol.:      -66.17253       46.79105       81.04447
wrapping first mol.:      -66.17253       46.79105       81.04447
wrapping first mol.:      -66.17253       46.79105       81.04447
wrapping first mol.:      -66.17253       46.79105       81.04447
wrapping first mol.:      -66.17253       46.79105       81.04447
wrapping first mol.:      -66.17253       46.79105       81.04447
wrapping first mol.:      -66.17253       46.79105       81.04447
wrapping first mol.:      -66.17253       46.79105       81.04447
wrapping first mol.:      -66.17253       46.79105       81.04447
wrapping first mol.:      -66.17253       46.79105       81.04447
wrapping first mol.:      -66.17253       46.79105       81.04447

 NSTEP =  2400000   TIME(PS) =    4800.000  TEMP(K) =   301.97  PRESS =     0.0
 Etot   =   -249809.7193  EKtot   =     46636.8984  EPtot      =   -296446.6177
 BOND   =      1298.7671  ANGLE   =      3384.4464  DIHED      =      2475.2073
 UB     =         0.0000  IMP     =         0.0000  CMAP       =       319.5783
 1-4 NB =      1544.7208  1-4 EEL =     20386.3923  VDWAALS    =     36786.6658
 EELEC  =   -362642.3957  EHBOND  =         0.0000  RESTRAINT  =         0.0000
 ------------------------------------------------------------------------------

wrapping first mol.:      -66.17253       46.79105       81.04447
wrapping first mol.:      -66.17253       46.79105       81.04447
wrapping first mol.:      -66.17253       46.79105       81.04447
wrapping first mol.:      -66.17253       46.79105       81.04447
wrapping first mol.:      -66.17253       46.79105       81.04447
wrapping first mol.:      -66.17253       46.79105       81.04447
wrapping first mol.:      -66.17253       46.79105       81.04447
wrapping first mol.:      -66.17253       46.79105       81.04447
wrapping first mol.:      -66.17253       46.79105       81.04447
wrapping first mol.:      -66.17253       46.79105       81.04447
wrapping first mol.:      -66.17253       46.79105       81.04447

 NSTEP =  2450000   TIME(PS) =    4900.000  TEMP(K) =   299.36  PRESS =     0.0
 Etot   =   -250059.3323  EKtot   =     46233.6562  EPtot      =   -296292.9886
 BOND   =      1276.0582  ANGLE   =      3427.6541  DIHED      =      2501.4604
 UB     =         0.0000  IMP     =         0.0000  CMAP       =       330.5300
 1-4 NB =      1522.7901  1-4 EEL =     20343.7920  VDWAALS    =     36653.5815
 EELEC  =   -362348.8549  EHBOND  =         0.0000  RESTRAINT  =         0.0000
 ------------------------------------------------------------------------------

wrapping first mol.:      -66.17253       46.79105       81.04447
wrapping first mol.:      -66.17253       46.79105       81.04447
wrapping first mol.:      -66.17253       46.79105       81.04447
wrapping first mol.:      -66.17253       46.79105       81.04447
wrapping first mol.:      -66.17253       46.79105       81.04447
wrapping first mol.:      -66.17253       46.79105       81.04447
wrapping first mol.:      -66.17253       46.79105       81.04447
wrapping first mol.:      -66.17253       46.79105       81.04447
wrapping first mol.:      -66.17253       46.79105       81.04447
wrapping first mol.:      -66.17253       46.79105       81.04447
wrapping first mol.:      -66.17253       46.79105       81.04447

 NSTEP =  2500000   TIME(PS) =    5000.000  TEMP(K) =   300.44  PRESS =     0.0
 Etot   =   -249825.8667  EKtot   =     46400.3633  EPtot      =   -296226.2300
 BOND   =      1274.3441  ANGLE   =      3369.9923  DIHED      =      2494.9215
 UB     =         0.0000  IMP     =         0.0000  CMAP       =       341.8535
 1-4 NB =      1502.2747  1-4 EEL =     20352.4788  VDWAALS    =     36221.4431
 EELEC  =   -361783.5380  EHBOND  =         0.0000  RESTRAINT  =         0.0000
 ------------------------------------------------------------------------------


      A V E R A G E S   O V E R      50 S T E P S


 NSTEP =  2500000   TIME(PS) =    5000.000  TEMP(K) =   299.85  PRESS =     0.0
 Etot   =   -250178.9696  EKtot   =     46308.6704  EPtot      =   -296487.6400
 BOND   =      1284.3514  ANGLE   =      3410.1481  DIHED      =      2465.7530
 UB     =         0.0000  IMP     =         0.0000  CMAP       =       324.5671
 1-4 NB =      1540.2809  1-4 EEL =     20349.9180  VDWAALS    =     36671.0919
 EELEC  =   -362533.7505  EHBOND  =         0.0000  RESTRAINT  =         0.0000
 ------------------------------------------------------------------------------


      R M S  F L U C T U A T I O N S


 NSTEP =  2500000   TIME(PS) =    5000.000  TEMP(K) =     1.12  PRESS =     0.0
 Etot   =       305.9613  EKtot   =       172.2135  EPtot      =       276.9031
 BOND   =        27.1634  ANGLE   =        33.9747  DIHED      =        24.3292
 UB     =         0.0000  IMP     =         0.0000  CMAP       =         8.4264
 1-4 NB =        16.9685  1-4 EEL =        54.0921  VDWAALS    =       274.2137
 EELEC  =       468.4156  EHBOND  =         0.0000  RESTRAINT  =         0.0000
 ------------------------------------------------------------------------------

--------------------------------------------------------------------------------
   5.  TIMINGS
--------------------------------------------------------------------------------

|  NonSetup CPU Time in Major Routines:
|
|     Routine           Sec        %
|     ------------------------------
|     Nonbond         349.04    7.04
|     Bond              0.00    0.00
|     Angle             0.00    0.00
|     Dihedral          0.00    0.00
|     Shake            13.27    0.27
|     RunMD          4589.97   92.64
|     Other             2.60    0.05
|     ------------------------------
|     Total          4954.87

|  PME Nonbond Pairlist CPU Time:
|
|     Routine              Sec        %
|     ---------------------------------
|     Set Up Cit           0.00    0.00
|     Build List           0.00    0.00
|     ---------------------------------
|     Total                0.00    0.00

|  PME Direct Force CPU Time:
|
|     Routine              Sec        %
|     ---------------------------------
|     NonBonded Calc       0.00    0.00
|     Exclude Masked       0.00    0.00
|     Other                1.43    0.03
|     ---------------------------------
|     Total                1.43    0.03

|  PME Reciprocal Force CPU Time:
|
|     Routine              Sec        %
|     ---------------------------------
|     1D bspline           0.00    0.00
|     Grid Charges         0.00    0.00
|     Scalar Sum           0.00    0.00
|     Gradient Sum         0.00    0.00
|     FFT                  0.00    0.00
|     ---------------------------------
|     Total                0.00    0.00

|  Final Performance Info:
|     -----------------------------------------------------
|     Average timings for last       1 steps:
|     Elapsed(s) =       0.00 Per Step(ms) =       0.15
|         ns/day =    1130.65   seconds/ns =      76.42
|
|     Average timings for all steps:
|     Elapsed(s) =    4955.21 Per Step(ms) =       1.98
|         ns/day =      87.18   seconds/ns =     991.04
|     -----------------------------------------------------

|  Setup CPU time:            1.12 seconds
|  NonSetup CPU time:      4954.87 seconds
|  Total CPU time:         4955.99 seconds     1.38 hours

|  Setup wall time:           1    seconds
|  NonSetup wall time:     4955    seconds
|  Total wall time:        4956    seconds     1.38 hours
