
          -------------------------------------------------------
          Amber 18 PMEMD                              2018
          -------------------------------------------------------

| PMEMD implementation of SANDER, Release 18

| Run on 09/11/2020 at 13:39:52

|   Executable path: pmemd.cuda
| Working directory: /home/almacen/pbarletta/dynein/run/lbm7/3_pdt
|          Hostname: Unknown
  [-O]verwriting output

File Assignments:
|   MDIN: pre_pdt.in                                                            
|  MDOUT: 0pdt.out                                                              
| INPCRD: 3_lbm7.rst7                                                           
|   PARM: /home/almacen/pbarletta/dynein/top_files/lbm7.prmtop                  
| RESTRT: 0p3_lbm7.rst7                                                         
|   REFC: refc                                                                  
|  MDVEL: mdvel                                                                 
|   MDEN: mden                                                                  
|  MDCRD: 0p3_lbm7.nc                                                           
| MDINFO: mdinfo                                                                
|  MDFRC: mdfrc                                                                 


 Here is the input file:

Production run                                                                 
&cntrl                                                                         
imin = 0,                           ! No Minimization                          
nmropt = 0,                         ! No NMR restraints read                   
                                                                               
! Nature and format of the input                                               
ntx = 5,                            ! Coordinates and velocities will be read  
irest = 1,                          ! Do not run a new simulation              
                                                                               
! Nature and format of the output                                              
ntxo = 1,                           ! rstrt file in ASCII format               
ntpr = 50000,                       ! inf in output every ntpr steps           
ntwr = 50000,                       ! rstrt file every ntwr steps              
ntwx = 5000,                        ! mdcrd file every ntwx steps              
ntwv = 0,                           ! mdvel without velocities                 
ntwe = 0,                           ! Energies and temperatures not written in 
idecomp = 0,                        ! No energy decomposition                  
iwrap = 1,                          ! Coordinates of the restart and mdcrd file
                                                                               
! Frozen or restrained atoms                                                   
ibelly = 0,                         ! No frozen atoms                          
ntr=0,                              ! Harmonic potential restraints            
                                                                               
! Molecular dynamics                                                           
nstlim = 2500000,                   ! Number of MD-steps                       
dt = 0.002,                         ! Time step                                
                                                                               
! Temperature regulation                                                       
ntt = 3,                            ! Langevin thermostat                      
gamma_ln = 2,                       ! Gamma constant for Langevin              
temp0 = 300.0,                      ! Reference T at which the system is to be 
tempi = 300.0,                      ! Initial T                                
ig = -1,                            ! Seed for the RNG                         
                                                                               
! P and V regulation                                                           
!barostat = 1,                      ! Berendsen barostat                       
!taup = 1,                          ! Pressure relaxation time                 
ntp = 0,                            ! constant V                               
ntb = 1,                            ! Periodic box for constant V              
                                                                               
! SHAKE variables                                                              
ntc = 2,                            ! Bonds involving H are constrained        
ntf = 2,                            ! Bond interaction involving H are ommited.
                                                                               
cut = 9.0,                          ! Nonbonded cutoff                         
/                                                                              
&end                                                                           


Note: ig = -1. Setting random seed to   296650 based on wallclock time in 
      microseconds.
| irandom = 1, using AMBER's internal random number generator (default).
 
|--------------------- INFORMATION ----------------------
| GPU (CUDA) Version of PMEMD in use: NVIDIA GPU IN USE.
|                    Version 18.0.0
| 
|                      03/25/2018
| 
| Implementation by:
|                    Ross C. Walker     (SDSC)
|                    Scott Le Grand     (nVIDIA)
| 
| Version 18 performance extensions by:
|                    David Cerutti     (Rutgers)
| 
| Precision model in use:
|      [SPFP] - Single Precision Forces, 64-bit Fixed Point
|               Accumulation. (Default)
| 
|--------------------------------------------------------
 
|----------------- CITATION INFORMATION -----------------
|
|    When publishing work that utilized the CUDA version
|    of AMBER, please cite the following in addition to
|    the regular AMBER citations:
|
|  - Romelia Salomon-Ferrer; Andreas W. Goetz; Duncan
|    Poole; Scott Le Grand; Ross C. Walker "Routine
|    microsecond molecular dynamics simulations with
|    AMBER - Part II: Particle Mesh Ewald", J. Chem.
|    Theory Comput., 2013, 9 (9), pp3878-3888,
|    DOI: 10.1021/ct400314y.
|
|  - Andreas W. Goetz; Mark J. Williamson; Dong Xu;
|    Duncan Poole; Scott Le Grand; Ross C. Walker
|    "Routine microsecond molecular dynamics simulations
|    with AMBER - Part I: Generalized Born", J. Chem.
|    Theory Comput., 2012, 8 (5), pp1542-1555.
|
|  - Scott Le Grand; Andreas W. Goetz; Ross C. Walker
|    "SPFP: Speed without compromise - a mixed precision
|    model for GPU accelerated molecular dynamics
|    simulations.", Comp. Phys. Comm., 2013, 184
|    pp374-380, DOI: 10.1016/j.cpc.2012.09.022
|
|--------------------------------------------------------
 
|------------------- GPU DEVICE INFO --------------------
|
|            CUDA_VISIBLE_DEVICES: 0
|   CUDA Capable Devices Detected:      1
|           CUDA Device ID in use:      0
|                CUDA Device Name: GeForce GTX 1080 Ti
|     CUDA Device Global Mem Size:  11178 MB
| CUDA Device Num Multiprocessors:     28
|           CUDA Device Core Freq:   1.72 GHz
|
|--------------------------------------------------------
 
 
| Conditional Compilation Defines Used:
| PUBFFT
| BINTRAJ
| CUDA
| EMIL

| Largest sphere to fit in unit cell has radius =    26.814

| New format PARM file being parsed.
| Version =    1.000 Date = 08/10/20 Time = 22:32:00

| Note: 1-4 EEL scale factors are being read from the topology file.

| Note: 1-4 VDW scale factors are being read from the topology file.
| Duplicated    0 dihedrals

| Duplicated    0 dihedrals

--------------------------------------------------------------------------------
   1.  RESOURCE   USE: 
--------------------------------------------------------------------------------

 getting new box info from bottom of inpcrd
 NATOM  =   28674 NTYPES =      19 NBONH =   20726 MBONA  =    7978
 NTHETH =    3446 MTHETA =    2124 NPHIH =    6994 MPHIA  =    6670
 NHPARM =       0 NPARM  =       0 NNB   =   61668 NRES   =    6592
 NBONA  =    7978 NTHETA =    2124 NPHIA =    6670 NUMBND =      73
 NUMANG =     172 NPTRA  =     191 NATYP =      38 NPHB   =       1
 IFBOX  =       2 NMXRS  =      24 IFCAP =       0 NEXTRA =    6402
 NCOPY  =       0


| Coordinate Index Table dimensions:    11   11   11
| Direct force subcell size =     5.9711    5.9711    5.9711

     BOX TYPE: TRUNCATED OCTAHEDRON

--------------------------------------------------------------------------------
   2.  CONTROL  DATA  FOR  THE  RUN
--------------------------------------------------------------------------------

default_name                                                                    

General flags:
     imin    =       0, nmropt  =       0

Nature and format of input:
     ntx     =       5, irest   =       1, ntrx    =       1

Nature and format of output:
     ntxo    =       1, ntpr    =   50000, ntrx    =       1, ntwr    =   50000
     iwrap   =       1, ntwx    =    5000, ntwv    =       0, ntwe    =       0
     ioutfm  =       1, ntwprt  =       0, idecomp =       0, rbornstat=      0

Potential function:
     ntf     =       2, ntb     =       1, igb     =       0, nsnb    =      25
     ipol    =       0, gbsa    =       0, iesp    =       0
     dielc   =   1.00000, cut     =   9.00000, intdiel =   1.00000

Frozen or restrained atoms:
     ibelly  =       0, ntr     =       0

Molecular dynamics:
     nstlim  =   2500000, nscm    =      1000, nrespa  =         1
     t       =   0.00000, dt      =   0.00200, vlimit  =  -1.00000

Langevin dynamics temperature regulation:
     ig      =  296650
     temp0   = 300.00000, tempi   = 300.00000, gamma_ln=   2.00000

SHAKE:
     ntc     =       2, jfastw  =       0
     tol     =   0.00001

| Intermolecular bonds treatment:
|     no_intermolecular_bonds =       1

| Energy averages sample interval:
|     ene_avg_sampling =   50000

Extra-points options:
     frameon =       1, chngmask=       1

Ewald parameters:
     verbose =       0, ew_type =       0, nbflag  =       1, use_pme =       1
     vdwmeth =       1, eedmeth =       1, netfrc  =       1
     Box X =   65.682   Box Y =   65.682   Box Z =   65.682
     Alpha =  109.471   Beta  =  109.471   Gamma =  109.471
     NFFT1 =   64       NFFT2 =   64       NFFT3 =   64
     Cutoff=    9.000   Tol   =0.100E-04
     Ewald Coefficient =  0.30768
     Interpolation order =    4
|      EXTRA_PTS, trim_bonds: num bonds BEFORE trim = 20726     0
|      EXTRA_PTS, trim_bonds: num bonds AFTER  trim = 20726     0
|      EXTRA_PTS, trim_bonds: num bonds BEFORE trim =  7978     0
|      EXTRA_PTS, trim_bonds: num bonds AFTER  trim =  1576     0
|      EXTRA_PTS, trim_theta: num angle BEFORE trim =  3446     0
|      EXTRA_PTS, trim_theta: num angle AFTER  trim =  3446     0
|      EXTRA_PTS, trim_theta: num angle BEFORE trim =  2124     0
|      EXTRA_PTS, trim_theta: num angle AFTER  trim =  2124     0
|      EXTRA_PTS, trim_phi:  num diheds BEFORE trim =  6994     0
|      EXTRA_PTS, trim_phi:  num diheds AFTER  trim =  6994     0
|      EXTRA_PTS, trim_phi:  num diheds BEFORE trim =  6670     0
|      EXTRA_PTS, trim_phi:  num diheds AFTER  trim =  6670     0

--------------------------------------------------------------------------------
   3.  ATOMIC COORDINATES AND VELOCITIES
--------------------------------------------------------------------------------

Cpptraj Generated Restart                                                       
 begin time read from input coords =     0.000 ps

 
 Number of triangulated 3-point waters found:     6402

     Sum of charges from parm topology file =   0.00003498
     Forcing neutrality...

| Dynamic Memory, Types Used:
| Reals              924184
| Integers          2094362

| Nonbonded Pairs Initial Allocation:     6537672

| GPU memory information (estimate):
| KB of GPU memory in use:         0
| KB of CPU memory in use:         0

--------------------------------------------------------------------------------
   4.  RESULTS
--------------------------------------------------------------------------------

wrapping first mol.:       43.78772      -30.96259       53.62879
wrapping first mol.:       43.78772      -30.96259       53.62879
wrapping first mol.:       43.78772      -30.96259       53.62879
wrapping first mol.:       43.78772      -30.96259       53.62879
wrapping first mol.:       43.78772      -30.96259       53.62879
wrapping first mol.:       43.78772      -30.96259       53.62879
wrapping first mol.:       43.78772      -30.96259       53.62879
wrapping first mol.:       43.78772      -30.96259       53.62879
wrapping first mol.:       43.78772      -30.96259       53.62879
wrapping first mol.:       43.78772      -30.96259       53.62879
wrapping first mol.:       43.78772      -30.96259       53.62879

 NSTEP =    50000   TIME(PS) =     100.000  TEMP(K) =   301.48  PRESS =     0.0
 Etot   =    -71453.6562  EKtot   =     13806.3223  EPtot      =    -85259.9785
 BOND   =       574.0996  ANGLE   =      1554.2363  DIHED      =      1036.6536
 UB     =         0.0000  IMP     =         0.0000  CMAP       =       137.8285
 1-4 NB =       698.8218  1-4 EEL =      9064.1256  VDWAALS    =      9433.0309
 EELEC  =   -107758.7748  EHBOND  =         0.0000  RESTRAINT  =         0.0000
 ------------------------------------------------------------------------------

wrapping first mol.:       43.78772      -30.96259       53.62879
wrapping first mol.:       43.78772      -30.96259       53.62879
wrapping first mol.:       43.78772      -30.96259       53.62879
wrapping first mol.:       43.78772      -30.96259       53.62879
wrapping first mol.:       43.78772      -30.96259       53.62879
wrapping first mol.:       43.78772      -30.96259       53.62879
wrapping first mol.:       43.78772      -30.96259       53.62879
wrapping first mol.:       43.78772      -30.96259       53.62879
wrapping first mol.:       43.78772      -30.96259       53.62879
wrapping first mol.:       43.78772      -30.96259       53.62879
wrapping first mol.:       43.78772      -30.96259       53.62879

 NSTEP =   100000   TIME(PS) =     200.000  TEMP(K) =   301.87  PRESS =     0.0
 Etot   =    -71387.5541  EKtot   =     13824.2432  EPtot      =    -85211.7973
 BOND   =       548.8764  ANGLE   =      1518.9175  DIHED      =      1054.2718
 UB     =         0.0000  IMP     =         0.0000  CMAP       =       144.9242
 1-4 NB =       693.7804  1-4 EEL =      9052.8861  VDWAALS    =      9619.6271
 EELEC  =   -107845.0809  EHBOND  =         0.0000  RESTRAINT  =         0.0000
 ------------------------------------------------------------------------------

wrapping first mol.:       43.78772      -30.96259       53.62879
wrapping first mol.:       43.78772      -30.96259       53.62879
wrapping first mol.:       43.78772      -30.96259       53.62879
wrapping first mol.:       43.78772      -30.96259       53.62879
wrapping first mol.:       43.78772      -30.96259       53.62879
wrapping first mol.:       43.78772      -30.96259       53.62879
wrapping first mol.:       43.78772      -30.96259       53.62879
wrapping first mol.:       43.78772      -30.96259       53.62879
wrapping first mol.:       43.78772      -30.96259       53.62879
wrapping first mol.:       43.78772      -30.96259       53.62879
wrapping first mol.:       43.78772      -30.96259       53.62879

 NSTEP =   150000   TIME(PS) =     300.000  TEMP(K) =   300.62  PRESS =     0.0
 Etot   =    -71503.8031  EKtot   =     13766.9248  EPtot      =    -85270.7279
 BOND   =       588.3050  ANGLE   =      1586.2307  DIHED      =      1070.4638
 UB     =         0.0000  IMP     =         0.0000  CMAP       =       148.6459
 1-4 NB =       675.0117  1-4 EEL =      9036.5914  VDWAALS    =      9295.6660
 EELEC  =   -107671.6424  EHBOND  =         0.0000  RESTRAINT  =         0.0000
 ------------------------------------------------------------------------------

wrapping first mol.:       43.78772      -30.96259       53.62879
wrapping first mol.:       43.78772      -30.96259       53.62879
wrapping first mol.:       43.78772      -30.96259       53.62879
wrapping first mol.:       43.78772      -30.96259       53.62879
wrapping first mol.:       43.78772      -30.96259       53.62879
wrapping first mol.:       43.78772      -30.96259       53.62879
wrapping first mol.:       43.78772      -30.96259       53.62879
wrapping first mol.:       43.78772      -30.96259       53.62879
wrapping first mol.:       43.78772      -30.96259       53.62879
wrapping first mol.:       43.78772      -30.96259       53.62879
wrapping first mol.:       43.78772      -30.96259       53.62879

 NSTEP =   200000   TIME(PS) =     400.000  TEMP(K) =   301.02  PRESS =     0.0
 Etot   =    -71279.8662  EKtot   =     13785.2910  EPtot      =    -85065.1572
 BOND   =       585.2305  ANGLE   =      1531.4572  DIHED      =      1089.2458
 UB     =         0.0000  IMP     =         0.0000  CMAP       =       143.9135
 1-4 NB =       705.2005  1-4 EEL =      9048.0215  VDWAALS    =      9314.0219
 EELEC  =   -107482.2481  EHBOND  =         0.0000  RESTRAINT  =         0.0000
 ------------------------------------------------------------------------------

wrapping first mol.:       43.78772      -30.96259       53.62879
wrapping first mol.:       43.78772      -30.96259       53.62879
wrapping first mol.:       43.78772      -30.96259       53.62879
wrapping first mol.:       43.78772      -30.96259       53.62879
wrapping first mol.:       43.78772      -30.96259       53.62879
wrapping first mol.:       43.78772      -30.96259       53.62879
wrapping first mol.:       43.78772      -30.96259       53.62879
wrapping first mol.:       43.78772      -30.96259       53.62879
wrapping first mol.:       43.78772      -30.96259       53.62879
wrapping first mol.:       43.78772      -30.96259       53.62879
wrapping first mol.:       43.78772      -30.96259       53.62879

 NSTEP =   250000   TIME(PS) =     500.000  TEMP(K) =   298.34  PRESS =     0.0
 Etot   =    -71487.3157  EKtot   =     13662.5986  EPtot      =    -85149.9144
 BOND   =       560.2160  ANGLE   =      1532.0653  DIHED      =      1068.6211
 UB     =         0.0000  IMP     =         0.0000  CMAP       =       148.0403
 1-4 NB =       682.9875  1-4 EEL =      9094.4494  VDWAALS    =      9175.8236
 EELEC  =   -107412.1177  EHBOND  =         0.0000  RESTRAINT  =         0.0000
 ------------------------------------------------------------------------------

wrapping first mol.:       43.78772      -30.96259       53.62879
wrapping first mol.:       43.78772      -30.96259       53.62879
wrapping first mol.:       43.78772      -30.96259       53.62879
wrapping first mol.:       43.78772      -30.96259       53.62879
wrapping first mol.:       43.78772      -30.96259       53.62879
wrapping first mol.:       43.78772      -30.96259       53.62879
wrapping first mol.:       43.78772      -30.96259       53.62879
wrapping first mol.:       43.78772      -30.96259       53.62879
wrapping first mol.:       43.78772      -30.96259       53.62879
wrapping first mol.:       43.78772      -30.96259       53.62879
wrapping first mol.:       43.78772      -30.96259       53.62879

 NSTEP =   300000   TIME(PS) =     600.000  TEMP(K) =   300.96  PRESS =     0.0
 Etot   =    -71353.1990  EKtot   =     13782.3076  EPtot      =    -85135.5066
 BOND   =       584.9141  ANGLE   =      1517.4865  DIHED      =      1067.9338
 UB     =         0.0000  IMP     =         0.0000  CMAP       =       137.2726
 1-4 NB =       701.9262  1-4 EEL =      9068.8396  VDWAALS    =      9386.5420
 EELEC  =   -107600.4214  EHBOND  =         0.0000  RESTRAINT  =         0.0000
 ------------------------------------------------------------------------------

wrapping first mol.:       43.78772      -30.96259       53.62879
wrapping first mol.:       43.78772      -30.96259       53.62879
wrapping first mol.:       43.78772      -30.96259       53.62879
wrapping first mol.:       43.78772      -30.96259       53.62879
wrapping first mol.:       43.78772      -30.96259       53.62879
wrapping first mol.:       43.78772      -30.96259       53.62879
wrapping first mol.:       43.78772      -30.96259       53.62879
wrapping first mol.:       43.78772      -30.96259       53.62879
wrapping first mol.:       43.78772      -30.96259       53.62879
wrapping first mol.:       43.78772      -30.96259       53.62879
wrapping first mol.:       43.78772      -30.96259       53.62879

 NSTEP =   350000   TIME(PS) =     700.000  TEMP(K) =   301.07  PRESS =     0.0
 Etot   =    -71419.6855  EKtot   =     13787.5049  EPtot      =    -85207.1904
 BOND   =       564.5887  ANGLE   =      1543.0538  DIHED      =      1097.9892
 UB     =         0.0000  IMP     =         0.0000  CMAP       =       137.1526
 1-4 NB =       681.4529  1-4 EEL =      9044.0438  VDWAALS    =      9248.0112
 EELEC  =   -107523.4826  EHBOND  =         0.0000  RESTRAINT  =         0.0000
 ------------------------------------------------------------------------------

wrapping first mol.:       43.78772      -30.96259       53.62879
wrapping first mol.:       43.78772      -30.96259       53.62879
wrapping first mol.:       43.78772      -30.96259       53.62879
wrapping first mol.:       43.78772      -30.96259       53.62879
wrapping first mol.:       43.78772      -30.96259       53.62879
wrapping first mol.:       43.78772      -30.96259       53.62879
wrapping first mol.:       43.78772      -30.96259       53.62879
wrapping first mol.:       43.78772      -30.96259       53.62879
wrapping first mol.:       43.78772      -30.96259       53.62879
wrapping first mol.:       43.78772      -30.96259       53.62879
wrapping first mol.:       43.78772      -30.96259       53.62879

 NSTEP =   400000   TIME(PS) =     800.000  TEMP(K) =   301.08  PRESS =     0.0
 Etot   =    -71360.8497  EKtot   =     13787.7861  EPtot      =    -85148.6359
 BOND   =       570.8709  ANGLE   =      1499.9186  DIHED      =      1058.7726
 UB     =         0.0000  IMP     =         0.0000  CMAP       =       147.0396
 1-4 NB =       671.4926  1-4 EEL =      9131.2904  VDWAALS    =      9281.1688
 EELEC  =   -107509.1894  EHBOND  =         0.0000  RESTRAINT  =         0.0000
 ------------------------------------------------------------------------------

wrapping first mol.:       43.78772      -30.96259       53.62879
wrapping first mol.:       43.78772      -30.96259       53.62879
wrapping first mol.:       43.78772      -30.96259       53.62879
wrapping first mol.:       43.78772      -30.96259       53.62879
wrapping first mol.:       43.78772      -30.96259       53.62879
wrapping first mol.:       43.78772      -30.96259       53.62879
wrapping first mol.:       43.78772      -30.96259       53.62879
wrapping first mol.:       43.78772      -30.96259       53.62879
wrapping first mol.:       43.78772      -30.96259       53.62879
wrapping first mol.:       43.78772      -30.96259       53.62879
wrapping first mol.:       43.78772      -30.96259       53.62879

 NSTEP =   450000   TIME(PS) =     900.000  TEMP(K) =   300.05  PRESS =     0.0
 Etot   =    -71397.2411  EKtot   =     13740.5781  EPtot      =    -85137.8193
 BOND   =       578.7859  ANGLE   =      1565.1809  DIHED      =      1049.2471
 UB     =         0.0000  IMP     =         0.0000  CMAP       =       146.6613
 1-4 NB =       683.5756  1-4 EEL =      9090.9036  VDWAALS    =      9522.3963
 EELEC  =   -107774.5700  EHBOND  =         0.0000  RESTRAINT  =         0.0000
 ------------------------------------------------------------------------------

wrapping first mol.:       43.78772      -30.96259       53.62879
wrapping first mol.:       43.78772      -30.96259       53.62879
wrapping first mol.:       43.78772      -30.96259       53.62879
wrapping first mol.:       43.78772      -30.96259       53.62879
wrapping first mol.:       43.78772      -30.96259       53.62879
wrapping first mol.:       43.78772      -30.96259       53.62879
wrapping first mol.:       43.78772      -30.96259       53.62879
wrapping first mol.:       43.78772      -30.96259       53.62879
wrapping first mol.:       43.78772      -30.96259       53.62879
wrapping first mol.:       43.78772      -30.96259       53.62879
wrapping first mol.:       43.78772      -30.96259       53.62879

 NSTEP =   500000   TIME(PS) =    1000.000  TEMP(K) =   302.19  PRESS =     0.0
 Etot   =    -71142.8099  EKtot   =     13838.8691  EPtot      =    -84981.6790
 BOND   =       590.7035  ANGLE   =      1614.9869  DIHED      =      1079.1798
 UB     =         0.0000  IMP     =         0.0000  CMAP       =       142.5860
 1-4 NB =       675.0543  1-4 EEL =      9070.1531  VDWAALS    =      9343.1254
 EELEC  =   -107497.4681  EHBOND  =         0.0000  RESTRAINT  =         0.0000
 ------------------------------------------------------------------------------

wrapping first mol.:       43.78772      -30.96259       53.62879
wrapping first mol.:       43.78772      -30.96259       53.62879
wrapping first mol.:       43.78772      -30.96259       53.62879
wrapping first mol.:       43.78772      -30.96259       53.62879
wrapping first mol.:       43.78772      -30.96259       53.62879
wrapping first mol.:       43.78772      -30.96259       53.62879
wrapping first mol.:       43.78772      -30.96259       53.62879
wrapping first mol.:       43.78772      -30.96259       53.62879
wrapping first mol.:       43.78772      -30.96259       53.62879
wrapping first mol.:       43.78772      -30.96259       53.62879
wrapping first mol.:       43.78772      -30.96259       53.62879

 NSTEP =   550000   TIME(PS) =    1100.000  TEMP(K) =   300.48  PRESS =     0.0
 Etot   =    -71320.6721  EKtot   =     13760.6035  EPtot      =    -85081.2756
 BOND   =       559.4245  ANGLE   =      1606.0103  DIHED      =      1072.6358
 UB     =         0.0000  IMP     =         0.0000  CMAP       =       140.8798
 1-4 NB =       684.9183  1-4 EEL =      9081.9262  VDWAALS    =      9655.2168
 EELEC  =   -107882.2873  EHBOND  =         0.0000  RESTRAINT  =         0.0000
 ------------------------------------------------------------------------------

wrapping first mol.:       43.78772      -30.96259       53.62879
wrapping first mol.:       43.78772      -30.96259       53.62879
wrapping first mol.:       43.78772      -30.96259       53.62879
wrapping first mol.:       43.78772      -30.96259       53.62879
wrapping first mol.:       43.78772      -30.96259       53.62879
wrapping first mol.:       43.78772      -30.96259       53.62879
wrapping first mol.:       43.78772      -30.96259       53.62879
wrapping first mol.:       43.78772      -30.96259       53.62879
wrapping first mol.:       43.78772      -30.96259       53.62879
wrapping first mol.:       43.78772      -30.96259       53.62879
wrapping first mol.:       43.78772      -30.96259       53.62879

 NSTEP =   600000   TIME(PS) =    1200.000  TEMP(K) =   302.14  PRESS =     0.0
 Etot   =    -71413.6464  EKtot   =     13836.2383  EPtot      =    -85249.8847
 BOND   =       613.2134  ANGLE   =      1610.9859  DIHED      =      1077.7701
 UB     =         0.0000  IMP     =         0.0000  CMAP       =       130.9614
 1-4 NB =       687.4239  1-4 EEL =      9105.6053  VDWAALS    =      9482.5358
 EELEC  =   -107958.3805  EHBOND  =         0.0000  RESTRAINT  =         0.0000
 ------------------------------------------------------------------------------

wrapping first mol.:       43.78772      -30.96259       53.62879
wrapping first mol.:       43.78772      -30.96259       53.62879
wrapping first mol.:       43.78772      -30.96259       53.62879
wrapping first mol.:       43.78772      -30.96259       53.62879
wrapping first mol.:       43.78772      -30.96259       53.62879
wrapping first mol.:       43.78772      -30.96259       53.62879
wrapping first mol.:       43.78772      -30.96259       53.62879
wrapping first mol.:       43.78772      -30.96259       53.62879
wrapping first mol.:       43.78772      -30.96259       53.62879
wrapping first mol.:       43.78772      -30.96259       53.62879
wrapping first mol.:       43.78772      -30.96259       53.62879

 NSTEP =   650000   TIME(PS) =    1300.000  TEMP(K) =   299.58  PRESS =     0.0
 Etot   =    -71456.0814  EKtot   =     13719.0039  EPtot      =    -85175.0853
 BOND   =       585.4005  ANGLE   =      1542.8239  DIHED      =      1077.4310
 UB     =         0.0000  IMP     =         0.0000  CMAP       =       151.1568
 1-4 NB =       682.1608  1-4 EEL =      9092.4612  VDWAALS    =      9433.0516
 EELEC  =   -107739.5710  EHBOND  =         0.0000  RESTRAINT  =         0.0000
 ------------------------------------------------------------------------------

wrapping first mol.:       43.78772      -30.96259       53.62879
wrapping first mol.:       43.78772      -30.96259       53.62879
wrapping first mol.:       43.78772      -30.96259       53.62879
wrapping first mol.:       43.78772      -30.96259       53.62879
wrapping first mol.:       43.78772      -30.96259       53.62879
wrapping first mol.:       43.78772      -30.96259       53.62879
wrapping first mol.:       43.78772      -30.96259       53.62879
wrapping first mol.:       43.78772      -30.96259       53.62879
wrapping first mol.:       43.78772      -30.96259       53.62879
wrapping first mol.:       43.78772      -30.96259       53.62879
wrapping first mol.:       43.78772      -30.96259       53.62879

 NSTEP =   700000   TIME(PS) =    1400.000  TEMP(K) =   301.48  PRESS =     0.0
 Etot   =    -71464.7457  EKtot   =     13806.0342  EPtot      =    -85270.7799
 BOND   =       553.5951  ANGLE   =      1522.0511  DIHED      =      1069.6674
 UB     =         0.0000  IMP     =         0.0000  CMAP       =       140.3637
 1-4 NB =       690.3606  1-4 EEL =      9104.1320  VDWAALS    =      9227.1907
 EELEC  =   -107578.1405  EHBOND  =         0.0000  RESTRAINT  =         0.0000
 ------------------------------------------------------------------------------

wrapping first mol.:       43.78772      -30.96259       53.62879
wrapping first mol.:       43.78772      -30.96259       53.62879
wrapping first mol.:       43.78772      -30.96259       53.62879
wrapping first mol.:       43.78772      -30.96259       53.62879
wrapping first mol.:       43.78772      -30.96259       53.62879
wrapping first mol.:       43.78772      -30.96259       53.62879
wrapping first mol.:       43.78772      -30.96259       53.62879
wrapping first mol.:       43.78772      -30.96259       53.62879
wrapping first mol.:       43.78772      -30.96259       53.62879
wrapping first mol.:       43.78772      -30.96259       53.62879
wrapping first mol.:       43.78772      -30.96259       53.62879

 NSTEP =   750000   TIME(PS) =    1500.000  TEMP(K) =   299.10  PRESS =     0.0
 Etot   =    -71535.1196  EKtot   =     13697.3174  EPtot      =    -85232.4370
 BOND   =       588.1806  ANGLE   =      1546.0988  DIHED      =      1088.2408
 UB     =         0.0000  IMP     =         0.0000  CMAP       =       142.3584
 1-4 NB =       681.0924  1-4 EEL =      9093.9896  VDWAALS    =      9498.7316
 EELEC  =   -107871.1292  EHBOND  =         0.0000  RESTRAINT  =         0.0000
 ------------------------------------------------------------------------------

wrapping first mol.:       43.78772      -30.96259       53.62879
wrapping first mol.:       43.78772      -30.96259       53.62879
wrapping first mol.:       43.78772      -30.96259       53.62879
wrapping first mol.:       43.78772      -30.96259       53.62879
wrapping first mol.:       43.78772      -30.96259       53.62879
wrapping first mol.:       43.78772      -30.96259       53.62879
wrapping first mol.:       43.78772      -30.96259       53.62879
wrapping first mol.:       43.78772      -30.96259       53.62879
wrapping first mol.:       43.78772      -30.96259       53.62879
wrapping first mol.:       43.78772      -30.96259       53.62879
wrapping first mol.:       43.78772      -30.96259       53.62879

 NSTEP =   800000   TIME(PS) =    1600.000  TEMP(K) =   301.90  PRESS =     0.0
 Etot   =    -71238.1806  EKtot   =     13825.2793  EPtot      =    -85063.4599
 BOND   =       569.0598  ANGLE   =      1585.8998  DIHED      =      1050.2249
 UB     =         0.0000  IMP     =         0.0000  CMAP       =       131.4013
 1-4 NB =       694.0382  1-4 EEL =      9138.3680  VDWAALS    =      9419.2917
 EELEC  =   -107651.7436  EHBOND  =         0.0000  RESTRAINT  =         0.0000
 ------------------------------------------------------------------------------

wrapping first mol.:       43.78772      -30.96259       53.62879
wrapping first mol.:       43.78772      -30.96259       53.62879
wrapping first mol.:       43.78772      -30.96259       53.62879
wrapping first mol.:       43.78772      -30.96259       53.62879
wrapping first mol.:       43.78772      -30.96259       53.62879
wrapping first mol.:       43.78772      -30.96259       53.62879
wrapping first mol.:       43.78772      -30.96259       53.62879
wrapping first mol.:       43.78772      -30.96259       53.62879
wrapping first mol.:       43.78772      -30.96259       53.62879
wrapping first mol.:       43.78772      -30.96259       53.62879
wrapping first mol.:       43.78772      -30.96259       53.62879

 NSTEP =   850000   TIME(PS) =    1700.000  TEMP(K) =   300.84  PRESS =     0.0
 Etot   =    -71361.9507  EKtot   =     13777.1045  EPtot      =    -85139.0552
 BOND   =       562.4412  ANGLE   =      1600.8480  DIHED      =      1063.8287
 UB     =         0.0000  IMP     =         0.0000  CMAP       =       146.8073
 1-4 NB =       708.2288  1-4 EEL =      9128.5184  VDWAALS    =      9410.0853
 EELEC  =   -107759.8129  EHBOND  =         0.0000  RESTRAINT  =         0.0000
 ------------------------------------------------------------------------------

wrapping first mol.:       43.78772      -30.96259       53.62879
wrapping first mol.:       43.78772      -30.96259       53.62879
wrapping first mol.:       43.78772      -30.96259       53.62879
wrapping first mol.:       43.78772      -30.96259       53.62879
wrapping first mol.:       43.78772      -30.96259       53.62879
wrapping first mol.:       43.78772      -30.96259       53.62879
wrapping first mol.:       43.78772      -30.96259       53.62879
wrapping first mol.:       43.78772      -30.96259       53.62879
wrapping first mol.:       43.78772      -30.96259       53.62879
wrapping first mol.:       43.78772      -30.96259       53.62879
wrapping first mol.:       43.78772      -30.96259       53.62879

 NSTEP =   900000   TIME(PS) =    1800.000  TEMP(K) =   298.22  PRESS =     0.0
 Etot   =    -71367.8834  EKtot   =     13656.9316  EPtot      =    -85024.8150
 BOND   =       600.5158  ANGLE   =      1583.6570  DIHED      =      1083.2571
 UB     =         0.0000  IMP     =         0.0000  CMAP       =       150.2095
 1-4 NB =       676.9159  1-4 EEL =      9086.5928  VDWAALS    =      9566.5083
 EELEC  =   -107772.4714  EHBOND  =         0.0000  RESTRAINT  =         0.0000
 ------------------------------------------------------------------------------

wrapping first mol.:       43.78772      -30.96259       53.62879
wrapping first mol.:       43.78772      -30.96259       53.62879
wrapping first mol.:       43.78772      -30.96259       53.62879
wrapping first mol.:       43.78772      -30.96259       53.62879
wrapping first mol.:       43.78772      -30.96259       53.62879
wrapping first mol.:       43.78772      -30.96259       53.62879
wrapping first mol.:       43.78772      -30.96259       53.62879
wrapping first mol.:       43.78772      -30.96259       53.62879
wrapping first mol.:       43.78772      -30.96259       53.62879
wrapping first mol.:       43.78772      -30.96259       53.62879
wrapping first mol.:       43.78772      -30.96259       53.62879

 NSTEP =   950000   TIME(PS) =    1900.000  TEMP(K) =   298.32  PRESS =     0.0
 Etot   =    -71521.1465  EKtot   =     13661.5859  EPtot      =    -85182.7324
 BOND   =       534.7913  ANGLE   =      1571.9078  DIHED      =      1052.8891
 UB     =         0.0000  IMP     =         0.0000  CMAP       =       158.2311
 1-4 NB =       688.0374  1-4 EEL =      9139.5664  VDWAALS    =      9565.2832
 EELEC  =   -107893.4387  EHBOND  =         0.0000  RESTRAINT  =         0.0000
 ------------------------------------------------------------------------------

wrapping first mol.:       43.78772      -30.96259       53.62879
wrapping first mol.:       43.78772      -30.96259       53.62879
wrapping first mol.:       43.78772      -30.96259       53.62879
wrapping first mol.:       43.78772      -30.96259       53.62879
wrapping first mol.:       43.78772      -30.96259       53.62879
wrapping first mol.:       43.78772      -30.96259       53.62879
wrapping first mol.:       43.78772      -30.96259       53.62879
wrapping first mol.:       43.78772      -30.96259       53.62879
wrapping first mol.:       43.78772      -30.96259       53.62879
wrapping first mol.:       43.78772      -30.96259       53.62879
wrapping first mol.:       43.78772      -30.96259       53.62879

 NSTEP =  1000000   TIME(PS) =    2000.000  TEMP(K) =   299.86  PRESS =     0.0
 Etot   =    -71421.2819  EKtot   =     13732.1543  EPtot      =    -85153.4362
 BOND   =       557.9271  ANGLE   =      1565.3901  DIHED      =      1074.0320
 UB     =         0.0000  IMP     =         0.0000  CMAP       =       140.2856
 1-4 NB =       693.7141  1-4 EEL =      9159.5361  VDWAALS    =      9375.7715
 EELEC  =   -107720.0927  EHBOND  =         0.0000  RESTRAINT  =         0.0000
 ------------------------------------------------------------------------------

wrapping first mol.:       43.78772      -30.96259       53.62879
wrapping first mol.:       43.78772      -30.96259       53.62879
wrapping first mol.:       43.78772      -30.96259       53.62879
wrapping first mol.:       43.78772      -30.96259       53.62879
wrapping first mol.:       43.78772      -30.96259       53.62879
wrapping first mol.:       43.78772      -30.96259       53.62879
wrapping first mol.:       43.78772      -30.96259       53.62879
wrapping first mol.:       43.78772      -30.96259       53.62879
wrapping first mol.:       43.78772      -30.96259       53.62879
wrapping first mol.:       43.78772      -30.96259       53.62879
wrapping first mol.:       43.78772      -30.96259       53.62879

 NSTEP =  1050000   TIME(PS) =    2100.000  TEMP(K) =   299.98  PRESS =     0.0
 Etot   =    -71222.8073  EKtot   =     13737.6699  EPtot      =    -84960.4772
 BOND   =       622.2963  ANGLE   =      1492.5047  DIHED      =      1070.3593
 UB     =         0.0000  IMP     =         0.0000  CMAP       =       143.6243
 1-4 NB =       700.4043  1-4 EEL =      9095.6320  VDWAALS    =      9308.7672
 EELEC  =   -107394.0653  EHBOND  =         0.0000  RESTRAINT  =         0.0000
 ------------------------------------------------------------------------------

wrapping first mol.:       43.78772      -30.96259       53.62879
wrapping first mol.:       43.78772      -30.96259       53.62879
wrapping first mol.:       43.78772      -30.96259       53.62879
wrapping first mol.:       43.78772      -30.96259       53.62879
wrapping first mol.:       43.78772      -30.96259       53.62879
wrapping first mol.:       43.78772      -30.96259       53.62879
wrapping first mol.:       43.78772      -30.96259       53.62879
wrapping first mol.:       43.78772      -30.96259       53.62879
wrapping first mol.:       43.78772      -30.96259       53.62879
wrapping first mol.:       43.78772      -30.96259       53.62879
wrapping first mol.:       43.78772      -30.96259       53.62879

 NSTEP =  1100000   TIME(PS) =    2200.000  TEMP(K) =   299.61  PRESS =     0.0
 Etot   =    -71451.2081  EKtot   =     13720.5635  EPtot      =    -85171.7716
 BOND   =       572.2013  ANGLE   =      1511.0502  DIHED      =      1086.7433
 UB     =         0.0000  IMP     =         0.0000  CMAP       =       147.2898
 1-4 NB =       672.4808  1-4 EEL =      9114.7105  VDWAALS    =      9089.8629
 EELEC  =   -107366.1103  EHBOND  =         0.0000  RESTRAINT  =         0.0000
 ------------------------------------------------------------------------------

wrapping first mol.:       43.78772      -30.96259       53.62879
wrapping first mol.:       43.78772      -30.96259       53.62879
wrapping first mol.:       43.78772      -30.96259       53.62879
wrapping first mol.:       43.78772      -30.96259       53.62879
wrapping first mol.:       43.78772      -30.96259       53.62879
wrapping first mol.:       43.78772      -30.96259       53.62879
wrapping first mol.:       43.78772      -30.96259       53.62879
wrapping first mol.:       43.78772      -30.96259       53.62879
wrapping first mol.:       43.78772      -30.96259       53.62879
wrapping first mol.:       43.78772      -30.96259       53.62879
wrapping first mol.:       43.78772      -30.96259       53.62879

 NSTEP =  1150000   TIME(PS) =    2300.000  TEMP(K) =   298.84  PRESS =     0.0
 Etot   =    -71455.2597  EKtot   =     13685.2295  EPtot      =    -85140.4891
 BOND   =       556.6698  ANGLE   =      1583.8583  DIHED      =      1066.2682
 UB     =         0.0000  IMP     =         0.0000  CMAP       =       140.4346
 1-4 NB =       696.9761  1-4 EEL =      9111.1217  VDWAALS    =      9289.6787
 EELEC  =   -107585.4966  EHBOND  =         0.0000  RESTRAINT  =         0.0000
 ------------------------------------------------------------------------------

wrapping first mol.:       43.78772      -30.96259       53.62879
wrapping first mol.:       43.78772      -30.96259       53.62879
wrapping first mol.:       43.78772      -30.96259       53.62879
wrapping first mol.:       43.78772      -30.96259       53.62879
wrapping first mol.:       43.78772      -30.96259       53.62879
wrapping first mol.:       43.78772      -30.96259       53.62879
wrapping first mol.:       43.78772      -30.96259       53.62879
wrapping first mol.:       43.78772      -30.96259       53.62879
wrapping first mol.:       43.78772      -30.96259       53.62879
wrapping first mol.:       43.78772      -30.96259       53.62879
wrapping first mol.:       43.78772      -30.96259       53.62879

 NSTEP =  1200000   TIME(PS) =    2400.000  TEMP(K) =   299.42  PRESS =     0.0
 Etot   =    -71572.1099  EKtot   =     13711.9590  EPtot      =    -85284.0689
 BOND   =       598.8121  ANGLE   =      1561.0225  DIHED      =      1075.7393
 UB     =         0.0000  IMP     =         0.0000  CMAP       =       138.0667
 1-4 NB =       682.2314  1-4 EEL =      9095.4790  VDWAALS    =      9450.9774
 EELEC  =   -107886.3972  EHBOND  =         0.0000  RESTRAINT  =         0.0000
 ------------------------------------------------------------------------------

wrapping first mol.:       43.78772      -30.96259       53.62879
wrapping first mol.:       43.78772      -30.96259       53.62879
wrapping first mol.:       43.78772      -30.96259       53.62879
wrapping first mol.:       43.78772      -30.96259       53.62879
wrapping first mol.:       43.78772      -30.96259       53.62879
wrapping first mol.:       43.78772      -30.96259       53.62879
wrapping first mol.:       43.78772      -30.96259       53.62879
wrapping first mol.:       43.78772      -30.96259       53.62879
wrapping first mol.:       43.78772      -30.96259       53.62879
wrapping first mol.:       43.78772      -30.96259       53.62879
wrapping first mol.:       43.78772      -30.96259       53.62879

 NSTEP =  1250000   TIME(PS) =    2500.000  TEMP(K) =   300.79  PRESS =     0.0
 Etot   =    -71117.3421  EKtot   =     13774.5068  EPtot      =    -84891.8490
 BOND   =       594.7374  ANGLE   =      1555.4009  DIHED      =      1053.1086
 UB     =         0.0000  IMP     =         0.0000  CMAP       =       147.3971
 1-4 NB =       676.4417  1-4 EEL =      9100.1028  VDWAALS    =      9304.2715
 EELEC  =   -107323.3090  EHBOND  =         0.0000  RESTRAINT  =         0.0000
 ------------------------------------------------------------------------------

wrapping first mol.:       43.78772      -30.96259       53.62879
wrapping first mol.:       43.78772      -30.96259       53.62879
wrapping first mol.:       43.78772      -30.96259       53.62879
wrapping first mol.:       43.78772      -30.96259       53.62879
wrapping first mol.:       43.78772      -30.96259       53.62879
wrapping first mol.:       43.78772      -30.96259       53.62879
wrapping first mol.:       43.78772      -30.96259       53.62879
wrapping first mol.:       43.78772      -30.96259       53.62879
wrapping first mol.:       43.78772      -30.96259       53.62879
wrapping first mol.:       43.78772      -30.96259       53.62879
wrapping first mol.:       43.78772      -30.96259       53.62879

 NSTEP =  1300000   TIME(PS) =    2600.000  TEMP(K) =   299.48  PRESS =     0.0
 Etot   =    -71327.9955  EKtot   =     13714.7988  EPtot      =    -85042.7943
 BOND   =       560.6595  ANGLE   =      1548.2036  DIHED      =      1096.1364
 UB     =         0.0000  IMP     =         0.0000  CMAP       =       140.8344
 1-4 NB =       688.8451  1-4 EEL =      9199.9572  VDWAALS    =      9749.7378
 EELEC  =   -108027.1683  EHBOND  =         0.0000  RESTRAINT  =         0.0000
 ------------------------------------------------------------------------------

wrapping first mol.:       43.78772      -30.96259       53.62879
wrapping first mol.:       43.78772      -30.96259       53.62879
wrapping first mol.:       43.78772      -30.96259       53.62879
wrapping first mol.:       43.78772      -30.96259       53.62879
wrapping first mol.:       43.78772      -30.96259       53.62879
wrapping first mol.:       43.78772      -30.96259       53.62879
wrapping first mol.:       43.78772      -30.96259       53.62879
wrapping first mol.:       43.78772      -30.96259       53.62879
wrapping first mol.:       43.78772      -30.96259       53.62879
wrapping first mol.:       43.78772      -30.96259       53.62879
wrapping first mol.:       43.78772      -30.96259       53.62879

 NSTEP =  1350000   TIME(PS) =    2700.000  TEMP(K) =   298.80  PRESS =     0.0
 Etot   =    -71480.4811  EKtot   =     13683.3232  EPtot      =    -85163.8043
 BOND   =       553.1589  ANGLE   =      1514.1518  DIHED      =      1078.1399
 UB     =         0.0000  IMP     =         0.0000  CMAP       =       135.8003
 1-4 NB =       683.0167  1-4 EEL =      9145.1627  VDWAALS    =      9319.8994
 EELEC  =   -107593.1339  EHBOND  =         0.0000  RESTRAINT  =         0.0000
 ------------------------------------------------------------------------------

wrapping first mol.:       43.78772      -30.96259       53.62879
wrapping first mol.:       43.78772      -30.96259       53.62879
wrapping first mol.:       43.78772      -30.96259       53.62879
wrapping first mol.:       43.78772      -30.96259       53.62879
wrapping first mol.:       43.78772      -30.96259       53.62879
wrapping first mol.:       43.78772      -30.96259       53.62879
wrapping first mol.:       43.78772      -30.96259       53.62879
wrapping first mol.:       43.78772      -30.96259       53.62879
wrapping first mol.:       43.78772      -30.96259       53.62879
wrapping first mol.:       43.78772      -30.96259       53.62879
wrapping first mol.:       43.78772      -30.96259       53.62879

 NSTEP =  1400000   TIME(PS) =    2800.000  TEMP(K) =   298.26  PRESS =     0.0
 Etot   =    -71205.7416  EKtot   =     13658.7568  EPtot      =    -84864.4984
 BOND   =       624.2639  ANGLE   =      1570.5766  DIHED      =      1068.9928
 UB     =         0.0000  IMP     =         0.0000  CMAP       =       136.9746
 1-4 NB =       675.2416  1-4 EEL =      9062.0327  VDWAALS    =      9145.9382
 EELEC  =   -107148.5188  EHBOND  =         0.0000  RESTRAINT  =         0.0000
 ------------------------------------------------------------------------------

wrapping first mol.:       43.78772      -30.96259       53.62879
wrapping first mol.:       43.78772      -30.96259       53.62879
wrapping first mol.:       43.78772      -30.96259       53.62879
wrapping first mol.:       43.78772      -30.96259       53.62879
wrapping first mol.:       43.78772      -30.96259       53.62879
wrapping first mol.:       43.78772      -30.96259       53.62879
wrapping first mol.:       43.78772      -30.96259       53.62879
wrapping first mol.:       43.78772      -30.96259       53.62879
wrapping first mol.:       43.78772      -30.96259       53.62879
wrapping first mol.:       43.78772      -30.96259       53.62879
wrapping first mol.:       43.78772      -30.96259       53.62879

 NSTEP =  1450000   TIME(PS) =    2900.000  TEMP(K) =   298.48  PRESS =     0.0
 Etot   =    -71654.4154  EKtot   =     13668.7598  EPtot      =    -85323.1751
 BOND   =       581.7964  ANGLE   =      1514.5375  DIHED      =      1032.1305
 UB     =         0.0000  IMP     =         0.0000  CMAP       =       143.8911
 1-4 NB =       699.4277  1-4 EEL =      9099.5296  VDWAALS    =      9572.4764
 EELEC  =   -107966.9643  EHBOND  =         0.0000  RESTRAINT  =         0.0000
 ------------------------------------------------------------------------------

wrapping first mol.:       43.78772      -30.96259       53.62879
wrapping first mol.:       43.78772      -30.96259       53.62879
wrapping first mol.:       43.78772      -30.96259       53.62879
wrapping first mol.:       43.78772      -30.96259       53.62879
wrapping first mol.:       43.78772      -30.96259       53.62879
wrapping first mol.:       43.78772      -30.96259       53.62879
wrapping first mol.:       43.78772      -30.96259       53.62879
wrapping first mol.:       43.78772      -30.96259       53.62879
wrapping first mol.:       43.78772      -30.96259       53.62879
wrapping first mol.:       43.78772      -30.96259       53.62879
wrapping first mol.:       43.78772      -30.96259       53.62879

 NSTEP =  1500000   TIME(PS) =    3000.000  TEMP(K) =   300.09  PRESS =     0.0
 Etot   =    -71409.6608  EKtot   =     13742.5166  EPtot      =    -85152.1774
 BOND   =       585.9884  ANGLE   =      1526.8587  DIHED      =      1073.2462
 UB     =         0.0000  IMP     =         0.0000  CMAP       =       142.8009
 1-4 NB =       695.8947  1-4 EEL =      9119.7882  VDWAALS    =      9450.0329
 EELEC  =   -107746.7873  EHBOND  =         0.0000  RESTRAINT  =         0.0000
 ------------------------------------------------------------------------------

wrapping first mol.:       43.78772      -30.96259       53.62879
wrapping first mol.:       43.78772      -30.96259       53.62879
wrapping first mol.:       43.78772      -30.96259       53.62879
wrapping first mol.:       43.78772      -30.96259       53.62879
wrapping first mol.:       43.78772      -30.96259       53.62879
wrapping first mol.:       43.78772      -30.96259       53.62879
wrapping first mol.:       43.78772      -30.96259       53.62879
wrapping first mol.:       43.78772      -30.96259       53.62879
wrapping first mol.:       43.78772      -30.96259       53.62879
wrapping first mol.:       43.78772      -30.96259       53.62879
wrapping first mol.:       43.78772      -30.96259       53.62879

 NSTEP =  1550000   TIME(PS) =    3100.000  TEMP(K) =   295.07  PRESS =     0.0
 Etot   =    -71549.0749  EKtot   =     13512.5605  EPtot      =    -85061.6354
 BOND   =       567.1172  ANGLE   =      1532.4231  DIHED      =      1057.8181
 UB     =         0.0000  IMP     =         0.0000  CMAP       =       138.6533
 1-4 NB =       685.5885  1-4 EEL =      9153.6819  VDWAALS    =      9423.7607
 EELEC  =   -107620.6783  EHBOND  =         0.0000  RESTRAINT  =         0.0000
 ------------------------------------------------------------------------------

wrapping first mol.:       43.78772      -30.96259       53.62879
wrapping first mol.:       43.78772      -30.96259       53.62879
wrapping first mol.:       43.78772      -30.96259       53.62879
wrapping first mol.:       43.78772      -30.96259       53.62879
wrapping first mol.:       43.78772      -30.96259       53.62879
wrapping first mol.:       43.78772      -30.96259       53.62879
wrapping first mol.:       43.78772      -30.96259       53.62879
wrapping first mol.:       43.78772      -30.96259       53.62879
wrapping first mol.:       43.78772      -30.96259       53.62879
wrapping first mol.:       43.78772      -30.96259       53.62879
wrapping first mol.:       43.78772      -30.96259       53.62879

 NSTEP =  1600000   TIME(PS) =    3200.000  TEMP(K) =   300.58  PRESS =     0.0
 Etot   =    -71521.6134  EKtot   =     13764.8311  EPtot      =    -85286.4445
 BOND   =       599.1587  ANGLE   =      1584.4572  DIHED      =      1053.0692
 UB     =         0.0000  IMP     =         0.0000  CMAP       =       149.2171
 1-4 NB =       689.8785  1-4 EEL =      9148.0681  VDWAALS    =      9510.1238
 EELEC  =   -108020.4170  EHBOND  =         0.0000  RESTRAINT  =         0.0000
 ------------------------------------------------------------------------------

wrapping first mol.:       43.78772      -30.96259       53.62879
wrapping first mol.:       43.78772      -30.96259       53.62879
wrapping first mol.:       43.78772      -30.96259       53.62879
wrapping first mol.:       43.78772      -30.96259       53.62879
wrapping first mol.:       43.78772      -30.96259       53.62879
wrapping first mol.:       43.78772      -30.96259       53.62879
wrapping first mol.:       43.78772      -30.96259       53.62879
wrapping first mol.:       43.78772      -30.96259       53.62879
wrapping first mol.:       43.78772      -30.96259       53.62879
wrapping first mol.:       43.78772      -30.96259       53.62879
wrapping first mol.:       43.78772      -30.96259       53.62879

 NSTEP =  1650000   TIME(PS) =    3300.000  TEMP(K) =   301.26  PRESS =     0.0
 Etot   =    -71227.8696  EKtot   =     13795.9629  EPtot      =    -85023.8325
 BOND   =       619.9959  ANGLE   =      1509.2157  DIHED      =      1087.7750
 UB     =         0.0000  IMP     =         0.0000  CMAP       =       133.1000
 1-4 NB =       682.6151  1-4 EEL =      9115.0171  VDWAALS    =      9451.3364
 EELEC  =   -107622.8876  EHBOND  =         0.0000  RESTRAINT  =         0.0000
 ------------------------------------------------------------------------------

wrapping first mol.:       43.78772      -30.96259       53.62879
wrapping first mol.:       43.78772      -30.96259       53.62879
wrapping first mol.:       43.78772      -30.96259       53.62879
wrapping first mol.:       43.78772      -30.96259       53.62879
wrapping first mol.:       43.78772      -30.96259       53.62879
wrapping first mol.:       43.78772      -30.96259       53.62879
wrapping first mol.:       43.78772      -30.96259       53.62879
wrapping first mol.:       43.78772      -30.96259       53.62879
wrapping first mol.:       43.78772      -30.96259       53.62879
wrapping first mol.:       43.78772      -30.96259       53.62879
wrapping first mol.:       43.78772      -30.96259       53.62879

 NSTEP =  1700000   TIME(PS) =    3400.000  TEMP(K) =   303.54  PRESS =     0.0
 Etot   =    -70999.4332  EKtot   =     13900.7549  EPtot      =    -84900.1880
 BOND   =       568.1602  ANGLE   =      1583.6588  DIHED      =      1049.1401
 UB     =         0.0000  IMP     =         0.0000  CMAP       =       153.3230
 1-4 NB =       680.4198  1-4 EEL =      9074.4033  VDWAALS    =      9242.5089
 EELEC  =   -107251.8021  EHBOND  =         0.0000  RESTRAINT  =         0.0000
 ------------------------------------------------------------------------------

wrapping first mol.:       43.78772      -30.96259       53.62879
wrapping first mol.:       43.78772      -30.96259       53.62879
wrapping first mol.:       43.78772      -30.96259       53.62879
wrapping first mol.:       43.78772      -30.96259       53.62879
wrapping first mol.:       43.78772      -30.96259       53.62879
wrapping first mol.:       43.78772      -30.96259       53.62879
wrapping first mol.:       43.78772      -30.96259       53.62879
wrapping first mol.:       43.78772      -30.96259       53.62879
wrapping first mol.:       43.78772      -30.96259       53.62879
wrapping first mol.:       43.78772      -30.96259       53.62879
wrapping first mol.:       43.78772      -30.96259       53.62879

 NSTEP =  1750000   TIME(PS) =    3500.000  TEMP(K) =   298.38  PRESS =     0.0
 Etot   =    -71621.7438  EKtot   =     13664.3525  EPtot      =    -85286.0963
 BOND   =       553.5859  ANGLE   =      1563.6712  DIHED      =      1062.6561
 UB     =         0.0000  IMP     =         0.0000  CMAP       =       149.7929
 1-4 NB =       691.7095  1-4 EEL =      9115.4723  VDWAALS    =      9371.9904
 EELEC  =   -107794.9747  EHBOND  =         0.0000  RESTRAINT  =         0.0000
 ------------------------------------------------------------------------------

wrapping first mol.:       43.78772      -30.96259       53.62879
wrapping first mol.:       43.78772      -30.96259       53.62879
wrapping first mol.:       43.78772      -30.96259       53.62879
wrapping first mol.:       43.78772      -30.96259       53.62879
wrapping first mol.:       43.78772      -30.96259       53.62879
wrapping first mol.:       43.78772      -30.96259       53.62879
wrapping first mol.:       43.78772      -30.96259       53.62879
wrapping first mol.:       43.78772      -30.96259       53.62879
wrapping first mol.:       43.78772      -30.96259       53.62879
wrapping first mol.:       43.78772      -30.96259       53.62879
wrapping first mol.:       43.78772      -30.96259       53.62879

 NSTEP =  1800000   TIME(PS) =    3600.000  TEMP(K) =   302.97  PRESS =     0.0
 Etot   =    -71231.4471  EKtot   =     13874.4658  EPtot      =    -85105.9129
 BOND   =       573.5284  ANGLE   =      1570.8812  DIHED      =      1036.3152
 UB     =         0.0000  IMP     =         0.0000  CMAP       =       148.9465
 1-4 NB =       694.5588  1-4 EEL =      9135.3817  VDWAALS    =      9771.0853
 EELEC  =   -108036.6100  EHBOND  =         0.0000  RESTRAINT  =         0.0000
 ------------------------------------------------------------------------------

wrapping first mol.:       43.78772      -30.96259       53.62879
wrapping first mol.:       43.78772      -30.96259       53.62879
wrapping first mol.:       43.78772      -30.96259       53.62879
wrapping first mol.:       43.78772      -30.96259       53.62879
wrapping first mol.:       43.78772      -30.96259       53.62879
wrapping first mol.:       43.78772      -30.96259       53.62879
wrapping first mol.:       43.78772      -30.96259       53.62879
wrapping first mol.:       43.78772      -30.96259       53.62879
wrapping first mol.:       43.78772      -30.96259       53.62879
wrapping first mol.:       43.78772      -30.96259       53.62879
wrapping first mol.:       43.78772      -30.96259       53.62879

 NSTEP =  1850000   TIME(PS) =    3700.000  TEMP(K) =   297.94  PRESS =     0.0
 Etot   =    -71667.5234  EKtot   =     13643.9980  EPtot      =    -85311.5215
 BOND   =       579.2199  ANGLE   =      1573.8486  DIHED      =      1057.4747
 UB     =         0.0000  IMP     =         0.0000  CMAP       =       154.4387
 1-4 NB =       681.0665  1-4 EEL =      9112.5526  VDWAALS    =      9585.8634
 EELEC  =   -108055.9859  EHBOND  =         0.0000  RESTRAINT  =         0.0000
 ------------------------------------------------------------------------------

wrapping first mol.:       43.78772      -30.96259       53.62879
wrapping first mol.:       43.78772      -30.96259       53.62879
wrapping first mol.:       43.78772      -30.96259       53.62879
wrapping first mol.:       43.78772      -30.96259       53.62879
wrapping first mol.:       43.78772      -30.96259       53.62879
wrapping first mol.:       43.78772      -30.96259       53.62879
wrapping first mol.:       43.78772      -30.96259       53.62879
wrapping first mol.:       43.78772      -30.96259       53.62879
wrapping first mol.:       43.78772      -30.96259       53.62879
wrapping first mol.:       43.78772      -30.96259       53.62879
wrapping first mol.:       43.78772      -30.96259       53.62879

 NSTEP =  1900000   TIME(PS) =    3800.000  TEMP(K) =   305.43  PRESS =     0.0
 Etot   =    -71237.0588  EKtot   =     13987.2373  EPtot      =    -85224.2961
 BOND   =       590.5098  ANGLE   =      1567.9557  DIHED      =      1069.0345
 UB     =         0.0000  IMP     =         0.0000  CMAP       =       154.6101
 1-4 NB =       695.7454  1-4 EEL =      9068.4563  VDWAALS    =      9543.2899
 EELEC  =   -107913.8978  EHBOND  =         0.0000  RESTRAINT  =         0.0000
 ------------------------------------------------------------------------------

wrapping first mol.:       43.78772      -30.96259       53.62879
wrapping first mol.:       43.78772      -30.96259       53.62879
wrapping first mol.:       43.78772      -30.96259       53.62879
wrapping first mol.:       43.78772      -30.96259       53.62879
wrapping first mol.:       43.78772      -30.96259       53.62879
wrapping first mol.:       43.78772      -30.96259       53.62879
wrapping first mol.:       43.78772      -30.96259       53.62879
wrapping first mol.:       43.78772      -30.96259       53.62879
wrapping first mol.:       43.78772      -30.96259       53.62879
wrapping first mol.:       43.78772      -30.96259       53.62879
wrapping first mol.:       43.78772      -30.96259       53.62879

 NSTEP =  1950000   TIME(PS) =    3900.000  TEMP(K) =   302.02  PRESS =     0.0
 Etot   =    -71315.5402  EKtot   =     13830.8789  EPtot      =    -85146.4191
 BOND   =       575.1398  ANGLE   =      1587.2595  DIHED      =      1048.4370
 UB     =         0.0000  IMP     =         0.0000  CMAP       =       140.8866
 1-4 NB =       669.4573  1-4 EEL =      9063.5309  VDWAALS    =      9514.6060
 EELEC  =   -107745.7362  EHBOND  =         0.0000  RESTRAINT  =         0.0000
 ------------------------------------------------------------------------------

wrapping first mol.:       43.78772      -30.96259       53.62879
wrapping first mol.:       43.78772      -30.96259       53.62879
wrapping first mol.:       43.78772      -30.96259       53.62879
wrapping first mol.:       43.78772      -30.96259       53.62879
wrapping first mol.:       43.78772      -30.96259       53.62879
wrapping first mol.:       43.78772      -30.96259       53.62879
wrapping first mol.:       43.78772      -30.96259       53.62879
wrapping first mol.:       43.78772      -30.96259       53.62879
wrapping first mol.:       43.78772      -30.96259       53.62879
wrapping first mol.:       43.78772      -30.96259       53.62879
wrapping first mol.:       43.78772      -30.96259       53.62879

 NSTEP =  2000000   TIME(PS) =    4000.000  TEMP(K) =   296.67  PRESS =     0.0
 Etot   =    -71456.1599  EKtot   =     13586.0781  EPtot      =    -85042.2380
 BOND   =       593.1824  ANGLE   =      1584.2530  DIHED      =      1072.5560
 UB     =         0.0000  IMP     =         0.0000  CMAP       =       138.0089
 1-4 NB =       692.3511  1-4 EEL =      9004.3011  VDWAALS    =      9389.3683
 EELEC  =   -107516.2589  EHBOND  =         0.0000  RESTRAINT  =         0.0000
 ------------------------------------------------------------------------------

wrapping first mol.:       43.78772      -30.96259       53.62879
wrapping first mol.:       43.78772      -30.96259       53.62879
wrapping first mol.:       43.78772      -30.96259       53.62879
wrapping first mol.:       43.78772      -30.96259       53.62879
wrapping first mol.:       43.78772      -30.96259       53.62879
wrapping first mol.:       43.78772      -30.96259       53.62879
wrapping first mol.:       43.78772      -30.96259       53.62879
wrapping first mol.:       43.78772      -30.96259       53.62879
wrapping first mol.:       43.78772      -30.96259       53.62879
wrapping first mol.:       43.78772      -30.96259       53.62879
wrapping first mol.:       43.78772      -30.96259       53.62879

 NSTEP =  2050000   TIME(PS) =    4100.000  TEMP(K) =   298.77  PRESS =     0.0
 Etot   =    -71472.4986  EKtot   =     13682.0234  EPtot      =    -85154.5220
 BOND   =       584.0325  ANGLE   =      1537.0867  DIHED      =      1071.8903
 UB     =         0.0000  IMP     =         0.0000  CMAP       =       147.9304
 1-4 NB =       678.1176  1-4 EEL =      9056.7727  VDWAALS    =      9393.8937
 EELEC  =   -107624.2460  EHBOND  =         0.0000  RESTRAINT  =         0.0000
 ------------------------------------------------------------------------------

wrapping first mol.:       43.78772      -30.96259       53.62879
wrapping first mol.:       43.78772      -30.96259       53.62879
wrapping first mol.:       43.78772      -30.96259       53.62879
wrapping first mol.:       43.78772      -30.96259       53.62879
wrapping first mol.:       43.78772      -30.96259       53.62879
wrapping first mol.:       43.78772      -30.96259       53.62879
wrapping first mol.:       43.78772      -30.96259       53.62879
wrapping first mol.:       43.78772      -30.96259       53.62879
wrapping first mol.:       43.78772      -30.96259       53.62879
wrapping first mol.:       43.78772      -30.96259       53.62879
wrapping first mol.:       43.78772      -30.96259       53.62879

 NSTEP =  2100000   TIME(PS) =    4200.000  TEMP(K) =   299.46  PRESS =     0.0
 Etot   =    -71297.3313  EKtot   =     13713.6357  EPtot      =    -85010.9670
 BOND   =       594.9502  ANGLE   =      1595.6042  DIHED      =      1068.3159
 UB     =         0.0000  IMP     =         0.0000  CMAP       =       144.1151
 1-4 NB =       675.6177  1-4 EEL =      9050.6966  VDWAALS    =      9230.6440
 EELEC  =   -107370.9108  EHBOND  =         0.0000  RESTRAINT  =         0.0000
 ------------------------------------------------------------------------------

wrapping first mol.:       43.78772      -30.96259       53.62879
wrapping first mol.:       43.78772      -30.96259       53.62879
wrapping first mol.:       43.78772      -30.96259       53.62879
wrapping first mol.:       43.78772      -30.96259       53.62879
wrapping first mol.:       43.78772      -30.96259       53.62879
wrapping first mol.:       43.78772      -30.96259       53.62879
wrapping first mol.:       43.78772      -30.96259       53.62879
wrapping first mol.:       43.78772      -30.96259       53.62879
wrapping first mol.:       43.78772      -30.96259       53.62879
wrapping first mol.:       43.78772      -30.96259       53.62879
wrapping first mol.:       43.78772      -30.96259       53.62879

 NSTEP =  2150000   TIME(PS) =    4300.000  TEMP(K) =   298.32  PRESS =     0.0
 Etot   =    -71485.0040  EKtot   =     13661.7178  EPtot      =    -85146.7218
 BOND   =       563.4507  ANGLE   =      1584.8925  DIHED      =      1066.6290
 UB     =         0.0000  IMP     =         0.0000  CMAP       =       148.7781
 1-4 NB =       709.3635  1-4 EEL =      9093.2490  VDWAALS    =      9483.0117
 EELEC  =   -107796.0963  EHBOND  =         0.0000  RESTRAINT  =         0.0000
 ------------------------------------------------------------------------------

wrapping first mol.:       43.78772      -30.96259       53.62879
wrapping first mol.:       43.78772      -30.96259       53.62879
wrapping first mol.:       43.78772      -30.96259       53.62879
wrapping first mol.:       43.78772      -30.96259       53.62879
wrapping first mol.:       43.78772      -30.96259       53.62879
wrapping first mol.:       43.78772      -30.96259       53.62879
wrapping first mol.:       43.78772      -30.96259       53.62879
wrapping first mol.:       43.78772      -30.96259       53.62879
wrapping first mol.:       43.78772      -30.96259       53.62879
wrapping first mol.:       43.78772      -30.96259       53.62879
wrapping first mol.:       43.78772      -30.96259       53.62879

 NSTEP =  2200000   TIME(PS) =    4400.000  TEMP(K) =   299.95  PRESS =     0.0
 Etot   =    -71341.7123  EKtot   =     13736.3076  EPtot      =    -85078.0199
 BOND   =       620.5037  ANGLE   =      1591.3253  DIHED      =      1073.8773
 UB     =         0.0000  IMP     =         0.0000  CMAP       =       130.2880
 1-4 NB =       680.6569  1-4 EEL =      9094.3619  VDWAALS    =      9511.8798
 EELEC  =   -107780.9128  EHBOND  =         0.0000  RESTRAINT  =         0.0000
 ------------------------------------------------------------------------------

wrapping first mol.:       43.78772      -30.96259       53.62879
wrapping first mol.:       43.78772      -30.96259       53.62879
wrapping first mol.:       43.78772      -30.96259       53.62879
wrapping first mol.:       43.78772      -30.96259       53.62879
wrapping first mol.:       43.78772      -30.96259       53.62879
wrapping first mol.:       43.78772      -30.96259       53.62879
wrapping first mol.:       43.78772      -30.96259       53.62879
wrapping first mol.:       43.78772      -30.96259       53.62879
wrapping first mol.:       43.78772      -30.96259       53.62879
wrapping first mol.:       43.78772      -30.96259       53.62879
wrapping first mol.:       43.78772      -30.96259       53.62879

 NSTEP =  2250000   TIME(PS) =    4500.000  TEMP(K) =   299.58  PRESS =     0.0
 Etot   =    -71460.6609  EKtot   =     13719.0205  EPtot      =    -85179.6814
 BOND   =       582.8504  ANGLE   =      1537.9652  DIHED      =      1077.5171
 UB     =         0.0000  IMP     =         0.0000  CMAP       =       142.2520
 1-4 NB =       670.4394  1-4 EEL =      9041.5524  VDWAALS    =      9342.0175
 EELEC  =   -107574.2754  EHBOND  =         0.0000  RESTRAINT  =         0.0000
 ------------------------------------------------------------------------------

wrapping first mol.:       43.78772      -30.96259       53.62879
wrapping first mol.:       43.78772      -30.96259       53.62879
wrapping first mol.:       43.78772      -30.96259       53.62879
wrapping first mol.:       43.78772      -30.96259       53.62879
wrapping first mol.:       43.78772      -30.96259       53.62879
wrapping first mol.:       43.78772      -30.96259       53.62879
wrapping first mol.:       43.78772      -30.96259       53.62879
wrapping first mol.:       43.78772      -30.96259       53.62879
wrapping first mol.:       43.78772      -30.96259       53.62879
wrapping first mol.:       43.78772      -30.96259       53.62879
wrapping first mol.:       43.78772      -30.96259       53.62879

 NSTEP =  2300000   TIME(PS) =    4600.000  TEMP(K) =   301.66  PRESS =     0.0
 Etot   =    -71336.4316  EKtot   =     13814.4072  EPtot      =    -85150.8388
 BOND   =       571.6219  ANGLE   =      1580.4648  DIHED      =      1076.0774
 UB     =         0.0000  IMP     =         0.0000  CMAP       =       140.3112
 1-4 NB =       685.0887  1-4 EEL =      9171.1436  VDWAALS    =      9692.9579
 EELEC  =   -108068.5043  EHBOND  =         0.0000  RESTRAINT  =         0.0000
 ------------------------------------------------------------------------------

wrapping first mol.:       43.78772      -30.96259       53.62879
wrapping first mol.:       43.78772      -30.96259       53.62879
wrapping first mol.:       43.78772      -30.96259       53.62879
wrapping first mol.:       43.78772      -30.96259       53.62879
wrapping first mol.:       43.78772      -30.96259       53.62879
wrapping first mol.:       43.78772      -30.96259       53.62879
wrapping first mol.:       43.78772      -30.96259       53.62879
wrapping first mol.:       43.78772      -30.96259       53.62879
wrapping first mol.:       43.78772      -30.96259       53.62879
wrapping first mol.:       43.78772      -30.96259       53.62879
wrapping first mol.:       43.78772      -30.96259       53.62879

 NSTEP =  2350000   TIME(PS) =    4700.000  TEMP(K) =   299.88  PRESS =     0.0
 Etot   =    -71124.4352  EKtot   =     13733.0459  EPtot      =    -84857.4811
 BOND   =       558.0756  ANGLE   =      1508.8499  DIHED      =      1094.7504
 UB     =         0.0000  IMP     =         0.0000  CMAP       =       145.9516
 1-4 NB =       690.4107  1-4 EEL =      9110.0719  VDWAALS    =      9301.3933
 EELEC  =   -107266.9844  EHBOND  =         0.0000  RESTRAINT  =         0.0000
 ------------------------------------------------------------------------------

wrapping first mol.:       43.78772      -30.96259       53.62879
wrapping first mol.:       43.78772      -30.96259       53.62879
wrapping first mol.:       43.78772      -30.96259       53.62879
wrapping first mol.:       43.78772      -30.96259       53.62879
wrapping first mol.:       43.78772      -30.96259       53.62879
wrapping first mol.:       43.78772      -30.96259       53.62879
wrapping first mol.:       43.78772      -30.96259       53.62879
wrapping first mol.:       43.78772      -30.96259       53.62879
wrapping first mol.:       43.78772      -30.96259       53.62879
wrapping first mol.:       43.78772      -30.96259       53.62879
wrapping first mol.:       43.78772      -30.96259       53.62879

 NSTEP =  2400000   TIME(PS) =    4800.000  TEMP(K) =   298.22  PRESS =     0.0
 Etot   =    -71382.8999  EKtot   =     13656.7402  EPtot      =    -85039.6401
 BOND   =       539.0768  ANGLE   =      1573.8535  DIHED      =      1062.6719
 UB     =         0.0000  IMP     =         0.0000  CMAP       =       139.5846
 1-4 NB =       666.0742  1-4 EEL =      9071.0808  VDWAALS    =      9182.0229
 EELEC  =   -107274.0048  EHBOND  =         0.0000  RESTRAINT  =         0.0000
 ------------------------------------------------------------------------------

wrapping first mol.:       43.78772      -30.96259       53.62879
wrapping first mol.:       43.78772      -30.96259       53.62879
wrapping first mol.:       43.78772      -30.96259       53.62879
wrapping first mol.:       43.78772      -30.96259       53.62879
wrapping first mol.:       43.78772      -30.96259       53.62879
wrapping first mol.:       43.78772      -30.96259       53.62879
wrapping first mol.:       43.78772      -30.96259       53.62879
wrapping first mol.:       43.78772      -30.96259       53.62879
wrapping first mol.:       43.78772      -30.96259       53.62879
wrapping first mol.:       43.78772      -30.96259       53.62879
wrapping first mol.:       43.78772      -30.96259       53.62879

 NSTEP =  2450000   TIME(PS) =    4900.000  TEMP(K) =   303.11  PRESS =     0.0
 Etot   =    -71110.2478  EKtot   =     13880.7188  EPtot      =    -84990.9666
 BOND   =       587.7265  ANGLE   =      1547.1291  DIHED      =      1070.3134
 UB     =         0.0000  IMP     =         0.0000  CMAP       =       143.7952
 1-4 NB =       678.4354  1-4 EEL =      9092.9097  VDWAALS    =      9494.0285
 EELEC  =   -107605.3041  EHBOND  =         0.0000  RESTRAINT  =         0.0000
 ------------------------------------------------------------------------------

wrapping first mol.:       43.78772      -30.96259       53.62879
wrapping first mol.:       43.78772      -30.96259       53.62879
wrapping first mol.:       43.78772      -30.96259       53.62879
wrapping first mol.:       43.78772      -30.96259       53.62879
wrapping first mol.:       43.78772      -30.96259       53.62879
wrapping first mol.:       43.78772      -30.96259       53.62879
wrapping first mol.:       43.78772      -30.96259       53.62879
wrapping first mol.:       43.78772      -30.96259       53.62879
wrapping first mol.:       43.78772      -30.96259       53.62879
wrapping first mol.:       43.78772      -30.96259       53.62879
wrapping first mol.:       43.78772      -30.96259       53.62879

 NSTEP =  2500000   TIME(PS) =    5000.000  TEMP(K) =   302.49  PRESS =     0.0
 Etot   =    -71242.1881  EKtot   =     13852.3174  EPtot      =    -85094.5055
 BOND   =       560.5770  ANGLE   =      1534.5330  DIHED      =      1070.5683
 UB     =         0.0000  IMP     =         0.0000  CMAP       =       145.4941
 1-4 NB =       694.9531  1-4 EEL =      9092.3390  VDWAALS    =      9325.7064
 EELEC  =   -107518.6764  EHBOND  =         0.0000  RESTRAINT  =         0.0000
 ------------------------------------------------------------------------------


      A V E R A G E S   O V E R      50 S T E P S


 NSTEP =  2500000   TIME(PS) =    5000.000  TEMP(K) =   300.19  PRESS =     0.0
 Etot   =    -71377.2917  EKtot   =     13747.2763  EPtot      =    -85124.5680
 BOND   =       578.0838  ANGLE   =      1556.5340  DIHED      =      1068.2021
 UB     =         0.0000  IMP     =         0.0000  CMAP       =       143.4662
 1-4 NB =       686.3940  1-4 EEL =      9096.8112  VDWAALS    =      9413.9242
 EELEC  =   -107667.9836  EHBOND  =         0.0000  RESTRAINT  =         0.0000
 ------------------------------------------------------------------------------


      R M S  F L U C T U A T I O N S


 NSTEP =  2500000   TIME(PS) =    5000.000  TEMP(K) =     1.84  PRESS =     0.0
 Etot   =       144.8679  EKtot   =        84.3408  EPtot      =       115.1233
 BOND   =        20.8193  ANGLE   =        31.3274  DIHED      =        14.8141
 UB     =         0.0000  IMP     =         0.0000  CMAP       =         6.1566
 1-4 NB =        10.2542  1-4 EEL =        37.7359  VDWAALS    =       151.1535
 EELEC  =       230.3322  EHBOND  =         0.0000  RESTRAINT  =         0.0000
 ------------------------------------------------------------------------------

--------------------------------------------------------------------------------
   5.  TIMINGS
--------------------------------------------------------------------------------

|  NonSetup CPU Time in Major Routines:
|
|     Routine           Sec        %
|     ------------------------------
|     Nonbond         603.18   12.15
|     Bond              0.00    0.00
|     Angle             0.00    0.00
|     Dihedral          0.00    0.00
|     Shake            20.87    0.42
|     RunMD          4338.07   87.36
|     Other             3.60    0.07
|     ------------------------------
|     Total          4965.73

|  PME Nonbond Pairlist CPU Time:
|
|     Routine              Sec        %
|     ---------------------------------
|     Set Up Cit           0.00    0.00
|     Build List           0.00    0.00
|     ---------------------------------
|     Total                0.00    0.00

|  PME Direct Force CPU Time:
|
|     Routine              Sec        %
|     ---------------------------------
|     NonBonded Calc       0.00    0.00
|     Exclude Masked       0.00    0.00
|     Other                1.89    0.04
|     ---------------------------------
|     Total                1.89    0.04

|  PME Reciprocal Force CPU Time:
|
|     Routine              Sec        %
|     ---------------------------------
|     1D bspline           0.00    0.00
|     Grid Charges         0.00    0.00
|     Scalar Sum           0.00    0.00
|     Gradient Sum         0.00    0.00
|     FFT                  0.00    0.00
|     ---------------------------------
|     Total                0.00    0.00

|  Final Performance Info:
|     -----------------------------------------------------
|     Average timings for last       1 steps:
|     Elapsed(s) =       0.00 Per Step(ms) =       0.16
|         ns/day =    1100.76   seconds/ns =      78.49
|
|     Average timings for all steps:
|     Elapsed(s) =    4974.69 Per Step(ms) =       1.99
|         ns/day =      86.84   seconds/ns =     994.94
|     -----------------------------------------------------

|  Setup CPU time:            0.63 seconds
|  NonSetup CPU time:      4965.73 seconds
|  Total CPU time:         4966.36 seconds     1.38 hours

|  Setup wall time:           1    seconds
|  NonSetup wall time:     4975    seconds
|  Total wall time:        4976    seconds     1.38 hours
