
          -------------------------------------------------------
          Amber 18 PMEMD                              2018
          -------------------------------------------------------

| PMEMD implementation of SANDER, Release 18

| Run on 12/16/2020 at 10:41:25

|   Executable path: pmemd.cuda
| Working directory: /home/almacen/pbarletta/dynein/run/1xdx/3_pdt
|          Hostname: Unknown
  [-O]verwriting output

File Assignments:
|   MDIN: pre_pdt.in                                                            
|  MDOUT: 0pdt.out                                                              
| INPCRD: 3_1xdx.rst7                                                           
|   PARM: /home/almacen/pbarletta/dynein/top_files/1xdx.prmtop                  
| RESTRT: 0p3_1xdx.rst7                                                         
|   REFC: refc                                                                  
|  MDVEL: mdvel                                                                 
|   MDEN: mden                                                                  
|  MDCRD: 0p3_1xdx.nc                                                           
| MDINFO: mdinfo                                                                
|  MDFRC: mdfrc                                                                 


 Here is the input file:

Production run                                                                 
&cntrl                                                                         
imin = 0,                           ! No Minimization                          
nmropt = 0,                         ! No NMR restraints read                   
                                                                               
! Nature and format of the input                                               
ntx = 5,                            ! Coordinates and velocities will be read  
irest = 1,                          ! Do not run a new simulation              
                                                                               
! Nature and format of the output                                              
ntxo = 1,                           ! rstrt file in ASCII format               
ntpr = 50000,                       ! inf in output every ntpr steps           
ntwr = 50000,                       ! rstrt file every ntwr steps              
ntwx = 5000,                        ! mdcrd file every ntwx steps              
ntwv = 0,                           ! mdvel without velocities                 
ntwe = 0,                           ! Energies and temperatures not written in 
idecomp = 0,                        ! No energy decomposition                  
iwrap = 1,                          ! Coordinates of the restart and mdcrd file
                                                                               
! Frozen or restrained atoms                                                   
ibelly = 0,                         ! No frozen atoms                          
ntr=0,                              ! Harmonic potential restraints            
                                                                               
! Molecular dynamics                                                           
nstlim = 2500000,                   ! Number of MD-steps                       
dt = 0.002,                         ! Time step                                
                                                                               
! Temperature regulation                                                       
ntt = 3,                            ! Langevin thermostat                      
gamma_ln = 2,                       ! Gamma constant for Langevin              
temp0 = 300.0,                      ! Reference T at which the system is to be 
tempi = 300.0,                      ! Initial T                                
ig = -1,                            ! Seed for the RNG                         
                                                                               
! P and V regulation                                                           
!barostat = 1,                      ! Berendsen barostat                       
!taup = 1,                          ! Pressure relaxation time                 
ntp = 0,                            ! constant V                               
ntb = 1,                            ! Periodic box for constant V              
                                                                               
! SHAKE variables                                                              
ntc = 2,                            ! Bonds involving H are constrained        
ntf = 2,                            ! Bond interaction involving H are ommited.
                                                                               
cut = 9.0,                          ! Nonbonded cutoff                         
/                                                                              
&end                                                                           


Note: ig = -1. Setting random seed to   482566 based on wallclock time in 
      microseconds.
| irandom = 1, using AMBER's internal random number generator (default).
 
|--------------------- INFORMATION ----------------------
| GPU (CUDA) Version of PMEMD in use: NVIDIA GPU IN USE.
|                    Version 18.0.0
| 
|                      03/25/2018
| 
| Implementation by:
|                    Ross C. Walker     (SDSC)
|                    Scott Le Grand     (nVIDIA)
| 
| Version 18 performance extensions by:
|                    David Cerutti     (Rutgers)
| 
| Precision model in use:
|      [SPFP] - Single Precision Forces, 64-bit Fixed Point
|               Accumulation. (Default)
| 
|--------------------------------------------------------
 
|----------------- CITATION INFORMATION -----------------
|
|    When publishing work that utilized the CUDA version
|    of AMBER, please cite the following in addition to
|    the regular AMBER citations:
|
|  - Romelia Salomon-Ferrer; Andreas W. Goetz; Duncan
|    Poole; Scott Le Grand; Ross C. Walker "Routine
|    microsecond molecular dynamics simulations with
|    AMBER - Part II: Particle Mesh Ewald", J. Chem.
|    Theory Comput., 2013, 9 (9), pp3878-3888,
|    DOI: 10.1021/ct400314y.
|
|  - Andreas W. Goetz; Mark J. Williamson; Dong Xu;
|    Duncan Poole; Scott Le Grand; Ross C. Walker
|    "Routine microsecond molecular dynamics simulations
|    with AMBER - Part I: Generalized Born", J. Chem.
|    Theory Comput., 2012, 8 (5), pp1542-1555.
|
|  - Scott Le Grand; Andreas W. Goetz; Ross C. Walker
|    "SPFP: Speed without compromise - a mixed precision
|    model for GPU accelerated molecular dynamics
|    simulations.", Comp. Phys. Comm., 2013, 184
|    pp374-380, DOI: 10.1016/j.cpc.2012.09.022
|
|--------------------------------------------------------
 
|------------------- GPU DEVICE INFO --------------------
|
|            CUDA_VISIBLE_DEVICES: 0
|   CUDA Capable Devices Detected:      1
|           CUDA Device ID in use:      0
|                CUDA Device Name: GeForce GTX 1080 Ti
|     CUDA Device Global Mem Size:  11178 MB
| CUDA Device Num Multiprocessors:     28
|           CUDA Device Core Freq:   1.72 GHz
|
|--------------------------------------------------------
 
 
| Conditional Compilation Defines Used:
| PUBFFT
| BINTRAJ
| CUDA
| EMIL

| Largest sphere to fit in unit cell has radius =    30.761

| New format PARM file being parsed.
| Version =    1.000 Date = 11/19/20 Time = 14:20:40

| Note: 1-4 EEL scale factors are being read from the topology file.

| Note: 1-4 VDW scale factors are being read from the topology file.
| Duplicated    0 dihedrals

| Duplicated    0 dihedrals

--------------------------------------------------------------------------------
   1.  RESOURCE   USE: 
--------------------------------------------------------------------------------

 getting new box info from bottom of inpcrd
 NATOM  =   43266 NTYPES =      19 NBONH =   31551 MBONA  =   11743
 NTHETH =    3926 MTHETA =    2450 NPHIH =    7960 MPHIA  =    7908
 NHPARM =       0 NPARM  =       0 NNB   =   88865 NRES   =   10173
 NBONA  =   11743 NTHETA =    2450 NPHIA =    7908 NUMBND =      73
 NUMANG =     168 NPTRA  =     192 NATYP =      38 NPHB   =       1
 IFBOX  =       2 NMXRS  =      24 IFCAP =       0 NEXTRA =    9939
 NCOPY  =       0


| Coordinate Index Table dimensions:    13   13   13
| Direct force subcell size =     5.7960    5.7960    5.7960

     BOX TYPE: TRUNCATED OCTAHEDRON

--------------------------------------------------------------------------------
   2.  CONTROL  DATA  FOR  THE  RUN
--------------------------------------------------------------------------------

default_name                                                                    

General flags:
     imin    =       0, nmropt  =       0

Nature and format of input:
     ntx     =       5, irest   =       1, ntrx    =       1

Nature and format of output:
     ntxo    =       1, ntpr    =   50000, ntrx    =       1, ntwr    =   50000
     iwrap   =       1, ntwx    =    5000, ntwv    =       0, ntwe    =       0
     ioutfm  =       1, ntwprt  =       0, idecomp =       0, rbornstat=      0

Potential function:
     ntf     =       2, ntb     =       1, igb     =       0, nsnb    =      25
     ipol    =       0, gbsa    =       0, iesp    =       0
     dielc   =   1.00000, cut     =   9.00000, intdiel =   1.00000

Frozen or restrained atoms:
     ibelly  =       0, ntr     =       0

Molecular dynamics:
     nstlim  =   2500000, nscm    =      1000, nrespa  =         1
     t       =   0.00000, dt      =   0.00200, vlimit  =  -1.00000

Langevin dynamics temperature regulation:
     ig      =  482566
     temp0   = 300.00000, tempi   = 300.00000, gamma_ln=   2.00000

SHAKE:
     ntc     =       2, jfastw  =       0
     tol     =   0.00001

| Intermolecular bonds treatment:
|     no_intermolecular_bonds =       1

| Energy averages sample interval:
|     ene_avg_sampling =   50000

Extra-points options:
     frameon =       1, chngmask=       1

Ewald parameters:
     verbose =       0, ew_type =       0, nbflag  =       1, use_pme =       1
     vdwmeth =       1, eedmeth =       1, netfrc  =       1
     Box X =   75.348   Box Y =   75.348   Box Z =   75.348
     Alpha =  109.471   Beta  =  109.471   Gamma =  109.471
     NFFT1 =   80       NFFT2 =   80       NFFT3 =   80
     Cutoff=    9.000   Tol   =0.100E-04
     Ewald Coefficient =  0.30768
     Interpolation order =    4
|      EXTRA_PTS, trim_bonds: num bonds BEFORE trim = 31551     0
|      EXTRA_PTS, trim_bonds: num bonds AFTER  trim = 31551     0
|      EXTRA_PTS, trim_bonds: num bonds BEFORE trim = 11743     0
|      EXTRA_PTS, trim_bonds: num bonds AFTER  trim =  1804     0
|      EXTRA_PTS, trim_theta: num angle BEFORE trim =  3926     0
|      EXTRA_PTS, trim_theta: num angle AFTER  trim =  3926     0
|      EXTRA_PTS, trim_theta: num angle BEFORE trim =  2450     0
|      EXTRA_PTS, trim_theta: num angle AFTER  trim =  2450     0
|      EXTRA_PTS, trim_phi:  num diheds BEFORE trim =  7960     0
|      EXTRA_PTS, trim_phi:  num diheds AFTER  trim =  7960     0
|      EXTRA_PTS, trim_phi:  num diheds BEFORE trim =  7908     0
|      EXTRA_PTS, trim_phi:  num diheds AFTER  trim =  7908     0

--------------------------------------------------------------------------------
   3.  ATOMIC COORDINATES AND VELOCITIES
--------------------------------------------------------------------------------

Cpptraj Generated Restart                                                       
 begin time read from input coords =     0.000 ps

 
 Number of triangulated 3-point waters found:     9939

     Sum of charges from parm topology file =   0.00005439
     Forcing neutrality...

| Dynamic Memory, Types Used:
| Reals             1310484
| Integers          2908515

| Nonbonded Pairs Initial Allocation:     9864648

| GPU memory information (estimate):
| KB of GPU memory in use:         0
| KB of CPU memory in use:         0

--------------------------------------------------------------------------------
   4.  RESULTS
--------------------------------------------------------------------------------

wrapping first mol.:      -25.11591       71.03852        0.00000
wrapping first mol.:      -25.11591       71.03852        0.00000
wrapping first mol.:      -25.11591       71.03852        0.00000
wrapping first mol.:      -25.11591       71.03852        0.00000
wrapping first mol.:      -25.11591       71.03852        0.00000
wrapping first mol.:      -25.11591       71.03852        0.00000
wrapping first mol.:      -25.11591       71.03852        0.00000
wrapping first mol.:      -25.11591       71.03852        0.00000
wrapping first mol.:      -25.11591       71.03852        0.00000
wrapping first mol.:      -25.11591       71.03852        0.00000
wrapping first mol.:      -25.11591       71.03852        0.00000

 NSTEP =    50000   TIME(PS) =     100.000  TEMP(K) =   299.77  PRESS =     0.0
 Etot   =   -109346.4642  EKtot   =     20381.9375  EPtot      =   -129728.4017
 BOND   =       657.1586  ANGLE   =      1694.8684  DIHED      =      1180.4982
 UB     =         0.0000  IMP     =         0.0000  CMAP       =       146.2061
 1-4 NB =       779.7972  1-4 EEL =     10747.8861  VDWAALS    =     15327.0711
 EELEC  =   -160261.8874  EHBOND  =         0.0000  RESTRAINT  =         0.0000
 ------------------------------------------------------------------------------

wrapping first mol.:      -25.11591       71.03852        0.00000
wrapping first mol.:      -25.11591       71.03852        0.00000
wrapping first mol.:      -25.11591       71.03852        0.00000
wrapping first mol.:      -25.11591       71.03852        0.00000
wrapping first mol.:      -25.11591       71.03852        0.00000
wrapping first mol.:      -25.11591       71.03852        0.00000
wrapping first mol.:      -25.11591       71.03852        0.00000
wrapping first mol.:      -25.11591       71.03852        0.00000
wrapping first mol.:      -25.11591       71.03852        0.00000
wrapping first mol.:      -25.11591       71.03852        0.00000
wrapping first mol.:      -25.11591       71.03852        0.00000

 NSTEP =   100000   TIME(PS) =     200.000  TEMP(K) =   297.20  PRESS =     0.0
 Etot   =   -109232.2423  EKtot   =     20207.3848  EPtot      =   -129439.6271
 BOND   =       649.6001  ANGLE   =      1743.8003  DIHED      =      1218.2186
 UB     =         0.0000  IMP     =         0.0000  CMAP       =       153.7843
 1-4 NB =       770.9092  1-4 EEL =     10689.1887  VDWAALS    =     15665.2628
 EELEC  =   -160330.3911  EHBOND  =         0.0000  RESTRAINT  =         0.0000
 ------------------------------------------------------------------------------

wrapping first mol.:      -25.11591       71.03852        0.00000
wrapping first mol.:      -25.11591       71.03852        0.00000
wrapping first mol.:      -25.11591       71.03852        0.00000
wrapping first mol.:      -25.11591       71.03852        0.00000
wrapping first mol.:      -25.11591       71.03852        0.00000
wrapping first mol.:      -25.11591       71.03852        0.00000
wrapping first mol.:      -25.11591       71.03852        0.00000
wrapping first mol.:      -25.11591       71.03852        0.00000
wrapping first mol.:      -25.11591       71.03852        0.00000
wrapping first mol.:      -25.11591       71.03852        0.00000
wrapping first mol.:      -25.11591       71.03852        0.00000

 NSTEP =   150000   TIME(PS) =     300.000  TEMP(K) =   296.33  PRESS =     0.0
 Etot   =   -109167.8317  EKtot   =     20147.8691  EPtot      =   -129315.7008
 BOND   =       693.6215  ANGLE   =      1739.6555  DIHED      =      1170.5526
 UB     =         0.0000  IMP     =         0.0000  CMAP       =       158.5745
 1-4 NB =       764.5390  1-4 EEL =     10685.8881  VDWAALS    =     15532.8044
 EELEC  =   -160061.3364  EHBOND  =         0.0000  RESTRAINT  =         0.0000
 ------------------------------------------------------------------------------

wrapping first mol.:      -25.11591       71.03852        0.00000
wrapping first mol.:      -25.11591       71.03852        0.00000
wrapping first mol.:      -25.11591       71.03852        0.00000
wrapping first mol.:      -25.11591       71.03852        0.00000
wrapping first mol.:      -25.11591       71.03852        0.00000
wrapping first mol.:      -25.11591       71.03852        0.00000
wrapping first mol.:      -25.11591       71.03852        0.00000
wrapping first mol.:      -25.11591       71.03852        0.00000
wrapping first mol.:      -25.11591       71.03852        0.00000
wrapping first mol.:      -25.11591       71.03852        0.00000
wrapping first mol.:      -25.11591       71.03852        0.00000

 NSTEP =   200000   TIME(PS) =     400.000  TEMP(K) =   301.48  PRESS =     0.0
 Etot   =   -108859.2875  EKtot   =     20497.9570  EPtot      =   -129357.2446
 BOND   =       663.1825  ANGLE   =      1744.8935  DIHED      =      1203.7144
 UB     =         0.0000  IMP     =         0.0000  CMAP       =       145.1051
 1-4 NB =       779.8310  1-4 EEL =     10673.6063  VDWAALS    =     15943.0983
 EELEC  =   -160510.6755  EHBOND  =         0.0000  RESTRAINT  =         0.0000
 ------------------------------------------------------------------------------

wrapping first mol.:      -25.11591       71.03852        0.00000
wrapping first mol.:      -25.11591       71.03852        0.00000
wrapping first mol.:      -25.11591       71.03852        0.00000
wrapping first mol.:      -25.11591       71.03852        0.00000
wrapping first mol.:      -25.11591       71.03852        0.00000
wrapping first mol.:      -25.11591       71.03852        0.00000
wrapping first mol.:      -25.11591       71.03852        0.00000
wrapping first mol.:      -25.11591       71.03852        0.00000
wrapping first mol.:      -25.11591       71.03852        0.00000
wrapping first mol.:      -25.11591       71.03852        0.00000
wrapping first mol.:      -25.11591       71.03852        0.00000

 NSTEP =   250000   TIME(PS) =     500.000  TEMP(K) =   300.23  PRESS =     0.0
 Etot   =   -109102.7850  EKtot   =     20413.1133  EPtot      =   -129515.8982
 BOND   =       651.4336  ANGLE   =      1687.0997  DIHED      =      1193.9193
 UB     =         0.0000  IMP     =         0.0000  CMAP       =       152.4113
 1-4 NB =       766.9721  1-4 EEL =     10651.2481  VDWAALS    =     15774.5808
 EELEC  =   -160393.5631  EHBOND  =         0.0000  RESTRAINT  =         0.0000
 ------------------------------------------------------------------------------

wrapping first mol.:      -25.11591       71.03852        0.00000
wrapping first mol.:      -25.11591       71.03852        0.00000
wrapping first mol.:      -25.11591       71.03852        0.00000
wrapping first mol.:      -25.11591       71.03852        0.00000
wrapping first mol.:      -25.11591       71.03852        0.00000
wrapping first mol.:      -25.11591       71.03852        0.00000
wrapping first mol.:      -25.11591       71.03852        0.00000
wrapping first mol.:      -25.11591       71.03852        0.00000
wrapping first mol.:      -25.11591       71.03852        0.00000
wrapping first mol.:      -25.11591       71.03852        0.00000
wrapping first mol.:      -25.11591       71.03852        0.00000

 NSTEP =   300000   TIME(PS) =     600.000  TEMP(K) =   301.46  PRESS =     0.0
 Etot   =   -109322.2876  EKtot   =     20496.4902  EPtot      =   -129818.7778
 BOND   =       652.3834  ANGLE   =      1800.0135  DIHED      =      1197.3389
 UB     =         0.0000  IMP     =         0.0000  CMAP       =       151.9681
 1-4 NB =       775.1621  1-4 EEL =     10696.5662  VDWAALS    =     15523.5930
 EELEC  =   -160615.8030  EHBOND  =         0.0000  RESTRAINT  =         0.0000
 ------------------------------------------------------------------------------

wrapping first mol.:      -25.11591       71.03852        0.00000
wrapping first mol.:      -25.11591       71.03852        0.00000
wrapping first mol.:      -25.11591       71.03852        0.00000
wrapping first mol.:      -25.11591       71.03852        0.00000
wrapping first mol.:      -25.11591       71.03852        0.00000
wrapping first mol.:      -25.11591       71.03852        0.00000
wrapping first mol.:      -25.11591       71.03852        0.00000
wrapping first mol.:      -25.11591       71.03852        0.00000
wrapping first mol.:      -25.11591       71.03852        0.00000
wrapping first mol.:      -25.11591       71.03852        0.00000
wrapping first mol.:      -25.11591       71.03852        0.00000

 NSTEP =   350000   TIME(PS) =     700.000  TEMP(K) =   300.16  PRESS =     0.0
 Etot   =   -108895.4083  EKtot   =     20408.4277  EPtot      =   -129303.8360
 BOND   =       681.0888  ANGLE   =      1752.4232  DIHED      =      1163.3393
 UB     =         0.0000  IMP     =         0.0000  CMAP       =       154.8101
 1-4 NB =       782.4173  1-4 EEL =     10724.7037  VDWAALS    =     15404.0548
 EELEC  =   -159966.6731  EHBOND  =         0.0000  RESTRAINT  =         0.0000
 ------------------------------------------------------------------------------

wrapping first mol.:      -25.11591       71.03852        0.00000
wrapping first mol.:      -25.11591       71.03852        0.00000
wrapping first mol.:      -25.11591       71.03852        0.00000
wrapping first mol.:      -25.11591       71.03852        0.00000
wrapping first mol.:      -25.11591       71.03852        0.00000
wrapping first mol.:      -25.11591       71.03852        0.00000
wrapping first mol.:      -25.11591       71.03852        0.00000
wrapping first mol.:      -25.11591       71.03852        0.00000
wrapping first mol.:      -25.11591       71.03852        0.00000
wrapping first mol.:      -25.11591       71.03852        0.00000
wrapping first mol.:      -25.11591       71.03852        0.00000

 NSTEP =   400000   TIME(PS) =     800.000  TEMP(K) =   300.14  PRESS =     0.0
 Etot   =   -108881.3758  EKtot   =     20407.3164  EPtot      =   -129288.6922
 BOND   =       667.0920  ANGLE   =      1725.9846  DIHED      =      1185.8743
 UB     =         0.0000  IMP     =         0.0000  CMAP       =       153.5424
 1-4 NB =       767.5092  1-4 EEL =     10670.7535  VDWAALS    =     15655.2311
 EELEC  =   -160114.6792  EHBOND  =         0.0000  RESTRAINT  =         0.0000
 ------------------------------------------------------------------------------

wrapping first mol.:      -25.11591       71.03852        0.00000
wrapping first mol.:      -25.11591       71.03852        0.00000
wrapping first mol.:      -25.11591       71.03852        0.00000
wrapping first mol.:      -25.11591       71.03852        0.00000
wrapping first mol.:      -25.11591       71.03852        0.00000
wrapping first mol.:      -25.11591       71.03852        0.00000
wrapping first mol.:      -25.11591       71.03852        0.00000

 NSTEP =   450000   TIME(PS) =     900.000  TEMP(K) =   300.77  PRESS =     0.0
 Etot   =   -108958.1856  EKtot   =     20449.6738  EPtot      =   -129407.8594
 BOND   =       641.4276  ANGLE   =      1734.3679  DIHED      =      1197.1331
 UB     =         0.0000  IMP     =         0.0000  CMAP       =       154.1040
 1-4 NB =       780.8502  1-4 EEL =     10682.6717  VDWAALS    =     15614.3104
 EELEC  =   -160212.7244  EHBOND  =         0.0000  RESTRAINT  =         0.0000
 ------------------------------------------------------------------------------

wrapping first mol.:      -25.11591       71.03852        0.00000
wrapping first mol.:      -25.11591       71.03852        0.00000
wrapping first mol.:      -25.11591       71.03852        0.00000
wrapping first mol.:      -25.11591       71.03852        0.00000
wrapping first mol.:      -25.11591       71.03852        0.00000
wrapping first mol.:      -25.11591       71.03852        0.00000
wrapping first mol.:      -25.11591       71.03852        0.00000
wrapping first mol.:      -25.11591       71.03852        0.00000
wrapping first mol.:      -25.11591       71.03852        0.00000
wrapping first mol.:      -25.11591       71.03852        0.00000
wrapping first mol.:      -25.11591       71.03852        0.00000

 NSTEP =   500000   TIME(PS) =    1000.000  TEMP(K) =   297.04  PRESS =     0.0
 Etot   =   -109154.5551  EKtot   =     20196.3027  EPtot      =   -129350.8579
 BOND   =       646.5298  ANGLE   =      1737.7484  DIHED      =      1164.7793
 UB     =         0.0000  IMP     =         0.0000  CMAP       =       145.9882
 1-4 NB =       786.6818  1-4 EEL =     10621.4669  VDWAALS    =     15396.6258
 EELEC  =   -159850.6780  EHBOND  =         0.0000  RESTRAINT  =         0.0000
 ------------------------------------------------------------------------------

wrapping first mol.:      -25.11591       71.03852        0.00000
wrapping first mol.:      -25.11591       71.03852        0.00000
wrapping first mol.:      -25.11591       71.03852        0.00000
wrapping first mol.:      -25.11591       71.03852        0.00000
wrapping first mol.:      -25.11591       71.03852        0.00000
wrapping first mol.:      -25.11591       71.03852        0.00000
wrapping first mol.:      -25.11591       71.03852        0.00000
wrapping first mol.:      -25.11591       71.03852        0.00000
wrapping first mol.:      -25.11591       71.03852        0.00000
wrapping first mol.:      -25.11591       71.03852        0.00000
wrapping first mol.:      -25.11591       71.03852        0.00000

 NSTEP =   550000   TIME(PS) =    1100.000  TEMP(K) =   300.04  PRESS =     0.0
 Etot   =   -108929.0189  EKtot   =     20400.0879  EPtot      =   -129329.1068
 BOND   =       668.6262  ANGLE   =      1755.9790  DIHED      =      1193.2478
 UB     =         0.0000  IMP     =         0.0000  CMAP       =       153.3134
 1-4 NB =       783.4033  1-4 EEL =     10641.4949  VDWAALS    =     15501.8324
 EELEC  =   -160027.0039  EHBOND  =         0.0000  RESTRAINT  =         0.0000
 ------------------------------------------------------------------------------

wrapping first mol.:      -25.11591       71.03852        0.00000
wrapping first mol.:      -25.11591       71.03852        0.00000
wrapping first mol.:      -25.11591       71.03852        0.00000
wrapping first mol.:      -25.11591       71.03852        0.00000
wrapping first mol.:      -25.11591       71.03852        0.00000
wrapping first mol.:      -25.11591       71.03852        0.00000
wrapping first mol.:      -25.11591       71.03852        0.00000
wrapping first mol.:      -25.11591       71.03852        0.00000
wrapping first mol.:      -25.11591       71.03852        0.00000
wrapping first mol.:      -25.11591       71.03852        0.00000
wrapping first mol.:      -25.11591       71.03852        0.00000

 NSTEP =   600000   TIME(PS) =    1200.000  TEMP(K) =   298.99  PRESS =     0.0
 Etot   =   -109019.4443  EKtot   =     20328.5762  EPtot      =   -129348.0205
 BOND   =       686.8035  ANGLE   =      1808.6662  DIHED      =      1179.7932
 UB     =         0.0000  IMP     =         0.0000  CMAP       =       156.0571
 1-4 NB =       773.8082  1-4 EEL =     10615.8632  VDWAALS    =     15304.1145
 EELEC  =   -159873.1264  EHBOND  =         0.0000  RESTRAINT  =         0.0000
 ------------------------------------------------------------------------------

wrapping first mol.:      -25.11591       71.03852        0.00000
wrapping first mol.:      -25.11591       71.03852        0.00000
wrapping first mol.:      -25.11591       71.03852        0.00000
wrapping first mol.:      -25.11591       71.03852        0.00000
wrapping first mol.:      -25.11591       71.03852        0.00000
wrapping first mol.:      -25.11591       71.03852        0.00000
wrapping first mol.:      -25.11591       71.03852        0.00000
wrapping first mol.:      -25.11591       71.03852        0.00000
wrapping first mol.:      -25.11591       71.03852        0.00000
wrapping first mol.:      -25.11591       71.03852        0.00000
wrapping first mol.:      -25.11591       71.03852        0.00000

 NSTEP =   650000   TIME(PS) =    1300.000  TEMP(K) =   299.93  PRESS =     0.0
 Etot   =   -108974.6909  EKtot   =     20392.8809  EPtot      =   -129367.5717
 BOND   =       665.2655  ANGLE   =      1718.3836  DIHED      =      1168.0510
 UB     =         0.0000  IMP     =         0.0000  CMAP       =       156.9418
 1-4 NB =       775.2802  1-4 EEL =     10654.3533  VDWAALS    =     15679.2935
 EELEC  =   -160185.1406  EHBOND  =         0.0000  RESTRAINT  =         0.0000
 ------------------------------------------------------------------------------

wrapping first mol.:      -25.11591       71.03852        0.00000
wrapping first mol.:      -25.11591       71.03852        0.00000
wrapping first mol.:      -25.11591       71.03852        0.00000
wrapping first mol.:      -25.11591       71.03852        0.00000
wrapping first mol.:      -25.11591       71.03852        0.00000
wrapping first mol.:      -25.11591       71.03852        0.00000
wrapping first mol.:      -25.11591       71.03852        0.00000
wrapping first mol.:      -25.11591       71.03852        0.00000
wrapping first mol.:      -25.11591       71.03852        0.00000
wrapping first mol.:      -25.11591       71.03852        0.00000
wrapping first mol.:      -25.11591       71.03852        0.00000

 NSTEP =   700000   TIME(PS) =    1400.000  TEMP(K) =   302.05  PRESS =     0.0
 Etot   =   -109084.5733  EKtot   =     20536.6562  EPtot      =   -129621.2295
 BOND   =       662.1525  ANGLE   =      1774.0377  DIHED      =      1191.6887
 UB     =         0.0000  IMP     =         0.0000  CMAP       =       154.8524
 1-4 NB =       796.3162  1-4 EEL =     10717.7374  VDWAALS    =     16066.9953
 EELEC  =   -160985.0096  EHBOND  =         0.0000  RESTRAINT  =         0.0000
 ------------------------------------------------------------------------------

wrapping first mol.:      -25.11591       71.03852        0.00000
wrapping first mol.:      -25.11591       71.03852        0.00000
wrapping first mol.:      -25.11591       71.03852        0.00000
wrapping first mol.:      -25.11591       71.03852        0.00000
wrapping first mol.:      -25.11591       71.03852        0.00000

 NSTEP =   750000   TIME(PS) =    1500.000  TEMP(K) =   302.54  PRESS =     0.0
 Etot   =   -108993.3186  EKtot   =     20569.9512  EPtot      =   -129563.2698
 BOND   =       668.8071  ANGLE   =      1805.7346  DIHED      =      1188.8594
 UB     =         0.0000  IMP     =         0.0000  CMAP       =       152.7627
 1-4 NB =       778.0936  1-4 EEL =     10629.2118  VDWAALS    =     15693.4146
 EELEC  =   -160480.1537  EHBOND  =         0.0000  RESTRAINT  =         0.0000
 ------------------------------------------------------------------------------


 NSTEP =   800000   TIME(PS) =    1600.000  TEMP(K) =   301.44  PRESS =     0.0
 Etot   =   -109351.4727  EKtot   =     20495.3965  EPtot      =   -129846.8692
 BOND   =       652.9346  ANGLE   =      1722.6070  DIHED      =      1202.2793
 UB     =         0.0000  IMP     =         0.0000  CMAP       =       140.8880
 1-4 NB =       777.6730  1-4 EEL =     10678.1702  VDWAALS    =     15676.6677
 EELEC  =   -160698.0889  EHBOND  =         0.0000  RESTRAINT  =         0.0000
 ------------------------------------------------------------------------------


 NSTEP =   850000   TIME(PS) =    1700.000  TEMP(K) =   300.27  PRESS =     0.0
 Etot   =   -108747.5778  EKtot   =     20415.6777  EPtot      =   -129163.2555
 BOND   =       688.2265  ANGLE   =      1714.4380  DIHED      =      1191.3276
 UB     =         0.0000  IMP     =         0.0000  CMAP       =       137.7513
 1-4 NB =       794.2064  1-4 EEL =     10748.2365  VDWAALS    =     15787.1506
 EELEC  =   -160224.5924  EHBOND  =         0.0000  RESTRAINT  =         0.0000
 ------------------------------------------------------------------------------

wrapping first mol.:      -25.11591       71.03852        0.00000

 NSTEP =   900000   TIME(PS) =    1800.000  TEMP(K) =   299.68  PRESS =     0.0
 Etot   =   -109389.8211  EKtot   =     20375.8535  EPtot      =   -129765.6746
 BOND   =       693.3234  ANGLE   =      1727.1980  DIHED      =      1185.8128
 UB     =         0.0000  IMP     =         0.0000  CMAP       =       169.2655
 1-4 NB =       777.1412  1-4 EEL =     10733.0759  VDWAALS    =     15578.2164
 EELEC  =   -160629.7077  EHBOND  =         0.0000  RESTRAINT  =         0.0000
 ------------------------------------------------------------------------------


 NSTEP =   950000   TIME(PS) =    1900.000  TEMP(K) =   300.81  PRESS =     0.0
 Etot   =   -108870.9885  EKtot   =     20452.5527  EPtot      =   -129323.5412
 BOND   =       690.3257  ANGLE   =      1789.4515  DIHED      =      1183.1196
 UB     =         0.0000  IMP     =         0.0000  CMAP       =       151.8879
 1-4 NB =       768.9244  1-4 EEL =     10664.1618  VDWAALS    =     15116.8872
 EELEC  =   -159688.2993  EHBOND  =         0.0000  RESTRAINT  =         0.0000
 ------------------------------------------------------------------------------


 NSTEP =  1000000   TIME(PS) =    2000.000  TEMP(K) =   302.22  PRESS =     0.0
 Etot   =   -108843.4702  EKtot   =     20548.6172  EPtot      =   -129392.0873
 BOND   =       670.4883  ANGLE   =      1747.9296  DIHED      =      1173.7941
 UB     =         0.0000  IMP     =         0.0000  CMAP       =       147.4106
 1-4 NB =       789.9850  1-4 EEL =     10698.5777  VDWAALS    =     15617.2082
 EELEC  =   -160237.4808  EHBOND  =         0.0000  RESTRAINT  =         0.0000
 ------------------------------------------------------------------------------


 NSTEP =  1050000   TIME(PS) =    2100.000  TEMP(K) =   300.80  PRESS =     0.0
 Etot   =   -109191.6534  EKtot   =     20451.8945  EPtot      =   -129643.5479
 BOND   =       625.4801  ANGLE   =      1718.3002  DIHED      =      1196.2076
 UB     =         0.0000  IMP     =         0.0000  CMAP       =       156.5620
 1-4 NB =       768.6664  1-4 EEL =     10643.8356  VDWAALS    =     15621.9481
 EELEC  =   -160374.5480  EHBOND  =         0.0000  RESTRAINT  =         0.0000
 ------------------------------------------------------------------------------


 NSTEP =  1100000   TIME(PS) =    2200.000  TEMP(K) =   299.51  PRESS =     0.0
 Etot   =   -108904.9612  EKtot   =     20363.9648  EPtot      =   -129268.9261
 BOND   =       634.3868  ANGLE   =      1782.8677  DIHED      =      1183.1419
 UB     =         0.0000  IMP     =         0.0000  CMAP       =       143.3785
 1-4 NB =       780.1886  1-4 EEL =     10615.9798  VDWAALS    =     15184.6640
 EELEC  =   -159593.5334  EHBOND  =         0.0000  RESTRAINT  =         0.0000
 ------------------------------------------------------------------------------

wrapping first mol.:      -25.11591       71.03852        0.00000

 NSTEP =  1150000   TIME(PS) =    2300.000  TEMP(K) =   300.30  PRESS =     0.0
 Etot   =   -108827.1288  EKtot   =     20417.8730  EPtot      =   -129245.0018
 BOND   =       673.8086  ANGLE   =      1705.6706  DIHED      =      1214.3413
 UB     =         0.0000  IMP     =         0.0000  CMAP       =       150.4624
 1-4 NB =       784.2528  1-4 EEL =     10694.3838  VDWAALS    =     15626.3251
 EELEC  =   -160094.2465  EHBOND  =         0.0000  RESTRAINT  =         0.0000
 ------------------------------------------------------------------------------


 NSTEP =  1200000   TIME(PS) =    2400.000  TEMP(K) =   299.19  PRESS =     0.0
 Etot   =   -109073.1197  EKtot   =     20342.2207  EPtot      =   -129415.3404
 BOND   =       671.4018  ANGLE   =      1824.7076  DIHED      =      1190.0688
 UB     =         0.0000  IMP     =         0.0000  CMAP       =       145.6941
 1-4 NB =       779.9058  1-4 EEL =     10640.6224  VDWAALS    =     15710.9306
 EELEC  =   -160378.6715  EHBOND  =         0.0000  RESTRAINT  =         0.0000
 ------------------------------------------------------------------------------


 NSTEP =  1250000   TIME(PS) =    2500.000  TEMP(K) =   299.88  PRESS =     0.0
 Etot   =   -109167.7840  EKtot   =     20389.2148  EPtot      =   -129556.9988
 BOND   =       687.3266  ANGLE   =      1749.7139  DIHED      =      1193.7990
 UB     =         0.0000  IMP     =         0.0000  CMAP       =       129.6569
 1-4 NB =       770.4429  1-4 EEL =     10608.2314  VDWAALS    =     15588.5572
 EELEC  =   -160284.7267  EHBOND  =         0.0000  RESTRAINT  =         0.0000
 ------------------------------------------------------------------------------


 NSTEP =  1300000   TIME(PS) =    2600.000  TEMP(K) =   300.43  PRESS =     0.0
 Etot   =   -109163.9187  EKtot   =     20426.4629  EPtot      =   -129590.3816
 BOND   =       717.1055  ANGLE   =      1722.9684  DIHED      =      1171.4180
 UB     =         0.0000  IMP     =         0.0000  CMAP       =       148.4451
 1-4 NB =       779.5360  1-4 EEL =     10661.8082  VDWAALS    =     15828.6181
 EELEC  =   -160620.2808  EHBOND  =         0.0000  RESTRAINT  =         0.0000
 ------------------------------------------------------------------------------


 NSTEP =  1350000   TIME(PS) =    2700.000  TEMP(K) =   300.37  PRESS =     0.0
 Etot   =   -108847.4887  EKtot   =     20422.9141  EPtot      =   -129270.4028
 BOND   =       691.1687  ANGLE   =      1783.1121  DIHED      =      1178.1518
 UB     =         0.0000  IMP     =         0.0000  CMAP       =       151.6092
 1-4 NB =       769.3562  1-4 EEL =     10675.1731  VDWAALS    =     15365.8663
 EELEC  =   -159884.8403  EHBOND  =         0.0000  RESTRAINT  =         0.0000
 ------------------------------------------------------------------------------


 NSTEP =  1400000   TIME(PS) =    2800.000  TEMP(K) =   303.03  PRESS =     0.0
 Etot   =   -108885.8283  EKtot   =     20603.7070  EPtot      =   -129489.5353
 BOND   =       698.8196  ANGLE   =      1738.1043  DIHED      =      1189.8613
 UB     =         0.0000  IMP     =         0.0000  CMAP       =       157.8089
 1-4 NB =       763.1500  1-4 EEL =     10644.8918  VDWAALS    =     15464.8664
 EELEC  =   -160147.0376  EHBOND  =         0.0000  RESTRAINT  =         0.0000
 ------------------------------------------------------------------------------


 NSTEP =  1450000   TIME(PS) =    2900.000  TEMP(K) =   300.58  PRESS =     0.0
 Etot   =   -109089.0336  EKtot   =     20436.6348  EPtot      =   -129525.6683
 BOND   =       649.9068  ANGLE   =      1746.7166  DIHED      =      1226.5835
 UB     =         0.0000  IMP     =         0.0000  CMAP       =       142.4777
 1-4 NB =       788.2496  1-4 EEL =     10656.9929  VDWAALS    =     15620.4620
 EELEC  =   -160357.0575  EHBOND  =         0.0000  RESTRAINT  =         0.0000
 ------------------------------------------------------------------------------

wrapping first mol.:      -25.11591       71.03852        0.00000
wrapping first mol.:      -25.11591       71.03852        0.00000
wrapping first mol.:      -25.11591       71.03852        0.00000
wrapping first mol.:      -25.11591       71.03852        0.00000
wrapping first mol.:      -25.11591       71.03852        0.00000
wrapping first mol.:      -25.11591       71.03852        0.00000

 NSTEP =  1500000   TIME(PS) =    3000.000  TEMP(K) =   298.23  PRESS =     0.0
 Etot   =   -109153.9095  EKtot   =     20276.9434  EPtot      =   -129430.8529
 BOND   =       659.9865  ANGLE   =      1695.2643  DIHED      =      1172.7067
 UB     =         0.0000  IMP     =         0.0000  CMAP       =       153.6431
 1-4 NB =       802.6326  1-4 EEL =     10698.4788  VDWAALS    =     15391.2209
 EELEC  =   -160004.7857  EHBOND  =         0.0000  RESTRAINT  =         0.0000
 ------------------------------------------------------------------------------

wrapping first mol.:      -25.11591       71.03852        0.00000
wrapping first mol.:      -25.11591       71.03852        0.00000
wrapping first mol.:      -25.11591       71.03852        0.00000
wrapping first mol.:      -25.11591       71.03852        0.00000
wrapping first mol.:      -25.11591       71.03852        0.00000
wrapping first mol.:      -25.11591       71.03852        0.00000
wrapping first mol.:      -25.11591       71.03852        0.00000
wrapping first mol.:      -25.11591       71.03852        0.00000
wrapping first mol.:      -25.11591       71.03852        0.00000
wrapping first mol.:      -25.11591       71.03852        0.00000
wrapping first mol.:      -25.11591       71.03852        0.00000

 NSTEP =  1550000   TIME(PS) =    3100.000  TEMP(K) =   301.57  PRESS =     0.0
 Etot   =   -108740.0757  EKtot   =     20504.4746  EPtot      =   -129244.5503
 BOND   =       671.5110  ANGLE   =      1786.7730  DIHED      =      1177.1712
 UB     =         0.0000  IMP     =         0.0000  CMAP       =       153.0562
 1-4 NB =       811.8434  1-4 EEL =     10666.4447  VDWAALS    =     15239.8519
 EELEC  =   -159751.2017  EHBOND  =         0.0000  RESTRAINT  =         0.0000
 ------------------------------------------------------------------------------

wrapping first mol.:      -25.11591       71.03852        0.00000
wrapping first mol.:      -25.11591       71.03852        0.00000
wrapping first mol.:      -25.11591       71.03852        0.00000
wrapping first mol.:      -25.11591       71.03852        0.00000
wrapping first mol.:      -25.11591       71.03852        0.00000
wrapping first mol.:      -25.11591       71.03852        0.00000
wrapping first mol.:      -25.11591       71.03852        0.00000
wrapping first mol.:      -25.11591       71.03852        0.00000
wrapping first mol.:      -25.11591       71.03852        0.00000
wrapping first mol.:      -25.11591       71.03852        0.00000
wrapping first mol.:      -25.11591       71.03852        0.00000

 NSTEP =  1600000   TIME(PS) =    3200.000  TEMP(K) =   295.80  PRESS =     0.0
 Etot   =   -109241.0147  EKtot   =     20112.1680  EPtot      =   -129353.1827
 BOND   =       706.0266  ANGLE   =      1746.5100  DIHED      =      1193.4893
 UB     =         0.0000  IMP     =         0.0000  CMAP       =       144.7076
 1-4 NB =       766.9563  1-4 EEL =     10715.6077  VDWAALS    =     15548.1045
 EELEC  =   -160174.5847  EHBOND  =         0.0000  RESTRAINT  =         0.0000
 ------------------------------------------------------------------------------

wrapping first mol.:      -25.11591       71.03852        0.00000
wrapping first mol.:      -25.11591       71.03852        0.00000
wrapping first mol.:      -25.11591       71.03852        0.00000
wrapping first mol.:      -25.11591       71.03852        0.00000
wrapping first mol.:      -25.11591       71.03852        0.00000
wrapping first mol.:      -25.11591       71.03852        0.00000
wrapping first mol.:      -25.11591       71.03852        0.00000
wrapping first mol.:      -25.11591       71.03852        0.00000
wrapping first mol.:      -25.11591       71.03852        0.00000
wrapping first mol.:      -25.11591       71.03852        0.00000
wrapping first mol.:      -25.11591       71.03852        0.00000

 NSTEP =  1650000   TIME(PS) =    3300.000  TEMP(K) =   301.45  PRESS =     0.0
 Etot   =   -108697.1824  EKtot   =     20495.9082  EPtot      =   -129193.0906
 BOND   =       711.1063  ANGLE   =      1748.8478  DIHED      =      1205.5469
 UB     =         0.0000  IMP     =         0.0000  CMAP       =       164.3936
 1-4 NB =       780.6632  1-4 EEL =     10718.1126  VDWAALS    =     15414.5481
 EELEC  =   -159936.3091  EHBOND  =         0.0000  RESTRAINT  =         0.0000
 ------------------------------------------------------------------------------

wrapping first mol.:      -25.11591       71.03852        0.00000
wrapping first mol.:      -25.11591       71.03852        0.00000
wrapping first mol.:      -25.11591       71.03852        0.00000
wrapping first mol.:      -25.11591       71.03852        0.00000
wrapping first mol.:      -25.11591       71.03852        0.00000
wrapping first mol.:      -25.11591       71.03852        0.00000
wrapping first mol.:      -25.11591       71.03852        0.00000
wrapping first mol.:      -25.11591       71.03852        0.00000
wrapping first mol.:      -25.11591       71.03852        0.00000
wrapping first mol.:      -25.11591       71.03852        0.00000
wrapping first mol.:      -25.11591       71.03852        0.00000

 NSTEP =  1700000   TIME(PS) =    3400.000  TEMP(K) =   299.80  PRESS =     0.0
 Etot   =   -109016.4812  EKtot   =     20383.7695  EPtot      =   -129400.2507
 BOND   =       672.4640  ANGLE   =      1753.6714  DIHED      =      1221.9335
 UB     =         0.0000  IMP     =         0.0000  CMAP       =       155.3226
 1-4 NB =       775.7286  1-4 EEL =     10744.5370  VDWAALS    =     15359.6393
 EELEC  =   -160083.5471  EHBOND  =         0.0000  RESTRAINT  =         0.0000
 ------------------------------------------------------------------------------

wrapping first mol.:      -25.11591       71.03852        0.00000
wrapping first mol.:      -25.11591       71.03852        0.00000
wrapping first mol.:      -25.11591       71.03852        0.00000
wrapping first mol.:      -25.11591       71.03852        0.00000
wrapping first mol.:      -25.11591       71.03852        0.00000
wrapping first mol.:      -25.11591       71.03852        0.00000
wrapping first mol.:      -25.11591       71.03852        0.00000
wrapping first mol.:      -25.11591       71.03852        0.00000
wrapping first mol.:      -25.11591       71.03852        0.00000
wrapping first mol.:      -25.11591       71.03852        0.00000
wrapping first mol.:      -25.11591       71.03852        0.00000

 NSTEP =  1750000   TIME(PS) =    3500.000  TEMP(K) =   298.89  PRESS =     0.0
 Etot   =   -108905.3862  EKtot   =     20321.7402  EPtot      =   -129227.1264
 BOND   =       682.1476  ANGLE   =      1689.2772  DIHED      =      1170.1485
 UB     =         0.0000  IMP     =         0.0000  CMAP       =       153.1094
 1-4 NB =       768.1097  1-4 EEL =     10776.1964  VDWAALS    =     15681.5811
 EELEC  =   -160147.6964  EHBOND  =         0.0000  RESTRAINT  =         0.0000
 ------------------------------------------------------------------------------

wrapping first mol.:      -25.11591       71.03852        0.00000
wrapping first mol.:      -25.11591       71.03852        0.00000
wrapping first mol.:      -25.11591       71.03852        0.00000
wrapping first mol.:      -25.11591       71.03852        0.00000
wrapping first mol.:      -25.11591       71.03852        0.00000
wrapping first mol.:      -25.11591       71.03852        0.00000
wrapping first mol.:      -25.11591       71.03852        0.00000
wrapping first mol.:      -25.11591       71.03852        0.00000
wrapping first mol.:      -25.11591       71.03852        0.00000
wrapping first mol.:      -25.11591       71.03852        0.00000
wrapping first mol.:      -25.11591       71.03852        0.00000

 NSTEP =  1800000   TIME(PS) =    3600.000  TEMP(K) =   299.04  PRESS =     0.0
 Etot   =   -108885.5178  EKtot   =     20332.1094  EPtot      =   -129217.6272
 BOND   =       688.0503  ANGLE   =      1786.9479  DIHED      =      1180.9760
 UB     =         0.0000  IMP     =         0.0000  CMAP       =       145.8995
 1-4 NB =       766.9519  1-4 EEL =     10619.1882  VDWAALS    =     15685.7379
 EELEC  =   -160091.3788  EHBOND  =         0.0000  RESTRAINT  =         0.0000
 ------------------------------------------------------------------------------

wrapping first mol.:      -25.11591       71.03852        0.00000
wrapping first mol.:      -25.11591       71.03852        0.00000
wrapping first mol.:      -25.11591       71.03852        0.00000
wrapping first mol.:      -25.11591       71.03852        0.00000
wrapping first mol.:      -25.11591       71.03852        0.00000
wrapping first mol.:      -25.11591       71.03852        0.00000
wrapping first mol.:      -25.11591       71.03852        0.00000
wrapping first mol.:      -25.11591       71.03852        0.00000
wrapping first mol.:      -25.11591       71.03852        0.00000
wrapping first mol.:      -25.11591       71.03852        0.00000
wrapping first mol.:      -25.11591       71.03852        0.00000

 NSTEP =  1850000   TIME(PS) =    3700.000  TEMP(K) =   301.91  PRESS =     0.0
 Etot   =   -108851.4783  EKtot   =     20527.1230  EPtot      =   -129378.6013
 BOND   =       689.8069  ANGLE   =      1737.5810  DIHED      =      1198.4179
 UB     =         0.0000  IMP     =         0.0000  CMAP       =       143.6469
 1-4 NB =       777.5586  1-4 EEL =     10629.8239  VDWAALS    =     15417.4877
 EELEC  =   -159972.9241  EHBOND  =         0.0000  RESTRAINT  =         0.0000
 ------------------------------------------------------------------------------

wrapping first mol.:      -25.11591       71.03852        0.00000
wrapping first mol.:      -25.11591       71.03852        0.00000
wrapping first mol.:      -25.11591       71.03852        0.00000
wrapping first mol.:      -25.11591       71.03852        0.00000
wrapping first mol.:      -25.11591       71.03852        0.00000
wrapping first mol.:      -25.11591       71.03852        0.00000
wrapping first mol.:      -25.11591       71.03852        0.00000
wrapping first mol.:      -25.11591       71.03852        0.00000
wrapping first mol.:      -25.11591       71.03852        0.00000
wrapping first mol.:      -25.11591       71.03852        0.00000
wrapping first mol.:      -25.11591       71.03852        0.00000

 NSTEP =  1900000   TIME(PS) =    3800.000  TEMP(K) =   299.31  PRESS =     0.0
 Etot   =   -108700.8633  EKtot   =     20350.7207  EPtot      =   -129051.5840
 BOND   =       661.3611  ANGLE   =      1743.5359  DIHED      =      1176.5817
 UB     =         0.0000  IMP     =         0.0000  CMAP       =       155.2420
 1-4 NB =       790.2388  1-4 EEL =     10764.3416  VDWAALS    =     15452.2621
 EELEC  =   -159795.1472  EHBOND  =         0.0000  RESTRAINT  =         0.0000
 ------------------------------------------------------------------------------

wrapping first mol.:      -25.11591       71.03852        0.00000
wrapping first mol.:      -25.11591       71.03852        0.00000
wrapping first mol.:      -25.11591       71.03852        0.00000
wrapping first mol.:      -25.11591       71.03852        0.00000
wrapping first mol.:      -25.11591       71.03852        0.00000
wrapping first mol.:      -25.11591       71.03852        0.00000
wrapping first mol.:      -25.11591       71.03852        0.00000
wrapping first mol.:      -25.11591       71.03852        0.00000
wrapping first mol.:      -25.11591       71.03852        0.00000
wrapping first mol.:      -25.11591       71.03852        0.00000
wrapping first mol.:      -25.11591       71.03852        0.00000

 NSTEP =  1950000   TIME(PS) =    3900.000  TEMP(K) =   301.72  PRESS =     0.0
 Etot   =   -108967.2162  EKtot   =     20514.4375  EPtot      =   -129481.6537
 BOND   =       654.4927  ANGLE   =      1724.2195  DIHED      =      1198.6664
 UB     =         0.0000  IMP     =         0.0000  CMAP       =       140.2384
 1-4 NB =       775.7479  1-4 EEL =     10654.2462  VDWAALS    =     15843.1664
 EELEC  =   -160472.4311  EHBOND  =         0.0000  RESTRAINT  =         0.0000
 ------------------------------------------------------------------------------

wrapping first mol.:      -25.11591       71.03852        0.00000
wrapping first mol.:      -25.11591       71.03852        0.00000
wrapping first mol.:      -25.11591       71.03852        0.00000
wrapping first mol.:      -25.11591       71.03852        0.00000
wrapping first mol.:      -25.11591       71.03852        0.00000
wrapping first mol.:      -25.11591       71.03852        0.00000
wrapping first mol.:      -25.11591       71.03852        0.00000
wrapping first mol.:      -25.11591       71.03852        0.00000
wrapping first mol.:      -25.11591       71.03852        0.00000
wrapping first mol.:      -25.11591       71.03852        0.00000
wrapping first mol.:      -25.11591       71.03852        0.00000

 NSTEP =  2000000   TIME(PS) =    4000.000  TEMP(K) =   301.66  PRESS =     0.0
 Etot   =   -109017.4293  EKtot   =     20510.2090  EPtot      =   -129527.6383
 BOND   =       692.4732  ANGLE   =      1762.3546  DIHED      =      1152.6542
 UB     =         0.0000  IMP     =         0.0000  CMAP       =       141.3080
 1-4 NB =       784.0250  1-4 EEL =     10705.1551  VDWAALS    =     15668.5081
 EELEC  =   -160434.1164  EHBOND  =         0.0000  RESTRAINT  =         0.0000
 ------------------------------------------------------------------------------

wrapping first mol.:      -25.11591       71.03852        0.00000
wrapping first mol.:      -25.11591       71.03852        0.00000
wrapping first mol.:      -25.11591       71.03852        0.00000
wrapping first mol.:      -25.11591       71.03852        0.00000
wrapping first mol.:      -25.11591       71.03852        0.00000
wrapping first mol.:      -25.11591       71.03852        0.00000
wrapping first mol.:      -25.11591       71.03852        0.00000
wrapping first mol.:      -25.11591       71.03852        0.00000
wrapping first mol.:      -25.11591       71.03852        0.00000
wrapping first mol.:      -25.11591       71.03852        0.00000
wrapping first mol.:      -25.11591       71.03852        0.00000

 NSTEP =  2050000   TIME(PS) =    4100.000  TEMP(K) =   302.37  PRESS =     0.0
 Etot   =   -108802.4639  EKtot   =     20558.5195  EPtot      =   -129360.9834
 BOND   =       661.0474  ANGLE   =      1780.5817  DIHED      =      1189.4641
 UB     =         0.0000  IMP     =         0.0000  CMAP       =       148.5995
 1-4 NB =       777.1023  1-4 EEL =     10696.0799  VDWAALS    =     15243.3372
 EELEC  =   -159857.1956  EHBOND  =         0.0000  RESTRAINT  =         0.0000
 ------------------------------------------------------------------------------

wrapping first mol.:      -25.11591       71.03852        0.00000
wrapping first mol.:      -25.11591       71.03852        0.00000
wrapping first mol.:      -25.11591       71.03852        0.00000
wrapping first mol.:      -25.11591       71.03852        0.00000
wrapping first mol.:      -25.11591       71.03852        0.00000
wrapping first mol.:      -25.11591       71.03852        0.00000
wrapping first mol.:      -25.11591       71.03852        0.00000
wrapping first mol.:      -25.11591       71.03852        0.00000
wrapping first mol.:      -25.11591       71.03852        0.00000
wrapping first mol.:      -25.11591       71.03852        0.00000
wrapping first mol.:      -25.11591       71.03852        0.00000

 NSTEP =  2100000   TIME(PS) =    4200.000  TEMP(K) =   302.08  PRESS =     0.0
 Etot   =   -109007.0495  EKtot   =     20539.0957  EPtot      =   -129546.1452
 BOND   =       667.1021  ANGLE   =      1750.9749  DIHED      =      1204.7814
 UB     =         0.0000  IMP     =         0.0000  CMAP       =       147.9865
 1-4 NB =       792.3692  1-4 EEL =     10714.0974  VDWAALS    =     15327.8496
 EELEC  =   -160151.3064  EHBOND  =         0.0000  RESTRAINT  =         0.0000
 ------------------------------------------------------------------------------

wrapping first mol.:      -25.11591       71.03852        0.00000
wrapping first mol.:      -25.11591       71.03852        0.00000
wrapping first mol.:      -25.11591       71.03852        0.00000
wrapping first mol.:      -25.11591       71.03852        0.00000
wrapping first mol.:      -25.11591       71.03852        0.00000
wrapping first mol.:      -25.11591       71.03852        0.00000
wrapping first mol.:      -25.11591       71.03852        0.00000
wrapping first mol.:      -25.11591       71.03852        0.00000
wrapping first mol.:      -25.11591       71.03852        0.00000
wrapping first mol.:      -25.11591       71.03852        0.00000
wrapping first mol.:      -25.11591       71.03852        0.00000

 NSTEP =  2150000   TIME(PS) =    4300.000  TEMP(K) =   301.35  PRESS =     0.0
 Etot   =   -109141.8352  EKtot   =     20489.4883  EPtot      =   -129631.3234
 BOND   =       655.5155  ANGLE   =      1755.7994  DIHED      =      1184.4927
 UB     =         0.0000  IMP     =         0.0000  CMAP       =       158.8234
 1-4 NB =       776.8594  1-4 EEL =     10622.4209  VDWAALS    =     15494.5148
 EELEC  =   -160279.7495  EHBOND  =         0.0000  RESTRAINT  =         0.0000
 ------------------------------------------------------------------------------

wrapping first mol.:      -25.11591       71.03852        0.00000
wrapping first mol.:      -25.11591       71.03852        0.00000
wrapping first mol.:      -25.11591       71.03852        0.00000
wrapping first mol.:      -25.11591       71.03852        0.00000
wrapping first mol.:      -25.11591       71.03852        0.00000
wrapping first mol.:      -25.11591       71.03852        0.00000
wrapping first mol.:      -25.11591       71.03852        0.00000
wrapping first mol.:      -25.11591       71.03852        0.00000
wrapping first mol.:      -25.11591       71.03852        0.00000
wrapping first mol.:      -25.11591       71.03852        0.00000
wrapping first mol.:      -25.11591       71.03852        0.00000

 NSTEP =  2200000   TIME(PS) =    4400.000  TEMP(K) =   298.00  PRESS =     0.0
 Etot   =   -108982.4600  EKtot   =     20261.4219  EPtot      =   -129243.8819
 BOND   =       689.3339  ANGLE   =      1766.6298  DIHED      =      1210.9137
 UB     =         0.0000  IMP     =         0.0000  CMAP       =       141.8173
 1-4 NB =       779.7402  1-4 EEL =     10654.2504  VDWAALS    =     15445.9983
 EELEC  =   -159932.5654  EHBOND  =         0.0000  RESTRAINT  =         0.0000
 ------------------------------------------------------------------------------

wrapping first mol.:      -25.11591       71.03852        0.00000
wrapping first mol.:       50.23182       71.03852        0.00000
wrapping first mol.:      -25.11591       71.03852        0.00000
wrapping first mol.:      -25.11591       71.03852        0.00000
wrapping first mol.:      -25.11591       71.03852        0.00000
wrapping first mol.:      -25.11591       71.03852        0.00000
wrapping first mol.:      -25.11591       71.03852        0.00000
wrapping first mol.:      -25.11591       71.03852        0.00000
wrapping first mol.:      -25.11591       71.03852        0.00000
wrapping first mol.:      -25.11591       71.03852        0.00000
wrapping first mol.:      -25.11591       71.03852        0.00000

 NSTEP =  2250000   TIME(PS) =    4500.000  TEMP(K) =   301.76  PRESS =     0.0
 Etot   =   -108837.0360  EKtot   =     20517.2109  EPtot      =   -129354.2469
 BOND   =       695.3023  ANGLE   =      1744.6627  DIHED      =      1179.5486
 UB     =         0.0000  IMP     =         0.0000  CMAP       =       156.2664
 1-4 NB =       776.3500  1-4 EEL =     10671.4695  VDWAALS    =     15064.7716
 EELEC  =   -159642.6182  EHBOND  =         0.0000  RESTRAINT  =         0.0000
 ------------------------------------------------------------------------------

wrapping first mol.:      -25.11591       71.03852        0.00000
wrapping first mol.:      -25.11591       71.03852        0.00000
wrapping first mol.:      -25.11591       71.03852        0.00000
wrapping first mol.:      -25.11591       71.03852        0.00000
wrapping first mol.:      -25.11591       71.03852        0.00000
wrapping first mol.:      -25.11591       71.03852        0.00000
wrapping first mol.:      -25.11591       71.03852        0.00000
wrapping first mol.:       50.23182       71.03852        0.00000
wrapping first mol.:      -25.11591       71.03852        0.00000
wrapping first mol.:      -25.11591       71.03852        0.00000
wrapping first mol.:      -25.11591       71.03852        0.00000

 NSTEP =  2300000   TIME(PS) =    4600.000  TEMP(K) =   300.81  PRESS =     0.0
 Etot   =   -108983.0993  EKtot   =     20452.4727  EPtot      =   -129435.5719
 BOND   =       703.0817  ANGLE   =      1712.6777  DIHED      =      1177.7635
 UB     =         0.0000  IMP     =         0.0000  CMAP       =       155.1751
 1-4 NB =       778.2671  1-4 EEL =     10688.0015  VDWAALS    =     15323.3936
 EELEC  =   -159973.9321  EHBOND  =         0.0000  RESTRAINT  =         0.0000
 ------------------------------------------------------------------------------

wrapping first mol.:      -25.11591       71.03852        0.00000
wrapping first mol.:      -25.11591       71.03852        0.00000
wrapping first mol.:      -25.11591       71.03852        0.00000
wrapping first mol.:      -25.11591       71.03852        0.00000
wrapping first mol.:      -25.11591       71.03852        0.00000
wrapping first mol.:      -25.11591       71.03852        0.00000
wrapping first mol.:      -25.11591       71.03852        0.00000
wrapping first mol.:      -25.11591       71.03852        0.00000
wrapping first mol.:      -25.11591       71.03852        0.00000
wrapping first mol.:      -25.11591       71.03852        0.00000
wrapping first mol.:      -25.11591       71.03852        0.00000

 NSTEP =  2350000   TIME(PS) =    4700.000  TEMP(K) =   299.25  PRESS =     0.0
 Etot   =   -109129.0406  EKtot   =     20346.4590  EPtot      =   -129475.4996
 BOND   =       666.2056  ANGLE   =      1699.2442  DIHED      =      1189.3064
 UB     =         0.0000  IMP     =         0.0000  CMAP       =       151.4395
 1-4 NB =       775.2691  1-4 EEL =     10680.7752  VDWAALS    =     15460.4822
 EELEC  =   -160098.2218  EHBOND  =         0.0000  RESTRAINT  =         0.0000
 ------------------------------------------------------------------------------

wrapping first mol.:       50.23182       71.03852        0.00000
wrapping first mol.:      -25.11591       71.03852        0.00000
wrapping first mol.:      -25.11591       71.03852        0.00000
wrapping first mol.:      -25.11591       71.03852        0.00000
wrapping first mol.:      -25.11591       71.03852        0.00000
wrapping first mol.:      -25.11591       71.03852        0.00000
wrapping first mol.:      -25.11591       71.03852        0.00000
wrapping first mol.:      -25.11591       71.03852        0.00000
wrapping first mol.:      -25.11591       71.03852        0.00000
wrapping first mol.:      -25.11591       71.03852        0.00000
wrapping first mol.:      -25.11591       71.03852        0.00000

 NSTEP =  2400000   TIME(PS) =    4800.000  TEMP(K) =   299.65  PRESS =     0.0
 Etot   =   -108896.6791  EKtot   =     20373.8613  EPtot      =   -129270.5404
 BOND   =       632.0422  ANGLE   =      1738.2039  DIHED      =      1217.7794
 UB     =         0.0000  IMP     =         0.0000  CMAP       =       153.8754
 1-4 NB =       787.8984  1-4 EEL =     10666.9561  VDWAALS    =     15660.5530
 EELEC  =   -160127.8488  EHBOND  =         0.0000  RESTRAINT  =         0.0000
 ------------------------------------------------------------------------------

wrapping first mol.:      -25.11591       71.03852        0.00000
wrapping first mol.:       50.23182       71.03852        0.00000
wrapping first mol.:       50.23182       71.03852        0.00000
wrapping first mol.:       50.23182       71.03852        0.00000
wrapping first mol.:       50.23182       71.03852        0.00000
wrapping first mol.:      -25.11591       71.03852        0.00000
wrapping first mol.:       50.23182       71.03852        0.00000
wrapping first mol.:       50.23182       71.03852        0.00000
wrapping first mol.:       50.23182       71.03852        0.00000
wrapping first mol.:       50.23182       71.03852        0.00000
wrapping first mol.:       50.23182       71.03852        0.00000

 NSTEP =  2450000   TIME(PS) =    4900.000  TEMP(K) =   299.04  PRESS =     0.0
 Etot   =   -109020.7571  EKtot   =     20332.4961  EPtot      =   -129353.2532
 BOND   =       702.5998  ANGLE   =      1810.8458  DIHED      =      1200.6798
 UB     =         0.0000  IMP     =         0.0000  CMAP       =       153.6277
 1-4 NB =       782.9106  1-4 EEL =     10658.2461  VDWAALS    =     15573.8147
 EELEC  =   -160235.9777  EHBOND  =         0.0000  RESTRAINT  =         0.0000
 ------------------------------------------------------------------------------

wrapping first mol.:       50.23182       71.03852        0.00000
wrapping first mol.:       50.23182       71.03852        0.00000
wrapping first mol.:       50.23182       71.03852        0.00000
wrapping first mol.:       50.23182       71.03852        0.00000
wrapping first mol.:       50.23182       71.03852        0.00000
wrapping first mol.:       50.23182       71.03852        0.00000
wrapping first mol.:       50.23182       71.03852        0.00000
wrapping first mol.:       50.23182       71.03852        0.00000
wrapping first mol.:       50.23182       71.03852        0.00000
wrapping first mol.:       50.23182       71.03852        0.00000
wrapping first mol.:       50.23182       71.03852        0.00000

 NSTEP =  2500000   TIME(PS) =    5000.000  TEMP(K) =   296.20  PRESS =     0.0
 Etot   =   -109310.6950  EKtot   =     20139.0625  EPtot      =   -129449.7575
 BOND   =       704.9133  ANGLE   =      1788.3249  DIHED      =      1197.2145
 UB     =         0.0000  IMP     =         0.0000  CMAP       =       160.4302
 1-4 NB =       773.4609  1-4 EEL =     10654.1062  VDWAALS    =     15472.9716
 EELEC  =   -160201.1791  EHBOND  =         0.0000  RESTRAINT  =         0.0000
 ------------------------------------------------------------------------------


      A V E R A G E S   O V E R      50 S T E P S


 NSTEP =  2500000   TIME(PS) =    5000.000  TEMP(K) =   300.13  PRESS =     0.0
 Etot   =   -109011.2677  EKtot   =     20406.3460  EPtot      =   -129417.6137
 BOND   =       673.3289  ANGLE   =      1748.4074  DIHED      =      1189.5430
 UB     =         0.0000  IMP     =         0.0000  CMAP       =       150.8466
 1-4 NB =       779.0786  1-4 EEL =     10677.3063  VDWAALS    =     15532.8089
 EELEC  =   -160168.9335  EHBOND  =         0.0000  RESTRAINT  =         0.0000
 ------------------------------------------------------------------------------


      R M S  F L U C T U A T I O N S


 NSTEP =  2500000   TIME(PS) =    5000.000  TEMP(K) =     1.66  PRESS =     0.0
 Etot   =       175.5809  EKtot   =       113.0284  EPtot      =       167.7546
 BOND   =        21.5080  ANGLE   =        33.2812  DIHED      =        15.7104
 UB     =         0.0000  IMP     =         0.0000  CMAP       =         7.0135
 1-4 NB =         9.6523  1-4 EEL =        40.4785  VDWAALS    =       202.5826
 EELEC  =       283.6053  EHBOND  =         0.0000  RESTRAINT  =         0.0000
 ------------------------------------------------------------------------------

--------------------------------------------------------------------------------
   5.  TIMINGS
--------------------------------------------------------------------------------

|  NonSetup CPU Time in Major Routines:
|
|     Routine           Sec        %
|     ------------------------------
|     Nonbond         922.59   11.77
|     Bond              0.00    0.00
|     Angle             0.00    0.00
|     Dihedral          0.00    0.00
|     Shake            21.13    0.27
|     RunMD          6891.65   87.92
|     Other             3.57    0.05
|     ------------------------------
|     Total          7838.93

|  PME Nonbond Pairlist CPU Time:
|
|     Routine              Sec        %
|     ---------------------------------
|     Set Up Cit           0.00    0.00
|     Build List           0.00    0.00
|     ---------------------------------
|     Total                0.00    0.00

|  PME Direct Force CPU Time:
|
|     Routine              Sec        %
|     ---------------------------------
|     NonBonded Calc       0.00    0.00
|     Exclude Masked       0.00    0.00
|     Other                1.86    0.02
|     ---------------------------------
|     Total                1.86    0.02

|  PME Reciprocal Force CPU Time:
|
|     Routine              Sec        %
|     ---------------------------------
|     1D bspline           0.00    0.00
|     Grid Charges         0.00    0.00
|     Scalar Sum           0.00    0.00
|     Gradient Sum         0.00    0.00
|     FFT                  0.00    0.00
|     ---------------------------------
|     Total                0.00    0.00

|  Final Performance Info:
|     -----------------------------------------------------
|     Average timings for last       1 steps:
|     Elapsed(s) =       0.00 Per Step(ms) =       0.16
|         ns/day =    1072.41   seconds/ns =      80.57
|
|     Average timings for all steps:
|     Elapsed(s) =    7853.68 Per Step(ms) =       3.14
|         ns/day =      55.01   seconds/ns =    1570.74
|     -----------------------------------------------------

|  Setup CPU time:            0.87 seconds
|  NonSetup CPU time:      7838.93 seconds
|  Total CPU time:         7839.80 seconds     2.18 hours

|  Setup wall time:           1    seconds
|  NonSetup wall time:     7854    seconds
|  Total wall time:        7855    seconds     2.18 hours
