
          -------------------------------------------------------
          Amber 18 PMEMD                              2018
          -------------------------------------------------------

| PMEMD implementation of SANDER, Release 18

| Run on 01/09/2021 at 19:28:28

|   Executable path: pmemd.cuda
| Working directory: /home/almacen/pbarletta/dynein/run/5vky/2_pdt
|          Hostname: Unknown
  [-O]verwriting output

File Assignments:
|   MDIN: pre_pdt.in                                                            
|  MDOUT: 0pdt.out                                                              
| INPCRD: 2_5vky.rst7                                                           
|   PARM: /home/almacen/pbarletta/dynein/top_files/5vky.prmtop                  
| RESTRT: 0p2_5vky.rst7                                                         
|   REFC: refc                                                                  
|  MDVEL: mdvel                                                                 
|   MDEN: mden                                                                  
|  MDCRD: 0p2_5vky.nc                                                           
| MDINFO: mdinfo                                                                
|  MDFRC: mdfrc                                                                 


 Here is the input file:

Production run                                                                 
&cntrl                                                                         
imin = 0,                           ! No Minimization                          
nmropt = 0,                         ! No NMR restraints read                   
                                                                               
! Nature and format of the input                                               
ntx = 5,                            ! Coordinates and velocities will be read  
irest = 1,                          ! Do not run a new simulation              
                                                                               
! Nature and format of the output                                              
ntxo = 1,                           ! rstrt file in ASCII format               
ntpr = 50000,                       ! inf in output every ntpr steps           
ntwr = 50000,                       ! rstrt file every ntwr steps              
ntwx = 5000,                        ! mdcrd file every ntwx steps              
ntwv = 0,                           ! mdvel without velocities                 
ntwe = 0,                           ! Energies and temperatures not written in 
idecomp = 0,                        ! No energy decomposition                  
iwrap = 1,                          ! Coordinates of the restart and mdcrd file
                                                                               
! Frozen or restrained atoms                                                   
ibelly = 0,                         ! No frozen atoms                          
ntr=0,                              ! Harmonic potential restraints            
                                                                               
! Molecular dynamics                                                           
nstlim = 2500000,                   ! Number of MD-steps                       
dt = 0.002,                         ! Time step                                
                                                                               
! Temperature regulation                                                       
ntt = 3,                            ! Langevin thermostat                      
gamma_ln = 2,                       ! Gamma constant for Langevin              
temp0 = 300.0,                      ! Reference T at which the system is to be 
tempi = 300.0,                      ! Initial T                                
ig = -1,                            ! Seed for the RNG                         
                                                                               
! P and V regulation                                                           
!barostat = 1,                      ! Berendsen barostat                       
!taup = 1,                          ! Pressure relaxation time                 
ntp = 0,                            ! constant V                               
ntb = 1,                            ! Periodic box for constant V              
                                                                               
! SHAKE variables                                                              
ntc = 2,                            ! Bonds involving H are constrained        
ntf = 2,                            ! Bond interaction involving H are ommited.
                                                                               
cut = 9.0,                          ! Nonbonded cutoff                         
/                                                                              
&end                                                                           


Note: ig = -1. Setting random seed to   745133 based on wallclock time in 
      microseconds.
| irandom = 1, using AMBER's internal random number generator (default).
 
|--------------------- INFORMATION ----------------------
| GPU (CUDA) Version of PMEMD in use: NVIDIA GPU IN USE.
|                    Version 18.0.0
| 
|                      03/25/2018
| 
| Implementation by:
|                    Ross C. Walker     (SDSC)
|                    Scott Le Grand     (nVIDIA)
| 
| Version 18 performance extensions by:
|                    David Cerutti     (Rutgers)
| 
| Precision model in use:
|      [SPFP] - Single Precision Forces, 64-bit Fixed Point
|               Accumulation. (Default)
| 
|--------------------------------------------------------
 
|----------------- CITATION INFORMATION -----------------
|
|    When publishing work that utilized the CUDA version
|    of AMBER, please cite the following in addition to
|    the regular AMBER citations:
|
|  - Romelia Salomon-Ferrer; Andreas W. Goetz; Duncan
|    Poole; Scott Le Grand; Ross C. Walker "Routine
|    microsecond molecular dynamics simulations with
|    AMBER - Part II: Particle Mesh Ewald", J. Chem.
|    Theory Comput., 2013, 9 (9), pp3878-3888,
|    DOI: 10.1021/ct400314y.
|
|  - Andreas W. Goetz; Mark J. Williamson; Dong Xu;
|    Duncan Poole; Scott Le Grand; Ross C. Walker
|    "Routine microsecond molecular dynamics simulations
|    with AMBER - Part I: Generalized Born", J. Chem.
|    Theory Comput., 2012, 8 (5), pp1542-1555.
|
|  - Scott Le Grand; Andreas W. Goetz; Ross C. Walker
|    "SPFP: Speed without compromise - a mixed precision
|    model for GPU accelerated molecular dynamics
|    simulations.", Comp. Phys. Comm., 2013, 184
|    pp374-380, DOI: 10.1016/j.cpc.2012.09.022
|
|--------------------------------------------------------
 
|------------------- GPU DEVICE INFO --------------------
|
|            CUDA_VISIBLE_DEVICES: 0
|   CUDA Capable Devices Detected:      1
|           CUDA Device ID in use:      0
|                CUDA Device Name: GeForce GTX 1080 Ti
|     CUDA Device Global Mem Size:  11178 MB
| CUDA Device Num Multiprocessors:     28
|           CUDA Device Core Freq:   1.72 GHz
|
|--------------------------------------------------------
 
 
| Conditional Compilation Defines Used:
| PUBFFT
| BINTRAJ
| CUDA
| EMIL

| Largest sphere to fit in unit cell has radius =    28.743

| New format PARM file being parsed.
| Version =    1.000 Date = 09/22/20 Time = 13:48:22

| Note: 1-4 EEL scale factors are being read from the topology file.

| Note: 1-4 VDW scale factors are being read from the topology file.
| Duplicated    0 dihedrals

| Duplicated    0 dihedrals

--------------------------------------------------------------------------------
   1.  RESOURCE   USE: 
--------------------------------------------------------------------------------

 getting new box info from bottom of inpcrd
 NATOM  =   35094 NTYPES =      19 NBONH =   25406 MBONA  =    9706
 NTHETH =    4174 MTHETA =    2496 NPHIH =    8340 MPHIA  =    8026
 NHPARM =       0 NPARM  =       0 NNB   =   75254 NRES   =    8094
 NBONA  =    9706 NTHETA =    2496 NPHIA =    8026 NUMBND =      71
 NUMANG =     162 NPTRA  =     183 NATYP =      37 NPHB   =       1
 IFBOX  =       2 NMXRS  =      24 IFCAP =       0 NEXTRA =    7860
 NCOPY  =       0


| Coordinate Index Table dimensions:    12   12   12
| Direct force subcell size =     5.8671    5.8671    5.8671

     BOX TYPE: TRUNCATED OCTAHEDRON

--------------------------------------------------------------------------------
   2.  CONTROL  DATA  FOR  THE  RUN
--------------------------------------------------------------------------------

default_name                                                                    

General flags:
     imin    =       0, nmropt  =       0

Nature and format of input:
     ntx     =       5, irest   =       1, ntrx    =       1

Nature and format of output:
     ntxo    =       1, ntpr    =   50000, ntrx    =       1, ntwr    =   50000
     iwrap   =       1, ntwx    =    5000, ntwv    =       0, ntwe    =       0
     ioutfm  =       1, ntwprt  =       0, idecomp =       0, rbornstat=      0

Potential function:
     ntf     =       2, ntb     =       1, igb     =       0, nsnb    =      25
     ipol    =       0, gbsa    =       0, iesp    =       0
     dielc   =   1.00000, cut     =   9.00000, intdiel =   1.00000

Frozen or restrained atoms:
     ibelly  =       0, ntr     =       0

Molecular dynamics:
     nstlim  =   2500000, nscm    =      1000, nrespa  =         1
     t       =   0.00000, dt      =   0.00200, vlimit  =  -1.00000

Langevin dynamics temperature regulation:
     ig      =  745133
     temp0   = 300.00000, tempi   = 300.00000, gamma_ln=   2.00000

SHAKE:
     ntc     =       2, jfastw  =       0
     tol     =   0.00001

| Intermolecular bonds treatment:
|     no_intermolecular_bonds =       1

| Energy averages sample interval:
|     ene_avg_sampling =   50000

Extra-points options:
     frameon =       1, chngmask=       1

Ewald parameters:
     verbose =       0, ew_type =       0, nbflag  =       1, use_pme =       1
     vdwmeth =       1, eedmeth =       1, netfrc  =       1
     Box X =   70.405   Box Y =   70.405   Box Z =   70.405
     Alpha =  109.471   Beta  =  109.471   Gamma =  109.471
     NFFT1 =   72       NFFT2 =   72       NFFT3 =   72
     Cutoff=    9.000   Tol   =0.100E-04
     Ewald Coefficient =  0.30768
     Interpolation order =    4
|      EXTRA_PTS, trim_bonds: num bonds BEFORE trim = 25406     0
|      EXTRA_PTS, trim_bonds: num bonds AFTER  trim = 25406     0
|      EXTRA_PTS, trim_bonds: num bonds BEFORE trim =  9706     0
|      EXTRA_PTS, trim_bonds: num bonds AFTER  trim =  1846     0
|      EXTRA_PTS, trim_theta: num angle BEFORE trim =  4174     0
|      EXTRA_PTS, trim_theta: num angle AFTER  trim =  4174     0
|      EXTRA_PTS, trim_theta: num angle BEFORE trim =  2496     0
|      EXTRA_PTS, trim_theta: num angle AFTER  trim =  2496     0
|      EXTRA_PTS, trim_phi:  num diheds BEFORE trim =  8340     0
|      EXTRA_PTS, trim_phi:  num diheds AFTER  trim =  8340     0
|      EXTRA_PTS, trim_phi:  num diheds BEFORE trim =  8026     0
|      EXTRA_PTS, trim_phi:  num diheds AFTER  trim =  8026     0

--------------------------------------------------------------------------------
   3.  ATOMIC COORDINATES AND VELOCITIES
--------------------------------------------------------------------------------

Cpptraj Generated Restart                                                       
 begin time read from input coords =     0.000 ps

 
 Number of triangulated 3-point waters found:     7860

     Sum of charges from parm topology file =   0.00004304
     Forcing neutrality...

| Dynamic Memory, Types Used:
| Reals             1093682
| Integers          2546454

| Nonbonded Pairs Initial Allocation:     8001432

| GPU memory information (estimate):
| KB of GPU memory in use:         0
| KB of CPU memory in use:         0

--------------------------------------------------------------------------------
   4.  RESULTS
--------------------------------------------------------------------------------


 NSTEP =    50000   TIME(PS) =     100.000  TEMP(K) =   299.69  PRESS =     0.0
 Etot   =    -88552.7089  EKtot   =     16763.4160  EPtot      =   -105316.1249
 BOND   =       684.2997  ANGLE   =      1916.2772  DIHED      =      1285.8171
 UB     =         0.0000  IMP     =         0.0000  CMAP       =       173.4917
 1-4 NB =       826.6298  1-4 EEL =     11291.1027  VDWAALS    =     11923.6575
 EELEC  =   -133417.4006  EHBOND  =         0.0000  RESTRAINT  =         0.0000
 ------------------------------------------------------------------------------


 NSTEP =   100000   TIME(PS) =     200.000  TEMP(K) =   300.13  PRESS =     0.0
 Etot   =    -88514.5117  EKtot   =     16788.0059  EPtot      =   -105302.5176
 BOND   =       696.0706  ANGLE   =      1886.2246  DIHED      =      1310.7729
 UB     =         0.0000  IMP     =         0.0000  CMAP       =       181.3602
 1-4 NB =       804.1773  1-4 EEL =     11323.7519  VDWAALS    =     11630.6175
 EELEC  =   -133135.4924  EHBOND  =         0.0000  RESTRAINT  =         0.0000
 ------------------------------------------------------------------------------


 NSTEP =   150000   TIME(PS) =     300.000  TEMP(K) =   302.07  PRESS =     0.0
 Etot   =    -88312.9423  EKtot   =     16896.4414  EPtot      =   -105209.3837
 BOND   =       709.2275  ANGLE   =      1816.1139  DIHED      =      1307.3059
 UB     =         0.0000  IMP     =         0.0000  CMAP       =       175.8021
 1-4 NB =       819.8908  1-4 EEL =     11278.1569  VDWAALS    =     11638.6695
 EELEC  =   -132954.5503  EHBOND  =         0.0000  RESTRAINT  =         0.0000
 ------------------------------------------------------------------------------


 NSTEP =   200000   TIME(PS) =     400.000  TEMP(K) =   300.77  PRESS =     0.0
 Etot   =    -88359.5997  EKtot   =     16823.5723  EPtot      =   -105183.1720
 BOND   =       674.4237  ANGLE   =      1832.9780  DIHED      =      1299.8357
 UB     =         0.0000  IMP     =         0.0000  CMAP       =       190.6748
 1-4 NB =       807.6922  1-4 EEL =     11303.5959  VDWAALS    =     11667.2809
 EELEC  =   -132959.6533  EHBOND  =         0.0000  RESTRAINT  =         0.0000
 ------------------------------------------------------------------------------


 NSTEP =   250000   TIME(PS) =     500.000  TEMP(K) =   299.70  PRESS =     0.0
 Etot   =    -88471.3355  EKtot   =     16763.6055  EPtot      =   -105234.9409
 BOND   =       677.2423  ANGLE   =      1898.2908  DIHED      =      1303.9887
 UB     =         0.0000  IMP     =         0.0000  CMAP       =       187.5973
 1-4 NB =       808.3033  1-4 EEL =     11266.8691  VDWAALS    =     11637.5906
 EELEC  =   -133014.8230  EHBOND  =         0.0000  RESTRAINT  =         0.0000
 ------------------------------------------------------------------------------


 NSTEP =   300000   TIME(PS) =     600.000  TEMP(K) =   298.43  PRESS =     0.0
 Etot   =    -88485.0788  EKtot   =     16693.0469  EPtot      =   -105178.1257
 BOND   =       693.7443  ANGLE   =      1842.8692  DIHED      =      1298.7226
 UB     =         0.0000  IMP     =         0.0000  CMAP       =       182.3253
 1-4 NB =       823.7153  1-4 EEL =     11297.9460  VDWAALS    =     11421.9856
 EELEC  =   -132739.4340  EHBOND  =         0.0000  RESTRAINT  =         0.0000
 ------------------------------------------------------------------------------


 NSTEP =   350000   TIME(PS) =     700.000  TEMP(K) =   300.35  PRESS =     0.0
 Etot   =    -88557.2359  EKtot   =     16800.3770  EPtot      =   -105357.6128
 BOND   =       643.3776  ANGLE   =      1863.8113  DIHED      =      1315.4963
 UB     =         0.0000  IMP     =         0.0000  CMAP       =       163.6711
 1-4 NB =       816.3517  1-4 EEL =     11310.0490  VDWAALS    =     11612.1863
 EELEC  =   -133082.5562  EHBOND  =         0.0000  RESTRAINT  =         0.0000
 ------------------------------------------------------------------------------


 NSTEP =   400000   TIME(PS) =     800.000  TEMP(K) =   298.54  PRESS =     0.0
 Etot   =    -88676.8611  EKtot   =     16699.1875  EPtot      =   -105376.0486
 BOND   =       679.3802  ANGLE   =      1806.6355  DIHED      =      1317.3755
 UB     =         0.0000  IMP     =         0.0000  CMAP       =       169.0661
 1-4 NB =       814.7786  1-4 EEL =     11293.9195  VDWAALS    =     11581.0952
 EELEC  =   -133038.2993  EHBOND  =         0.0000  RESTRAINT  =         0.0000
 ------------------------------------------------------------------------------


 NSTEP =   450000   TIME(PS) =     900.000  TEMP(K) =   300.58  PRESS =     0.0
 Etot   =    -88586.0869  EKtot   =     16812.8672  EPtot      =   -105398.9540
 BOND   =       687.2346  ANGLE   =      1811.6884  DIHED      =      1316.5771
 UB     =         0.0000  IMP     =         0.0000  CMAP       =       174.9526
 1-4 NB =       826.1193  1-4 EEL =     11316.8449  VDWAALS    =     11759.1019
 EELEC  =   -133291.4727  EHBOND  =         0.0000  RESTRAINT  =         0.0000
 ------------------------------------------------------------------------------


 NSTEP =   500000   TIME(PS) =    1000.000  TEMP(K) =   298.23  PRESS =     0.0
 Etot   =    -88721.5418  EKtot   =     16681.5898  EPtot      =   -105403.1316
 BOND   =       669.8139  ANGLE   =      1867.8556  DIHED      =      1323.7537
 UB     =         0.0000  IMP     =         0.0000  CMAP       =       177.4524
 1-4 NB =       859.8104  1-4 EEL =     11341.4002  VDWAALS    =     11553.9263
 EELEC  =   -133197.1441  EHBOND  =         0.0000  RESTRAINT  =         0.0000
 ------------------------------------------------------------------------------


 NSTEP =   550000   TIME(PS) =    1100.000  TEMP(K) =   296.92  PRESS =     0.0
 Etot   =    -88638.4794  EKtot   =     16608.5938  EPtot      =   -105247.0731
 BOND   =       698.5682  ANGLE   =      1847.7509  DIHED      =      1334.1388
 UB     =         0.0000  IMP     =         0.0000  CMAP       =       184.5223
 1-4 NB =       831.9518  1-4 EEL =     11314.9536  VDWAALS    =     11660.1190
 EELEC  =   -133119.0778  EHBOND  =         0.0000  RESTRAINT  =         0.0000
 ------------------------------------------------------------------------------


 NSTEP =   600000   TIME(PS) =    1200.000  TEMP(K) =   301.34  PRESS =     0.0
 Etot   =    -88285.2365  EKtot   =     16855.5996  EPtot      =   -105140.8361
 BOND   =       699.4836  ANGLE   =      1853.6725  DIHED      =      1316.7279
 UB     =         0.0000  IMP     =         0.0000  CMAP       =       173.3666
 1-4 NB =       819.5777  1-4 EEL =     11267.8185  VDWAALS    =     11842.3789
 EELEC  =   -133113.8617  EHBOND  =         0.0000  RESTRAINT  =         0.0000
 ------------------------------------------------------------------------------


 NSTEP =   650000   TIME(PS) =    1300.000  TEMP(K) =   300.06  PRESS =     0.0
 Etot   =    -88278.1263  EKtot   =     16784.1289  EPtot      =   -105062.2552
 BOND   =       708.7514  ANGLE   =      1846.2910  DIHED      =      1312.6032
 UB     =         0.0000  IMP     =         0.0000  CMAP       =       171.8746
 1-4 NB =       828.3740  1-4 EEL =     11315.4053  VDWAALS    =     11127.7695
 EELEC  =   -132373.3242  EHBOND  =         0.0000  RESTRAINT  =         0.0000
 ------------------------------------------------------------------------------


 NSTEP =   700000   TIME(PS) =    1400.000  TEMP(K) =   301.60  PRESS =     0.0
 Etot   =    -88675.5468  EKtot   =     16870.1289  EPtot      =   -105545.6757
 BOND   =       658.7743  ANGLE   =      1876.3859  DIHED      =      1314.0499
 UB     =         0.0000  IMP     =         0.0000  CMAP       =       184.7470
 1-4 NB =       806.1174  1-4 EEL =     11297.5074  VDWAALS    =     11269.4886
 EELEC  =   -132952.7462  EHBOND  =         0.0000  RESTRAINT  =         0.0000
 ------------------------------------------------------------------------------


 NSTEP =   750000   TIME(PS) =    1500.000  TEMP(K) =   300.64  PRESS =     0.0
 Etot   =    -88456.4844  EKtot   =     16816.3320  EPtot      =   -105272.8164
 BOND   =       677.8441  ANGLE   =      1859.5648  DIHED      =      1326.1584
 UB     =         0.0000  IMP     =         0.0000  CMAP       =       177.3491
 1-4 NB =       826.4000  1-4 EEL =     11266.4690  VDWAALS    =     11552.1691
 EELEC  =   -132958.7711  EHBOND  =         0.0000  RESTRAINT  =         0.0000
 ------------------------------------------------------------------------------


 NSTEP =   800000   TIME(PS) =    1600.000  TEMP(K) =   299.94  PRESS =     0.0
 Etot   =    -88644.2439  EKtot   =     16777.3574  EPtot      =   -105421.6013
 BOND   =       659.0347  ANGLE   =      1897.5458  DIHED      =      1309.1382
 UB     =         0.0000  IMP     =         0.0000  CMAP       =       187.0615
 1-4 NB =       798.1683  1-4 EEL =     11267.9771  VDWAALS    =     12108.2005
 EELEC  =   -133648.7275  EHBOND  =         0.0000  RESTRAINT  =         0.0000
 ------------------------------------------------------------------------------


 NSTEP =   850000   TIME(PS) =    1700.000  TEMP(K) =   303.50  PRESS =     0.0
 Etot   =    -88626.7364  EKtot   =     16976.4531  EPtot      =   -105603.1895
 BOND   =       690.2156  ANGLE   =      1884.6866  DIHED      =      1276.1723
 UB     =         0.0000  IMP     =         0.0000  CMAP       =       183.2850
 1-4 NB =       807.4569  1-4 EEL =     11277.9593  VDWAALS    =     12360.7502
 EELEC  =   -134083.7155  EHBOND  =         0.0000  RESTRAINT  =         0.0000
 ------------------------------------------------------------------------------

wrapping first mol.:      -23.46827      -33.18915       57.48530

 NSTEP =   900000   TIME(PS) =    1800.000  TEMP(K) =   301.70  PRESS =     0.0
 Etot   =    -88784.8160  EKtot   =     16875.7988  EPtot      =   -105660.6149
 BOND   =       639.0686  ANGLE   =      1807.3637  DIHED      =      1302.3623
 UB     =         0.0000  IMP     =         0.0000  CMAP       =       186.0675
 1-4 NB =       831.2805  1-4 EEL =     11352.8895  VDWAALS    =     11979.6290
 EELEC  =   -133759.2760  EHBOND  =         0.0000  RESTRAINT  =         0.0000
 ------------------------------------------------------------------------------


 NSTEP =   950000   TIME(PS) =    1900.000  TEMP(K) =   298.41  PRESS =     0.0
 Etot   =    -88713.8619  EKtot   =     16691.7949  EPtot      =   -105405.6568
 BOND   =       716.9510  ANGLE   =      1900.6640  DIHED      =      1319.1473
 UB     =         0.0000  IMP     =         0.0000  CMAP       =       174.8984
 1-4 NB =       836.2388  1-4 EEL =     11277.6189  VDWAALS    =     11956.4980
 EELEC  =   -133587.6731  EHBOND  =         0.0000  RESTRAINT  =         0.0000
 ------------------------------------------------------------------------------


 NSTEP =  1000000   TIME(PS) =    2000.000  TEMP(K) =   297.11  PRESS =     0.0
 Etot   =    -88468.2756  EKtot   =     16618.7207  EPtot      =   -105086.9963
 BOND   =       700.9546  ANGLE   =      1875.1985  DIHED      =      1319.0635
 UB     =         0.0000  IMP     =         0.0000  CMAP       =       169.3891
 1-4 NB =       843.5839  1-4 EEL =     11356.4067  VDWAALS    =     11813.1678
 EELEC  =   -133164.7604  EHBOND  =         0.0000  RESTRAINT  =         0.0000
 ------------------------------------------------------------------------------


 NSTEP =  1050000   TIME(PS) =    2100.000  TEMP(K) =   302.65  PRESS =     0.0
 Etot   =    -88114.5125  EKtot   =     16929.0605  EPtot      =   -105043.5731
 BOND   =       695.2137  ANGLE   =      1841.7812  DIHED      =      1321.4672
 UB     =         0.0000  IMP     =         0.0000  CMAP       =       186.8839
 1-4 NB =       821.1433  1-4 EEL =     11310.8609  VDWAALS    =     11636.1641
 EELEC  =   -132857.0874  EHBOND  =         0.0000  RESTRAINT  =         0.0000
 ------------------------------------------------------------------------------

wrapping first mol.:      -23.46827      -33.18915       57.48530
wrapping first mol.:      -23.46827      -33.18915       57.48530
wrapping first mol.:      -23.46827      -33.18915       57.48530
wrapping first mol.:      -23.46827      -33.18915       57.48530
wrapping first mol.:      -23.46827      -33.18915       57.48530

 NSTEP =  1100000   TIME(PS) =    2200.000  TEMP(K) =   303.31  PRESS =     0.0
 Etot   =    -88321.4799  EKtot   =     16965.6426  EPtot      =   -105287.1224
 BOND   =       689.9246  ANGLE   =      1786.8132  DIHED      =      1335.9817
 UB     =         0.0000  IMP     =         0.0000  CMAP       =       186.3299
 1-4 NB =       841.4811  1-4 EEL =     11393.8822  VDWAALS    =     11695.9492
 EELEC  =   -133217.4844  EHBOND  =         0.0000  RESTRAINT  =         0.0000
 ------------------------------------------------------------------------------

wrapping first mol.:      -23.46827      -33.18915       57.48530
wrapping first mol.:      -23.46827      -33.18915       57.48530

 NSTEP =  1150000   TIME(PS) =    2300.000  TEMP(K) =   301.17  PRESS =     0.0
 Etot   =    -88445.0340  EKtot   =     16846.1133  EPtot      =   -105291.1473
 BOND   =       668.9246  ANGLE   =      1786.2036  DIHED      =      1306.5360
 UB     =         0.0000  IMP     =         0.0000  CMAP       =       182.0904
 1-4 NB =       806.7859  1-4 EEL =     11412.8789  VDWAALS    =     11630.5114
 EELEC  =   -133085.0780  EHBOND  =         0.0000  RESTRAINT  =         0.0000
 ------------------------------------------------------------------------------

wrapping first mol.:      -23.46827      -33.18915       57.48530
wrapping first mol.:      -23.46827      -33.18915       57.48530
wrapping first mol.:      -23.46827      -33.18915       57.48530
wrapping first mol.:      -23.46827      -33.18915       57.48530
wrapping first mol.:      -23.46827      -33.18915       57.48530

 NSTEP =  1200000   TIME(PS) =    2400.000  TEMP(K) =   299.87  PRESS =     0.0
 Etot   =    -88725.8914  EKtot   =     16773.5137  EPtot      =   -105499.4051
 BOND   =       671.5129  ANGLE   =      1830.5355  DIHED      =      1301.2123
 UB     =         0.0000  IMP     =         0.0000  CMAP       =       181.7932
 1-4 NB =       840.3526  1-4 EEL =     11369.3492  VDWAALS    =     11837.6453
 EELEC  =   -133531.8062  EHBOND  =         0.0000  RESTRAINT  =         0.0000
 ------------------------------------------------------------------------------

wrapping first mol.:      -23.46827      -33.18915       57.48530
wrapping first mol.:      -23.46827      -33.18915       57.48530
wrapping first mol.:      -23.46827      -33.18915       57.48530
wrapping first mol.:      -23.46827      -33.18915       57.48530
wrapping first mol.:      -23.46827      -33.18915       57.48530
wrapping first mol.:      -23.46827      -33.18915       57.48530

 NSTEP =  1250000   TIME(PS) =    2500.000  TEMP(K) =   298.13  PRESS =     0.0
 Etot   =    -88866.2954  EKtot   =     16676.0156  EPtot      =   -105542.3110
 BOND   =       640.5891  ANGLE   =      1842.1999  DIHED      =      1331.4055
 UB     =         0.0000  IMP     =         0.0000  CMAP       =       175.9592
 1-4 NB =       820.6300  1-4 EEL =     11356.6439  VDWAALS    =     11858.3865
 EELEC  =   -133568.1251  EHBOND  =         0.0000  RESTRAINT  =         0.0000
 ------------------------------------------------------------------------------

wrapping first mol.:      -23.46827      -33.18915       57.48530
wrapping first mol.:      -23.46827      -33.18915       57.48530
wrapping first mol.:      -23.46827      -33.18915       57.48530
wrapping first mol.:      -23.46827      -33.18915       57.48530
wrapping first mol.:      -23.46827      -33.18915       57.48530
wrapping first mol.:      -23.46827      -33.18915       57.48530
wrapping first mol.:      -23.46827      -33.18915       57.48530
wrapping first mol.:      -23.46827      -33.18915       57.48530
wrapping first mol.:      -23.46827      -33.18915       57.48530
wrapping first mol.:      -23.46827      -33.18915       57.48530
wrapping first mol.:      -23.46827      -33.18915       57.48530

 NSTEP =  1300000   TIME(PS) =    2600.000  TEMP(K) =   300.29  PRESS =     0.0
 Etot   =    -88535.5355  EKtot   =     16797.1289  EPtot      =   -105332.6644
 BOND   =       628.3074  ANGLE   =      1846.6017  DIHED      =      1328.3948
 UB     =         0.0000  IMP     =         0.0000  CMAP       =       188.5036
 1-4 NB =       810.4410  1-4 EEL =     11412.6373  VDWAALS    =     11665.1196
 EELEC  =   -133212.6698  EHBOND  =         0.0000  RESTRAINT  =         0.0000
 ------------------------------------------------------------------------------

wrapping first mol.:      -23.46827      -33.18915       57.48530
wrapping first mol.:      -23.46827      -33.18915       57.48530
wrapping first mol.:      -23.46827      -33.18915       57.48530
wrapping first mol.:      -23.46827      -33.18915       57.48530
wrapping first mol.:      -23.46827      -33.18915       57.48530
wrapping first mol.:      -23.46827      -33.18915       57.48530
wrapping first mol.:      -23.46827      -33.18915       57.48530
wrapping first mol.:      -23.46827      -33.18915       57.48530
wrapping first mol.:      -23.46827      -33.18915       57.48530

 NSTEP =  1350000   TIME(PS) =    2700.000  TEMP(K) =   299.26  PRESS =     0.0
 Etot   =    -88370.8274  EKtot   =     16739.1797  EPtot      =   -105110.0070
 BOND   =       681.6362  ANGLE   =      1837.4783  DIHED      =      1339.9980
 UB     =         0.0000  IMP     =         0.0000  CMAP       =       194.7500
 1-4 NB =       806.4333  1-4 EEL =     11328.1202  VDWAALS    =     11764.5957
 EELEC  =   -133063.0188  EHBOND  =         0.0000  RESTRAINT  =         0.0000
 ------------------------------------------------------------------------------

wrapping first mol.:      -23.46827      -33.18915       57.48530
wrapping first mol.:      -23.46827      -33.18915       57.48530

 NSTEP =  1400000   TIME(PS) =    2800.000  TEMP(K) =   299.24  PRESS =     0.0
 Etot   =    -88781.9414  EKtot   =     16738.0469  EPtot      =   -105519.9883
 BOND   =       695.4805  ANGLE   =      1789.5143  DIHED      =      1276.2396
 UB     =         0.0000  IMP     =         0.0000  CMAP       =       171.5202
 1-4 NB =       822.4587  1-4 EEL =     11302.6289  VDWAALS    =     11878.7641
 EELEC  =   -133456.5946  EHBOND  =         0.0000  RESTRAINT  =         0.0000
 ------------------------------------------------------------------------------


 NSTEP =  1450000   TIME(PS) =    2900.000  TEMP(K) =   300.10  PRESS =     0.0
 Etot   =    -88486.1008  EKtot   =     16786.0059  EPtot      =   -105272.1066
 BOND   =       657.6352  ANGLE   =      1759.4873  DIHED      =      1340.8990
 UB     =         0.0000  IMP     =         0.0000  CMAP       =       181.3485
 1-4 NB =       838.9765  1-4 EEL =     11392.6937  VDWAALS    =     11860.9234
 EELEC  =   -133304.0702  EHBOND  =         0.0000  RESTRAINT  =         0.0000
 ------------------------------------------------------------------------------


 NSTEP =  1500000   TIME(PS) =    3000.000  TEMP(K) =   296.16  PRESS =     0.0
 Etot   =    -88751.4495  EKtot   =     16565.8496  EPtot      =   -105317.2991
 BOND   =       684.0766  ANGLE   =      1856.1382  DIHED      =      1339.0914
 UB     =         0.0000  IMP     =         0.0000  CMAP       =       170.6746
 1-4 NB =       823.6160  1-4 EEL =     11333.9503  VDWAALS    =     11532.7332
 EELEC  =   -133057.5793  EHBOND  =         0.0000  RESTRAINT  =         0.0000
 ------------------------------------------------------------------------------

wrapping first mol.:      -23.46827      -33.18915       57.48530
wrapping first mol.:      -23.46827      -33.18915       57.48530
wrapping first mol.:      -23.46827      -33.18915       57.48530
wrapping first mol.:      -23.46827      -33.18915       57.48530
wrapping first mol.:      -23.46827      -33.18915       57.48530
wrapping first mol.:      -23.46827      -33.18915       57.48530
wrapping first mol.:      -23.46827      -33.18915       57.48530

 NSTEP =  1550000   TIME(PS) =    3100.000  TEMP(K) =   300.47  PRESS =     0.0
 Etot   =    -88554.7393  EKtot   =     16807.0410  EPtot      =   -105361.7804
 BOND   =       666.0831  ANGLE   =      1864.9050  DIHED      =      1306.5893
 UB     =         0.0000  IMP     =         0.0000  CMAP       =       170.8948
 1-4 NB =       827.3167  1-4 EEL =     11376.2006  VDWAALS    =     12037.5812
 EELEC  =   -133611.3511  EHBOND  =         0.0000  RESTRAINT  =         0.0000
 ------------------------------------------------------------------------------

wrapping first mol.:      -23.46827      -33.18915       57.48530
wrapping first mol.:      -23.46827      -33.18915       57.48530
wrapping first mol.:      -23.46827      -33.18915       57.48530
wrapping first mol.:      -23.46827      -33.18915       57.48530
wrapping first mol.:      -23.46827      -33.18915       57.48530
wrapping first mol.:      -23.46827      -33.18915       57.48530
wrapping first mol.:      -23.46827      -33.18915       57.48530
wrapping first mol.:      -23.46827      -33.18915       57.48530
wrapping first mol.:      -23.46827      -33.18915       57.48530

 NSTEP =  1600000   TIME(PS) =    3200.000  TEMP(K) =   296.81  PRESS =     0.0
 Etot   =    -88703.0358  EKtot   =     16602.2539  EPtot      =   -105305.2897
 BOND   =       680.3302  ANGLE   =      1873.5571  DIHED      =      1333.6043
 UB     =         0.0000  IMP     =         0.0000  CMAP       =       183.3365
 1-4 NB =       794.0858  1-4 EEL =     11317.5564  VDWAALS    =     11614.4284
 EELEC  =   -133102.1884  EHBOND  =         0.0000  RESTRAINT  =         0.0000
 ------------------------------------------------------------------------------

wrapping first mol.:      -23.46827      -33.18915       57.48530
wrapping first mol.:      -23.46827      -33.18915       57.48530

 NSTEP =  1650000   TIME(PS) =    3300.000  TEMP(K) =   297.71  PRESS =     0.0
 Etot   =    -88646.3475  EKtot   =     16652.3887  EPtot      =   -105298.7361
 BOND   =       652.0088  ANGLE   =      1853.1069  DIHED      =      1307.5929
 UB     =         0.0000  IMP     =         0.0000  CMAP       =       172.0403
 1-4 NB =       815.2909  1-4 EEL =     11396.8165  VDWAALS    =     11670.4532
 EELEC  =   -133166.0456  EHBOND  =         0.0000  RESTRAINT  =         0.0000
 ------------------------------------------------------------------------------

wrapping first mol.:      -23.46827      -33.18915       57.48530
wrapping first mol.:      -23.46827      -33.18915       57.48530
wrapping first mol.:      -23.46827      -33.18915       57.48530
wrapping first mol.:      -23.46827      -33.18915       57.48530
wrapping first mol.:      -23.46827      -33.18915       57.48530
wrapping first mol.:      -23.46827      -33.18915       57.48530
wrapping first mol.:      -23.46827      -33.18915       57.48530
wrapping first mol.:      -23.46827      -33.18915       57.48530

 NSTEP =  1700000   TIME(PS) =    3400.000  TEMP(K) =   299.58  PRESS =     0.0
 Etot   =    -88730.1697  EKtot   =     16757.4102  EPtot      =   -105487.5798
 BOND   =       645.6722  ANGLE   =      1796.3451  DIHED      =      1306.3925
 UB     =         0.0000  IMP     =         0.0000  CMAP       =       170.4223
 1-4 NB =       813.5963  1-4 EEL =     11379.4308  VDWAALS    =     11904.6929
 EELEC  =   -133504.1318  EHBOND  =         0.0000  RESTRAINT  =         0.0000
 ------------------------------------------------------------------------------

wrapping first mol.:      -23.46827      -33.18915       57.48530
wrapping first mol.:      -23.46827      -33.18915       57.48530
wrapping first mol.:      -23.46827      -33.18915       57.48530
wrapping first mol.:      -23.46827      -33.18915       57.48530
wrapping first mol.:      -23.46827      -33.18915       57.48530
wrapping first mol.:      -23.46827      -33.18915       57.48530
wrapping first mol.:      -23.46827      -33.18915       57.48530
wrapping first mol.:      -23.46827      -33.18915       57.48530
wrapping first mol.:      -23.46827      -33.18915       57.48530
wrapping first mol.:      -23.46827      -33.18915       57.48530
wrapping first mol.:      -23.46827      -33.18915       57.48530

 NSTEP =  1750000   TIME(PS) =    3500.000  TEMP(K) =   300.23  PRESS =     0.0
 Etot   =    -88874.6138  EKtot   =     16793.7598  EPtot      =   -105668.3735
 BOND   =       660.9089  ANGLE   =      1755.2125  DIHED      =      1317.5891
 UB     =         0.0000  IMP     =         0.0000  CMAP       =       165.4127
 1-4 NB =       819.7991  1-4 EEL =     11353.0081  VDWAALS    =     11794.3971
 EELEC  =   -133534.7010  EHBOND  =         0.0000  RESTRAINT  =         0.0000
 ------------------------------------------------------------------------------

wrapping first mol.:      -23.46827      -33.18915       57.48530
wrapping first mol.:      -23.46827      -33.18915       57.48530
wrapping first mol.:      -23.46827      -33.18915       57.48530
wrapping first mol.:      -23.46827      -33.18915       57.48530
wrapping first mol.:      -23.46827      -33.18915       57.48530
wrapping first mol.:      -23.46827      -33.18915       57.48530
wrapping first mol.:      -23.46827      -33.18915       57.48530
wrapping first mol.:      -23.46827      -33.18915       57.48530

 NSTEP =  1800000   TIME(PS) =    3600.000  TEMP(K) =   300.10  PRESS =     0.0
 Etot   =    -88704.3497  EKtot   =     16786.1582  EPtot      =   -105490.5080
 BOND   =       694.0588  ANGLE   =      1832.8505  DIHED      =      1314.9475
 UB     =         0.0000  IMP     =         0.0000  CMAP       =       176.2409
 1-4 NB =       810.4574  1-4 EEL =     11343.2186  VDWAALS    =     11961.8684
 EELEC  =   -133624.1501  EHBOND  =         0.0000  RESTRAINT  =         0.0000
 ------------------------------------------------------------------------------

wrapping first mol.:      -23.46827      -33.18915       57.48530
wrapping first mol.:      -23.46827      -33.18915       57.48530
wrapping first mol.:      -23.46827      -33.18915       57.48530
wrapping first mol.:      -23.46827      -33.18915       57.48530
wrapping first mol.:      -23.46827      -33.18915       57.48530
wrapping first mol.:      -23.46827      -33.18915       57.48530
wrapping first mol.:      -23.46827      -33.18915       57.48530
wrapping first mol.:      -23.46827      -33.18915       57.48530
wrapping first mol.:      -23.46827      -33.18915       57.48530
wrapping first mol.:      -23.46827      -33.18915       57.48530

 NSTEP =  1850000   TIME(PS) =    3700.000  TEMP(K) =   300.35  PRESS =     0.0
 Etot   =    -88650.3250  EKtot   =     16800.4258  EPtot      =   -105450.7508
 BOND   =       663.7720  ANGLE   =      1854.7825  DIHED      =      1316.5087
 UB     =         0.0000  IMP     =         0.0000  CMAP       =       188.4328
 1-4 NB =       817.1697  1-4 EEL =     11367.4645  VDWAALS    =     11956.4133
 EELEC  =   -133615.2942  EHBOND  =         0.0000  RESTRAINT  =         0.0000
 ------------------------------------------------------------------------------

wrapping first mol.:      -23.46827      -33.18915       57.48530
wrapping first mol.:      -23.46827      -33.18915       57.48530
wrapping first mol.:      -23.46827      -33.18915       57.48530
wrapping first mol.:      -23.46827      -33.18915       57.48530
wrapping first mol.:      -23.46827      -33.18915       57.48530
wrapping first mol.:      -23.46827      -33.18915       57.48530
wrapping first mol.:      -23.46827      -33.18915       57.48530
wrapping first mol.:      -23.46827      -33.18915       57.48530
wrapping first mol.:      -23.46827      -33.18915       57.48530
wrapping first mol.:      -23.46827      -33.18915       57.48530
wrapping first mol.:      -23.46827      -33.18915       57.48530

 NSTEP =  1900000   TIME(PS) =    3800.000  TEMP(K) =   300.45  PRESS =     0.0
 Etot   =    -88520.9020  EKtot   =     16805.6387  EPtot      =   -105326.5407
 BOND   =       665.5557  ANGLE   =      1855.6141  DIHED      =      1299.2049
 UB     =         0.0000  IMP     =         0.0000  CMAP       =       180.2465
 1-4 NB =       830.1119  1-4 EEL =     11375.5790  VDWAALS    =     11748.5023
 EELEC  =   -133281.3551  EHBOND  =         0.0000  RESTRAINT  =         0.0000
 ------------------------------------------------------------------------------

wrapping first mol.:      -23.46827      -33.18915       57.48530
wrapping first mol.:      -23.46827      -33.18915       57.48530
wrapping first mol.:      -23.46827      -33.18915       57.48530
wrapping first mol.:      -23.46827      -33.18915       57.48530
wrapping first mol.:      -23.46827      -33.18915       57.48530
wrapping first mol.:      -23.46827      -33.18915       57.48530
wrapping first mol.:      -23.46827      -33.18915       57.48530
wrapping first mol.:      -23.46827      -33.18915       57.48530
wrapping first mol.:      -23.46827      -33.18915       57.48530
wrapping first mol.:      -23.46827      -33.18915       57.48530
wrapping first mol.:      -23.46827      -33.18915       57.48530

 NSTEP =  1950000   TIME(PS) =    3900.000  TEMP(K) =   297.46  PRESS =     0.0
 Etot   =    -88685.8102  EKtot   =     16638.3047  EPtot      =   -105324.1149
 BOND   =       676.7688  ANGLE   =      1817.1285  DIHED      =      1311.6323
 UB     =         0.0000  IMP     =         0.0000  CMAP       =       176.1090
 1-4 NB =       819.9583  1-4 EEL =     11409.5219  VDWAALS    =     11992.8284
 EELEC  =   -133528.0622  EHBOND  =         0.0000  RESTRAINT  =         0.0000
 ------------------------------------------------------------------------------

wrapping first mol.:      -23.46827      -33.18915       57.48530
wrapping first mol.:      -23.46827      -33.18915       57.48530
wrapping first mol.:      -23.46827      -33.18915       57.48530
wrapping first mol.:      -23.46827      -33.18915       57.48530
wrapping first mol.:      -23.46827      -33.18915       57.48530
wrapping first mol.:      -23.46827      -33.18915       57.48530
wrapping first mol.:      -23.46827      -33.18915       57.48530
wrapping first mol.:      -23.46827      -33.18915       57.48530
wrapping first mol.:      -23.46827      -33.18915       57.48530
wrapping first mol.:      -23.46827      -33.18915       57.48530
wrapping first mol.:      -23.46827      -33.18915       57.48530

 NSTEP =  2000000   TIME(PS) =    4000.000  TEMP(K) =   298.23  PRESS =     0.0
 Etot   =    -88564.1008  EKtot   =     16681.7207  EPtot      =   -105245.8215
 BOND   =       662.5534  ANGLE   =      1827.1972  DIHED      =      1340.3950
 UB     =         0.0000  IMP     =         0.0000  CMAP       =       164.1713
 1-4 NB =       819.5018  1-4 EEL =     11400.2231  VDWAALS    =     11748.5298
 EELEC  =   -133208.3931  EHBOND  =         0.0000  RESTRAINT  =         0.0000
 ------------------------------------------------------------------------------

wrapping first mol.:      -23.46827      -33.18915       57.48530
wrapping first mol.:      -23.46827      -33.18915       57.48530
wrapping first mol.:      -23.46827      -33.18915       57.48530
wrapping first mol.:      -23.46827      -33.18915       57.48530
wrapping first mol.:      -23.46827      -33.18915       57.48530
wrapping first mol.:      -23.46827      -33.18915       57.48530
wrapping first mol.:      -23.46827      -33.18915       57.48530
wrapping first mol.:      -23.46827      -33.18915       57.48530
wrapping first mol.:      -23.46827      -33.18915       57.48530
wrapping first mol.:      -23.46827      -33.18915       57.48530
wrapping first mol.:      -23.46827      -33.18915       57.48530

 NSTEP =  2050000   TIME(PS) =    4100.000  TEMP(K) =   300.83  PRESS =     0.0
 Etot   =    -88600.3460  EKtot   =     16827.1426  EPtot      =   -105427.4886
 BOND   =       684.5731  ANGLE   =      1868.6465  DIHED      =      1332.7683
 UB     =         0.0000  IMP     =         0.0000  CMAP       =       179.3967
 1-4 NB =       819.7276  1-4 EEL =     11345.7973  VDWAALS    =     11706.7709
 EELEC  =   -133365.1690  EHBOND  =         0.0000  RESTRAINT  =         0.0000
 ------------------------------------------------------------------------------

wrapping first mol.:      -23.46827      -33.18915       57.48530
wrapping first mol.:      -23.46827      -33.18915       57.48530
wrapping first mol.:      -23.46827      -33.18915       57.48530
wrapping first mol.:      -23.46827      -33.18915       57.48530
wrapping first mol.:      -23.46827      -33.18915       57.48530
wrapping first mol.:      -23.46827      -33.18915       57.48530
wrapping first mol.:      -23.46827      -33.18915       57.48530
wrapping first mol.:      -23.46827      -33.18915       57.48530
wrapping first mol.:      -23.46827      -33.18915       57.48530
wrapping first mol.:      -23.46827      -33.18915       57.48530
wrapping first mol.:      -23.46827      -33.18915       57.48530

 NSTEP =  2100000   TIME(PS) =    4200.000  TEMP(K) =   301.25  PRESS =     0.0
 Etot   =    -88508.2716  EKtot   =     16850.3613  EPtot      =   -105358.6329
 BOND   =       685.9405  ANGLE   =      1840.6571  DIHED      =      1329.3341
 UB     =         0.0000  IMP     =         0.0000  CMAP       =       163.0466
 1-4 NB =       815.3795  1-4 EEL =     11304.5921  VDWAALS    =     11913.8822
 EELEC  =   -133411.4649  EHBOND  =         0.0000  RESTRAINT  =         0.0000
 ------------------------------------------------------------------------------

wrapping first mol.:      -23.46827      -33.18915       57.48530
wrapping first mol.:      -23.46827      -33.18915       57.48530
wrapping first mol.:      -23.46827      -33.18915       57.48530
wrapping first mol.:      -23.46827      -33.18915       57.48530
wrapping first mol.:      -23.46827      -33.18915       57.48530
wrapping first mol.:      -23.46827      -33.18915       57.48530
wrapping first mol.:      -23.46827      -33.18915       57.48530
wrapping first mol.:      -23.46827      -33.18915       57.48530
wrapping first mol.:      -23.46827      -33.18915       57.48530
wrapping first mol.:      -23.46827      -33.18915       57.48530
wrapping first mol.:      -23.46827      -33.18915       57.48530

 NSTEP =  2150000   TIME(PS) =    4300.000  TEMP(K) =   302.47  PRESS =     0.0
 Etot   =    -88362.6848  EKtot   =     16919.0137  EPtot      =   -105281.6985
 BOND   =       645.3827  ANGLE   =      1840.9092  DIHED      =      1292.7766
 UB     =         0.0000  IMP     =         0.0000  CMAP       =       164.1825
 1-4 NB =       854.5695  1-4 EEL =     11364.0863  VDWAALS    =     11807.0543
 EELEC  =   -133250.6594  EHBOND  =         0.0000  RESTRAINT  =         0.0000
 ------------------------------------------------------------------------------

wrapping first mol.:      -23.46827      -33.18915       57.48530
wrapping first mol.:      -23.46827      -33.18915       57.48530
wrapping first mol.:      -23.46827      -33.18915       57.48530
wrapping first mol.:      -23.46827      -33.18915       57.48530
wrapping first mol.:      -23.46827      -33.18915       57.48530
wrapping first mol.:      -23.46827      -33.18915       57.48530
wrapping first mol.:      -23.46827      -33.18915       57.48530
wrapping first mol.:      -23.46827      -33.18915       57.48530

 NSTEP =  2200000   TIME(PS) =    4400.000  TEMP(K) =   301.76  PRESS =     0.0
 Etot   =    -88520.8114  EKtot   =     16879.2031  EPtot      =   -105400.0145
 BOND   =       676.5645  ANGLE   =      1832.0389  DIHED      =      1338.6346
 UB     =         0.0000  IMP     =         0.0000  CMAP       =       171.1708
 1-4 NB =       827.1344  1-4 EEL =     11398.7110  VDWAALS    =     11734.8480
 EELEC  =   -133379.1168  EHBOND  =         0.0000  RESTRAINT  =         0.0000
 ------------------------------------------------------------------------------

wrapping first mol.:      -23.46827      -33.18915       57.48530
wrapping first mol.:      -23.46827      -33.18915       57.48530
wrapping first mol.:      -23.46827      -33.18915       57.48530

 NSTEP =  2250000   TIME(PS) =    4500.000  TEMP(K) =   300.52  PRESS =     0.0
 Etot   =    -88556.1366  EKtot   =     16809.6406  EPtot      =   -105365.7772
 BOND   =       649.9360  ANGLE   =      1844.6649  DIHED      =      1357.5047
 UB     =         0.0000  IMP     =         0.0000  CMAP       =       176.9023
 1-4 NB =       819.7148  1-4 EEL =     11387.5093  VDWAALS    =     11688.4511
 EELEC  =   -133290.4604  EHBOND  =         0.0000  RESTRAINT  =         0.0000
 ------------------------------------------------------------------------------


 NSTEP =  2300000   TIME(PS) =    4600.000  TEMP(K) =   296.40  PRESS =     0.0
 Etot   =    -88779.7023  EKtot   =     16579.2832  EPtot      =   -105358.9855
 BOND   =       706.2407  ANGLE   =      1859.1402  DIHED      =      1318.0898
 UB     =         0.0000  IMP     =         0.0000  CMAP       =       170.9781
 1-4 NB =       822.7786  1-4 EEL =     11414.9936  VDWAALS    =     11710.8140
 EELEC  =   -133362.0204  EHBOND  =         0.0000  RESTRAINT  =         0.0000
 ------------------------------------------------------------------------------


 NSTEP =  2350000   TIME(PS) =    4700.000  TEMP(K) =   298.92  PRESS =     0.0
 Etot   =    -88577.5739  EKtot   =     16720.4238  EPtot      =   -105297.9977
 BOND   =       683.5174  ANGLE   =      1857.7019  DIHED      =      1310.7073
 UB     =         0.0000  IMP     =         0.0000  CMAP       =       178.3352
 1-4 NB =       832.2295  1-4 EEL =     11365.1503  VDWAALS    =     11507.6919
 EELEC  =   -133033.3313  EHBOND  =         0.0000  RESTRAINT  =         0.0000
 ------------------------------------------------------------------------------


 NSTEP =  2400000   TIME(PS) =    4800.000  TEMP(K) =   302.27  PRESS =     0.0
 Etot   =    -88404.3499  EKtot   =     16907.4766  EPtot      =   -105311.8265
 BOND   =       685.9111  ANGLE   =      1797.2002  DIHED      =      1281.0189
 UB     =         0.0000  IMP     =         0.0000  CMAP       =       181.3118
 1-4 NB =       828.4343  1-4 EEL =     11431.9054  VDWAALS    =     11729.7626
 EELEC  =   -133247.3707  EHBOND  =         0.0000  RESTRAINT  =         0.0000
 ------------------------------------------------------------------------------


 NSTEP =  2450000   TIME(PS) =    4900.000  TEMP(K) =   297.04  PRESS =     0.0
 Etot   =    -88723.4276  EKtot   =     16614.9004  EPtot      =   -105338.3280
 BOND   =       659.9526  ANGLE   =      1848.0365  DIHED      =      1334.0194
 UB     =         0.0000  IMP     =         0.0000  CMAP       =       167.2327
 1-4 NB =       819.5666  1-4 EEL =     11341.1522  VDWAALS    =     11788.6995
 EELEC  =   -133296.9876  EHBOND  =         0.0000  RESTRAINT  =         0.0000
 ------------------------------------------------------------------------------

wrapping first mol.:      -23.46827      -33.18915       57.48530
wrapping first mol.:      -23.46827      -33.18915       57.48530
wrapping first mol.:      -23.46827      -33.18915       57.48530

 NSTEP =  2500000   TIME(PS) =    5000.000  TEMP(K) =   298.11  PRESS =     0.0
 Etot   =    -88665.3913  EKtot   =     16675.1348  EPtot      =   -105340.5261
 BOND   =       683.4578  ANGLE   =      1796.7928  DIHED      =      1335.5652
 UB     =         0.0000  IMP     =         0.0000  CMAP       =       181.0451
 1-4 NB =       832.2569  1-4 EEL =     11334.3672  VDWAALS    =     11803.5342
 EELEC  =   -133307.5452  EHBOND  =         0.0000  RESTRAINT  =         0.0000
 ------------------------------------------------------------------------------


      A V E R A G E S   O V E R      50 S T E P S


 NSTEP =  2500000   TIME(PS) =    5000.000  TEMP(K) =   299.82  PRESS =     0.0
 Etot   =    -88570.8373  EKtot   =     16770.4251  EPtot      =   -105341.2625
 BOND   =       676.1390  ANGLE   =      1841.7022  DIHED      =      1316.3062
 UB     =         0.0000  IMP     =         0.0000  CMAP       =       177.3943
 1-4 NB =       822.1603  1-4 EEL =     11340.7914  VDWAALS    =     11745.5656
 EELEC  =   -133261.3214  EHBOND  =         0.0000  RESTRAINT  =         0.0000
 ------------------------------------------------------------------------------


      R M S  F L U C T U A T I O N S


 NSTEP =  2500000   TIME(PS) =    5000.000  TEMP(K) =     1.79  PRESS =     0.0
 Etot   =       161.6192  EKtot   =       100.0119  EPtot      =       138.1903
 BOND   =        20.2359  ANGLE   =        34.9585  DIHED      =        17.4123
 UB     =         0.0000  IMP     =         0.0000  CMAP       =         7.6994
 1-4 NB =        12.9589  1-4 EEL =        45.7953  VDWAALS    =       202.8462
 EELEC  =       285.4916  EHBOND  =         0.0000  RESTRAINT  =         0.0000
 ------------------------------------------------------------------------------

--------------------------------------------------------------------------------
   5.  TIMINGS
--------------------------------------------------------------------------------

|  NonSetup CPU Time in Major Routines:
|
|     Routine           Sec        %
|     ------------------------------
|     Nonbond         525.06    8.01
|     Bond              0.00    0.00
|     Angle             0.00    0.00
|     Dihedral          0.00    0.00
|     Shake            21.19    0.32
|     RunMD          6006.90   91.61
|     Other             3.62    0.06
|     ------------------------------
|     Total          6556.78

|  PME Nonbond Pairlist CPU Time:
|
|     Routine              Sec        %
|     ---------------------------------
|     Set Up Cit           0.00    0.00
|     Build List           0.00    0.00
|     ---------------------------------
|     Total                0.00    0.00

|  PME Direct Force CPU Time:
|
|     Routine              Sec        %
|     ---------------------------------
|     NonBonded Calc       0.00    0.00
|     Exclude Masked       0.00    0.00
|     Other                1.93    0.03
|     ---------------------------------
|     Total                1.93    0.03

|  PME Reciprocal Force CPU Time:
|
|     Routine              Sec        %
|     ---------------------------------
|     1D bspline           0.00    0.00
|     Grid Charges         0.00    0.00
|     Scalar Sum           0.00    0.00
|     Gradient Sum         0.00    0.00
|     FFT                  0.00    0.00
|     ---------------------------------
|     Total                0.00    0.00

|  Final Performance Info:
|     -----------------------------------------------------
|     Average timings for last       1 steps:
|     Elapsed(s) =       0.00 Per Step(ms) =       0.15
|         ns/day =    1128.85   seconds/ns =      76.54
|
|     Average timings for all steps:
|     Elapsed(s) =    6568.74 Per Step(ms) =       2.63
|         ns/day =      65.77   seconds/ns =    1313.75
|     -----------------------------------------------------

|  Setup CPU time:            0.63 seconds
|  NonSetup CPU time:      6556.78 seconds
|  Total CPU time:         6557.41 seconds     1.82 hours

|  Setup wall time:           0    seconds
|  NonSetup wall time:     6569    seconds
|  Total wall time:        6569    seconds     1.82 hours
