
          -------------------------------------------------------
          Amber 18 PMEMD                              2018
          -------------------------------------------------------

| PMEMD implementation of SANDER, Release 18

| Run on 12/29/2020 at 14:55:30

|   Executable path: pmemd.cuda
| Working directory: /home/almacen/pbarletta/dynein/run/3zkf/1_pdt
|          Hostname: Unknown
  [-O]verwriting output

File Assignments:
|   MDIN: pre_pdt.in                                                            
|  MDOUT: 0pdt.out                                                              
| INPCRD: 1_3zkf.rst7                                                           
|   PARM: /home/almacen/pbarletta/dynein/top_files/3zkf.prmtop                  
| RESTRT: 0p1_3zkf.rst7                                                         
|   REFC: refc                                                                  
|  MDVEL: mdvel                                                                 
|   MDEN: mden                                                                  
|  MDCRD: 0p1_3zkf.nc                                                           
| MDINFO: mdinfo                                                                
|  MDFRC: mdfrc                                                                 


 Here is the input file:

Production run                                                                 
&cntrl                                                                         
imin = 0,                           ! No Minimization                          
nmropt = 0,                         ! No NMR restraints read                   
                                                                               
! Nature and format of the input                                               
ntx = 5,                            ! Coordinates and velocities will be read  
irest = 1,                          ! Do not run a new simulation              
                                                                               
! Nature and format of the output                                              
ntxo = 1,                           ! rstrt file in ASCII format               
ntpr = 50000,                       ! inf in output every ntpr steps           
ntwr = 50000,                       ! rstrt file every ntwr steps              
ntwx = 5000,                        ! mdcrd file every ntwx steps              
ntwv = 0,                           ! mdvel without velocities                 
ntwe = 0,                           ! Energies and temperatures not written in 
idecomp = 0,                        ! No energy decomposition                  
iwrap = 1,                          ! Coordinates of the restart and mdcrd file
                                                                               
! Frozen or restrained atoms                                                   
ibelly = 0,                         ! No frozen atoms                          
ntr=0,                              ! Harmonic potential restraints            
                                                                               
! Molecular dynamics                                                           
nstlim = 2500000,                   ! Number of MD-steps                       
dt = 0.002,                         ! Time step                                
                                                                               
! Temperature regulation                                                       
ntt = 3,                            ! Langevin thermostat                      
gamma_ln = 2,                       ! Gamma constant for Langevin              
temp0 = 300.0,                      ! Reference T at which the system is to be 
tempi = 300.0,                      ! Initial T                                
ig = -1,                            ! Seed for the RNG                         
                                                                               
! P and V regulation                                                           
!barostat = 1,                      ! Berendsen barostat                       
!taup = 1,                          ! Pressure relaxation time                 
ntp = 0,                            ! constant V                               
ntb = 1,                            ! Periodic box for constant V              
                                                                               
! SHAKE variables                                                              
ntc = 2,                            ! Bonds involving H are constrained        
ntf = 2,                            ! Bond interaction involving H are ommited.
                                                                               
cut = 9.0,                          ! Nonbonded cutoff                         
/                                                                              
&end                                                                           


Note: ig = -1. Setting random seed to   987249 based on wallclock time in 
      microseconds.
| irandom = 1, using AMBER's internal random number generator (default).
 
|--------------------- INFORMATION ----------------------
| GPU (CUDA) Version of PMEMD in use: NVIDIA GPU IN USE.
|                    Version 18.0.0
| 
|                      03/25/2018
| 
| Implementation by:
|                    Ross C. Walker     (SDSC)
|                    Scott Le Grand     (nVIDIA)
| 
| Version 18 performance extensions by:
|                    David Cerutti     (Rutgers)
| 
| Precision model in use:
|      [SPFP] - Single Precision Forces, 64-bit Fixed Point
|               Accumulation. (Default)
| 
|--------------------------------------------------------
 
|----------------- CITATION INFORMATION -----------------
|
|    When publishing work that utilized the CUDA version
|    of AMBER, please cite the following in addition to
|    the regular AMBER citations:
|
|  - Romelia Salomon-Ferrer; Andreas W. Goetz; Duncan
|    Poole; Scott Le Grand; Ross C. Walker "Routine
|    microsecond molecular dynamics simulations with
|    AMBER - Part II: Particle Mesh Ewald", J. Chem.
|    Theory Comput., 2013, 9 (9), pp3878-3888,
|    DOI: 10.1021/ct400314y.
|
|  - Andreas W. Goetz; Mark J. Williamson; Dong Xu;
|    Duncan Poole; Scott Le Grand; Ross C. Walker
|    "Routine microsecond molecular dynamics simulations
|    with AMBER - Part I: Generalized Born", J. Chem.
|    Theory Comput., 2012, 8 (5), pp1542-1555.
|
|  - Scott Le Grand; Andreas W. Goetz; Ross C. Walker
|    "SPFP: Speed without compromise - a mixed precision
|    model for GPU accelerated molecular dynamics
|    simulations.", Comp. Phys. Comm., 2013, 184
|    pp374-380, DOI: 10.1016/j.cpc.2012.09.022
|
|--------------------------------------------------------
 
|------------------- GPU DEVICE INFO --------------------
|
|            CUDA_VISIBLE_DEVICES: 0
|   CUDA Capable Devices Detected:      1
|           CUDA Device ID in use:      0
|                CUDA Device Name: GeForce GTX 1080 Ti
|     CUDA Device Global Mem Size:  11178 MB
| CUDA Device Num Multiprocessors:     28
|           CUDA Device Core Freq:   1.72 GHz
|
|--------------------------------------------------------
 
 
| Conditional Compilation Defines Used:
| PUBFFT
| BINTRAJ
| CUDA
| EMIL

| Largest sphere to fit in unit cell has radius =    26.560

| New format PARM file being parsed.
| Version =    1.000 Date = 09/22/20 Time = 13:28:43

| Note: 1-4 EEL scale factors are being read from the topology file.

| Note: 1-4 VDW scale factors are being read from the topology file.
| Duplicated    0 dihedrals

| Duplicated    0 dihedrals

--------------------------------------------------------------------------------
   1.  RESOURCE   USE: 
--------------------------------------------------------------------------------

 getting new box info from bottom of inpcrd
 NATOM  =   27928 NTYPES =      22 NBONH =   20171 MBONA  =    7787
 NTHETH =    3412 MTHETA =    2100 NPHIH =    6826 MPHIA  =    6560
 NHPARM =       0 NPARM  =       0 NNB   =   60209 NRES   =    6415
 NBONA  =    7787 NTHETA =    2100 NPHIA =    6560 NUMBND =      77
 NUMANG =     177 NPTRA  =     201 NATYP =      41 NPHB   =       1
 IFBOX  =       2 NMXRS  =      24 IFCAP =       0 NEXTRA =    6225
 NCOPY  =       0


| Coordinate Index Table dimensions:    11   11   11
| Direct force subcell size =     5.9144    5.9144    5.9144

     BOX TYPE: TRUNCATED OCTAHEDRON

--------------------------------------------------------------------------------
   2.  CONTROL  DATA  FOR  THE  RUN
--------------------------------------------------------------------------------

default_name                                                                    

General flags:
     imin    =       0, nmropt  =       0

Nature and format of input:
     ntx     =       5, irest   =       1, ntrx    =       1

Nature and format of output:
     ntxo    =       1, ntpr    =   50000, ntrx    =       1, ntwr    =   50000
     iwrap   =       1, ntwx    =    5000, ntwv    =       0, ntwe    =       0
     ioutfm  =       1, ntwprt  =       0, idecomp =       0, rbornstat=      0

Potential function:
     ntf     =       2, ntb     =       1, igb     =       0, nsnb    =      25
     ipol    =       0, gbsa    =       0, iesp    =       0
     dielc   =   1.00000, cut     =   9.00000, intdiel =   1.00000

Frozen or restrained atoms:
     ibelly  =       0, ntr     =       0

Molecular dynamics:
     nstlim  =   2500000, nscm    =      1000, nrespa  =         1
     t       =   0.00000, dt      =   0.00200, vlimit  =  -1.00000

Langevin dynamics temperature regulation:
     ig      =  987249
     temp0   = 300.00000, tempi   = 300.00000, gamma_ln=   2.00000

SHAKE:
     ntc     =       2, jfastw  =       0
     tol     =   0.00001

| Intermolecular bonds treatment:
|     no_intermolecular_bonds =       1

| Energy averages sample interval:
|     ene_avg_sampling =   50000

Extra-points options:
     frameon =       1, chngmask=       1

Ewald parameters:
     verbose =       0, ew_type =       0, nbflag  =       1, use_pme =       1
     vdwmeth =       1, eedmeth =       1, netfrc  =       1
     Box X =   65.058   Box Y =   65.058   Box Z =   65.058
     Alpha =  109.471   Beta  =  109.471   Gamma =  109.471
     NFFT1 =   64       NFFT2 =   64       NFFT3 =   64
     Cutoff=    9.000   Tol   =0.100E-04
     Ewald Coefficient =  0.30768
     Interpolation order =    4
|      EXTRA_PTS, trim_bonds: num bonds BEFORE trim = 20171     0
|      EXTRA_PTS, trim_bonds: num bonds AFTER  trim = 20171     0
|      EXTRA_PTS, trim_bonds: num bonds BEFORE trim =  7787     0
|      EXTRA_PTS, trim_bonds: num bonds AFTER  trim =  1562     0
|      EXTRA_PTS, trim_theta: num angle BEFORE trim =  3412     0
|      EXTRA_PTS, trim_theta: num angle AFTER  trim =  3412     0
|      EXTRA_PTS, trim_theta: num angle BEFORE trim =  2100     0
|      EXTRA_PTS, trim_theta: num angle AFTER  trim =  2100     0
|      EXTRA_PTS, trim_phi:  num diheds BEFORE trim =  6826     0
|      EXTRA_PTS, trim_phi:  num diheds AFTER  trim =  6826     0
|      EXTRA_PTS, trim_phi:  num diheds BEFORE trim =  6560     0
|      EXTRA_PTS, trim_phi:  num diheds AFTER  trim =  6560     0

--------------------------------------------------------------------------------
   3.  ATOMIC COORDINATES AND VELOCITIES
--------------------------------------------------------------------------------

Cpptraj Generated Restart                                                       
 begin time read from input coords =     0.000 ps

 
 Number of triangulated 3-point waters found:     6225

     Sum of charges from parm topology file =   0.00003399
     Forcing neutrality...

| Dynamic Memory, Types Used:
| Reals              904735
| Integers          2045888

| Nonbonded Pairs Initial Allocation:     6367584

| GPU memory information (estimate):
| KB of GPU memory in use:         0
| KB of CPU memory in use:         0

--------------------------------------------------------------------------------
   4.  RESULTS
--------------------------------------------------------------------------------

wrapping first mol.:       21.68607       30.66874       53.11980
wrapping first mol.:       21.68607       30.66874       53.11980
wrapping first mol.:       21.68607       30.66874       53.11980
wrapping first mol.:       21.68607       30.66874       53.11980
wrapping first mol.:       21.68607       30.66874       53.11980
wrapping first mol.:       21.68607       30.66874       53.11980
wrapping first mol.:       21.68607       30.66874       53.11980
wrapping first mol.:       21.68607       30.66874       53.11980
wrapping first mol.:       21.68607       30.66874       53.11980
wrapping first mol.:       21.68607       30.66874       53.11980
wrapping first mol.:       21.68607       30.66874       53.11980

 NSTEP =    50000   TIME(PS) =     100.000  TEMP(K) =   302.07  PRESS =     0.0
 Etot   =    -69650.8707  EKtot   =     13487.5557  EPtot      =    -83138.4264
 BOND   =       581.0226  ANGLE   =      1590.0079  DIHED      =      1063.4574
 UB     =         0.0000  IMP     =         0.0000  CMAP       =       135.2520
 1-4 NB =       641.1755  1-4 EEL =     10200.8867  VDWAALS    =      9208.6198
 EELEC  =   -106558.8481  EHBOND  =         0.0000  RESTRAINT  =         0.0000
 ------------------------------------------------------------------------------

wrapping first mol.:       21.68607       30.66874       53.11980
wrapping first mol.:       21.68607       30.66874       53.11980
wrapping first mol.:       21.68607       30.66874       53.11980
wrapping first mol.:       21.68607       30.66874       53.11980
wrapping first mol.:       21.68607       30.66874       53.11980
wrapping first mol.:       21.68607       30.66874       53.11980
wrapping first mol.:       21.68607       30.66874       53.11980
wrapping first mol.:       21.68607       30.66874       53.11980
wrapping first mol.:       21.68607       30.66874       53.11980
wrapping first mol.:       21.68607       30.66874       53.11980
wrapping first mol.:       21.68607       30.66874       53.11980

 NSTEP =   100000   TIME(PS) =     200.000  TEMP(K) =   301.66  PRESS =     0.0
 Etot   =    -69335.9139  EKtot   =     13469.2451  EPtot      =    -82805.1590
 BOND   =       595.5294  ANGLE   =      1648.4253  DIHED      =      1063.6401
 UB     =         0.0000  IMP     =         0.0000  CMAP       =       148.5465
 1-4 NB =       640.6352  1-4 EEL =     10134.3245  VDWAALS    =      9053.9756
 EELEC  =   -106090.2357  EHBOND  =         0.0000  RESTRAINT  =         0.0000
 ------------------------------------------------------------------------------

wrapping first mol.:       21.68607       30.66874       53.11980
wrapping first mol.:       21.68607       30.66874       53.11980
wrapping first mol.:       21.68607       30.66874       53.11980
wrapping first mol.:       21.68607       30.66874       53.11980
wrapping first mol.:       21.68607       30.66874       53.11980
wrapping first mol.:       21.68607       30.66874       53.11980
wrapping first mol.:       21.68607       30.66874       53.11980
wrapping first mol.:       21.68607       30.66874       53.11980
wrapping first mol.:       21.68607       30.66874       53.11980
wrapping first mol.:       21.68607       30.66874       53.11980
wrapping first mol.:       21.68607       30.66874       53.11980

 NSTEP =   150000   TIME(PS) =     300.000  TEMP(K) =   298.49  PRESS =     0.0
 Etot   =    -69619.5935  EKtot   =     13327.6436  EPtot      =    -82947.2370
 BOND   =       540.3528  ANGLE   =      1641.9237  DIHED      =      1050.0385
 UB     =         0.0000  IMP     =         0.0000  CMAP       =       145.4304
 1-4 NB =       667.3116  1-4 EEL =     10157.6306  VDWAALS    =      8772.5531
 EELEC  =   -105922.4779  EHBOND  =         0.0000  RESTRAINT  =         0.0000
 ------------------------------------------------------------------------------

wrapping first mol.:       21.68607       30.66874       53.11980
wrapping first mol.:       21.68607       30.66874       53.11980
wrapping first mol.:       21.68607       30.66874       53.11980
wrapping first mol.:       21.68607       30.66874       53.11980
wrapping first mol.:       21.68607       30.66874       53.11980
wrapping first mol.:       21.68607       30.66874       53.11980
wrapping first mol.:       21.68607       30.66874       53.11980
wrapping first mol.:       21.68607       30.66874       53.11980
wrapping first mol.:       21.68607       30.66874       53.11980
wrapping first mol.:       21.68607       30.66874       53.11980
wrapping first mol.:       21.68607       30.66874       53.11980

 NSTEP =   200000   TIME(PS) =     400.000  TEMP(K) =   299.75  PRESS =     0.0
 Etot   =    -69384.2787  EKtot   =     13384.0225  EPtot      =    -82768.3012
 BOND   =       546.1551  ANGLE   =      1665.6782  DIHED      =      1077.7588
 UB     =         0.0000  IMP     =         0.0000  CMAP       =       134.2419
 1-4 NB =       661.1138  1-4 EEL =     10135.6543  VDWAALS    =      9108.6315
 EELEC  =   -106097.5347  EHBOND  =         0.0000  RESTRAINT  =         0.0000
 ------------------------------------------------------------------------------

wrapping first mol.:       21.68607       30.66874       53.11980
wrapping first mol.:       21.68607       30.66874       53.11980
wrapping first mol.:       21.68607       30.66874       53.11980
wrapping first mol.:       21.68607       30.66874       53.11980
wrapping first mol.:       21.68607       30.66874       53.11980
wrapping first mol.:       21.68607       30.66874       53.11980
wrapping first mol.:       21.68607       30.66874       53.11980
wrapping first mol.:       21.68607       30.66874       53.11980
wrapping first mol.:       21.68607       30.66874       53.11980
wrapping first mol.:       21.68607       30.66874       53.11980
wrapping first mol.:       21.68607       30.66874       53.11980

 NSTEP =   250000   TIME(PS) =     500.000  TEMP(K) =   299.47  PRESS =     0.0
 Etot   =    -69548.7326  EKtot   =     13371.2539  EPtot      =    -82919.9865
 BOND   =       579.9992  ANGLE   =      1623.4510  DIHED      =      1088.1461
 UB     =         0.0000  IMP     =         0.0000  CMAP       =       141.9946
 1-4 NB =       656.4582  1-4 EEL =     10122.9975  VDWAALS    =      9047.0970
 EELEC  =   -106180.1301  EHBOND  =         0.0000  RESTRAINT  =         0.0000
 ------------------------------------------------------------------------------

wrapping first mol.:       21.68607       30.66874       53.11980
wrapping first mol.:       21.68607       30.66874       53.11980
wrapping first mol.:       21.68607       30.66874       53.11980
wrapping first mol.:       21.68607       30.66874       53.11980
wrapping first mol.:       21.68607       30.66874       53.11980
wrapping first mol.:       21.68607       30.66874       53.11980
wrapping first mol.:       21.68607       30.66874       53.11980
wrapping first mol.:       21.68607       30.66874       53.11980
wrapping first mol.:       21.68607       30.66874       53.11980
wrapping first mol.:       21.68607       30.66874       53.11980
wrapping first mol.:       21.68607       30.66874       53.11980

 NSTEP =   300000   TIME(PS) =     600.000  TEMP(K) =   300.04  PRESS =     0.0
 Etot   =    -69548.7739  EKtot   =     13397.0645  EPtot      =    -82945.8384
 BOND   =       566.0236  ANGLE   =      1624.1633  DIHED      =      1035.4221
 UB     =         0.0000  IMP     =         0.0000  CMAP       =       134.3321
 1-4 NB =       660.2238  1-4 EEL =     10115.9290  VDWAALS    =      9081.9999
 EELEC  =   -106163.9323  EHBOND  =         0.0000  RESTRAINT  =         0.0000
 ------------------------------------------------------------------------------

wrapping first mol.:       21.68607       30.66874       53.11980
wrapping first mol.:       21.68607       30.66874       53.11980
wrapping first mol.:       21.68607       30.66874       53.11980
wrapping first mol.:       21.68607       30.66874       53.11980
wrapping first mol.:       21.68607       30.66874       53.11980
wrapping first mol.:       21.68607       30.66874       53.11980
wrapping first mol.:       21.68607       30.66874       53.11980
wrapping first mol.:       21.68607       30.66874       53.11980
wrapping first mol.:       21.68607       30.66874       53.11980
wrapping first mol.:       21.68607       30.66874       53.11980
wrapping first mol.:       21.68607       30.66874       53.11980

 NSTEP =   350000   TIME(PS) =     700.000  TEMP(K) =   301.48  PRESS =     0.0
 Etot   =    -69509.6733  EKtot   =     13461.3115  EPtot      =    -82970.9849
 BOND   =       555.3633  ANGLE   =      1606.7256  DIHED      =      1058.0234
 UB     =         0.0000  IMP     =         0.0000  CMAP       =       148.0416
 1-4 NB =       670.1121  1-4 EEL =     10194.9003  VDWAALS    =      9345.5059
 EELEC  =   -106549.6571  EHBOND  =         0.0000  RESTRAINT  =         0.0000
 ------------------------------------------------------------------------------

wrapping first mol.:       21.68607       30.66874       53.11980
wrapping first mol.:       21.68607       30.66874       53.11980
wrapping first mol.:       21.68607       30.66874       53.11980
wrapping first mol.:       21.68607       30.66874       53.11980
wrapping first mol.:       21.68607       30.66874       53.11980
wrapping first mol.:       21.68607       30.66874       53.11980
wrapping first mol.:       21.68607       30.66874       53.11980
wrapping first mol.:       21.68607       30.66874       53.11980
wrapping first mol.:       21.68607       30.66874       53.11980
wrapping first mol.:       21.68607       30.66874       53.11980
wrapping first mol.:       21.68607       30.66874       53.11980

 NSTEP =   400000   TIME(PS) =     800.000  TEMP(K) =   296.14  PRESS =     0.0
 Etot   =    -69804.5096  EKtot   =     13222.6211  EPtot      =    -83027.1307
 BOND   =       568.2863  ANGLE   =      1623.4174  DIHED      =      1074.2553
 UB     =         0.0000  IMP     =         0.0000  CMAP       =       138.1068
 1-4 NB =       667.4966  1-4 EEL =     10217.8324  VDWAALS    =      8863.3521
 EELEC  =   -106179.8777  EHBOND  =         0.0000  RESTRAINT  =         0.0000
 ------------------------------------------------------------------------------

wrapping first mol.:       21.68607       30.66874       53.11980
wrapping first mol.:       21.68607       30.66874       53.11980
wrapping first mol.:       21.68607       30.66874       53.11980
wrapping first mol.:       21.68607       30.66874       53.11980
wrapping first mol.:       21.68607       30.66874       53.11980
wrapping first mol.:       21.68607       30.66874       53.11980
wrapping first mol.:       21.68607       30.66874       53.11980
wrapping first mol.:       21.68607       30.66874       53.11980
wrapping first mol.:       21.68607       30.66874       53.11980
wrapping first mol.:       21.68607       30.66874       53.11980
wrapping first mol.:       21.68607       30.66874       53.11980

 NSTEP =   450000   TIME(PS) =     900.000  TEMP(K) =   299.07  PRESS =     0.0
 Etot   =    -69724.4995  EKtot   =     13353.6152  EPtot      =    -83078.1148
 BOND   =       583.2535  ANGLE   =      1590.4442  DIHED      =      1084.1568
 UB     =         0.0000  IMP     =         0.0000  CMAP       =       123.7403
 1-4 NB =       658.2968  1-4 EEL =     10168.9733  VDWAALS    =      9115.9051
 EELEC  =   -106402.8847  EHBOND  =         0.0000  RESTRAINT  =         0.0000
 ------------------------------------------------------------------------------

wrapping first mol.:       21.68607       30.66874       53.11980
wrapping first mol.:       21.68607       30.66874       53.11980
wrapping first mol.:       21.68607       30.66874       53.11980
wrapping first mol.:       21.68607       30.66874       53.11980
wrapping first mol.:       21.68607       30.66874       53.11980
wrapping first mol.:       21.68607       30.66874       53.11980
wrapping first mol.:       21.68607       30.66874       53.11980
wrapping first mol.:       21.68607       30.66874       53.11980
wrapping first mol.:       21.68607       30.66874       53.11980
wrapping first mol.:       21.68607       30.66874       53.11980
wrapping first mol.:       21.68607       30.66874       53.11980

 NSTEP =   500000   TIME(PS) =    1000.000  TEMP(K) =   302.30  PRESS =     0.0
 Etot   =    -69483.9089  EKtot   =     13497.7725  EPtot      =    -82981.6814
 BOND   =       528.8748  ANGLE   =      1595.9056  DIHED      =      1068.1560
 UB     =         0.0000  IMP     =         0.0000  CMAP       =       141.4935
 1-4 NB =       668.5919  1-4 EEL =     10163.2116  VDWAALS    =      9007.8590
 EELEC  =   -106155.7738  EHBOND  =         0.0000  RESTRAINT  =         0.0000
 ------------------------------------------------------------------------------

wrapping first mol.:       21.68607       30.66874       53.11980
wrapping first mol.:       21.68607       30.66874       53.11980
wrapping first mol.:       21.68607       30.66874       53.11980
wrapping first mol.:       21.68607       30.66874       53.11980
wrapping first mol.:       21.68607       30.66874       53.11980
wrapping first mol.:       21.68607       30.66874       53.11980
wrapping first mol.:       21.68607       30.66874       53.11980
wrapping first mol.:       21.68607       30.66874       53.11980
wrapping first mol.:       21.68607       30.66874       53.11980
wrapping first mol.:       21.68607       30.66874       53.11980
wrapping first mol.:       21.68607       30.66874       53.11980

 NSTEP =   550000   TIME(PS) =    1100.000  TEMP(K) =   299.22  PRESS =     0.0
 Etot   =    -69589.6848  EKtot   =     13360.1299  EPtot      =    -82949.8147
 BOND   =       574.6940  ANGLE   =      1674.5850  DIHED      =      1074.9675
 UB     =         0.0000  IMP     =         0.0000  CMAP       =       133.4754
 1-4 NB =       662.5893  1-4 EEL =     10143.4301  VDWAALS    =      9113.3017
 EELEC  =   -106326.8575  EHBOND  =         0.0000  RESTRAINT  =         0.0000
 ------------------------------------------------------------------------------

wrapping first mol.:       21.68607       30.66874       53.11980
wrapping first mol.:       21.68607       30.66874       53.11980
wrapping first mol.:       21.68607       30.66874       53.11980
wrapping first mol.:       21.68607       30.66874       53.11980
wrapping first mol.:       21.68607       30.66874       53.11980
wrapping first mol.:       21.68607       30.66874       53.11980
wrapping first mol.:       21.68607       30.66874       53.11980
wrapping first mol.:       21.68607       30.66874       53.11980
wrapping first mol.:       21.68607       30.66874       53.11980
wrapping first mol.:       21.68607       30.66874       53.11980
wrapping first mol.:       21.68607       30.66874       53.11980

 NSTEP =   600000   TIME(PS) =    1200.000  TEMP(K) =   297.23  PRESS =     0.0
 Etot   =    -69577.3499  EKtot   =     13271.2031  EPtot      =    -82848.5530
 BOND   =       579.8408  ANGLE   =      1636.0654  DIHED      =      1062.3971
 UB     =         0.0000  IMP     =         0.0000  CMAP       =       140.4279
 1-4 NB =       667.5131  1-4 EEL =     10165.2146  VDWAALS    =      8923.0015
 EELEC  =   -106023.0135  EHBOND  =         0.0000  RESTRAINT  =         0.0000
 ------------------------------------------------------------------------------

wrapping first mol.:       21.68607       30.66874       53.11980
wrapping first mol.:       21.68607       30.66874       53.11980
wrapping first mol.:       21.68607       30.66874       53.11980
wrapping first mol.:       21.68607       30.66874       53.11980
wrapping first mol.:       21.68607       30.66874       53.11980
wrapping first mol.:       21.68607       30.66874       53.11980
wrapping first mol.:       21.68607       30.66874       53.11980
wrapping first mol.:       21.68607       30.66874       53.11980
wrapping first mol.:       21.68607       30.66874       53.11980
wrapping first mol.:       21.68607       30.66874       53.11980
wrapping first mol.:       21.68607       30.66874       53.11980

 NSTEP =   650000   TIME(PS) =    1300.000  TEMP(K) =   300.58  PRESS =     0.0
 Etot   =    -69448.0238  EKtot   =     13421.0703  EPtot      =    -82869.0941
 BOND   =       581.3616  ANGLE   =      1640.9135  DIHED      =      1090.3251
 UB     =         0.0000  IMP     =         0.0000  CMAP       =       140.0539
 1-4 NB =       654.6830  1-4 EEL =     10109.2196  VDWAALS    =      8971.2788
 EELEC  =   -106056.9296  EHBOND  =         0.0000  RESTRAINT  =         0.0000
 ------------------------------------------------------------------------------

wrapping first mol.:       21.68607       30.66874       53.11980
wrapping first mol.:       21.68607       30.66874       53.11980
wrapping first mol.:       21.68607       30.66874       53.11980
wrapping first mol.:       21.68607       30.66874       53.11980
wrapping first mol.:       21.68607       30.66874       53.11980
wrapping first mol.:       21.68607       30.66874       53.11980
wrapping first mol.:       21.68607       30.66874       53.11980
wrapping first mol.:       21.68607       30.66874       53.11980
wrapping first mol.:       21.68607       30.66874       53.11980
wrapping first mol.:       21.68607       30.66874       53.11980
wrapping first mol.:       21.68607       30.66874       53.11980

 NSTEP =   700000   TIME(PS) =    1400.000  TEMP(K) =   300.18  PRESS =     0.0
 Etot   =    -69504.7529  EKtot   =     13403.0518  EPtot      =    -82907.8046
 BOND   =       561.0805  ANGLE   =      1632.4317  DIHED      =      1064.8993
 UB     =         0.0000  IMP     =         0.0000  CMAP       =       133.8588
 1-4 NB =       679.1544  1-4 EEL =     10177.6100  VDWAALS    =      8927.9740
 EELEC  =   -106084.8133  EHBOND  =         0.0000  RESTRAINT  =         0.0000
 ------------------------------------------------------------------------------

wrapping first mol.:       21.68607       30.66874       53.11980
wrapping first mol.:       21.68607       30.66874       53.11980
wrapping first mol.:       21.68607       30.66874       53.11980
wrapping first mol.:       21.68607       30.66874       53.11980
wrapping first mol.:       21.68607       30.66874       53.11980
wrapping first mol.:       21.68607       30.66874       53.11980
wrapping first mol.:       21.68607       30.66874       53.11980
wrapping first mol.:       21.68607       30.66874       53.11980
wrapping first mol.:       21.68607       30.66874       53.11980
wrapping first mol.:       21.68607       30.66874       53.11980
wrapping first mol.:       21.68607       30.66874       53.11980

 NSTEP =   750000   TIME(PS) =    1500.000  TEMP(K) =   302.43  PRESS =     0.0
 Etot   =    -69340.6926  EKtot   =     13503.3984  EPtot      =    -82844.0910
 BOND   =       533.9051  ANGLE   =      1614.5358  DIHED      =      1069.1349
 UB     =         0.0000  IMP     =         0.0000  CMAP       =       140.5628
 1-4 NB =       674.5854  1-4 EEL =     10188.8997  VDWAALS    =      9079.3701
 EELEC  =   -106145.0848  EHBOND  =         0.0000  RESTRAINT  =         0.0000
 ------------------------------------------------------------------------------

wrapping first mol.:       21.68607       30.66874       53.11980
wrapping first mol.:       21.68607       30.66874       53.11980
wrapping first mol.:       21.68607       30.66874       53.11980
wrapping first mol.:       21.68607       30.66874       53.11980
wrapping first mol.:       21.68607       30.66874       53.11980
wrapping first mol.:       21.68607       30.66874       53.11980
wrapping first mol.:       21.68607       30.66874       53.11980
wrapping first mol.:       21.68607       30.66874       53.11980
wrapping first mol.:       21.68607       30.66874       53.11980
wrapping first mol.:       21.68607       30.66874       53.11980
wrapping first mol.:       21.68607       30.66874       53.11980

 NSTEP =   800000   TIME(PS) =    1600.000  TEMP(K) =   301.28  PRESS =     0.0
 Etot   =    -69716.0805  EKtot   =     13452.4189  EPtot      =    -83168.4994
 BOND   =       577.3396  ANGLE   =      1644.5983  DIHED      =      1090.9352
 UB     =         0.0000  IMP     =         0.0000  CMAP       =       141.6822
 1-4 NB =       649.7761  1-4 EEL =     10167.0589  VDWAALS    =      9111.3356
 EELEC  =   -106551.2253  EHBOND  =         0.0000  RESTRAINT  =         0.0000
 ------------------------------------------------------------------------------

wrapping first mol.:       21.68607       30.66874       53.11980
wrapping first mol.:       21.68607       30.66874       53.11980
wrapping first mol.:       21.68607       30.66874       53.11980
wrapping first mol.:       21.68607       30.66874       53.11980
wrapping first mol.:       21.68607       30.66874       53.11980
wrapping first mol.:       21.68607       30.66874       53.11980
wrapping first mol.:       21.68607       30.66874       53.11980
wrapping first mol.:       21.68607       30.66874       53.11980
wrapping first mol.:       21.68607       30.66874       53.11980
wrapping first mol.:       21.68607       30.66874       53.11980
wrapping first mol.:       21.68607       30.66874       53.11980

 NSTEP =   850000   TIME(PS) =    1700.000  TEMP(K) =   298.36  PRESS =     0.0
 Etot   =    -69667.8454  EKtot   =     13321.8457  EPtot      =    -82989.6911
 BOND   =       573.9764  ANGLE   =      1664.4155  DIHED      =      1054.2195
 UB     =         0.0000  IMP     =         0.0000  CMAP       =       139.7535
 1-4 NB =       661.6875  1-4 EEL =     10097.5769  VDWAALS    =      9083.4189
 EELEC  =   -106264.7392  EHBOND  =         0.0000  RESTRAINT  =         0.0000
 ------------------------------------------------------------------------------

wrapping first mol.:       21.68607       30.66874       53.11980
wrapping first mol.:       21.68607       30.66874       53.11980
wrapping first mol.:       21.68607       30.66874       53.11980
wrapping first mol.:       21.68607       30.66874       53.11980
wrapping first mol.:       21.68607       30.66874       53.11980
wrapping first mol.:       21.68607       30.66874       53.11980
wrapping first mol.:       21.68607       30.66874       53.11980
wrapping first mol.:       21.68607       30.66874       53.11980
wrapping first mol.:       21.68607       30.66874       53.11980
wrapping first mol.:       21.68607       30.66874       53.11980
wrapping first mol.:       21.68607       30.66874       53.11980

 NSTEP =   900000   TIME(PS) =    1800.000  TEMP(K) =   299.17  PRESS =     0.0
 Etot   =    -69637.6173  EKtot   =     13358.0605  EPtot      =    -82995.6779
 BOND   =       560.0120  ANGLE   =      1646.1109  DIHED      =      1048.0206
 UB     =         0.0000  IMP     =         0.0000  CMAP       =       139.5534
 1-4 NB =       659.2239  1-4 EEL =     10152.4988  VDWAALS    =      9395.7119
 EELEC  =   -106596.8095  EHBOND  =         0.0000  RESTRAINT  =         0.0000
 ------------------------------------------------------------------------------

wrapping first mol.:       21.68607       30.66874       53.11980
wrapping first mol.:       21.68607       30.66874       53.11980
wrapping first mol.:       21.68607       30.66874       53.11980
wrapping first mol.:       21.68607       30.66874       53.11980
wrapping first mol.:       21.68607       30.66874       53.11980
wrapping first mol.:       21.68607       30.66874       53.11980
wrapping first mol.:       21.68607       30.66874       53.11980
wrapping first mol.:       21.68607       30.66874       53.11980
wrapping first mol.:       21.68607       30.66874       53.11980
wrapping first mol.:       21.68607       30.66874       53.11980
wrapping first mol.:       21.68607       30.66874       53.11980

 NSTEP =   950000   TIME(PS) =    1900.000  TEMP(K) =   296.49  PRESS =     0.0
 Etot   =    -69926.3624  EKtot   =     13238.2949  EPtot      =    -83164.6573
 BOND   =       543.8888  ANGLE   =      1625.5921  DIHED      =      1072.1582
 UB     =         0.0000  IMP     =         0.0000  CMAP       =       131.2367
 1-4 NB =       665.6907  1-4 EEL =     10141.2979  VDWAALS    =      9420.8038
 EELEC  =   -106765.3255  EHBOND  =         0.0000  RESTRAINT  =         0.0000
 ------------------------------------------------------------------------------

wrapping first mol.:       21.68607       30.66874       53.11980
wrapping first mol.:       21.68607       30.66874       53.11980
wrapping first mol.:       21.68607       30.66874       53.11980
wrapping first mol.:       21.68607       30.66874       53.11980
wrapping first mol.:       21.68607       30.66874       53.11980
wrapping first mol.:       21.68607       30.66874       53.11980
wrapping first mol.:       21.68607       30.66874       53.11980
wrapping first mol.:       21.68607       30.66874       53.11980
wrapping first mol.:       21.68607       30.66874       53.11980
wrapping first mol.:       21.68607       30.66874       53.11980
wrapping first mol.:       21.68607       30.66874       53.11980

 NSTEP =  1000000   TIME(PS) =    2000.000  TEMP(K) =   304.66  PRESS =     0.0
 Etot   =    -69286.1149  EKtot   =     13602.9551  EPtot      =    -82889.0700
 BOND   =       592.8461  ANGLE   =      1649.2022  DIHED      =      1040.3934
 UB     =         0.0000  IMP     =         0.0000  CMAP       =       143.3972
 1-4 NB =       642.0841  1-4 EEL =     10116.9121  VDWAALS    =      9079.5937
 EELEC  =   -106153.4988  EHBOND  =         0.0000  RESTRAINT  =         0.0000
 ------------------------------------------------------------------------------

wrapping first mol.:       21.68607       30.66874       53.11980
wrapping first mol.:       21.68607       30.66874       53.11980
wrapping first mol.:       21.68607       30.66874       53.11980
wrapping first mol.:       21.68607       30.66874       53.11980
wrapping first mol.:       21.68607       30.66874       53.11980
wrapping first mol.:       21.68607       30.66874       53.11980
wrapping first mol.:       21.68607       30.66874       53.11980
wrapping first mol.:       21.68607       30.66874       53.11980
wrapping first mol.:       21.68607       30.66874       53.11980
wrapping first mol.:       21.68607       30.66874       53.11980
wrapping first mol.:       21.68607       30.66874       53.11980

 NSTEP =  1050000   TIME(PS) =    2100.000  TEMP(K) =   299.43  PRESS =     0.0
 Etot   =    -69287.0733  EKtot   =     13369.7930  EPtot      =    -82656.8662
 BOND   =       579.9313  ANGLE   =      1627.9081  DIHED      =      1092.2154
 UB     =         0.0000  IMP     =         0.0000  CMAP       =       133.1303
 1-4 NB =       655.5433  1-4 EEL =     10136.2896  VDWAALS    =      9050.1469
 EELEC  =   -105932.0311  EHBOND  =         0.0000  RESTRAINT  =         0.0000
 ------------------------------------------------------------------------------

wrapping first mol.:       21.68607       30.66874       53.11980
wrapping first mol.:       21.68607       30.66874       53.11980
wrapping first mol.:       21.68607       30.66874       53.11980
wrapping first mol.:       21.68607       30.66874       53.11980
wrapping first mol.:       21.68607       30.66874       53.11980
wrapping first mol.:       21.68607       30.66874       53.11980
wrapping first mol.:       21.68607       30.66874       53.11980
wrapping first mol.:       21.68607       30.66874       53.11980
wrapping first mol.:       21.68607       30.66874       53.11980
wrapping first mol.:       21.68607       30.66874       53.11980
wrapping first mol.:       21.68607       30.66874       53.11980

 NSTEP =  1100000   TIME(PS) =    2200.000  TEMP(K) =   298.08  PRESS =     0.0
 Etot   =    -69635.4794  EKtot   =     13309.5234  EPtot      =    -82945.0028
 BOND   =       582.5034  ANGLE   =      1625.1295  DIHED      =      1046.2231
 UB     =         0.0000  IMP     =         0.0000  CMAP       =       136.2207
 1-4 NB =       660.7377  1-4 EEL =     10156.4626  VDWAALS    =      9073.8530
 EELEC  =   -106226.1328  EHBOND  =         0.0000  RESTRAINT  =         0.0000
 ------------------------------------------------------------------------------

wrapping first mol.:       21.68607       30.66874       53.11980
wrapping first mol.:       21.68607       30.66874       53.11980
wrapping first mol.:       21.68607       30.66874       53.11980
wrapping first mol.:       21.68607       30.66874       53.11980
wrapping first mol.:       21.68607       30.66874       53.11980
wrapping first mol.:       21.68607       30.66874       53.11980
wrapping first mol.:       21.68607       30.66874       53.11980
wrapping first mol.:       21.68607       30.66874       53.11980
wrapping first mol.:       21.68607       30.66874       53.11980
wrapping first mol.:       21.68607       30.66874       53.11980
wrapping first mol.:       21.68607       30.66874       53.11980

 NSTEP =  1150000   TIME(PS) =    2300.000  TEMP(K) =   301.80  PRESS =     0.0
 Etot   =    -69483.5095  EKtot   =     13475.4971  EPtot      =    -82959.0065
 BOND   =       595.0864  ANGLE   =      1669.2259  DIHED      =      1081.2233
 UB     =         0.0000  IMP     =         0.0000  CMAP       =       139.6902
 1-4 NB =       666.7430  1-4 EEL =     10202.1152  VDWAALS    =      9130.9928
 EELEC  =   -106444.0833  EHBOND  =         0.0000  RESTRAINT  =         0.0000
 ------------------------------------------------------------------------------

wrapping first mol.:       21.68607       30.66874       53.11980
wrapping first mol.:       21.68607       30.66874       53.11980
wrapping first mol.:       21.68607       30.66874       53.11980
wrapping first mol.:       21.68607       30.66874       53.11980
wrapping first mol.:       21.68607       30.66874       53.11980
wrapping first mol.:       21.68607       30.66874       53.11980
wrapping first mol.:       21.68607       30.66874       53.11980
wrapping first mol.:       21.68607       30.66874       53.11980
wrapping first mol.:       21.68607       30.66874       53.11980
wrapping first mol.:       21.68607       30.66874       53.11980
wrapping first mol.:       21.68607       30.66874       53.11980

 NSTEP =  1200000   TIME(PS) =    2400.000  TEMP(K) =   302.23  PRESS =     0.0
 Etot   =    -69548.8799  EKtot   =     13494.6270  EPtot      =    -83043.5069
 BOND   =       514.1416  ANGLE   =      1631.6989  DIHED      =      1059.3431
 UB     =         0.0000  IMP     =         0.0000  CMAP       =       146.6023
 1-4 NB =       662.0687  1-4 EEL =     10186.8510  VDWAALS    =      9243.3708
 EELEC  =   -106487.5833  EHBOND  =         0.0000  RESTRAINT  =         0.0000
 ------------------------------------------------------------------------------

wrapping first mol.:       21.68607       30.66874       53.11980
wrapping first mol.:       21.68607       30.66874       53.11980
wrapping first mol.:       21.68607       30.66874       53.11980
wrapping first mol.:       21.68607       30.66874       53.11980
wrapping first mol.:       21.68607       30.66874       53.11980
wrapping first mol.:       21.68607       30.66874       53.11980
wrapping first mol.:       21.68607       30.66874       53.11980
wrapping first mol.:       21.68607       30.66874       53.11980
wrapping first mol.:       21.68607       30.66874       53.11980
wrapping first mol.:       21.68607       30.66874       53.11980
wrapping first mol.:       21.68607       30.66874       53.11980

 NSTEP =  1250000   TIME(PS) =    2500.000  TEMP(K) =   303.62  PRESS =     0.0
 Etot   =    -69167.3551  EKtot   =     13556.8184  EPtot      =    -82724.1735
 BOND   =       553.8803  ANGLE   =      1641.5422  DIHED      =      1094.0747
 UB     =         0.0000  IMP     =         0.0000  CMAP       =       134.9492
 1-4 NB =       648.6727  1-4 EEL =     10138.6643  VDWAALS    =      8695.6654
 EELEC  =   -105631.6222  EHBOND  =         0.0000  RESTRAINT  =         0.0000
 ------------------------------------------------------------------------------

wrapping first mol.:       21.68607       30.66874       53.11980
wrapping first mol.:       21.68607       30.66874       53.11980
wrapping first mol.:       21.68607       30.66874       53.11980
wrapping first mol.:       21.68607       30.66874       53.11980
wrapping first mol.:       21.68607       30.66874       53.11980
wrapping first mol.:       21.68607       30.66874       53.11980
wrapping first mol.:       21.68607       30.66874       53.11980
wrapping first mol.:       21.68607       30.66874       53.11980
wrapping first mol.:       21.68607       30.66874       53.11980
wrapping first mol.:       21.68607       30.66874       53.11980
wrapping first mol.:       21.68607       30.66874       53.11980

 NSTEP =  1300000   TIME(PS) =    2600.000  TEMP(K) =   300.54  PRESS =     0.0
 Etot   =    -69706.9180  EKtot   =     13419.1758  EPtot      =    -83126.0937
 BOND   =       581.9264  ANGLE   =      1619.2938  DIHED      =      1074.0425
 UB     =         0.0000  IMP     =         0.0000  CMAP       =       149.5838
 1-4 NB =       660.8428  1-4 EEL =     10137.2163  VDWAALS    =      9010.2495
 EELEC  =   -106359.2488  EHBOND  =         0.0000  RESTRAINT  =         0.0000
 ------------------------------------------------------------------------------

wrapping first mol.:       21.68607       30.66874       53.11980
wrapping first mol.:       21.68607       30.66874       53.11980
wrapping first mol.:       21.68607       30.66874       53.11980
wrapping first mol.:       21.68607       30.66874       53.11980
wrapping first mol.:       21.68607       30.66874       53.11980
wrapping first mol.:       21.68607       30.66874       53.11980
wrapping first mol.:       21.68607       30.66874       53.11980
wrapping first mol.:       21.68607       30.66874       53.11980
wrapping first mol.:       21.68607       30.66874       53.11980
wrapping first mol.:       21.68607       30.66874       53.11980
wrapping first mol.:       21.68607       30.66874       53.11980

 NSTEP =  1350000   TIME(PS) =    2700.000  TEMP(K) =   298.42  PRESS =     0.0
 Etot   =    -69618.4492  EKtot   =     13324.4619  EPtot      =    -82942.9111
 BOND   =       589.5595  ANGLE   =      1643.6536  DIHED      =      1086.2488
 UB     =         0.0000  IMP     =         0.0000  CMAP       =       145.6315
 1-4 NB =       653.9183  1-4 EEL =     10158.2659  VDWAALS    =      9152.9605
 EELEC  =   -106373.1493  EHBOND  =         0.0000  RESTRAINT  =         0.0000
 ------------------------------------------------------------------------------

wrapping first mol.:       21.68607       30.66874       53.11980
wrapping first mol.:       21.68607       30.66874       53.11980
wrapping first mol.:       21.68607       30.66874       53.11980
wrapping first mol.:       21.68607       30.66874       53.11980
wrapping first mol.:       21.68607       30.66874       53.11980
wrapping first mol.:       21.68607       30.66874       53.11980
wrapping first mol.:       21.68607       30.66874       53.11980
wrapping first mol.:       21.68607       30.66874       53.11980
wrapping first mol.:       21.68607       30.66874       53.11980
wrapping first mol.:       21.68607       30.66874       53.11980
wrapping first mol.:       21.68607       30.66874       53.11980

 NSTEP =  1400000   TIME(PS) =    2800.000  TEMP(K) =   299.62  PRESS =     0.0
 Etot   =    -69503.7734  EKtot   =     13377.9111  EPtot      =    -82881.6845
 BOND   =       560.4923  ANGLE   =      1602.3325  DIHED      =      1062.8918
 UB     =         0.0000  IMP     =         0.0000  CMAP       =       132.3734
 1-4 NB =       684.9041  1-4 EEL =     10156.3504  VDWAALS    =      8976.6527
 EELEC  =   -106057.6818  EHBOND  =         0.0000  RESTRAINT  =         0.0000
 ------------------------------------------------------------------------------

wrapping first mol.:       21.68607       30.66874       53.11980
wrapping first mol.:       21.68607       30.66874       53.11980
wrapping first mol.:       21.68607       30.66874       53.11980
wrapping first mol.:       21.68607       30.66874       53.11980
wrapping first mol.:       21.68607       30.66874       53.11980
wrapping first mol.:       21.68607       30.66874       53.11980
wrapping first mol.:       21.68607       30.66874       53.11980
wrapping first mol.:       21.68607       30.66874       53.11980
wrapping first mol.:       21.68607       30.66874       53.11980
wrapping first mol.:       21.68607       30.66874       53.11980
wrapping first mol.:       21.68607       30.66874       53.11980

 NSTEP =  1450000   TIME(PS) =    2900.000  TEMP(K) =   301.63  PRESS =     0.0
 Etot   =    -69373.2454  EKtot   =     13467.7139  EPtot      =    -82840.9593
 BOND   =       560.5296  ANGLE   =      1593.8187  DIHED      =      1071.0178
 UB     =         0.0000  IMP     =         0.0000  CMAP       =       133.0307
 1-4 NB =       671.5589  1-4 EEL =     10137.2282  VDWAALS    =      9309.4796
 EELEC  =   -106317.6228  EHBOND  =         0.0000  RESTRAINT  =         0.0000
 ------------------------------------------------------------------------------

wrapping first mol.:       21.68607       30.66874       53.11980
wrapping first mol.:       21.68607       30.66874       53.11980
wrapping first mol.:       21.68607       30.66874       53.11980
wrapping first mol.:       21.68607       30.66874       53.11980
wrapping first mol.:       21.68607       30.66874       53.11980
wrapping first mol.:       21.68607       30.66874       53.11980
wrapping first mol.:       21.68607       30.66874       53.11980
wrapping first mol.:       21.68607       30.66874       53.11980
wrapping first mol.:       21.68607       30.66874       53.11980
wrapping first mol.:       21.68607       30.66874       53.11980
wrapping first mol.:       21.68607       30.66874       53.11980

 NSTEP =  1500000   TIME(PS) =    3000.000  TEMP(K) =   297.25  PRESS =     0.0
 Etot   =    -69727.8345  EKtot   =     13272.1533  EPtot      =    -82999.9878
 BOND   =       543.2900  ANGLE   =      1595.5648  DIHED      =      1061.3644
 UB     =         0.0000  IMP     =         0.0000  CMAP       =       136.4741
 1-4 NB =       666.1727  1-4 EEL =     10178.4479  VDWAALS    =      9217.5901
 EELEC  =   -106398.8917  EHBOND  =         0.0000  RESTRAINT  =         0.0000
 ------------------------------------------------------------------------------

wrapping first mol.:       21.68607       30.66874       53.11980
wrapping first mol.:       21.68607       30.66874       53.11980
wrapping first mol.:       21.68607       30.66874       53.11980
wrapping first mol.:       21.68607       30.66874       53.11980
wrapping first mol.:       21.68607       30.66874       53.11980
wrapping first mol.:       21.68607       30.66874       53.11980
wrapping first mol.:       21.68607       30.66874       53.11980
wrapping first mol.:       21.68607       30.66874       53.11980
wrapping first mol.:       21.68607       30.66874       53.11980
wrapping first mol.:       21.68607       30.66874       53.11980
wrapping first mol.:       21.68607       30.66874       53.11980

 NSTEP =  1550000   TIME(PS) =    3100.000  TEMP(K) =   297.17  PRESS =     0.0
 Etot   =    -69868.1170  EKtot   =     13268.6572  EPtot      =    -83136.7742
 BOND   =       554.4270  ANGLE   =      1678.8288  DIHED      =      1055.8496
 UB     =         0.0000  IMP     =         0.0000  CMAP       =       147.3429
 1-4 NB =       658.0942  1-4 EEL =     10111.0586  VDWAALS    =      9190.3762
 EELEC  =   -106532.7515  EHBOND  =         0.0000  RESTRAINT  =         0.0000
 ------------------------------------------------------------------------------

wrapping first mol.:       21.68607       30.66874       53.11980
wrapping first mol.:       21.68607       30.66874       53.11980
wrapping first mol.:       21.68607       30.66874       53.11980
wrapping first mol.:       21.68607       30.66874       53.11980
wrapping first mol.:       21.68607       30.66874       53.11980
wrapping first mol.:       21.68607       30.66874       53.11980
wrapping first mol.:       21.68607       30.66874       53.11980
wrapping first mol.:       21.68607       30.66874       53.11980
wrapping first mol.:       21.68607       30.66874       53.11980
wrapping first mol.:       21.68607       30.66874       53.11980
wrapping first mol.:       21.68607       30.66874       53.11980

 NSTEP =  1600000   TIME(PS) =    3200.000  TEMP(K) =   297.89  PRESS =     0.0
 Etot   =    -69329.6815  EKtot   =     13300.7871  EPtot      =    -82630.4686
 BOND   =       581.0649  ANGLE   =      1670.5457  DIHED      =      1107.3773
 UB     =         0.0000  IMP     =         0.0000  CMAP       =       131.2958
 1-4 NB =       668.2944  1-4 EEL =     10140.2657  VDWAALS    =      8904.0375
 EELEC  =   -105833.3498  EHBOND  =         0.0000  RESTRAINT  =         0.0000
 ------------------------------------------------------------------------------

wrapping first mol.:       21.68607       30.66874       53.11980
wrapping first mol.:       21.68607       30.66874       53.11980
wrapping first mol.:       21.68607       30.66874       53.11980
wrapping first mol.:       21.68607       30.66874       53.11980
wrapping first mol.:       21.68607       30.66874       53.11980
wrapping first mol.:       21.68607       30.66874       53.11980
wrapping first mol.:       21.68607       30.66874       53.11980
wrapping first mol.:       21.68607       30.66874       53.11980
wrapping first mol.:       21.68607       30.66874       53.11980
wrapping first mol.:       21.68607       30.66874       53.11980
wrapping first mol.:       21.68607       30.66874       53.11980

 NSTEP =  1650000   TIME(PS) =    3300.000  TEMP(K) =   301.21  PRESS =     0.0
 Etot   =    -69535.0277  EKtot   =     13449.1338  EPtot      =    -82984.1615
 BOND   =       576.2210  ANGLE   =      1586.9117  DIHED      =      1047.9149
 UB     =         0.0000  IMP     =         0.0000  CMAP       =       149.3093
 1-4 NB =       669.9146  1-4 EEL =     10171.7192  VDWAALS    =      9026.0576
 EELEC  =   -106212.2099  EHBOND  =         0.0000  RESTRAINT  =         0.0000
 ------------------------------------------------------------------------------

wrapping first mol.:       21.68607       30.66874       53.11980
wrapping first mol.:       21.68607       30.66874       53.11980
wrapping first mol.:       21.68607       30.66874       53.11980
wrapping first mol.:       21.68607       30.66874       53.11980
wrapping first mol.:       21.68607       30.66874       53.11980
wrapping first mol.:       21.68607       30.66874       53.11980
wrapping first mol.:       21.68607       30.66874       53.11980
wrapping first mol.:       21.68607       30.66874       53.11980
wrapping first mol.:       21.68607       30.66874       53.11980
wrapping first mol.:       21.68607       30.66874       53.11980
wrapping first mol.:       21.68607       30.66874       53.11980

 NSTEP =  1700000   TIME(PS) =    3400.000  TEMP(K) =   297.16  PRESS =     0.0
 Etot   =    -69591.9467  EKtot   =     13268.3340  EPtot      =    -82860.2807
 BOND   =       591.1109  ANGLE   =      1623.1602  DIHED      =      1064.2588
 UB     =         0.0000  IMP     =         0.0000  CMAP       =       141.1208
 1-4 NB =       662.5824  1-4 EEL =     10110.4616  VDWAALS    =      9013.1919
 EELEC  =   -106066.1674  EHBOND  =         0.0000  RESTRAINT  =         0.0000
 ------------------------------------------------------------------------------

wrapping first mol.:       21.68607       30.66874       53.11980
wrapping first mol.:       21.68607       30.66874       53.11980
wrapping first mol.:       21.68607       30.66874       53.11980
wrapping first mol.:       21.68607       30.66874       53.11980
wrapping first mol.:       21.68607       30.66874       53.11980
wrapping first mol.:       21.68607       30.66874       53.11980
wrapping first mol.:       21.68607       30.66874       53.11980
wrapping first mol.:       21.68607       30.66874       53.11980
wrapping first mol.:       21.68607       30.66874       53.11980
wrapping first mol.:       21.68607       30.66874       53.11980
wrapping first mol.:       21.68607       30.66874       53.11980

 NSTEP =  1750000   TIME(PS) =    3500.000  TEMP(K) =   301.51  PRESS =     0.0
 Etot   =    -69398.9562  EKtot   =     13462.5459  EPtot      =    -82861.5021
 BOND   =       556.8553  ANGLE   =      1594.9265  DIHED      =      1079.2992
 UB     =         0.0000  IMP     =         0.0000  CMAP       =       132.3503
 1-4 NB =       645.9755  1-4 EEL =     10191.7791  VDWAALS    =      9009.6760
 EELEC  =   -106072.3640  EHBOND  =         0.0000  RESTRAINT  =         0.0000
 ------------------------------------------------------------------------------

wrapping first mol.:       21.68607       30.66874       53.11980
wrapping first mol.:       21.68607       30.66874       53.11980
wrapping first mol.:       21.68607       30.66874       53.11980
wrapping first mol.:       21.68607       30.66874       53.11980
wrapping first mol.:       21.68607       30.66874       53.11980
wrapping first mol.:       21.68607       30.66874       53.11980
wrapping first mol.:       21.68607       30.66874       53.11980
wrapping first mol.:       21.68607       30.66874       53.11980
wrapping first mol.:       21.68607       30.66874       53.11980
wrapping first mol.:       21.68607       30.66874       53.11980
wrapping first mol.:       21.68607       30.66874       53.11980

 NSTEP =  1800000   TIME(PS) =    3600.000  TEMP(K) =   300.48  PRESS =     0.0
 Etot   =    -69371.5343  EKtot   =     13416.3926  EPtot      =    -82787.9269
 BOND   =       551.3005  ANGLE   =      1635.9261  DIHED      =      1077.0389
 UB     =         0.0000  IMP     =         0.0000  CMAP       =       141.2083
 1-4 NB =       664.5353  1-4 EEL =     10136.9436  VDWAALS    =      8949.1243
 EELEC  =   -105944.0038  EHBOND  =         0.0000  RESTRAINT  =         0.0000
 ------------------------------------------------------------------------------

wrapping first mol.:       21.68607       30.66874       53.11980
wrapping first mol.:       21.68607       30.66874       53.11980
wrapping first mol.:       21.68607       30.66874       53.11980
wrapping first mol.:       21.68607       30.66874       53.11980
wrapping first mol.:       21.68607       30.66874       53.11980
wrapping first mol.:       21.68607       30.66874       53.11980
wrapping first mol.:       21.68607       30.66874       53.11980
wrapping first mol.:       21.68607       30.66874       53.11980
wrapping first mol.:       21.68607       30.66874       53.11980
wrapping first mol.:       21.68607       30.66874       53.11980
wrapping first mol.:       21.68607       30.66874       53.11980

 NSTEP =  1850000   TIME(PS) =    3700.000  TEMP(K) =   296.98  PRESS =     0.0
 Etot   =    -69567.6888  EKtot   =     13260.0879  EPtot      =    -82827.7766
 BOND   =       557.2824  ANGLE   =      1640.4684  DIHED      =      1075.2899
 UB     =         0.0000  IMP     =         0.0000  CMAP       =       148.3946
 1-4 NB =       673.3405  1-4 EEL =     10222.9157  VDWAALS    =      9258.8696
 EELEC  =   -106404.3377  EHBOND  =         0.0000  RESTRAINT  =         0.0000
 ------------------------------------------------------------------------------

wrapping first mol.:       21.68607       30.66874       53.11980
wrapping first mol.:       21.68607       30.66874       53.11980
wrapping first mol.:       21.68607       30.66874       53.11980
wrapping first mol.:       21.68607       30.66874       53.11980
wrapping first mol.:       21.68607       30.66874       53.11980
wrapping first mol.:       21.68607       30.66874       53.11980
wrapping first mol.:       21.68607       30.66874       53.11980
wrapping first mol.:       21.68607       30.66874       53.11980
wrapping first mol.:       21.68607       30.66874       53.11980
wrapping first mol.:       21.68607       30.66874       53.11980
wrapping first mol.:       21.68607       30.66874       53.11980

 NSTEP =  1900000   TIME(PS) =    3800.000  TEMP(K) =   297.56  PRESS =     0.0
 Etot   =    -69752.8564  EKtot   =     13286.0020  EPtot      =    -83038.8584
 BOND   =       578.3107  ANGLE   =      1642.9645  DIHED      =      1084.4874
 UB     =         0.0000  IMP     =         0.0000  CMAP       =       141.9928
 1-4 NB =       664.8025  1-4 EEL =     10130.7874  VDWAALS    =      9164.9159
 EELEC  =   -106447.1195  EHBOND  =         0.0000  RESTRAINT  =         0.0000
 ------------------------------------------------------------------------------

wrapping first mol.:       21.68607       30.66874       53.11980
wrapping first mol.:       21.68607       30.66874       53.11980
wrapping first mol.:       21.68607       30.66874       53.11980
wrapping first mol.:       21.68607       30.66874       53.11980
wrapping first mol.:       21.68607       30.66874       53.11980
wrapping first mol.:       21.68607       30.66874       53.11980
wrapping first mol.:       21.68607       30.66874       53.11980
wrapping first mol.:       21.68607       30.66874       53.11980
wrapping first mol.:       21.68607       30.66874       53.11980
wrapping first mol.:       21.68607       30.66874       53.11980
wrapping first mol.:       21.68607       30.66874       53.11980

 NSTEP =  1950000   TIME(PS) =    3900.000  TEMP(K) =   300.81  PRESS =     0.0
 Etot   =    -69486.6195  EKtot   =     13431.1143  EPtot      =    -82917.7337
 BOND   =       552.2676  ANGLE   =      1609.1190  DIHED      =      1062.0637
 UB     =         0.0000  IMP     =         0.0000  CMAP       =       142.6146
 1-4 NB =       653.6805  1-4 EEL =     10138.4898  VDWAALS    =      9002.7910
 EELEC  =   -106078.7599  EHBOND  =         0.0000  RESTRAINT  =         0.0000
 ------------------------------------------------------------------------------

wrapping first mol.:       21.68607       30.66874       53.11980
wrapping first mol.:       21.68607       30.66874       53.11980
wrapping first mol.:       21.68607       30.66874       53.11980
wrapping first mol.:       21.68607       30.66874       53.11980
wrapping first mol.:       21.68607       30.66874       53.11980
wrapping first mol.:       21.68607       30.66874       53.11980
wrapping first mol.:       21.68607       30.66874       53.11980
wrapping first mol.:       21.68607       30.66874       53.11980
wrapping first mol.:       21.68607       30.66874       53.11980
wrapping first mol.:       21.68607       30.66874       53.11980
wrapping first mol.:       21.68607       30.66874       53.11980

 NSTEP =  2000000   TIME(PS) =    4000.000  TEMP(K) =   300.46  PRESS =     0.0
 Etot   =    -69476.4578  EKtot   =     13415.5371  EPtot      =    -82891.9949
 BOND   =       559.7510  ANGLE   =      1567.0413  DIHED      =      1091.3596
 UB     =         0.0000  IMP     =         0.0000  CMAP       =       139.6547
 1-4 NB =       656.0667  1-4 EEL =     10172.8697  VDWAALS    =      8778.3717
 EELEC  =   -105857.1095  EHBOND  =         0.0000  RESTRAINT  =         0.0000
 ------------------------------------------------------------------------------

wrapping first mol.:       21.68607       30.66874       53.11980
wrapping first mol.:       21.68607       30.66874       53.11980
wrapping first mol.:       21.68607       30.66874       53.11980
wrapping first mol.:       21.68607       30.66874       53.11980
wrapping first mol.:       21.68607       30.66874       53.11980
wrapping first mol.:       21.68607       30.66874       53.11980
wrapping first mol.:       21.68607       30.66874       53.11980
wrapping first mol.:       21.68607       30.66874       53.11980
wrapping first mol.:       21.68607       30.66874       53.11980
wrapping first mol.:       21.68607       30.66874       53.11980
wrapping first mol.:       21.68607       30.66874       53.11980

 NSTEP =  2050000   TIME(PS) =    4100.000  TEMP(K) =   302.23  PRESS =     0.0
 Etot   =    -69493.4476  EKtot   =     13494.5957  EPtot      =    -82988.0433
 BOND   =       545.3857  ANGLE   =      1671.5330  DIHED      =      1079.7939
 UB     =         0.0000  IMP     =         0.0000  CMAP       =       135.6979
 1-4 NB =       674.6127  1-4 EEL =     10127.2203  VDWAALS    =      9197.4162
 EELEC  =   -106419.7031  EHBOND  =         0.0000  RESTRAINT  =         0.0000
 ------------------------------------------------------------------------------

wrapping first mol.:       21.68607       30.66874       53.11980
wrapping first mol.:       21.68607       30.66874       53.11980
wrapping first mol.:       21.68607       30.66874       53.11980
wrapping first mol.:       21.68607       30.66874       53.11980
wrapping first mol.:       21.68607       30.66874       53.11980
wrapping first mol.:       21.68607       30.66874       53.11980
wrapping first mol.:       21.68607       30.66874       53.11980
wrapping first mol.:       21.68607       30.66874       53.11980
wrapping first mol.:       21.68607       30.66874       53.11980
wrapping first mol.:       21.68607       30.66874       53.11980
wrapping first mol.:       21.68607       30.66874       53.11980

 NSTEP =  2100000   TIME(PS) =    4200.000  TEMP(K) =   300.73  PRESS =     0.0
 Etot   =    -69422.1563  EKtot   =     13427.5205  EPtot      =    -82849.6768
 BOND   =       549.8401  ANGLE   =      1601.7377  DIHED      =      1141.7232
 UB     =         0.0000  IMP     =         0.0000  CMAP       =       143.3480
 1-4 NB =       664.2634  1-4 EEL =     10145.2780  VDWAALS    =      8959.6632
 EELEC  =   -106055.5305  EHBOND  =         0.0000  RESTRAINT  =         0.0000
 ------------------------------------------------------------------------------

wrapping first mol.:       21.68607       30.66874       53.11980
wrapping first mol.:       21.68607       30.66874       53.11980
wrapping first mol.:       21.68607       30.66874       53.11980
wrapping first mol.:       21.68607       30.66874       53.11980
wrapping first mol.:       21.68607       30.66874       53.11980
wrapping first mol.:       21.68607       30.66874       53.11980
wrapping first mol.:       21.68607       30.66874       53.11980
wrapping first mol.:       21.68607       30.66874       53.11980
wrapping first mol.:       21.68607       30.66874       53.11980
wrapping first mol.:       21.68607       30.66874       53.11980
wrapping first mol.:       21.68607       30.66874       53.11980

 NSTEP =  2150000   TIME(PS) =    4300.000  TEMP(K) =   301.59  PRESS =     0.0
 Etot   =    -69596.4314  EKtot   =     13466.2021  EPtot      =    -83062.6336
 BOND   =       582.6497  ANGLE   =      1621.8463  DIHED      =      1089.0311
 UB     =         0.0000  IMP     =         0.0000  CMAP       =       141.2763
 1-4 NB =       663.4383  1-4 EEL =     10146.3117  VDWAALS    =      9140.6274
 EELEC  =   -106447.8143  EHBOND  =         0.0000  RESTRAINT  =         0.0000
 ------------------------------------------------------------------------------

wrapping first mol.:       21.68607       30.66874       53.11980
wrapping first mol.:       21.68607       30.66874       53.11980
wrapping first mol.:       21.68607       30.66874       53.11980
wrapping first mol.:       21.68607       30.66874       53.11980
wrapping first mol.:       21.68607       30.66874       53.11980
wrapping first mol.:       21.68607       30.66874       53.11980
wrapping first mol.:       21.68607       30.66874       53.11980
wrapping first mol.:       21.68607       30.66874       53.11980
wrapping first mol.:       21.68607       30.66874       53.11980
wrapping first mol.:       21.68607       30.66874       53.11980
wrapping first mol.:       21.68607       30.66874       53.11980

 NSTEP =  2200000   TIME(PS) =    4400.000  TEMP(K) =   299.67  PRESS =     0.0
 Etot   =    -69600.2088  EKtot   =     13380.4043  EPtot      =    -82980.6131
 BOND   =       559.9138  ANGLE   =      1647.6703  DIHED      =      1076.4839
 UB     =         0.0000  IMP     =         0.0000  CMAP       =       149.5146
 1-4 NB =       653.2274  1-4 EEL =     10128.7320  VDWAALS    =      9090.3894
 EELEC  =   -106286.5443  EHBOND  =         0.0000  RESTRAINT  =         0.0000
 ------------------------------------------------------------------------------

wrapping first mol.:       21.68607       30.66874       53.11980
wrapping first mol.:       21.68607       30.66874       53.11980
wrapping first mol.:       21.68607       30.66874       53.11980
wrapping first mol.:       21.68607       30.66874       53.11980
wrapping first mol.:       21.68607       30.66874       53.11980
wrapping first mol.:       21.68607       30.66874       53.11980
wrapping first mol.:       21.68607       30.66874       53.11980
wrapping first mol.:       21.68607       30.66874       53.11980
wrapping first mol.:       21.68607       30.66874       53.11980
wrapping first mol.:       21.68607       30.66874       53.11980
wrapping first mol.:       21.68607       30.66874       53.11980

 NSTEP =  2250000   TIME(PS) =    4500.000  TEMP(K) =   301.38  PRESS =     0.0
 Etot   =    -69503.6901  EKtot   =     13456.7393  EPtot      =    -82960.4293
 BOND   =       603.5570  ANGLE   =      1629.4410  DIHED      =      1064.0781
 UB     =         0.0000  IMP     =         0.0000  CMAP       =       142.5948
 1-4 NB =       645.6316  1-4 EEL =     10166.1347  VDWAALS    =      8814.1524
 EELEC  =   -106026.0188  EHBOND  =         0.0000  RESTRAINT  =         0.0000
 ------------------------------------------------------------------------------

wrapping first mol.:       21.68607       30.66874       53.11980
wrapping first mol.:       21.68607       30.66874       53.11980
wrapping first mol.:       21.68607       30.66874       53.11980
wrapping first mol.:       21.68607       30.66874       53.11980
wrapping first mol.:       21.68607       30.66874       53.11980
wrapping first mol.:       21.68607       30.66874       53.11980
wrapping first mol.:       21.68607       30.66874       53.11980
wrapping first mol.:       21.68607       30.66874       53.11980
wrapping first mol.:       21.68607       30.66874       53.11980
wrapping first mol.:       21.68607       30.66874       53.11980
wrapping first mol.:       21.68607       30.66874       53.11980

 NSTEP =  2300000   TIME(PS) =    4600.000  TEMP(K) =   300.19  PRESS =     0.0
 Etot   =    -69493.6216  EKtot   =     13403.3809  EPtot      =    -82897.0024
 BOND   =       563.2273  ANGLE   =      1582.9658  DIHED      =      1070.2684
 UB     =         0.0000  IMP     =         0.0000  CMAP       =       138.8457
 1-4 NB =       677.9307  1-4 EEL =     10169.9057  VDWAALS    =      9312.8965
 EELEC  =   -106413.0425  EHBOND  =         0.0000  RESTRAINT  =         0.0000
 ------------------------------------------------------------------------------

wrapping first mol.:       21.68607       30.66874       53.11980
wrapping first mol.:       21.68607       30.66874       53.11980
wrapping first mol.:       21.68607       30.66874       53.11980
wrapping first mol.:       21.68607       30.66874       53.11980
wrapping first mol.:       21.68607       30.66874       53.11980
wrapping first mol.:       21.68607       30.66874       53.11980
wrapping first mol.:       21.68607       30.66874       53.11980
wrapping first mol.:       21.68607       30.66874       53.11980
wrapping first mol.:       21.68607       30.66874       53.11980
wrapping first mol.:       21.68607       30.66874       53.11980
wrapping first mol.:       21.68607       30.66874       53.11980

 NSTEP =  2350000   TIME(PS) =    4700.000  TEMP(K) =   300.19  PRESS =     0.0
 Etot   =    -69722.7575  EKtot   =     13403.5381  EPtot      =    -83126.2955
 BOND   =       555.5294  ANGLE   =      1598.6033  DIHED      =      1082.0379
 UB     =         0.0000  IMP     =         0.0000  CMAP       =       139.8554
 1-4 NB =       677.3605  1-4 EEL =     10149.7537  VDWAALS    =      9361.2780
 EELEC  =   -106690.7137  EHBOND  =         0.0000  RESTRAINT  =         0.0000
 ------------------------------------------------------------------------------

wrapping first mol.:       21.68607       30.66874       53.11980
wrapping first mol.:       21.68607       30.66874       53.11980
wrapping first mol.:       21.68607       30.66874       53.11980
wrapping first mol.:       21.68607       30.66874       53.11980
wrapping first mol.:       21.68607       30.66874       53.11980
wrapping first mol.:       21.68607       30.66874       53.11980
wrapping first mol.:       21.68607       30.66874       53.11980
wrapping first mol.:       21.68607       30.66874       53.11980
wrapping first mol.:       21.68607       30.66874       53.11980
wrapping first mol.:       21.68607       30.66874       53.11980
wrapping first mol.:       21.68607       30.66874       53.11980

 NSTEP =  2400000   TIME(PS) =    4800.000  TEMP(K) =   299.02  PRESS =     0.0
 Etot   =    -69634.6017  EKtot   =     13351.2529  EPtot      =    -82985.8546
 BOND   =       569.0549  ANGLE   =      1616.7080  DIHED      =      1052.4262
 UB     =         0.0000  IMP     =         0.0000  CMAP       =       138.3972
 1-4 NB =       665.8794  1-4 EEL =     10147.0560  VDWAALS    =      9023.9270
 EELEC  =   -106199.3034  EHBOND  =         0.0000  RESTRAINT  =         0.0000
 ------------------------------------------------------------------------------

wrapping first mol.:       21.68607       30.66874       53.11980
wrapping first mol.:       21.68607       30.66874       53.11980
wrapping first mol.:       21.68607       30.66874       53.11980
wrapping first mol.:       21.68607       30.66874       53.11980
wrapping first mol.:       21.68607       30.66874       53.11980
wrapping first mol.:       21.68607       30.66874       53.11980
wrapping first mol.:       21.68607       30.66874       53.11980
wrapping first mol.:       21.68607       30.66874       53.11980
wrapping first mol.:       21.68607       30.66874       53.11980
wrapping first mol.:       21.68607       30.66874       53.11980
wrapping first mol.:       21.68607       30.66874       53.11980

 NSTEP =  2450000   TIME(PS) =    4900.000  TEMP(K) =   298.44  PRESS =     0.0
 Etot   =    -69645.8817  EKtot   =     13325.2949  EPtot      =    -82971.1767
 BOND   =       529.3564  ANGLE   =      1598.8835  DIHED      =      1060.1798
 UB     =         0.0000  IMP     =         0.0000  CMAP       =       139.6247
 1-4 NB =       669.0298  1-4 EEL =     10173.6979  VDWAALS    =      9097.2899
 EELEC  =   -106239.2386  EHBOND  =         0.0000  RESTRAINT  =         0.0000
 ------------------------------------------------------------------------------

wrapping first mol.:       21.68607       30.66874       53.11980
wrapping first mol.:       21.68607       30.66874       53.11980
wrapping first mol.:       21.68607       30.66874       53.11980
wrapping first mol.:       21.68607       30.66874       53.11980
wrapping first mol.:       21.68607       30.66874       53.11980
wrapping first mol.:       21.68607       30.66874       53.11980
wrapping first mol.:       21.68607       30.66874       53.11980
wrapping first mol.:       21.68607       30.66874       53.11980
wrapping first mol.:       21.68607       30.66874       53.11980
wrapping first mol.:       21.68607       30.66874       53.11980
wrapping first mol.:       21.68607       30.66874       53.11980

 NSTEP =  2500000   TIME(PS) =    5000.000  TEMP(K) =   301.18  PRESS =     0.0
 Etot   =    -69483.8915  EKtot   =     13447.8389  EPtot      =    -82931.7304
 BOND   =       558.1298  ANGLE   =      1633.9118  DIHED      =      1059.4874
 UB     =         0.0000  IMP     =         0.0000  CMAP       =       147.0901
 1-4 NB =       677.4591  1-4 EEL =     10173.8415  VDWAALS    =      8992.3749
 EELEC  =   -106174.0249  EHBOND  =         0.0000  RESTRAINT  =         0.0000
 ------------------------------------------------------------------------------


      A V E R A G E S   O V E R      50 S T E P S


 NSTEP =  2500000   TIME(PS) =    5000.000  TEMP(K) =   299.97  PRESS =     0.0
 Etot   =    -69546.6674  EKtot   =     13393.7514  EPtot      =    -82940.4188
 BOND   =       565.2076  ANGLE   =      1626.8391  DIHED      =      1071.5920
 UB     =         0.0000  IMP     =         0.0000  CMAP       =       139.8879
 1-4 NB =       662.5137  1-4 EEL =     10154.3034  VDWAALS    =      9077.1935
 EELEC  =   -106237.9561  EHBOND  =         0.0000  RESTRAINT  =         0.0000
 ------------------------------------------------------------------------------


      R M S  F L U C T U A T I O N S


 NSTEP =  2500000   TIME(PS) =    5000.000  TEMP(K) =     1.90  PRESS =     0.0
 Etot   =       152.7721  EKtot   =        84.8112  EPtot      =       118.7687
 BOND   =        19.1988  ANGLE   =        26.4866  DIHED      =        18.1743
 UB     =         0.0000  IMP     =         0.0000  CMAP       =         5.6852
 1-4 NB =        10.0669  1-4 EEL =        28.2937  VDWAALS    =       157.5451
 EELEC  =       233.1686  EHBOND  =         0.0000  RESTRAINT  =         0.0000
 ------------------------------------------------------------------------------

--------------------------------------------------------------------------------
   5.  TIMINGS
--------------------------------------------------------------------------------

|  NonSetup CPU Time in Major Routines:
|
|     Routine           Sec        %
|     ------------------------------
|     Nonbond         626.16   12.96
|     Bond              0.00    0.00
|     Angle             0.00    0.00
|     Dihedral          0.00    0.00
|     Shake            21.10    0.44
|     RunMD          4178.93   86.52
|     Other             3.63    0.08
|     ------------------------------
|     Total          4829.81

|  PME Nonbond Pairlist CPU Time:
|
|     Routine              Sec        %
|     ---------------------------------
|     Set Up Cit           0.00    0.00
|     Build List           0.00    0.00
|     ---------------------------------
|     Total                0.00    0.00

|  PME Direct Force CPU Time:
|
|     Routine              Sec        %
|     ---------------------------------
|     NonBonded Calc       0.00    0.00
|     Exclude Masked       0.00    0.00
|     Other                1.90    0.04
|     ---------------------------------
|     Total                1.90    0.04

|  PME Reciprocal Force CPU Time:
|
|     Routine              Sec        %
|     ---------------------------------
|     1D bspline           0.00    0.00
|     Grid Charges         0.00    0.00
|     Scalar Sum           0.00    0.00
|     Gradient Sum         0.00    0.00
|     FFT                  0.00    0.00
|     ---------------------------------
|     Total                0.00    0.00

|  Final Performance Info:
|     -----------------------------------------------------
|     Average timings for last       1 steps:
|     Elapsed(s) =       0.00 Per Step(ms) =       0.16
|         ns/day =    1080.59   seconds/ns =      79.96
|
|     Average timings for all steps:
|     Elapsed(s) =    4839.52 Per Step(ms) =       1.94
|         ns/day =      89.27   seconds/ns =     967.90
|     -----------------------------------------------------

|  Setup CPU time:            0.53 seconds
|  NonSetup CPU time:      4829.81 seconds
|  Total CPU time:         4830.34 seconds     1.34 hours

|  Setup wall time:           1    seconds
|  NonSetup wall time:     4839    seconds
|  Total wall time:        4840    seconds     1.34 hours
