
          -------------------------------------------------------
          Amber 18 PMEMD                              2018
          -------------------------------------------------------

| PMEMD implementation of SANDER, Release 18

| Run on 09/11/2020 at 13:39:40

|   Executable path: pmemd.cuda
| Working directory: /home/almacen/pbarletta/dynein/run/lbm7/2_pdt
|          Hostname: Unknown
  [-O]verwriting output

File Assignments:
|   MDIN: pre_pdt.in                                                            
|  MDOUT: 0pdt.out                                                              
| INPCRD: 2_lbm7.rst7                                                           
|   PARM: /home/almacen/pbarletta/dynein/top_files/lbm7.prmtop                  
| RESTRT: 0p2_lbm7.rst7                                                         
|   REFC: refc                                                                  
|  MDVEL: mdvel                                                                 
|   MDEN: mden                                                                  
|  MDCRD: 0p2_lbm7.nc                                                           
| MDINFO: mdinfo                                                                
|  MDFRC: mdfrc                                                                 


 Here is the input file:

Production run                                                                 
&cntrl                                                                         
imin = 0,                           ! No Minimization                          
nmropt = 0,                         ! No NMR restraints read                   
                                                                               
! Nature and format of the input                                               
ntx = 5,                            ! Coordinates and velocities will be read  
irest = 1,                          ! Do not run a new simulation              
                                                                               
! Nature and format of the output                                              
ntxo = 1,                           ! rstrt file in ASCII format               
ntpr = 50000,                       ! inf in output every ntpr steps           
ntwr = 50000,                       ! rstrt file every ntwr steps              
ntwx = 5000,                        ! mdcrd file every ntwx steps              
ntwv = 0,                           ! mdvel without velocities                 
ntwe = 0,                           ! Energies and temperatures not written in 
idecomp = 0,                        ! No energy decomposition                  
iwrap = 1,                          ! Coordinates of the restart and mdcrd file
                                                                               
! Frozen or restrained atoms                                                   
ibelly = 0,                         ! No frozen atoms                          
ntr=0,                              ! Harmonic potential restraints            
                                                                               
! Molecular dynamics                                                           
nstlim = 2500000,                   ! Number of MD-steps                       
dt = 0.002,                         ! Time step                                
                                                                               
! Temperature regulation                                                       
ntt = 3,                            ! Langevin thermostat                      
gamma_ln = 2,                       ! Gamma constant for Langevin              
temp0 = 300.0,                      ! Reference T at which the system is to be 
tempi = 300.0,                      ! Initial T                                
ig = -1,                            ! Seed for the RNG                         
                                                                               
! P and V regulation                                                           
!barostat = 1,                      ! Berendsen barostat                       
!taup = 1,                          ! Pressure relaxation time                 
ntp = 0,                            ! constant V                               
ntb = 1,                            ! Periodic box for constant V              
                                                                               
! SHAKE variables                                                              
ntc = 2,                            ! Bonds involving H are constrained        
ntf = 2,                            ! Bond interaction involving H are ommited.
                                                                               
cut = 9.0,                          ! Nonbonded cutoff                         
/                                                                              
&end                                                                           


Note: ig = -1. Setting random seed to   401195 based on wallclock time in 
      microseconds.
| irandom = 1, using AMBER's internal random number generator (default).
 
|--------------------- INFORMATION ----------------------
| GPU (CUDA) Version of PMEMD in use: NVIDIA GPU IN USE.
|                    Version 18.0.0
| 
|                      03/25/2018
| 
| Implementation by:
|                    Ross C. Walker     (SDSC)
|                    Scott Le Grand     (nVIDIA)
| 
| Version 18 performance extensions by:
|                    David Cerutti     (Rutgers)
| 
| Precision model in use:
|      [SPFP] - Single Precision Forces, 64-bit Fixed Point
|               Accumulation. (Default)
| 
|--------------------------------------------------------
 
|----------------- CITATION INFORMATION -----------------
|
|    When publishing work that utilized the CUDA version
|    of AMBER, please cite the following in addition to
|    the regular AMBER citations:
|
|  - Romelia Salomon-Ferrer; Andreas W. Goetz; Duncan
|    Poole; Scott Le Grand; Ross C. Walker "Routine
|    microsecond molecular dynamics simulations with
|    AMBER - Part II: Particle Mesh Ewald", J. Chem.
|    Theory Comput., 2013, 9 (9), pp3878-3888,
|    DOI: 10.1021/ct400314y.
|
|  - Andreas W. Goetz; Mark J. Williamson; Dong Xu;
|    Duncan Poole; Scott Le Grand; Ross C. Walker
|    "Routine microsecond molecular dynamics simulations
|    with AMBER - Part I: Generalized Born", J. Chem.
|    Theory Comput., 2012, 8 (5), pp1542-1555.
|
|  - Scott Le Grand; Andreas W. Goetz; Ross C. Walker
|    "SPFP: Speed without compromise - a mixed precision
|    model for GPU accelerated molecular dynamics
|    simulations.", Comp. Phys. Comm., 2013, 184
|    pp374-380, DOI: 10.1016/j.cpc.2012.09.022
|
|--------------------------------------------------------
 
|------------------- GPU DEVICE INFO --------------------
|
|            CUDA_VISIBLE_DEVICES: 0
|   CUDA Capable Devices Detected:      1
|           CUDA Device ID in use:      0
|                CUDA Device Name: GeForce GTX 1080 Ti
|     CUDA Device Global Mem Size:  11178 MB
| CUDA Device Num Multiprocessors:     28
|           CUDA Device Core Freq:   1.72 GHz
|
|--------------------------------------------------------
 
 
| Conditional Compilation Defines Used:
| PUBFFT
| BINTRAJ
| CUDA
| EMIL

| Largest sphere to fit in unit cell has radius =    26.814

| New format PARM file being parsed.
| Version =    1.000 Date = 08/10/20 Time = 22:32:00

| Note: 1-4 EEL scale factors are being read from the topology file.

| Note: 1-4 VDW scale factors are being read from the topology file.
| Duplicated    0 dihedrals

| Duplicated    0 dihedrals

--------------------------------------------------------------------------------
   1.  RESOURCE   USE: 
--------------------------------------------------------------------------------

 getting new box info from bottom of inpcrd
 NATOM  =   28674 NTYPES =      19 NBONH =   20726 MBONA  =    7978
 NTHETH =    3446 MTHETA =    2124 NPHIH =    6994 MPHIA  =    6670
 NHPARM =       0 NPARM  =       0 NNB   =   61668 NRES   =    6592
 NBONA  =    7978 NTHETA =    2124 NPHIA =    6670 NUMBND =      73
 NUMANG =     172 NPTRA  =     191 NATYP =      38 NPHB   =       1
 IFBOX  =       2 NMXRS  =      24 IFCAP =       0 NEXTRA =    6402
 NCOPY  =       0


| Coordinate Index Table dimensions:    11   11   11
| Direct force subcell size =     5.9711    5.9711    5.9711

     BOX TYPE: TRUNCATED OCTAHEDRON

--------------------------------------------------------------------------------
   2.  CONTROL  DATA  FOR  THE  RUN
--------------------------------------------------------------------------------

default_name                                                                    

General flags:
     imin    =       0, nmropt  =       0

Nature and format of input:
     ntx     =       5, irest   =       1, ntrx    =       1

Nature and format of output:
     ntxo    =       1, ntpr    =   50000, ntrx    =       1, ntwr    =   50000
     iwrap   =       1, ntwx    =    5000, ntwv    =       0, ntwe    =       0
     ioutfm  =       1, ntwprt  =       0, idecomp =       0, rbornstat=      0

Potential function:
     ntf     =       2, ntb     =       1, igb     =       0, nsnb    =      25
     ipol    =       0, gbsa    =       0, iesp    =       0
     dielc   =   1.00000, cut     =   9.00000, intdiel =   1.00000

Frozen or restrained atoms:
     ibelly  =       0, ntr     =       0

Molecular dynamics:
     nstlim  =   2500000, nscm    =      1000, nrespa  =         1
     t       =   0.00000, dt      =   0.00200, vlimit  =  -1.00000

Langevin dynamics temperature regulation:
     ig      =  401195
     temp0   = 300.00000, tempi   = 300.00000, gamma_ln=   2.00000

SHAKE:
     ntc     =       2, jfastw  =       0
     tol     =   0.00001

| Intermolecular bonds treatment:
|     no_intermolecular_bonds =       1

| Energy averages sample interval:
|     ene_avg_sampling =   50000

Extra-points options:
     frameon =       1, chngmask=       1

Ewald parameters:
     verbose =       0, ew_type =       0, nbflag  =       1, use_pme =       1
     vdwmeth =       1, eedmeth =       1, netfrc  =       1
     Box X =   65.682   Box Y =   65.682   Box Z =   65.682
     Alpha =  109.471   Beta  =  109.471   Gamma =  109.471
     NFFT1 =   64       NFFT2 =   64       NFFT3 =   64
     Cutoff=    9.000   Tol   =0.100E-04
     Ewald Coefficient =  0.30768
     Interpolation order =    4
|      EXTRA_PTS, trim_bonds: num bonds BEFORE trim = 20726     0
|      EXTRA_PTS, trim_bonds: num bonds AFTER  trim = 20726     0
|      EXTRA_PTS, trim_bonds: num bonds BEFORE trim =  7978     0
|      EXTRA_PTS, trim_bonds: num bonds AFTER  trim =  1576     0
|      EXTRA_PTS, trim_theta: num angle BEFORE trim =  3446     0
|      EXTRA_PTS, trim_theta: num angle AFTER  trim =  3446     0
|      EXTRA_PTS, trim_theta: num angle BEFORE trim =  2124     0
|      EXTRA_PTS, trim_theta: num angle AFTER  trim =  2124     0
|      EXTRA_PTS, trim_phi:  num diheds BEFORE trim =  6994     0
|      EXTRA_PTS, trim_phi:  num diheds AFTER  trim =  6994     0
|      EXTRA_PTS, trim_phi:  num diheds BEFORE trim =  6670     0
|      EXTRA_PTS, trim_phi:  num diheds AFTER  trim =  6670     0

--------------------------------------------------------------------------------
   3.  ATOMIC COORDINATES AND VELOCITIES
--------------------------------------------------------------------------------

Cpptraj Generated Restart                                                       
 begin time read from input coords =     0.000 ps

 
 Number of triangulated 3-point waters found:     6402

     Sum of charges from parm topology file =   0.00003498
     Forcing neutrality...

| Dynamic Memory, Types Used:
| Reals              924184
| Integers          2094362

| Nonbonded Pairs Initial Allocation:     6537672

| GPU memory information (estimate):
| KB of GPU memory in use:         0
| KB of CPU memory in use:         0

--------------------------------------------------------------------------------
   4.  RESULTS
--------------------------------------------------------------------------------

wrapping first mol.:       21.89386       30.96260       53.62879
wrapping first mol.:       21.89386       30.96260       53.62879
wrapping first mol.:       21.89386       30.96260       53.62879
wrapping first mol.:       21.89386       30.96260       53.62879
wrapping first mol.:       21.89386       30.96260       53.62879
wrapping first mol.:       43.78772      -30.96259       53.62879
wrapping first mol.:       21.89386       30.96260       53.62879
wrapping first mol.:       43.78772      -30.96259       53.62879
wrapping first mol.:       21.89386       30.96260       53.62879
wrapping first mol.:       21.89386       30.96260       53.62879
wrapping first mol.:       21.89386       30.96260       53.62879

 NSTEP =    50000   TIME(PS) =     100.000  TEMP(K) =   300.67  PRESS =     0.0
 Etot   =    -71544.1286  EKtot   =     13769.0918  EPtot      =    -85313.2204
 BOND   =       566.5697  ANGLE   =      1532.8751  DIHED      =      1064.7436
 UB     =         0.0000  IMP     =         0.0000  CMAP       =       155.6253
 1-4 NB =       691.4222  1-4 EEL =      9055.2113  VDWAALS    =      9656.3043
 EELEC  =   -108035.9719  EHBOND  =         0.0000  RESTRAINT  =         0.0000
 ------------------------------------------------------------------------------

wrapping first mol.:       21.89386       30.96260       53.62879
wrapping first mol.:       21.89386       30.96260       53.62879
wrapping first mol.:       21.89386       30.96260       53.62879
wrapping first mol.:       21.89386       30.96260       53.62879
wrapping first mol.:       21.89386       30.96260       53.62879
wrapping first mol.:       21.89386       30.96260       53.62879
wrapping first mol.:       21.89386       30.96260       53.62879
wrapping first mol.:       21.89386       30.96260       53.62879
wrapping first mol.:       21.89386       30.96260       53.62879
wrapping first mol.:       21.89386       30.96260       53.62879
wrapping first mol.:       21.89386       30.96260       53.62879

 NSTEP =   100000   TIME(PS) =     200.000  TEMP(K) =   300.01  PRESS =     0.0
 Etot   =    -71216.7751  EKtot   =     13738.7061  EPtot      =    -84955.4811
 BOND   =       568.6904  ANGLE   =      1536.8471  DIHED      =      1058.8972
 UB     =         0.0000  IMP     =         0.0000  CMAP       =       146.9437
 1-4 NB =       685.5993  1-4 EEL =      9146.0804  VDWAALS    =      9192.2727
 EELEC  =   -107290.8119  EHBOND  =         0.0000  RESTRAINT  =         0.0000
 ------------------------------------------------------------------------------

wrapping first mol.:       21.89386       30.96260       53.62879
wrapping first mol.:       21.89386       30.96260       53.62879
wrapping first mol.:       21.89386       30.96260       53.62879
wrapping first mol.:       21.89386       30.96260       53.62879
wrapping first mol.:       21.89386       30.96260       53.62879
wrapping first mol.:       21.89386       30.96260       53.62879
wrapping first mol.:       21.89386       30.96260       53.62879
wrapping first mol.:       21.89386       30.96260       53.62879
wrapping first mol.:       21.89386       30.96260       53.62879
wrapping first mol.:       21.89386       30.96260       53.62879
wrapping first mol.:       21.89386       30.96260       53.62879

 NSTEP =   150000   TIME(PS) =     300.000  TEMP(K) =   299.76  PRESS =     0.0
 Etot   =    -71504.2624  EKtot   =     13727.6865  EPtot      =    -85231.9490
 BOND   =       568.6912  ANGLE   =      1525.1696  DIHED      =      1066.8438
 UB     =         0.0000  IMP     =         0.0000  CMAP       =       148.9190
 1-4 NB =       695.1102  1-4 EEL =      9132.1611  VDWAALS    =      9312.2625
 EELEC  =   -107681.1064  EHBOND  =         0.0000  RESTRAINT  =         0.0000
 ------------------------------------------------------------------------------

wrapping first mol.:       21.89386       30.96260       53.62879
wrapping first mol.:       21.89386       30.96260       53.62879
wrapping first mol.:       21.89386       30.96260       53.62879
wrapping first mol.:       21.89386       30.96260       53.62879
wrapping first mol.:       21.89386       30.96260       53.62879
wrapping first mol.:       21.89386       30.96260       53.62879
wrapping first mol.:       21.89386       30.96260       53.62879
wrapping first mol.:       21.89386       30.96260       53.62879
wrapping first mol.:       21.89386       30.96260       53.62879
wrapping first mol.:       21.89386       30.96260       53.62879
wrapping first mol.:       21.89386       30.96260       53.62879

 NSTEP =   200000   TIME(PS) =     400.000  TEMP(K) =   299.01  PRESS =     0.0
 Etot   =    -71422.9463  EKtot   =     13692.9863  EPtot      =    -85115.9326
 BOND   =       542.1915  ANGLE   =      1575.8273  DIHED      =      1049.9150
 UB     =         0.0000  IMP     =         0.0000  CMAP       =       140.1431
 1-4 NB =       687.5377  1-4 EEL =      9139.1458  VDWAALS    =      9389.2919
 EELEC  =   -107639.9848  EHBOND  =         0.0000  RESTRAINT  =         0.0000
 ------------------------------------------------------------------------------

wrapping first mol.:       21.89386       30.96260       53.62879
wrapping first mol.:       21.89386       30.96260       53.62879
wrapping first mol.:       21.89386       30.96260       53.62879
wrapping first mol.:       21.89386       30.96260       53.62879
wrapping first mol.:       21.89386       30.96260       53.62879
wrapping first mol.:       21.89386       30.96260       53.62879
wrapping first mol.:       21.89386       30.96260       53.62879
wrapping first mol.:       21.89386       30.96260       53.62879
wrapping first mol.:       21.89386       30.96260       53.62879
wrapping first mol.:       21.89386       30.96260       53.62879
wrapping first mol.:       21.89386       30.96260       53.62879

 NSTEP =   250000   TIME(PS) =     500.000  TEMP(K) =   300.66  PRESS =     0.0
 Etot   =    -71393.6802  EKtot   =     13768.8887  EPtot      =    -85162.5689
 BOND   =       570.3982  ANGLE   =      1546.2056  DIHED      =      1044.1358
 UB     =         0.0000  IMP     =         0.0000  CMAP       =       144.0981
 1-4 NB =       683.6837  1-4 EEL =      9107.4304  VDWAALS    =      9642.0482
 EELEC  =   -107900.5689  EHBOND  =         0.0000  RESTRAINT  =         0.0000
 ------------------------------------------------------------------------------

wrapping first mol.:       21.89386       30.96260       53.62879
wrapping first mol.:       21.89386       30.96260       53.62879
wrapping first mol.:       21.89386       30.96260       53.62879
wrapping first mol.:       21.89386       30.96260       53.62879
wrapping first mol.:       21.89386       30.96260       53.62879
wrapping first mol.:       21.89386       30.96260       53.62879
wrapping first mol.:       21.89386       30.96260       53.62879
wrapping first mol.:       21.89386       30.96260       53.62879
wrapping first mol.:       21.89386       30.96260       53.62879
wrapping first mol.:       21.89386       30.96260       53.62879
wrapping first mol.:       21.89386       30.96260       53.62879

 NSTEP =   300000   TIME(PS) =     600.000  TEMP(K) =   300.88  PRESS =     0.0
 Etot   =    -71281.5303  EKtot   =     13778.9121  EPtot      =    -85060.4424
 BOND   =       603.3667  ANGLE   =      1544.3366  DIHED      =      1082.4293
 UB     =         0.0000  IMP     =         0.0000  CMAP       =       149.4830
 1-4 NB =       673.2092  1-4 EEL =      9096.0816  VDWAALS    =      9448.0147
 EELEC  =   -107657.3635  EHBOND  =         0.0000  RESTRAINT  =         0.0000
 ------------------------------------------------------------------------------

wrapping first mol.:       21.89386       30.96260       53.62879
wrapping first mol.:       21.89386       30.96260       53.62879
wrapping first mol.:       21.89386       30.96260       53.62879
wrapping first mol.:       21.89386       30.96260       53.62879
wrapping first mol.:       21.89386       30.96260       53.62879
wrapping first mol.:       21.89386       30.96260       53.62879
wrapping first mol.:       21.89386       30.96260       53.62879
wrapping first mol.:       21.89386       30.96260       53.62879
wrapping first mol.:       21.89386       30.96260       53.62879
wrapping first mol.:       21.89386       30.96260       53.62879
wrapping first mol.:       21.89386       30.96260       53.62879

 NSTEP =   350000   TIME(PS) =     700.000  TEMP(K) =   302.85  PRESS =     0.0
 Etot   =    -71493.0451  EKtot   =     13869.0645  EPtot      =    -85362.1096
 BOND   =       545.5819  ANGLE   =      1575.9235  DIHED      =      1037.3650
 UB     =         0.0000  IMP     =         0.0000  CMAP       =       144.9921
 1-4 NB =       685.6892  1-4 EEL =      9025.3173  VDWAALS    =      9479.4293
 EELEC  =   -107856.4078  EHBOND  =         0.0000  RESTRAINT  =         0.0000
 ------------------------------------------------------------------------------

wrapping first mol.:       21.89386       30.96260       53.62879
wrapping first mol.:       21.89386       30.96260       53.62879
wrapping first mol.:       21.89386       30.96260       53.62879
wrapping first mol.:       21.89386       30.96260       53.62879
wrapping first mol.:       21.89386       30.96260       53.62879
wrapping first mol.:       21.89386       30.96260       53.62879
wrapping first mol.:       21.89386       30.96260       53.62879
wrapping first mol.:       21.89386       30.96260       53.62879
wrapping first mol.:       21.89386       30.96260       53.62879
wrapping first mol.:       21.89386       30.96260       53.62879
wrapping first mol.:       21.89386       30.96260       53.62879

 NSTEP =   400000   TIME(PS) =     800.000  TEMP(K) =   299.28  PRESS =     0.0
 Etot   =    -71519.1069  EKtot   =     13705.5059  EPtot      =    -85224.6127
 BOND   =       591.7016  ANGLE   =      1550.0198  DIHED      =      1068.5330
 UB     =         0.0000  IMP     =         0.0000  CMAP       =       141.4050
 1-4 NB =       681.4246  1-4 EEL =      9080.3551  VDWAALS    =      9046.2064
 EELEC  =   -107384.2583  EHBOND  =         0.0000  RESTRAINT  =         0.0000
 ------------------------------------------------------------------------------

wrapping first mol.:       21.89386       30.96260       53.62879
wrapping first mol.:       21.89386       30.96260       53.62879
wrapping first mol.:       21.89386       30.96260       53.62879
wrapping first mol.:       21.89386       30.96260       53.62879
wrapping first mol.:       21.89386       30.96260       53.62879
wrapping first mol.:       21.89386       30.96260       53.62879
wrapping first mol.:       21.89386       30.96260       53.62879
wrapping first mol.:       21.89386       30.96260       53.62879
wrapping first mol.:       21.89386       30.96260       53.62879
wrapping first mol.:       21.89386       30.96260       53.62879
wrapping first mol.:       21.89386       30.96260       53.62879

 NSTEP =   450000   TIME(PS) =     900.000  TEMP(K) =   300.61  PRESS =     0.0
 Etot   =    -71343.4325  EKtot   =     13766.4561  EPtot      =    -85109.8886
 BOND   =       584.0189  ANGLE   =      1555.4399  DIHED      =      1069.0115
 UB     =         0.0000  IMP     =         0.0000  CMAP       =       144.1704
 1-4 NB =       678.0523  1-4 EEL =      9091.2163  VDWAALS    =      9521.5115
 EELEC  =   -107753.3093  EHBOND  =         0.0000  RESTRAINT  =         0.0000
 ------------------------------------------------------------------------------

wrapping first mol.:       21.89386       30.96260       53.62879
wrapping first mol.:       21.89386       30.96260       53.62879
wrapping first mol.:       21.89386       30.96260       53.62879
wrapping first mol.:       21.89386       30.96260       53.62879
wrapping first mol.:       21.89386       30.96260       53.62879
wrapping first mol.:       21.89386       30.96260       53.62879
wrapping first mol.:       21.89386       30.96260       53.62879
wrapping first mol.:       21.89386       30.96260       53.62879
wrapping first mol.:       21.89386       30.96260       53.62879
wrapping first mol.:       21.89386       30.96260       53.62879
wrapping first mol.:       21.89386       30.96260       53.62879

 NSTEP =   500000   TIME(PS) =    1000.000  TEMP(K) =   301.09  PRESS =     0.0
 Etot   =    -71196.8340  EKtot   =     13788.5801  EPtot      =    -84985.4141
 BOND   =       595.6485  ANGLE   =      1591.6858  DIHED      =      1063.6427
 UB     =         0.0000  IMP     =         0.0000  CMAP       =       146.4155
 1-4 NB =       681.3130  1-4 EEL =      9137.4600  VDWAALS    =      9454.9159
 EELEC  =   -107656.4955  EHBOND  =         0.0000  RESTRAINT  =         0.0000
 ------------------------------------------------------------------------------

wrapping first mol.:       21.89386       30.96260       53.62879
wrapping first mol.:       21.89386       30.96260       53.62879
wrapping first mol.:       21.89386       30.96260       53.62879
wrapping first mol.:       21.89386       30.96260       53.62879
wrapping first mol.:       21.89386       30.96260       53.62879
wrapping first mol.:       21.89386       30.96260       53.62879
wrapping first mol.:       21.89386       30.96260       53.62879
wrapping first mol.:       21.89386       30.96260       53.62879
wrapping first mol.:       21.89386       30.96260       53.62879
wrapping first mol.:       21.89386       30.96260       53.62879
wrapping first mol.:       21.89386       30.96260       53.62879

 NSTEP =   550000   TIME(PS) =    1100.000  TEMP(K) =   297.02  PRESS =     0.0
 Etot   =    -71573.5143  EKtot   =     13601.8047  EPtot      =    -85175.3190
 BOND   =       549.7731  ANGLE   =      1559.0654  DIHED      =      1050.2218
 UB     =         0.0000  IMP     =         0.0000  CMAP       =       143.3831
 1-4 NB =       679.5780  1-4 EEL =      9119.2965  VDWAALS    =      9272.7267
 EELEC  =   -107549.3636  EHBOND  =         0.0000  RESTRAINT  =         0.0000
 ------------------------------------------------------------------------------

wrapping first mol.:       21.89386       30.96260       53.62879
wrapping first mol.:       21.89386       30.96260       53.62879
wrapping first mol.:       21.89386       30.96260       53.62879
wrapping first mol.:       21.89386       30.96260       53.62879
wrapping first mol.:       21.89386       30.96260       53.62879
wrapping first mol.:       21.89386       30.96260       53.62879
wrapping first mol.:       21.89386       30.96260       53.62879
wrapping first mol.:       21.89386       30.96260       53.62879
wrapping first mol.:       21.89386       30.96260       53.62879
wrapping first mol.:       21.89386       30.96260       53.62879
wrapping first mol.:       21.89386       30.96260       53.62879

 NSTEP =   600000   TIME(PS) =    1200.000  TEMP(K) =   302.64  PRESS =     0.0
 Etot   =    -71329.8609  EKtot   =     13859.5244  EPtot      =    -85189.3853
 BOND   =       587.2232  ANGLE   =      1542.4832  DIHED      =      1060.4663
 UB     =         0.0000  IMP     =         0.0000  CMAP       =       146.7686
 1-4 NB =       690.8920  1-4 EEL =      9085.7101  VDWAALS    =      9392.5610
 EELEC  =   -107695.4897  EHBOND  =         0.0000  RESTRAINT  =         0.0000
 ------------------------------------------------------------------------------

wrapping first mol.:       21.89386       30.96260       53.62879
wrapping first mol.:       21.89386       30.96260       53.62879
wrapping first mol.:       21.89386       30.96260       53.62879
wrapping first mol.:       21.89386       30.96260       53.62879
wrapping first mol.:       21.89386       30.96260       53.62879
wrapping first mol.:       21.89386       30.96260       53.62879
wrapping first mol.:       21.89386       30.96260       53.62879
wrapping first mol.:       21.89386       30.96260       53.62879
wrapping first mol.:       21.89386       30.96260       53.62879
wrapping first mol.:       21.89386       30.96260       53.62879
wrapping first mol.:       21.89386       30.96260       53.62879

 NSTEP =   650000   TIME(PS) =    1300.000  TEMP(K) =   299.49  PRESS =     0.0
 Etot   =    -71417.8822  EKtot   =     13715.1104  EPtot      =    -85132.9925
 BOND   =       572.9673  ANGLE   =      1571.6891  DIHED      =      1032.3423
 UB     =         0.0000  IMP     =         0.0000  CMAP       =       149.9858
 1-4 NB =       680.6524  1-4 EEL =      9078.2745  VDWAALS    =      9395.3711
 EELEC  =   -107614.2750  EHBOND  =         0.0000  RESTRAINT  =         0.0000
 ------------------------------------------------------------------------------

wrapping first mol.:       21.89386       30.96260       53.62879
wrapping first mol.:       21.89386       30.96260       53.62879
wrapping first mol.:       21.89386       30.96260       53.62879
wrapping first mol.:       21.89386       30.96260       53.62879
wrapping first mol.:       21.89386       30.96260       53.62879
wrapping first mol.:       21.89386       30.96260       53.62879
wrapping first mol.:       21.89386       30.96260       53.62879
wrapping first mol.:       21.89386       30.96260       53.62879
wrapping first mol.:       21.89386       30.96260       53.62879
wrapping first mol.:       21.89386       30.96260       53.62879
wrapping first mol.:       21.89386       30.96260       53.62879

 NSTEP =   700000   TIME(PS) =    1400.000  TEMP(K) =   299.63  PRESS =     0.0
 Etot   =    -71403.0843  EKtot   =     13721.6455  EPtot      =    -85124.7298
 BOND   =       586.8847  ANGLE   =      1539.6766  DIHED      =      1061.4384
 UB     =         0.0000  IMP     =         0.0000  CMAP       =       142.3959
 1-4 NB =       691.9904  1-4 EEL =      9096.0871  VDWAALS    =      9704.2619
 EELEC  =   -107947.4648  EHBOND  =         0.0000  RESTRAINT  =         0.0000
 ------------------------------------------------------------------------------

wrapping first mol.:       21.89386       30.96260       53.62879
wrapping first mol.:       21.89386       30.96260       53.62879
wrapping first mol.:       21.89386       30.96260       53.62879
wrapping first mol.:       21.89386       30.96260       53.62879
wrapping first mol.:       21.89386       30.96260       53.62879
wrapping first mol.:       21.89386       30.96260       53.62879
wrapping first mol.:       21.89386       30.96260       53.62879
wrapping first mol.:       21.89386       30.96260       53.62879
wrapping first mol.:       21.89386       30.96260       53.62879
wrapping first mol.:       21.89386       30.96260       53.62879
wrapping first mol.:       21.89386       30.96260       53.62879

 NSTEP =   750000   TIME(PS) =    1500.000  TEMP(K) =   300.67  PRESS =     0.0
 Etot   =    -71276.6183  EKtot   =     13769.0840  EPtot      =    -85045.7023
 BOND   =       617.8060  ANGLE   =      1551.7402  DIHED      =      1070.1836
 UB     =         0.0000  IMP     =         0.0000  CMAP       =       132.6037
 1-4 NB =       683.4764  1-4 EEL =      9066.3632  VDWAALS    =      9518.3620
 EELEC  =   -107686.2373  EHBOND  =         0.0000  RESTRAINT  =         0.0000
 ------------------------------------------------------------------------------

wrapping first mol.:       21.89386       30.96260       53.62879
wrapping first mol.:       21.89386       30.96260       53.62879
wrapping first mol.:       21.89386       30.96260       53.62879
wrapping first mol.:       21.89386       30.96260       53.62879
wrapping first mol.:       21.89386       30.96260       53.62879
wrapping first mol.:       21.89386       30.96260       53.62879
wrapping first mol.:       21.89386       30.96260       53.62879
wrapping first mol.:       21.89386       30.96260       53.62879
wrapping first mol.:       21.89386       30.96260       53.62879
wrapping first mol.:       21.89386       30.96260       53.62879
wrapping first mol.:       21.89386       30.96260       53.62879

 NSTEP =   800000   TIME(PS) =    1600.000  TEMP(K) =   302.17  PRESS =     0.0
 Etot   =    -70946.5115  EKtot   =     13837.6787  EPtot      =    -84784.1902
 BOND   =       555.9474  ANGLE   =      1622.3541  DIHED      =      1091.1069
 UB     =         0.0000  IMP     =         0.0000  CMAP       =       136.8822
 1-4 NB =       683.4810  1-4 EEL =      9104.4603  VDWAALS    =      9297.1524
 EELEC  =   -107275.5744  EHBOND  =         0.0000  RESTRAINT  =         0.0000
 ------------------------------------------------------------------------------

wrapping first mol.:       21.89386       30.96260       53.62879
wrapping first mol.:       21.89386       30.96260       53.62879
wrapping first mol.:       21.89386       30.96260       53.62879
wrapping first mol.:       21.89386       30.96260       53.62879
wrapping first mol.:       21.89386       30.96260       53.62879
wrapping first mol.:       21.89386       30.96260       53.62879
wrapping first mol.:       21.89386       30.96260       53.62879
wrapping first mol.:       21.89386       30.96260       53.62879
wrapping first mol.:       21.89386       30.96260       53.62879
wrapping first mol.:       21.89386       30.96260       53.62879
wrapping first mol.:       21.89386       30.96260       53.62879

 NSTEP =   850000   TIME(PS) =    1700.000  TEMP(K) =   299.46  PRESS =     0.0
 Etot   =    -71356.1133  EKtot   =     13713.5283  EPtot      =    -85069.6416
 BOND   =       596.8864  ANGLE   =      1552.3944  DIHED      =      1056.0043
 UB     =         0.0000  IMP     =         0.0000  CMAP       =       152.6320
 1-4 NB =       688.8049  1-4 EEL =      9137.1946  VDWAALS    =      9516.9484
 EELEC  =   -107770.5065  EHBOND  =         0.0000  RESTRAINT  =         0.0000
 ------------------------------------------------------------------------------

wrapping first mol.:       21.89386       30.96260       53.62879
wrapping first mol.:       21.89386       30.96260       53.62879
wrapping first mol.:       21.89386       30.96260       53.62879
wrapping first mol.:       21.89386       30.96260       53.62879
wrapping first mol.:       21.89386       30.96260       53.62879
wrapping first mol.:       21.89386       30.96260       53.62879
wrapping first mol.:       21.89386       30.96260       53.62879
wrapping first mol.:       21.89386       30.96260       53.62879
wrapping first mol.:       21.89386       30.96260       53.62879
wrapping first mol.:       21.89386       30.96260       53.62879
wrapping first mol.:       21.89386       30.96260       53.62879

 NSTEP =   900000   TIME(PS) =    1800.000  TEMP(K) =   303.40  PRESS =     0.0
 Etot   =    -71247.2354  EKtot   =     13894.2354  EPtot      =    -85141.4708
 BOND   =       568.7416  ANGLE   =      1586.6670  DIHED      =      1076.3113
 UB     =         0.0000  IMP     =         0.0000  CMAP       =       137.1408
 1-4 NB =       698.3204  1-4 EEL =      9113.3370  VDWAALS    =      9320.0798
 EELEC  =   -107642.0686  EHBOND  =         0.0000  RESTRAINT  =         0.0000
 ------------------------------------------------------------------------------

wrapping first mol.:       21.89386       30.96260       53.62879
wrapping first mol.:       21.89386       30.96260       53.62879
wrapping first mol.:       21.89386       30.96260       53.62879
wrapping first mol.:       21.89386       30.96260       53.62879
wrapping first mol.:       21.89386       30.96260       53.62879
wrapping first mol.:       21.89386       30.96260       53.62879
wrapping first mol.:       21.89386       30.96260       53.62879
wrapping first mol.:       21.89386       30.96260       53.62879
wrapping first mol.:       21.89386       30.96260       53.62879
wrapping first mol.:       21.89386       30.96260       53.62879
wrapping first mol.:       21.89386       30.96260       53.62879

 NSTEP =   950000   TIME(PS) =    1900.000  TEMP(K) =   297.44  PRESS =     0.0
 Etot   =    -71366.7613  EKtot   =     13621.2627  EPtot      =    -84988.0240
 BOND   =       657.7928  ANGLE   =      1527.5615  DIHED      =      1092.5774
 UB     =         0.0000  IMP     =         0.0000  CMAP       =       140.1389
 1-4 NB =       694.4714  1-4 EEL =      9116.2078  VDWAALS    =      9528.0640
 EELEC  =   -107744.8377  EHBOND  =         0.0000  RESTRAINT  =         0.0000
 ------------------------------------------------------------------------------

wrapping first mol.:       21.89386       30.96260       53.62879
wrapping first mol.:       21.89386       30.96260       53.62879
wrapping first mol.:       21.89386       30.96260       53.62879
wrapping first mol.:       21.89386       30.96260       53.62879
wrapping first mol.:       21.89386       30.96260       53.62879
wrapping first mol.:       21.89386       30.96260       53.62879
wrapping first mol.:       21.89386       30.96260       53.62879
wrapping first mol.:       21.89386       30.96260       53.62879
wrapping first mol.:       21.89386       30.96260       53.62879
wrapping first mol.:       21.89386       30.96260       53.62879
wrapping first mol.:       21.89386       30.96260       53.62879

 NSTEP =  1000000   TIME(PS) =    2000.000  TEMP(K) =   301.66  PRESS =     0.0
 Etot   =    -71612.2964  EKtot   =     13814.3350  EPtot      =    -85426.6314
 BOND   =       562.9814  ANGLE   =      1574.1634  DIHED      =      1058.8123
 UB     =         0.0000  IMP     =         0.0000  CMAP       =       135.9863
 1-4 NB =       688.6761  1-4 EEL =      9140.8054  VDWAALS    =      9547.4942
 EELEC  =   -108135.5505  EHBOND  =         0.0000  RESTRAINT  =         0.0000
 ------------------------------------------------------------------------------

wrapping first mol.:       21.89386       30.96260       53.62879
wrapping first mol.:       21.89386       30.96260       53.62879
wrapping first mol.:       21.89386       30.96260       53.62879
wrapping first mol.:       21.89386       30.96260       53.62879
wrapping first mol.:       21.89386       30.96260       53.62879
wrapping first mol.:       21.89386       30.96260       53.62879
wrapping first mol.:       21.89386       30.96260       53.62879
wrapping first mol.:       21.89386       30.96260       53.62879
wrapping first mol.:       21.89386       30.96260       53.62879
wrapping first mol.:       21.89386       30.96260       53.62879
wrapping first mol.:       21.89386       30.96260       53.62879

 NSTEP =  1050000   TIME(PS) =    2100.000  TEMP(K) =   300.41  PRESS =     0.0
 Etot   =    -71269.0830  EKtot   =     13757.2168  EPtot      =    -85026.2998
 BOND   =       570.5944  ANGLE   =      1567.4147  DIHED      =      1074.5827
 UB     =         0.0000  IMP     =         0.0000  CMAP       =       145.3124
 1-4 NB =       700.6274  1-4 EEL =      9095.7577  VDWAALS    =      9539.2565
 EELEC  =   -107719.8456  EHBOND  =         0.0000  RESTRAINT  =         0.0000
 ------------------------------------------------------------------------------

wrapping first mol.:       21.89386       30.96260       53.62879
wrapping first mol.:       21.89386       30.96260       53.62879
wrapping first mol.:       21.89386       30.96260       53.62879
wrapping first mol.:       21.89386       30.96260       53.62879
wrapping first mol.:       21.89386       30.96260       53.62879
wrapping first mol.:       21.89386       30.96260       53.62879
wrapping first mol.:       21.89386       30.96260       53.62879
wrapping first mol.:       21.89386       30.96260       53.62879
wrapping first mol.:       21.89386       30.96260       53.62879
wrapping first mol.:       21.89386       30.96260       53.62879
wrapping first mol.:       21.89386       30.96260       53.62879

 NSTEP =  1100000   TIME(PS) =    2200.000  TEMP(K) =   301.26  PRESS =     0.0
 Etot   =    -71413.8240  EKtot   =     13796.3086  EPtot      =    -85210.1326
 BOND   =       566.8705  ANGLE   =      1567.9835  DIHED      =      1085.5250
 UB     =         0.0000  IMP     =         0.0000  CMAP       =       132.6579
 1-4 NB =       693.3240  1-4 EEL =      9110.0342  VDWAALS    =      9470.3362
 EELEC  =   -107836.8638  EHBOND  =         0.0000  RESTRAINT  =         0.0000
 ------------------------------------------------------------------------------

wrapping first mol.:       21.89386       30.96260       53.62879
wrapping first mol.:       21.89386       30.96260       53.62879
wrapping first mol.:       21.89386       30.96260       53.62879
wrapping first mol.:       21.89386       30.96260       53.62879
wrapping first mol.:       21.89386       30.96260       53.62879
wrapping first mol.:       21.89386       30.96260       53.62879
wrapping first mol.:       21.89386       30.96260       53.62879
wrapping first mol.:       21.89386       30.96260       53.62879
wrapping first mol.:       21.89386       30.96260       53.62879
wrapping first mol.:       21.89386       30.96260       53.62879
wrapping first mol.:       21.89386       30.96260       53.62879

 NSTEP =  1150000   TIME(PS) =    2300.000  TEMP(K) =   297.29  PRESS =     0.0
 Etot   =    -71497.0301  EKtot   =     13614.4463  EPtot      =    -85111.4764
 BOND   =       570.0020  ANGLE   =      1571.4400  DIHED      =      1048.1940
 UB     =         0.0000  IMP     =         0.0000  CMAP       =       139.7787
 1-4 NB =       694.9961  1-4 EEL =      9122.9262  VDWAALS    =      9333.1255
 EELEC  =   -107591.9390  EHBOND  =         0.0000  RESTRAINT  =         0.0000
 ------------------------------------------------------------------------------

wrapping first mol.:       21.89386       30.96260       53.62879
wrapping first mol.:       21.89386       30.96260       53.62879
wrapping first mol.:       21.89386       30.96260       53.62879
wrapping first mol.:       21.89386       30.96260       53.62879
wrapping first mol.:       21.89386       30.96260       53.62879
wrapping first mol.:       21.89386       30.96260       53.62879
wrapping first mol.:       21.89386       30.96260       53.62879
wrapping first mol.:       21.89386       30.96260       53.62879
wrapping first mol.:       21.89386       30.96260       53.62879
wrapping first mol.:       21.89386       30.96260       53.62879
wrapping first mol.:       21.89386       30.96260       53.62879

 NSTEP =  1200000   TIME(PS) =    2400.000  TEMP(K) =   299.28  PRESS =     0.0
 Etot   =    -71429.4241  EKtot   =     13705.3828  EPtot      =    -85134.8069
 BOND   =       553.2468  ANGLE   =      1522.7648  DIHED      =      1068.4932
 UB     =         0.0000  IMP     =         0.0000  CMAP       =       135.7358
 1-4 NB =       703.9723  1-4 EEL =      9073.5090  VDWAALS    =      9691.9473
 EELEC  =   -107884.4761  EHBOND  =         0.0000  RESTRAINT  =         0.0000
 ------------------------------------------------------------------------------

wrapping first mol.:       21.89386       30.96260       53.62879
wrapping first mol.:       21.89386       30.96260       53.62879
wrapping first mol.:       21.89386       30.96260       53.62879
wrapping first mol.:       21.89386       30.96260       53.62879
wrapping first mol.:       21.89386       30.96260       53.62879
wrapping first mol.:       21.89386       30.96260       53.62879
wrapping first mol.:       21.89386       30.96260       53.62879
wrapping first mol.:       21.89386       30.96260       53.62879
wrapping first mol.:       21.89386       30.96260       53.62879
wrapping first mol.:       21.89386       30.96260       53.62879
wrapping first mol.:       21.89386       30.96260       53.62879

 NSTEP =  1250000   TIME(PS) =    2500.000  TEMP(K) =   297.45  PRESS =     0.0
 Etot   =    -71392.3043  EKtot   =     13621.6641  EPtot      =    -85013.9684
 BOND   =       598.4223  ANGLE   =      1575.6869  DIHED      =      1061.9585
 UB     =         0.0000  IMP     =         0.0000  CMAP       =       146.8049
 1-4 NB =       708.4402  1-4 EEL =      9058.4776  VDWAALS    =      9518.8470
 EELEC  =   -107682.6057  EHBOND  =         0.0000  RESTRAINT  =         0.0000
 ------------------------------------------------------------------------------

wrapping first mol.:       21.89386       30.96260       53.62879
wrapping first mol.:       21.89386       30.96260       53.62879
wrapping first mol.:       21.89386       30.96260       53.62879
wrapping first mol.:       21.89386       30.96260       53.62879
wrapping first mol.:       21.89386       30.96260       53.62879
wrapping first mol.:       21.89386       30.96260       53.62879
wrapping first mol.:       21.89386       30.96260       53.62879
wrapping first mol.:       21.89386       30.96260       53.62879
wrapping first mol.:       21.89386       30.96260       53.62879
wrapping first mol.:       21.89386       30.96260       53.62879
wrapping first mol.:       21.89386       30.96260       53.62879

 NSTEP =  1300000   TIME(PS) =    2600.000  TEMP(K) =   301.82  PRESS =     0.0
 Etot   =    -71598.1101  EKtot   =     13822.0029  EPtot      =    -85420.1130
 BOND   =       576.8238  ANGLE   =      1583.0311  DIHED      =      1077.3503
 UB     =         0.0000  IMP     =         0.0000  CMAP       =       135.8057
 1-4 NB =       680.2793  1-4 EEL =      9112.0371  VDWAALS    =      9501.9285
 EELEC  =   -108087.3689  EHBOND  =         0.0000  RESTRAINT  =         0.0000
 ------------------------------------------------------------------------------

wrapping first mol.:       21.89386       30.96260       53.62879
wrapping first mol.:       21.89386       30.96260       53.62879
wrapping first mol.:       21.89386       30.96260       53.62879
wrapping first mol.:       21.89386       30.96260       53.62879
wrapping first mol.:       21.89386       30.96260       53.62879
wrapping first mol.:       21.89386       30.96260       53.62879
wrapping first mol.:       21.89386       30.96260       53.62879
wrapping first mol.:       21.89386       30.96260       53.62879
wrapping first mol.:       21.89386       30.96260       53.62879
wrapping first mol.:       21.89386       30.96260       53.62879
wrapping first mol.:       21.89386       30.96260       53.62879

 NSTEP =  1350000   TIME(PS) =    2700.000  TEMP(K) =   298.35  PRESS =     0.0
 Etot   =    -71413.8031  EKtot   =     13662.9502  EPtot      =    -85076.7533
 BOND   =       574.3636  ANGLE   =      1561.1681  DIHED      =      1064.4560
 UB     =         0.0000  IMP     =         0.0000  CMAP       =       138.1355
 1-4 NB =       683.5235  1-4 EEL =      9119.4732  VDWAALS    =      9440.2412
 EELEC  =   -107658.1144  EHBOND  =         0.0000  RESTRAINT  =         0.0000
 ------------------------------------------------------------------------------

wrapping first mol.:       21.89386       30.96260       53.62879
wrapping first mol.:       21.89386       30.96260       53.62879
wrapping first mol.:       21.89386       30.96260       53.62879
wrapping first mol.:       21.89386       30.96260       53.62879
wrapping first mol.:       21.89386       30.96260       53.62879
wrapping first mol.:       21.89386       30.96260       53.62879
wrapping first mol.:       21.89386       30.96260       53.62879
wrapping first mol.:       21.89386       30.96260       53.62879
wrapping first mol.:       21.89386       30.96260       53.62879
wrapping first mol.:       21.89386       30.96260       53.62879
wrapping first mol.:       21.89386       30.96260       53.62879

 NSTEP =  1400000   TIME(PS) =    2800.000  TEMP(K) =   299.71  PRESS =     0.0
 Etot   =    -71363.3404  EKtot   =     13725.0732  EPtot      =    -85088.4136
 BOND   =       586.3634  ANGLE   =      1513.0475  DIHED      =      1075.5289
 UB     =         0.0000  IMP     =         0.0000  CMAP       =       154.1255
 1-4 NB =       690.8984  1-4 EEL =      9090.6644  VDWAALS    =      9348.1011
 EELEC  =   -107547.1428  EHBOND  =         0.0000  RESTRAINT  =         0.0000
 ------------------------------------------------------------------------------

wrapping first mol.:       21.89386       30.96260       53.62879
wrapping first mol.:       21.89386       30.96260       53.62879
wrapping first mol.:       21.89386       30.96260       53.62879
wrapping first mol.:       21.89386       30.96260       53.62879
wrapping first mol.:       21.89386       30.96260       53.62879
wrapping first mol.:       21.89386       30.96260       53.62879
wrapping first mol.:       21.89386       30.96260       53.62879
wrapping first mol.:       21.89386       30.96260       53.62879
wrapping first mol.:       21.89386       30.96260       53.62879
wrapping first mol.:       21.89386       30.96260       53.62879
wrapping first mol.:       21.89386       30.96260       53.62879

 NSTEP =  1450000   TIME(PS) =    2900.000  TEMP(K) =   298.92  PRESS =     0.0
 Etot   =    -71715.3529  EKtot   =     13688.8428  EPtot      =    -85404.1957
 BOND   =       608.3923  ANGLE   =      1527.9130  DIHED      =      1063.5450
 UB     =         0.0000  IMP     =         0.0000  CMAP       =       134.7429
 1-4 NB =       682.4915  1-4 EEL =      9097.5746  VDWAALS    =      9541.7022
 EELEC  =   -108060.5571  EHBOND  =         0.0000  RESTRAINT  =         0.0000
 ------------------------------------------------------------------------------

wrapping first mol.:       21.89386       30.96260       53.62879
wrapping first mol.:       21.89386       30.96260       53.62879
wrapping first mol.:       21.89386       30.96260       53.62879
wrapping first mol.:       21.89386       30.96260       53.62879
wrapping first mol.:       21.89386       30.96260       53.62879
wrapping first mol.:       21.89386       30.96260       53.62879
wrapping first mol.:       21.89386       30.96260       53.62879
wrapping first mol.:       21.89386       30.96260       53.62879
wrapping first mol.:       21.89386       30.96260       53.62879
wrapping first mol.:       21.89386       30.96260       53.62879
wrapping first mol.:       21.89386       30.96260       53.62879

 NSTEP =  1500000   TIME(PS) =    3000.000  TEMP(K) =   301.20  PRESS =     0.0
 Etot   =    -71357.3895  EKtot   =     13793.5791  EPtot      =    -85150.9686
 BOND   =       593.9403  ANGLE   =      1561.1662  DIHED      =      1049.7083
 UB     =         0.0000  IMP     =         0.0000  CMAP       =       134.4186
 1-4 NB =       709.7249  1-4 EEL =      9075.7429  VDWAALS    =      9292.1213
 EELEC  =   -107567.7910  EHBOND  =         0.0000  RESTRAINT  =         0.0000
 ------------------------------------------------------------------------------

wrapping first mol.:       21.89386       30.96260       53.62879
wrapping first mol.:       21.89386       30.96260       53.62879
wrapping first mol.:       43.78772      -30.96259       53.62879
wrapping first mol.:       43.78772      -30.96259       53.62879
wrapping first mol.:       21.89386       30.96260       53.62879
wrapping first mol.:       43.78772      -30.96259       53.62879
wrapping first mol.:       21.89386       30.96260       53.62879
wrapping first mol.:       43.78772      -30.96259       53.62879
wrapping first mol.:       21.89386       30.96260       53.62879
wrapping first mol.:       43.78772      -30.96259       53.62879
wrapping first mol.:       43.78772      -30.96259       53.62879

 NSTEP =  1550000   TIME(PS) =    3100.000  TEMP(K) =   299.58  PRESS =     0.0
 Etot   =    -71606.4532  EKtot   =     13719.2305  EPtot      =    -85325.6837
 BOND   =       567.1400  ANGLE   =      1553.5643  DIHED      =      1078.7169
 UB     =         0.0000  IMP     =         0.0000  CMAP       =       142.0302
 1-4 NB =       690.2610  1-4 EEL =      9081.8870  VDWAALS    =      9290.4108
 EELEC  =   -107729.6939  EHBOND  =         0.0000  RESTRAINT  =         0.0000
 ------------------------------------------------------------------------------

wrapping first mol.:       43.78772      -30.96259       53.62879
wrapping first mol.:       43.78772      -30.96259       53.62879
wrapping first mol.:       21.89386       30.96260       53.62879
wrapping first mol.:       21.89386       30.96260       53.62879
wrapping first mol.:       21.89386       30.96260       53.62879
wrapping first mol.:       21.89386       30.96260       53.62879
wrapping first mol.:       21.89386       30.96260       53.62879
wrapping first mol.:       21.89386       30.96260       53.62879
wrapping first mol.:       21.89386       30.96260       53.62879
wrapping first mol.:       21.89386       30.96260       53.62879
wrapping first mol.:       21.89386       30.96260       53.62879

 NSTEP =  1600000   TIME(PS) =    3200.000  TEMP(K) =   301.23  PRESS =     0.0
 Etot   =    -71323.2127  EKtot   =     13794.6094  EPtot      =    -85117.8221
 BOND   =       616.7939  ANGLE   =      1548.9737  DIHED      =      1045.1601
 UB     =         0.0000  IMP     =         0.0000  CMAP       =       140.4787
 1-4 NB =       698.8802  1-4 EEL =      9081.4647  VDWAALS    =      9608.3526
 EELEC  =   -107857.9260  EHBOND  =         0.0000  RESTRAINT  =         0.0000
 ------------------------------------------------------------------------------

wrapping first mol.:       21.89386       30.96260       53.62879
wrapping first mol.:       21.89386       30.96260       53.62879
wrapping first mol.:       21.89386       30.96260       53.62879
wrapping first mol.:       21.89386       30.96260       53.62879
wrapping first mol.:       21.89386       30.96260       53.62879
wrapping first mol.:       21.89386       30.96260       53.62879
wrapping first mol.:       21.89386       30.96260       53.62879
wrapping first mol.:       21.89386       30.96260       53.62879
wrapping first mol.:       21.89386       30.96260       53.62879
wrapping first mol.:       21.89386       30.96260       53.62879
wrapping first mol.:       21.89386       30.96260       53.62879

 NSTEP =  1650000   TIME(PS) =    3300.000  TEMP(K) =   302.06  PRESS =     0.0
 Etot   =    -71371.2997  EKtot   =     13832.8623  EPtot      =    -85204.1621
 BOND   =       600.0143  ANGLE   =      1562.2023  DIHED      =      1054.8172
 UB     =         0.0000  IMP     =         0.0000  CMAP       =       149.8924
 1-4 NB =       676.0259  1-4 EEL =      9136.5972  VDWAALS    =      9417.0281
 EELEC  =   -107800.7394  EHBOND  =         0.0000  RESTRAINT  =         0.0000
 ------------------------------------------------------------------------------

wrapping first mol.:       21.89386       30.96260       53.62879
wrapping first mol.:       21.89386       30.96260       53.62879
wrapping first mol.:       43.78772      -30.96259       53.62879
wrapping first mol.:       21.89386       30.96260       53.62879
wrapping first mol.:       21.89386       30.96260       53.62879
wrapping first mol.:       21.89386       30.96260       53.62879
wrapping first mol.:       21.89386       30.96260       53.62879
wrapping first mol.:       21.89386       30.96260       53.62879
wrapping first mol.:       21.89386       30.96260       53.62879
wrapping first mol.:       21.89386       30.96260       53.62879
wrapping first mol.:       21.89386       30.96260       53.62879

 NSTEP =  1700000   TIME(PS) =    3400.000  TEMP(K) =   300.86  PRESS =     0.0
 Etot   =    -71184.6337  EKtot   =     13777.6982  EPtot      =    -84962.3319
 BOND   =       590.9137  ANGLE   =      1565.8333  DIHED      =      1075.5496
 UB     =         0.0000  IMP     =         0.0000  CMAP       =       137.8859
 1-4 NB =       688.0294  1-4 EEL =      9098.8699  VDWAALS    =      9416.8299
 EELEC  =   -107536.2436  EHBOND  =         0.0000  RESTRAINT  =         0.0000
 ------------------------------------------------------------------------------

wrapping first mol.:       21.89386       30.96260       53.62879
wrapping first mol.:       21.89386       30.96260       53.62879
wrapping first mol.:       21.89386       30.96260       53.62879
wrapping first mol.:       21.89386       30.96260       53.62879
wrapping first mol.:       21.89386       30.96260       53.62879
wrapping first mol.:       21.89386       30.96260       53.62879
wrapping first mol.:       21.89386       30.96260       53.62879
wrapping first mol.:       21.89386       30.96260       53.62879
wrapping first mol.:       21.89386       30.96260       53.62879
wrapping first mol.:       21.89386       30.96260       53.62879
wrapping first mol.:       21.89386       30.96260       53.62879

 NSTEP =  1750000   TIME(PS) =    3500.000  TEMP(K) =   298.68  PRESS =     0.0
 Etot   =    -71399.7141  EKtot   =     13678.1748  EPtot      =    -85077.8889
 BOND   =       555.7155  ANGLE   =      1568.5867  DIHED      =      1070.0137
 UB     =         0.0000  IMP     =         0.0000  CMAP       =       138.7619
 1-4 NB =       680.8883  1-4 EEL =      9096.3973  VDWAALS    =      9273.2706
 EELEC  =   -107461.5229  EHBOND  =         0.0000  RESTRAINT  =         0.0000
 ------------------------------------------------------------------------------

wrapping first mol.:       21.89386       30.96260       53.62879
wrapping first mol.:       21.89386       30.96260       53.62879
wrapping first mol.:       21.89386       30.96260       53.62879
wrapping first mol.:       21.89386       30.96260       53.62879
wrapping first mol.:       21.89386       30.96260       53.62879
wrapping first mol.:       21.89386       30.96260       53.62879
wrapping first mol.:       21.89386       30.96260       53.62879
wrapping first mol.:       21.89386       30.96260       53.62879
wrapping first mol.:       21.89386       30.96260       53.62879
wrapping first mol.:       21.89386       30.96260       53.62879
wrapping first mol.:       21.89386       30.96260       53.62879

 NSTEP =  1800000   TIME(PS) =    3600.000  TEMP(K) =   299.06  PRESS =     0.0
 Etot   =    -71801.2418  EKtot   =     13695.5107  EPtot      =    -85496.7525
 BOND   =       581.5355  ANGLE   =      1508.0693  DIHED      =      1058.7011
 UB     =         0.0000  IMP     =         0.0000  CMAP       =       143.0780
 1-4 NB =       677.1229  1-4 EEL =      9047.7373  VDWAALS    =      9513.7743
 EELEC  =   -108026.7710  EHBOND  =         0.0000  RESTRAINT  =         0.0000
 ------------------------------------------------------------------------------

wrapping first mol.:       21.89386       30.96260       53.62879
wrapping first mol.:       21.89386       30.96260       53.62879
wrapping first mol.:       21.89386       30.96260       53.62879
wrapping first mol.:       21.89386       30.96260       53.62879
wrapping first mol.:       21.89386       30.96260       53.62879
wrapping first mol.:       21.89386       30.96260       53.62879
wrapping first mol.:       21.89386       30.96260       53.62879
wrapping first mol.:       21.89386       30.96260       53.62879
wrapping first mol.:       21.89386       30.96260       53.62879
wrapping first mol.:       21.89386       30.96260       53.62879
wrapping first mol.:       21.89386       30.96260       53.62879

 NSTEP =  1850000   TIME(PS) =    3700.000  TEMP(K) =   299.87  PRESS =     0.0
 Etot   =    -71377.5484  EKtot   =     13732.4336  EPtot      =    -85109.9820
 BOND   =       573.9826  ANGLE   =      1570.9092  DIHED      =      1068.3443
 UB     =         0.0000  IMP     =         0.0000  CMAP       =       141.9308
 1-4 NB =       687.8313  1-4 EEL =      9086.5926  VDWAALS    =      9473.2843
 EELEC  =   -107712.8571  EHBOND  =         0.0000  RESTRAINT  =         0.0000
 ------------------------------------------------------------------------------

wrapping first mol.:       21.89386       30.96260       53.62879
wrapping first mol.:       21.89386       30.96260       53.62879
wrapping first mol.:       21.89386       30.96260       53.62879
wrapping first mol.:       21.89386       30.96260       53.62879
wrapping first mol.:       21.89386       30.96260       53.62879
wrapping first mol.:       21.89386       30.96260       53.62879
wrapping first mol.:       21.89386       30.96260       53.62879
wrapping first mol.:       21.89386       30.96260       53.62879
wrapping first mol.:       21.89386       30.96260       53.62879
wrapping first mol.:       21.89386       30.96260       53.62879
wrapping first mol.:       21.89386       30.96260       53.62879

 NSTEP =  1900000   TIME(PS) =    3800.000  TEMP(K) =   302.50  PRESS =     0.0
 Etot   =    -71379.7958  EKtot   =     13853.1592  EPtot      =    -85232.9550
 BOND   =       556.1941  ANGLE   =      1605.3129  DIHED      =      1069.7968
 UB     =         0.0000  IMP     =         0.0000  CMAP       =       134.5533
 1-4 NB =       701.1183  1-4 EEL =      9097.8275  VDWAALS    =      9303.4081
 EELEC  =   -107701.1661  EHBOND  =         0.0000  RESTRAINT  =         0.0000
 ------------------------------------------------------------------------------

wrapping first mol.:       21.89386       30.96260       53.62879
wrapping first mol.:       21.89386       30.96260       53.62879
wrapping first mol.:       21.89386       30.96260       53.62879
wrapping first mol.:       21.89386       30.96260       53.62879
wrapping first mol.:       21.89386       30.96260       53.62879
wrapping first mol.:       21.89386       30.96260       53.62879
wrapping first mol.:       21.89386       30.96260       53.62879
wrapping first mol.:       21.89386       30.96260       53.62879
wrapping first mol.:       21.89386       30.96260       53.62879
wrapping first mol.:       21.89386       30.96260       53.62879
wrapping first mol.:       21.89386       30.96260       53.62879

 NSTEP =  1950000   TIME(PS) =    3900.000  TEMP(K) =   299.66  PRESS =     0.0
 Etot   =    -71330.0464  EKtot   =     13723.0254  EPtot      =    -85053.0718
 BOND   =       601.3005  ANGLE   =      1618.4396  DIHED      =      1058.7541
 UB     =         0.0000  IMP     =         0.0000  CMAP       =       140.7154
 1-4 NB =       692.8483  1-4 EEL =      9084.0432  VDWAALS    =      9382.4593
 EELEC  =   -107631.6323  EHBOND  =         0.0000  RESTRAINT  =         0.0000
 ------------------------------------------------------------------------------

wrapping first mol.:       21.89386       30.96260       53.62879
wrapping first mol.:       21.89386       30.96260       53.62879
wrapping first mol.:       21.89386       30.96260       53.62879
wrapping first mol.:       21.89386       30.96260       53.62879
wrapping first mol.:       21.89386       30.96260       53.62879
wrapping first mol.:       21.89386       30.96260       53.62879
wrapping first mol.:       21.89386       30.96260       53.62879
wrapping first mol.:       21.89386       30.96260       53.62879
wrapping first mol.:       21.89386       30.96260       53.62879
wrapping first mol.:       21.89386       30.96260       53.62879
wrapping first mol.:       21.89386       30.96260       53.62879

 NSTEP =  2000000   TIME(PS) =    4000.000  TEMP(K) =   299.50  PRESS =     0.0
 Etot   =    -71466.4337  EKtot   =     13715.6963  EPtot      =    -85182.1300
 BOND   =       578.4857  ANGLE   =      1553.6993  DIHED      =      1072.2452
 UB     =         0.0000  IMP     =         0.0000  CMAP       =       141.9525
 1-4 NB =       685.6028  1-4 EEL =      9077.0973  VDWAALS    =      9635.6479
 EELEC  =   -107926.8607  EHBOND  =         0.0000  RESTRAINT  =         0.0000
 ------------------------------------------------------------------------------

wrapping first mol.:       21.89386       30.96260       53.62879
wrapping first mol.:       21.89386       30.96260       53.62879
wrapping first mol.:       21.89386       30.96260       53.62879
wrapping first mol.:       21.89386       30.96260       53.62879
wrapping first mol.:       21.89386       30.96260       53.62879
wrapping first mol.:       21.89386       30.96260       53.62879
wrapping first mol.:       21.89386       30.96260       53.62879
wrapping first mol.:       21.89386       30.96260       53.62879
wrapping first mol.:       21.89386       30.96260       53.62879
wrapping first mol.:       21.89386       30.96260       53.62879
wrapping first mol.:       21.89386       30.96260       53.62879

 NSTEP =  2050000   TIME(PS) =    4100.000  TEMP(K) =   297.97  PRESS =     0.0
 Etot   =    -71634.6109  EKtot   =     13645.4531  EPtot      =    -85280.0640
 BOND   =       592.5948  ANGLE   =      1532.2405  DIHED      =      1051.6455
 UB     =         0.0000  IMP     =         0.0000  CMAP       =       146.0387
 1-4 NB =       673.9248  1-4 EEL =      9028.6967  VDWAALS    =      9396.6717
 EELEC  =   -107701.8768  EHBOND  =         0.0000  RESTRAINT  =         0.0000
 ------------------------------------------------------------------------------

wrapping first mol.:       21.89386       30.96260       53.62879
wrapping first mol.:       21.89386       30.96260       53.62879
wrapping first mol.:       21.89386       30.96260       53.62879
wrapping first mol.:       21.89386       30.96260       53.62879
wrapping first mol.:       21.89386       30.96260       53.62879
wrapping first mol.:       21.89386       30.96260       53.62879
wrapping first mol.:       21.89386       30.96260       53.62879
wrapping first mol.:       21.89386       30.96260       53.62879
wrapping first mol.:       21.89386       30.96260       53.62879
wrapping first mol.:       21.89386       30.96260       53.62879
wrapping first mol.:       21.89386       30.96260       53.62879

 NSTEP =  2100000   TIME(PS) =    4200.000  TEMP(K) =   298.60  PRESS =     0.0
 Etot   =    -71351.7493  EKtot   =     13674.4502  EPtot      =    -85026.1995
 BOND   =       579.6099  ANGLE   =      1656.6791  DIHED      =      1062.6589
 UB     =         0.0000  IMP     =         0.0000  CMAP       =       143.1879
 1-4 NB =       671.8788  1-4 EEL =      9041.5272  VDWAALS    =      9236.8434
 EELEC  =   -107418.5845  EHBOND  =         0.0000  RESTRAINT  =         0.0000
 ------------------------------------------------------------------------------

wrapping first mol.:       21.89386       30.96260       53.62879
wrapping first mol.:       21.89386       30.96260       53.62879
wrapping first mol.:       21.89386       30.96260       53.62879
wrapping first mol.:       21.89386       30.96260       53.62879
wrapping first mol.:       21.89386       30.96260       53.62879
wrapping first mol.:       21.89386       30.96260       53.62879
wrapping first mol.:       21.89386       30.96260       53.62879
wrapping first mol.:       21.89386       30.96260       53.62879
wrapping first mol.:       21.89386       30.96260       53.62879
wrapping first mol.:       21.89386       30.96260       53.62879
wrapping first mol.:       21.89386       30.96260       53.62879

 NSTEP =  2150000   TIME(PS) =    4300.000  TEMP(K) =   296.96  PRESS =     0.0
 Etot   =    -71447.9392  EKtot   =     13599.4326  EPtot      =    -85047.3719
 BOND   =       567.6407  ANGLE   =      1539.5423  DIHED      =      1102.6350
 UB     =         0.0000  IMP     =         0.0000  CMAP       =       144.0601
 1-4 NB =       675.6413  1-4 EEL =      9016.6153  VDWAALS    =      9088.8186
 EELEC  =   -107182.3250  EHBOND  =         0.0000  RESTRAINT  =         0.0000
 ------------------------------------------------------------------------------

wrapping first mol.:       21.89386       30.96260       53.62879
wrapping first mol.:       21.89386       30.96260       53.62879
wrapping first mol.:       21.89386       30.96260       53.62879
wrapping first mol.:       21.89386       30.96260       53.62879
wrapping first mol.:       21.89386       30.96260       53.62879
wrapping first mol.:       21.89386       30.96260       53.62879
wrapping first mol.:       21.89386       30.96260       53.62879
wrapping first mol.:       21.89386       30.96260       53.62879
wrapping first mol.:       21.89386       30.96260       53.62879
wrapping first mol.:       21.89386       30.96260       53.62879
wrapping first mol.:       21.89386       30.96260       53.62879

 NSTEP =  2200000   TIME(PS) =    4400.000  TEMP(K) =   300.04  PRESS =     0.0
 Etot   =    -71343.6812  EKtot   =     13740.4365  EPtot      =    -85084.1177
 BOND   =       603.7489  ANGLE   =      1517.9705  DIHED      =      1032.1691
 UB     =         0.0000  IMP     =         0.0000  CMAP       =       153.3011
 1-4 NB =       684.2405  1-4 EEL =      9028.0294  VDWAALS    =      9165.5948
 EELEC  =   -107269.1721  EHBOND  =         0.0000  RESTRAINT  =         0.0000
 ------------------------------------------------------------------------------

wrapping first mol.:       21.89386       30.96260       53.62879
wrapping first mol.:       21.89386       30.96260       53.62879
wrapping first mol.:       21.89386       30.96260       53.62879
wrapping first mol.:       21.89386       30.96260       53.62879
wrapping first mol.:       21.89386       30.96260       53.62879
wrapping first mol.:       21.89386       30.96260       53.62879
wrapping first mol.:       21.89386       30.96260       53.62879
wrapping first mol.:       21.89386       30.96260       53.62879
wrapping first mol.:       21.89386       30.96260       53.62879
wrapping first mol.:       21.89386       30.96260       53.62879
wrapping first mol.:       21.89386       30.96260       53.62879

 NSTEP =  2250000   TIME(PS) =    4500.000  TEMP(K) =   302.43  PRESS =     0.0
 Etot   =    -71282.5771  EKtot   =     13849.9199  EPtot      =    -85132.4970
 BOND   =       586.4418  ANGLE   =      1577.9193  DIHED      =      1047.1720
 UB     =         0.0000  IMP     =         0.0000  CMAP       =       142.7884
 1-4 NB =       709.3107  1-4 EEL =      9070.2603  VDWAALS    =      9365.4674
 EELEC  =   -107631.8569  EHBOND  =         0.0000  RESTRAINT  =         0.0000
 ------------------------------------------------------------------------------

wrapping first mol.:       21.89386       30.96260       53.62879
wrapping first mol.:       21.89386       30.96260       53.62879
wrapping first mol.:       21.89386       30.96260       53.62879
wrapping first mol.:       21.89386       30.96260       53.62879
wrapping first mol.:       21.89386       30.96260       53.62879
wrapping first mol.:       21.89386       30.96260       53.62879
wrapping first mol.:       21.89386       30.96260       53.62879
wrapping first mol.:       21.89386       30.96260       53.62879
wrapping first mol.:       21.89386       30.96260       53.62879
wrapping first mol.:       21.89386       30.96260       53.62879
wrapping first mol.:       21.89386       30.96260       53.62879

 NSTEP =  2300000   TIME(PS) =    4600.000  TEMP(K) =   297.08  PRESS =     0.0
 Etot   =    -71397.5375  EKtot   =     13604.7998  EPtot      =    -85002.3373
 BOND   =       564.0413  ANGLE   =      1599.2480  DIHED      =      1022.2917
 UB     =         0.0000  IMP     =         0.0000  CMAP       =       151.5733
 1-4 NB =       668.1684  1-4 EEL =      9030.9460  VDWAALS    =      9537.2136
 EELEC  =   -107575.8196  EHBOND  =         0.0000  RESTRAINT  =         0.0000
 ------------------------------------------------------------------------------

wrapping first mol.:       21.89386       30.96260       53.62879
wrapping first mol.:       21.89386       30.96260       53.62879
wrapping first mol.:       21.89386       30.96260       53.62879
wrapping first mol.:       21.89386       30.96260       53.62879
wrapping first mol.:       21.89386       30.96260       53.62879
wrapping first mol.:       21.89386       30.96260       53.62879
wrapping first mol.:       21.89386       30.96260       53.62879
wrapping first mol.:       21.89386       30.96260       53.62879
wrapping first mol.:       21.89386       30.96260       53.62879
wrapping first mol.:       21.89386       30.96260       53.62879
wrapping first mol.:       21.89386       30.96260       53.62879

 NSTEP =  2350000   TIME(PS) =    4700.000  TEMP(K) =   296.16  PRESS =     0.0
 Etot   =    -71748.4161  EKtot   =     13562.7480  EPtot      =    -85311.1641
 BOND   =       562.7742  ANGLE   =      1521.2466  DIHED      =      1064.7321
 UB     =         0.0000  IMP     =         0.0000  CMAP       =       143.2650
 1-4 NB =       685.2455  1-4 EEL =      9079.9329  VDWAALS    =      9597.1352
 EELEC  =   -107965.4957  EHBOND  =         0.0000  RESTRAINT  =         0.0000
 ------------------------------------------------------------------------------

wrapping first mol.:       21.89386       30.96260       53.62879
wrapping first mol.:       21.89386       30.96260       53.62879
wrapping first mol.:       21.89386       30.96260       53.62879
wrapping first mol.:       21.89386       30.96260       53.62879
wrapping first mol.:       21.89386       30.96260       53.62879
wrapping first mol.:       21.89386       30.96260       53.62879
wrapping first mol.:       21.89386       30.96260       53.62879
wrapping first mol.:       21.89386       30.96260       53.62879
wrapping first mol.:       21.89386       30.96260       53.62879
wrapping first mol.:       21.89386       30.96260       53.62879
wrapping first mol.:       21.89386       30.96260       53.62879

 NSTEP =  2400000   TIME(PS) =    4800.000  TEMP(K) =   299.52  PRESS =     0.0
 Etot   =    -71129.9294  EKtot   =     13716.5205  EPtot      =    -84846.4499
 BOND   =       576.6775  ANGLE   =      1588.1889  DIHED      =      1080.3949
 UB     =         0.0000  IMP     =         0.0000  CMAP       =       140.7160
 1-4 NB =       697.6311  1-4 EEL =      9106.5096  VDWAALS    =      9520.8387
 EELEC  =   -107557.4066  EHBOND  =         0.0000  RESTRAINT  =         0.0000
 ------------------------------------------------------------------------------

wrapping first mol.:       21.89386       30.96260       53.62879
wrapping first mol.:       21.89386       30.96260       53.62879
wrapping first mol.:       21.89386       30.96260       53.62879
wrapping first mol.:       21.89386       30.96260       53.62879
wrapping first mol.:       21.89386       30.96260       53.62879
wrapping first mol.:       21.89386       30.96260       53.62879
wrapping first mol.:       21.89386       30.96260       53.62879
wrapping first mol.:       21.89386       30.96260       53.62879
wrapping first mol.:       21.89386       30.96260       53.62879
wrapping first mol.:       21.89386       30.96260       53.62879
wrapping first mol.:       21.89386       30.96260       53.62879

 NSTEP =  2450000   TIME(PS) =    4900.000  TEMP(K) =   296.83  PRESS =     0.0
 Etot   =    -71400.9675  EKtot   =     13593.2422  EPtot      =    -84994.2097
 BOND   =       549.9470  ANGLE   =      1614.2550  DIHED      =      1069.1320
 UB     =         0.0000  IMP     =         0.0000  CMAP       =       135.4535
 1-4 NB =       692.7322  1-4 EEL =      9091.1823  VDWAALS    =      9332.9194
 EELEC  =   -107479.8311  EHBOND  =         0.0000  RESTRAINT  =         0.0000
 ------------------------------------------------------------------------------

wrapping first mol.:       21.89386       30.96260       53.62879
wrapping first mol.:       21.89386       30.96260       53.62879
wrapping first mol.:       21.89386       30.96260       53.62879
wrapping first mol.:       21.89386       30.96260       53.62879
wrapping first mol.:       21.89386       30.96260       53.62879
wrapping first mol.:       21.89386       30.96260       53.62879
wrapping first mol.:       21.89386       30.96260       53.62879
wrapping first mol.:       21.89386       30.96260       53.62879
wrapping first mol.:       21.89386       30.96260       53.62879
wrapping first mol.:       21.89386       30.96260       53.62879
wrapping first mol.:       21.89386       30.96260       53.62879

 NSTEP =  2500000   TIME(PS) =    5000.000  TEMP(K) =   298.45  PRESS =     0.0
 Etot   =    -71609.2000  EKtot   =     13667.4717  EPtot      =    -85276.6717
 BOND   =       587.2005  ANGLE   =      1543.3445  DIHED      =      1048.0436
 UB     =         0.0000  IMP     =         0.0000  CMAP       =       129.2163
 1-4 NB =       676.4658  1-4 EEL =      9093.5864  VDWAALS    =      9232.0898
 EELEC  =   -107586.6186  EHBOND  =         0.0000  RESTRAINT  =         0.0000
 ------------------------------------------------------------------------------


      A V E R A G E S   O V E R      50 S T E P S


 NSTEP =  2500000   TIME(PS) =    5000.000  TEMP(K) =   299.82  PRESS =     0.0
 Etot   =    -71409.6454  EKtot   =     13730.3686  EPtot      =    -85140.0139
 BOND   =       579.7127  ANGLE   =      1561.1993  DIHED      =      1063.1459
 UB     =         0.0000  IMP     =         0.0000  CMAP       =       142.3702
 1-4 NB =       687.7102  1-4 EEL =      9090.0038  VDWAALS    =      9422.0189
 EELEC  =   -107686.1750  EHBOND  =         0.0000  RESTRAINT  =         0.0000
 ------------------------------------------------------------------------------


      R M S  F L U C T U A T I O N S


 NSTEP =  2500000   TIME(PS) =    5000.000  TEMP(K) =     1.74  PRESS =     0.0
 Etot   =       156.3036  EKtot   =        79.8246  EPtot      =       144.2111
 BOND   =        21.2270  ANGLE   =        30.0809  DIHED      =        15.7031
 UB     =         0.0000  IMP     =         0.0000  CMAP       =         6.0093
 1-4 NB =         9.6938  1-4 EEL =        32.1769  VDWAALS    =       148.9253
 EELEC  =       214.1433  EHBOND  =         0.0000  RESTRAINT  =         0.0000
 ------------------------------------------------------------------------------

--------------------------------------------------------------------------------
   5.  TIMINGS
--------------------------------------------------------------------------------

|  NonSetup CPU Time in Major Routines:
|
|     Routine           Sec        %
|     ------------------------------
|     Nonbond         608.88   12.36
|     Bond              0.00    0.00
|     Angle             0.00    0.00
|     Dihedral          0.00    0.00
|     Shake            20.69    0.42
|     RunMD          4294.05   87.15
|     Other             3.64    0.07
|     ------------------------------
|     Total          4927.27

|  PME Nonbond Pairlist CPU Time:
|
|     Routine              Sec        %
|     ---------------------------------
|     Set Up Cit           0.00    0.00
|     Build List           0.00    0.00
|     ---------------------------------
|     Total                0.00    0.00

|  PME Direct Force CPU Time:
|
|     Routine              Sec        %
|     ---------------------------------
|     NonBonded Calc       0.00    0.00
|     Exclude Masked       0.00    0.00
|     Other                1.95    0.04
|     ---------------------------------
|     Total                1.95    0.04

|  PME Reciprocal Force CPU Time:
|
|     Routine              Sec        %
|     ---------------------------------
|     1D bspline           0.00    0.00
|     Grid Charges         0.00    0.00
|     Scalar Sum           0.00    0.00
|     Gradient Sum         0.00    0.00
|     FFT                  0.00    0.00
|     ---------------------------------
|     Total                0.00    0.00

|  Final Performance Info:
|     -----------------------------------------------------
|     Average timings for last       1 steps:
|     Elapsed(s) =       0.00 Per Step(ms) =       0.21
|         ns/day =     825.89   seconds/ns =     104.61
|
|     Average timings for all steps:
|     Elapsed(s) =    4936.38 Per Step(ms) =       1.97
|         ns/day =      87.51   seconds/ns =     987.28
|     -----------------------------------------------------

|  Setup CPU time:            0.62 seconds
|  NonSetup CPU time:      4927.27 seconds
|  Total CPU time:         4927.89 seconds     1.37 hours

|  Setup wall time:           1    seconds
|  NonSetup wall time:     4936    seconds
|  Total wall time:        4937    seconds     1.37 hours
