
          -------------------------------------------------------
          Amber 18 PMEMD                              2018
          -------------------------------------------------------

| PMEMD implementation of SANDER, Release 18

| Run on 12/04/2020 at 09:37:50

|   Executable path: pmemd.cuda
| Working directory: /home/almacen/pbarletta/dynein/run/1f96/3_pdt
|          Hostname: Unknown
  [-O]verwriting output

File Assignments:
|   MDIN: pre_pdt.in                                                            
|  MDOUT: 0pdt.out                                                              
| INPCRD: 3_1f96.rst7                                                           
|   PARM: /home/almacen/pbarletta/dynein/top_files/1f96.prmtop                  
| RESTRT: 0p3_1f96.rst7                                                         
|   REFC: refc                                                                  
|  MDVEL: mdvel                                                                 
|   MDEN: mden                                                                  
|  MDCRD: 0p3_1f96.nc                                                           
| MDINFO: mdinfo                                                                
|  MDFRC: mdfrc                                                                 


 Here is the input file:

Production run                                                                 
&cntrl                                                                         
imin = 0,                           ! No Minimization                          
nmropt = 0,                         ! No NMR restraints read                   
                                                                               
! Nature and format of the input                                               
ntx = 5,                            ! Coordinates and velocities will be read  
irest = 1,                          ! Do not run a new simulation              
                                                                               
! Nature and format of the output                                              
ntxo = 1,                           ! rstrt file in ASCII format               
ntpr = 50000,                       ! inf in output every ntpr steps           
ntwr = 50000,                       ! rstrt file every ntwr steps              
ntwx = 5000,                        ! mdcrd file every ntwx steps              
ntwv = 0,                           ! mdvel without velocities                 
ntwe = 0,                           ! Energies and temperatures not written in 
idecomp = 0,                        ! No energy decomposition                  
iwrap = 1,                          ! Coordinates of the restart and mdcrd file
                                                                               
! Frozen or restrained atoms                                                   
ibelly = 0,                         ! No frozen atoms                          
ntr=0,                              ! Harmonic potential restraints            
                                                                               
! Molecular dynamics                                                           
nstlim = 2500000,                   ! Number of MD-steps                       
dt = 0.002,                         ! Time step                                
                                                                               
! Temperature regulation                                                       
ntt = 3,                            ! Langevin thermostat                      
gamma_ln = 2,                       ! Gamma constant for Langevin              
temp0 = 300.0,                      ! Reference T at which the system is to be 
tempi = 300.0,                      ! Initial T                                
ig = -1,                            ! Seed for the RNG                         
                                                                               
! P and V regulation                                                           
!barostat = 1,                      ! Berendsen barostat                       
!taup = 1,                          ! Pressure relaxation time                 
ntp = 0,                            ! constant V                               
ntb = 1,                            ! Periodic box for constant V              
                                                                               
! SHAKE variables                                                              
ntc = 2,                            ! Bonds involving H are constrained        
ntf = 2,                            ! Bond interaction involving H are ommited.
                                                                               
cut = 9.0,                          ! Nonbonded cutoff                         
/                                                                              
&end                                                                           


Note: ig = -1. Setting random seed to   587018 based on wallclock time in 
      microseconds.
| irandom = 1, using AMBER's internal random number generator (default).
 
|--------------------- INFORMATION ----------------------
| GPU (CUDA) Version of PMEMD in use: NVIDIA GPU IN USE.
|                    Version 18.0.0
| 
|                      03/25/2018
| 
| Implementation by:
|                    Ross C. Walker     (SDSC)
|                    Scott Le Grand     (nVIDIA)
| 
| Version 18 performance extensions by:
|                    David Cerutti     (Rutgers)
| 
| Precision model in use:
|      [SPFP] - Single Precision Forces, 64-bit Fixed Point
|               Accumulation. (Default)
| 
|--------------------------------------------------------
 
|----------------- CITATION INFORMATION -----------------
|
|    When publishing work that utilized the CUDA version
|    of AMBER, please cite the following in addition to
|    the regular AMBER citations:
|
|  - Romelia Salomon-Ferrer; Andreas W. Goetz; Duncan
|    Poole; Scott Le Grand; Ross C. Walker "Routine
|    microsecond molecular dynamics simulations with
|    AMBER - Part II: Particle Mesh Ewald", J. Chem.
|    Theory Comput., 2013, 9 (9), pp3878-3888,
|    DOI: 10.1021/ct400314y.
|
|  - Andreas W. Goetz; Mark J. Williamson; Dong Xu;
|    Duncan Poole; Scott Le Grand; Ross C. Walker
|    "Routine microsecond molecular dynamics simulations
|    with AMBER - Part I: Generalized Born", J. Chem.
|    Theory Comput., 2012, 8 (5), pp1542-1555.
|
|  - Scott Le Grand; Andreas W. Goetz; Ross C. Walker
|    "SPFP: Speed without compromise - a mixed precision
|    model for GPU accelerated molecular dynamics
|    simulations.", Comp. Phys. Comm., 2013, 184
|    pp374-380, DOI: 10.1016/j.cpc.2012.09.022
|
|--------------------------------------------------------
 
|------------------- GPU DEVICE INFO --------------------
|
|            CUDA_VISIBLE_DEVICES: 0
|   CUDA Capable Devices Detected:      1
|           CUDA Device ID in use:      0
|                CUDA Device Name: GeForce GTX 1080 Ti
|     CUDA Device Global Mem Size:  11178 MB
| CUDA Device Num Multiprocessors:     28
|           CUDA Device Core Freq:   1.72 GHz
|
|--------------------------------------------------------
 
 
| Conditional Compilation Defines Used:
| PUBFFT
| BINTRAJ
| CUDA
| EMIL

| Largest sphere to fit in unit cell has radius =    26.960

| New format PARM file being parsed.
| Version =    1.000 Date = 12/01/20 Time = 19:12:05

| Note: 1-4 EEL scale factors are being read from the topology file.

| Note: 1-4 VDW scale factors are being read from the topology file.
| Duplicated    0 dihedrals

| Duplicated    0 dihedrals

--------------------------------------------------------------------------------
   1.  RESOURCE   USE: 
--------------------------------------------------------------------------------

 getting new box info from bottom of inpcrd
 NATOM  =   29184 NTYPES =      19 NBONH =   21117 MBONA  =    8095
 NTHETH =    3438 MTHETA =    2092 NPHIH =    6828 MPHIA  =    6625
 NHPARM =       0 NPARM  =       0 NNB   =   62463 NRES   =    6727
 NBONA  =    8095 NTHETA =    2092 NPHIA =    6625 NUMBND =      77
 NUMANG =     180 NPTRA  =     202 NATYP =      39 NPHB   =       1
 IFBOX  =       2 NMXRS  =      24 IFCAP =       0 NEXTRA =    6537
 NCOPY  =       0


| Coordinate Index Table dimensions:    11   11   11
| Direct force subcell size =     6.0035    6.0035    6.0035

     BOX TYPE: TRUNCATED OCTAHEDRON

--------------------------------------------------------------------------------
   2.  CONTROL  DATA  FOR  THE  RUN
--------------------------------------------------------------------------------

default_name                                                                    

General flags:
     imin    =       0, nmropt  =       0

Nature and format of input:
     ntx     =       5, irest   =       1, ntrx    =       1

Nature and format of output:
     ntxo    =       1, ntpr    =   50000, ntrx    =       1, ntwr    =   50000
     iwrap   =       1, ntwx    =    5000, ntwv    =       0, ntwe    =       0
     ioutfm  =       1, ntwprt  =       0, idecomp =       0, rbornstat=      0

Potential function:
     ntf     =       2, ntb     =       1, igb     =       0, nsnb    =      25
     ipol    =       0, gbsa    =       0, iesp    =       0
     dielc   =   1.00000, cut     =   9.00000, intdiel =   1.00000

Frozen or restrained atoms:
     ibelly  =       0, ntr     =       0

Molecular dynamics:
     nstlim  =   2500000, nscm    =      1000, nrespa  =         1
     t       =   0.00000, dt      =   0.00200, vlimit  =  -1.00000

Langevin dynamics temperature regulation:
     ig      =  587018
     temp0   = 300.00000, tempi   = 300.00000, gamma_ln=   2.00000

SHAKE:
     ntc     =       2, jfastw  =       0
     tol     =   0.00001

| Intermolecular bonds treatment:
|     no_intermolecular_bonds =       1

| Energy averages sample interval:
|     ene_avg_sampling =   50000

Extra-points options:
     frameon =       1, chngmask=       1

Ewald parameters:
     verbose =       0, ew_type =       0, nbflag  =       1, use_pme =       1
     vdwmeth =       1, eedmeth =       1, netfrc  =       1
     Box X =   66.038   Box Y =   66.038   Box Z =   66.038
     Alpha =  109.471   Beta  =  109.471   Gamma =  109.471
     NFFT1 =   64       NFFT2 =   64       NFFT3 =   64
     Cutoff=    9.000   Tol   =0.100E-04
     Ewald Coefficient =  0.30768
     Interpolation order =    4
|      EXTRA_PTS, trim_bonds: num bonds BEFORE trim = 21117     0
|      EXTRA_PTS, trim_bonds: num bonds AFTER  trim = 21117     0
|      EXTRA_PTS, trim_bonds: num bonds BEFORE trim =  8095     0
|      EXTRA_PTS, trim_bonds: num bonds AFTER  trim =  1558     0
|      EXTRA_PTS, trim_theta: num angle BEFORE trim =  3438     0
|      EXTRA_PTS, trim_theta: num angle AFTER  trim =  3438     0
|      EXTRA_PTS, trim_theta: num angle BEFORE trim =  2092     0
|      EXTRA_PTS, trim_theta: num angle AFTER  trim =  2092     0
|      EXTRA_PTS, trim_phi:  num diheds BEFORE trim =  6828     0
|      EXTRA_PTS, trim_phi:  num diheds AFTER  trim =  6828     0
|      EXTRA_PTS, trim_phi:  num diheds BEFORE trim =  6625     0
|      EXTRA_PTS, trim_phi:  num diheds AFTER  trim =  6625     0

--------------------------------------------------------------------------------
   3.  ATOMIC COORDINATES AND VELOCITIES
--------------------------------------------------------------------------------

Cpptraj Generated Restart                                                       
 begin time read from input coords =     0.000 ps

 
 Number of triangulated 3-point waters found:     6537

     Sum of charges from parm topology file =   0.00003572
     Forcing neutrality...

| Dynamic Memory, Types Used:
| Reals              937842
| Integers          2109867

| Nonbonded Pairs Initial Allocation:     6653952

| GPU memory information (estimate):
| KB of GPU memory in use:         0
| KB of CPU memory in use:         0

--------------------------------------------------------------------------------
   4.  RESULTS
--------------------------------------------------------------------------------

wrapping first mol.:       22.01275       31.13073       53.92000
wrapping first mol.:       22.01275       31.13073       53.92000
wrapping first mol.:       22.01275       31.13073       53.92000
wrapping first mol.:       22.01275       31.13073       53.92000
wrapping first mol.:       22.01275       31.13073       53.92000
wrapping first mol.:       22.01275       31.13073       53.92000
wrapping first mol.:       22.01275       31.13073       53.92000
wrapping first mol.:       22.01275       31.13073       53.92000
wrapping first mol.:       22.01275       31.13073       53.92000
wrapping first mol.:       22.01275       31.13073       53.92000
wrapping first mol.:       22.01275       31.13073       53.92000

 NSTEP =    50000   TIME(PS) =     100.000  TEMP(K) =   301.87  PRESS =     0.0
 Etot   =    -72329.8991  EKtot   =     14044.2451  EPtot      =    -86374.1442
 BOND   =       564.1247  ANGLE   =      1596.7826  DIHED      =      1056.1441
 UB     =         0.0000  IMP     =         0.0000  CMAP       =       144.4046
 1-4 NB =       658.9269  1-4 EEL =     10347.9694  VDWAALS    =      9686.1131
 EELEC  =   -110428.6096  EHBOND  =         0.0000  RESTRAINT  =         0.0000
 ------------------------------------------------------------------------------

wrapping first mol.:       22.01275       31.13073       53.92000
wrapping first mol.:       22.01275       31.13073       53.92000
wrapping first mol.:       22.01275       31.13073       53.92000
wrapping first mol.:       22.01275       31.13073       53.92000
wrapping first mol.:       22.01275       31.13073       53.92000
wrapping first mol.:       22.01275       31.13073       53.92000
wrapping first mol.:       22.01275       31.13073       53.92000
wrapping first mol.:       22.01275       31.13073       53.92000
wrapping first mol.:       22.01275       31.13073       53.92000
wrapping first mol.:       22.01275       31.13073       53.92000
wrapping first mol.:       22.01275       31.13073       53.92000

 NSTEP =   100000   TIME(PS) =     200.000  TEMP(K) =   303.60  PRESS =     0.0
 Etot   =    -72269.8625  EKtot   =     14124.9219  EPtot      =    -86394.7844
 BOND   =       519.4465  ANGLE   =      1545.7927  DIHED      =      1026.1003
 UB     =         0.0000  IMP     =         0.0000  CMAP       =       143.6150
 1-4 NB =       683.1138  1-4 EEL =     10338.6859  VDWAALS    =      9837.0459
 EELEC  =   -110488.5844  EHBOND  =         0.0000  RESTRAINT  =         0.0000
 ------------------------------------------------------------------------------

wrapping first mol.:       22.01275       31.13073       53.92000
wrapping first mol.:       22.01275       31.13073       53.92000
wrapping first mol.:       22.01275       31.13073       53.92000
wrapping first mol.:       22.01275       31.13073       53.92000
wrapping first mol.:       22.01275       31.13073       53.92000
wrapping first mol.:       22.01275       31.13073       53.92000
wrapping first mol.:       22.01275       31.13073       53.92000
wrapping first mol.:       22.01275       31.13073       53.92000
wrapping first mol.:       22.01275       31.13073       53.92000
wrapping first mol.:       22.01275       31.13073       53.92000
wrapping first mol.:       22.01275       31.13073       53.92000

 NSTEP =   150000   TIME(PS) =     300.000  TEMP(K) =   300.09  PRESS =     0.0
 Etot   =    -72590.7067  EKtot   =     13961.3701  EPtot      =    -86552.0768
 BOND   =       558.8003  ANGLE   =      1623.5187  DIHED      =      1022.7933
 UB     =         0.0000  IMP     =         0.0000  CMAP       =       137.9579
 1-4 NB =       666.4360  1-4 EEL =     10368.8276  VDWAALS    =      9674.4126
 EELEC  =   -110604.8233  EHBOND  =         0.0000  RESTRAINT  =         0.0000
 ------------------------------------------------------------------------------

wrapping first mol.:       22.01275       31.13073       53.92000
wrapping first mol.:       22.01275       31.13073       53.92000
wrapping first mol.:       22.01275       31.13073       53.92000
wrapping first mol.:       22.01275       31.13073       53.92000
wrapping first mol.:       22.01275       31.13073       53.92000
wrapping first mol.:       22.01275       31.13073       53.92000
wrapping first mol.:       22.01275       31.13073       53.92000
wrapping first mol.:       22.01275       31.13073       53.92000
wrapping first mol.:       22.01275       31.13073       53.92000
wrapping first mol.:       22.01275       31.13073       53.92000
wrapping first mol.:       22.01275       31.13073       53.92000

 NSTEP =   200000   TIME(PS) =     400.000  TEMP(K) =   300.38  PRESS =     0.0
 Etot   =    -72454.9329  EKtot   =     13974.7754  EPtot      =    -86429.7083
 BOND   =       579.0618  ANGLE   =      1584.0381  DIHED      =      1036.8412
 UB     =         0.0000  IMP     =         0.0000  CMAP       =       140.6926
 1-4 NB =       677.1227  1-4 EEL =     10298.8323  VDWAALS    =     10009.8225
 EELEC  =   -110756.1195  EHBOND  =         0.0000  RESTRAINT  =         0.0000
 ------------------------------------------------------------------------------

wrapping first mol.:       22.01275       31.13073       53.92000
wrapping first mol.:       22.01275       31.13073       53.92000
wrapping first mol.:       22.01275       31.13073       53.92000
wrapping first mol.:       22.01275       31.13073       53.92000
wrapping first mol.:       22.01275       31.13073       53.92000
wrapping first mol.:       22.01275       31.13073       53.92000
wrapping first mol.:       22.01275       31.13073       53.92000
wrapping first mol.:       22.01275       31.13073       53.92000
wrapping first mol.:       22.01275       31.13073       53.92000
wrapping first mol.:       22.01275       31.13073       53.92000
wrapping first mol.:       22.01275       31.13073       53.92000

 NSTEP =   250000   TIME(PS) =     500.000  TEMP(K) =   297.54  PRESS =     0.0
 Etot   =    -72534.8124  EKtot   =     13842.6562  EPtot      =    -86377.4687
 BOND   =       551.0443  ANGLE   =      1591.4169  DIHED      =      1045.0852
 UB     =         0.0000  IMP     =         0.0000  CMAP       =       136.0525
 1-4 NB =       677.8294  1-4 EEL =     10382.9497  VDWAALS    =      9633.4990
 EELEC  =   -110395.3457  EHBOND  =         0.0000  RESTRAINT  =         0.0000
 ------------------------------------------------------------------------------

wrapping first mol.:       22.01275       31.13073       53.92000
wrapping first mol.:       22.01275       31.13073       53.92000
wrapping first mol.:       22.01275       31.13073       53.92000
wrapping first mol.:       22.01275       31.13073       53.92000
wrapping first mol.:       22.01275       31.13073       53.92000
wrapping first mol.:       22.01275       31.13073       53.92000
wrapping first mol.:       22.01275       31.13073       53.92000
wrapping first mol.:       22.01275       31.13073       53.92000
wrapping first mol.:       22.01275       31.13073       53.92000
wrapping first mol.:       22.01275       31.13073       53.92000
wrapping first mol.:       22.01275       31.13073       53.92000

 NSTEP =   300000   TIME(PS) =     600.000  TEMP(K) =   301.45  PRESS =     0.0
 Etot   =    -72475.8516  EKtot   =     14024.9043  EPtot      =    -86500.7559
 BOND   =       547.5835  ANGLE   =      1555.8507  DIHED      =      1050.8685
 UB     =         0.0000  IMP     =         0.0000  CMAP       =       134.9648
 1-4 NB =       683.0593  1-4 EEL =     10409.2764  VDWAALS    =      9674.8390
 EELEC  =   -110557.1982  EHBOND  =         0.0000  RESTRAINT  =         0.0000
 ------------------------------------------------------------------------------

wrapping first mol.:       22.01275       31.13073       53.92000
wrapping first mol.:       22.01275       31.13073       53.92000
wrapping first mol.:       22.01275       31.13073       53.92000
wrapping first mol.:       22.01275       31.13073       53.92000
wrapping first mol.:       22.01275       31.13073       53.92000
wrapping first mol.:       22.01275       31.13073       53.92000
wrapping first mol.:       22.01275       31.13073       53.92000
wrapping first mol.:       22.01275       31.13073       53.92000
wrapping first mol.:       22.01275       31.13073       53.92000
wrapping first mol.:       22.01275       31.13073       53.92000
wrapping first mol.:       22.01275       31.13073       53.92000

 NSTEP =   350000   TIME(PS) =     700.000  TEMP(K) =   298.01  PRESS =     0.0
 Etot   =    -72544.5540  EKtot   =     13864.6182  EPtot      =    -86409.1722
 BOND   =       567.4761  ANGLE   =      1642.8924  DIHED      =      1014.9066
 UB     =         0.0000  IMP     =         0.0000  CMAP       =       144.1155
 1-4 NB =       678.3173  1-4 EEL =     10368.9231  VDWAALS    =      9670.7462
 EELEC  =   -110496.5492  EHBOND  =         0.0000  RESTRAINT  =         0.0000
 ------------------------------------------------------------------------------

wrapping first mol.:       22.01275       31.13073       53.92000
wrapping first mol.:       22.01275       31.13073       53.92000
wrapping first mol.:       22.01275       31.13073       53.92000
wrapping first mol.:       22.01275       31.13073       53.92000
wrapping first mol.:       22.01275       31.13073       53.92000
wrapping first mol.:       22.01275       31.13073       53.92000
wrapping first mol.:       22.01275       31.13073       53.92000
wrapping first mol.:       22.01275       31.13073       53.92000
wrapping first mol.:       22.01275       31.13073       53.92000
wrapping first mol.:       22.01275       31.13073       53.92000
wrapping first mol.:       22.01275       31.13073       53.92000

 NSTEP =   400000   TIME(PS) =     800.000  TEMP(K) =   301.41  PRESS =     0.0
 Etot   =    -72294.7958  EKtot   =     14022.6562  EPtot      =    -86317.4521
 BOND   =       594.1685  ANGLE   =      1575.3033  DIHED      =      1069.4202
 UB     =         0.0000  IMP     =         0.0000  CMAP       =       142.5080
 1-4 NB =       658.8189  1-4 EEL =     10362.4996  VDWAALS    =      9285.9609
 EELEC  =   -110006.1314  EHBOND  =         0.0000  RESTRAINT  =         0.0000
 ------------------------------------------------------------------------------

wrapping first mol.:       22.01275       31.13073       53.92000
wrapping first mol.:       22.01275       31.13073       53.92000
wrapping first mol.:       22.01275       31.13073       53.92000
wrapping first mol.:       22.01275       31.13073       53.92000
wrapping first mol.:       22.01275       31.13073       53.92000
wrapping first mol.:       22.01275       31.13073       53.92000
wrapping first mol.:       22.01275       31.13073       53.92000
wrapping first mol.:       22.01275       31.13073       53.92000
wrapping first mol.:       22.01275       31.13073       53.92000
wrapping first mol.:       22.01275       31.13073       53.92000
wrapping first mol.:       22.01275       31.13073       53.92000

 NSTEP =   450000   TIME(PS) =     900.000  TEMP(K) =   298.98  PRESS =     0.0
 Etot   =    -72280.0382  EKtot   =     13909.8320  EPtot      =    -86189.8702
 BOND   =       592.9492  ANGLE   =      1568.7510  DIHED      =      1028.2473
 UB     =         0.0000  IMP     =         0.0000  CMAP       =       145.0458
 1-4 NB =       689.0319  1-4 EEL =     10356.0115  VDWAALS    =      9566.3032
 EELEC  =   -110136.2101  EHBOND  =         0.0000  RESTRAINT  =         0.0000
 ------------------------------------------------------------------------------

wrapping first mol.:       22.01275       31.13073       53.92000
wrapping first mol.:       22.01275       31.13073       53.92000
wrapping first mol.:       22.01275       31.13073       53.92000
wrapping first mol.:       22.01275       31.13073       53.92000
wrapping first mol.:       22.01275       31.13073       53.92000
wrapping first mol.:       22.01275       31.13073       53.92000
wrapping first mol.:       22.01275       31.13073       53.92000
wrapping first mol.:       22.01275       31.13073       53.92000
wrapping first mol.:       22.01275       31.13073       53.92000
wrapping first mol.:       22.01275       31.13073       53.92000
wrapping first mol.:       22.01275       31.13073       53.92000

 NSTEP =   500000   TIME(PS) =    1000.000  TEMP(K) =   298.55  PRESS =     0.0
 Etot   =    -72570.0111  EKtot   =     13889.7207  EPtot      =    -86459.7318
 BOND   =       534.7727  ANGLE   =      1579.5112  DIHED      =      1028.3744
 UB     =         0.0000  IMP     =         0.0000  CMAP       =       150.6040
 1-4 NB =       688.0762  1-4 EEL =     10394.0085  VDWAALS    =      9946.6431
 EELEC  =   -110781.7219  EHBOND  =         0.0000  RESTRAINT  =         0.0000
 ------------------------------------------------------------------------------

wrapping first mol.:       22.01275       31.13073       53.92000
wrapping first mol.:       22.01275       31.13073       53.92000
wrapping first mol.:       22.01275       31.13073       53.92000
wrapping first mol.:       22.01275       31.13073       53.92000
wrapping first mol.:       22.01275       31.13073       53.92000
wrapping first mol.:       22.01275       31.13073       53.92000
wrapping first mol.:       22.01275       31.13073       53.92000
wrapping first mol.:       22.01275       31.13073       53.92000
wrapping first mol.:       22.01275       31.13073       53.92000
wrapping first mol.:       22.01275       31.13073       53.92000
wrapping first mol.:       22.01275       31.13073       53.92000

 NSTEP =   550000   TIME(PS) =    1100.000  TEMP(K) =   303.05  PRESS =     0.0
 Etot   =    -72356.9661  EKtot   =     14099.2646  EPtot      =    -86456.2307
 BOND   =       536.6064  ANGLE   =      1596.2431  DIHED      =      1029.0509
 UB     =         0.0000  IMP     =         0.0000  CMAP       =       145.0046
 1-4 NB =       675.8306  1-4 EEL =     10420.5603  VDWAALS    =     10080.9147
 EELEC  =   -110940.4415  EHBOND  =         0.0000  RESTRAINT  =         0.0000
 ------------------------------------------------------------------------------

wrapping first mol.:       22.01275       31.13073       53.92000
wrapping first mol.:       22.01275       31.13073       53.92000
wrapping first mol.:       22.01275       31.13073       53.92000
wrapping first mol.:       22.01275       31.13073       53.92000
wrapping first mol.:       22.01275       31.13073       53.92000
wrapping first mol.:       22.01275       31.13073       53.92000
wrapping first mol.:       22.01275       31.13073       53.92000
wrapping first mol.:       22.01275       31.13073       53.92000
wrapping first mol.:       22.01275       31.13073       53.92000
wrapping first mol.:       22.01275       31.13073       53.92000
wrapping first mol.:       22.01275       31.13073       53.92000

 NSTEP =   600000   TIME(PS) =    1200.000  TEMP(K) =   298.35  PRESS =     0.0
 Etot   =    -72613.6775  EKtot   =     13880.4785  EPtot      =    -86494.1560
 BOND   =       551.5386  ANGLE   =      1563.9475  DIHED      =      1033.2258
 UB     =         0.0000  IMP     =         0.0000  CMAP       =       148.5551
 1-4 NB =       674.7000  1-4 EEL =     10325.9443  VDWAALS    =      9835.6769
 EELEC  =   -110627.7444  EHBOND  =         0.0000  RESTRAINT  =         0.0000
 ------------------------------------------------------------------------------

wrapping first mol.:       22.01275       31.13073       53.92000
wrapping first mol.:       22.01275       31.13073       53.92000
wrapping first mol.:       22.01275       31.13073       53.92000
wrapping first mol.:       22.01275       31.13073       53.92000
wrapping first mol.:       22.01275       31.13073       53.92000
wrapping first mol.:       22.01275       31.13073       53.92000
wrapping first mol.:       22.01275       31.13073       53.92000
wrapping first mol.:       22.01275       31.13073       53.92000
wrapping first mol.:       22.01275       31.13073       53.92000
wrapping first mol.:       22.01275       31.13073       53.92000
wrapping first mol.:       22.01275       31.13073       53.92000

 NSTEP =   650000   TIME(PS) =    1300.000  TEMP(K) =   299.66  PRESS =     0.0
 Etot   =    -72682.1032  EKtot   =     13941.2207  EPtot      =    -86623.3239
 BOND   =       546.3820  ANGLE   =      1574.2785  DIHED      =      1058.9221
 UB     =         0.0000  IMP     =         0.0000  CMAP       =       150.4541
 1-4 NB =       668.0982  1-4 EEL =     10326.7467  VDWAALS    =      9623.9539
 EELEC  =   -110572.1594  EHBOND  =         0.0000  RESTRAINT  =         0.0000
 ------------------------------------------------------------------------------

wrapping first mol.:       22.01275       31.13073       53.92000
wrapping first mol.:       22.01275       31.13073       53.92000
wrapping first mol.:       22.01275       31.13073       53.92000
wrapping first mol.:       22.01275       31.13073       53.92000
wrapping first mol.:       22.01275       31.13073       53.92000
wrapping first mol.:       22.01275       31.13073       53.92000
wrapping first mol.:       22.01275       31.13073       53.92000
wrapping first mol.:       22.01275       31.13073       53.92000
wrapping first mol.:       22.01275       31.13073       53.92000
wrapping first mol.:       22.01275       31.13073       53.92000
wrapping first mol.:       22.01275       31.13073       53.92000

 NSTEP =   700000   TIME(PS) =    1400.000  TEMP(K) =   298.57  PRESS =     0.0
 Etot   =    -72299.4095  EKtot   =     13890.4795  EPtot      =    -86189.8890
 BOND   =       571.3303  ANGLE   =      1640.7327  DIHED      =      1032.3714
 UB     =         0.0000  IMP     =         0.0000  CMAP       =       137.7723
 1-4 NB =       692.7565  1-4 EEL =     10362.9509  VDWAALS    =      9675.1566
 EELEC  =   -110302.9597  EHBOND  =         0.0000  RESTRAINT  =         0.0000
 ------------------------------------------------------------------------------

wrapping first mol.:       22.01275       31.13073       53.92000
wrapping first mol.:       22.01275       31.13073       53.92000
wrapping first mol.:       22.01275       31.13073       53.92000
wrapping first mol.:       22.01275       31.13073       53.92000
wrapping first mol.:       22.01275       31.13073       53.92000
wrapping first mol.:       22.01275       31.13073       53.92000
wrapping first mol.:       22.01275       31.13073       53.92000
wrapping first mol.:       22.01275       31.13073       53.92000
wrapping first mol.:       22.01275       31.13073       53.92000
wrapping first mol.:       22.01275       31.13073       53.92000
wrapping first mol.:       22.01275       31.13073       53.92000

 NSTEP =   750000   TIME(PS) =    1500.000  TEMP(K) =   301.20  PRESS =     0.0
 Etot   =    -72516.5500  EKtot   =     14013.2695  EPtot      =    -86529.8195
 BOND   =       561.9015  ANGLE   =      1590.5881  DIHED      =      1021.7061
 UB     =         0.0000  IMP     =         0.0000  CMAP       =       141.7621
 1-4 NB =       677.7084  1-4 EEL =     10414.8777  VDWAALS    =      9943.6919
 EELEC  =   -110882.0553  EHBOND  =         0.0000  RESTRAINT  =         0.0000
 ------------------------------------------------------------------------------

wrapping first mol.:       22.01275       31.13073       53.92000
wrapping first mol.:       22.01275       31.13073       53.92000
wrapping first mol.:       22.01275       31.13073       53.92000
wrapping first mol.:       22.01275       31.13073       53.92000
wrapping first mol.:       22.01275       31.13073       53.92000
wrapping first mol.:       22.01275       31.13073       53.92000
wrapping first mol.:       22.01275       31.13073       53.92000
wrapping first mol.:       22.01275       31.13073       53.92000
wrapping first mol.:       22.01275       31.13073       53.92000
wrapping first mol.:       22.01275       31.13073       53.92000
wrapping first mol.:       22.01275       31.13073       53.92000

 NSTEP =   800000   TIME(PS) =    1600.000  TEMP(K) =   300.23  PRESS =     0.0
 Etot   =    -72566.1665  EKtot   =     13968.0908  EPtot      =    -86534.2574
 BOND   =       562.6105  ANGLE   =      1602.3580  DIHED      =      1041.1810
 UB     =         0.0000  IMP     =         0.0000  CMAP       =       142.2721
 1-4 NB =       675.0461  1-4 EEL =     10352.2578  VDWAALS    =      9684.1975
 EELEC  =   -110594.1803  EHBOND  =         0.0000  RESTRAINT  =         0.0000
 ------------------------------------------------------------------------------

wrapping first mol.:       22.01275       31.13073       53.92000
wrapping first mol.:       22.01275       31.13073       53.92000
wrapping first mol.:       22.01275       31.13073       53.92000
wrapping first mol.:       22.01275       31.13073       53.92000
wrapping first mol.:       22.01275       31.13073       53.92000
wrapping first mol.:       22.01275       31.13073       53.92000
wrapping first mol.:       22.01275       31.13073       53.92000
wrapping first mol.:       22.01275       31.13073       53.92000
wrapping first mol.:       22.01275       31.13073       53.92000
wrapping first mol.:       22.01275       31.13073       53.92000
wrapping first mol.:       22.01275       31.13073       53.92000

 NSTEP =   850000   TIME(PS) =    1700.000  TEMP(K) =   301.69  PRESS =     0.0
 Etot   =    -72435.4894  EKtot   =     14035.7305  EPtot      =    -86471.2198
 BOND   =       592.5370  ANGLE   =      1583.2209  DIHED      =      1055.9289
 UB     =         0.0000  IMP     =         0.0000  CMAP       =       141.5985
 1-4 NB =       663.5382  1-4 EEL =     10364.8372  VDWAALS    =      9735.0879
 EELEC  =   -110607.9684  EHBOND  =         0.0000  RESTRAINT  =         0.0000
 ------------------------------------------------------------------------------

wrapping first mol.:       22.01275       31.13073       53.92000
wrapping first mol.:       22.01275       31.13073       53.92000
wrapping first mol.:       22.01275       31.13073       53.92000
wrapping first mol.:       22.01275       31.13073       53.92000
wrapping first mol.:       22.01275       31.13073       53.92000
wrapping first mol.:       22.01275       31.13073       53.92000
wrapping first mol.:       22.01275       31.13073       53.92000
wrapping first mol.:       22.01275       31.13073       53.92000
wrapping first mol.:       22.01275       31.13073       53.92000
wrapping first mol.:       22.01275       31.13073       53.92000
wrapping first mol.:       22.01275       31.13073       53.92000

 NSTEP =   900000   TIME(PS) =    1800.000  TEMP(K) =   300.15  PRESS =     0.0
 Etot   =    -72310.6144  EKtot   =     13964.2051  EPtot      =    -86274.8194
 BOND   =       579.4870  ANGLE   =      1588.5434  DIHED      =      1045.2701
 UB     =         0.0000  IMP     =         0.0000  CMAP       =       137.5659
 1-4 NB =       674.9108  1-4 EEL =     10335.4357  VDWAALS    =      9426.7807
 EELEC  =   -110062.8130  EHBOND  =         0.0000  RESTRAINT  =         0.0000
 ------------------------------------------------------------------------------

wrapping first mol.:       22.01275       31.13073       53.92000
wrapping first mol.:       22.01275       31.13073       53.92000
wrapping first mol.:       22.01275       31.13073       53.92000
wrapping first mol.:       22.01275       31.13073       53.92000
wrapping first mol.:       22.01275       31.13073       53.92000
wrapping first mol.:       22.01275       31.13073       53.92000
wrapping first mol.:       22.01275       31.13073       53.92000
wrapping first mol.:       22.01275       31.13073       53.92000
wrapping first mol.:       22.01275       31.13073       53.92000
wrapping first mol.:       22.01275       31.13073       53.92000
wrapping first mol.:       22.01275       31.13073       53.92000

 NSTEP =   950000   TIME(PS) =    1900.000  TEMP(K) =   298.25  PRESS =     0.0
 Etot   =    -72597.8596  EKtot   =     13875.8467  EPtot      =    -86473.7063
 BOND   =       558.9964  ANGLE   =      1566.8028  DIHED      =      1040.2118
 UB     =         0.0000  IMP     =         0.0000  CMAP       =       137.8162
 1-4 NB =       660.7702  1-4 EEL =     10381.8786  VDWAALS    =      9473.5455
 EELEC  =   -110293.7278  EHBOND  =         0.0000  RESTRAINT  =         0.0000
 ------------------------------------------------------------------------------

wrapping first mol.:       22.01275       31.13073       53.92000
wrapping first mol.:       22.01275       31.13073       53.92000
wrapping first mol.:       22.01275       31.13073       53.92000
wrapping first mol.:       22.01275       31.13073       53.92000
wrapping first mol.:       22.01275       31.13073       53.92000
wrapping first mol.:       22.01275       31.13073       53.92000
wrapping first mol.:       22.01275       31.13073       53.92000
wrapping first mol.:       22.01275       31.13073       53.92000
wrapping first mol.:       22.01275       31.13073       53.92000
wrapping first mol.:       22.01275       31.13073       53.92000
wrapping first mol.:       22.01275       31.13073       53.92000

 NSTEP =  1000000   TIME(PS) =    2000.000  TEMP(K) =   301.20  PRESS =     0.0
 Etot   =    -72362.6124  EKtot   =     14013.1289  EPtot      =    -86375.7413
 BOND   =       546.3547  ANGLE   =      1552.1514  DIHED      =      1038.6468
 UB     =         0.0000  IMP     =         0.0000  CMAP       =       146.1435
 1-4 NB =       659.4860  1-4 EEL =     10337.2476  VDWAALS    =      9574.5344
 EELEC  =   -110230.3058  EHBOND  =         0.0000  RESTRAINT  =         0.0000
 ------------------------------------------------------------------------------

wrapping first mol.:       22.01275       31.13073       53.92000
wrapping first mol.:       22.01275       31.13073       53.92000
wrapping first mol.:       22.01275       31.13073       53.92000
wrapping first mol.:       22.01275       31.13073       53.92000
wrapping first mol.:       22.01275       31.13073       53.92000
wrapping first mol.:       22.01275       31.13073       53.92000
wrapping first mol.:       22.01275       31.13073       53.92000
wrapping first mol.:       22.01275       31.13073       53.92000
wrapping first mol.:       22.01275       31.13073       53.92000
wrapping first mol.:       22.01275       31.13073       53.92000
wrapping first mol.:       22.01275       31.13073       53.92000

 NSTEP =  1050000   TIME(PS) =    2100.000  TEMP(K) =   299.68  PRESS =     0.0
 Etot   =    -72424.9130  EKtot   =     13942.1533  EPtot      =    -86367.0664
 BOND   =       576.7467  ANGLE   =      1602.2721  DIHED      =      1033.2471
 UB     =         0.0000  IMP     =         0.0000  CMAP       =       134.6183
 1-4 NB =       670.7473  1-4 EEL =     10314.5100  VDWAALS    =      9395.1417
 EELEC  =   -110094.3495  EHBOND  =         0.0000  RESTRAINT  =         0.0000
 ------------------------------------------------------------------------------

wrapping first mol.:       22.01275       31.13073       53.92000
wrapping first mol.:       22.01275       31.13073       53.92000
wrapping first mol.:       22.01275       31.13073       53.92000
wrapping first mol.:       22.01275       31.13073       53.92000
wrapping first mol.:       22.01275       31.13073       53.92000
wrapping first mol.:       22.01275       31.13073       53.92000
wrapping first mol.:       22.01275       31.13073       53.92000
wrapping first mol.:       22.01275       31.13073       53.92000
wrapping first mol.:       22.01275       31.13073       53.92000
wrapping first mol.:       22.01275       31.13073       53.92000
wrapping first mol.:       22.01275       31.13073       53.92000

 NSTEP =  1100000   TIME(PS) =    2200.000  TEMP(K) =   297.33  PRESS =     0.0
 Etot   =    -72651.8843  EKtot   =     13833.2070  EPtot      =    -86485.0913
 BOND   =       566.8058  ANGLE   =      1564.6183  DIHED      =      1012.9012
 UB     =         0.0000  IMP     =         0.0000  CMAP       =       124.1394
 1-4 NB =       670.5547  1-4 EEL =     10390.2525  VDWAALS    =      9670.1575
 EELEC  =   -110484.5208  EHBOND  =         0.0000  RESTRAINT  =         0.0000
 ------------------------------------------------------------------------------

wrapping first mol.:       22.01275       31.13073       53.92000
wrapping first mol.:       22.01275       31.13073       53.92000
wrapping first mol.:       22.01275       31.13073       53.92000
wrapping first mol.:       22.01275       31.13073       53.92000
wrapping first mol.:       22.01275       31.13073       53.92000
wrapping first mol.:       22.01275       31.13073       53.92000
wrapping first mol.:       22.01275       31.13073       53.92000
wrapping first mol.:       22.01275       31.13073       53.92000
wrapping first mol.:       22.01275       31.13073       53.92000
wrapping first mol.:       22.01275       31.13073       53.92000
wrapping first mol.:       22.01275       31.13073       53.92000

 NSTEP =  1150000   TIME(PS) =    2300.000  TEMP(K) =   297.84  PRESS =     0.0
 Etot   =    -72431.8585  EKtot   =     13856.8633  EPtot      =    -86288.7217
 BOND   =       554.9742  ANGLE   =      1582.3070  DIHED      =      1025.3070
 UB     =         0.0000  IMP     =         0.0000  CMAP       =       137.0391
 1-4 NB =       660.9689  1-4 EEL =     10297.1174  VDWAALS    =      9545.6946
 EELEC  =   -110092.1300  EHBOND  =         0.0000  RESTRAINT  =         0.0000
 ------------------------------------------------------------------------------

wrapping first mol.:       22.01275       31.13073       53.92000
wrapping first mol.:       22.01275       31.13073       53.92000
wrapping first mol.:       22.01275       31.13073       53.92000
wrapping first mol.:       22.01275       31.13073       53.92000
wrapping first mol.:       22.01275       31.13073       53.92000
wrapping first mol.:       22.01275       31.13073       53.92000
wrapping first mol.:       22.01275       31.13073       53.92000
wrapping first mol.:       22.01275       31.13073       53.92000
wrapping first mol.:       22.01275       31.13073       53.92000
wrapping first mol.:       22.01275       31.13073       53.92000
wrapping first mol.:       22.01275       31.13073       53.92000

 NSTEP =  1200000   TIME(PS) =    2400.000  TEMP(K) =   296.25  PRESS =     0.0
 Etot   =    -72770.2261  EKtot   =     13782.8301  EPtot      =    -86553.0561
 BOND   =       546.3553  ANGLE   =      1585.5369  DIHED      =      1028.4709
 UB     =         0.0000  IMP     =         0.0000  CMAP       =       144.5846
 1-4 NB =       649.6050  1-4 EEL =     10342.0536  VDWAALS    =      9556.3742
 EELEC  =   -110406.0365  EHBOND  =         0.0000  RESTRAINT  =         0.0000
 ------------------------------------------------------------------------------

wrapping first mol.:       22.01275       31.13073       53.92000
wrapping first mol.:       22.01275       31.13073       53.92000
wrapping first mol.:       22.01275       31.13073       53.92000
wrapping first mol.:       22.01275       31.13073       53.92000
wrapping first mol.:       22.01275       31.13073       53.92000
wrapping first mol.:       22.01275       31.13073       53.92000
wrapping first mol.:       22.01275       31.13073       53.92000
wrapping first mol.:       22.01275       31.13073       53.92000
wrapping first mol.:       22.01275       31.13073       53.92000
wrapping first mol.:       22.01275       31.13073       53.92000
wrapping first mol.:       22.01275       31.13073       53.92000

 NSTEP =  1250000   TIME(PS) =    2500.000  TEMP(K) =   302.03  PRESS =     0.0
 Etot   =    -72257.9643  EKtot   =     14051.8740  EPtot      =    -86309.8384
 BOND   =       605.4760  ANGLE   =      1594.8087  DIHED      =      1032.9553
 UB     =         0.0000  IMP     =         0.0000  CMAP       =       139.3045
 1-4 NB =       654.8009  1-4 EEL =     10265.3657  VDWAALS    =      9605.3577
 EELEC  =   -110207.9071  EHBOND  =         0.0000  RESTRAINT  =         0.0000
 ------------------------------------------------------------------------------

wrapping first mol.:       22.01275       31.13073       53.92000
wrapping first mol.:       22.01275       31.13073       53.92000
wrapping first mol.:       22.01275       31.13073       53.92000
wrapping first mol.:       22.01275       31.13073       53.92000
wrapping first mol.:       22.01275       31.13073       53.92000
wrapping first mol.:       22.01275       31.13073       53.92000
wrapping first mol.:       22.01275       31.13073       53.92000
wrapping first mol.:       22.01275       31.13073       53.92000
wrapping first mol.:       22.01275       31.13073       53.92000
wrapping first mol.:       22.01275       31.13073       53.92000
wrapping first mol.:       22.01275       31.13073       53.92000

 NSTEP =  1300000   TIME(PS) =    2600.000  TEMP(K) =   301.64  PRESS =     0.0
 Etot   =    -72487.3653  EKtot   =     14033.4766  EPtot      =    -86520.8419
 BOND   =       596.7348  ANGLE   =      1602.7628  DIHED      =      1011.5422
 UB     =         0.0000  IMP     =         0.0000  CMAP       =       138.9790
 1-4 NB =       668.0533  1-4 EEL =     10295.4504  VDWAALS    =      9873.0643
 EELEC  =   -110707.4287  EHBOND  =         0.0000  RESTRAINT  =         0.0000
 ------------------------------------------------------------------------------

wrapping first mol.:       22.01275       31.13073       53.92000
wrapping first mol.:       22.01275       31.13073       53.92000
wrapping first mol.:       22.01275       31.13073       53.92000
wrapping first mol.:       22.01275       31.13073       53.92000
wrapping first mol.:       22.01275       31.13073       53.92000
wrapping first mol.:       22.01275       31.13073       53.92000
wrapping first mol.:       22.01275       31.13073       53.92000
wrapping first mol.:       22.01275       31.13073       53.92000
wrapping first mol.:       22.01275       31.13073       53.92000
wrapping first mol.:       22.01275       31.13073       53.92000
wrapping first mol.:       22.01275       31.13073       53.92000

 NSTEP =  1350000   TIME(PS) =    2700.000  TEMP(K) =   304.61  PRESS =     0.0
 Etot   =    -72253.3535  EKtot   =     14171.7656  EPtot      =    -86425.1191
 BOND   =       542.6618  ANGLE   =      1600.1315  DIHED      =      1030.0091
 UB     =         0.0000  IMP     =         0.0000  CMAP       =       153.2623
 1-4 NB =       661.2273  1-4 EEL =     10319.9891  VDWAALS    =      9493.1855
 EELEC  =   -110225.5858  EHBOND  =         0.0000  RESTRAINT  =         0.0000
 ------------------------------------------------------------------------------

wrapping first mol.:       22.01275       31.13073       53.92000
wrapping first mol.:       22.01275       31.13073       53.92000
wrapping first mol.:       22.01275       31.13073       53.92000
wrapping first mol.:       22.01275       31.13073       53.92000
wrapping first mol.:       22.01275       31.13073       53.92000
wrapping first mol.:       22.01275       31.13073       53.92000
wrapping first mol.:       22.01275       31.13073       53.92000
wrapping first mol.:       22.01275       31.13073       53.92000
wrapping first mol.:       22.01275       31.13073       53.92000
wrapping first mol.:       22.01275       31.13073       53.92000
wrapping first mol.:       22.01275       31.13073       53.92000

 NSTEP =  1400000   TIME(PS) =    2800.000  TEMP(K) =   301.28  PRESS =     0.0
 Etot   =    -72638.5284  EKtot   =     14016.8096  EPtot      =    -86655.3380
 BOND   =       563.9718  ANGLE   =      1570.5951  DIHED      =      1027.9145
 UB     =         0.0000  IMP     =         0.0000  CMAP       =       139.9041
 1-4 NB =       674.4507  1-4 EEL =     10349.5205  VDWAALS    =      9638.3955
 EELEC  =   -110620.0901  EHBOND  =         0.0000  RESTRAINT  =         0.0000
 ------------------------------------------------------------------------------

wrapping first mol.:       22.01275       31.13073       53.92000
wrapping first mol.:       22.01275       31.13073       53.92000
wrapping first mol.:       22.01275       31.13073       53.92000
wrapping first mol.:       22.01275       31.13073       53.92000
wrapping first mol.:       22.01275       31.13073       53.92000
wrapping first mol.:       22.01275       31.13073       53.92000
wrapping first mol.:       22.01275       31.13073       53.92000
wrapping first mol.:       22.01275       31.13073       53.92000
wrapping first mol.:       22.01275       31.13073       53.92000
wrapping first mol.:       22.01275       31.13073       53.92000
wrapping first mol.:       22.01275       31.13073       53.92000

 NSTEP =  1450000   TIME(PS) =    2900.000  TEMP(K) =   297.99  PRESS =     0.0
 Etot   =    -72456.0489  EKtot   =     13863.8828  EPtot      =    -86319.9317
 BOND   =       546.9279  ANGLE   =      1575.2939  DIHED      =      1038.1136
 UB     =         0.0000  IMP     =         0.0000  CMAP       =       144.3166
 1-4 NB =       677.8619  1-4 EEL =     10354.8775  VDWAALS    =      9620.9034
 EELEC  =   -110278.2266  EHBOND  =         0.0000  RESTRAINT  =         0.0000
 ------------------------------------------------------------------------------

wrapping first mol.:       22.01275       31.13073       53.92000
wrapping first mol.:       22.01275       31.13073       53.92000
wrapping first mol.:       22.01275       31.13073       53.92000
wrapping first mol.:       22.01275       31.13073       53.92000
wrapping first mol.:       22.01275       31.13073       53.92000
wrapping first mol.:       22.01275       31.13073       53.92000
wrapping first mol.:       22.01275       31.13073       53.92000
wrapping first mol.:       22.01275       31.13073       53.92000
wrapping first mol.:       22.01275       31.13073       53.92000
wrapping first mol.:       22.01275       31.13073       53.92000
wrapping first mol.:       22.01275       31.13073       53.92000

 NSTEP =  1500000   TIME(PS) =    3000.000  TEMP(K) =   301.44  PRESS =     0.0
 Etot   =    -72295.4667  EKtot   =     14024.4189  EPtot      =    -86319.8856
 BOND   =       585.3645  ANGLE   =      1626.8883  DIHED      =      1045.1278
 UB     =         0.0000  IMP     =         0.0000  CMAP       =       154.1811
 1-4 NB =       667.4152  1-4 EEL =     10331.8653  VDWAALS    =      9691.8553
 EELEC  =   -110422.5830  EHBOND  =         0.0000  RESTRAINT  =         0.0000
 ------------------------------------------------------------------------------

wrapping first mol.:       22.01275       31.13073       53.92000
wrapping first mol.:       22.01275       31.13073       53.92000
wrapping first mol.:       22.01275       31.13073       53.92000
wrapping first mol.:       22.01275       31.13073       53.92000
wrapping first mol.:       22.01275       31.13073       53.92000
wrapping first mol.:       22.01275       31.13073       53.92000
wrapping first mol.:       22.01275       31.13073       53.92000
wrapping first mol.:       22.01275       31.13073       53.92000
wrapping first mol.:       22.01275       31.13073       53.92000
wrapping first mol.:       22.01275       31.13073       53.92000
wrapping first mol.:       22.01275       31.13073       53.92000

 NSTEP =  1550000   TIME(PS) =    3100.000  TEMP(K) =   300.72  PRESS =     0.0
 Etot   =    -72323.3370  EKtot   =     13990.5059  EPtot      =    -86313.8429
 BOND   =       581.7408  ANGLE   =      1559.4867  DIHED      =      1052.2129
 UB     =         0.0000  IMP     =         0.0000  CMAP       =       141.3658
 1-4 NB =       691.7905  1-4 EEL =     10402.5912  VDWAALS    =      9753.1372
 EELEC  =   -110496.1680  EHBOND  =         0.0000  RESTRAINT  =         0.0000
 ------------------------------------------------------------------------------

wrapping first mol.:       22.01275       31.13073       53.92000
wrapping first mol.:       22.01275       31.13073       53.92000
wrapping first mol.:       22.01275       31.13073       53.92000
wrapping first mol.:       22.01275       31.13073       53.92000
wrapping first mol.:       22.01275       31.13073       53.92000
wrapping first mol.:       22.01275       31.13073       53.92000
wrapping first mol.:       22.01275       31.13073       53.92000
wrapping first mol.:       22.01275       31.13073       53.92000
wrapping first mol.:       22.01275       31.13073       53.92000
wrapping first mol.:       22.01275       31.13073       53.92000
wrapping first mol.:       22.01275       31.13073       53.92000

 NSTEP =  1600000   TIME(PS) =    3200.000  TEMP(K) =   300.66  PRESS =     0.0
 Etot   =    -72426.2967  EKtot   =     13988.0742  EPtot      =    -86414.3709
 BOND   =       544.8608  ANGLE   =      1571.9686  DIHED      =      1021.9634
 UB     =         0.0000  IMP     =         0.0000  CMAP       =       146.6106
 1-4 NB =       674.8597  1-4 EEL =     10372.0118  VDWAALS    =      9598.8756
 EELEC  =   -110345.5214  EHBOND  =         0.0000  RESTRAINT  =         0.0000
 ------------------------------------------------------------------------------

wrapping first mol.:       22.01275       31.13073       53.92000
wrapping first mol.:       22.01275       31.13073       53.92000
wrapping first mol.:       22.01275       31.13073       53.92000
wrapping first mol.:       22.01275       31.13073       53.92000
wrapping first mol.:       22.01275       31.13073       53.92000
wrapping first mol.:       22.01275       31.13073       53.92000
wrapping first mol.:       22.01275       31.13073       53.92000
wrapping first mol.:       22.01275       31.13073       53.92000
wrapping first mol.:       22.01275       31.13073       53.92000
wrapping first mol.:       22.01275       31.13073       53.92000
wrapping first mol.:       22.01275       31.13073       53.92000

 NSTEP =  1650000   TIME(PS) =    3300.000  TEMP(K) =   299.37  PRESS =     0.0
 Etot   =    -72410.0160  EKtot   =     13927.8164  EPtot      =    -86337.8324
 BOND   =       572.5602  ANGLE   =      1553.7655  DIHED      =      1029.6422
 UB     =         0.0000  IMP     =         0.0000  CMAP       =       138.7771
 1-4 NB =       679.0577  1-4 EEL =     10397.0223  VDWAALS    =      9466.4368
 EELEC  =   -110175.0940  EHBOND  =         0.0000  RESTRAINT  =         0.0000
 ------------------------------------------------------------------------------

wrapping first mol.:       22.01275       31.13073       53.92000
wrapping first mol.:       22.01275       31.13073       53.92000
wrapping first mol.:       22.01275       31.13073       53.92000
wrapping first mol.:       22.01275       31.13073       53.92000
wrapping first mol.:       22.01275       31.13073       53.92000
wrapping first mol.:       22.01275       31.13073       53.92000
wrapping first mol.:       22.01275       31.13073       53.92000
wrapping first mol.:       22.01275       31.13073       53.92000
wrapping first mol.:       22.01275       31.13073       53.92000
wrapping first mol.:       22.01275       31.13073       53.92000
wrapping first mol.:       22.01275       31.13073       53.92000

 NSTEP =  1700000   TIME(PS) =    3400.000  TEMP(K) =   299.24  PRESS =     0.0
 Etot   =    -72556.4535  EKtot   =     13921.9678  EPtot      =    -86478.4213
 BOND   =       549.1023  ANGLE   =      1548.7573  DIHED      =      1027.5505
 UB     =         0.0000  IMP     =         0.0000  CMAP       =       143.0933
 1-4 NB =       680.1351  1-4 EEL =     10325.0244  VDWAALS    =      9728.2081
 EELEC  =   -110480.2923  EHBOND  =         0.0000  RESTRAINT  =         0.0000
 ------------------------------------------------------------------------------

wrapping first mol.:       22.01275       31.13073       53.92000
wrapping first mol.:       22.01275       31.13073       53.92000
wrapping first mol.:       22.01275       31.13073       53.92000
wrapping first mol.:       22.01275       31.13073       53.92000
wrapping first mol.:       22.01275       31.13073       53.92000
wrapping first mol.:       22.01275       31.13073       53.92000
wrapping first mol.:       22.01275       31.13073       53.92000
wrapping first mol.:       22.01275       31.13073       53.92000
wrapping first mol.:       22.01275       31.13073       53.92000
wrapping first mol.:       22.01275       31.13073       53.92000
wrapping first mol.:       22.01275       31.13073       53.92000

 NSTEP =  1750000   TIME(PS) =    3500.000  TEMP(K) =   299.91  PRESS =     0.0
 Etot   =    -72438.6843  EKtot   =     13952.9648  EPtot      =    -86391.6492
 BOND   =       569.8755  ANGLE   =      1543.4287  DIHED      =      1006.7673
 UB     =         0.0000  IMP     =         0.0000  CMAP       =       135.4646
 1-4 NB =       691.3142  1-4 EEL =     10403.9935  VDWAALS    =      9737.7087
 EELEC  =   -110480.2017  EHBOND  =         0.0000  RESTRAINT  =         0.0000
 ------------------------------------------------------------------------------

wrapping first mol.:       22.01275       31.13073       53.92000
wrapping first mol.:       22.01275       31.13073       53.92000
wrapping first mol.:       22.01275       31.13073       53.92000
wrapping first mol.:       22.01275       31.13073       53.92000
wrapping first mol.:       22.01275       31.13073       53.92000
wrapping first mol.:       22.01275       31.13073       53.92000
wrapping first mol.:       22.01275       31.13073       53.92000
wrapping first mol.:       22.01275       31.13073       53.92000
wrapping first mol.:       22.01275       31.13073       53.92000
wrapping first mol.:       22.01275       31.13073       53.92000
wrapping first mol.:       22.01275       31.13073       53.92000

 NSTEP =  1800000   TIME(PS) =    3600.000  TEMP(K) =   302.83  PRESS =     0.0
 Etot   =    -72492.9079  EKtot   =     14088.9639  EPtot      =    -86581.8718
 BOND   =       559.7853  ANGLE   =      1602.0034  DIHED      =      1049.4685
 UB     =         0.0000  IMP     =         0.0000  CMAP       =       154.1857
 1-4 NB =       655.2683  1-4 EEL =     10330.7400  VDWAALS    =      9801.8196
 EELEC  =   -110735.1426  EHBOND  =         0.0000  RESTRAINT  =         0.0000
 ------------------------------------------------------------------------------

wrapping first mol.:       22.01275       31.13073       53.92000
wrapping first mol.:       22.01275       31.13073       53.92000
wrapping first mol.:       22.01275       31.13073       53.92000
wrapping first mol.:       22.01275       31.13073       53.92000
wrapping first mol.:       22.01275       31.13073       53.92000
wrapping first mol.:       22.01275       31.13073       53.92000
wrapping first mol.:       22.01275       31.13073       53.92000
wrapping first mol.:       22.01275       31.13073       53.92000
wrapping first mol.:       22.01275       31.13073       53.92000
wrapping first mol.:       22.01275       31.13073       53.92000
wrapping first mol.:       22.01275       31.13073       53.92000

 NSTEP =  1850000   TIME(PS) =    3700.000  TEMP(K) =   299.84  PRESS =     0.0
 Etot   =    -72419.1849  EKtot   =     13949.7676  EPtot      =    -86368.9524
 BOND   =       574.3788  ANGLE   =      1649.5188  DIHED      =      1035.5785
 UB     =         0.0000  IMP     =         0.0000  CMAP       =       135.9365
 1-4 NB =       658.6224  1-4 EEL =     10368.1688  VDWAALS    =      9803.5894
 EELEC  =   -110594.7456  EHBOND  =         0.0000  RESTRAINT  =         0.0000
 ------------------------------------------------------------------------------

wrapping first mol.:       22.01275       31.13073       53.92000
wrapping first mol.:       22.01275       31.13073       53.92000
wrapping first mol.:       22.01275       31.13073       53.92000
wrapping first mol.:       22.01275       31.13073       53.92000
wrapping first mol.:       22.01275       31.13073       53.92000
wrapping first mol.:       22.01275       31.13073       53.92000
wrapping first mol.:       22.01275       31.13073       53.92000
wrapping first mol.:       22.01275       31.13073       53.92000
wrapping first mol.:       22.01275       31.13073       53.92000
wrapping first mol.:       22.01275       31.13073       53.92000
wrapping first mol.:       22.01275       31.13073       53.92000

 NSTEP =  1900000   TIME(PS) =    3800.000  TEMP(K) =   303.22  PRESS =     0.0
 Etot   =    -72118.8877  EKtot   =     14107.1172  EPtot      =    -86226.0049
 BOND   =       588.9767  ANGLE   =      1560.4457  DIHED      =      1022.0649
 UB     =         0.0000  IMP     =         0.0000  CMAP       =       133.2626
 1-4 NB =       676.9762  1-4 EEL =     10345.0603  VDWAALS    =      9448.7772
 EELEC  =   -110001.5685  EHBOND  =         0.0000  RESTRAINT  =         0.0000
 ------------------------------------------------------------------------------

wrapping first mol.:       22.01275       31.13073       53.92000
wrapping first mol.:       22.01275       31.13073       53.92000
wrapping first mol.:       22.01275       31.13073       53.92000
wrapping first mol.:       22.01275       31.13073       53.92000
wrapping first mol.:       22.01275       31.13073       53.92000
wrapping first mol.:       22.01275       31.13073       53.92000
wrapping first mol.:       22.01275       31.13073       53.92000
wrapping first mol.:       22.01275       31.13073       53.92000
wrapping first mol.:       22.01275       31.13073       53.92000
wrapping first mol.:       22.01275       31.13073       53.92000
wrapping first mol.:       22.01275       31.13073       53.92000

 NSTEP =  1950000   TIME(PS) =    3900.000  TEMP(K) =   302.91  PRESS =     0.0
 Etot   =    -72292.5995  EKtot   =     14092.8535  EPtot      =    -86385.4530
 BOND   =       583.4581  ANGLE   =      1590.6701  DIHED      =      1055.4580
 UB     =         0.0000  IMP     =         0.0000  CMAP       =       144.0783
 1-4 NB =       671.4892  1-4 EEL =     10350.2456  VDWAALS    =      9689.6922
 EELEC  =   -110470.5445  EHBOND  =         0.0000  RESTRAINT  =         0.0000
 ------------------------------------------------------------------------------

wrapping first mol.:       22.01275       31.13073       53.92000
wrapping first mol.:       22.01275       31.13073       53.92000
wrapping first mol.:       22.01275       31.13073       53.92000
wrapping first mol.:       22.01275       31.13073       53.92000
wrapping first mol.:       22.01275       31.13073       53.92000
wrapping first mol.:       22.01275       31.13073       53.92000
wrapping first mol.:       22.01275       31.13073       53.92000
wrapping first mol.:       22.01275       31.13073       53.92000
wrapping first mol.:       22.01275       31.13073       53.92000
wrapping first mol.:       22.01275       31.13073       53.92000
wrapping first mol.:       22.01275       31.13073       53.92000

 NSTEP =  2000000   TIME(PS) =    4000.000  TEMP(K) =   297.56  PRESS =     0.0
 Etot   =    -72569.8574  EKtot   =     13843.5654  EPtot      =    -86413.4228
 BOND   =       574.7113  ANGLE   =      1591.5587  DIHED      =      1019.2016
 UB     =         0.0000  IMP     =         0.0000  CMAP       =       137.1408
 1-4 NB =       661.2434  1-4 EEL =     10345.0964  VDWAALS    =      9538.1072
 EELEC  =   -110280.4822  EHBOND  =         0.0000  RESTRAINT  =         0.0000
 ------------------------------------------------------------------------------

wrapping first mol.:       22.01275       31.13073       53.92000
wrapping first mol.:       22.01275       31.13073       53.92000
wrapping first mol.:       22.01275       31.13073       53.92000
wrapping first mol.:       22.01275       31.13073       53.92000
wrapping first mol.:       22.01275       31.13073       53.92000
wrapping first mol.:       22.01275       31.13073       53.92000
wrapping first mol.:       22.01275       31.13073       53.92000
wrapping first mol.:       22.01275       31.13073       53.92000
wrapping first mol.:       22.01275       31.13073       53.92000
wrapping first mol.:       22.01275       31.13073       53.92000
wrapping first mol.:       22.01275       31.13073       53.92000

 NSTEP =  2050000   TIME(PS) =    4100.000  TEMP(K) =   299.85  PRESS =     0.0
 Etot   =    -72335.5007  EKtot   =     13950.0928  EPtot      =    -86285.5935
 BOND   =       537.6599  ANGLE   =      1586.8993  DIHED      =      1036.4220
 UB     =         0.0000  IMP     =         0.0000  CMAP       =       140.9572
 1-4 NB =       666.5604  1-4 EEL =     10327.0066  VDWAALS    =      9615.2805
 EELEC  =   -110196.3792  EHBOND  =         0.0000  RESTRAINT  =         0.0000
 ------------------------------------------------------------------------------

wrapping first mol.:       22.01275       31.13073       53.92000
wrapping first mol.:       22.01275       31.13073       53.92000
wrapping first mol.:       22.01275       31.13073       53.92000
wrapping first mol.:       22.01275       31.13073       53.92000
wrapping first mol.:       22.01275       31.13073       53.92000
wrapping first mol.:       22.01275       31.13073       53.92000
wrapping first mol.:       22.01275       31.13073       53.92000
wrapping first mol.:       22.01275       31.13073       53.92000
wrapping first mol.:       22.01275       31.13073       53.92000
wrapping first mol.:       22.01275       31.13073       53.92000
wrapping first mol.:       22.01275       31.13073       53.92000

 NSTEP =  2100000   TIME(PS) =    4200.000  TEMP(K) =   301.64  PRESS =     0.0
 Etot   =    -72154.8775  EKtot   =     14033.3154  EPtot      =    -86188.1929
 BOND   =       581.1047  ANGLE   =      1583.9001  DIHED      =      1050.3086
 UB     =         0.0000  IMP     =         0.0000  CMAP       =       133.0123
 1-4 NB =       668.8292  1-4 EEL =     10302.5847  VDWAALS    =      9577.9399
 EELEC  =   -110085.8724  EHBOND  =         0.0000  RESTRAINT  =         0.0000
 ------------------------------------------------------------------------------

wrapping first mol.:       22.01275       31.13073       53.92000
wrapping first mol.:       22.01275       31.13073       53.92000
wrapping first mol.:       22.01275       31.13073       53.92000
wrapping first mol.:       22.01275       31.13073       53.92000
wrapping first mol.:       22.01275       31.13073       53.92000
wrapping first mol.:       22.01275       31.13073       53.92000
wrapping first mol.:       22.01275       31.13073       53.92000
wrapping first mol.:       22.01275       31.13073       53.92000
wrapping first mol.:       22.01275       31.13073       53.92000
wrapping first mol.:       22.01275       31.13073       53.92000
wrapping first mol.:       22.01275       31.13073       53.92000

 NSTEP =  2150000   TIME(PS) =    4300.000  TEMP(K) =   303.05  PRESS =     0.0
 Etot   =    -72511.6426  EKtot   =     14099.1504  EPtot      =    -86610.7930
 BOND   =       551.3730  ANGLE   =      1579.8399  DIHED      =      1043.0724
 UB     =         0.0000  IMP     =         0.0000  CMAP       =       137.4152
 1-4 NB =       678.8003  1-4 EEL =     10310.5026  VDWAALS    =      9693.1815
 EELEC  =   -110604.9778  EHBOND  =         0.0000  RESTRAINT  =         0.0000
 ------------------------------------------------------------------------------

wrapping first mol.:       22.01275       31.13073       53.92000
wrapping first mol.:       22.01275       31.13073       53.92000
wrapping first mol.:       22.01275       31.13073       53.92000
wrapping first mol.:       22.01275       31.13073       53.92000
wrapping first mol.:       22.01275       31.13073       53.92000
wrapping first mol.:       22.01275       31.13073       53.92000
wrapping first mol.:       22.01275       31.13073       53.92000
wrapping first mol.:       22.01275       31.13073       53.92000
wrapping first mol.:       22.01275       31.13073       53.92000
wrapping first mol.:       22.01275       31.13073       53.92000
wrapping first mol.:       22.01275       31.13073       53.92000

 NSTEP =  2200000   TIME(PS) =    4400.000  TEMP(K) =   299.64  PRESS =     0.0
 Etot   =    -72549.3568  EKtot   =     13940.3701  EPtot      =    -86489.7270
 BOND   =       561.9160  ANGLE   =      1593.9532  DIHED      =      1033.5527
 UB     =         0.0000  IMP     =         0.0000  CMAP       =       130.7007
 1-4 NB =       675.3188  1-4 EEL =     10344.7781  VDWAALS    =      9831.0818
 EELEC  =   -110661.0282  EHBOND  =         0.0000  RESTRAINT  =         0.0000
 ------------------------------------------------------------------------------

wrapping first mol.:       22.01275       31.13073       53.92000
wrapping first mol.:       22.01275       31.13073       53.92000
wrapping first mol.:       22.01275       31.13073       53.92000
wrapping first mol.:       22.01275       31.13073       53.92000
wrapping first mol.:       22.01275       31.13073       53.92000
wrapping first mol.:       22.01275       31.13073       53.92000
wrapping first mol.:       22.01275       31.13073       53.92000
wrapping first mol.:       22.01275       31.13073       53.92000
wrapping first mol.:       22.01275       31.13073       53.92000
wrapping first mol.:       22.01275       31.13073       53.92000
wrapping first mol.:       22.01275       31.13073       53.92000

 NSTEP =  2250000   TIME(PS) =    4500.000  TEMP(K) =   300.04  PRESS =     0.0
 Etot   =    -72256.1959  EKtot   =     13959.2920  EPtot      =    -86215.4879
 BOND   =       575.6591  ANGLE   =      1608.6649  DIHED      =      1022.7986
 UB     =         0.0000  IMP     =         0.0000  CMAP       =       137.2273
 1-4 NB =       666.5463  1-4 EEL =     10292.4029  VDWAALS    =      9739.1507
 EELEC  =   -110257.9377  EHBOND  =         0.0000  RESTRAINT  =         0.0000
 ------------------------------------------------------------------------------

wrapping first mol.:       22.01275       31.13073       53.92000
wrapping first mol.:       22.01275       31.13073       53.92000
wrapping first mol.:       22.01275       31.13073       53.92000
wrapping first mol.:       22.01275       31.13073       53.92000
wrapping first mol.:       22.01275       31.13073       53.92000
wrapping first mol.:       22.01275       31.13073       53.92000
wrapping first mol.:       22.01275       31.13073       53.92000
wrapping first mol.:       22.01275       31.13073       53.92000
wrapping first mol.:       22.01275       31.13073       53.92000
wrapping first mol.:       22.01275       31.13073       53.92000
wrapping first mol.:       22.01275       31.13073       53.92000

 NSTEP =  2300000   TIME(PS) =    4600.000  TEMP(K) =   297.65  PRESS =     0.0
 Etot   =    -72623.3641  EKtot   =     13847.6904  EPtot      =    -86471.0546
 BOND   =       554.4645  ANGLE   =      1589.0852  DIHED      =      1030.9742
 UB     =         0.0000  IMP     =         0.0000  CMAP       =       135.4842
 1-4 NB =       675.0138  1-4 EEL =     10318.5186  VDWAALS    =      9681.5298
 EELEC  =   -110456.1249  EHBOND  =         0.0000  RESTRAINT  =         0.0000
 ------------------------------------------------------------------------------

wrapping first mol.:       22.01275       31.13073       53.92000
wrapping first mol.:       22.01275       31.13073       53.92000
wrapping first mol.:       22.01275       31.13073       53.92000
wrapping first mol.:       22.01275       31.13073       53.92000
wrapping first mol.:       22.01275       31.13073       53.92000
wrapping first mol.:       22.01275       31.13073       53.92000
wrapping first mol.:       22.01275       31.13073       53.92000
wrapping first mol.:       22.01275       31.13073       53.92000
wrapping first mol.:       22.01275       31.13073       53.92000
wrapping first mol.:       22.01275       31.13073       53.92000
wrapping first mol.:       22.01275       31.13073       53.92000

 NSTEP =  2350000   TIME(PS) =    4700.000  TEMP(K) =   300.03  PRESS =     0.0
 Etot   =    -72354.3839  EKtot   =     13958.6455  EPtot      =    -86313.0294
 BOND   =       570.5959  ANGLE   =      1637.0658  DIHED      =      1067.1194
 UB     =         0.0000  IMP     =         0.0000  CMAP       =       136.1579
 1-4 NB =       665.0172  1-4 EEL =     10273.1608  VDWAALS    =      9466.2647
 EELEC  =   -110128.4110  EHBOND  =         0.0000  RESTRAINT  =         0.0000
 ------------------------------------------------------------------------------

wrapping first mol.:       22.01275       31.13073       53.92000
wrapping first mol.:       22.01275       31.13073       53.92000
wrapping first mol.:       22.01275       31.13073       53.92000
wrapping first mol.:       22.01275       31.13073       53.92000
wrapping first mol.:       22.01275       31.13073       53.92000
wrapping first mol.:       22.01275       31.13073       53.92000
wrapping first mol.:       22.01275       31.13073       53.92000
wrapping first mol.:       22.01275       31.13073       53.92000
wrapping first mol.:       22.01275       31.13073       53.92000
wrapping first mol.:       22.01275       31.13073       53.92000
wrapping first mol.:       22.01275       31.13073       53.92000

 NSTEP =  2400000   TIME(PS) =    4800.000  TEMP(K) =   294.96  PRESS =     0.0
 Etot   =    -72614.3461  EKtot   =     13722.9346  EPtot      =    -86337.2807
 BOND   =       567.1507  ANGLE   =      1615.9366  DIHED      =      1031.3251
 UB     =         0.0000  IMP     =         0.0000  CMAP       =       133.5554
 1-4 NB =       679.1456  1-4 EEL =     10324.2037  VDWAALS    =      9686.3655
 EELEC  =   -110374.9633  EHBOND  =         0.0000  RESTRAINT  =         0.0000
 ------------------------------------------------------------------------------

wrapping first mol.:       22.01275       31.13073       53.92000
wrapping first mol.:       22.01275       31.13073       53.92000
wrapping first mol.:       22.01275       31.13073       53.92000
wrapping first mol.:       22.01275       31.13073       53.92000
wrapping first mol.:       22.01275       31.13073       53.92000
wrapping first mol.:       22.01275       31.13073       53.92000
wrapping first mol.:       22.01275       31.13073       53.92000
wrapping first mol.:       22.01275       31.13073       53.92000
wrapping first mol.:       22.01275       31.13073       53.92000
wrapping first mol.:       22.01275       31.13073       53.92000
wrapping first mol.:       22.01275       31.13073       53.92000

 NSTEP =  2450000   TIME(PS) =    4900.000  TEMP(K) =   299.68  PRESS =     0.0
 Etot   =    -72230.8981  EKtot   =     13942.4600  EPtot      =    -86173.3581
 BOND   =       571.0611  ANGLE   =      1611.8523  DIHED      =      1033.6785
 UB     =         0.0000  IMP     =         0.0000  CMAP       =       142.6926
 1-4 NB =       670.8730  1-4 EEL =     10336.8241  VDWAALS    =      9676.3190
 EELEC  =   -110216.6586  EHBOND  =         0.0000  RESTRAINT  =         0.0000
 ------------------------------------------------------------------------------

wrapping first mol.:       22.01275       31.13073       53.92000
wrapping first mol.:       22.01275       31.13073       53.92000
wrapping first mol.:       22.01275       31.13073       53.92000
wrapping first mol.:       22.01275       31.13073       53.92000
wrapping first mol.:       22.01275       31.13073       53.92000
wrapping first mol.:       22.01275       31.13073       53.92000
wrapping first mol.:       22.01275       31.13073       53.92000
wrapping first mol.:       22.01275       31.13073       53.92000
wrapping first mol.:       22.01275       31.13073       53.92000
wrapping first mol.:       22.01275       31.13073       53.92000
wrapping first mol.:       22.01275       31.13073       53.92000

 NSTEP =  2500000   TIME(PS) =    5000.000  TEMP(K) =   299.94  PRESS =     0.0
 Etot   =    -72662.1340  EKtot   =     13954.5654  EPtot      =    -86616.6994
 BOND   =       576.0639  ANGLE   =      1599.1647  DIHED      =      1047.8608
 UB     =         0.0000  IMP     =         0.0000  CMAP       =       127.4911
 1-4 NB =       656.7671  1-4 EEL =     10341.9073  VDWAALS    =     10090.8106
 EELEC  =   -111056.7649  EHBOND  =         0.0000  RESTRAINT  =         0.0000
 ------------------------------------------------------------------------------


      A V E R A G E S   O V E R      50 S T E P S


 NSTEP =  2500000   TIME(PS) =    5000.000  TEMP(K) =   300.14  PRESS =     0.0
 Etot   =    -72441.9089  EKtot   =     13963.8162  EPtot      =    -86405.7251
 BOND   =       564.9938  ANGLE   =      1588.1181  DIHED      =      1035.5581
 UB     =         0.0000  IMP     =         0.0000  CMAP       =       140.4769
 1-4 NB =       671.6578  1-4 EEL =     10346.4713  VDWAALS    =      9675.0666
 EELEC  =   -110428.0677  EHBOND  =         0.0000  RESTRAINT  =         0.0000
 ------------------------------------------------------------------------------


      R M S  F L U C T U A T I O N S


 NSTEP =  2500000   TIME(PS) =    5000.000  TEMP(K) =     1.98  PRESS =     0.0
 Etot   =       148.2706  EKtot   =        92.0486  EPtot      =       121.9289
 BOND   =        18.0807  ANGLE   =        25.1071  DIHED      =        13.8237
 UB     =         0.0000  IMP     =         0.0000  CMAP       =         6.2661
 1-4 NB =        10.2078  1-4 EEL =        35.7836  VDWAALS    =       165.6942
 EELEC  =       246.1928  EHBOND  =         0.0000  RESTRAINT  =         0.0000
 ------------------------------------------------------------------------------

--------------------------------------------------------------------------------
   5.  TIMINGS
--------------------------------------------------------------------------------

|  NonSetup CPU Time in Major Routines:
|
|     Routine           Sec        %
|     ------------------------------
|     Nonbond         609.29   12.01
|     Bond              0.00    0.00
|     Angle             0.00    0.00
|     Dihedral          0.00    0.00
|     Shake            21.48    0.42
|     RunMD          4440.37   87.50
|     Other             3.53    0.07
|     ------------------------------
|     Total          5074.67

|  PME Nonbond Pairlist CPU Time:
|
|     Routine              Sec        %
|     ---------------------------------
|     Set Up Cit           0.00    0.00
|     Build List           0.00    0.00
|     ---------------------------------
|     Total                0.00    0.00

|  PME Direct Force CPU Time:
|
|     Routine              Sec        %
|     ---------------------------------
|     NonBonded Calc       0.00    0.00
|     Exclude Masked       0.00    0.00
|     Other                1.91    0.04
|     ---------------------------------
|     Total                1.91    0.04

|  PME Reciprocal Force CPU Time:
|
|     Routine              Sec        %
|     ---------------------------------
|     1D bspline           0.00    0.00
|     Grid Charges         0.00    0.00
|     Scalar Sum           0.00    0.00
|     Gradient Sum         0.00    0.00
|     FFT                  0.00    0.00
|     ---------------------------------
|     Total                0.00    0.00

|  Final Performance Info:
|     -----------------------------------------------------
|     Average timings for last       1 steps:
|     Elapsed(s) =       0.00 Per Step(ms) =       0.16
|         ns/day =    1093.95   seconds/ns =      78.98
|
|     Average timings for all steps:
|     Elapsed(s) =    5084.29 Per Step(ms) =       2.03
|         ns/day =      84.97   seconds/ns =    1016.86
|     -----------------------------------------------------

|  Setup CPU time:            0.65 seconds
|  NonSetup CPU time:      5074.67 seconds
|  Total CPU time:         5075.32 seconds     1.41 hours

|  Setup wall time:           0    seconds
|  NonSetup wall time:     5085    seconds
|  Total wall time:        5085    seconds     1.41 hours
