
          -------------------------------------------------------
          Amber 18 PMEMD                              2018
          -------------------------------------------------------

| PMEMD implementation of SANDER, Release 18

| Run on 12/16/2020 at 10:41:27

|   Executable path: pmemd.cuda
| Working directory: /home/almacen/pbarletta/dynein/run/1xdx/4_pdt
|          Hostname: Unknown
  [-O]verwriting output

File Assignments:
|   MDIN: pre_pdt.in                                                            
|  MDOUT: 0pdt.out                                                              
| INPCRD: 4_1xdx.rst7                                                           
|   PARM: /home/almacen/pbarletta/dynein/top_files/1xdx.prmtop                  
| RESTRT: 0p4_1xdx.rst7                                                         
|   REFC: refc                                                                  
|  MDVEL: mdvel                                                                 
|   MDEN: mden                                                                  
|  MDCRD: 0p4_1xdx.nc                                                           
| MDINFO: mdinfo                                                                
|  MDFRC: mdfrc                                                                 


 Here is the input file:

Production run                                                                 
&cntrl                                                                         
imin = 0,                           ! No Minimization                          
nmropt = 0,                         ! No NMR restraints read                   
                                                                               
! Nature and format of the input                                               
ntx = 5,                            ! Coordinates and velocities will be read  
irest = 1,                          ! Do not run a new simulation              
                                                                               
! Nature and format of the output                                              
ntxo = 1,                           ! rstrt file in ASCII format               
ntpr = 50000,                       ! inf in output every ntpr steps           
ntwr = 50000,                       ! rstrt file every ntwr steps              
ntwx = 5000,                        ! mdcrd file every ntwx steps              
ntwv = 0,                           ! mdvel without velocities                 
ntwe = 0,                           ! Energies and temperatures not written in 
idecomp = 0,                        ! No energy decomposition                  
iwrap = 1,                          ! Coordinates of the restart and mdcrd file
                                                                               
! Frozen or restrained atoms                                                   
ibelly = 0,                         ! No frozen atoms                          
ntr=0,                              ! Harmonic potential restraints            
                                                                               
! Molecular dynamics                                                           
nstlim = 2500000,                   ! Number of MD-steps                       
dt = 0.002,                         ! Time step                                
                                                                               
! Temperature regulation                                                       
ntt = 3,                            ! Langevin thermostat                      
gamma_ln = 2,                       ! Gamma constant for Langevin              
temp0 = 300.0,                      ! Reference T at which the system is to be 
tempi = 300.0,                      ! Initial T                                
ig = -1,                            ! Seed for the RNG                         
                                                                               
! P and V regulation                                                           
!barostat = 1,                      ! Berendsen barostat                       
!taup = 1,                          ! Pressure relaxation time                 
ntp = 0,                            ! constant V                               
ntb = 1,                            ! Periodic box for constant V              
                                                                               
! SHAKE variables                                                              
ntc = 2,                            ! Bonds involving H are constrained        
ntf = 2,                            ! Bond interaction involving H are ommited.
                                                                               
cut = 9.0,                          ! Nonbonded cutoff                         
/                                                                              
&end                                                                           


Note: ig = -1. Setting random seed to   597665 based on wallclock time in 
      microseconds.
| irandom = 1, using AMBER's internal random number generator (default).
 
|--------------------- INFORMATION ----------------------
| GPU (CUDA) Version of PMEMD in use: NVIDIA GPU IN USE.
|                    Version 18.0.0
| 
|                      03/25/2018
| 
| Implementation by:
|                    Ross C. Walker     (SDSC)
|                    Scott Le Grand     (nVIDIA)
| 
| Version 18 performance extensions by:
|                    David Cerutti     (Rutgers)
| 
| Precision model in use:
|      [SPFP] - Single Precision Forces, 64-bit Fixed Point
|               Accumulation. (Default)
| 
|--------------------------------------------------------
 
|----------------- CITATION INFORMATION -----------------
|
|    When publishing work that utilized the CUDA version
|    of AMBER, please cite the following in addition to
|    the regular AMBER citations:
|
|  - Romelia Salomon-Ferrer; Andreas W. Goetz; Duncan
|    Poole; Scott Le Grand; Ross C. Walker "Routine
|    microsecond molecular dynamics simulations with
|    AMBER - Part II: Particle Mesh Ewald", J. Chem.
|    Theory Comput., 2013, 9 (9), pp3878-3888,
|    DOI: 10.1021/ct400314y.
|
|  - Andreas W. Goetz; Mark J. Williamson; Dong Xu;
|    Duncan Poole; Scott Le Grand; Ross C. Walker
|    "Routine microsecond molecular dynamics simulations
|    with AMBER - Part I: Generalized Born", J. Chem.
|    Theory Comput., 2012, 8 (5), pp1542-1555.
|
|  - Scott Le Grand; Andreas W. Goetz; Ross C. Walker
|    "SPFP: Speed without compromise - a mixed precision
|    model for GPU accelerated molecular dynamics
|    simulations.", Comp. Phys. Comm., 2013, 184
|    pp374-380, DOI: 10.1016/j.cpc.2012.09.022
|
|--------------------------------------------------------
 
|------------------- GPU DEVICE INFO --------------------
|
|            CUDA_VISIBLE_DEVICES: 0
|   CUDA Capable Devices Detected:      1
|           CUDA Device ID in use:      0
|                CUDA Device Name: GeForce GTX 1080 Ti
|     CUDA Device Global Mem Size:  11178 MB
| CUDA Device Num Multiprocessors:     28
|           CUDA Device Core Freq:   1.72 GHz
|
|--------------------------------------------------------
 
 
| Conditional Compilation Defines Used:
| PUBFFT
| BINTRAJ
| CUDA
| EMIL

| Largest sphere to fit in unit cell has radius =    30.761

| New format PARM file being parsed.
| Version =    1.000 Date = 11/19/20 Time = 14:20:40

| Note: 1-4 EEL scale factors are being read from the topology file.

| Note: 1-4 VDW scale factors are being read from the topology file.
| Duplicated    0 dihedrals

| Duplicated    0 dihedrals

--------------------------------------------------------------------------------
   1.  RESOURCE   USE: 
--------------------------------------------------------------------------------

 getting new box info from bottom of inpcrd
 NATOM  =   43266 NTYPES =      19 NBONH =   31551 MBONA  =   11743
 NTHETH =    3926 MTHETA =    2450 NPHIH =    7960 MPHIA  =    7908
 NHPARM =       0 NPARM  =       0 NNB   =   88865 NRES   =   10173
 NBONA  =   11743 NTHETA =    2450 NPHIA =    7908 NUMBND =      73
 NUMANG =     168 NPTRA  =     192 NATYP =      38 NPHB   =       1
 IFBOX  =       2 NMXRS  =      24 IFCAP =       0 NEXTRA =    9939
 NCOPY  =       0


| Coordinate Index Table dimensions:    13   13   13
| Direct force subcell size =     5.7960    5.7960    5.7960

     BOX TYPE: TRUNCATED OCTAHEDRON

--------------------------------------------------------------------------------
   2.  CONTROL  DATA  FOR  THE  RUN
--------------------------------------------------------------------------------

default_name                                                                    

General flags:
     imin    =       0, nmropt  =       0

Nature and format of input:
     ntx     =       5, irest   =       1, ntrx    =       1

Nature and format of output:
     ntxo    =       1, ntpr    =   50000, ntrx    =       1, ntwr    =   50000
     iwrap   =       1, ntwx    =    5000, ntwv    =       0, ntwe    =       0
     ioutfm  =       1, ntwprt  =       0, idecomp =       0, rbornstat=      0

Potential function:
     ntf     =       2, ntb     =       1, igb     =       0, nsnb    =      25
     ipol    =       0, gbsa    =       0, iesp    =       0
     dielc   =   1.00000, cut     =   9.00000, intdiel =   1.00000

Frozen or restrained atoms:
     ibelly  =       0, ntr     =       0

Molecular dynamics:
     nstlim  =   2500000, nscm    =      1000, nrespa  =         1
     t       =   0.00000, dt      =   0.00200, vlimit  =  -1.00000

Langevin dynamics temperature regulation:
     ig      =  597665
     temp0   = 300.00000, tempi   = 300.00000, gamma_ln=   2.00000

SHAKE:
     ntc     =       2, jfastw  =       0
     tol     =   0.00001

| Intermolecular bonds treatment:
|     no_intermolecular_bonds =       1

| Energy averages sample interval:
|     ene_avg_sampling =   50000

Extra-points options:
     frameon =       1, chngmask=       1

Ewald parameters:
     verbose =       0, ew_type =       0, nbflag  =       1, use_pme =       1
     vdwmeth =       1, eedmeth =       1, netfrc  =       1
     Box X =   75.348   Box Y =   75.348   Box Z =   75.348
     Alpha =  109.471   Beta  =  109.471   Gamma =  109.471
     NFFT1 =   80       NFFT2 =   80       NFFT3 =   80
     Cutoff=    9.000   Tol   =0.100E-04
     Ewald Coefficient =  0.30768
     Interpolation order =    4
|      EXTRA_PTS, trim_bonds: num bonds BEFORE trim = 31551     0
|      EXTRA_PTS, trim_bonds: num bonds AFTER  trim = 31551     0
|      EXTRA_PTS, trim_bonds: num bonds BEFORE trim = 11743     0
|      EXTRA_PTS, trim_bonds: num bonds AFTER  trim =  1804     0
|      EXTRA_PTS, trim_theta: num angle BEFORE trim =  3926     0
|      EXTRA_PTS, trim_theta: num angle AFTER  trim =  3926     0
|      EXTRA_PTS, trim_theta: num angle BEFORE trim =  2450     0
|      EXTRA_PTS, trim_theta: num angle AFTER  trim =  2450     0
|      EXTRA_PTS, trim_phi:  num diheds BEFORE trim =  7960     0
|      EXTRA_PTS, trim_phi:  num diheds AFTER  trim =  7960     0
|      EXTRA_PTS, trim_phi:  num diheds BEFORE trim =  7908     0
|      EXTRA_PTS, trim_phi:  num diheds AFTER  trim =  7908     0

--------------------------------------------------------------------------------
   3.  ATOMIC COORDINATES AND VELOCITIES
--------------------------------------------------------------------------------

Cpptraj Generated Restart                                                       
 begin time read from input coords =     0.000 ps

 
 Number of triangulated 3-point waters found:     9939

     Sum of charges from parm topology file =   0.00005439
     Forcing neutrality...

| Dynamic Memory, Types Used:
| Reals             1310484
| Integers          2908515

| Nonbonded Pairs Initial Allocation:     9864648

| GPU memory information (estimate):
| KB of GPU memory in use:         0
| KB of CPU memory in use:         0

--------------------------------------------------------------------------------
   4.  RESULTS
--------------------------------------------------------------------------------

wrapping first mol.:       75.34773        0.00000        0.00000
wrapping first mol.:       75.34773        0.00000        0.00000
wrapping first mol.:       75.34773        0.00000        0.00000
wrapping first mol.:       75.34773        0.00000        0.00000
wrapping first mol.:       75.34773        0.00000        0.00000
wrapping first mol.:       75.34773        0.00000        0.00000
wrapping first mol.:       75.34773        0.00000        0.00000
wrapping first mol.:       75.34773        0.00000        0.00000
wrapping first mol.:       75.34773        0.00000        0.00000
wrapping first mol.:       75.34773        0.00000        0.00000
wrapping first mol.:       75.34773        0.00000        0.00000

 NSTEP =    50000   TIME(PS) =     100.000  TEMP(K) =   301.84  PRESS =     0.0
 Etot   =   -108492.6679  EKtot   =     20522.3945  EPtot      =   -129015.0624
 BOND   =       697.1465  ANGLE   =      1780.8212  DIHED      =      1207.5932
 UB     =         0.0000  IMP     =         0.0000  CMAP       =       138.4043
 1-4 NB =       761.9606  1-4 EEL =     10687.5839  VDWAALS    =     15475.3974
 EELEC  =   -159763.9696  EHBOND  =         0.0000  RESTRAINT  =         0.0000
 ------------------------------------------------------------------------------

wrapping first mol.:       75.34773        0.00000        0.00000
wrapping first mol.:       75.34773        0.00000        0.00000
wrapping first mol.:       75.34773        0.00000        0.00000
wrapping first mol.:       75.34773        0.00000        0.00000
wrapping first mol.:       75.34773        0.00000        0.00000
wrapping first mol.:       75.34773        0.00000        0.00000
wrapping first mol.:       75.34773        0.00000        0.00000
wrapping first mol.:       75.34773        0.00000        0.00000
wrapping first mol.:       75.34773        0.00000        0.00000
wrapping first mol.:       75.34773        0.00000        0.00000
wrapping first mol.:       75.34773        0.00000        0.00000

 NSTEP =   100000   TIME(PS) =     200.000  TEMP(K) =   299.67  PRESS =     0.0
 Etot   =   -108952.3094  EKtot   =     20375.2168  EPtot      =   -129327.5262
 BOND   =       653.4727  ANGLE   =      1740.2213  DIHED      =      1178.2356
 UB     =         0.0000  IMP     =         0.0000  CMAP       =       146.4507
 1-4 NB =       781.1030  1-4 EEL =     10719.2989  VDWAALS    =     15204.7320
 EELEC  =   -159751.0405  EHBOND  =         0.0000  RESTRAINT  =         0.0000
 ------------------------------------------------------------------------------

wrapping first mol.:       75.34773        0.00000        0.00000
wrapping first mol.:       75.34773        0.00000        0.00000
wrapping first mol.:       75.34773        0.00000        0.00000
wrapping first mol.:       75.34773        0.00000        0.00000
wrapping first mol.:       75.34773        0.00000        0.00000
wrapping first mol.:       75.34773        0.00000        0.00000
wrapping first mol.:       75.34773        0.00000        0.00000
wrapping first mol.:       75.34773        0.00000        0.00000
wrapping first mol.:       75.34773        0.00000        0.00000
wrapping first mol.:       75.34773        0.00000        0.00000
wrapping first mol.:       75.34773        0.00000        0.00000

 NSTEP =   150000   TIME(PS) =     300.000  TEMP(K) =   301.53  PRESS =     0.0
 Etot   =   -108972.8029  EKtot   =     20501.7852  EPtot      =   -129474.5880
 BOND   =       627.5037  ANGLE   =      1717.8386  DIHED      =      1216.2050
 UB     =         0.0000  IMP     =         0.0000  CMAP       =       136.5755
 1-4 NB =       781.9953  1-4 EEL =     10715.9772  VDWAALS    =     15277.7324
 EELEC  =   -159948.4158  EHBOND  =         0.0000  RESTRAINT  =         0.0000
 ------------------------------------------------------------------------------

wrapping first mol.:       75.34773        0.00000        0.00000
wrapping first mol.:       75.34773        0.00000        0.00000
wrapping first mol.:       75.34773        0.00000        0.00000
wrapping first mol.:       75.34773        0.00000        0.00000
wrapping first mol.:       75.34773        0.00000        0.00000
wrapping first mol.:       75.34773        0.00000        0.00000
wrapping first mol.:       75.34773        0.00000        0.00000
wrapping first mol.:       75.34773        0.00000        0.00000
wrapping first mol.:       75.34773        0.00000        0.00000
wrapping first mol.:       75.34773        0.00000        0.00000
wrapping first mol.:       75.34773        0.00000        0.00000

 NSTEP =   200000   TIME(PS) =     400.000  TEMP(K) =   300.70  PRESS =     0.0
 Etot   =   -108986.4668  EKtot   =     20445.2090  EPtot      =   -129431.6758
 BOND   =       686.8049  ANGLE   =      1789.7273  DIHED      =      1191.5021
 UB     =         0.0000  IMP     =         0.0000  CMAP       =       148.3663
 1-4 NB =       772.6374  1-4 EEL =     10711.1281  VDWAALS    =     15603.0473
 EELEC  =   -160334.8892  EHBOND  =         0.0000  RESTRAINT  =         0.0000
 ------------------------------------------------------------------------------

wrapping first mol.:       75.34773        0.00000        0.00000
wrapping first mol.:       75.34773        0.00000        0.00000
wrapping first mol.:       75.34773        0.00000        0.00000
wrapping first mol.:       75.34773        0.00000        0.00000
wrapping first mol.:       75.34773        0.00000        0.00000
wrapping first mol.:       75.34773        0.00000        0.00000
wrapping first mol.:       75.34773        0.00000        0.00000
wrapping first mol.:       75.34773        0.00000        0.00000
wrapping first mol.:       75.34773        0.00000        0.00000
wrapping first mol.:       75.34773        0.00000        0.00000
wrapping first mol.:       75.34773        0.00000        0.00000

 NSTEP =   250000   TIME(PS) =     500.000  TEMP(K) =   297.52  PRESS =     0.0
 Etot   =   -109142.1756  EKtot   =     20228.9180  EPtot      =   -129371.0936
 BOND   =       692.7961  ANGLE   =      1828.1665  DIHED      =      1218.7717
 UB     =         0.0000  IMP     =         0.0000  CMAP       =       152.3699
 1-4 NB =       781.8535  1-4 EEL =     10673.9838  VDWAALS    =     15316.6289
 EELEC  =   -160035.6640  EHBOND  =         0.0000  RESTRAINT  =         0.0000
 ------------------------------------------------------------------------------

wrapping first mol.:       75.34773        0.00000        0.00000
wrapping first mol.:       75.34773        0.00000        0.00000
wrapping first mol.:       75.34773        0.00000        0.00000
wrapping first mol.:       75.34773        0.00000        0.00000
wrapping first mol.:       75.34773        0.00000        0.00000
wrapping first mol.:       75.34773        0.00000        0.00000
wrapping first mol.:       75.34773        0.00000        0.00000
wrapping first mol.:       75.34773        0.00000        0.00000
wrapping first mol.:       75.34773        0.00000        0.00000
wrapping first mol.:       75.34773        0.00000        0.00000
wrapping first mol.:       75.34773        0.00000        0.00000

 NSTEP =   300000   TIME(PS) =     600.000  TEMP(K) =   298.56  PRESS =     0.0
 Etot   =   -109233.9211  EKtot   =     20299.9375  EPtot      =   -129533.8586
 BOND   =       697.7714  ANGLE   =      1727.8182  DIHED      =      1226.1670
 UB     =         0.0000  IMP     =         0.0000  CMAP       =       148.8199
 1-4 NB =       779.2101  1-4 EEL =     10682.9997  VDWAALS    =     15140.5408
 EELEC  =   -159937.1857  EHBOND  =         0.0000  RESTRAINT  =         0.0000
 ------------------------------------------------------------------------------

wrapping first mol.:       75.34773        0.00000        0.00000
wrapping first mol.:       75.34773        0.00000        0.00000
wrapping first mol.:       75.34773        0.00000        0.00000
wrapping first mol.:       75.34773        0.00000        0.00000
wrapping first mol.:       75.34773        0.00000        0.00000
wrapping first mol.:       75.34773        0.00000        0.00000
wrapping first mol.:       75.34773        0.00000        0.00000
wrapping first mol.:       75.34773        0.00000        0.00000
wrapping first mol.:       75.34773        0.00000        0.00000
wrapping first mol.:       75.34773        0.00000        0.00000
wrapping first mol.:       75.34773        0.00000        0.00000

 NSTEP =   350000   TIME(PS) =     700.000  TEMP(K) =   301.57  PRESS =     0.0
 Etot   =   -109385.9208  EKtot   =     20504.4258  EPtot      =   -129890.3466
 BOND   =       696.6806  ANGLE   =      1732.2013  DIHED      =      1191.9394
 UB     =         0.0000  IMP     =         0.0000  CMAP       =       152.2559
 1-4 NB =       754.6693  1-4 EEL =     10681.7580  VDWAALS    =     15594.8497
 EELEC  =   -160694.7009  EHBOND  =         0.0000  RESTRAINT  =         0.0000
 ------------------------------------------------------------------------------

wrapping first mol.:       75.34773        0.00000        0.00000
wrapping first mol.:       75.34773        0.00000        0.00000
wrapping first mol.:       75.34773        0.00000        0.00000
wrapping first mol.:       75.34773        0.00000        0.00000
wrapping first mol.:       75.34773        0.00000        0.00000
wrapping first mol.:       75.34773        0.00000        0.00000
wrapping first mol.:       75.34773        0.00000        0.00000
wrapping first mol.:       75.34773        0.00000        0.00000
wrapping first mol.:       75.34773        0.00000        0.00000
wrapping first mol.:       75.34773        0.00000        0.00000
wrapping first mol.:       75.34773        0.00000        0.00000

 NSTEP =   400000   TIME(PS) =     800.000  TEMP(K) =   302.19  PRESS =     0.0
 Etot   =   -108918.5292  EKtot   =     20546.4531  EPtot      =   -129464.9824
 BOND   =       682.8479  ANGLE   =      1757.8858  DIHED      =      1227.3241
 UB     =         0.0000  IMP     =         0.0000  CMAP       =       152.0171
 1-4 NB =       769.3062  1-4 EEL =     10733.2154  VDWAALS    =     15392.1893
 EELEC  =   -160179.7682  EHBOND  =         0.0000  RESTRAINT  =         0.0000
 ------------------------------------------------------------------------------

wrapping first mol.:       75.34773        0.00000        0.00000
wrapping first mol.:       75.34773        0.00000        0.00000
wrapping first mol.:       75.34773        0.00000        0.00000
wrapping first mol.:       75.34773        0.00000        0.00000
wrapping first mol.:       75.34773        0.00000        0.00000
wrapping first mol.:       75.34773        0.00000        0.00000
wrapping first mol.:       75.34773        0.00000        0.00000
wrapping first mol.:       75.34773        0.00000        0.00000
wrapping first mol.:       75.34773        0.00000        0.00000
wrapping first mol.:       75.34773        0.00000        0.00000
wrapping first mol.:       75.34773        0.00000        0.00000

 NSTEP =   450000   TIME(PS) =     900.000  TEMP(K) =   300.35  PRESS =     0.0
 Etot   =   -108772.4998  EKtot   =     20421.4883  EPtot      =   -129193.9881
 BOND   =       623.5346  ANGLE   =      1737.3656  DIHED      =      1206.4785
 UB     =         0.0000  IMP     =         0.0000  CMAP       =       142.8902
 1-4 NB =       798.8581  1-4 EEL =     10760.2004  VDWAALS    =     15400.6256
 EELEC  =   -159863.9410  EHBOND  =         0.0000  RESTRAINT  =         0.0000
 ------------------------------------------------------------------------------

wrapping first mol.:       75.34773        0.00000        0.00000
wrapping first mol.:       75.34773        0.00000        0.00000
wrapping first mol.:       75.34773        0.00000        0.00000
wrapping first mol.:       75.34773        0.00000        0.00000
wrapping first mol.:       75.34773        0.00000        0.00000
wrapping first mol.:       75.34773        0.00000        0.00000
wrapping first mol.:       75.34773        0.00000        0.00000
wrapping first mol.:       75.34773        0.00000        0.00000
wrapping first mol.:       75.34773        0.00000        0.00000
wrapping first mol.:       75.34773        0.00000        0.00000
wrapping first mol.:       75.34773        0.00000        0.00000

 NSTEP =   500000   TIME(PS) =    1000.000  TEMP(K) =   298.09  PRESS =     0.0
 Etot   =   -109231.3644  EKtot   =     20267.4258  EPtot      =   -129498.7902
 BOND   =       666.3926  ANGLE   =      1738.9214  DIHED      =      1224.0752
 UB     =         0.0000  IMP     =         0.0000  CMAP       =       138.0696
 1-4 NB =       790.9362  1-4 EEL =     10742.8101  VDWAALS    =     15504.2373
 EELEC  =   -160304.2325  EHBOND  =         0.0000  RESTRAINT  =         0.0000
 ------------------------------------------------------------------------------

wrapping first mol.:       75.34773        0.00000        0.00000
wrapping first mol.:       75.34773        0.00000        0.00000
wrapping first mol.:       75.34773        0.00000        0.00000
wrapping first mol.:       75.34773        0.00000        0.00000
wrapping first mol.:       75.34773        0.00000        0.00000
wrapping first mol.:       75.34773        0.00000        0.00000
wrapping first mol.:       75.34773        0.00000        0.00000
wrapping first mol.:       75.34773        0.00000        0.00000
wrapping first mol.:       75.34773        0.00000        0.00000
wrapping first mol.:       75.34773        0.00000        0.00000
wrapping first mol.:       75.34773        0.00000        0.00000

 NSTEP =   550000   TIME(PS) =    1100.000  TEMP(K) =   300.23  PRESS =     0.0
 Etot   =   -109117.3998  EKtot   =     20413.4531  EPtot      =   -129530.8530
 BOND   =       656.3651  ANGLE   =      1795.3244  DIHED      =      1183.5706
 UB     =         0.0000  IMP     =         0.0000  CMAP       =       144.7201
 1-4 NB =       779.9014  1-4 EEL =     10773.7167  VDWAALS    =     15423.9565
 EELEC  =   -160288.4076  EHBOND  =         0.0000  RESTRAINT  =         0.0000
 ------------------------------------------------------------------------------

wrapping first mol.:       75.34773        0.00000        0.00000
wrapping first mol.:       75.34773        0.00000        0.00000
wrapping first mol.:       75.34773        0.00000        0.00000
wrapping first mol.:       75.34773        0.00000        0.00000
wrapping first mol.:       75.34773        0.00000        0.00000
wrapping first mol.:       75.34773        0.00000        0.00000
wrapping first mol.:       75.34773        0.00000        0.00000
wrapping first mol.:       75.34773        0.00000        0.00000
wrapping first mol.:       75.34773        0.00000        0.00000
wrapping first mol.:       75.34773        0.00000        0.00000
wrapping first mol.:       75.34773        0.00000        0.00000

 NSTEP =   600000   TIME(PS) =    1200.000  TEMP(K) =   299.14  PRESS =     0.0
 Etot   =   -108967.8781  EKtot   =     20339.2578  EPtot      =   -129307.1359
 BOND   =       703.7362  ANGLE   =      1717.4825  DIHED      =      1243.3792
 UB     =         0.0000  IMP     =         0.0000  CMAP       =       142.4424
 1-4 NB =       795.2819  1-4 EEL =     10792.5752  VDWAALS    =     15390.7312
 EELEC  =   -160092.7646  EHBOND  =         0.0000  RESTRAINT  =         0.0000
 ------------------------------------------------------------------------------

wrapping first mol.:       75.34773        0.00000        0.00000
wrapping first mol.:       75.34773        0.00000        0.00000
wrapping first mol.:       75.34773        0.00000        0.00000
wrapping first mol.:       75.34773        0.00000        0.00000
wrapping first mol.:       75.34773        0.00000        0.00000
wrapping first mol.:       75.34773        0.00000        0.00000
wrapping first mol.:       75.34773        0.00000        0.00000
wrapping first mol.:       75.34773        0.00000        0.00000
wrapping first mol.:       75.34773        0.00000        0.00000
wrapping first mol.:       75.34773        0.00000        0.00000
wrapping first mol.:       75.34773        0.00000        0.00000

 NSTEP =   650000   TIME(PS) =    1300.000  TEMP(K) =   301.72  PRESS =     0.0
 Etot   =   -109023.5013  EKtot   =     20514.4824  EPtot      =   -129537.9837
 BOND   =       678.7036  ANGLE   =      1687.0364  DIHED      =      1217.7374
 UB     =         0.0000  IMP     =         0.0000  CMAP       =       146.3669
 1-4 NB =       783.5969  1-4 EEL =     10816.1346  VDWAALS    =     15672.2716
 EELEC  =   -160539.8311  EHBOND  =         0.0000  RESTRAINT  =         0.0000
 ------------------------------------------------------------------------------

wrapping first mol.:       75.34773        0.00000        0.00000
wrapping first mol.:       75.34773        0.00000        0.00000
wrapping first mol.:       75.34773        0.00000        0.00000
wrapping first mol.:       75.34773        0.00000        0.00000
wrapping first mol.:       75.34773        0.00000        0.00000
wrapping first mol.:       75.34773        0.00000        0.00000
wrapping first mol.:       75.34773        0.00000        0.00000
wrapping first mol.:       75.34773        0.00000        0.00000
wrapping first mol.:       75.34773        0.00000        0.00000
wrapping first mol.:       75.34773        0.00000        0.00000
wrapping first mol.:       75.34773        0.00000        0.00000

 NSTEP =   700000   TIME(PS) =    1400.000  TEMP(K) =   297.89  PRESS =     0.0
 Etot   =   -108931.0029  EKtot   =     20254.3789  EPtot      =   -129185.3818
 BOND   =       726.2514  ANGLE   =      1762.6122  DIHED      =      1218.0112
 UB     =         0.0000  IMP     =         0.0000  CMAP       =       147.2218
 1-4 NB =       752.8329  1-4 EEL =     10746.0813  VDWAALS    =     15101.1810
 EELEC  =   -159639.5736  EHBOND  =         0.0000  RESTRAINT  =         0.0000
 ------------------------------------------------------------------------------

wrapping first mol.:       75.34773        0.00000        0.00000
wrapping first mol.:       75.34773        0.00000        0.00000
wrapping first mol.:       75.34773        0.00000        0.00000
wrapping first mol.:       75.34773        0.00000        0.00000
wrapping first mol.:       75.34773        0.00000        0.00000
wrapping first mol.:       75.34773        0.00000        0.00000
wrapping first mol.:       75.34773        0.00000        0.00000
wrapping first mol.:       75.34773        0.00000        0.00000
wrapping first mol.:       75.34773        0.00000        0.00000
wrapping first mol.:       75.34773        0.00000        0.00000
wrapping first mol.:       75.34773        0.00000        0.00000

 NSTEP =   750000   TIME(PS) =    1500.000  TEMP(K) =   300.70  PRESS =     0.0
 Etot   =   -108940.2476  EKtot   =     20445.2031  EPtot      =   -129385.4507
 BOND   =       636.8328  ANGLE   =      1752.8634  DIHED      =      1229.7289
 UB     =         0.0000  IMP     =         0.0000  CMAP       =       147.5387
 1-4 NB =       789.7313  1-4 EEL =     10782.7277  VDWAALS    =     15519.8610
 EELEC  =   -160244.7345  EHBOND  =         0.0000  RESTRAINT  =         0.0000
 ------------------------------------------------------------------------------

wrapping first mol.:       75.34773        0.00000        0.00000
wrapping first mol.:       75.34773        0.00000        0.00000
wrapping first mol.:       75.34773        0.00000        0.00000
wrapping first mol.:       75.34773        0.00000        0.00000
wrapping first mol.:       75.34773        0.00000        0.00000
wrapping first mol.:       75.34773        0.00000        0.00000
wrapping first mol.:       75.34773        0.00000        0.00000
wrapping first mol.:       75.34773        0.00000        0.00000
wrapping first mol.:       75.34773        0.00000        0.00000
wrapping first mol.:       75.34773        0.00000        0.00000
wrapping first mol.:       75.34773        0.00000        0.00000

 NSTEP =   800000   TIME(PS) =    1600.000  TEMP(K) =   300.15  PRESS =     0.0
 Etot   =   -108906.0273  EKtot   =     20407.9336  EPtot      =   -129313.9609
 BOND   =       671.2008  ANGLE   =      1753.6605  DIHED      =      1234.6435
 UB     =         0.0000  IMP     =         0.0000  CMAP       =       144.6323
 1-4 NB =       810.5792  1-4 EEL =     10784.7556  VDWAALS    =     15476.2588
 EELEC  =   -160189.6917  EHBOND  =         0.0000  RESTRAINT  =         0.0000
 ------------------------------------------------------------------------------

wrapping first mol.:       75.34773        0.00000        0.00000
wrapping first mol.:       75.34773        0.00000        0.00000
wrapping first mol.:       75.34773        0.00000        0.00000
wrapping first mol.:       75.34773        0.00000        0.00000
wrapping first mol.:       75.34773        0.00000        0.00000
wrapping first mol.:       75.34773        0.00000        0.00000
wrapping first mol.:       75.34773        0.00000        0.00000
wrapping first mol.:       75.34773        0.00000        0.00000
wrapping first mol.:       75.34773        0.00000        0.00000
wrapping first mol.:       75.34773        0.00000        0.00000
wrapping first mol.:       75.34773        0.00000        0.00000

 NSTEP =   850000   TIME(PS) =    1700.000  TEMP(K) =   299.17  PRESS =     0.0
 Etot   =   -109091.2723  EKtot   =     20340.7676  EPtot      =   -129432.0399
 BOND   =       640.5825  ANGLE   =      1811.8179  DIHED      =      1202.8429
 UB     =         0.0000  IMP     =         0.0000  CMAP       =       144.4576
 1-4 NB =       769.9949  1-4 EEL =     10742.9048  VDWAALS    =     15561.8841
 EELEC  =   -160306.5246  EHBOND  =         0.0000  RESTRAINT  =         0.0000
 ------------------------------------------------------------------------------

wrapping first mol.:       75.34773        0.00000        0.00000
wrapping first mol.:       75.34773        0.00000        0.00000
wrapping first mol.:       75.34773        0.00000        0.00000
wrapping first mol.:       75.34773        0.00000        0.00000
wrapping first mol.:       75.34773        0.00000        0.00000
wrapping first mol.:       75.34773        0.00000        0.00000
wrapping first mol.:       75.34773        0.00000        0.00000
wrapping first mol.:       75.34773        0.00000        0.00000
wrapping first mol.:       75.34773        0.00000        0.00000
wrapping first mol.:       75.34773        0.00000        0.00000
wrapping first mol.:       75.34773        0.00000        0.00000

 NSTEP =   900000   TIME(PS) =    1800.000  TEMP(K) =   299.57  PRESS =     0.0
 Etot   =   -109066.0545  EKtot   =     20368.5898  EPtot      =   -129434.6443
 BOND   =       647.9232  ANGLE   =      1772.8764  DIHED      =      1224.5636
 UB     =         0.0000  IMP     =         0.0000  CMAP       =       141.0883
 1-4 NB =       804.6591  1-4 EEL =     10787.4653  VDWAALS    =     15545.7429
 EELEC  =   -160358.9630  EHBOND  =         0.0000  RESTRAINT  =         0.0000
 ------------------------------------------------------------------------------

wrapping first mol.:       75.34773        0.00000        0.00000
wrapping first mol.:       75.34773        0.00000        0.00000
wrapping first mol.:       75.34773        0.00000        0.00000
wrapping first mol.:       75.34773        0.00000        0.00000
wrapping first mol.:       75.34773        0.00000        0.00000
wrapping first mol.:       75.34773        0.00000        0.00000
wrapping first mol.:       75.34773        0.00000        0.00000
wrapping first mol.:       75.34773        0.00000        0.00000
wrapping first mol.:       75.34773        0.00000        0.00000
wrapping first mol.:       75.34773        0.00000        0.00000
wrapping first mol.:       75.34773        0.00000        0.00000

 NSTEP =   950000   TIME(PS) =    1900.000  TEMP(K) =   299.75  PRESS =     0.0
 Etot   =   -109056.8945  EKtot   =     20380.4004  EPtot      =   -129437.2948
 BOND   =       694.8617  ANGLE   =      1652.0769  DIHED      =      1225.9403
 UB     =         0.0000  IMP     =         0.0000  CMAP       =       137.2358
 1-4 NB =       765.9069  1-4 EEL =     10678.0087  VDWAALS    =     15499.0089
 EELEC  =   -160090.3341  EHBOND  =         0.0000  RESTRAINT  =         0.0000
 ------------------------------------------------------------------------------

wrapping first mol.:       75.34773        0.00000        0.00000
wrapping first mol.:       75.34773        0.00000        0.00000
wrapping first mol.:       75.34773        0.00000        0.00000
wrapping first mol.:       75.34773        0.00000        0.00000
wrapping first mol.:       75.34773        0.00000        0.00000
wrapping first mol.:       75.34773        0.00000        0.00000
wrapping first mol.:       75.34773        0.00000        0.00000
wrapping first mol.:       75.34773        0.00000        0.00000
wrapping first mol.:       75.34773        0.00000        0.00000
wrapping first mol.:       75.34773        0.00000        0.00000
wrapping first mol.:       75.34773        0.00000        0.00000

 NSTEP =  1000000   TIME(PS) =    2000.000  TEMP(K) =   298.07  PRESS =     0.0
 Etot   =   -109100.0064  EKtot   =     20266.4277  EPtot      =   -129366.4341
 BOND   =       689.5917  ANGLE   =      1767.4518  DIHED      =      1211.2988
 UB     =         0.0000  IMP     =         0.0000  CMAP       =       156.6884
 1-4 NB =       779.1260  1-4 EEL =     10681.1386  VDWAALS    =     15741.4274
 EELEC  =   -160393.1567  EHBOND  =         0.0000  RESTRAINT  =         0.0000
 ------------------------------------------------------------------------------

wrapping first mol.:       75.34773        0.00000        0.00000
wrapping first mol.:       75.34773        0.00000        0.00000
wrapping first mol.:       75.34773        0.00000        0.00000
wrapping first mol.:       75.34773        0.00000        0.00000
wrapping first mol.:       75.34773        0.00000        0.00000
wrapping first mol.:       75.34773        0.00000        0.00000
wrapping first mol.:       75.34773        0.00000        0.00000
wrapping first mol.:       75.34773        0.00000        0.00000
wrapping first mol.:       75.34773        0.00000        0.00000
wrapping first mol.:       75.34773        0.00000        0.00000
wrapping first mol.:       75.34773        0.00000        0.00000

 NSTEP =  1050000   TIME(PS) =    2100.000  TEMP(K) =   300.92  PRESS =     0.0
 Etot   =   -109082.0633  EKtot   =     20459.7812  EPtot      =   -129541.8445
 BOND   =       687.8424  ANGLE   =      1683.9679  DIHED      =      1210.0665
 UB     =         0.0000  IMP     =         0.0000  CMAP       =       147.7197
 1-4 NB =       772.2307  1-4 EEL =     10706.3697  VDWAALS    =     15527.8958
 EELEC  =   -160277.9372  EHBOND  =         0.0000  RESTRAINT  =         0.0000
 ------------------------------------------------------------------------------

wrapping first mol.:       75.34773        0.00000        0.00000
wrapping first mol.:       75.34773        0.00000        0.00000
wrapping first mol.:       75.34773        0.00000        0.00000
wrapping first mol.:       75.34773        0.00000        0.00000
wrapping first mol.:       75.34773        0.00000        0.00000
wrapping first mol.:       75.34773        0.00000        0.00000
wrapping first mol.:       75.34773        0.00000        0.00000
wrapping first mol.:       75.34773        0.00000        0.00000
wrapping first mol.:       75.34773        0.00000        0.00000
wrapping first mol.:       75.34773        0.00000        0.00000
wrapping first mol.:       75.34773        0.00000        0.00000

 NSTEP =  1100000   TIME(PS) =    2200.000  TEMP(K) =   298.09  PRESS =     0.0
 Etot   =   -109075.1975  EKtot   =     20267.3770  EPtot      =   -129342.5744
 BOND   =       663.8056  ANGLE   =      1804.5579  DIHED      =      1230.7141
 UB     =         0.0000  IMP     =         0.0000  CMAP       =       140.8266
 1-4 NB =       804.1982  1-4 EEL =     10754.2617  VDWAALS    =     15532.8274
 EELEC  =   -160273.7658  EHBOND  =         0.0000  RESTRAINT  =         0.0000
 ------------------------------------------------------------------------------

wrapping first mol.:       75.34773        0.00000        0.00000
wrapping first mol.:       75.34773        0.00000        0.00000
wrapping first mol.:       75.34773        0.00000        0.00000
wrapping first mol.:       75.34773        0.00000        0.00000
wrapping first mol.:       75.34773        0.00000        0.00000
wrapping first mol.:       75.34773        0.00000        0.00000
wrapping first mol.:       75.34773        0.00000        0.00000
wrapping first mol.:       75.34773        0.00000        0.00000
wrapping first mol.:       75.34773        0.00000        0.00000
wrapping first mol.:       75.34773        0.00000        0.00000
wrapping first mol.:       75.34773        0.00000        0.00000

 NSTEP =  1150000   TIME(PS) =    2300.000  TEMP(K) =   299.23  PRESS =     0.0
 Etot   =   -108913.8376  EKtot   =     20345.5059  EPtot      =   -129259.3434
 BOND   =       704.0671  ANGLE   =      1758.9845  DIHED      =      1244.6872
 UB     =         0.0000  IMP     =         0.0000  CMAP       =       144.1966
 1-4 NB =       768.5324  1-4 EEL =     10714.8631  VDWAALS    =     15774.7656
 EELEC  =   -160369.4399  EHBOND  =         0.0000  RESTRAINT  =         0.0000
 ------------------------------------------------------------------------------

wrapping first mol.:       75.34773        0.00000        0.00000
wrapping first mol.:       75.34773        0.00000        0.00000
wrapping first mol.:       75.34773        0.00000        0.00000
wrapping first mol.:       75.34773        0.00000        0.00000
wrapping first mol.:       75.34773        0.00000        0.00000
wrapping first mol.:       75.34773        0.00000        0.00000
wrapping first mol.:       75.34773        0.00000        0.00000
wrapping first mol.:       75.34773        0.00000        0.00000
wrapping first mol.:       75.34773        0.00000        0.00000
wrapping first mol.:       75.34773        0.00000        0.00000
wrapping first mol.:       75.34773        0.00000        0.00000

 NSTEP =  1200000   TIME(PS) =    2400.000  TEMP(K) =   300.86  PRESS =     0.0
 Etot   =   -109131.3705  EKtot   =     20455.7734  EPtot      =   -129587.1439
 BOND   =       671.3506  ANGLE   =      1709.5394  DIHED      =      1210.9695
 UB     =         0.0000  IMP     =         0.0000  CMAP       =       160.7460
 1-4 NB =       789.3689  1-4 EEL =     10774.9828  VDWAALS    =     15578.7385
 EELEC  =   -160482.8396  EHBOND  =         0.0000  RESTRAINT  =         0.0000
 ------------------------------------------------------------------------------

wrapping first mol.:       75.34773        0.00000        0.00000
wrapping first mol.:       75.34773        0.00000        0.00000
wrapping first mol.:       75.34773        0.00000        0.00000
wrapping first mol.:       75.34773        0.00000        0.00000
wrapping first mol.:       75.34773        0.00000        0.00000
wrapping first mol.:       75.34773        0.00000        0.00000
wrapping first mol.:       75.34773        0.00000        0.00000
wrapping first mol.:       75.34773        0.00000        0.00000
wrapping first mol.:       75.34773        0.00000        0.00000
wrapping first mol.:       75.34773        0.00000        0.00000
wrapping first mol.:       75.34773        0.00000        0.00000

 NSTEP =  1250000   TIME(PS) =    2500.000  TEMP(K) =   299.21  PRESS =     0.0
 Etot   =   -108905.6366  EKtot   =     20343.8906  EPtot      =   -129249.5272
 BOND   =       664.4114  ANGLE   =      1744.3296  DIHED      =      1213.9897
 UB     =         0.0000  IMP     =         0.0000  CMAP       =       154.5143
 1-4 NB =       791.3100  1-4 EEL =     10742.5161  VDWAALS    =     15401.8279
 EELEC  =   -159962.4261  EHBOND  =         0.0000  RESTRAINT  =         0.0000
 ------------------------------------------------------------------------------

wrapping first mol.:       75.34773        0.00000        0.00000
wrapping first mol.:       75.34773        0.00000        0.00000
wrapping first mol.:       75.34773        0.00000        0.00000
wrapping first mol.:       75.34773        0.00000        0.00000
wrapping first mol.:       75.34773        0.00000        0.00000
wrapping first mol.:       75.34773        0.00000        0.00000
wrapping first mol.:       75.34773        0.00000        0.00000
wrapping first mol.:       75.34773        0.00000        0.00000
wrapping first mol.:       75.34773        0.00000        0.00000
wrapping first mol.:       75.34773        0.00000        0.00000
wrapping first mol.:       75.34773        0.00000        0.00000

 NSTEP =  1300000   TIME(PS) =    2600.000  TEMP(K) =   300.29  PRESS =     0.0
 Etot   =   -109163.3804  EKtot   =     20416.9805  EPtot      =   -129580.3609
 BOND   =       669.5241  ANGLE   =      1747.7944  DIHED      =      1191.4632
 UB     =         0.0000  IMP     =         0.0000  CMAP       =       151.7242
 1-4 NB =       761.1623  1-4 EEL =     10733.8737  VDWAALS    =     15603.0369
 EELEC  =   -160438.9398  EHBOND  =         0.0000  RESTRAINT  =         0.0000
 ------------------------------------------------------------------------------

wrapping first mol.:       75.34773        0.00000        0.00000
wrapping first mol.:       75.34773        0.00000        0.00000
wrapping first mol.:       75.34773        0.00000        0.00000
wrapping first mol.:       75.34773        0.00000        0.00000
wrapping first mol.:       75.34773        0.00000        0.00000
wrapping first mol.:       75.34773        0.00000        0.00000
wrapping first mol.:       75.34773        0.00000        0.00000
wrapping first mol.:       75.34773        0.00000        0.00000
wrapping first mol.:       75.34773        0.00000        0.00000
wrapping first mol.:       75.34773        0.00000        0.00000
wrapping first mol.:       75.34773        0.00000        0.00000

 NSTEP =  1350000   TIME(PS) =    2700.000  TEMP(K) =   300.32  PRESS =     0.0
 Etot   =   -108937.2733  EKtot   =     20419.0957  EPtot      =   -129356.3690
 BOND   =       674.4600  ANGLE   =      1702.9408  DIHED      =      1192.4504
 UB     =         0.0000  IMP     =         0.0000  CMAP       =       136.8422
 1-4 NB =       799.4832  1-4 EEL =     10766.8534  VDWAALS    =     15119.7076
 EELEC  =   -159749.1067  EHBOND  =         0.0000  RESTRAINT  =         0.0000
 ------------------------------------------------------------------------------

wrapping first mol.:       75.34773        0.00000        0.00000
wrapping first mol.:       75.34773        0.00000        0.00000
wrapping first mol.:       75.34773        0.00000        0.00000
wrapping first mol.:       75.34773        0.00000        0.00000
wrapping first mol.:       75.34773        0.00000        0.00000
wrapping first mol.:       75.34773        0.00000        0.00000
wrapping first mol.:       75.34773        0.00000        0.00000
wrapping first mol.:       75.34773        0.00000        0.00000
wrapping first mol.:       75.34773        0.00000        0.00000
wrapping first mol.:       75.34773        0.00000        0.00000
wrapping first mol.:       75.34773        0.00000        0.00000

 NSTEP =  1400000   TIME(PS) =    2800.000  TEMP(K) =   300.17  PRESS =     0.0
 Etot   =   -109125.0281  EKtot   =     20408.8340  EPtot      =   -129533.8620
 BOND   =       669.3960  ANGLE   =      1729.7793  DIHED      =      1207.8021
 UB     =         0.0000  IMP     =         0.0000  CMAP       =       157.3436
 1-4 NB =       777.3002  1-4 EEL =     10704.0759  VDWAALS    =     15630.2662
 EELEC  =   -160409.8253  EHBOND  =         0.0000  RESTRAINT  =         0.0000
 ------------------------------------------------------------------------------

wrapping first mol.:       75.34773        0.00000        0.00000
wrapping first mol.:       75.34773        0.00000        0.00000
wrapping first mol.:       75.34773        0.00000        0.00000
wrapping first mol.:       75.34773        0.00000        0.00000
wrapping first mol.:       75.34773        0.00000        0.00000
wrapping first mol.:       75.34773        0.00000        0.00000
wrapping first mol.:       75.34773        0.00000        0.00000
wrapping first mol.:       75.34773        0.00000        0.00000
wrapping first mol.:       75.34773        0.00000        0.00000
wrapping first mol.:       75.34773        0.00000        0.00000
wrapping first mol.:       75.34773        0.00000        0.00000

 NSTEP =  1450000   TIME(PS) =    2900.000  TEMP(K) =   301.64  PRESS =     0.0
 Etot   =   -108771.6166  EKtot   =     20509.3301  EPtot      =   -129280.9466
 BOND   =       659.3348  ANGLE   =      1757.3108  DIHED      =      1188.7822
 UB     =         0.0000  IMP     =         0.0000  CMAP       =       140.3810
 1-4 NB =       783.9228  1-4 EEL =     10757.7275  VDWAALS    =     15227.7789
 EELEC  =   -159796.1847  EHBOND  =         0.0000  RESTRAINT  =         0.0000
 ------------------------------------------------------------------------------

wrapping first mol.:       75.34773        0.00000        0.00000
wrapping first mol.:       75.34773        0.00000        0.00000
wrapping first mol.:       75.34773        0.00000        0.00000
wrapping first mol.:       75.34773        0.00000        0.00000
wrapping first mol.:       75.34773        0.00000        0.00000
wrapping first mol.:       75.34773        0.00000        0.00000
wrapping first mol.:       75.34773        0.00000        0.00000
wrapping first mol.:       75.34773        0.00000        0.00000
wrapping first mol.:       75.34773        0.00000        0.00000
wrapping first mol.:       75.34773        0.00000        0.00000
wrapping first mol.:       75.34773        0.00000        0.00000

 NSTEP =  1500000   TIME(PS) =    3000.000  TEMP(K) =   300.35  PRESS =     0.0
 Etot   =   -109058.9861  EKtot   =     20421.1934  EPtot      =   -129480.1794
 BOND   =       694.5180  ANGLE   =      1785.2744  DIHED      =      1190.4081
 UB     =         0.0000  IMP     =         0.0000  CMAP       =       151.5342
 1-4 NB =       770.3830  1-4 EEL =     10693.4879  VDWAALS    =     15631.3002
 EELEC  =   -160397.0853  EHBOND  =         0.0000  RESTRAINT  =         0.0000
 ------------------------------------------------------------------------------

wrapping first mol.:       75.34773        0.00000        0.00000
wrapping first mol.:       75.34773        0.00000        0.00000
wrapping first mol.:       75.34773        0.00000        0.00000
wrapping first mol.:       75.34773        0.00000        0.00000
wrapping first mol.:       75.34773        0.00000        0.00000
wrapping first mol.:       75.34773        0.00000        0.00000
wrapping first mol.:       75.34773        0.00000        0.00000
wrapping first mol.:       75.34773        0.00000        0.00000
wrapping first mol.:       75.34773        0.00000        0.00000
wrapping first mol.:       75.34773        0.00000        0.00000
wrapping first mol.:       75.34773        0.00000        0.00000

 NSTEP =  1550000   TIME(PS) =    3100.000  TEMP(K) =   298.16  PRESS =     0.0
 Etot   =   -109296.6812  EKtot   =     20272.1855  EPtot      =   -129568.8667
 BOND   =       661.2022  ANGLE   =      1714.4934  DIHED      =      1205.0894
 UB     =         0.0000  IMP     =         0.0000  CMAP       =       143.0639
 1-4 NB =       798.0894  1-4 EEL =     10692.3776  VDWAALS    =     15350.8558
 EELEC  =   -160134.0384  EHBOND  =         0.0000  RESTRAINT  =         0.0000
 ------------------------------------------------------------------------------

wrapping first mol.:       75.34773        0.00000        0.00000
wrapping first mol.:       75.34773        0.00000        0.00000
wrapping first mol.:       75.34773        0.00000        0.00000
wrapping first mol.:       75.34773        0.00000        0.00000
wrapping first mol.:       75.34773        0.00000        0.00000
wrapping first mol.:       75.34773        0.00000        0.00000
wrapping first mol.:       75.34773        0.00000        0.00000
wrapping first mol.:       75.34773        0.00000        0.00000
wrapping first mol.:       75.34773        0.00000        0.00000
wrapping first mol.:       75.34773        0.00000        0.00000
wrapping first mol.:       75.34773        0.00000        0.00000

 NSTEP =  1600000   TIME(PS) =    3200.000  TEMP(K) =   298.18  PRESS =     0.0
 Etot   =   -109264.8030  EKtot   =     20273.4844  EPtot      =   -129538.2874
 BOND   =       680.3144  ANGLE   =      1738.4854  DIHED      =      1212.2323
 UB     =         0.0000  IMP     =         0.0000  CMAP       =       146.8004
 1-4 NB =       805.6445  1-4 EEL =     10695.0347  VDWAALS    =     15750.1403
 EELEC  =   -160566.9395  EHBOND  =         0.0000  RESTRAINT  =         0.0000
 ------------------------------------------------------------------------------

wrapping first mol.:       75.34773        0.00000        0.00000
wrapping first mol.:       75.34773        0.00000        0.00000
wrapping first mol.:       75.34773        0.00000        0.00000
wrapping first mol.:       75.34773        0.00000        0.00000
wrapping first mol.:       75.34773        0.00000        0.00000
wrapping first mol.:       75.34773        0.00000        0.00000
wrapping first mol.:       75.34773        0.00000        0.00000
wrapping first mol.:       75.34773        0.00000        0.00000
wrapping first mol.:       75.34773        0.00000        0.00000
wrapping first mol.:       75.34773        0.00000        0.00000
wrapping first mol.:       75.34773        0.00000        0.00000

 NSTEP =  1650000   TIME(PS) =    3300.000  TEMP(K) =   299.61  PRESS =     0.0
 Etot   =   -109031.0051  EKtot   =     20371.0117  EPtot      =   -129402.0168
 BOND   =       661.1518  ANGLE   =      1731.0547  DIHED      =      1159.6227
 UB     =         0.0000  IMP     =         0.0000  CMAP       =       154.2032
 1-4 NB =       780.1603  1-4 EEL =     10740.1983  VDWAALS    =     15133.1438
 EELEC  =   -159761.5516  EHBOND  =         0.0000  RESTRAINT  =         0.0000
 ------------------------------------------------------------------------------

wrapping first mol.:       75.34773        0.00000        0.00000
wrapping first mol.:       75.34773        0.00000        0.00000
wrapping first mol.:       75.34773        0.00000        0.00000
wrapping first mol.:       75.34773        0.00000        0.00000
wrapping first mol.:       75.34773        0.00000        0.00000
wrapping first mol.:       75.34773        0.00000        0.00000
wrapping first mol.:       75.34773        0.00000        0.00000
wrapping first mol.:       75.34773        0.00000        0.00000
wrapping first mol.:       75.34773        0.00000        0.00000
wrapping first mol.:       75.34773        0.00000        0.00000
wrapping first mol.:       75.34773        0.00000        0.00000

 NSTEP =  1700000   TIME(PS) =    3400.000  TEMP(K) =   299.03  PRESS =     0.0
 Etot   =   -109318.9031  EKtot   =     20331.2480  EPtot      =   -129650.1511
 BOND   =       682.5574  ANGLE   =      1746.2805  DIHED      =      1204.2137
 UB     =         0.0000  IMP     =         0.0000  CMAP       =       151.1413
 1-4 NB =       761.6087  1-4 EEL =     10693.2032  VDWAALS    =     15392.9810
 EELEC  =   -160282.1371  EHBOND  =         0.0000  RESTRAINT  =         0.0000
 ------------------------------------------------------------------------------

wrapping first mol.:       75.34773        0.00000        0.00000
wrapping first mol.:       75.34773        0.00000        0.00000
wrapping first mol.:       75.34773        0.00000        0.00000
wrapping first mol.:       75.34773        0.00000        0.00000
wrapping first mol.:       75.34773        0.00000        0.00000
wrapping first mol.:       75.34773        0.00000        0.00000
wrapping first mol.:       75.34773        0.00000        0.00000
wrapping first mol.:       75.34773        0.00000        0.00000
wrapping first mol.:       75.34773        0.00000        0.00000
wrapping first mol.:       75.34773        0.00000        0.00000
wrapping first mol.:       75.34773        0.00000        0.00000

 NSTEP =  1750000   TIME(PS) =    3500.000  TEMP(K) =   299.56  PRESS =     0.0
 Etot   =   -108876.7061  EKtot   =     20367.9434  EPtot      =   -129244.6495
 BOND   =       682.6260  ANGLE   =      1748.1102  DIHED      =      1186.5031
 UB     =         0.0000  IMP     =         0.0000  CMAP       =       146.7734
 1-4 NB =       774.4929  1-4 EEL =     10700.1680  VDWAALS    =     15412.1010
 EELEC  =   -159895.4241  EHBOND  =         0.0000  RESTRAINT  =         0.0000
 ------------------------------------------------------------------------------

wrapping first mol.:       75.34773        0.00000        0.00000
wrapping first mol.:       75.34773        0.00000        0.00000
wrapping first mol.:       75.34773        0.00000        0.00000
wrapping first mol.:       75.34773        0.00000        0.00000
wrapping first mol.:       75.34773        0.00000        0.00000
wrapping first mol.:       75.34773        0.00000        0.00000
wrapping first mol.:       75.34773        0.00000        0.00000
wrapping first mol.:       75.34773        0.00000        0.00000
wrapping first mol.:       75.34773        0.00000        0.00000
wrapping first mol.:       75.34773        0.00000        0.00000
wrapping first mol.:       75.34773        0.00000        0.00000

 NSTEP =  1800000   TIME(PS) =    3600.000  TEMP(K) =   301.20  PRESS =     0.0
 Etot   =   -108725.4293  EKtot   =     20478.8984  EPtot      =   -129204.3277
 BOND   =       660.7459  ANGLE   =      1715.0020  DIHED      =      1212.1975
 UB     =         0.0000  IMP     =         0.0000  CMAP       =       151.0321
 1-4 NB =       787.0012  1-4 EEL =     10672.2776  VDWAALS    =     15384.8435
 EELEC  =   -159787.4275  EHBOND  =         0.0000  RESTRAINT  =         0.0000
 ------------------------------------------------------------------------------

wrapping first mol.:       75.34773        0.00000        0.00000
wrapping first mol.:       75.34773        0.00000        0.00000
wrapping first mol.:       75.34773        0.00000        0.00000
wrapping first mol.:       75.34773        0.00000        0.00000
wrapping first mol.:       75.34773        0.00000        0.00000
wrapping first mol.:       75.34773        0.00000        0.00000
wrapping first mol.:       75.34773        0.00000        0.00000
wrapping first mol.:       75.34773        0.00000        0.00000
wrapping first mol.:       75.34773        0.00000        0.00000
wrapping first mol.:       75.34773        0.00000        0.00000
wrapping first mol.:       75.34773        0.00000        0.00000

 NSTEP =  1850000   TIME(PS) =    3700.000  TEMP(K) =   298.31  PRESS =     0.0
 Etot   =   -108903.0574  EKtot   =     20282.6797  EPtot      =   -129185.7371
 BOND   =       658.3617  ANGLE   =      1805.9595  DIHED      =      1177.1557
 UB     =         0.0000  IMP     =         0.0000  CMAP       =       140.5069
 1-4 NB =       791.6196  1-4 EEL =     10686.4931  VDWAALS    =     15365.6650
 EELEC  =   -159811.4987  EHBOND  =         0.0000  RESTRAINT  =         0.0000
 ------------------------------------------------------------------------------

wrapping first mol.:       75.34773        0.00000        0.00000
wrapping first mol.:       75.34773        0.00000        0.00000
wrapping first mol.:       75.34773        0.00000        0.00000
wrapping first mol.:       75.34773        0.00000        0.00000
wrapping first mol.:       75.34773        0.00000        0.00000
wrapping first mol.:       75.34773        0.00000        0.00000
wrapping first mol.:       75.34773        0.00000        0.00000
wrapping first mol.:       75.34773        0.00000        0.00000
wrapping first mol.:       75.34773        0.00000        0.00000
wrapping first mol.:       75.34773        0.00000        0.00000
wrapping first mol.:       75.34773        0.00000        0.00000

 NSTEP =  1900000   TIME(PS) =    3800.000  TEMP(K) =   300.89  PRESS =     0.0
 Etot   =   -108854.0589  EKtot   =     20457.8750  EPtot      =   -129311.9339
 BOND   =       651.7385  ANGLE   =      1752.0006  DIHED      =      1193.0454
 UB     =         0.0000  IMP     =         0.0000  CMAP       =       150.5131
 1-4 NB =       787.8361  1-4 EEL =     10695.7205  VDWAALS    =     15515.3971
 EELEC  =   -160058.1852  EHBOND  =         0.0000  RESTRAINT  =         0.0000
 ------------------------------------------------------------------------------

wrapping first mol.:       75.34773        0.00000        0.00000
wrapping first mol.:       75.34773        0.00000        0.00000
wrapping first mol.:       75.34773        0.00000        0.00000
wrapping first mol.:       75.34773        0.00000        0.00000
wrapping first mol.:       75.34773        0.00000        0.00000
wrapping first mol.:       75.34773        0.00000        0.00000
wrapping first mol.:       75.34773        0.00000        0.00000
wrapping first mol.:       75.34773        0.00000        0.00000
wrapping first mol.:       75.34773        0.00000        0.00000
wrapping first mol.:       75.34773        0.00000        0.00000
wrapping first mol.:       75.34773        0.00000        0.00000

 NSTEP =  1950000   TIME(PS) =    3900.000  TEMP(K) =   295.65  PRESS =     0.0
 Etot   =   -109518.4226  EKtot   =     20101.5039  EPtot      =   -129619.9265
 BOND   =       651.1347  ANGLE   =      1708.4348  DIHED      =      1210.2700
 UB     =         0.0000  IMP     =         0.0000  CMAP       =       164.1564
 1-4 NB =       785.3793  1-4 EEL =     10779.8273  VDWAALS    =     15722.2663
 EELEC  =   -160641.3954  EHBOND  =         0.0000  RESTRAINT  =         0.0000
 ------------------------------------------------------------------------------

wrapping first mol.:       75.34773        0.00000        0.00000
wrapping first mol.:       75.34773        0.00000        0.00000
wrapping first mol.:       75.34773        0.00000        0.00000
wrapping first mol.:       75.34773        0.00000        0.00000
wrapping first mol.:       75.34773        0.00000        0.00000
wrapping first mol.:       75.34773        0.00000        0.00000
wrapping first mol.:       75.34773        0.00000        0.00000
wrapping first mol.:       75.34773        0.00000        0.00000
wrapping first mol.:       75.34773        0.00000        0.00000
wrapping first mol.:       75.34773        0.00000        0.00000
wrapping first mol.:       75.34773        0.00000        0.00000

 NSTEP =  2000000   TIME(PS) =    4000.000  TEMP(K) =   299.59  PRESS =     0.0
 Etot   =   -108786.5446  EKtot   =     20369.5977  EPtot      =   -129156.1423
 BOND   =       699.3908  ANGLE   =      1738.3921  DIHED      =      1197.8203
 UB     =         0.0000  IMP     =         0.0000  CMAP       =       156.7072
 1-4 NB =       764.6298  1-4 EEL =     10722.5275  VDWAALS    =     15323.3320
 EELEC  =   -159758.9420  EHBOND  =         0.0000  RESTRAINT  =         0.0000
 ------------------------------------------------------------------------------

wrapping first mol.:       75.34773        0.00000        0.00000
wrapping first mol.:       75.34773        0.00000        0.00000
wrapping first mol.:       75.34773        0.00000        0.00000
wrapping first mol.:       75.34773        0.00000        0.00000
wrapping first mol.:       75.34773        0.00000        0.00000
wrapping first mol.:       75.34773        0.00000        0.00000
wrapping first mol.:       75.34773        0.00000        0.00000
wrapping first mol.:       75.34773        0.00000        0.00000
wrapping first mol.:       75.34773        0.00000        0.00000
wrapping first mol.:       75.34773        0.00000        0.00000
wrapping first mol.:       75.34773        0.00000        0.00000

 NSTEP =  2050000   TIME(PS) =    4100.000  TEMP(K) =   300.21  PRESS =     0.0
 Etot   =   -108997.2977  EKtot   =     20412.0645  EPtot      =   -129409.3621
 BOND   =       683.9312  ANGLE   =      1717.5966  DIHED      =      1211.4073
 UB     =         0.0000  IMP     =         0.0000  CMAP       =       153.3978
 1-4 NB =       793.2235  1-4 EEL =     10698.8382  VDWAALS    =     15907.6916
 EELEC  =   -160575.4484  EHBOND  =         0.0000  RESTRAINT  =         0.0000
 ------------------------------------------------------------------------------

wrapping first mol.:       75.34773        0.00000        0.00000
wrapping first mol.:       75.34773        0.00000        0.00000
wrapping first mol.:       75.34773        0.00000        0.00000
wrapping first mol.:       75.34773        0.00000        0.00000
wrapping first mol.:       75.34773        0.00000        0.00000
wrapping first mol.:       75.34773        0.00000        0.00000
wrapping first mol.:       75.34773        0.00000        0.00000
wrapping first mol.:       75.34773        0.00000        0.00000
wrapping first mol.:       75.34773        0.00000        0.00000
wrapping first mol.:       75.34773        0.00000        0.00000
wrapping first mol.:       75.34773        0.00000        0.00000

 NSTEP =  2100000   TIME(PS) =    4200.000  TEMP(K) =   301.63  PRESS =     0.0
 Etot   =   -108977.2686  EKtot   =     20508.4414  EPtot      =   -129485.7100
 BOND   =       704.0591  ANGLE   =      1735.5113  DIHED      =      1181.7114
 UB     =         0.0000  IMP     =         0.0000  CMAP       =       151.6858
 1-4 NB =       770.4819  1-4 EEL =     10604.1426  VDWAALS    =     15534.8826
 EELEC  =   -160168.1846  EHBOND  =         0.0000  RESTRAINT  =         0.0000
 ------------------------------------------------------------------------------

wrapping first mol.:       75.34773        0.00000        0.00000
wrapping first mol.:       75.34773        0.00000        0.00000
wrapping first mol.:       75.34773        0.00000        0.00000
wrapping first mol.:       75.34773        0.00000        0.00000
wrapping first mol.:       75.34773        0.00000        0.00000
wrapping first mol.:       75.34773        0.00000        0.00000
wrapping first mol.:       75.34773        0.00000        0.00000
wrapping first mol.:       75.34773        0.00000        0.00000
wrapping first mol.:       75.34773        0.00000        0.00000
wrapping first mol.:       75.34773        0.00000        0.00000
wrapping first mol.:       75.34773        0.00000        0.00000

 NSTEP =  2150000   TIME(PS) =    4300.000  TEMP(K) =   301.12  PRESS =     0.0
 Etot   =   -109113.0317  EKtot   =     20473.5117  EPtot      =   -129586.5434
 BOND   =       645.2738  ANGLE   =      1732.7514  DIHED      =      1180.8384
 UB     =         0.0000  IMP     =         0.0000  CMAP       =       163.0354
 1-4 NB =       781.8521  1-4 EEL =     10675.6387  VDWAALS    =     15635.0788
 EELEC  =   -160401.0120  EHBOND  =         0.0000  RESTRAINT  =         0.0000
 ------------------------------------------------------------------------------

wrapping first mol.:       75.34773        0.00000        0.00000
wrapping first mol.:       75.34773        0.00000        0.00000
wrapping first mol.:       75.34773        0.00000        0.00000
wrapping first mol.:       75.34773        0.00000        0.00000
wrapping first mol.:       75.34773        0.00000        0.00000
wrapping first mol.:       75.34773        0.00000        0.00000
wrapping first mol.:       75.34773        0.00000        0.00000
wrapping first mol.:       75.34773        0.00000        0.00000
wrapping first mol.:       75.34773        0.00000        0.00000
wrapping first mol.:       75.34773        0.00000        0.00000
wrapping first mol.:       75.34773        0.00000        0.00000

 NSTEP =  2200000   TIME(PS) =    4400.000  TEMP(K) =   302.26  PRESS =     0.0
 Etot   =   -109003.9772  EKtot   =     20551.3262  EPtot      =   -129555.3034
 BOND   =       700.9315  ANGLE   =      1793.4176  DIHED      =      1186.1622
 UB     =         0.0000  IMP     =         0.0000  CMAP       =       148.2305
 1-4 NB =       771.4723  1-4 EEL =     10642.6206  VDWAALS    =     15469.1625
 EELEC  =   -160267.3006  EHBOND  =         0.0000  RESTRAINT  =         0.0000
 ------------------------------------------------------------------------------

wrapping first mol.:       75.34773        0.00000        0.00000
wrapping first mol.:       75.34773        0.00000        0.00000
wrapping first mol.:       75.34773        0.00000        0.00000
wrapping first mol.:       75.34773        0.00000        0.00000
wrapping first mol.:       75.34773        0.00000        0.00000
wrapping first mol.:       75.34773        0.00000        0.00000
wrapping first mol.:       75.34773        0.00000        0.00000
wrapping first mol.:       75.34773        0.00000        0.00000
wrapping first mol.:       75.34773        0.00000        0.00000
wrapping first mol.:       75.34773        0.00000        0.00000
wrapping first mol.:       75.34773        0.00000        0.00000

 NSTEP =  2250000   TIME(PS) =    4500.000  TEMP(K) =   296.25  PRESS =     0.0
 Etot   =   -109420.5613  EKtot   =     20142.3262  EPtot      =   -129562.8875
 BOND   =       654.0684  ANGLE   =      1726.2417  DIHED      =      1220.3072
 UB     =         0.0000  IMP     =         0.0000  CMAP       =       142.8780
 1-4 NB =       792.3489  1-4 EEL =     10686.0892  VDWAALS    =     15741.1944
 EELEC  =   -160526.0153  EHBOND  =         0.0000  RESTRAINT  =         0.0000
 ------------------------------------------------------------------------------

wrapping first mol.:       75.34773        0.00000        0.00000
wrapping first mol.:       75.34773        0.00000        0.00000
wrapping first mol.:       75.34773        0.00000        0.00000
wrapping first mol.:       75.34773        0.00000        0.00000
wrapping first mol.:       75.34773        0.00000        0.00000
wrapping first mol.:       75.34773        0.00000        0.00000
wrapping first mol.:       75.34773        0.00000        0.00000
wrapping first mol.:       75.34773        0.00000        0.00000
wrapping first mol.:       75.34773        0.00000        0.00000
wrapping first mol.:       75.34773        0.00000        0.00000
wrapping first mol.:       75.34773        0.00000        0.00000

 NSTEP =  2300000   TIME(PS) =    4600.000  TEMP(K) =   300.83  PRESS =     0.0
 Etot   =   -108667.5938  EKtot   =     20454.1465  EPtot      =   -129121.7403
 BOND   =       689.8080  ANGLE   =      1790.6171  DIHED      =      1171.7255
 UB     =         0.0000  IMP     =         0.0000  CMAP       =       150.9336
 1-4 NB =       806.0533  1-4 EEL =     10731.5408  VDWAALS    =     15349.1310
 EELEC  =   -159811.5494  EHBOND  =         0.0000  RESTRAINT  =         0.0000
 ------------------------------------------------------------------------------

wrapping first mol.:       75.34773        0.00000        0.00000
wrapping first mol.:       75.34773        0.00000        0.00000
wrapping first mol.:       75.34773        0.00000        0.00000
wrapping first mol.:       75.34773        0.00000        0.00000
wrapping first mol.:       75.34773        0.00000        0.00000
wrapping first mol.:       75.34773        0.00000        0.00000
wrapping first mol.:       75.34773        0.00000        0.00000
wrapping first mol.:       75.34773        0.00000        0.00000
wrapping first mol.:       75.34773        0.00000        0.00000
wrapping first mol.:       75.34773        0.00000        0.00000
wrapping first mol.:       75.34773        0.00000        0.00000

 NSTEP =  2350000   TIME(PS) =    4700.000  TEMP(K) =   300.80  PRESS =     0.0
 Etot   =   -108970.7837  EKtot   =     20451.7598  EPtot      =   -129422.5434
 BOND   =       683.4070  ANGLE   =      1732.4192  DIHED      =      1213.4005
 UB     =         0.0000  IMP     =         0.0000  CMAP       =       149.6363
 1-4 NB =       774.3323  1-4 EEL =     10669.9951  VDWAALS    =     15424.4158
 EELEC  =   -160070.1496  EHBOND  =         0.0000  RESTRAINT  =         0.0000
 ------------------------------------------------------------------------------

wrapping first mol.:       75.34773        0.00000        0.00000
wrapping first mol.:       75.34773        0.00000        0.00000
wrapping first mol.:       75.34773        0.00000        0.00000
wrapping first mol.:       75.34773        0.00000        0.00000
wrapping first mol.:       75.34773        0.00000        0.00000
wrapping first mol.:       75.34773        0.00000        0.00000
wrapping first mol.:       75.34773        0.00000        0.00000
wrapping first mol.:       75.34773        0.00000        0.00000
wrapping first mol.:       75.34773        0.00000        0.00000
wrapping first mol.:       75.34773        0.00000        0.00000
wrapping first mol.:       75.34773        0.00000        0.00000

 NSTEP =  2400000   TIME(PS) =    4800.000  TEMP(K) =   301.79  PRESS =     0.0
 Etot   =   -109206.2951  EKtot   =     20519.2031  EPtot      =   -129725.4982
 BOND   =       649.9672  ANGLE   =      1748.2351  DIHED      =      1180.7995
 UB     =         0.0000  IMP     =         0.0000  CMAP       =       149.9964
 1-4 NB =       797.1177  1-4 EEL =     10626.7535  VDWAALS    =     15406.3977
 EELEC  =   -160284.7652  EHBOND  =         0.0000  RESTRAINT  =         0.0000
 ------------------------------------------------------------------------------

wrapping first mol.:       75.34773        0.00000        0.00000
wrapping first mol.:       75.34773        0.00000        0.00000
wrapping first mol.:       75.34773        0.00000        0.00000
wrapping first mol.:       75.34773        0.00000        0.00000
wrapping first mol.:       75.34773        0.00000        0.00000
wrapping first mol.:       75.34773        0.00000        0.00000
wrapping first mol.:       75.34773        0.00000        0.00000
wrapping first mol.:       75.34773        0.00000        0.00000
wrapping first mol.:       75.34773        0.00000        0.00000
wrapping first mol.:       75.34773        0.00000        0.00000
wrapping first mol.:       75.34773        0.00000        0.00000

 NSTEP =  2450000   TIME(PS) =    4900.000  TEMP(K) =   298.30  PRESS =     0.0
 Etot   =   -109103.2080  EKtot   =     20281.7949  EPtot      =   -129385.0029
 BOND   =       663.8149  ANGLE   =      1733.7862  DIHED      =      1175.8875
 UB     =         0.0000  IMP     =         0.0000  CMAP       =       149.3401
 1-4 NB =       807.1509  1-4 EEL =     10627.5407  VDWAALS    =     15554.4644
 EELEC  =   -160096.9877  EHBOND  =         0.0000  RESTRAINT  =         0.0000
 ------------------------------------------------------------------------------

wrapping first mol.:       75.34773        0.00000        0.00000
wrapping first mol.:       75.34773        0.00000        0.00000
wrapping first mol.:       75.34773        0.00000        0.00000
wrapping first mol.:       75.34773        0.00000        0.00000
wrapping first mol.:       75.34773        0.00000        0.00000
wrapping first mol.:       75.34773        0.00000        0.00000
wrapping first mol.:       75.34773        0.00000        0.00000
wrapping first mol.:       75.34773        0.00000        0.00000
wrapping first mol.:       75.34773        0.00000        0.00000
wrapping first mol.:       75.34773        0.00000        0.00000
wrapping first mol.:       75.34773        0.00000        0.00000

 NSTEP =  2500000   TIME(PS) =    5000.000  TEMP(K) =   299.39  PRESS =     0.0
 Etot   =   -109245.1512  EKtot   =     20355.9688  EPtot      =   -129601.1199
 BOND   =       687.2118  ANGLE   =      1764.8810  DIHED      =      1204.4932
 UB     =         0.0000  IMP     =         0.0000  CMAP       =       154.4098
 1-4 NB =       777.7340  1-4 EEL =     10691.7340  VDWAALS    =     15401.1808
 EELEC  =   -160282.7645  EHBOND  =         0.0000  RESTRAINT  =         0.0000
 ------------------------------------------------------------------------------


      A V E R A G E S   O V E R      50 S T E P S


 NSTEP =  2500000   TIME(PS) =    5000.000  TEMP(K) =   299.84  PRESS =     0.0
 Etot   =   -109034.6822  EKtot   =     20386.9776  EPtot      =   -129421.6599
 BOND   =       673.6281  ANGLE   =      1746.4464  DIHED      =      1204.9245
 UB     =         0.0000  IMP     =         0.0000  CMAP       =       148.2576
 1-4 NB =       782.6052  1-4 EEL =     10715.5239  VDWAALS    =     15472.8955
 EELEC  =   -160165.9411  EHBOND  =         0.0000  RESTRAINT  =         0.0000
 ------------------------------------------------------------------------------


      R M S  F L U C T U A T I O N S


 NSTEP =  2500000   TIME(PS) =    5000.000  TEMP(K) =     1.49  PRESS =     0.0
 Etot   =       192.5525  EKtot   =       101.0309  EPtot      =       166.1785
 BOND   =        21.8740  ANGLE   =        34.4220  DIHED      =        19.1816
 UB     =         0.0000  IMP     =         0.0000  CMAP       =         6.5011
 1-4 NB =        14.2476  1-4 EEL =        45.9943  VDWAALS    =       177.6680
 EELEC  =       273.7551  EHBOND  =         0.0000  RESTRAINT  =         0.0000
 ------------------------------------------------------------------------------

--------------------------------------------------------------------------------
   5.  TIMINGS
--------------------------------------------------------------------------------

|  NonSetup CPU Time in Major Routines:
|
|     Routine           Sec        %
|     ------------------------------
|     Nonbond         922.51   11.83
|     Bond              0.00    0.00
|     Angle             0.00    0.00
|     Dihedral          0.00    0.00
|     Shake            20.79    0.27
|     RunMD          6851.60   87.86
|     Other             3.61    0.05
|     ------------------------------
|     Total          7798.50

|  PME Nonbond Pairlist CPU Time:
|
|     Routine              Sec        %
|     ---------------------------------
|     Set Up Cit           0.00    0.00
|     Build List           0.00    0.00
|     ---------------------------------
|     Total                0.00    0.00

|  PME Direct Force CPU Time:
|
|     Routine              Sec        %
|     ---------------------------------
|     NonBonded Calc       0.00    0.00
|     Exclude Masked       0.00    0.00
|     Other                1.92    0.02
|     ---------------------------------
|     Total                1.92    0.02

|  PME Reciprocal Force CPU Time:
|
|     Routine              Sec        %
|     ---------------------------------
|     1D bspline           0.00    0.00
|     Grid Charges         0.00    0.00
|     Scalar Sum           0.00    0.00
|     Gradient Sum         0.00    0.00
|     FFT                  0.00    0.00
|     ---------------------------------
|     Total                0.00    0.00

|  Final Performance Info:
|     -----------------------------------------------------
|     Average timings for last       1 steps:
|     Elapsed(s) =       0.00 Per Step(ms) =       0.15
|         ns/day =    1128.85   seconds/ns =      76.54
|
|     Average timings for all steps:
|     Elapsed(s) =    7812.48 Per Step(ms) =       3.12
|         ns/day =      55.30   seconds/ns =    1562.50
|     -----------------------------------------------------

|  Setup CPU time:            1.02 seconds
|  NonSetup CPU time:      7798.50 seconds
|  Total CPU time:         7799.52 seconds     2.17 hours

|  Setup wall time:           1    seconds
|  NonSetup wall time:     7812    seconds
|  Total wall time:        7813    seconds     2.17 hours
