
          -------------------------------------------------------
          Amber 18 PMEMD                              2018
          -------------------------------------------------------

| PMEMD implementation of SANDER, Release 18

| Run on 11/18/2020 at 10:44:15

|   Executable path: pmemd.cuda
| Working directory: /home/almacen/pbarletta/dynein/run/3zke/3_pdt
|          Hostname: Unknown
  [-O]verwriting output

File Assignments:
|   MDIN: pre_pdt.in                                                            
|  MDOUT: 0pdt.out                                                              
| INPCRD: 3_3zke.rst7                                                           
|   PARM: /home/almacen/pbarletta/dynein/top_files/3zke.prmtop                  
| RESTRT: 0p3_3zke.rst7                                                         
|   REFC: refc                                                                  
|  MDVEL: mdvel                                                                 
|   MDEN: mden                                                                  
|  MDCRD: 0p3_3zke.nc                                                           
| MDINFO: mdinfo                                                                
|  MDFRC: mdfrc                                                                 


 Here is the input file:

Production run                                                                 
&cntrl                                                                         
imin = 0,                           ! No Minimization                          
nmropt = 0,                         ! No NMR restraints read                   
                                                                               
! Nature and format of the input                                               
ntx = 5,                            ! Coordinates and velocities will be read  
irest = 1,                          ! Do not run a new simulation              
                                                                               
! Nature and format of the output                                              
ntxo = 1,                           ! rstrt file in ASCII format               
ntpr = 50000,                       ! inf in output every ntpr steps           
ntwr = 50000,                       ! rstrt file every ntwr steps              
ntwx = 5000,                        ! mdcrd file every ntwx steps              
ntwv = 0,                           ! mdvel without velocities                 
ntwe = 0,                           ! Energies and temperatures not written in 
idecomp = 0,                        ! No energy decomposition                  
iwrap = 1,                          ! Coordinates of the restart and mdcrd file
                                                                               
! Frozen or restrained atoms                                                   
ibelly = 0,                         ! No frozen atoms                          
ntr=0,                              ! Harmonic potential restraints            
                                                                               
! Molecular dynamics                                                           
nstlim = 2500000,                   ! Number of MD-steps                       
dt = 0.002,                         ! Time step                                
                                                                               
! Temperature regulation                                                       
ntt = 3,                            ! Langevin thermostat                      
gamma_ln = 2,                       ! Gamma constant for Langevin              
temp0 = 300.0,                      ! Reference T at which the system is to be 
tempi = 300.0,                      ! Initial T                                
ig = -1,                            ! Seed for the RNG                         
                                                                               
! P and V regulation                                                           
!barostat = 1,                      ! Berendsen barostat                       
!taup = 1,                          ! Pressure relaxation time                 
ntp = 0,                            ! constant V                               
ntb = 1,                            ! Periodic box for constant V              
                                                                               
! SHAKE variables                                                              
ntc = 2,                            ! Bonds involving H are constrained        
ntf = 2,                            ! Bond interaction involving H are ommited.
                                                                               
cut = 9.0,                          ! Nonbonded cutoff                         
/                                                                              
&end                                                                           


Note: ig = -1. Setting random seed to    97607 based on wallclock time in 
      microseconds.
| irandom = 1, using AMBER's internal random number generator (default).
 
|--------------------- INFORMATION ----------------------
| GPU (CUDA) Version of PMEMD in use: NVIDIA GPU IN USE.
|                    Version 18.0.0
| 
|                      03/25/2018
| 
| Implementation by:
|                    Ross C. Walker     (SDSC)
|                    Scott Le Grand     (nVIDIA)
| 
| Version 18 performance extensions by:
|                    David Cerutti     (Rutgers)
| 
| Precision model in use:
|      [SPFP] - Single Precision Forces, 64-bit Fixed Point
|               Accumulation. (Default)
| 
|--------------------------------------------------------
 
|----------------- CITATION INFORMATION -----------------
|
|    When publishing work that utilized the CUDA version
|    of AMBER, please cite the following in addition to
|    the regular AMBER citations:
|
|  - Romelia Salomon-Ferrer; Andreas W. Goetz; Duncan
|    Poole; Scott Le Grand; Ross C. Walker "Routine
|    microsecond molecular dynamics simulations with
|    AMBER - Part II: Particle Mesh Ewald", J. Chem.
|    Theory Comput., 2013, 9 (9), pp3878-3888,
|    DOI: 10.1021/ct400314y.
|
|  - Andreas W. Goetz; Mark J. Williamson; Dong Xu;
|    Duncan Poole; Scott Le Grand; Ross C. Walker
|    "Routine microsecond molecular dynamics simulations
|    with AMBER - Part I: Generalized Born", J. Chem.
|    Theory Comput., 2012, 8 (5), pp1542-1555.
|
|  - Scott Le Grand; Andreas W. Goetz; Ross C. Walker
|    "SPFP: Speed without compromise - a mixed precision
|    model for GPU accelerated molecular dynamics
|    simulations.", Comp. Phys. Comm., 2013, 184
|    pp374-380, DOI: 10.1016/j.cpc.2012.09.022
|
|--------------------------------------------------------
 
|------------------- GPU DEVICE INFO --------------------
|
|            CUDA_VISIBLE_DEVICES: 0
|   CUDA Capable Devices Detected:      1
|           CUDA Device ID in use:      0
|                CUDA Device Name: GeForce GTX 1080 Ti
|     CUDA Device Global Mem Size:  11178 MB
| CUDA Device Num Multiprocessors:     28
|           CUDA Device Core Freq:   1.72 GHz
|
|--------------------------------------------------------
 
 
| Conditional Compilation Defines Used:
| PUBFFT
| BINTRAJ
| CUDA
| EMIL

| Largest sphere to fit in unit cell has radius =    26.499

| New format PARM file being parsed.
| Version =    1.000 Date = 09/18/20 Time = 22:17:21

| Note: 1-4 EEL scale factors are being read from the topology file.

| Note: 1-4 VDW scale factors are being read from the topology file.
| Duplicated    0 dihedrals

| Duplicated    0 dihedrals

--------------------------------------------------------------------------------
   1.  RESOURCE   USE: 
--------------------------------------------------------------------------------

 getting new box info from bottom of inpcrd
 NATOM  =   27546 NTYPES =      19 NBONH =   19891 MBONA  =    7685
 NTHETH =    3414 MTHETA =    2086 NPHIH =    6824 MPHIA  =    6552
 NHPARM =       0 NPARM  =       0 NNB   =   59527 NRES   =    6321
 NBONA  =    7685 NTHETA =    2086 NPHIA =    6552 NUMBND =      74
 NUMANG =     172 NPTRA  =     192 NATYP =      38 NPHB   =       1
 IFBOX  =       2 NMXRS  =      24 IFCAP =       0 NEXTRA =    6131
 NCOPY  =       0


| Coordinate Index Table dimensions:    11   11   11
| Direct force subcell size =     5.9009    5.9009    5.9009

     BOX TYPE: TRUNCATED OCTAHEDRON

--------------------------------------------------------------------------------
   2.  CONTROL  DATA  FOR  THE  RUN
--------------------------------------------------------------------------------

default_name                                                                    

General flags:
     imin    =       0, nmropt  =       0

Nature and format of input:
     ntx     =       5, irest   =       1, ntrx    =       1

Nature and format of output:
     ntxo    =       1, ntpr    =   50000, ntrx    =       1, ntwr    =   50000
     iwrap   =       1, ntwx    =    5000, ntwv    =       0, ntwe    =       0
     ioutfm  =       1, ntwprt  =       0, idecomp =       0, rbornstat=      0

Potential function:
     ntf     =       2, ntb     =       1, igb     =       0, nsnb    =      25
     ipol    =       0, gbsa    =       0, iesp    =       0
     dielc   =   1.00000, cut     =   9.00000, intdiel =   1.00000

Frozen or restrained atoms:
     ibelly  =       0, ntr     =       0

Molecular dynamics:
     nstlim  =   2500000, nscm    =      1000, nrespa  =         1
     t       =   0.00000, dt      =   0.00200, vlimit  =  -1.00000

Langevin dynamics temperature regulation:
     ig      =   97607
     temp0   = 300.00000, tempi   = 300.00000, gamma_ln=   2.00000

SHAKE:
     ntc     =       2, jfastw  =       0
     tol     =   0.00001

| Intermolecular bonds treatment:
|     no_intermolecular_bonds =       1

| Energy averages sample interval:
|     ene_avg_sampling =   50000

Extra-points options:
     frameon =       1, chngmask=       1

Ewald parameters:
     verbose =       0, ew_type =       0, nbflag  =       1, use_pme =       1
     vdwmeth =       1, eedmeth =       1, netfrc  =       1
     Box X =   64.910   Box Y =   64.910   Box Z =   64.910
     Alpha =  109.471   Beta  =  109.471   Gamma =  109.471
     NFFT1 =   64       NFFT2 =   64       NFFT3 =   64
     Cutoff=    9.000   Tol   =0.100E-04
     Ewald Coefficient =  0.30768
     Interpolation order =    4
|      EXTRA_PTS, trim_bonds: num bonds BEFORE trim = 19891     0
|      EXTRA_PTS, trim_bonds: num bonds AFTER  trim = 19891     0
|      EXTRA_PTS, trim_bonds: num bonds BEFORE trim =  7685     0
|      EXTRA_PTS, trim_bonds: num bonds AFTER  trim =  1554     0
|      EXTRA_PTS, trim_theta: num angle BEFORE trim =  3414     0
|      EXTRA_PTS, trim_theta: num angle AFTER  trim =  3414     0
|      EXTRA_PTS, trim_theta: num angle BEFORE trim =  2086     0
|      EXTRA_PTS, trim_theta: num angle AFTER  trim =  2086     0
|      EXTRA_PTS, trim_phi:  num diheds BEFORE trim =  6824     0
|      EXTRA_PTS, trim_phi:  num diheds AFTER  trim =  6824     0
|      EXTRA_PTS, trim_phi:  num diheds BEFORE trim =  6552     0
|      EXTRA_PTS, trim_phi:  num diheds AFTER  trim =  6552     0

--------------------------------------------------------------------------------
   3.  ATOMIC COORDINATES AND VELOCITIES
--------------------------------------------------------------------------------

Cpptraj Generated Restart                                                       
 begin time read from input coords =     0.000 ps

 
 Number of triangulated 3-point waters found:     6131

     Sum of charges from parm topology file =   0.00003348
     Forcing neutrality...

| Dynamic Memory, Types Used:
| Reals              894346
| Integers          2026719

| Nonbonded Pairs Initial Allocation:     6280488

| GPU memory information (estimate):
| KB of GPU memory in use:         0
| KB of CPU memory in use:         0

--------------------------------------------------------------------------------
   4.  RESULTS
--------------------------------------------------------------------------------


 NSTEP =    50000   TIME(PS) =     100.000  TEMP(K) =   302.48  PRESS =     0.0
 Etot   =    -67899.5150  EKtot   =     13330.4229  EPtot      =    -81229.9379
 BOND   =       559.0775  ANGLE   =      1576.5523  DIHED      =      1001.9015
 UB     =         0.0000  IMP     =         0.0000  CMAP       =       137.7588
 1-4 NB =       673.6056  1-4 EEL =     10207.9852  VDWAALS    =      8997.2034
 EELEC  =   -104384.0223  EHBOND  =         0.0000  RESTRAINT  =         0.0000
 ------------------------------------------------------------------------------


 NSTEP =   100000   TIME(PS) =     200.000  TEMP(K) =   300.04  PRESS =     0.0
 Etot   =    -67817.6734  EKtot   =     13222.6504  EPtot      =    -81040.3238
 BOND   =       562.7327  ANGLE   =      1570.2407  DIHED      =      1022.4493
 UB     =         0.0000  IMP     =         0.0000  CMAP       =       137.4047
 1-4 NB =       659.8834  1-4 EEL =     10176.9911  VDWAALS    =      9046.3917
 EELEC  =   -104216.4175  EHBOND  =         0.0000  RESTRAINT  =         0.0000
 ------------------------------------------------------------------------------


 NSTEP =   150000   TIME(PS) =     300.000  TEMP(K) =   299.76  PRESS =     0.0
 Etot   =    -68001.6491  EKtot   =     13210.5352  EPtot      =    -81212.1842
 BOND   =       568.8061  ANGLE   =      1591.5001  DIHED      =       999.6376
 UB     =         0.0000  IMP     =         0.0000  CMAP       =       152.3958
 1-4 NB =       655.2891  1-4 EEL =     10230.9950  VDWAALS    =      9146.7391
 EELEC  =   -104557.5469  EHBOND  =         0.0000  RESTRAINT  =         0.0000
 ------------------------------------------------------------------------------


 NSTEP =   200000   TIME(PS) =     400.000  TEMP(K) =   302.52  PRESS =     0.0
 Etot   =    -67620.0548  EKtot   =     13332.0381  EPtot      =    -80952.0929
 BOND   =       552.4032  ANGLE   =      1578.0803  DIHED      =      1030.1144
 UB     =         0.0000  IMP     =         0.0000  CMAP       =       143.6954
 1-4 NB =       674.3652  1-4 EEL =     10200.5807  VDWAALS    =      8750.1519
 EELEC  =   -103881.4838  EHBOND  =         0.0000  RESTRAINT  =         0.0000
 ------------------------------------------------------------------------------


 NSTEP =   250000   TIME(PS) =     500.000  TEMP(K) =   295.29  PRESS =     0.0
 Etot   =    -68409.3298  EKtot   =     13013.2002  EPtot      =    -81422.5300
 BOND   =       593.8645  ANGLE   =      1613.2358  DIHED      =      1034.2599
 UB     =         0.0000  IMP     =         0.0000  CMAP       =       145.8976
 1-4 NB =       639.7306  1-4 EEL =     10225.9978  VDWAALS    =      9064.0754
 EELEC  =   -104739.5916  EHBOND  =         0.0000  RESTRAINT  =         0.0000
 ------------------------------------------------------------------------------


 NSTEP =   300000   TIME(PS) =     600.000  TEMP(K) =   296.39  PRESS =     0.0
 Etot   =    -67947.1754  EKtot   =     13061.8799  EPtot      =    -81009.0553
 BOND   =       582.3799  ANGLE   =      1631.7538  DIHED      =      1016.9160
 UB     =         0.0000  IMP     =         0.0000  CMAP       =       138.8285
 1-4 NB =       659.2357  1-4 EEL =     10199.2093  VDWAALS    =      9005.6087
 EELEC  =   -104242.9873  EHBOND  =         0.0000  RESTRAINT  =         0.0000
 ------------------------------------------------------------------------------


 NSTEP =   350000   TIME(PS) =     700.000  TEMP(K) =   299.47  PRESS =     0.0
 Etot   =    -67911.2306  EKtot   =     13197.8398  EPtot      =    -81109.0705
 BOND   =       553.8785  ANGLE   =      1555.1043  DIHED      =       992.0478
 UB     =         0.0000  IMP     =         0.0000  CMAP       =       152.9077
 1-4 NB =       654.5730  1-4 EEL =     10205.1769  VDWAALS    =      8812.9245
 EELEC  =   -104035.6833  EHBOND  =         0.0000  RESTRAINT  =         0.0000
 ------------------------------------------------------------------------------


 NSTEP =   400000   TIME(PS) =     800.000  TEMP(K) =   298.81  PRESS =     0.0
 Etot   =    -67610.2937  EKtot   =     13168.6875  EPtot      =    -80778.9812
 BOND   =       575.2884  ANGLE   =      1627.4465  DIHED      =      1050.1331
 UB     =         0.0000  IMP     =         0.0000  CMAP       =       144.2685
 1-4 NB =       673.9404  1-4 EEL =     10227.7327  VDWAALS    =      8635.1065
 EELEC  =   -103712.8972  EHBOND  =         0.0000  RESTRAINT  =         0.0000
 ------------------------------------------------------------------------------


 NSTEP =   450000   TIME(PS) =     900.000  TEMP(K) =   300.18  PRESS =     0.0
 Etot   =    -67870.9768  EKtot   =     13229.0479  EPtot      =    -81100.0246
 BOND   =       553.8053  ANGLE   =      1602.3423  DIHED      =      1048.2884
 UB     =         0.0000  IMP     =         0.0000  CMAP       =       139.1371
 1-4 NB =       676.3779  1-4 EEL =     10230.0602  VDWAALS    =      8795.5131
 EELEC  =   -104145.5490  EHBOND  =         0.0000  RESTRAINT  =         0.0000
 ------------------------------------------------------------------------------


 NSTEP =   500000   TIME(PS) =    1000.000  TEMP(K) =   301.17  PRESS =     0.0
 Etot   =    -67861.0112  EKtot   =     13272.5264  EPtot      =    -81133.5375
 BOND   =       584.7641  ANGLE   =      1617.2385  DIHED      =      1017.1203
 UB     =         0.0000  IMP     =         0.0000  CMAP       =       137.5433
 1-4 NB =       656.0902  1-4 EEL =     10204.8528  VDWAALS    =      9021.4227
 EELEC  =   -104372.5694  EHBOND  =         0.0000  RESTRAINT  =         0.0000
 ------------------------------------------------------------------------------


 NSTEP =   550000   TIME(PS) =    1100.000  TEMP(K) =   300.94  PRESS =     0.0
 Etot   =    -67780.2835  EKtot   =     13262.2109  EPtot      =    -81042.4944
 BOND   =       568.8525  ANGLE   =      1622.1262  DIHED      =      1048.6374
 UB     =         0.0000  IMP     =         0.0000  CMAP       =       138.5446
 1-4 NB =       674.8136  1-4 EEL =     10239.5085  VDWAALS    =      9003.1178
 EELEC  =   -104338.0949  EHBOND  =         0.0000  RESTRAINT  =         0.0000
 ------------------------------------------------------------------------------


 NSTEP =   600000   TIME(PS) =    1200.000  TEMP(K) =   299.50  PRESS =     0.0
 Etot   =    -67851.8445  EKtot   =     13198.9336  EPtot      =    -81050.7781
 BOND   =       566.5313  ANGLE   =      1671.3582  DIHED      =      1012.6700
 UB     =         0.0000  IMP     =         0.0000  CMAP       =       136.5225
 1-4 NB =       669.2079  1-4 EEL =     10211.4395  VDWAALS    =      9152.8301
 EELEC  =   -104471.3376  EHBOND  =         0.0000  RESTRAINT  =         0.0000
 ------------------------------------------------------------------------------


 NSTEP =   650000   TIME(PS) =    1300.000  TEMP(K) =   295.00  PRESS =     0.0
 Etot   =    -68114.0569  EKtot   =     13000.8184  EPtot      =    -81114.8753
 BOND   =       559.1381  ANGLE   =      1604.5508  DIHED      =       989.1096
 UB     =         0.0000  IMP     =         0.0000  CMAP       =       138.7907
 1-4 NB =       665.9233  1-4 EEL =     10210.5086  VDWAALS    =      8942.1587
 EELEC  =   -104225.0550  EHBOND  =         0.0000  RESTRAINT  =         0.0000
 ------------------------------------------------------------------------------


 NSTEP =   700000   TIME(PS) =    1400.000  TEMP(K) =   296.93  PRESS =     0.0
 Etot   =    -67978.4860  EKtot   =     13085.5645  EPtot      =    -81064.0504
 BOND   =       573.9467  ANGLE   =      1613.8511  DIHED      =      1016.3904
 UB     =         0.0000  IMP     =         0.0000  CMAP       =       142.1647
 1-4 NB =       667.8524  1-4 EEL =     10236.1064  VDWAALS    =      8924.7397
 EELEC  =   -104239.1019  EHBOND  =         0.0000  RESTRAINT  =         0.0000
 ------------------------------------------------------------------------------


 NSTEP =   750000   TIME(PS) =    1500.000  TEMP(K) =   301.87  PRESS =     0.0
 Etot   =    -67716.6873  EKtot   =     13303.4746  EPtot      =    -81020.1619
 BOND   =       565.5357  ANGLE   =      1628.9800  DIHED      =      1003.9639
 UB     =         0.0000  IMP     =         0.0000  CMAP       =       149.0650
 1-4 NB =       647.7929  1-4 EEL =     10203.2171  VDWAALS    =      8981.4525
 EELEC  =   -104200.1691  EHBOND  =         0.0000  RESTRAINT  =         0.0000
 ------------------------------------------------------------------------------


 NSTEP =   800000   TIME(PS) =    1600.000  TEMP(K) =   299.69  PRESS =     0.0
 Etot   =    -67893.7633  EKtot   =     13207.4854  EPtot      =    -81101.2487
 BOND   =       569.1255  ANGLE   =      1578.9432  DIHED      =       983.1499
 UB     =         0.0000  IMP     =         0.0000  CMAP       =       144.2690
 1-4 NB =       644.7090  1-4 EEL =     10195.9981  VDWAALS    =      9041.2229
 EELEC  =   -104258.6663  EHBOND  =         0.0000  RESTRAINT  =         0.0000
 ------------------------------------------------------------------------------


 NSTEP =   850000   TIME(PS) =    1700.000  TEMP(K) =   299.24  PRESS =     0.0
 Etot   =    -67891.5888  EKtot   =     13187.3691  EPtot      =    -81078.9580
 BOND   =       554.5033  ANGLE   =      1618.8903  DIHED      =       990.7549
 UB     =         0.0000  IMP     =         0.0000  CMAP       =       143.7710
 1-4 NB =       669.7046  1-4 EEL =     10192.4552  VDWAALS    =      8811.4876
 EELEC  =   -104060.5249  EHBOND  =         0.0000  RESTRAINT  =         0.0000
 ------------------------------------------------------------------------------


 NSTEP =   900000   TIME(PS) =    1800.000  TEMP(K) =   297.45  PRESS =     0.0
 Etot   =    -68088.3068  EKtot   =     13108.8135  EPtot      =    -81197.1203
 BOND   =       578.6849  ANGLE   =      1578.5075  DIHED      =      1032.2604
 UB     =         0.0000  IMP     =         0.0000  CMAP       =       159.2088
 1-4 NB =       653.3583  1-4 EEL =     10213.6733  VDWAALS    =      9005.4877
 EELEC  =   -104418.3012  EHBOND  =         0.0000  RESTRAINT  =         0.0000
 ------------------------------------------------------------------------------


 NSTEP =   950000   TIME(PS) =    1900.000  TEMP(K) =   296.95  PRESS =     0.0
 Etot   =    -67840.2052  EKtot   =     13086.4053  EPtot      =    -80926.6105
 BOND   =       571.4716  ANGLE   =      1613.2045  DIHED      =      1022.9204
 UB     =         0.0000  IMP     =         0.0000  CMAP       =       133.0170
 1-4 NB =       653.8947  1-4 EEL =     10221.5045  VDWAALS    =      8738.2980
 EELEC  =   -103880.9211  EHBOND  =         0.0000  RESTRAINT  =         0.0000
 ------------------------------------------------------------------------------


 NSTEP =  1000000   TIME(PS) =    2000.000  TEMP(K) =   297.43  PRESS =     0.0
 Etot   =    -68170.5159  EKtot   =     13107.8975  EPtot      =    -81278.4134
 BOND   =       541.5200  ANGLE   =      1599.6012  DIHED      =      1005.0658
 UB     =         0.0000  IMP     =         0.0000  CMAP       =       152.8448
 1-4 NB =       669.7124  1-4 EEL =     10208.6234  VDWAALS    =      8997.1432
 EELEC  =   -104452.9242  EHBOND  =         0.0000  RESTRAINT  =         0.0000
 ------------------------------------------------------------------------------


 NSTEP =  1050000   TIME(PS) =    2100.000  TEMP(K) =   300.08  PRESS =     0.0
 Etot   =    -67951.9015  EKtot   =     13224.3955  EPtot      =    -81176.2971
 BOND   =       542.3905  ANGLE   =      1658.8301  DIHED      =      1019.3377
 UB     =         0.0000  IMP     =         0.0000  CMAP       =       154.2735
 1-4 NB =       652.9999  1-4 EEL =     10267.3727  VDWAALS    =      9018.3737
 EELEC  =   -104489.8751  EHBOND  =         0.0000  RESTRAINT  =         0.0000
 ------------------------------------------------------------------------------


 NSTEP =  1100000   TIME(PS) =    2200.000  TEMP(K) =   301.43  PRESS =     0.0
 Etot   =    -67810.3084  EKtot   =     13284.1553  EPtot      =    -81094.4637
 BOND   =       611.6101  ANGLE   =      1646.6246  DIHED      =       995.1481
 UB     =         0.0000  IMP     =         0.0000  CMAP       =       157.7543
 1-4 NB =       653.2555  1-4 EEL =     10225.8628  VDWAALS    =      8680.2102
 EELEC  =   -104064.9292  EHBOND  =         0.0000  RESTRAINT  =         0.0000
 ------------------------------------------------------------------------------


 NSTEP =  1150000   TIME(PS) =    2300.000  TEMP(K) =   299.64  PRESS =     0.0
 Etot   =    -67938.7136  EKtot   =     13204.9307  EPtot      =    -81143.6443
 BOND   =       557.9951  ANGLE   =      1633.9414  DIHED      =      1035.3782
 UB     =         0.0000  IMP     =         0.0000  CMAP       =       146.1450
 1-4 NB =       682.4924  1-4 EEL =     10266.4469  VDWAALS    =      8954.7857
 EELEC  =   -104420.8291  EHBOND  =         0.0000  RESTRAINT  =         0.0000
 ------------------------------------------------------------------------------


 NSTEP =  1200000   TIME(PS) =    2400.000  TEMP(K) =   299.43  PRESS =     0.0
 Etot   =    -67700.3845  EKtot   =     13195.6855  EPtot      =    -80896.0700
 BOND   =       567.5306  ANGLE   =      1589.6675  DIHED      =      1036.5515
 UB     =         0.0000  IMP     =         0.0000  CMAP       =       136.0399
 1-4 NB =       662.7552  1-4 EEL =     10191.2440  VDWAALS    =      8622.1975
 EELEC  =   -103702.0562  EHBOND  =         0.0000  RESTRAINT  =         0.0000
 ------------------------------------------------------------------------------


 NSTEP =  1250000   TIME(PS) =    2500.000  TEMP(K) =   298.42  PRESS =     0.0
 Etot   =    -67963.6677  EKtot   =     13151.4668  EPtot      =    -81115.1345
 BOND   =       566.3584  ANGLE   =      1617.5859  DIHED      =      1065.9061
 UB     =         0.0000  IMP     =         0.0000  CMAP       =       152.2521
 1-4 NB =       651.4044  1-4 EEL =     10210.0058  VDWAALS    =      8994.6029
 EELEC  =   -104373.2502  EHBOND  =         0.0000  RESTRAINT  =         0.0000
 ------------------------------------------------------------------------------


 NSTEP =  1300000   TIME(PS) =    2600.000  TEMP(K) =   300.24  PRESS =     0.0
 Etot   =    -68014.6719  EKtot   =     13231.5742  EPtot      =    -81246.2462
 BOND   =       584.0223  ANGLE   =      1622.4897  DIHED      =      1043.5748
 UB     =         0.0000  IMP     =         0.0000  CMAP       =       139.5740
 1-4 NB =       655.0561  1-4 EEL =     10240.2991  VDWAALS    =      9077.1855
 EELEC  =   -104608.4477  EHBOND  =         0.0000  RESTRAINT  =         0.0000
 ------------------------------------------------------------------------------


 NSTEP =  1350000   TIME(PS) =    2700.000  TEMP(K) =   296.21  PRESS =     0.0
 Etot   =    -67977.6036  EKtot   =     13053.9297  EPtot      =    -81031.5333
 BOND   =       564.2588  ANGLE   =      1603.9767  DIHED      =      1024.9278
 UB     =         0.0000  IMP     =         0.0000  CMAP       =       151.0990
 1-4 NB =       663.3250  1-4 EEL =     10250.8810  VDWAALS    =      8826.5395
 EELEC  =   -104116.5411  EHBOND  =         0.0000  RESTRAINT  =         0.0000
 ------------------------------------------------------------------------------


 NSTEP =  1400000   TIME(PS) =    2800.000  TEMP(K) =   300.66  PRESS =     0.0
 Etot   =    -67916.8172  EKtot   =     13249.9961  EPtot      =    -81166.8133
 BOND   =       555.8694  ANGLE   =      1617.6294  DIHED      =      1048.0268
 UB     =         0.0000  IMP     =         0.0000  CMAP       =       147.9133
 1-4 NB =       665.4059  1-4 EEL =     10224.1129  VDWAALS    =      8965.6111
 EELEC  =   -104391.3821  EHBOND  =         0.0000  RESTRAINT  =         0.0000
 ------------------------------------------------------------------------------


 NSTEP =  1450000   TIME(PS) =    2900.000  TEMP(K) =   303.14  PRESS =     0.0
 Etot   =    -67895.1664  EKtot   =     13359.3877  EPtot      =    -81254.5541
 BOND   =       561.4120  ANGLE   =      1633.5288  DIHED      =      1020.9361
 UB     =         0.0000  IMP     =         0.0000  CMAP       =       151.1496
 1-4 NB =       655.4337  1-4 EEL =     10255.1208  VDWAALS    =      8825.7748
 EELEC  =   -104357.9100  EHBOND  =         0.0000  RESTRAINT  =         0.0000
 ------------------------------------------------------------------------------


 NSTEP =  1500000   TIME(PS) =    3000.000  TEMP(K) =   301.60  PRESS =     0.0
 Etot   =    -67739.4665  EKtot   =     13291.5801  EPtot      =    -81031.0465
 BOND   =       586.3606  ANGLE   =      1604.8033  DIHED      =      1006.3545
 UB     =         0.0000  IMP     =         0.0000  CMAP       =       141.0049
 1-4 NB =       654.4312  1-4 EEL =     10239.7301  VDWAALS    =      8924.5645
 EELEC  =   -104188.2958  EHBOND  =         0.0000  RESTRAINT  =         0.0000
 ------------------------------------------------------------------------------


 NSTEP =  1550000   TIME(PS) =    3100.000  TEMP(K) =   302.23  PRESS =     0.0
 Etot   =    -67700.1411  EKtot   =     13319.2471  EPtot      =    -81019.3882
 BOND   =       563.9583  ANGLE   =      1622.6052  DIHED      =      1021.6834
 UB     =         0.0000  IMP     =         0.0000  CMAP       =       150.4523
 1-4 NB =       685.8575  1-4 EEL =     10247.9525  VDWAALS    =      8919.1979
 EELEC  =   -104231.0953  EHBOND  =         0.0000  RESTRAINT  =         0.0000
 ------------------------------------------------------------------------------


 NSTEP =  1600000   TIME(PS) =    3200.000  TEMP(K) =   299.98  PRESS =     0.0
 Etot   =    -67699.6482  EKtot   =     13220.0127  EPtot      =    -80919.6609
 BOND   =       604.9205  ANGLE   =      1605.1906  DIHED      =      1030.8492
 UB     =         0.0000  IMP     =         0.0000  CMAP       =       143.4893
 1-4 NB =       660.0812  1-4 EEL =     10256.1856  VDWAALS    =      8850.8754
 EELEC  =   -104071.2526  EHBOND  =         0.0000  RESTRAINT  =         0.0000
 ------------------------------------------------------------------------------


 NSTEP =  1650000   TIME(PS) =    3300.000  TEMP(K) =   299.56  PRESS =     0.0
 Etot   =    -67855.3850  EKtot   =     13201.6289  EPtot      =    -81057.0139
 BOND   =       574.5511  ANGLE   =      1594.8920  DIHED      =      1058.0153
 UB     =         0.0000  IMP     =         0.0000  CMAP       =       148.0843
 1-4 NB =       651.2970  1-4 EEL =     10199.5535  VDWAALS    =      8806.9246
 EELEC  =   -104090.3317  EHBOND  =         0.0000  RESTRAINT  =         0.0000
 ------------------------------------------------------------------------------


 NSTEP =  1700000   TIME(PS) =    3400.000  TEMP(K) =   297.73  PRESS =     0.0
 Etot   =    -68054.2720  EKtot   =     13120.7305  EPtot      =    -81175.0025
 BOND   =       562.4793  ANGLE   =      1575.7200  DIHED      =      1008.9740
 UB     =         0.0000  IMP     =         0.0000  CMAP       =       144.6758
 1-4 NB =       671.1846  1-4 EEL =     10251.6362  VDWAALS    =      9052.1883
 EELEC  =   -104441.8607  EHBOND  =         0.0000  RESTRAINT  =         0.0000
 ------------------------------------------------------------------------------


 NSTEP =  1750000   TIME(PS) =    3500.000  TEMP(K) =   302.30  PRESS =     0.0
 Etot   =    -68034.4764  EKtot   =     13322.2344  EPtot      =    -81356.7107
 BOND   =       575.8979  ANGLE   =      1604.9724  DIHED      =      1026.2948
 UB     =         0.0000  IMP     =         0.0000  CMAP       =       145.7775
 1-4 NB =       671.2955  1-4 EEL =     10185.4699  VDWAALS    =      9017.0756
 EELEC  =   -104583.4945  EHBOND  =         0.0000  RESTRAINT  =         0.0000
 ------------------------------------------------------------------------------


 NSTEP =  1800000   TIME(PS) =    3600.000  TEMP(K) =   299.57  PRESS =     0.0
 Etot   =    -67826.3508  EKtot   =     13201.8838  EPtot      =    -81028.2346
 BOND   =       557.8996  ANGLE   =      1629.3861  DIHED      =      1044.9465
 UB     =         0.0000  IMP     =         0.0000  CMAP       =       140.2835
 1-4 NB =       655.4914  1-4 EEL =     10252.2022  VDWAALS    =      8813.3796
 EELEC  =   -104121.8235  EHBOND  =         0.0000  RESTRAINT  =         0.0000
 ------------------------------------------------------------------------------


 NSTEP =  1850000   TIME(PS) =    3700.000  TEMP(K) =   300.78  PRESS =     0.0
 Etot   =    -67697.5047  EKtot   =     13255.5000  EPtot      =    -80953.0047
 BOND   =       589.8183  ANGLE   =      1640.9084  DIHED      =      1014.8389
 UB     =         0.0000  IMP     =         0.0000  CMAP       =       144.7912
 1-4 NB =       664.0417  1-4 EEL =     10273.5313  VDWAALS    =      8541.5049
 EELEC  =   -103822.4393  EHBOND  =         0.0000  RESTRAINT  =         0.0000
 ------------------------------------------------------------------------------


 NSTEP =  1900000   TIME(PS) =    3800.000  TEMP(K) =   305.14  PRESS =     0.0
 Etot   =    -67650.0966  EKtot   =     13447.5430  EPtot      =    -81097.6396
 BOND   =       552.7833  ANGLE   =      1597.7109  DIHED      =      1017.9630
 UB     =         0.0000  IMP     =         0.0000  CMAP       =       147.9391
 1-4 NB =       652.4363  1-4 EEL =     10235.2951  VDWAALS    =      8994.0687
 EELEC  =   -104295.8360  EHBOND  =         0.0000  RESTRAINT  =         0.0000
 ------------------------------------------------------------------------------


 NSTEP =  1950000   TIME(PS) =    3900.000  TEMP(K) =   298.34  PRESS =     0.0
 Etot   =    -67828.3082  EKtot   =     13147.7754  EPtot      =    -80976.0836
 BOND   =       534.8257  ANGLE   =      1642.8086  DIHED      =      1030.7344
 UB     =         0.0000  IMP     =         0.0000  CMAP       =       146.5672
 1-4 NB =       662.0827  1-4 EEL =     10229.0173  VDWAALS    =      8905.2899
 EELEC  =   -104127.4093  EHBOND  =         0.0000  RESTRAINT  =         0.0000
 ------------------------------------------------------------------------------


 NSTEP =  2000000   TIME(PS) =    4000.000  TEMP(K) =   295.29  PRESS =     0.0
 Etot   =    -68153.4141  EKtot   =     13013.5781  EPtot      =    -81166.9922
 BOND   =       569.8264  ANGLE   =      1607.2501  DIHED      =      1045.0236
 UB     =         0.0000  IMP     =         0.0000  CMAP       =       146.8408
 1-4 NB =       671.8689  1-4 EEL =     10244.2336  VDWAALS    =      9270.5411
 EELEC  =   -104722.5765  EHBOND  =         0.0000  RESTRAINT  =         0.0000
 ------------------------------------------------------------------------------


 NSTEP =  2050000   TIME(PS) =    4100.000  TEMP(K) =   299.73  PRESS =     0.0
 Etot   =    -67820.7491  EKtot   =     13209.2676  EPtot      =    -81030.0167
 BOND   =       563.3841  ANGLE   =      1644.3069  DIHED      =      1031.8261
 UB     =         0.0000  IMP     =         0.0000  CMAP       =       148.6330
 1-4 NB =       640.8452  1-4 EEL =     10216.0601  VDWAALS    =      8936.6887
 EELEC  =   -104211.7608  EHBOND  =         0.0000  RESTRAINT  =         0.0000
 ------------------------------------------------------------------------------


 NSTEP =  2100000   TIME(PS) =    4200.000  TEMP(K) =   297.60  PRESS =     0.0
 Etot   =    -68045.6166  EKtot   =     13115.1855  EPtot      =    -81160.8022
 BOND   =       562.6683  ANGLE   =      1592.9358  DIHED      =      1007.0722
 UB     =         0.0000  IMP     =         0.0000  CMAP       =       130.1581
 1-4 NB =       668.3402  1-4 EEL =     10241.8665  VDWAALS    =      9037.8204
 EELEC  =   -104401.6637  EHBOND  =         0.0000  RESTRAINT  =         0.0000
 ------------------------------------------------------------------------------

wrapping first mol.:      -21.63655      -30.59870       52.99851
wrapping first mol.:      -21.63655      -30.59870       52.99851
wrapping first mol.:      -21.63655      -30.59870       52.99851
wrapping first mol.:      -21.63655      -30.59870       52.99851
wrapping first mol.:      -21.63655      -30.59870       52.99851
wrapping first mol.:      -21.63655      -30.59870       52.99851
wrapping first mol.:      -21.63655      -30.59870       52.99851

 NSTEP =  2150000   TIME(PS) =    4300.000  TEMP(K) =   297.32  PRESS =     0.0
 Etot   =    -67954.2207  EKtot   =     13102.7305  EPtot      =    -81056.9512
 BOND   =       588.8100  ANGLE   =      1625.2681  DIHED      =      1038.3384
 UB     =         0.0000  IMP     =         0.0000  CMAP       =       150.3518
 1-4 NB =       656.1782  1-4 EEL =     10209.0158  VDWAALS    =      8925.0876
 EELEC  =   -104250.0012  EHBOND  =         0.0000  RESTRAINT  =         0.0000
 ------------------------------------------------------------------------------

wrapping first mol.:      -21.63655      -30.59870       52.99851

 NSTEP =  2200000   TIME(PS) =    4400.000  TEMP(K) =   297.04  PRESS =     0.0
 Etot   =    -68112.0835  EKtot   =     13090.4326  EPtot      =    -81202.5161
 BOND   =       582.4343  ANGLE   =      1611.2022  DIHED      =      1048.2130
 UB     =         0.0000  IMP     =         0.0000  CMAP       =       141.8959
 1-4 NB =       656.1329  1-4 EEL =     10194.5160  VDWAALS    =      8930.0358
 EELEC  =   -104366.9462  EHBOND  =         0.0000  RESTRAINT  =         0.0000
 ------------------------------------------------------------------------------


 NSTEP =  2250000   TIME(PS) =    4500.000  TEMP(K) =   296.73  PRESS =     0.0
 Etot   =    -68367.6101  EKtot   =     13076.7881  EPtot      =    -81444.3982
 BOND   =       543.9774  ANGLE   =      1603.2789  DIHED      =      1017.1539
 UB     =         0.0000  IMP     =         0.0000  CMAP       =       139.4766
 1-4 NB =       654.6728  1-4 EEL =     10218.1788  VDWAALS    =      8871.7402
 EELEC  =   -104492.8768  EHBOND  =         0.0000  RESTRAINT  =         0.0000
 ------------------------------------------------------------------------------


 NSTEP =  2300000   TIME(PS) =    4600.000  TEMP(K) =   301.65  PRESS =     0.0
 Etot   =    -67711.1685  EKtot   =     13293.6152  EPtot      =    -81004.7838
 BOND   =       590.1300  ANGLE   =      1647.1650  DIHED      =      1028.5885
 UB     =         0.0000  IMP     =         0.0000  CMAP       =       147.5789
 1-4 NB =       658.3227  1-4 EEL =     10206.7109  VDWAALS    =      8850.1754
 EELEC  =   -104133.4551  EHBOND  =         0.0000  RESTRAINT  =         0.0000
 ------------------------------------------------------------------------------


 NSTEP =  2350000   TIME(PS) =    4700.000  TEMP(K) =   299.22  PRESS =     0.0
 Etot   =    -68014.3180  EKtot   =     13186.5713  EPtot      =    -81200.8892
 BOND   =       551.4222  ANGLE   =      1657.4070  DIHED      =      1029.3797
 UB     =         0.0000  IMP     =         0.0000  CMAP       =       144.3188
 1-4 NB =       658.3129  1-4 EEL =     10190.7759  VDWAALS    =      9054.1430
 EELEC  =   -104486.6488  EHBOND  =         0.0000  RESTRAINT  =         0.0000
 ------------------------------------------------------------------------------


 NSTEP =  2400000   TIME(PS) =    4800.000  TEMP(K) =   300.92  PRESS =     0.0
 Etot   =    -67886.4033  EKtot   =     13261.6406  EPtot      =    -81148.0439
 BOND   =       553.8672  ANGLE   =      1619.3600  DIHED      =      1003.9559
 UB     =         0.0000  IMP     =         0.0000  CMAP       =       137.6717
 1-4 NB =       682.2447  1-4 EEL =     10218.2398  VDWAALS    =      8985.5982
 EELEC  =   -104348.9814  EHBOND  =         0.0000  RESTRAINT  =         0.0000
 ------------------------------------------------------------------------------


 NSTEP =  2450000   TIME(PS) =    4900.000  TEMP(K) =   300.86  PRESS =     0.0
 Etot   =    -67797.6555  EKtot   =     13258.6807  EPtot      =    -81056.3362
 BOND   =       595.0029  ANGLE   =      1547.7193  DIHED      =       996.3704
 UB     =         0.0000  IMP     =         0.0000  CMAP       =       135.1563
 1-4 NB =       669.3154  1-4 EEL =     10186.1655  VDWAALS    =      8884.5475
 EELEC  =   -104070.6135  EHBOND  =         0.0000  RESTRAINT  =         0.0000
 ------------------------------------------------------------------------------

wrapping first mol.:      -21.63655      -30.59870       52.99851

 NSTEP =  2500000   TIME(PS) =    5000.000  TEMP(K) =   298.64  PRESS =     0.0
 Etot   =    -67991.7131  EKtot   =     13161.1875  EPtot      =    -81152.9006
 BOND   =       572.6671  ANGLE   =      1577.9110  DIHED      =      1021.6251
 UB     =         0.0000  IMP     =         0.0000  CMAP       =       134.6842
 1-4 NB =       665.4266  1-4 EEL =     10195.4675  VDWAALS    =      9148.3487
 EELEC  =   -104469.0308  EHBOND  =         0.0000  RESTRAINT  =         0.0000
 ------------------------------------------------------------------------------


      A V E R A G E S   O V E R      50 S T E P S


 NSTEP =  2500000   TIME(PS) =    5000.000  TEMP(K) =   299.45  PRESS =     0.0
 Etot   =    -67907.6897  EKtot   =     13196.8227  EPtot      =    -81104.5124
 BOND   =       568.5088  ANGLE   =      1611.4117  DIHED      =      1022.7156
 UB     =         0.0000  IMP     =         0.0000  CMAP       =       144.2813
 1-4 NB =       661.8410  1-4 EEL =     10221.3153  VDWAALS    =      8931.1630
 EELEC  =   -104265.7492  EHBOND  =         0.0000  RESTRAINT  =         0.0000
 ------------------------------------------------------------------------------


      R M S  F L U C T U A T I O N S


 NSTEP =  2500000   TIME(PS) =    5000.000  TEMP(K) =     2.18  PRESS =     0.0
 Etot   =       168.5577  EKtot   =        96.0103  EPtot      =       125.6515
 BOND   =        16.0960  ANGLE   =        26.2658  DIHED      =        19.0909
 UB     =         0.0000  IMP     =         0.0000  CMAP       =         6.4429
 1-4 NB =        10.3560  1-4 EEL =        23.6635  VDWAALS    =       142.3050
 EELEC  =       230.6157  EHBOND  =         0.0000  RESTRAINT  =         0.0000
 ------------------------------------------------------------------------------

--------------------------------------------------------------------------------
   5.  TIMINGS
--------------------------------------------------------------------------------

|  NonSetup CPU Time in Major Routines:
|
|     Routine           Sec        %
|     ------------------------------
|     Nonbond         630.35   13.25
|     Bond              0.00    0.00
|     Angle             0.00    0.00
|     Dihedral          0.00    0.00
|     Shake            20.56    0.43
|     RunMD          4104.39   86.25
|     Other             3.64    0.08
|     ------------------------------
|     Total          4758.94

|  PME Nonbond Pairlist CPU Time:
|
|     Routine              Sec        %
|     ---------------------------------
|     Set Up Cit           0.00    0.00
|     Build List           0.00    0.00
|     ---------------------------------
|     Total                0.00    0.00

|  PME Direct Force CPU Time:
|
|     Routine              Sec        %
|     ---------------------------------
|     NonBonded Calc       0.00    0.00
|     Exclude Masked       0.00    0.00
|     Other                1.94    0.04
|     ---------------------------------
|     Total                1.94    0.04

|  PME Reciprocal Force CPU Time:
|
|     Routine              Sec        %
|     ---------------------------------
|     1D bspline           0.00    0.00
|     Grid Charges         0.00    0.00
|     Scalar Sum           0.00    0.00
|     Gradient Sum         0.00    0.00
|     FFT                  0.00    0.00
|     ---------------------------------
|     Total                0.00    0.00

|  Final Performance Info:
|     -----------------------------------------------------
|     Average timings for last       1 steps:
|     Elapsed(s) =       0.00 Per Step(ms) =       0.17
|         ns/day =     998.29   seconds/ns =      86.55
|
|     Average timings for all steps:
|     Elapsed(s) =    4768.23 Per Step(ms) =       1.91
|         ns/day =      90.60   seconds/ns =     953.65
|     -----------------------------------------------------

|  Setup CPU time:            0.59 seconds
|  NonSetup CPU time:      4758.94 seconds
|  Total CPU time:         4759.53 seconds     1.32 hours

|  Setup wall time:           1    seconds
|  NonSetup wall time:     4768    seconds
|  Total wall time:        4769    seconds     1.32 hours
