
          -------------------------------------------------------
          Amber 18 PMEMD                              2018
          -------------------------------------------------------

| PMEMD implementation of SANDER, Release 18

| Run on 07/15/2020 at 13:18:30

|   Executable path: pmemd.cuda
| Working directory: /home/almacen/pbarletta/dynein/run/3fm7/4_pdt
|          Hostname: Unknown
  [-O]verwriting output

File Assignments:
|   MDIN: pre_pdt.in                                                            
|  MDOUT: 0pdt.out                                                              
| INPCRD: 4_3fm7.rst7                                                           
|   PARM: /home/almacen/pbarletta/dynein/top_files/3fm7.prmtop                  
| RESTRT: 0p1_3fm7.rst7                                                         
|   REFC: refc                                                                  
|  MDVEL: mdvel                                                                 
|   MDEN: mden                                                                  
|  MDCRD: 0p1_3fm7.nc                                                           
| MDINFO: mdinfo                                                                
|  MDFRC: mdfrc                                                                 


 Here is the input file:

Production run                                                                 
&cntrl                                                                         
imin = 0,                           ! No Minimization                          
nmropt = 0,                         ! No NMR restraints read                   
                                                                               
! Nature and format of the input                                               
ntx = 1,                            ! Coordinates but no velocities will be rea
irest = 0,                          ! Run a new simulation                     
                                                                               
! Nature and format of the output                                              
ntxo = 2,                           ! rstrt file in NetCDF format              
ntpr = 50000,                       ! inf in output every ntpr steps           
ntwr = 50000,                       ! rstrt file every ntwr steps              
ntwx = 5000,                        ! mdcrd file every ntwx steps              
ntwv = 0,                           ! mdvel without velocities                 
ntwe = 0,                           ! Energies and temperatures not written in 
idecomp = 0,                        ! No energy decomposition                  
iwrap = 1,                          ! Coordinates of the restart and mdcrd file
                                                                               
! Frozen or restrained atoms                                                   
ibelly = 0,                         ! No frozen atoms                          
ntr=0,                              ! Harmonic potential restraints            
                                                                               
! Molecular dynamics                                                           
nstlim = 2500000,                   ! Number of MD-steps                       
dt = 0.002,                         ! Time step                                
                                                                               
! Temperature regulation                                                       
ntt = 3,                            ! Langevin thermostat                      
gamma_ln = 2,                       ! Gamma constant for Langevin              
temp0 = 300.0,                      ! Reference T at which the system is to be 
tempi = 300.0,                      ! Initial T                                
ig = -1,                            ! Seed for the RNG                         
                                                                               
! P and V regulation                                                           
!barostat = 1,                      ! Berendsen barostat                       
!taup = 1,                          ! Pressure relaxation time                 
ntp = 0,                            ! constant V                               
ntb = 1,                            ! Periodic box for constant V              
                                                                               
! SHAKE variables                                                              
ntc = 2,                            ! Bonds involving H are constrained        
ntf = 2,                            ! Bond interaction involving H are ommited.
                                                                               
cut = 9.0,                          ! Nonbonded cutoff                         
/                                                                              
&end                                                                           


Note: ig = -1. Setting random seed to   527779 based on wallclock time in 
      microseconds.
| irandom = 1, using AMBER's internal random number generator (default).
 
|--------------------- INFORMATION ----------------------
| GPU (CUDA) Version of PMEMD in use: NVIDIA GPU IN USE.
|                    Version 18.0.0
| 
|                      03/25/2018
| 
| Implementation by:
|                    Ross C. Walker     (SDSC)
|                    Scott Le Grand     (nVIDIA)
| 
| Version 18 performance extensions by:
|                    David Cerutti     (Rutgers)
| 
| Precision model in use:
|      [SPFP] - Single Precision Forces, 64-bit Fixed Point
|               Accumulation. (Default)
| 
|--------------------------------------------------------
 
|----------------- CITATION INFORMATION -----------------
|
|    When publishing work that utilized the CUDA version
|    of AMBER, please cite the following in addition to
|    the regular AMBER citations:
|
|  - Romelia Salomon-Ferrer; Andreas W. Goetz; Duncan
|    Poole; Scott Le Grand; Ross C. Walker "Routine
|    microsecond molecular dynamics simulations with
|    AMBER - Part II: Particle Mesh Ewald", J. Chem.
|    Theory Comput., 2013, 9 (9), pp3878-3888,
|    DOI: 10.1021/ct400314y.
|
|  - Andreas W. Goetz; Mark J. Williamson; Dong Xu;
|    Duncan Poole; Scott Le Grand; Ross C. Walker
|    "Routine microsecond molecular dynamics simulations
|    with AMBER - Part I: Generalized Born", J. Chem.
|    Theory Comput., 2012, 8 (5), pp1542-1555.
|
|  - Scott Le Grand; Andreas W. Goetz; Ross C. Walker
|    "SPFP: Speed without compromise - a mixed precision
|    model for GPU accelerated molecular dynamics
|    simulations.", Comp. Phys. Comm., 2013, 184
|    pp374-380, DOI: 10.1016/j.cpc.2012.09.022
|
|--------------------------------------------------------
 
|------------------- GPU DEVICE INFO --------------------
|
|            CUDA_VISIBLE_DEVICES: 0
|   CUDA Capable Devices Detected:      1
|           CUDA Device ID in use:      0
|                CUDA Device Name: GeForce GTX 1080 Ti
|     CUDA Device Global Mem Size:  11178 MB
| CUDA Device Num Multiprocessors:     28
|           CUDA Device Core Freq:   1.72 GHz
|
|--------------------------------------------------------
 
 
| Conditional Compilation Defines Used:
| PUBFFT
| BINTRAJ
| CUDA
| EMIL

| Largest sphere to fit in unit cell has radius =    40.522

| New format PARM file being parsed.
| Version =    1.000 Date = 06/08/20 Time = 20:22:27

| Note: 1-4 EEL scale factors are being read from the topology file.

| Note: 1-4 VDW scale factors are being read from the topology file.
| Duplicated    0 dihedrals

| Duplicated    0 dihedrals

--------------------------------------------------------------------------------
   1.  RESOURCE   USE: 
--------------------------------------------------------------------------------

 getting new box info from bottom of inpcrd
 NATOM  =   99069 NTYPES =      18 NBONH =   72575 MBONA  =   26562
 NTHETH =    7652 MTHETA =    4742 NPHIH =   15618 MPHIA  =   15137
 NHPARM =       0 NPARM  =       0 NNB   =  198959 NRES   =   23494
 NBONA  =   26562 NTHETA =    4742 NPHIA =   15137 NUMBND =      75
 NUMANG =     181 NPTRA  =     191 NATYP =      37 NPHB   =       1
 IFBOX  =       2 NMXRS  =      24 IFCAP =       0 NEXTRA =   23065
 NCOPY  =       0


| Coordinate Index Table dimensions:    17   17   17
| Direct force subcell size =     5.8388    5.8388    5.8388

     BOX TYPE: TRUNCATED OCTAHEDRON

--------------------------------------------------------------------------------
   2.  CONTROL  DATA  FOR  THE  RUN
--------------------------------------------------------------------------------

default_name                                                                    

General flags:
     imin    =       0, nmropt  =       0

Nature and format of input:
     ntx     =       1, irest   =       0, ntrx    =       1

Nature and format of output:
     ntxo    =       2, ntpr    =   50000, ntrx    =       1, ntwr    =   50000
     iwrap   =       1, ntwx    =    5000, ntwv    =       0, ntwe    =       0
     ioutfm  =       1, ntwprt  =       0, idecomp =       0, rbornstat=      0

Potential function:
     ntf     =       2, ntb     =       1, igb     =       0, nsnb    =      25
     ipol    =       0, gbsa    =       0, iesp    =       0
     dielc   =   1.00000, cut     =   9.00000, intdiel =   1.00000

Frozen or restrained atoms:
     ibelly  =       0, ntr     =       0

Molecular dynamics:
     nstlim  =   2500000, nscm    =      1000, nrespa  =         1
     t       =   0.00000, dt      =   0.00200, vlimit  =  -1.00000

Langevin dynamics temperature regulation:
     ig      =  527779
     temp0   = 300.00000, tempi   = 300.00000, gamma_ln=   2.00000

SHAKE:
     ntc     =       2, jfastw  =       0
     tol     =   0.00001

| Intermolecular bonds treatment:
|     no_intermolecular_bonds =       1

| Energy averages sample interval:
|     ene_avg_sampling =   50000

Extra-points options:
     frameon =       1, chngmask=       1

Ewald parameters:
     verbose =       0, ew_type =       0, nbflag  =       1, use_pme =       1
     vdwmeth =       1, eedmeth =       1, netfrc  =       1
     Box X =   99.259   Box Y =   99.259   Box Z =   99.259
     Alpha =  109.471   Beta  =  109.471   Gamma =  109.471
     NFFT1 =  100       NFFT2 =  100       NFFT3 =  100
     Cutoff=    9.000   Tol   =0.100E-04
     Ewald Coefficient =  0.30768
     Interpolation order =    4
|      EXTRA_PTS, trim_bonds: num bonds BEFORE trim = 72575     0
|      EXTRA_PTS, trim_bonds: num bonds AFTER  trim = 72575     0
|      EXTRA_PTS, trim_bonds: num bonds BEFORE trim = 26562     0
|      EXTRA_PTS, trim_bonds: num bonds AFTER  trim =  3497     0
|      EXTRA_PTS, trim_theta: num angle BEFORE trim =  7652     0
|      EXTRA_PTS, trim_theta: num angle AFTER  trim =  7652     0
|      EXTRA_PTS, trim_theta: num angle BEFORE trim =  4742     0
|      EXTRA_PTS, trim_theta: num angle AFTER  trim =  4742     0
|      EXTRA_PTS, trim_phi:  num diheds BEFORE trim = 15618     0
|      EXTRA_PTS, trim_phi:  num diheds AFTER  trim = 15618     0
|      EXTRA_PTS, trim_phi:  num diheds BEFORE trim = 15137     0
|      EXTRA_PTS, trim_phi:  num diheds AFTER  trim = 15137     0

--------------------------------------------------------------------------------
   3.  ATOMIC COORDINATES AND VELOCITIES
--------------------------------------------------------------------------------

Cpptraj Generated Restart                                                       
 begin time read from input coords =326070.000 ps

 
 Number of triangulated 3-point waters found:    23065

     Sum of charges from parm topology file =   0.00012630
     Forcing neutrality...

| Dynamic Memory, Types Used:
| Reals             2786006
| Integers          6372915

| Nonbonded Pairs Initial Allocation:    22587732

| GPU memory information (estimate):
| KB of GPU memory in use:         0
| KB of CPU memory in use:         0

--------------------------------------------------------------------------------
   4.  RESULTS
--------------------------------------------------------------------------------


 NSTEP =        0   TIME(PS) =       0.000  TEMP(K) =   440.83  PRESS =     0.0
 Etot   =   -228188.8085  EKtot   =     68083.1839  EPtot      =   -296271.9924
 BOND   =      1304.1483  ANGLE   =      3430.9484  DIHED      =      2455.6941
 UB     =         0.0000  IMP     =         0.0000  CMAP       =       338.3306
 1-4 NB =      1515.5768  1-4 EEL =     20223.7927  VDWAALS    =     37178.3915
 EELEC  =   -362718.8749  EHBOND  =         0.0000  RESTRAINT  =         0.0000
 ------------------------------------------------------------------------------

wrapping first mol.:      -33.08626      -46.79104       81.04447
wrapping first mol.:      -33.08626      -46.79104       81.04447
wrapping first mol.:      -33.08626      -46.79104       81.04447
wrapping first mol.:      -33.08626      -46.79104       81.04447
wrapping first mol.:      -33.08626      -46.79104       81.04447
wrapping first mol.:      -33.08626      -46.79104       81.04447
wrapping first mol.:      -33.08626      -46.79104       81.04447
wrapping first mol.:      -33.08626      -46.79104       81.04447
wrapping first mol.:      -33.08626      -46.79104       81.04447
wrapping first mol.:      -33.08626      -46.79104       81.04447
wrapping first mol.:      -33.08626      -46.79104       81.04447

 NSTEP =    50000   TIME(PS) =     100.000  TEMP(K) =   299.47  PRESS =     0.0
 Etot   =   -250275.4862  EKtot   =     46250.9648  EPtot      =   -296526.4510
 BOND   =      1301.0942  ANGLE   =      3376.5919  DIHED      =      2462.6939
 UB     =         0.0000  IMP     =         0.0000  CMAP       =       314.4604
 1-4 NB =      1533.9854  1-4 EEL =     20331.3569  VDWAALS    =     36667.8567
 EELEC  =   -362514.4905  EHBOND  =         0.0000  RESTRAINT  =         0.0000
 ------------------------------------------------------------------------------

wrapping first mol.:      -33.08626      -46.79104       81.04447
wrapping first mol.:      -33.08626      -46.79104       81.04447
wrapping first mol.:      -33.08626      -46.79104       81.04447
wrapping first mol.:      -33.08626      -46.79104       81.04447
wrapping first mol.:      -33.08626      -46.79104       81.04447
wrapping first mol.:      -33.08626      -46.79104       81.04447
wrapping first mol.:      -33.08626      -46.79104       81.04447
wrapping first mol.:      -33.08626      -46.79104       81.04447
wrapping first mol.:      -33.08626      -46.79104       81.04447
wrapping first mol.:      -33.08626      -46.79104       81.04447
wrapping first mol.:      -33.08626      -46.79104       81.04447

 NSTEP =   100000   TIME(PS) =     200.000  TEMP(K) =   300.27  PRESS =     0.0
 Etot   =   -250461.1432  EKtot   =     46373.6953  EPtot      =   -296834.8385
 BOND   =      1287.5768  ANGLE   =      3456.2182  DIHED      =      2412.9800
 UB     =         0.0000  IMP     =         0.0000  CMAP       =       305.7444
 1-4 NB =      1534.5447  1-4 EEL =     20204.6606  VDWAALS    =     36240.2402
 EELEC  =   -362276.8034  EHBOND  =         0.0000  RESTRAINT  =         0.0000
 ------------------------------------------------------------------------------

wrapping first mol.:      -33.08626      -46.79104       81.04447
wrapping first mol.:      -33.08626      -46.79104       81.04447
wrapping first mol.:      -33.08626      -46.79104       81.04447
wrapping first mol.:      -33.08626      -46.79104       81.04447
wrapping first mol.:      -33.08626      -46.79104       81.04447
wrapping first mol.:      -33.08626      -46.79104       81.04447
wrapping first mol.:      -33.08626      -46.79104       81.04447
wrapping first mol.:      -33.08626      -46.79104       81.04447
wrapping first mol.:      -33.08626      -46.79104       81.04447
wrapping first mol.:      -33.08626      -46.79104       81.04447
wrapping first mol.:      -33.08626      -46.79104       81.04447

 NSTEP =   150000   TIME(PS) =     300.000  TEMP(K) =   302.50  PRESS =     0.0
 Etot   =   -249764.8591  EKtot   =     46718.5703  EPtot      =   -296483.4294
 BOND   =      1269.9670  ANGLE   =      3349.1440  DIHED      =      2439.1290
 UB     =         0.0000  IMP     =         0.0000  CMAP       =       315.0185
 1-4 NB =      1524.4481  1-4 EEL =     20347.0538  VDWAALS    =     36320.9889
 EELEC  =   -362049.1787  EHBOND  =         0.0000  RESTRAINT  =         0.0000
 ------------------------------------------------------------------------------

wrapping first mol.:      -33.08626      -46.79104       81.04447
wrapping first mol.:      -33.08626      -46.79104       81.04447
wrapping first mol.:      -33.08626      -46.79104       81.04447
wrapping first mol.:      -33.08626      -46.79104       81.04447
wrapping first mol.:      -33.08626      -46.79104       81.04447
wrapping first mol.:      -33.08626      -46.79104       81.04447
wrapping first mol.:      -33.08626      -46.79104       81.04447
wrapping first mol.:      -33.08626      -46.79104       81.04447
wrapping first mol.:      -33.08626      -46.79104       81.04447
wrapping first mol.:      -33.08626      -46.79104       81.04447
wrapping first mol.:      -33.08626      -46.79104       81.04447

 NSTEP =   200000   TIME(PS) =     400.000  TEMP(K) =   298.85  PRESS =     0.0
 Etot   =   -250227.6651  EKtot   =     46154.1289  EPtot      =   -296381.7940
 BOND   =      1275.3350  ANGLE   =      3405.1920  DIHED      =      2463.8263
 UB     =         0.0000  IMP     =         0.0000  CMAP       =       319.4883
 1-4 NB =      1528.0757  1-4 EEL =     20286.1207  VDWAALS    =     36356.4395
 EELEC  =   -362016.2715  EHBOND  =         0.0000  RESTRAINT  =         0.0000
 ------------------------------------------------------------------------------

wrapping first mol.:      -33.08626      -46.79104       81.04447
wrapping first mol.:      -33.08626      -46.79104       81.04447
wrapping first mol.:      -33.08626      -46.79104       81.04447
wrapping first mol.:      -33.08626      -46.79104       81.04447
wrapping first mol.:      -33.08626      -46.79104       81.04447
wrapping first mol.:      -33.08626      -46.79104       81.04447
wrapping first mol.:      -33.08626      -46.79104       81.04447
wrapping first mol.:      -33.08626      -46.79104       81.04447
wrapping first mol.:      -33.08626      -46.79104       81.04447
wrapping first mol.:      -33.08626      -46.79104       81.04447
wrapping first mol.:      -33.08626      -46.79104       81.04447

 NSTEP =   250000   TIME(PS) =     500.000  TEMP(K) =   299.50  PRESS =     0.0
 Etot   =   -250110.0245  EKtot   =     46254.7422  EPtot      =   -296364.7667
 BOND   =      1298.5059  ANGLE   =      3349.2524  DIHED      =      2434.7119
 UB     =         0.0000  IMP     =         0.0000  CMAP       =       333.8120
 1-4 NB =      1520.5680  1-4 EEL =     20299.1843  VDWAALS    =     36936.5800
 EELEC  =   -362537.3812  EHBOND  =         0.0000  RESTRAINT  =         0.0000
 ------------------------------------------------------------------------------

wrapping first mol.:      -33.08626      -46.79104       81.04447
wrapping first mol.:      -33.08626      -46.79104       81.04447
wrapping first mol.:      -33.08626      -46.79104       81.04447
wrapping first mol.:      -33.08626      -46.79104       81.04447
wrapping first mol.:      -33.08626      -46.79104       81.04447
wrapping first mol.:      -33.08626      -46.79104       81.04447
wrapping first mol.:      -33.08626      -46.79104       81.04447
wrapping first mol.:      -33.08626      -46.79104       81.04447
wrapping first mol.:      -33.08626      -46.79104       81.04447
wrapping first mol.:      -33.08626      -46.79104       81.04447
wrapping first mol.:      -33.08626      -46.79104       81.04447

 NSTEP =   300000   TIME(PS) =     600.000  TEMP(K) =   300.42  PRESS =     0.0
 Etot   =   -250204.4943  EKtot   =     46396.7812  EPtot      =   -296601.2755
 BOND   =      1322.0866  ANGLE   =      3421.4979  DIHED      =      2418.8106
 UB     =         0.0000  IMP     =         0.0000  CMAP       =       309.1396
 1-4 NB =      1542.8794  1-4 EEL =     20236.9472  VDWAALS    =     37044.0214
 EELEC  =   -362896.6583  EHBOND  =         0.0000  RESTRAINT  =         0.0000
 ------------------------------------------------------------------------------

wrapping first mol.:      -33.08626      -46.79104       81.04447
wrapping first mol.:      -33.08626      -46.79104       81.04447
wrapping first mol.:      -33.08626      -46.79104       81.04447
wrapping first mol.:      -33.08626      -46.79104       81.04447
wrapping first mol.:      -33.08626      -46.79104       81.04447
wrapping first mol.:      -33.08626      -46.79104       81.04447
wrapping first mol.:      -33.08626      -46.79104       81.04447
wrapping first mol.:      -33.08626      -46.79104       81.04447
wrapping first mol.:      -33.08626      -46.79104       81.04447
wrapping first mol.:      -33.08626      -46.79104       81.04447
wrapping first mol.:      -33.08626      -46.79104       81.04447

 NSTEP =   350000   TIME(PS) =     700.000  TEMP(K) =   299.42  PRESS =     0.0
 Etot   =   -250149.3491  EKtot   =     46243.2500  EPtot      =   -296392.5991
 BOND   =      1247.9093  ANGLE   =      3375.4448  DIHED      =      2436.7096
 UB     =         0.0000  IMP     =         0.0000  CMAP       =       308.2069
 1-4 NB =      1553.3347  1-4 EEL =     20350.2531  VDWAALS    =     36400.9058
 EELEC  =   -362065.3632  EHBOND  =         0.0000  RESTRAINT  =         0.0000
 ------------------------------------------------------------------------------

wrapping first mol.:      -33.08626      -46.79104       81.04447
wrapping first mol.:      -33.08626      -46.79104       81.04447
wrapping first mol.:      -33.08626      -46.79104       81.04447
wrapping first mol.:      -33.08626      -46.79104       81.04447
wrapping first mol.:      -33.08626      -46.79104       81.04447
wrapping first mol.:      -33.08626      -46.79104       81.04447
wrapping first mol.:      -33.08626      -46.79104       81.04447
wrapping first mol.:      -33.08626      -46.79104       81.04447
wrapping first mol.:      -33.08626      -46.79104       81.04447
wrapping first mol.:      -33.08626      -46.79104       81.04447
wrapping first mol.:      -33.08626      -46.79104       81.04447

 NSTEP =   400000   TIME(PS) =     800.000  TEMP(K) =   300.46  PRESS =     0.0
 Etot   =   -250088.6672  EKtot   =     46403.3359  EPtot      =   -296492.0031
 BOND   =      1299.1020  ANGLE   =      3401.8501  DIHED      =      2434.3379
 UB     =         0.0000  IMP     =         0.0000  CMAP       =       316.1061
 1-4 NB =      1513.2681  1-4 EEL =     20233.0711  VDWAALS    =     36448.4559
 EELEC  =   -362138.1943  EHBOND  =         0.0000  RESTRAINT  =         0.0000
 ------------------------------------------------------------------------------

wrapping first mol.:      -33.08626      -46.79104       81.04447
wrapping first mol.:      -33.08626      -46.79104       81.04447
wrapping first mol.:      -33.08626      -46.79104       81.04447
wrapping first mol.:      -33.08626      -46.79104       81.04447
wrapping first mol.:      -33.08626      -46.79104       81.04447
wrapping first mol.:      -33.08626      -46.79104       81.04447
wrapping first mol.:      -33.08626      -46.79104       81.04447
wrapping first mol.:      -33.08626      -46.79104       81.04447
wrapping first mol.:      -33.08626      -46.79104       81.04447
wrapping first mol.:      -33.08626      -46.79104       81.04447
wrapping first mol.:      -33.08626      -46.79104       81.04447

 NSTEP =   450000   TIME(PS) =     900.000  TEMP(K) =   301.26  PRESS =     0.0
 Etot   =   -249955.9553  EKtot   =     46527.6055  EPtot      =   -296483.5608
 BOND   =      1367.0672  ANGLE   =      3406.0327  DIHED      =      2448.0168
 UB     =         0.0000  IMP     =         0.0000  CMAP       =       302.0988
 1-4 NB =      1520.1456  1-4 EEL =     20255.7107  VDWAALS    =     36828.2745
 EELEC  =   -362610.9071  EHBOND  =         0.0000  RESTRAINT  =         0.0000
 ------------------------------------------------------------------------------

wrapping first mol.:      -33.08626      -46.79104       81.04447
wrapping first mol.:      -33.08626      -46.79104       81.04447
wrapping first mol.:      -33.08626      -46.79104       81.04447
wrapping first mol.:      -33.08626      -46.79104       81.04447
wrapping first mol.:      -33.08626      -46.79104       81.04447
wrapping first mol.:      -33.08626      -46.79104       81.04447
wrapping first mol.:      -33.08626      -46.79104       81.04447
wrapping first mol.:      -33.08626      -46.79104       81.04447
wrapping first mol.:      -33.08626      -46.79104       81.04447
wrapping first mol.:      -33.08626      -46.79104       81.04447
wrapping first mol.:      -33.08626      -46.79104       81.04447

 NSTEP =   500000   TIME(PS) =    1000.000  TEMP(K) =   300.45  PRESS =     0.0
 Etot   =   -250085.4998  EKtot   =     46402.7109  EPtot      =   -296488.2107
 BOND   =      1286.6627  ANGLE   =      3441.1425  DIHED      =      2432.1302
 UB     =         0.0000  IMP     =         0.0000  CMAP       =       314.5050
 1-4 NB =      1552.1224  1-4 EEL =     20260.2355  VDWAALS    =     36816.6779
 EELEC  =   -362591.6868  EHBOND  =         0.0000  RESTRAINT  =         0.0000
 ------------------------------------------------------------------------------

wrapping first mol.:      -33.08626      -46.79104       81.04447
wrapping first mol.:      -33.08626      -46.79104       81.04447
wrapping first mol.:      -33.08626      -46.79104       81.04447
wrapping first mol.:      -33.08626      -46.79104       81.04447
wrapping first mol.:      -33.08626      -46.79104       81.04447
wrapping first mol.:      -33.08626      -46.79104       81.04447
wrapping first mol.:      -33.08626      -46.79104       81.04447
wrapping first mol.:      -33.08626      -46.79104       81.04447
wrapping first mol.:      -33.08626      -46.79104       81.04447
wrapping first mol.:      -33.08626      -46.79104       81.04447
wrapping first mol.:      -33.08626      -46.79104       81.04447

 NSTEP =   550000   TIME(PS) =    1100.000  TEMP(K) =   299.96  PRESS =     0.0
 Etot   =   -250118.2279  EKtot   =     46326.1992  EPtot      =   -296444.4271
 BOND   =      1244.5494  ANGLE   =      3446.6057  DIHED      =      2425.8482
 UB     =         0.0000  IMP     =         0.0000  CMAP       =       304.6244
 1-4 NB =      1534.3583  1-4 EEL =     20252.1105  VDWAALS    =     36368.1621
 EELEC  =   -362020.6857  EHBOND  =         0.0000  RESTRAINT  =         0.0000
 ------------------------------------------------------------------------------

wrapping first mol.:      -33.08626      -46.79104       81.04447
wrapping first mol.:      -33.08626      -46.79104       81.04447
wrapping first mol.:      -33.08626      -46.79104       81.04447
wrapping first mol.:      -33.08626      -46.79104       81.04447
wrapping first mol.:      -33.08626      -46.79104       81.04447
wrapping first mol.:      -33.08626      -46.79104       81.04447
wrapping first mol.:      -33.08626      -46.79104       81.04447
wrapping first mol.:      -33.08626      -46.79104       81.04447
wrapping first mol.:      -33.08626      -46.79104       81.04447
wrapping first mol.:      -33.08626      -46.79104       81.04447
wrapping first mol.:      -33.08626      -46.79104       81.04447

 NSTEP =   600000   TIME(PS) =    1200.000  TEMP(K) =   300.75  PRESS =     0.0
 Etot   =   -250464.1960  EKtot   =     46447.5547  EPtot      =   -296911.7507
 BOND   =      1303.2459  ANGLE   =      3335.2656  DIHED      =      2462.1210
 UB     =         0.0000  IMP     =         0.0000  CMAP       =       292.8041
 1-4 NB =      1538.4689  1-4 EEL =     20170.0446  VDWAALS    =     36421.9639
 EELEC  =   -362435.6647  EHBOND  =         0.0000  RESTRAINT  =         0.0000
 ------------------------------------------------------------------------------

wrapping first mol.:      -33.08626      -46.79104       81.04447
wrapping first mol.:      -33.08626      -46.79104       81.04447
wrapping first mol.:      -33.08626      -46.79104       81.04447
wrapping first mol.:      -33.08626      -46.79104       81.04447
wrapping first mol.:      -33.08626      -46.79104       81.04447
wrapping first mol.:      -33.08626      -46.79104       81.04447
wrapping first mol.:      -33.08626      -46.79104       81.04447
wrapping first mol.:      -33.08626      -46.79104       81.04447
wrapping first mol.:      -33.08626      -46.79104       81.04447
wrapping first mol.:      -33.08626      -46.79104       81.04447
wrapping first mol.:      -33.08626      -46.79104       81.04447

 NSTEP =   650000   TIME(PS) =    1300.000  TEMP(K) =   300.81  PRESS =     0.0
 Etot   =   -250069.0834  EKtot   =     46458.2188  EPtot      =   -296527.3022
 BOND   =      1269.2900  ANGLE   =      3430.5767  DIHED      =      2473.6759
 UB     =         0.0000  IMP     =         0.0000  CMAP       =       311.7103
 1-4 NB =      1542.9247  1-4 EEL =     20205.2929  VDWAALS    =     36553.8572
 EELEC  =   -362314.6297  EHBOND  =         0.0000  RESTRAINT  =         0.0000
 ------------------------------------------------------------------------------

wrapping first mol.:      -33.08626      -46.79104       81.04447
wrapping first mol.:      -33.08626      -46.79104       81.04447
wrapping first mol.:      -33.08626      -46.79104       81.04447
wrapping first mol.:      -33.08626      -46.79104       81.04447
wrapping first mol.:      -33.08626      -46.79104       81.04447
wrapping first mol.:      -33.08626      -46.79104       81.04447
wrapping first mol.:      -33.08626      -46.79104       81.04447
wrapping first mol.:      -33.08626      -46.79104       81.04447
wrapping first mol.:      -33.08626      -46.79104       81.04447
wrapping first mol.:      -33.08626      -46.79104       81.04447
wrapping first mol.:      -33.08626      -46.79104       81.04447

 NSTEP =   700000   TIME(PS) =    1400.000  TEMP(K) =   301.18  PRESS =     0.0
 Etot   =   -249943.1725  EKtot   =     46515.4219  EPtot      =   -296458.5944
 BOND   =      1295.9843  ANGLE   =      3430.3915  DIHED      =      2442.5209
 UB     =         0.0000  IMP     =         0.0000  CMAP       =       299.2907
 1-4 NB =      1541.2195  1-4 EEL =     20235.0847  VDWAALS    =     36738.7660
 EELEC  =   -362441.8519  EHBOND  =         0.0000  RESTRAINT  =         0.0000
 ------------------------------------------------------------------------------

wrapping first mol.:      -33.08626      -46.79104       81.04447
wrapping first mol.:      -33.08626      -46.79104       81.04447
wrapping first mol.:      -33.08626      -46.79104       81.04447
wrapping first mol.:      -33.08626      -46.79104       81.04447
wrapping first mol.:      -33.08626      -46.79104       81.04447
wrapping first mol.:      -33.08626      -46.79104       81.04447
wrapping first mol.:      -33.08626      -46.79104       81.04447
wrapping first mol.:      -33.08626      -46.79104       81.04447
wrapping first mol.:      -33.08626      -46.79104       81.04447
wrapping first mol.:      -33.08626      -46.79104       81.04447
wrapping first mol.:      -33.08626      -46.79104       81.04447

 NSTEP =   750000   TIME(PS) =    1500.000  TEMP(K) =   298.90  PRESS =     0.0
 Etot   =   -250522.9268  EKtot   =     46163.0117  EPtot      =   -296685.9385
 BOND   =      1308.2561  ANGLE   =      3388.8806  DIHED      =      2459.7592
 UB     =         0.0000  IMP     =         0.0000  CMAP       =       320.8781
 1-4 NB =      1508.4198  1-4 EEL =     20135.9343  VDWAALS    =     37007.6006
 EELEC  =   -362815.6673  EHBOND  =         0.0000  RESTRAINT  =         0.0000
 ------------------------------------------------------------------------------

wrapping first mol.:      -33.08626      -46.79104       81.04447
wrapping first mol.:      -33.08626      -46.79104       81.04447
wrapping first mol.:      -33.08626      -46.79104       81.04447
wrapping first mol.:      -33.08626      -46.79104       81.04447
wrapping first mol.:      -33.08626      -46.79104       81.04447
wrapping first mol.:      -33.08626      -46.79104       81.04447
wrapping first mol.:      -33.08626      -46.79104       81.04447
wrapping first mol.:      -33.08626      -46.79104       81.04447
wrapping first mol.:      -33.08626      -46.79104       81.04447
wrapping first mol.:      -33.08626      -46.79104       81.04447
wrapping first mol.:      -33.08626      -46.79104       81.04447

 NSTEP =   800000   TIME(PS) =    1600.000  TEMP(K) =   300.42  PRESS =     0.0
 Etot   =   -250181.2747  EKtot   =     46397.3281  EPtot      =   -296578.6029
 BOND   =      1277.4813  ANGLE   =      3433.0530  DIHED      =      2483.7936
 UB     =         0.0000  IMP     =         0.0000  CMAP       =       302.0071
 1-4 NB =      1549.7194  1-4 EEL =     20295.1136  VDWAALS    =     36426.1710
 EELEC  =   -362345.9418  EHBOND  =         0.0000  RESTRAINT  =         0.0000
 ------------------------------------------------------------------------------

wrapping first mol.:      -33.08626      -46.79104       81.04447
wrapping first mol.:      -33.08626      -46.79104       81.04447
wrapping first mol.:      -33.08626      -46.79104       81.04447
wrapping first mol.:      -33.08626      -46.79104       81.04447
wrapping first mol.:      -33.08626      -46.79104       81.04447
wrapping first mol.:      -33.08626      -46.79104       81.04447
wrapping first mol.:      -33.08626      -46.79104       81.04447
wrapping first mol.:      -33.08626      -46.79104       81.04447
wrapping first mol.:      -33.08626      -46.79104       81.04447
wrapping first mol.:      -33.08626      -46.79104       81.04447
wrapping first mol.:      -33.08626      -46.79104       81.04447

 NSTEP =   850000   TIME(PS) =    1700.000  TEMP(K) =   299.98  PRESS =     0.0
 Etot   =   -249956.0869  EKtot   =     46329.4648  EPtot      =   -296285.5518
 BOND   =      1294.0929  ANGLE   =      3390.4205  DIHED      =      2404.1699
 UB     =         0.0000  IMP     =         0.0000  CMAP       =       329.3402
 1-4 NB =      1537.3480  1-4 EEL =     20287.4490  VDWAALS    =     36704.8243
 EELEC  =   -362233.1967  EHBOND  =         0.0000  RESTRAINT  =         0.0000
 ------------------------------------------------------------------------------

wrapping first mol.:      -33.08626      -46.79104       81.04447
wrapping first mol.:      -33.08626      -46.79104       81.04447
wrapping first mol.:      -33.08626      -46.79104       81.04447
wrapping first mol.:      -33.08626      -46.79104       81.04447
wrapping first mol.:      -33.08626      -46.79104       81.04447
wrapping first mol.:      -33.08626      -46.79104       81.04447
wrapping first mol.:      -33.08626      -46.79104       81.04447
wrapping first mol.:      -33.08626      -46.79104       81.04447
wrapping first mol.:      -33.08626      -46.79104       81.04447
wrapping first mol.:      -33.08626      -46.79104       81.04447
wrapping first mol.:      -33.08626      -46.79104       81.04447

 NSTEP =   900000   TIME(PS) =    1800.000  TEMP(K) =   300.91  PRESS =     0.0
 Etot   =   -249777.7611  EKtot   =     46472.7969  EPtot      =   -296250.5580
 BOND   =      1296.6205  ANGLE   =      3310.5636  DIHED      =      2459.5185
 UB     =         0.0000  IMP     =         0.0000  CMAP       =       318.0592
 1-4 NB =      1526.1477  1-4 EEL =     20176.8098  VDWAALS    =     36228.1547
 EELEC  =   -361566.4319  EHBOND  =         0.0000  RESTRAINT  =         0.0000
 ------------------------------------------------------------------------------

wrapping first mol.:      -33.08626      -46.79104       81.04447
wrapping first mol.:      -33.08626      -46.79104       81.04447
wrapping first mol.:      -33.08626      -46.79104       81.04447
wrapping first mol.:      -33.08626      -46.79104       81.04447
wrapping first mol.:      -33.08626      -46.79104       81.04447
wrapping first mol.:      -33.08626      -46.79104       81.04447
wrapping first mol.:      -33.08626      -46.79104       81.04447
wrapping first mol.:      -33.08626      -46.79104       81.04447
wrapping first mol.:      -33.08626      -46.79104       81.04447
wrapping first mol.:      -33.08626      -46.79104       81.04447
wrapping first mol.:      -33.08626      -46.79104       81.04447

 NSTEP =   950000   TIME(PS) =    1900.000  TEMP(K) =   300.56  PRESS =     0.0
 Etot   =   -249880.5306  EKtot   =     46419.5391  EPtot      =   -296300.0697
 BOND   =      1304.8738  ANGLE   =      3457.6293  DIHED      =      2439.2865
 UB     =         0.0000  IMP     =         0.0000  CMAP       =       311.5983
 1-4 NB =      1550.7889  1-4 EEL =     20237.1893  VDWAALS    =     36822.8231
 EELEC  =   -362424.2590  EHBOND  =         0.0000  RESTRAINT  =         0.0000
 ------------------------------------------------------------------------------

wrapping first mol.:      -33.08626      -46.79104       81.04447
wrapping first mol.:      -33.08626      -46.79104       81.04447
wrapping first mol.:      -33.08626      -46.79104       81.04447
wrapping first mol.:      -33.08626      -46.79104       81.04447
wrapping first mol.:      -33.08626      -46.79104       81.04447
wrapping first mol.:      -33.08626      -46.79104       81.04447
wrapping first mol.:      -33.08626      -46.79104       81.04447
wrapping first mol.:      -33.08626      -46.79104       81.04447
wrapping first mol.:      -33.08626      -46.79104       81.04447
wrapping first mol.:      -33.08626      -46.79104       81.04447
wrapping first mol.:      -33.08626      -46.79104       81.04447

 NSTEP =  1000000   TIME(PS) =    2000.000  TEMP(K) =   299.80  PRESS =     0.0
 Etot   =   -250359.3848  EKtot   =     46300.8242  EPtot      =   -296660.2091
 BOND   =      1293.2461  ANGLE   =      3388.2548  DIHED      =      2435.7603
 UB     =         0.0000  IMP     =         0.0000  CMAP       =       308.8562
 1-4 NB =      1544.9320  1-4 EEL =     20255.5135  VDWAALS    =     37206.9518
 EELEC  =   -363093.7239  EHBOND  =         0.0000  RESTRAINT  =         0.0000
 ------------------------------------------------------------------------------

wrapping first mol.:      -33.08626      -46.79104       81.04447
wrapping first mol.:      -33.08626      -46.79104       81.04447
wrapping first mol.:      -33.08626      -46.79104       81.04447
wrapping first mol.:      -33.08626      -46.79104       81.04447
wrapping first mol.:      -33.08626      -46.79104       81.04447
wrapping first mol.:      -33.08626      -46.79104       81.04447
wrapping first mol.:      -33.08626      -46.79104       81.04447
wrapping first mol.:      -33.08626      -46.79104       81.04447
wrapping first mol.:      -33.08626      -46.79104       81.04447
wrapping first mol.:      -33.08626      -46.79104       81.04447
wrapping first mol.:      -33.08626      -46.79104       81.04447

 NSTEP =  1050000   TIME(PS) =    2100.000  TEMP(K) =   299.55  PRESS =     0.0
 Etot   =   -250196.4103  EKtot   =     46262.4648  EPtot      =   -296458.8752
 BOND   =      1300.2476  ANGLE   =      3426.0771  DIHED      =      2452.6621
 UB     =         0.0000  IMP     =         0.0000  CMAP       =       330.8658
 1-4 NB =      1517.5096  1-4 EEL =     20333.9535  VDWAALS    =     36607.3427
 EELEC  =   -362427.5336  EHBOND  =         0.0000  RESTRAINT  =         0.0000
 ------------------------------------------------------------------------------

wrapping first mol.:      -33.08626      -46.79104       81.04447
wrapping first mol.:      -33.08626      -46.79104       81.04447
wrapping first mol.:      -33.08626      -46.79104       81.04447
wrapping first mol.:      -33.08626      -46.79104       81.04447
wrapping first mol.:      -33.08626      -46.79104       81.04447
wrapping first mol.:      -33.08626      -46.79104       81.04447
wrapping first mol.:      -33.08626      -46.79104       81.04447
wrapping first mol.:      -33.08626      -46.79104       81.04447
wrapping first mol.:      -33.08626      -46.79104       81.04447
wrapping first mol.:      -33.08626      -46.79104       81.04447
wrapping first mol.:      -33.08626      -46.79104       81.04447

 NSTEP =  1100000   TIME(PS) =    2200.000  TEMP(K) =   299.57  PRESS =     0.0
 Etot   =   -250173.0299  EKtot   =     46266.6719  EPtot      =   -296439.7018
 BOND   =      1261.1046  ANGLE   =      3401.4227  DIHED      =      2478.0543
 UB     =         0.0000  IMP     =         0.0000  CMAP       =       319.3429
 1-4 NB =      1539.7130  1-4 EEL =     20267.3438  VDWAALS    =     37096.7479
 EELEC  =   -362803.4310  EHBOND  =         0.0000  RESTRAINT  =         0.0000
 ------------------------------------------------------------------------------

wrapping first mol.:      -33.08626      -46.79104       81.04447
wrapping first mol.:      -33.08626      -46.79104       81.04447
wrapping first mol.:      -33.08626      -46.79104       81.04447
wrapping first mol.:      -33.08626      -46.79104       81.04447
wrapping first mol.:      -33.08626      -46.79104       81.04447
wrapping first mol.:      -33.08626      -46.79104       81.04447
wrapping first mol.:      -33.08626      -46.79104       81.04447
wrapping first mol.:      -33.08626      -46.79104       81.04447
wrapping first mol.:      -33.08626      -46.79104       81.04447
wrapping first mol.:      -33.08626      -46.79104       81.04447
wrapping first mol.:      -33.08626      -46.79104       81.04447

 NSTEP =  1150000   TIME(PS) =    2300.000  TEMP(K) =   301.32  PRESS =     0.0
 Etot   =   -249825.0586  EKtot   =     46536.3828  EPtot      =   -296361.4414
 BOND   =      1245.2099  ANGLE   =      3415.8657  DIHED      =      2396.0395
 UB     =         0.0000  IMP     =         0.0000  CMAP       =       326.6458
 1-4 NB =      1532.4946  1-4 EEL =     20246.2786  VDWAALS    =     36599.7815
 EELEC  =   -362123.7570  EHBOND  =         0.0000  RESTRAINT  =         0.0000
 ------------------------------------------------------------------------------

wrapping first mol.:      -33.08626      -46.79104       81.04447
wrapping first mol.:      -33.08626      -46.79104       81.04447
wrapping first mol.:      -33.08626      -46.79104       81.04447
wrapping first mol.:      -33.08626      -46.79104       81.04447
wrapping first mol.:      -33.08626      -46.79104       81.04447
wrapping first mol.:      -33.08626      -46.79104       81.04447
wrapping first mol.:      -33.08626      -46.79104       81.04447
wrapping first mol.:      -33.08626      -46.79104       81.04447
wrapping first mol.:      -33.08626      -46.79104       81.04447
wrapping first mol.:      -33.08626      -46.79104       81.04447
wrapping first mol.:      -33.08626      -46.79104       81.04447

 NSTEP =  1200000   TIME(PS) =    2400.000  TEMP(K) =   300.10  PRESS =     0.0
 Etot   =   -250021.2832  EKtot   =     46347.9492  EPtot      =   -296369.2324
 BOND   =      1291.2821  ANGLE   =      3490.7026  DIHED      =      2407.9634
 UB     =         0.0000  IMP     =         0.0000  CMAP       =       319.5429
 1-4 NB =      1519.6870  1-4 EEL =     20202.6972  VDWAALS    =     36567.1368
 EELEC  =   -362168.2443  EHBOND  =         0.0000  RESTRAINT  =         0.0000
 ------------------------------------------------------------------------------

wrapping first mol.:      -33.08626      -46.79104       81.04447
wrapping first mol.:      -33.08626      -46.79104       81.04447
wrapping first mol.:      -33.08626      -46.79104       81.04447
wrapping first mol.:      -33.08626      -46.79104       81.04447
wrapping first mol.:      -33.08626      -46.79104       81.04447
wrapping first mol.:      -33.08626      -46.79104       81.04447
wrapping first mol.:      -33.08626      -46.79104       81.04447
wrapping first mol.:      -33.08626      -46.79104       81.04447
wrapping first mol.:      -33.08626      -46.79104       81.04447
wrapping first mol.:      -33.08626      -46.79104       81.04447
wrapping first mol.:      -33.08626      -46.79104       81.04447

 NSTEP =  1250000   TIME(PS) =    2500.000  TEMP(K) =   300.32  PRESS =     0.0
 Etot   =   -249970.8874  EKtot   =     46381.7891  EPtot      =   -296352.6764
 BOND   =      1325.2881  ANGLE   =      3339.7269  DIHED      =      2438.9241
 UB     =         0.0000  IMP     =         0.0000  CMAP       =       315.0483
 1-4 NB =      1493.9814  1-4 EEL =     20192.9163  VDWAALS    =     36460.7554
 EELEC  =   -361919.3168  EHBOND  =         0.0000  RESTRAINT  =         0.0000
 ------------------------------------------------------------------------------

wrapping first mol.:      -33.08626      -46.79104       81.04447
wrapping first mol.:      -33.08626      -46.79104       81.04447
wrapping first mol.:      -33.08626      -46.79104       81.04447
wrapping first mol.:      -33.08626      -46.79104       81.04447
wrapping first mol.:      -33.08626      -46.79104       81.04447
wrapping first mol.:      -33.08626      -46.79104       81.04447
wrapping first mol.:      -33.08626      -46.79104       81.04447
wrapping first mol.:      -33.08626      -46.79104       81.04447
wrapping first mol.:      -33.08626      -46.79104       81.04447
wrapping first mol.:      -33.08626      -46.79104       81.04447
wrapping first mol.:      -33.08626      -46.79104       81.04447

 NSTEP =  1300000   TIME(PS) =    2600.000  TEMP(K) =   302.37  PRESS =     0.0
 Etot   =   -249744.1358  EKtot   =     46698.8164  EPtot      =   -296442.9522
 BOND   =      1303.1508  ANGLE   =      3326.2137  DIHED      =      2480.4918
 UB     =         0.0000  IMP     =         0.0000  CMAP       =       327.7174
 1-4 NB =      1520.6226  1-4 EEL =     20246.9857  VDWAALS    =     36712.7709
 EELEC  =   -362360.9051  EHBOND  =         0.0000  RESTRAINT  =         0.0000
 ------------------------------------------------------------------------------

wrapping first mol.:      -33.08626      -46.79104       81.04447
wrapping first mol.:      -33.08626      -46.79104       81.04447
wrapping first mol.:      -33.08626      -46.79104       81.04447
wrapping first mol.:      -33.08626      -46.79104       81.04447
wrapping first mol.:      -33.08626      -46.79104       81.04447
wrapping first mol.:      -33.08626      -46.79104       81.04447
wrapping first mol.:      -33.08626      -46.79104       81.04447
wrapping first mol.:      -33.08626      -46.79104       81.04447
wrapping first mol.:      -33.08626      -46.79104       81.04447
wrapping first mol.:      -33.08626      -46.79104       81.04447
wrapping first mol.:      -33.08626      -46.79104       81.04447

 NSTEP =  1350000   TIME(PS) =    2700.000  TEMP(K) =   299.65  PRESS =     0.0
 Etot   =   -250788.1427  EKtot   =     46277.7422  EPtot      =   -297065.8848
 BOND   =      1322.1416  ANGLE   =      3460.5465  DIHED      =      2466.4142
 UB     =         0.0000  IMP     =         0.0000  CMAP       =       321.4872
 1-4 NB =      1530.1885  1-4 EEL =     20161.7372  VDWAALS    =     36798.0856
 EELEC  =   -363126.4856  EHBOND  =         0.0000  RESTRAINT  =         0.0000
 ------------------------------------------------------------------------------

wrapping first mol.:      -33.08626      -46.79104       81.04447
wrapping first mol.:      -33.08626      -46.79104       81.04447
wrapping first mol.:      -33.08626      -46.79104       81.04447
wrapping first mol.:      -33.08626      -46.79104       81.04447
wrapping first mol.:      -33.08626      -46.79104       81.04447
wrapping first mol.:      -33.08626      -46.79104       81.04447
wrapping first mol.:      -33.08626      -46.79104       81.04447
wrapping first mol.:      -33.08626      -46.79104       81.04447
wrapping first mol.:      -33.08626      -46.79104       81.04447
wrapping first mol.:      -33.08626      -46.79104       81.04447
wrapping first mol.:      -33.08626      -46.79104       81.04447

 NSTEP =  1400000   TIME(PS) =    2800.000  TEMP(K) =   300.05  PRESS =     0.0
 Etot   =   -250078.8835  EKtot   =     46340.7812  EPtot      =   -296419.6647
 BOND   =      1310.0414  ANGLE   =      3447.9948  DIHED      =      2411.5428
 UB     =         0.0000  IMP     =         0.0000  CMAP       =       297.3085
 1-4 NB =      1549.2656  1-4 EEL =     20189.3106  VDWAALS    =     36556.2997
 EELEC  =   -362181.4281  EHBOND  =         0.0000  RESTRAINT  =         0.0000
 ------------------------------------------------------------------------------

wrapping first mol.:      -33.08626      -46.79104       81.04447
wrapping first mol.:      -33.08626      -46.79104       81.04447
wrapping first mol.:      -33.08626      -46.79104       81.04447
wrapping first mol.:      -33.08626      -46.79104       81.04447
wrapping first mol.:      -33.08626      -46.79104       81.04447
wrapping first mol.:      -33.08626      -46.79104       81.04447
wrapping first mol.:      -33.08626      -46.79104       81.04447
wrapping first mol.:      -33.08626      -46.79104       81.04447
wrapping first mol.:      -33.08626      -46.79104       81.04447
wrapping first mol.:      -33.08626      -46.79104       81.04447
wrapping first mol.:      -33.08626      -46.79104       81.04447

 NSTEP =  1450000   TIME(PS) =    2900.000  TEMP(K) =   300.04  PRESS =     0.0
 Etot   =   -250222.9623  EKtot   =     46338.7773  EPtot      =   -296561.7397
 BOND   =      1276.9861  ANGLE   =      3413.9124  DIHED      =      2417.3084
 UB     =         0.0000  IMP     =         0.0000  CMAP       =       313.7291
 1-4 NB =      1527.8451  1-4 EEL =     20082.2591  VDWAALS    =     36588.4356
 EELEC  =   -362182.2154  EHBOND  =         0.0000  RESTRAINT  =         0.0000
 ------------------------------------------------------------------------------

wrapping first mol.:      -33.08626      -46.79104       81.04447
wrapping first mol.:      -33.08626      -46.79104       81.04447
wrapping first mol.:      -33.08626      -46.79104       81.04447
wrapping first mol.:      -33.08626      -46.79104       81.04447
wrapping first mol.:      -33.08626      -46.79104       81.04447
wrapping first mol.:      -33.08626      -46.79104       81.04447
wrapping first mol.:      -33.08626      -46.79104       81.04447
wrapping first mol.:      -33.08626      -46.79104       81.04447
wrapping first mol.:      -33.08626      -46.79104       81.04447
wrapping first mol.:      -33.08626      -46.79104       81.04447
wrapping first mol.:      -33.08626      -46.79104       81.04447

 NSTEP =  1500000   TIME(PS) =    3000.000  TEMP(K) =   299.66  PRESS =     0.0
 Etot   =   -250069.4404  EKtot   =     46279.4570  EPtot      =   -296348.8975
 BOND   =      1269.9075  ANGLE   =      3406.0376  DIHED      =      2474.5698
 UB     =         0.0000  IMP     =         0.0000  CMAP       =       305.4864
 1-4 NB =      1556.3527  1-4 EEL =     20238.6835  VDWAALS    =     36669.0000
 EELEC  =   -362268.9349  EHBOND  =         0.0000  RESTRAINT  =         0.0000
 ------------------------------------------------------------------------------

wrapping first mol.:      -33.08626      -46.79104       81.04447
wrapping first mol.:      -33.08626      -46.79104       81.04447
wrapping first mol.:      -33.08626      -46.79104       81.04447
wrapping first mol.:      -33.08626      -46.79104       81.04447
wrapping first mol.:      -33.08626      -46.79104       81.04447
wrapping first mol.:      -33.08626      -46.79104       81.04447
wrapping first mol.:      -33.08626      -46.79104       81.04447
wrapping first mol.:      -33.08626      -46.79104       81.04447
wrapping first mol.:      -33.08626      -46.79104       81.04447
wrapping first mol.:      -33.08626      -46.79104       81.04447
wrapping first mol.:      -33.08626      -46.79104       81.04447

 NSTEP =  1550000   TIME(PS) =    3100.000  TEMP(K) =   301.93  PRESS =     0.0
 Etot   =   -249640.4471  EKtot   =     46630.2852  EPtot      =   -296270.7323
 BOND   =      1290.9775  ANGLE   =      3473.4189  DIHED      =      2426.5437
 UB     =         0.0000  IMP     =         0.0000  CMAP       =       312.9030
 1-4 NB =      1536.3935  1-4 EEL =     20168.5008  VDWAALS    =     36979.4656
 EELEC  =   -362458.9354  EHBOND  =         0.0000  RESTRAINT  =         0.0000
 ------------------------------------------------------------------------------

wrapping first mol.:      -33.08626      -46.79104       81.04447
wrapping first mol.:      -33.08626      -46.79104       81.04447
wrapping first mol.:      -33.08626      -46.79104       81.04447
wrapping first mol.:      -33.08626      -46.79104       81.04447
wrapping first mol.:      -33.08626      -46.79104       81.04447
wrapping first mol.:      -33.08626      -46.79104       81.04447
wrapping first mol.:      -33.08626      -46.79104       81.04447
wrapping first mol.:      -33.08626      -46.79104       81.04447
wrapping first mol.:      -33.08626      -46.79104       81.04447
wrapping first mol.:      -33.08626      -46.79104       81.04447
wrapping first mol.:      -33.08626      -46.79104       81.04447

 NSTEP =  1600000   TIME(PS) =    3200.000  TEMP(K) =   299.06  PRESS =     0.0
 Etot   =   -250365.3446  EKtot   =     46186.6211  EPtot      =   -296551.9657
 BOND   =      1268.3062  ANGLE   =      3396.5930  DIHED      =      2428.2910
 UB     =         0.0000  IMP     =         0.0000  CMAP       =       317.5648
 1-4 NB =      1555.0070  1-4 EEL =     20182.4419  VDWAALS    =     36445.8645
 EELEC  =   -362146.0340  EHBOND  =         0.0000  RESTRAINT  =         0.0000
 ------------------------------------------------------------------------------

wrapping first mol.:      -33.08626      -46.79104       81.04447
wrapping first mol.:      -33.08626      -46.79104       81.04447
wrapping first mol.:      -33.08626      -46.79104       81.04447
wrapping first mol.:      -33.08626      -46.79104       81.04447
wrapping first mol.:      -33.08626      -46.79104       81.04447
wrapping first mol.:      -33.08626      -46.79104       81.04447
wrapping first mol.:      -33.08626      -46.79104       81.04447
wrapping first mol.:      -33.08626      -46.79104       81.04447
wrapping first mol.:      -33.08626      -46.79104       81.04447
wrapping first mol.:      -33.08626      -46.79104       81.04447
wrapping first mol.:      -33.08626      -46.79104       81.04447

 NSTEP =  1650000   TIME(PS) =    3300.000  TEMP(K) =   301.12  PRESS =     0.0
 Etot   =   -249876.3444  EKtot   =     46506.0430  EPtot      =   -296382.3874
 BOND   =      1310.6113  ANGLE   =      3449.9598  DIHED      =      2433.9094
 UB     =         0.0000  IMP     =         0.0000  CMAP       =       319.1788
 1-4 NB =      1534.4998  1-4 EEL =     20241.5661  VDWAALS    =     36715.4822
 EELEC  =   -362387.5947  EHBOND  =         0.0000  RESTRAINT  =         0.0000
 ------------------------------------------------------------------------------

wrapping first mol.:      -33.08626      -46.79104       81.04447
wrapping first mol.:      -33.08626      -46.79104       81.04447
wrapping first mol.:      -33.08626      -46.79104       81.04447
wrapping first mol.:      -33.08626      -46.79104       81.04447
wrapping first mol.:      -33.08626      -46.79104       81.04447
wrapping first mol.:      -33.08626      -46.79104       81.04447
wrapping first mol.:      -33.08626      -46.79104       81.04447
wrapping first mol.:      -33.08626      -46.79104       81.04447
wrapping first mol.:      -33.08626      -46.79104       81.04447
wrapping first mol.:      -33.08626      -46.79104       81.04447
wrapping first mol.:      -33.08626      -46.79104       81.04447

 NSTEP =  1700000   TIME(PS) =    3400.000  TEMP(K) =   296.98  PRESS =     0.0
 Etot   =   -250630.7495  EKtot   =     45865.9883  EPtot      =   -296496.7378
 BOND   =      1270.6654  ANGLE   =      3460.0944  DIHED      =      2419.1657
 UB     =         0.0000  IMP     =         0.0000  CMAP       =       294.0633
 1-4 NB =      1569.5538  1-4 EEL =     20326.9516  VDWAALS    =     36941.8710
 EELEC  =   -362779.1030  EHBOND  =         0.0000  RESTRAINT  =         0.0000
 ------------------------------------------------------------------------------

wrapping first mol.:      -33.08626      -46.79104       81.04447
wrapping first mol.:      -33.08626      -46.79104       81.04447
wrapping first mol.:      -33.08626      -46.79104       81.04447
wrapping first mol.:      -33.08626      -46.79104       81.04447
wrapping first mol.:      -33.08626      -46.79104       81.04447
wrapping first mol.:      -33.08626      -46.79104       81.04447
wrapping first mol.:      -33.08626      -46.79104       81.04447
wrapping first mol.:      -33.08626      -46.79104       81.04447
wrapping first mol.:      -33.08626      -46.79104       81.04447
wrapping first mol.:      -33.08626      -46.79104       81.04447
wrapping first mol.:      -33.08626      -46.79104       81.04447

 NSTEP =  1750000   TIME(PS) =    3500.000  TEMP(K) =   300.06  PRESS =     0.0
 Etot   =   -250294.4531  EKtot   =     46342.3945  EPtot      =   -296636.8476
 BOND   =      1299.3454  ANGLE   =      3353.1799  DIHED      =      2421.0479
 UB     =         0.0000  IMP     =         0.0000  CMAP       =       303.3592
 1-4 NB =      1561.8432  1-4 EEL =     20338.0863  VDWAALS    =     36475.2449
 EELEC  =   -362388.9543  EHBOND  =         0.0000  RESTRAINT  =         0.0000
 ------------------------------------------------------------------------------

wrapping first mol.:      -33.08626      -46.79104       81.04447
wrapping first mol.:      -33.08626      -46.79104       81.04447
wrapping first mol.:      -33.08626      -46.79104       81.04447
wrapping first mol.:      -33.08626      -46.79104       81.04447
wrapping first mol.:      -33.08626      -46.79104       81.04447
wrapping first mol.:      -33.08626      -46.79104       81.04447
wrapping first mol.:      -33.08626      -46.79104       81.04447
wrapping first mol.:      -33.08626      -46.79104       81.04447
wrapping first mol.:      -33.08626      -46.79104       81.04447
wrapping first mol.:      -33.08626      -46.79104       81.04447
wrapping first mol.:      -33.08626      -46.79104       81.04447

 NSTEP =  1800000   TIME(PS) =    3600.000  TEMP(K) =   297.87  PRESS =     0.0
 Etot   =   -250979.6996  EKtot   =     46003.8359  EPtot      =   -296983.5356
 BOND   =      1235.7496  ANGLE   =      3504.1478  DIHED      =      2432.8158
 UB     =         0.0000  IMP     =         0.0000  CMAP       =       322.2869
 1-4 NB =      1557.1489  1-4 EEL =     20246.3096  VDWAALS    =     37194.1551
 EELEC  =   -363476.1494  EHBOND  =         0.0000  RESTRAINT  =         0.0000
 ------------------------------------------------------------------------------

wrapping first mol.:      -33.08626      -46.79104       81.04447
wrapping first mol.:      -33.08626      -46.79104       81.04447
wrapping first mol.:      -33.08626      -46.79104       81.04447
wrapping first mol.:      -33.08626      -46.79104       81.04447
wrapping first mol.:      -33.08626      -46.79104       81.04447
wrapping first mol.:      -33.08626      -46.79104       81.04447
wrapping first mol.:      -33.08626      -46.79104       81.04447
wrapping first mol.:      -33.08626      -46.79104       81.04447
wrapping first mol.:      -33.08626      -46.79104       81.04447
wrapping first mol.:      -33.08626      -46.79104       81.04447
wrapping first mol.:      -33.08626      -46.79104       81.04447

 NSTEP =  1850000   TIME(PS) =    3700.000  TEMP(K) =   298.17  PRESS =     0.0
 Etot   =   -250366.7464  EKtot   =     46049.4531  EPtot      =   -296416.1995
 BOND   =      1307.5832  ANGLE   =      3345.5750  DIHED      =      2461.2420
 UB     =         0.0000  IMP     =         0.0000  CMAP       =       312.5140
 1-4 NB =      1548.7980  1-4 EEL =     20177.9973  VDWAALS    =     36856.0170
 EELEC  =   -362425.9259  EHBOND  =         0.0000  RESTRAINT  =         0.0000
 ------------------------------------------------------------------------------

wrapping first mol.:      -33.08626      -46.79104       81.04447
wrapping first mol.:      -33.08626      -46.79104       81.04447
wrapping first mol.:      -33.08626      -46.79104       81.04447
wrapping first mol.:      -33.08626      -46.79104       81.04447
wrapping first mol.:      -33.08626      -46.79104       81.04447
wrapping first mol.:      -33.08626      -46.79104       81.04447
wrapping first mol.:      -33.08626      -46.79104       81.04447
wrapping first mol.:      -33.08626      -46.79104       81.04447
wrapping first mol.:      -33.08626      -46.79104       81.04447
wrapping first mol.:      -33.08626      -46.79104       81.04447
wrapping first mol.:      -33.08626      -46.79104       81.04447

 NSTEP =  1900000   TIME(PS) =    3800.000  TEMP(K) =   301.25  PRESS =     0.0
 Etot   =   -250019.2172  EKtot   =     46525.3281  EPtot      =   -296544.5453
 BOND   =      1258.6749  ANGLE   =      3421.7848  DIHED      =      2412.1949
 UB     =         0.0000  IMP     =         0.0000  CMAP       =       318.3402
 1-4 NB =      1546.6445  1-4 EEL =     20271.1497  VDWAALS    =     37473.9371
 EELEC  =   -363247.2714  EHBOND  =         0.0000  RESTRAINT  =         0.0000
 ------------------------------------------------------------------------------

wrapping first mol.:      -33.08626      -46.79104       81.04447
wrapping first mol.:      -33.08626      -46.79104       81.04447
wrapping first mol.:      -33.08626      -46.79104       81.04447
wrapping first mol.:      -33.08626      -46.79104       81.04447
wrapping first mol.:      -33.08626      -46.79104       81.04447
wrapping first mol.:      -33.08626      -46.79104       81.04447
wrapping first mol.:      -33.08626      -46.79104       81.04447
wrapping first mol.:      -33.08626      -46.79104       81.04447
wrapping first mol.:      -33.08626      -46.79104       81.04447
wrapping first mol.:      -33.08626      -46.79104       81.04447
wrapping first mol.:      -33.08626      -46.79104       81.04447

 NSTEP =  1950000   TIME(PS) =    3900.000  TEMP(K) =   301.60  PRESS =     0.0
 Etot   =   -249692.6135  EKtot   =     46578.9727  EPtot      =   -296271.5861
 BOND   =      1283.1761  ANGLE   =      3373.1828  DIHED      =      2396.3286
 UB     =         0.0000  IMP     =         0.0000  CMAP       =       299.3238
 1-4 NB =      1530.0756  1-4 EEL =     20293.0544  VDWAALS    =     36497.2900
 EELEC  =   -361944.0172  EHBOND  =         0.0000  RESTRAINT  =         0.0000
 ------------------------------------------------------------------------------

wrapping first mol.:      -33.08626      -46.79104       81.04447
wrapping first mol.:      -33.08626      -46.79104       81.04447
wrapping first mol.:      -33.08626      -46.79104       81.04447
wrapping first mol.:      -33.08626      -46.79104       81.04447
wrapping first mol.:      -33.08626      -46.79104       81.04447
wrapping first mol.:      -33.08626      -46.79104       81.04447
wrapping first mol.:      -33.08626      -46.79104       81.04447
wrapping first mol.:      -33.08626      -46.79104       81.04447
wrapping first mol.:      -33.08626      -46.79104       81.04447
wrapping first mol.:      -33.08626      -46.79104       81.04447
wrapping first mol.:      -33.08626      -46.79104       81.04447

 NSTEP =  2000000   TIME(PS) =    4000.000  TEMP(K) =   300.00  PRESS =     0.0
 Etot   =   -250322.9751  EKtot   =     46331.9531  EPtot      =   -296654.9283
 BOND   =      1270.9517  ANGLE   =      3366.4497  DIHED      =      2450.7382
 UB     =         0.0000  IMP     =         0.0000  CMAP       =       330.4033
 1-4 NB =      1525.2061  1-4 EEL =     20267.8575  VDWAALS    =     36571.8777
 EELEC  =   -362438.4126  EHBOND  =         0.0000  RESTRAINT  =         0.0000
 ------------------------------------------------------------------------------

wrapping first mol.:      -33.08626      -46.79104       81.04447
wrapping first mol.:      -33.08626      -46.79104       81.04447
wrapping first mol.:      -33.08626      -46.79104       81.04447
wrapping first mol.:      -33.08626      -46.79104       81.04447
wrapping first mol.:      -33.08626      -46.79104       81.04447
wrapping first mol.:      -33.08626      -46.79104       81.04447
wrapping first mol.:      -33.08626      -46.79104       81.04447
wrapping first mol.:      -33.08626      -46.79104       81.04447
wrapping first mol.:      -33.08626      -46.79104       81.04447
wrapping first mol.:      -33.08626      -46.79104       81.04447
wrapping first mol.:      -33.08626      -46.79104       81.04447

 NSTEP =  2050000   TIME(PS) =    4100.000  TEMP(K) =   300.69  PRESS =     0.0
 Etot   =   -250028.2252  EKtot   =     46438.9961  EPtot      =   -296467.2213
 BOND   =      1284.5510  ANGLE   =      3371.0244  DIHED      =      2463.2476
 UB     =         0.0000  IMP     =         0.0000  CMAP       =       326.8978
 1-4 NB =      1546.6308  1-4 EEL =     20213.8215  VDWAALS    =     36669.1697
 EELEC  =   -362342.5640  EHBOND  =         0.0000  RESTRAINT  =         0.0000
 ------------------------------------------------------------------------------

wrapping first mol.:      -33.08626      -46.79104       81.04447
wrapping first mol.:      -33.08626      -46.79104       81.04447
wrapping first mol.:      -33.08626      -46.79104       81.04447
wrapping first mol.:      -33.08626      -46.79104       81.04447
wrapping first mol.:      -33.08626      -46.79104       81.04447
wrapping first mol.:      -33.08626      -46.79104       81.04447
wrapping first mol.:      -33.08626      -46.79104       81.04447
wrapping first mol.:      -33.08626      -46.79104       81.04447
wrapping first mol.:      -33.08626      -46.79104       81.04447
wrapping first mol.:      -33.08626      -46.79104       81.04447
wrapping first mol.:      -33.08626      -46.79104       81.04447

 NSTEP =  2100000   TIME(PS) =    4200.000  TEMP(K) =   300.38  PRESS =     0.0
 Etot   =   -250316.0438  EKtot   =     46391.8086  EPtot      =   -296707.8524
 BOND   =      1321.9827  ANGLE   =      3472.5262  DIHED      =      2440.4670
 UB     =         0.0000  IMP     =         0.0000  CMAP       =       325.4988
 1-4 NB =      1514.3989  1-4 EEL =     20267.3421  VDWAALS    =     36752.9021
 EELEC  =   -362802.9702  EHBOND  =         0.0000  RESTRAINT  =         0.0000
 ------------------------------------------------------------------------------

wrapping first mol.:      -33.08626      -46.79104       81.04447
wrapping first mol.:      -33.08626      -46.79104       81.04447
wrapping first mol.:      -33.08626      -46.79104       81.04447
wrapping first mol.:      -33.08626      -46.79104       81.04447
wrapping first mol.:      -33.08626      -46.79104       81.04447
wrapping first mol.:      -33.08626      -46.79104       81.04447
wrapping first mol.:      -33.08626      -46.79104       81.04447
wrapping first mol.:      -33.08626      -46.79104       81.04447
wrapping first mol.:      -33.08626      -46.79104       81.04447
wrapping first mol.:      -33.08626      -46.79104       81.04447
wrapping first mol.:      -33.08626      -46.79104       81.04447

 NSTEP =  2150000   TIME(PS) =    4300.000  TEMP(K) =   299.53  PRESS =     0.0
 Etot   =   -250493.0026  EKtot   =     46260.2773  EPtot      =   -296753.2799
 BOND   =      1263.2048  ANGLE   =      3447.8958  DIHED      =      2457.5495
 UB     =         0.0000  IMP     =         0.0000  CMAP       =       321.0979
 1-4 NB =      1499.3589  1-4 EEL =     20195.1530  VDWAALS    =     36679.5333
 EELEC  =   -362617.0732  EHBOND  =         0.0000  RESTRAINT  =         0.0000
 ------------------------------------------------------------------------------

wrapping first mol.:      -33.08626      -46.79104       81.04447
wrapping first mol.:      -33.08626      -46.79104       81.04447
wrapping first mol.:      -33.08626      -46.79104       81.04447
wrapping first mol.:      -33.08626      -46.79104       81.04447
wrapping first mol.:      -33.08626      -46.79104       81.04447
wrapping first mol.:      -33.08626      -46.79104       81.04447
wrapping first mol.:      -33.08626      -46.79104       81.04447
wrapping first mol.:      -33.08626      -46.79104       81.04447
wrapping first mol.:      -33.08626      -46.79104       81.04447
wrapping first mol.:      -33.08626      -46.79104       81.04447
wrapping first mol.:      -33.08626      -46.79104       81.04447

 NSTEP =  2200000   TIME(PS) =    4400.000  TEMP(K) =   300.65  PRESS =     0.0
 Etot   =   -250375.7409  EKtot   =     46433.2891  EPtot      =   -296809.0300
 BOND   =      1275.2288  ANGLE   =      3445.0418  DIHED      =      2436.3776
 UB     =         0.0000  IMP     =         0.0000  CMAP       =       325.0534
 1-4 NB =      1534.5752  1-4 EEL =     20283.8862  VDWAALS    =     36630.5272
 EELEC  =   -362739.7202  EHBOND  =         0.0000  RESTRAINT  =         0.0000
 ------------------------------------------------------------------------------

wrapping first mol.:      -33.08626      -46.79104       81.04447
wrapping first mol.:      -33.08626      -46.79104       81.04447
wrapping first mol.:      -33.08626      -46.79104       81.04447
wrapping first mol.:      -33.08626      -46.79104       81.04447
wrapping first mol.:      -33.08626      -46.79104       81.04447
wrapping first mol.:      -33.08626      -46.79104       81.04447
wrapping first mol.:      -33.08626      -46.79104       81.04447
wrapping first mol.:      -33.08626      -46.79104       81.04447
wrapping first mol.:      -33.08626      -46.79104       81.04447
wrapping first mol.:      -33.08626      -46.79104       81.04447
wrapping first mol.:      -33.08626      -46.79104       81.04447

 NSTEP =  2250000   TIME(PS) =    4500.000  TEMP(K) =   298.56  PRESS =     0.0
 Etot   =   -250767.5949  EKtot   =     46110.3945  EPtot      =   -296877.9894
 BOND   =      1366.6029  ANGLE   =      3404.5263  DIHED      =      2442.4583
 UB     =         0.0000  IMP     =         0.0000  CMAP       =       325.0074
 1-4 NB =      1562.1753  1-4 EEL =     20269.3867  VDWAALS    =     37178.9433
 EELEC  =   -363427.0898  EHBOND  =         0.0000  RESTRAINT  =         0.0000
 ------------------------------------------------------------------------------

wrapping first mol.:      -33.08626      -46.79104       81.04447
wrapping first mol.:      -33.08626      -46.79104       81.04447
wrapping first mol.:      -33.08626      -46.79104       81.04447
wrapping first mol.:      -33.08626      -46.79104       81.04447
wrapping first mol.:      -33.08626      -46.79104       81.04447
wrapping first mol.:      -33.08626      -46.79104       81.04447
wrapping first mol.:      -33.08626      -46.79104       81.04447
wrapping first mol.:      -33.08626      -46.79104       81.04447
wrapping first mol.:      -33.08626      -46.79104       81.04447
wrapping first mol.:      -33.08626      -46.79104       81.04447
wrapping first mol.:      -33.08626      -46.79104       81.04447

 NSTEP =  2300000   TIME(PS) =    4600.000  TEMP(K) =   300.47  PRESS =     0.0
 Etot   =   -249827.2559  EKtot   =     46404.8750  EPtot      =   -296232.1309
 BOND   =      1332.0666  ANGLE   =      3452.9275  DIHED      =      2450.4697
 UB     =         0.0000  IMP     =         0.0000  CMAP       =       316.9413
 1-4 NB =      1547.2050  1-4 EEL =     20220.8286  VDWAALS    =     36501.3358
 EELEC  =   -362053.9054  EHBOND  =         0.0000  RESTRAINT  =         0.0000
 ------------------------------------------------------------------------------

wrapping first mol.:      -33.08626      -46.79104       81.04447
wrapping first mol.:      -33.08626      -46.79104       81.04447
wrapping first mol.:      -33.08626      -46.79104       81.04447
wrapping first mol.:      -33.08626      -46.79104       81.04447
wrapping first mol.:      -33.08626      -46.79104       81.04447
wrapping first mol.:      -33.08626      -46.79104       81.04447
wrapping first mol.:      -33.08626      -46.79104       81.04447
wrapping first mol.:      -33.08626      -46.79104       81.04447
wrapping first mol.:      -33.08626      -46.79104       81.04447
wrapping first mol.:      -33.08626      -46.79104       81.04447
wrapping first mol.:      -33.08626      -46.79104       81.04447

 NSTEP =  2350000   TIME(PS) =    4700.000  TEMP(K) =   300.06  PRESS =     0.0
 Etot   =   -250319.4483  EKtot   =     46342.0625  EPtot      =   -296661.5108
 BOND   =      1279.3771  ANGLE   =      3494.5991  DIHED      =      2438.0070
 UB     =         0.0000  IMP     =         0.0000  CMAP       =       325.7535
 1-4 NB =      1533.7458  1-4 EEL =     20220.6476  VDWAALS    =     36099.0656
 EELEC  =   -362052.7065  EHBOND  =         0.0000  RESTRAINT  =         0.0000
 ------------------------------------------------------------------------------

wrapping first mol.:      -33.08626      -46.79104       81.04447
wrapping first mol.:      -33.08626      -46.79104       81.04447
wrapping first mol.:      -33.08626      -46.79104       81.04447
wrapping first mol.:      -33.08626      -46.79104       81.04447
wrapping first mol.:      -33.08626      -46.79104       81.04447
wrapping first mol.:      -33.08626      -46.79104       81.04447
wrapping first mol.:      -33.08626      -46.79104       81.04447
wrapping first mol.:      -33.08626      -46.79104       81.04447
wrapping first mol.:      -33.08626      -46.79104       81.04447
wrapping first mol.:      -33.08626      -46.79104       81.04447
wrapping first mol.:      -33.08626      -46.79104       81.04447

 NSTEP =  2400000   TIME(PS) =    4800.000  TEMP(K) =   301.54  PRESS =     0.0
 Etot   =   -250053.6937  EKtot   =     46570.6914  EPtot      =   -296624.3851
 BOND   =      1301.9664  ANGLE   =      3423.9802  DIHED      =      2449.6427
 UB     =         0.0000  IMP     =         0.0000  CMAP       =       309.5482
 1-4 NB =      1556.1205  1-4 EEL =     20229.8706  VDWAALS    =     36496.1412
 EELEC  =   -362391.6549  EHBOND  =         0.0000  RESTRAINT  =         0.0000
 ------------------------------------------------------------------------------

wrapping first mol.:      -33.08626      -46.79104       81.04447
wrapping first mol.:      -33.08626      -46.79104       81.04447
wrapping first mol.:      -33.08626      -46.79104       81.04447
wrapping first mol.:      -33.08626      -46.79104       81.04447
wrapping first mol.:      -33.08626      -46.79104       81.04447
wrapping first mol.:      -33.08626      -46.79104       81.04447
wrapping first mol.:      -33.08626      -46.79104       81.04447
wrapping first mol.:      -33.08626      -46.79104       81.04447
wrapping first mol.:      -33.08626      -46.79104       81.04447
wrapping first mol.:      -33.08626      -46.79104       81.04447
wrapping first mol.:      -33.08626      -46.79104       81.04447

 NSTEP =  2450000   TIME(PS) =    4900.000  TEMP(K) =   302.61  PRESS =     0.0
 Etot   =   -249761.1593  EKtot   =     46735.4531  EPtot      =   -296496.6124
 BOND   =      1276.5589  ANGLE   =      3390.6385  DIHED      =      2476.1457
 UB     =         0.0000  IMP     =         0.0000  CMAP       =       314.8841
 1-4 NB =      1551.0223  1-4 EEL =     20241.8971  VDWAALS    =     36740.6285
 EELEC  =   -362488.3875  EHBOND  =         0.0000  RESTRAINT  =         0.0000
 ------------------------------------------------------------------------------

wrapping first mol.:      -33.08626      -46.79104       81.04447
wrapping first mol.:      -33.08626      -46.79104       81.04447
wrapping first mol.:      -33.08626      -46.79104       81.04447
wrapping first mol.:      -33.08626      -46.79104       81.04447
wrapping first mol.:      -33.08626      -46.79104       81.04447
wrapping first mol.:      -33.08626      -46.79104       81.04447
wrapping first mol.:      -33.08626      -46.79104       81.04447
wrapping first mol.:      -33.08626      -46.79104       81.04447
wrapping first mol.:      -33.08626      -46.79104       81.04447
wrapping first mol.:      -33.08626      -46.79104       81.04447
wrapping first mol.:      -33.08626      -46.79104       81.04447

 NSTEP =  2500000   TIME(PS) =    5000.000  TEMP(K) =   300.98  PRESS =     0.0
 Etot   =   -249874.0676  EKtot   =     46483.7031  EPtot      =   -296357.7707
 BOND   =      1331.5458  ANGLE   =      3445.3447  DIHED      =      2422.2031
 UB     =         0.0000  IMP     =         0.0000  CMAP       =       319.9544
 1-4 NB =      1521.8768  1-4 EEL =     20229.2443  VDWAALS    =     36869.2871
 EELEC  =   -362497.2269  EHBOND  =         0.0000  RESTRAINT  =         0.0000
 ------------------------------------------------------------------------------


      A V E R A G E S   O V E R      50 S T E P S


 NSTEP =  2500000   TIME(PS) =    5000.000  TEMP(K) =   300.24  PRESS =     0.0
 Etot   =   -250153.8169  EKtot   =     46369.5880  EPtot      =   -296523.4050
 BOND   =      1291.5487  ANGLE   =      3412.3080  DIHED      =      2441.0523
 UB     =         0.0000  IMP     =         0.0000  CMAP       =       315.1099
 1-4 NB =      1536.3528  1-4 EEL =     20242.0659  VDWAALS    =     36679.2962
 EELEC  =   -362441.1387  EHBOND  =         0.0000  RESTRAINT  =         0.0000
 ------------------------------------------------------------------------------


      R M S  F L U C T U A T I O N S


 NSTEP =  2500000   TIME(PS) =    5000.000  TEMP(K) =     1.11  PRESS =     0.0
 Etot   =       290.8686  EKtot   =       171.7355  EPtot      =       191.6768
 BOND   =        27.2705  ANGLE   =        45.6698  DIHED      =        22.2693
 UB     =         0.0000  IMP     =         0.0000  CMAP       =         9.8882
 1-4 NB =        16.2298  1-4 EEL =        55.5108  VDWAALS    =       278.0999
 EELEC  =       384.2087  EHBOND  =         0.0000  RESTRAINT  =         0.0000
 ------------------------------------------------------------------------------

--------------------------------------------------------------------------------
   5.  TIMINGS
--------------------------------------------------------------------------------

|  NonSetup CPU Time in Major Routines:
|
|     Routine           Sec        %
|     ------------------------------
|     Nonbond         347.61    7.11
|     Bond              0.00    0.00
|     Angle             0.00    0.00
|     Dihedral          0.00    0.00
|     Shake            13.76    0.28
|     RunMD          4522.17   92.55
|     Other             2.52    0.05
|     ------------------------------
|     Total          4886.06

|  PME Nonbond Pairlist CPU Time:
|
|     Routine              Sec        %
|     ---------------------------------
|     Set Up Cit           0.00    0.00
|     Build List           0.00    0.00
|     ---------------------------------
|     Total                0.00    0.00

|  PME Direct Force CPU Time:
|
|     Routine              Sec        %
|     ---------------------------------
|     NonBonded Calc       0.00    0.00
|     Exclude Masked       0.00    0.00
|     Other                1.39    0.03
|     ---------------------------------
|     Total                1.39    0.03

|  PME Reciprocal Force CPU Time:
|
|     Routine              Sec        %
|     ---------------------------------
|     1D bspline           0.00    0.00
|     Grid Charges         0.00    0.00
|     Scalar Sum           0.00    0.00
|     Gradient Sum         0.00    0.00
|     FFT                  0.00    0.00
|     ---------------------------------
|     Total                0.00    0.00

|  Final Performance Info:
|     -----------------------------------------------------
|     Average timings for last       1 steps:
|     Elapsed(s) =       0.00 Per Step(ms) =       0.16
|         ns/day =    1114.63   seconds/ns =      77.51
|
|     Average timings for all steps:
|     Elapsed(s) =    4886.16 Per Step(ms) =       1.95
|         ns/day =      88.41   seconds/ns =     977.23
|     -----------------------------------------------------

|  Setup CPU time:            1.18 seconds
|  NonSetup CPU time:      4886.06 seconds
|  Total CPU time:         4887.24 seconds     1.36 hours

|  Setup wall time:           1    seconds
|  NonSetup wall time:     4886    seconds
|  Total wall time:        4887    seconds     1.36 hours
