
          -------------------------------------------------------
          Amber 18 PMEMD                              2018
          -------------------------------------------------------

| PMEMD implementation of SANDER, Release 18

| Run on 08/29/2020 at 10:49:28

|   Executable path: pmemd.cuda
| Working directory: /home/almacen/pbarletta/dynein/run/lf3f/3_pdt
|          Hostname: Unknown
  [-O]verwriting output

File Assignments:
|   MDIN: pre_pdt.in                                                            
|  MDOUT: 0pdt.out                                                              
| INPCRD: 3_lf3f.rst7                                                           
|   PARM: /home/almacen/pbarletta/dynein/top_files/lf3f.prmtop                  
| RESTRT: 0p3_lf3f.rst7                                                         
|   REFC: refc                                                                  
|  MDVEL: mdvel                                                                 
|   MDEN: mden                                                                  
|  MDCRD: 0p3_lf3f.nc                                                           
| MDINFO: mdinfo                                                                
|  MDFRC: mdfrc                                                                 


 Here is the input file:

Production run                                                                 
&cntrl                                                                         
imin = 0,                           ! No Minimization                          
nmropt = 0,                         ! No NMR restraints read                   
                                                                               
! Nature and format of the input                                               
ntx = 5,                            ! Coordinates and velocities will be read  
irest = 1,                          ! Do not run a new simulation              
                                                                               
! Nature and format of the output                                              
ntxo = 1,                           ! rstrt file in ASCII format               
ntpr = 50000,                       ! inf in output every ntpr steps           
ntwr = 50000,                       ! rstrt file every ntwr steps              
ntwx = 5000,                        ! mdcrd file every ntwx steps              
ntwv = 0,                           ! mdvel without velocities                 
ntwe = 0,                           ! Energies and temperatures not written in 
idecomp = 0,                        ! No energy decomposition                  
iwrap = 1,                          ! Coordinates of the restart and mdcrd file
                                                                               
! Frozen or restrained atoms                                                   
ibelly = 0,                         ! No frozen atoms                          
ntr=0,                              ! Harmonic potential restraints            
                                                                               
! Molecular dynamics                                                           
nstlim = 2500000,                   ! Number of MD-steps                       
dt = 0.002,                         ! Time step                                
                                                                               
! Temperature regulation                                                       
ntt = 3,                            ! Langevin thermostat                      
gamma_ln = 2,                       ! Gamma constant for Langevin              
temp0 = 300.0,                      ! Reference T at which the system is to be 
tempi = 300.0,                      ! Initial T                                
ig = -1,                            ! Seed for the RNG                         
                                                                               
! P and V regulation                                                           
!barostat = 1,                      ! Berendsen barostat                       
!taup = 1,                          ! Pressure relaxation time                 
ntp = 0,                            ! constant V                               
ntb = 1,                            ! Periodic box for constant V              
                                                                               
! SHAKE variables                                                              
ntc = 2,                            ! Bonds involving H are constrained        
ntf = 2,                            ! Bond interaction involving H are ommited.
                                                                               
cut = 9.0,                          ! Nonbonded cutoff                         
/                                                                              
&end                                                                           


Note: ig = -1. Setting random seed to   615937 based on wallclock time in 
      microseconds.
| irandom = 1, using AMBER's internal random number generator (default).
 
|--------------------- INFORMATION ----------------------
| GPU (CUDA) Version of PMEMD in use: NVIDIA GPU IN USE.
|                    Version 18.0.0
| 
|                      03/25/2018
| 
| Implementation by:
|                    Ross C. Walker     (SDSC)
|                    Scott Le Grand     (nVIDIA)
| 
| Version 18 performance extensions by:
|                    David Cerutti     (Rutgers)
| 
| Precision model in use:
|      [SPFP] - Single Precision Forces, 64-bit Fixed Point
|               Accumulation. (Default)
| 
|--------------------------------------------------------
 
|----------------- CITATION INFORMATION -----------------
|
|    When publishing work that utilized the CUDA version
|    of AMBER, please cite the following in addition to
|    the regular AMBER citations:
|
|  - Romelia Salomon-Ferrer; Andreas W. Goetz; Duncan
|    Poole; Scott Le Grand; Ross C. Walker "Routine
|    microsecond molecular dynamics simulations with
|    AMBER - Part II: Particle Mesh Ewald", J. Chem.
|    Theory Comput., 2013, 9 (9), pp3878-3888,
|    DOI: 10.1021/ct400314y.
|
|  - Andreas W. Goetz; Mark J. Williamson; Dong Xu;
|    Duncan Poole; Scott Le Grand; Ross C. Walker
|    "Routine microsecond molecular dynamics simulations
|    with AMBER - Part I: Generalized Born", J. Chem.
|    Theory Comput., 2012, 8 (5), pp1542-1555.
|
|  - Scott Le Grand; Andreas W. Goetz; Ross C. Walker
|    "SPFP: Speed without compromise - a mixed precision
|    model for GPU accelerated molecular dynamics
|    simulations.", Comp. Phys. Comm., 2013, 184
|    pp374-380, DOI: 10.1016/j.cpc.2012.09.022
|
|--------------------------------------------------------
 
|------------------- GPU DEVICE INFO --------------------
|
|            CUDA_VISIBLE_DEVICES: 0
|   CUDA Capable Devices Detected:      1
|           CUDA Device ID in use:      0
|                CUDA Device Name: GeForce GTX 1080 Ti
|     CUDA Device Global Mem Size:  11178 MB
| CUDA Device Num Multiprocessors:     28
|           CUDA Device Core Freq:   1.72 GHz
|
|--------------------------------------------------------
 
 
| Conditional Compilation Defines Used:
| PUBFFT
| BINTRAJ
| CUDA
| EMIL

| Largest sphere to fit in unit cell has radius =    26.344

| New format PARM file being parsed.
| Version =    1.000 Date = 08/10/20 Time = 22:23:20

| Note: 1-4 EEL scale factors are being read from the topology file.

| Note: 1-4 VDW scale factors are being read from the topology file.
| Duplicated    0 dihedrals

| Duplicated    0 dihedrals

--------------------------------------------------------------------------------
   1.  RESOURCE   USE: 
--------------------------------------------------------------------------------

 getting new box info from bottom of inpcrd
 NATOM  =   26948 NTYPES =      19 NBONH =   19404 MBONA  =    7572
 NTHETH =    3538 MTHETA =    2210 NPHIH =    7248 MPHIA  =    7124
 NHPARM =       0 NPARM  =       0 NNB   =   59014 NRES   =    6152
 NBONA  =    7572 NTHETA =    2210 NPHIA =    7124 NUMBND =      73
 NUMANG =     167 NPTRA  =     191 NATYP =      38 NPHB   =       1
 IFBOX  =       2 NMXRS  =      24 IFCAP =       0 NEXTRA =    5946
 NCOPY  =       0


| Coordinate Index Table dimensions:    11   11   11
| Direct force subcell size =     5.8663    5.8663    5.8663

     BOX TYPE: TRUNCATED OCTAHEDRON

--------------------------------------------------------------------------------
   2.  CONTROL  DATA  FOR  THE  RUN
--------------------------------------------------------------------------------

default_name                                                                    

General flags:
     imin    =       0, nmropt  =       0

Nature and format of input:
     ntx     =       5, irest   =       1, ntrx    =       1

Nature and format of output:
     ntxo    =       1, ntpr    =   50000, ntrx    =       1, ntwr    =   50000
     iwrap   =       1, ntwx    =    5000, ntwv    =       0, ntwe    =       0
     ioutfm  =       1, ntwprt  =       0, idecomp =       0, rbornstat=      0

Potential function:
     ntf     =       2, ntb     =       1, igb     =       0, nsnb    =      25
     ipol    =       0, gbsa    =       0, iesp    =       0
     dielc   =   1.00000, cut     =   9.00000, intdiel =   1.00000

Frozen or restrained atoms:
     ibelly  =       0, ntr     =       0

Molecular dynamics:
     nstlim  =   2500000, nscm    =      1000, nrespa  =         1
     t       =   0.00000, dt      =   0.00200, vlimit  =  -1.00000

Langevin dynamics temperature regulation:
     ig      =  615937
     temp0   = 300.00000, tempi   = 300.00000, gamma_ln=   2.00000

SHAKE:
     ntc     =       2, jfastw  =       0
     tol     =   0.00001

| Intermolecular bonds treatment:
|     no_intermolecular_bonds =       1

| Energy averages sample interval:
|     ene_avg_sampling =   50000

Extra-points options:
     frameon =       1, chngmask=       1

Ewald parameters:
     verbose =       0, ew_type =       0, nbflag  =       1, use_pme =       1
     vdwmeth =       1, eedmeth =       1, netfrc  =       1
     Box X =   64.529   Box Y =   64.529   Box Z =   64.529
     Alpha =  109.471   Beta  =  109.471   Gamma =  109.471
     NFFT1 =   64       NFFT2 =   64       NFFT3 =   64
     Cutoff=    9.000   Tol   =0.100E-04
     Ewald Coefficient =  0.30768
     Interpolation order =    4
|      EXTRA_PTS, trim_bonds: num bonds BEFORE trim = 19404     0
|      EXTRA_PTS, trim_bonds: num bonds AFTER  trim = 19404     0
|      EXTRA_PTS, trim_bonds: num bonds BEFORE trim =  7572     0
|      EXTRA_PTS, trim_bonds: num bonds AFTER  trim =  1626     0
|      EXTRA_PTS, trim_theta: num angle BEFORE trim =  3538     0
|      EXTRA_PTS, trim_theta: num angle AFTER  trim =  3538     0
|      EXTRA_PTS, trim_theta: num angle BEFORE trim =  2210     0
|      EXTRA_PTS, trim_theta: num angle AFTER  trim =  2210     0
|      EXTRA_PTS, trim_phi:  num diheds BEFORE trim =  7248     0
|      EXTRA_PTS, trim_phi:  num diheds AFTER  trim =  7248     0
|      EXTRA_PTS, trim_phi:  num diheds BEFORE trim =  7124     0
|      EXTRA_PTS, trim_phi:  num diheds AFTER  trim =  7124     0

--------------------------------------------------------------------------------
   3.  ATOMIC COORDINATES AND VELOCITIES
--------------------------------------------------------------------------------

Cpptraj Generated Restart                                                       
 begin time read from input coords =     0.000 ps

 
 Number of triangulated 3-point waters found:     5946

     Sum of charges from parm topology file =   0.00003251
     Forcing neutrality...

| Dynamic Memory, Types Used:
| Reals              878334
| Integers          2042486

| Nonbonded Pairs Initial Allocation:     6144144

| GPU memory information (estimate):
| KB of GPU memory in use:         0
| KB of CPU memory in use:         0

--------------------------------------------------------------------------------
   4.  RESULTS
--------------------------------------------------------------------------------

wrapping first mol.:       64.52879        0.00000        0.00000
wrapping first mol.:       64.52879        0.00000        0.00000
wrapping first mol.:       64.52879        0.00000        0.00000
wrapping first mol.:       64.52879        0.00000        0.00000
wrapping first mol.:       64.52879        0.00000        0.00000
wrapping first mol.:       64.52879        0.00000        0.00000
wrapping first mol.:       64.52879        0.00000        0.00000
wrapping first mol.:       64.52879        0.00000        0.00000
wrapping first mol.:       64.52879        0.00000        0.00000
wrapping first mol.:       64.52879        0.00000        0.00000
wrapping first mol.:       64.52879        0.00000        0.00000

 NSTEP =    50000   TIME(PS) =     100.000  TEMP(K) =   304.99  PRESS =     0.0
 Etot   =    -66008.0397  EKtot   =     13212.9023  EPtot      =    -79220.9421
 BOND   =       551.5547  ANGLE   =      1638.1421  DIHED      =      1129.4233
 UB     =         0.0000  IMP     =         0.0000  CMAP       =       161.2284
 1-4 NB =       725.6377  1-4 EEL =      9712.4315  VDWAALS    =      8305.2125
 EELEC  =   -101444.5722  EHBOND  =         0.0000  RESTRAINT  =         0.0000
 ------------------------------------------------------------------------------

wrapping first mol.:       64.52879        0.00000        0.00000
wrapping first mol.:       64.52879        0.00000        0.00000
wrapping first mol.:       64.52879        0.00000        0.00000
wrapping first mol.:       64.52879        0.00000        0.00000
wrapping first mol.:       64.52879        0.00000        0.00000
wrapping first mol.:       64.52879        0.00000        0.00000
wrapping first mol.:       64.52879        0.00000        0.00000
wrapping first mol.:       64.52879        0.00000        0.00000
wrapping first mol.:       64.52879        0.00000        0.00000
wrapping first mol.:       64.52879        0.00000        0.00000
wrapping first mol.:       64.52879        0.00000        0.00000

 NSTEP =   100000   TIME(PS) =     200.000  TEMP(K) =   296.57  PRESS =     0.0
 Etot   =    -66585.7171  EKtot   =     12848.2529  EPtot      =    -79433.9700
 BOND   =       589.6010  ANGLE   =      1633.5182  DIHED      =      1116.3351
 UB     =         0.0000  IMP     =         0.0000  CMAP       =       164.2858
 1-4 NB =       719.6527  1-4 EEL =      9737.7182  VDWAALS    =      8670.9507
 EELEC  =   -102066.0317  EHBOND  =         0.0000  RESTRAINT  =         0.0000
 ------------------------------------------------------------------------------

wrapping first mol.:       64.52879        0.00000        0.00000
wrapping first mol.:       64.52879        0.00000        0.00000
wrapping first mol.:       64.52879        0.00000        0.00000
wrapping first mol.:       64.52879        0.00000        0.00000
wrapping first mol.:       64.52879        0.00000        0.00000
wrapping first mol.:       64.52879        0.00000        0.00000
wrapping first mol.:       64.52879        0.00000        0.00000
wrapping first mol.:       64.52879        0.00000        0.00000
wrapping first mol.:       64.52879        0.00000        0.00000
wrapping first mol.:       64.52879        0.00000        0.00000
wrapping first mol.:       64.52879        0.00000        0.00000

 NSTEP =   150000   TIME(PS) =     300.000  TEMP(K) =   299.40  PRESS =     0.0
 Etot   =    -66475.6088  EKtot   =     12971.0127  EPtot      =    -79446.6215
 BOND   =       557.6005  ANGLE   =      1525.5372  DIHED      =      1094.8418
 UB     =         0.0000  IMP     =         0.0000  CMAP       =       166.7413
 1-4 NB =       713.4964  1-4 EEL =      9745.9377  VDWAALS    =      8422.6418
 EELEC  =   -101673.4182  EHBOND  =         0.0000  RESTRAINT  =         0.0000
 ------------------------------------------------------------------------------

wrapping first mol.:       64.52879        0.00000        0.00000
wrapping first mol.:       64.52879        0.00000        0.00000
wrapping first mol.:       64.52879        0.00000        0.00000
wrapping first mol.:       64.52879        0.00000        0.00000
wrapping first mol.:       64.52879        0.00000        0.00000
wrapping first mol.:       64.52879        0.00000        0.00000
wrapping first mol.:       64.52879        0.00000        0.00000
wrapping first mol.:       64.52879        0.00000        0.00000
wrapping first mol.:       64.52879        0.00000        0.00000
wrapping first mol.:       64.52879        0.00000        0.00000
wrapping first mol.:       64.52879        0.00000        0.00000

 NSTEP =   200000   TIME(PS) =     400.000  TEMP(K) =   302.86  PRESS =     0.0
 Etot   =    -66313.6212  EKtot   =     13120.7305  EPtot      =    -79434.3517
 BOND   =       591.5665  ANGLE   =      1554.6241  DIHED      =      1122.4110
 UB     =         0.0000  IMP     =         0.0000  CMAP       =       157.3844
 1-4 NB =       730.7116  1-4 EEL =      9695.0985  VDWAALS    =      8651.8018
 EELEC  =   -101937.9494  EHBOND  =         0.0000  RESTRAINT  =         0.0000
 ------------------------------------------------------------------------------

wrapping first mol.:       64.52879        0.00000        0.00000
wrapping first mol.:       64.52879        0.00000        0.00000
wrapping first mol.:       64.52879        0.00000        0.00000
wrapping first mol.:       64.52879        0.00000        0.00000
wrapping first mol.:       64.52879        0.00000        0.00000
wrapping first mol.:       64.52879        0.00000        0.00000
wrapping first mol.:       64.52879        0.00000        0.00000
wrapping first mol.:       64.52879        0.00000        0.00000
wrapping first mol.:       64.52879        0.00000        0.00000
wrapping first mol.:       64.52879        0.00000        0.00000
wrapping first mol.:       64.52879        0.00000        0.00000

 NSTEP =   250000   TIME(PS) =     500.000  TEMP(K) =   299.71  PRESS =     0.0
 Etot   =    -66419.9231  EKtot   =     12984.1914  EPtot      =    -79404.1145
 BOND   =       591.4729  ANGLE   =      1569.8693  DIHED      =      1101.4083
 UB     =         0.0000  IMP     =         0.0000  CMAP       =       171.8825
 1-4 NB =       717.7792  1-4 EEL =      9749.4986  VDWAALS    =      8323.2842
 EELEC  =   -101629.3096  EHBOND  =         0.0000  RESTRAINT  =         0.0000
 ------------------------------------------------------------------------------

wrapping first mol.:       64.52879        0.00000        0.00000
wrapping first mol.:       64.52879        0.00000        0.00000
wrapping first mol.:       64.52879        0.00000        0.00000
wrapping first mol.:       64.52879        0.00000        0.00000
wrapping first mol.:       64.52879        0.00000        0.00000
wrapping first mol.:       64.52879        0.00000        0.00000
wrapping first mol.:       64.52879        0.00000        0.00000
wrapping first mol.:       64.52879        0.00000        0.00000
wrapping first mol.:       64.52879        0.00000        0.00000
wrapping first mol.:       64.52879        0.00000        0.00000
wrapping first mol.:       64.52879        0.00000        0.00000

 NSTEP =   300000   TIME(PS) =     600.000  TEMP(K) =   299.02  PRESS =     0.0
 Etot   =    -66328.6168  EKtot   =     12954.3818  EPtot      =    -79282.9986
 BOND   =       600.3364  ANGLE   =      1541.1028  DIHED      =      1134.4783
 UB     =         0.0000  IMP     =         0.0000  CMAP       =       157.2627
 1-4 NB =       723.6018  1-4 EEL =      9776.1834  VDWAALS    =      8576.9268
 EELEC  =   -101792.8908  EHBOND  =         0.0000  RESTRAINT  =         0.0000
 ------------------------------------------------------------------------------

wrapping first mol.:       64.52879        0.00000        0.00000
wrapping first mol.:       64.52879        0.00000        0.00000
wrapping first mol.:       64.52879        0.00000        0.00000
wrapping first mol.:       64.52879        0.00000        0.00000
wrapping first mol.:       64.52879        0.00000        0.00000
wrapping first mol.:       64.52879        0.00000        0.00000
wrapping first mol.:       64.52879        0.00000        0.00000
wrapping first mol.:       64.52879        0.00000        0.00000
wrapping first mol.:       64.52879        0.00000        0.00000
wrapping first mol.:       64.52879        0.00000        0.00000
wrapping first mol.:       64.52879        0.00000        0.00000

 NSTEP =   350000   TIME(PS) =     700.000  TEMP(K) =   300.32  PRESS =     0.0
 Etot   =    -66251.9113  EKtot   =     13010.7754  EPtot      =    -79262.6867
 BOND   =       562.9120  ANGLE   =      1589.3558  DIHED      =      1130.7630
 UB     =         0.0000  IMP     =         0.0000  CMAP       =       164.9034
 1-4 NB =       717.3697  1-4 EEL =      9728.0018  VDWAALS    =      8294.3637
 EELEC  =   -101450.3561  EHBOND  =         0.0000  RESTRAINT  =         0.0000
 ------------------------------------------------------------------------------

wrapping first mol.:       64.52879        0.00000        0.00000
wrapping first mol.:       64.52879        0.00000        0.00000
wrapping first mol.:       64.52879        0.00000        0.00000
wrapping first mol.:       64.52879        0.00000        0.00000
wrapping first mol.:       64.52879        0.00000        0.00000
wrapping first mol.:       64.52879        0.00000        0.00000
wrapping first mol.:       64.52879        0.00000        0.00000
wrapping first mol.:       64.52879        0.00000        0.00000
wrapping first mol.:       64.52879        0.00000        0.00000
wrapping first mol.:       64.52879        0.00000        0.00000
wrapping first mol.:       64.52879        0.00000        0.00000

 NSTEP =   400000   TIME(PS) =     800.000  TEMP(K) =   299.18  PRESS =     0.0
 Etot   =    -66430.5766  EKtot   =     12961.1660  EPtot      =    -79391.7426
 BOND   =       592.6486  ANGLE   =      1539.3030  DIHED      =      1139.8877
 UB     =         0.0000  IMP     =         0.0000  CMAP       =       159.3545
 1-4 NB =       722.3634  1-4 EEL =      9850.9430  VDWAALS    =      8338.2720
 EELEC  =   -101734.5148  EHBOND  =         0.0000  RESTRAINT  =         0.0000
 ------------------------------------------------------------------------------

wrapping first mol.:       64.52879        0.00000        0.00000
wrapping first mol.:       64.52879        0.00000        0.00000
wrapping first mol.:       64.52879        0.00000        0.00000
wrapping first mol.:       64.52879        0.00000        0.00000
wrapping first mol.:       64.52879        0.00000        0.00000
wrapping first mol.:       64.52879        0.00000        0.00000
wrapping first mol.:       64.52879        0.00000        0.00000
wrapping first mol.:       64.52879        0.00000        0.00000
wrapping first mol.:       64.52879        0.00000        0.00000
wrapping first mol.:       64.52879        0.00000        0.00000
wrapping first mol.:       64.52879        0.00000        0.00000

 NSTEP =   450000   TIME(PS) =     900.000  TEMP(K) =   303.30  PRESS =     0.0
 Etot   =    -66097.9866  EKtot   =     13139.8154  EPtot      =    -79237.8020
 BOND   =       580.1176  ANGLE   =      1546.7153  DIHED      =      1140.8893
 UB     =         0.0000  IMP     =         0.0000  CMAP       =       150.4081
 1-4 NB =       708.1519  1-4 EEL =      9764.1633  VDWAALS    =      8458.6645
 EELEC  =   -101586.9120  EHBOND  =         0.0000  RESTRAINT  =         0.0000
 ------------------------------------------------------------------------------

wrapping first mol.:       64.52879        0.00000        0.00000
wrapping first mol.:       64.52879        0.00000        0.00000
wrapping first mol.:       64.52879        0.00000        0.00000
wrapping first mol.:       64.52879        0.00000        0.00000
wrapping first mol.:       64.52879        0.00000        0.00000
wrapping first mol.:       64.52879        0.00000        0.00000
wrapping first mol.:       64.52879        0.00000        0.00000
wrapping first mol.:       64.52879        0.00000        0.00000
wrapping first mol.:       64.52879        0.00000        0.00000
wrapping first mol.:       64.52879        0.00000        0.00000
wrapping first mol.:       64.52879        0.00000        0.00000

 NSTEP =   500000   TIME(PS) =    1000.000  TEMP(K) =   299.64  PRESS =     0.0
 Etot   =    -66401.7128  EKtot   =     12981.1426  EPtot      =    -79382.8554
 BOND   =       591.0769  ANGLE   =      1545.3305  DIHED      =      1113.9382
 UB     =         0.0000  IMP     =         0.0000  CMAP       =       155.4936
 1-4 NB =       738.9582  1-4 EEL =      9744.4775  VDWAALS    =      8330.0125
 EELEC  =   -101602.1430  EHBOND  =         0.0000  RESTRAINT  =         0.0000
 ------------------------------------------------------------------------------

wrapping first mol.:       64.52879        0.00000        0.00000
wrapping first mol.:       64.52879        0.00000        0.00000
wrapping first mol.:       64.52879        0.00000        0.00000
wrapping first mol.:       64.52879        0.00000        0.00000
wrapping first mol.:       64.52879        0.00000        0.00000
wrapping first mol.:       64.52879        0.00000        0.00000
wrapping first mol.:       64.52879        0.00000        0.00000
wrapping first mol.:       64.52879        0.00000        0.00000
wrapping first mol.:       64.52879        0.00000        0.00000
wrapping first mol.:       64.52879        0.00000        0.00000
wrapping first mol.:       64.52879        0.00000        0.00000

 NSTEP =   550000   TIME(PS) =    1100.000  TEMP(K) =   299.04  PRESS =     0.0
 Etot   =    -66114.6363  EKtot   =     12955.0908  EPtot      =    -79069.7271
 BOND   =       572.6857  ANGLE   =      1616.7138  DIHED      =      1135.0367
 UB     =         0.0000  IMP     =         0.0000  CMAP       =       157.6275
 1-4 NB =       707.9602  1-4 EEL =      9713.1431  VDWAALS    =      8557.9024
 EELEC  =   -101530.7966  EHBOND  =         0.0000  RESTRAINT  =         0.0000
 ------------------------------------------------------------------------------

wrapping first mol.:       64.52879        0.00000        0.00000
wrapping first mol.:       64.52879        0.00000        0.00000
wrapping first mol.:       64.52879        0.00000        0.00000
wrapping first mol.:       64.52879        0.00000        0.00000
wrapping first mol.:       64.52879        0.00000        0.00000
wrapping first mol.:       64.52879        0.00000        0.00000
wrapping first mol.:       64.52879        0.00000        0.00000
wrapping first mol.:       64.52879        0.00000        0.00000
wrapping first mol.:       64.52879        0.00000        0.00000
wrapping first mol.:       64.52879        0.00000        0.00000
wrapping first mol.:       64.52879        0.00000        0.00000

 NSTEP =   600000   TIME(PS) =    1200.000  TEMP(K) =   299.20  PRESS =     0.0
 Etot   =    -66318.0174  EKtot   =     12962.2500  EPtot      =    -79280.2674
 BOND   =       618.1569  ANGLE   =      1584.9397  DIHED      =      1107.9826
 UB     =         0.0000  IMP     =         0.0000  CMAP       =       160.1748
 1-4 NB =       700.5798  1-4 EEL =      9758.9854  VDWAALS    =      8347.0695
 EELEC  =   -101558.1561  EHBOND  =         0.0000  RESTRAINT  =         0.0000
 ------------------------------------------------------------------------------

wrapping first mol.:       64.52879        0.00000        0.00000
wrapping first mol.:       64.52879        0.00000        0.00000
wrapping first mol.:       64.52879        0.00000        0.00000
wrapping first mol.:       64.52879        0.00000        0.00000
wrapping first mol.:       64.52879        0.00000        0.00000
wrapping first mol.:       64.52879        0.00000        0.00000
wrapping first mol.:       64.52879        0.00000        0.00000
wrapping first mol.:       64.52879        0.00000        0.00000
wrapping first mol.:       43.01920      -30.41916       52.68754
wrapping first mol.:       64.52879        0.00000        0.00000
wrapping first mol.:       64.52879        0.00000        0.00000

 NSTEP =   650000   TIME(PS) =    1300.000  TEMP(K) =   298.17  PRESS =     0.0
 Etot   =    -66537.7369  EKtot   =     12917.3330  EPtot      =    -79455.0700
 BOND   =       586.5595  ANGLE   =      1591.5219  DIHED      =      1125.8428
 UB     =         0.0000  IMP     =         0.0000  CMAP       =       160.0317
 1-4 NB =       715.2393  1-4 EEL =      9790.6335  VDWAALS    =      8674.4722
 EELEC  =   -102099.3707  EHBOND  =         0.0000  RESTRAINT  =         0.0000
 ------------------------------------------------------------------------------

wrapping first mol.:       64.52879        0.00000        0.00000
wrapping first mol.:       64.52879        0.00000        0.00000
wrapping first mol.:       64.52879        0.00000        0.00000
wrapping first mol.:       64.52879        0.00000        0.00000
wrapping first mol.:       64.52879        0.00000        0.00000
wrapping first mol.:       64.52879        0.00000        0.00000
wrapping first mol.:       64.52879        0.00000        0.00000
wrapping first mol.:       64.52879        0.00000        0.00000
wrapping first mol.:       64.52879        0.00000        0.00000
wrapping first mol.:       64.52879        0.00000        0.00000
wrapping first mol.:       64.52879        0.00000        0.00000

 NSTEP =   700000   TIME(PS) =    1400.000  TEMP(K) =   302.09  PRESS =     0.0
 Etot   =    -66225.2534  EKtot   =     13087.5566  EPtot      =    -79312.8101
 BOND   =       579.2254  ANGLE   =      1556.5418  DIHED      =      1132.6550
 UB     =         0.0000  IMP     =         0.0000  CMAP       =       150.1659
 1-4 NB =       713.2189  1-4 EEL =      9758.6583  VDWAALS    =      8497.0903
 EELEC  =   -101700.3656  EHBOND  =         0.0000  RESTRAINT  =         0.0000
 ------------------------------------------------------------------------------

wrapping first mol.:       64.52879        0.00000        0.00000
wrapping first mol.:       64.52879        0.00000        0.00000
wrapping first mol.:       64.52879        0.00000        0.00000
wrapping first mol.:       64.52879        0.00000        0.00000
wrapping first mol.:       64.52879        0.00000        0.00000
wrapping first mol.:       64.52879        0.00000        0.00000
wrapping first mol.:       64.52879        0.00000        0.00000
wrapping first mol.:       64.52879        0.00000        0.00000
wrapping first mol.:       64.52879        0.00000        0.00000
wrapping first mol.:       64.52879        0.00000        0.00000
wrapping first mol.:       64.52879        0.00000        0.00000

 NSTEP =   750000   TIME(PS) =    1500.000  TEMP(K) =   297.24  PRESS =     0.0
 Etot   =    -66390.6758  EKtot   =     12877.2090  EPtot      =    -79267.8848
 BOND   =       629.4710  ANGLE   =      1562.6263  DIHED      =      1118.4717
 UB     =         0.0000  IMP     =         0.0000  CMAP       =       166.5578
 1-4 NB =       688.7731  1-4 EEL =      9795.5314  VDWAALS    =      8470.8542
 EELEC  =   -101700.1703  EHBOND  =         0.0000  RESTRAINT  =         0.0000
 ------------------------------------------------------------------------------

wrapping first mol.:       64.52879        0.00000        0.00000
wrapping first mol.:       64.52879        0.00000        0.00000
wrapping first mol.:       64.52879        0.00000        0.00000
wrapping first mol.:       64.52879        0.00000        0.00000
wrapping first mol.:       64.52879        0.00000        0.00000
wrapping first mol.:       64.52879        0.00000        0.00000
wrapping first mol.:       64.52879        0.00000        0.00000
wrapping first mol.:       64.52879        0.00000        0.00000
wrapping first mol.:       64.52879        0.00000        0.00000
wrapping first mol.:       64.52879        0.00000        0.00000
wrapping first mol.:       64.52879        0.00000        0.00000

 NSTEP =   800000   TIME(PS) =    1600.000  TEMP(K) =   297.02  PRESS =     0.0
 Etot   =    -66443.3418  EKtot   =     12867.6113  EPtot      =    -79310.9531
 BOND   =       612.4883  ANGLE   =      1547.8339  DIHED      =      1106.9810
 UB     =         0.0000  IMP     =         0.0000  CMAP       =       164.1752
 1-4 NB =       711.8646  1-4 EEL =      9780.3885  VDWAALS    =      8307.7752
 EELEC  =   -101542.4597  EHBOND  =         0.0000  RESTRAINT  =         0.0000
 ------------------------------------------------------------------------------

wrapping first mol.:       64.52879        0.00000        0.00000
wrapping first mol.:       64.52879        0.00000        0.00000
wrapping first mol.:       64.52879        0.00000        0.00000
wrapping first mol.:       64.52879        0.00000        0.00000
wrapping first mol.:       64.52879        0.00000        0.00000
wrapping first mol.:       64.52879        0.00000        0.00000
wrapping first mol.:       64.52879        0.00000        0.00000
wrapping first mol.:       64.52879        0.00000        0.00000
wrapping first mol.:       64.52879        0.00000        0.00000
wrapping first mol.:       64.52879        0.00000        0.00000
wrapping first mol.:       64.52879        0.00000        0.00000

 NSTEP =   850000   TIME(PS) =    1700.000  TEMP(K) =   301.90  PRESS =     0.0
 Etot   =    -66274.1215  EKtot   =     13079.2139  EPtot      =    -79353.3353
 BOND   =       564.0241  ANGLE   =      1603.8478  DIHED      =      1135.7966
 UB     =         0.0000  IMP     =         0.0000  CMAP       =       158.7227
 1-4 NB =       724.1426  1-4 EEL =      9735.9475  VDWAALS    =      8610.6850
 EELEC  =   -101886.5018  EHBOND  =         0.0000  RESTRAINT  =         0.0000
 ------------------------------------------------------------------------------

wrapping first mol.:       64.52879        0.00000        0.00000
wrapping first mol.:       64.52879        0.00000        0.00000
wrapping first mol.:       64.52879        0.00000        0.00000
wrapping first mol.:       64.52879        0.00000        0.00000
wrapping first mol.:       64.52879        0.00000        0.00000
wrapping first mol.:       64.52879        0.00000        0.00000
wrapping first mol.:       64.52879        0.00000        0.00000
wrapping first mol.:       64.52879        0.00000        0.00000
wrapping first mol.:       64.52879        0.00000        0.00000
wrapping first mol.:       64.52879        0.00000        0.00000
wrapping first mol.:       64.52879        0.00000        0.00000

 NSTEP =   900000   TIME(PS) =    1800.000  TEMP(K) =   300.11  PRESS =     0.0
 Etot   =    -66710.1249  EKtot   =     13001.7764  EPtot      =    -79711.9012
 BOND   =       611.8630  ANGLE   =      1602.1025  DIHED      =      1124.5786
 UB     =         0.0000  IMP     =         0.0000  CMAP       =       171.9508
 1-4 NB =       688.3549  1-4 EEL =      9732.6192  VDWAALS    =      8583.6659
 EELEC  =   -102227.0361  EHBOND  =         0.0000  RESTRAINT  =         0.0000
 ------------------------------------------------------------------------------

wrapping first mol.:       64.52879        0.00000        0.00000
wrapping first mol.:       64.52879        0.00000        0.00000
wrapping first mol.:       64.52879        0.00000        0.00000
wrapping first mol.:       64.52879        0.00000        0.00000
wrapping first mol.:       64.52879        0.00000        0.00000
wrapping first mol.:       64.52879        0.00000        0.00000
wrapping first mol.:       64.52879        0.00000        0.00000
wrapping first mol.:       64.52879        0.00000        0.00000
wrapping first mol.:       64.52879        0.00000        0.00000
wrapping first mol.:       64.52879        0.00000        0.00000
wrapping first mol.:       64.52879        0.00000        0.00000

 NSTEP =   950000   TIME(PS) =    1900.000  TEMP(K) =   301.72  PRESS =     0.0
 Etot   =    -66158.0939  EKtot   =     13071.1787  EPtot      =    -79229.2726
 BOND   =       570.0480  ANGLE   =      1565.9575  DIHED      =      1129.3921
 UB     =         0.0000  IMP     =         0.0000  CMAP       =       152.0628
 1-4 NB =       715.4980  1-4 EEL =      9769.2895  VDWAALS    =      8460.6050
 EELEC  =   -101592.1254  EHBOND  =         0.0000  RESTRAINT  =         0.0000
 ------------------------------------------------------------------------------

wrapping first mol.:       43.01920      -30.41916       52.68754
wrapping first mol.:       64.52879        0.00000        0.00000
wrapping first mol.:       64.52879        0.00000        0.00000
wrapping first mol.:       43.01920      -30.41916       52.68754
wrapping first mol.:       43.01920      -30.41916       52.68754
wrapping first mol.:       43.01920      -30.41916       52.68754
wrapping first mol.:       43.01920      -30.41916       52.68754
wrapping first mol.:       43.01920      -30.41916       52.68754
wrapping first mol.:       43.01920      -30.41916       52.68754
wrapping first mol.:       43.01920      -30.41916       52.68754
wrapping first mol.:       43.01920      -30.41916       52.68754

 NSTEP =  1000000   TIME(PS) =    2000.000  TEMP(K) =   299.88  PRESS =     0.0
 Etot   =    -66343.5860  EKtot   =     12991.4766  EPtot      =    -79335.0625
 BOND   =       606.4770  ANGLE   =      1555.0356  DIHED      =      1129.3541
 UB     =         0.0000  IMP     =         0.0000  CMAP       =       170.0967
 1-4 NB =       710.3852  1-4 EEL =      9706.9076  VDWAALS    =      8533.9258
 EELEC  =   -101747.2444  EHBOND  =         0.0000  RESTRAINT  =         0.0000
 ------------------------------------------------------------------------------

wrapping first mol.:       43.01920      -30.41916       52.68754
wrapping first mol.:       43.01920      -30.41916       52.68754
wrapping first mol.:       43.01920      -30.41916       52.68754
wrapping first mol.:       43.01920      -30.41916       52.68754
wrapping first mol.:       43.01920      -30.41916       52.68754
wrapping first mol.:       43.01920      -30.41916       52.68754
wrapping first mol.:       43.01920      -30.41916       52.68754
wrapping first mol.:       43.01920      -30.41916       52.68754
wrapping first mol.:       43.01920      -30.41916       52.68754
wrapping first mol.:       43.01920      -30.41916       52.68754
wrapping first mol.:       43.01920      -30.41916       52.68754

 NSTEP =  1050000   TIME(PS) =    2100.000  TEMP(K) =   298.79  PRESS =     0.0
 Etot   =    -66616.8207  EKtot   =     12944.3701  EPtot      =    -79561.1908
 BOND   =       573.7945  ANGLE   =      1562.2447  DIHED      =      1114.7621
 UB     =         0.0000  IMP     =         0.0000  CMAP       =       161.9611
 1-4 NB =       710.1160  1-4 EEL =      9732.6749  VDWAALS    =      8525.2189
 EELEC  =   -101941.9631  EHBOND  =         0.0000  RESTRAINT  =         0.0000
 ------------------------------------------------------------------------------

wrapping first mol.:       43.01920      -30.41916       52.68754
wrapping first mol.:       43.01920      -30.41916       52.68754
wrapping first mol.:       43.01920      -30.41916       52.68754
wrapping first mol.:       43.01920      -30.41916       52.68754
wrapping first mol.:       43.01920      -30.41916       52.68754
wrapping first mol.:       43.01920      -30.41916       52.68754
wrapping first mol.:       43.01920      -30.41916       52.68754
wrapping first mol.:       43.01920      -30.41916       52.68754
wrapping first mol.:       43.01920      -30.41916       52.68754
wrapping first mol.:       43.01920      -30.41916       52.68754
wrapping first mol.:       43.01920      -30.41916       52.68754

 NSTEP =  1100000   TIME(PS) =    2200.000  TEMP(K) =   299.64  PRESS =     0.0
 Etot   =    -66389.9792  EKtot   =     12981.2715  EPtot      =    -79371.2507
 BOND   =       570.8000  ANGLE   =      1588.8368  DIHED      =      1147.2760
 UB     =         0.0000  IMP     =         0.0000  CMAP       =       167.3088
 1-4 NB =       717.3382  1-4 EEL =      9809.1636  VDWAALS    =      8414.1498
 EELEC  =   -101786.1239  EHBOND  =         0.0000  RESTRAINT  =         0.0000
 ------------------------------------------------------------------------------

wrapping first mol.:       43.01920      -30.41916       52.68754
wrapping first mol.:       64.52879        0.00000        0.00000
wrapping first mol.:       64.52879        0.00000        0.00000
wrapping first mol.:       64.52879        0.00000        0.00000
wrapping first mol.:       64.52879        0.00000        0.00000
wrapping first mol.:       64.52879        0.00000        0.00000
wrapping first mol.:       64.52879        0.00000        0.00000
wrapping first mol.:       64.52879        0.00000        0.00000
wrapping first mol.:       64.52879        0.00000        0.00000
wrapping first mol.:       64.52879        0.00000        0.00000
wrapping first mol.:       64.52879        0.00000        0.00000

 NSTEP =  1150000   TIME(PS) =    2300.000  TEMP(K) =   295.67  PRESS =     0.0
 Etot   =    -66747.4832  EKtot   =     12809.0732  EPtot      =    -79556.5564
 BOND   =       549.6071  ANGLE   =      1592.6919  DIHED      =      1151.3966
 UB     =         0.0000  IMP     =         0.0000  CMAP       =       160.8869
 1-4 NB =       703.0232  1-4 EEL =      9756.6535  VDWAALS    =      8652.7276
 EELEC  =   -102123.5431  EHBOND  =         0.0000  RESTRAINT  =         0.0000
 ------------------------------------------------------------------------------

wrapping first mol.:       64.52879        0.00000        0.00000
wrapping first mol.:       64.52879        0.00000        0.00000
wrapping first mol.:       64.52879        0.00000        0.00000
wrapping first mol.:       64.52879        0.00000        0.00000
wrapping first mol.:       64.52879        0.00000        0.00000
wrapping first mol.:       64.52879        0.00000        0.00000
wrapping first mol.:       64.52879        0.00000        0.00000
wrapping first mol.:       64.52879        0.00000        0.00000
wrapping first mol.:       64.52879        0.00000        0.00000
wrapping first mol.:       64.52879        0.00000        0.00000
wrapping first mol.:       64.52879        0.00000        0.00000

 NSTEP =  1200000   TIME(PS) =    2400.000  TEMP(K) =   300.06  PRESS =     0.0
 Etot   =    -66621.2520  EKtot   =     12999.4141  EPtot      =    -79620.6660
 BOND   =       562.5408  ANGLE   =      1560.1515  DIHED      =      1122.8166
 UB     =         0.0000  IMP     =         0.0000  CMAP       =       158.3832
 1-4 NB =       698.8591  1-4 EEL =      9747.8108  VDWAALS    =      8490.6143
 EELEC  =   -101961.8423  EHBOND  =         0.0000  RESTRAINT  =         0.0000
 ------------------------------------------------------------------------------

wrapping first mol.:       64.52879        0.00000        0.00000
wrapping first mol.:       64.52879        0.00000        0.00000
wrapping first mol.:       64.52879        0.00000        0.00000
wrapping first mol.:       64.52879        0.00000        0.00000
wrapping first mol.:       64.52879        0.00000        0.00000
wrapping first mol.:       43.01920      -30.41916       52.68754
wrapping first mol.:       43.01920      -30.41916       52.68754
wrapping first mol.:       43.01920      -30.41916       52.68754
wrapping first mol.:       43.01920      -30.41916       52.68754
wrapping first mol.:       43.01920      -30.41916       52.68754
wrapping first mol.:       43.01920      -30.41916       52.68754

 NSTEP =  1250000   TIME(PS) =    2500.000  TEMP(K) =   300.33  PRESS =     0.0
 Etot   =    -66203.3584  EKtot   =     13011.0293  EPtot      =    -79214.3877
 BOND   =       625.8060  ANGLE   =      1564.2911  DIHED      =      1121.8707
 UB     =         0.0000  IMP     =         0.0000  CMAP       =       170.9115
 1-4 NB =       729.6428  1-4 EEL =      9756.3952  VDWAALS    =      8372.0599
 EELEC  =   -101555.3649  EHBOND  =         0.0000  RESTRAINT  =         0.0000
 ------------------------------------------------------------------------------

wrapping first mol.:       64.52879        0.00000        0.00000
wrapping first mol.:       64.52879        0.00000        0.00000
wrapping first mol.:       64.52879        0.00000        0.00000
wrapping first mol.:       43.01920      -30.41916       52.68754
wrapping first mol.:       43.01920      -30.41916       52.68754
wrapping first mol.:       43.01920      -30.41916       52.68754
wrapping first mol.:       43.01920      -30.41916       52.68754
wrapping first mol.:       43.01920      -30.41916       52.68754
wrapping first mol.:       43.01920      -30.41916       52.68754
wrapping first mol.:       43.01920      -30.41916       52.68754
wrapping first mol.:       43.01920      -30.41916       52.68754

 NSTEP =  1300000   TIME(PS) =    2600.000  TEMP(K) =   297.87  PRESS =     0.0
 Etot   =    -66414.2663  EKtot   =     12904.5205  EPtot      =    -79318.7868
 BOND   =       605.6198  ANGLE   =      1608.6169  DIHED      =      1112.5831
 UB     =         0.0000  IMP     =         0.0000  CMAP       =       165.4663
 1-4 NB =       707.6515  1-4 EEL =      9670.1794  VDWAALS    =      8589.8050
 EELEC  =   -101778.7090  EHBOND  =         0.0000  RESTRAINT  =         0.0000
 ------------------------------------------------------------------------------

wrapping first mol.:       43.01920      -30.41916       52.68754
wrapping first mol.:       43.01920      -30.41916       52.68754
wrapping first mol.:       43.01920      -30.41916       52.68754
wrapping first mol.:       43.01920      -30.41916       52.68754
wrapping first mol.:       43.01920      -30.41916       52.68754
wrapping first mol.:       43.01920      -30.41916       52.68754
wrapping first mol.:       43.01920      -30.41916       52.68754
wrapping first mol.:       43.01920      -30.41916       52.68754
wrapping first mol.:       43.01920      -30.41916       52.68754
wrapping first mol.:       43.01920      -30.41916       52.68754
wrapping first mol.:       43.01920      -30.41916       52.68754

 NSTEP =  1350000   TIME(PS) =    2700.000  TEMP(K) =   295.44  PRESS =     0.0
 Etot   =    -66439.0199  EKtot   =     12799.2441  EPtot      =    -79238.2640
 BOND   =       615.3304  ANGLE   =      1567.1826  DIHED      =      1137.2432
 UB     =         0.0000  IMP     =         0.0000  CMAP       =       159.2016
 1-4 NB =       719.7268  1-4 EEL =      9651.2832  VDWAALS    =      8572.6105
 EELEC  =   -101660.8424  EHBOND  =         0.0000  RESTRAINT  =         0.0000
 ------------------------------------------------------------------------------

wrapping first mol.:       43.01920      -30.41916       52.68754
wrapping first mol.:       43.01920      -30.41916       52.68754
wrapping first mol.:       43.01920      -30.41916       52.68754
wrapping first mol.:       43.01920      -30.41916       52.68754
wrapping first mol.:       43.01920      -30.41916       52.68754
wrapping first mol.:       43.01920      -30.41916       52.68754
wrapping first mol.:       43.01920      -30.41916       52.68754
wrapping first mol.:       43.01920      -30.41916       52.68754
wrapping first mol.:       43.01920      -30.41916       52.68754
wrapping first mol.:       64.52879        0.00000        0.00000
wrapping first mol.:       64.52879        0.00000        0.00000

 NSTEP =  1400000   TIME(PS) =    2800.000  TEMP(K) =   300.10  PRESS =     0.0
 Etot   =    -66125.2840  EKtot   =     13000.9805  EPtot      =    -79126.2645
 BOND   =       611.1812  ANGLE   =      1566.5042  DIHED      =      1137.9872
 UB     =         0.0000  IMP     =         0.0000  CMAP       =       153.5009
 1-4 NB =       721.7798  1-4 EEL =      9748.9102  VDWAALS    =      8524.0119
 EELEC  =   -101590.1399  EHBOND  =         0.0000  RESTRAINT  =         0.0000
 ------------------------------------------------------------------------------

wrapping first mol.:       64.52879        0.00000        0.00000
wrapping first mol.:       64.52879        0.00000        0.00000
wrapping first mol.:       43.01920      -30.41916       52.68754
wrapping first mol.:       43.01920      -30.41916       52.68754
wrapping first mol.:       43.01920      -30.41916       52.68754
wrapping first mol.:       64.52879        0.00000        0.00000
wrapping first mol.:       64.52879        0.00000        0.00000
wrapping first mol.:       43.01920      -30.41916       52.68754
wrapping first mol.:       43.01920      -30.41916       52.68754
wrapping first mol.:       43.01920      -30.41916       52.68754
wrapping first mol.:       43.01920      -30.41916       52.68754

 NSTEP =  1450000   TIME(PS) =    2900.000  TEMP(K) =   302.38  PRESS =     0.0
 Etot   =    -66173.4192  EKtot   =     13100.0459  EPtot      =    -79273.4651
 BOND   =       588.7255  ANGLE   =      1542.8029  DIHED      =      1132.5782
 UB     =         0.0000  IMP     =         0.0000  CMAP       =       148.2821
 1-4 NB =       728.0737  1-4 EEL =      9737.5789  VDWAALS    =      8495.4003
 EELEC  =   -101646.9066  EHBOND  =         0.0000  RESTRAINT  =         0.0000
 ------------------------------------------------------------------------------

wrapping first mol.:       43.01920      -30.41916       52.68754
wrapping first mol.:       43.01920      -30.41916       52.68754
wrapping first mol.:       43.01920      -30.41916       52.68754
wrapping first mol.:       43.01920      -30.41916       52.68754
wrapping first mol.:       43.01920      -30.41916       52.68754
wrapping first mol.:       43.01920      -30.41916       52.68754
wrapping first mol.:       43.01920      -30.41916       52.68754
wrapping first mol.:       43.01920      -30.41916       52.68754
wrapping first mol.:       43.01920      -30.41916       52.68754
wrapping first mol.:       43.01920      -30.41916       52.68754
wrapping first mol.:       43.01920      -30.41916       52.68754

 NSTEP =  1500000   TIME(PS) =    3000.000  TEMP(K) =   297.42  PRESS =     0.0
 Etot   =    -66784.6019  EKtot   =     12885.2500  EPtot      =    -79669.8519
 BOND   =       578.2599  ANGLE   =      1586.9008  DIHED      =      1141.3075
 UB     =         0.0000  IMP     =         0.0000  CMAP       =       159.4918
 1-4 NB =       700.0255  1-4 EEL =      9762.3749  VDWAALS    =      8666.8611
 EELEC  =   -102265.0734  EHBOND  =         0.0000  RESTRAINT  =         0.0000
 ------------------------------------------------------------------------------

wrapping first mol.:       43.01920      -30.41916       52.68754
wrapping first mol.:       43.01920      -30.41916       52.68754
wrapping first mol.:       43.01920      -30.41916       52.68754
wrapping first mol.:       43.01920      -30.41916       52.68754
wrapping first mol.:       43.01920      -30.41916       52.68754
wrapping first mol.:       43.01920      -30.41916       52.68754
wrapping first mol.:       43.01920      -30.41916       52.68754
wrapping first mol.:       43.01920      -30.41916       52.68754
wrapping first mol.:       43.01920      -30.41916       52.68754
wrapping first mol.:       43.01920      -30.41916       52.68754
wrapping first mol.:       43.01920      -30.41916       52.68754

 NSTEP =  1550000   TIME(PS) =    3100.000  TEMP(K) =   303.21  PRESS =     0.0
 Etot   =    -66103.4598  EKtot   =     13135.9551  EPtot      =    -79239.4148
 BOND   =       564.6440  ANGLE   =      1561.2778  DIHED      =      1138.8602
 UB     =         0.0000  IMP     =         0.0000  CMAP       =       170.3690
 1-4 NB =       736.2891  1-4 EEL =      9743.9063  VDWAALS    =      8576.0116
 EELEC  =   -101730.7729  EHBOND  =         0.0000  RESTRAINT  =         0.0000
 ------------------------------------------------------------------------------

wrapping first mol.:       43.01920      -30.41916       52.68754
wrapping first mol.:       43.01920      -30.41916       52.68754
wrapping first mol.:       43.01920      -30.41916       52.68754
wrapping first mol.:       43.01920      -30.41916       52.68754
wrapping first mol.:       43.01920      -30.41916       52.68754
wrapping first mol.:       43.01920      -30.41916       52.68754
wrapping first mol.:       43.01920      -30.41916       52.68754
wrapping first mol.:       43.01920      -30.41916       52.68754
wrapping first mol.:       43.01920      -30.41916       52.68754
wrapping first mol.:       43.01920      -30.41916       52.68754
wrapping first mol.:       43.01920      -30.41916       52.68754

 NSTEP =  1600000   TIME(PS) =    3200.000  TEMP(K) =   301.60  PRESS =     0.0
 Etot   =    -66459.6139  EKtot   =     13066.2920  EPtot      =    -79525.9059
 BOND   =       613.5138  ANGLE   =      1567.1857  DIHED      =      1140.6141
 UB     =         0.0000  IMP     =         0.0000  CMAP       =       167.4189
 1-4 NB =       730.4817  1-4 EEL =      9724.5657  VDWAALS    =      8438.2941
 EELEC  =   -101907.9799  EHBOND  =         0.0000  RESTRAINT  =         0.0000
 ------------------------------------------------------------------------------

wrapping first mol.:       43.01920      -30.41916       52.68754
wrapping first mol.:       43.01920      -30.41916       52.68754
wrapping first mol.:       43.01920      -30.41916       52.68754
wrapping first mol.:       43.01920      -30.41916       52.68754
wrapping first mol.:       43.01920      -30.41916       52.68754
wrapping first mol.:       43.01920      -30.41916       52.68754
wrapping first mol.:       43.01920      -30.41916       52.68754
wrapping first mol.:       43.01920      -30.41916       52.68754
wrapping first mol.:       43.01920      -30.41916       52.68754
wrapping first mol.:       43.01920      -30.41916       52.68754
wrapping first mol.:       43.01920      -30.41916       52.68754

 NSTEP =  1650000   TIME(PS) =    3300.000  TEMP(K) =   303.09  PRESS =     0.0
 Etot   =    -66272.1663  EKtot   =     13130.8545  EPtot      =    -79403.0207
 BOND   =       584.2380  ANGLE   =      1578.4813  DIHED      =      1111.8040
 UB     =         0.0000  IMP     =         0.0000  CMAP       =       173.8975
 1-4 NB =       695.1198  1-4 EEL =      9745.2774  VDWAALS    =      8614.4077
 EELEC  =   -101906.2466  EHBOND  =         0.0000  RESTRAINT  =         0.0000
 ------------------------------------------------------------------------------

wrapping first mol.:       43.01920      -30.41916       52.68754
wrapping first mol.:       43.01920      -30.41916       52.68754
wrapping first mol.:       43.01920      -30.41916       52.68754
wrapping first mol.:       43.01920      -30.41916       52.68754
wrapping first mol.:       43.01920      -30.41916       52.68754
wrapping first mol.:       43.01920      -30.41916       52.68754
wrapping first mol.:       43.01920      -30.41916       52.68754
wrapping first mol.:       43.01920      -30.41916       52.68754
wrapping first mol.:       43.01920      -30.41916       52.68754
wrapping first mol.:       43.01920      -30.41916       52.68754
wrapping first mol.:       43.01920      -30.41916       52.68754

 NSTEP =  1700000   TIME(PS) =    3400.000  TEMP(K) =   298.63  PRESS =     0.0
 Etot   =    -66394.8044  EKtot   =     12937.5010  EPtot      =    -79332.3054
 BOND   =       602.9385  ANGLE   =      1583.8200  DIHED      =      1140.1314
 UB     =         0.0000  IMP     =         0.0000  CMAP       =       151.0187
 1-4 NB =       719.9922  1-4 EEL =      9680.7304  VDWAALS    =      8404.6713
 EELEC  =   -101615.6078  EHBOND  =         0.0000  RESTRAINT  =         0.0000
 ------------------------------------------------------------------------------

wrapping first mol.:       43.01920      -30.41916       52.68754
wrapping first mol.:       43.01920      -30.41916       52.68754
wrapping first mol.:       43.01920      -30.41916       52.68754
wrapping first mol.:       43.01920      -30.41916       52.68754
wrapping first mol.:       43.01920      -30.41916       52.68754
wrapping first mol.:       43.01920      -30.41916       52.68754
wrapping first mol.:       43.01920      -30.41916       52.68754
wrapping first mol.:       43.01920      -30.41916       52.68754
wrapping first mol.:       43.01920      -30.41916       52.68754
wrapping first mol.:       43.01920      -30.41916       52.68754
wrapping first mol.:       43.01920      -30.41916       52.68754

 NSTEP =  1750000   TIME(PS) =    3500.000  TEMP(K) =   298.35  PRESS =     0.0
 Etot   =    -66359.0685  EKtot   =     12925.2100  EPtot      =    -79284.2784
 BOND   =       582.5062  ANGLE   =      1635.8546  DIHED      =      1101.8973
 UB     =         0.0000  IMP     =         0.0000  CMAP       =       176.2403
 1-4 NB =       723.1188  1-4 EEL =      9750.3349  VDWAALS    =      8473.9681
 EELEC  =   -101728.1986  EHBOND  =         0.0000  RESTRAINT  =         0.0000
 ------------------------------------------------------------------------------

wrapping first mol.:       43.01920      -30.41916       52.68754
wrapping first mol.:       43.01920      -30.41916       52.68754
wrapping first mol.:       43.01920      -30.41916       52.68754
wrapping first mol.:       43.01920      -30.41916       52.68754
wrapping first mol.:       43.01920      -30.41916       52.68754
wrapping first mol.:       43.01920      -30.41916       52.68754
wrapping first mol.:       43.01920      -30.41916       52.68754
wrapping first mol.:       43.01920      -30.41916       52.68754
wrapping first mol.:       43.01920      -30.41916       52.68754
wrapping first mol.:       43.01920      -30.41916       52.68754
wrapping first mol.:       43.01920      -30.41916       52.68754

 NSTEP =  1800000   TIME(PS) =    3600.000  TEMP(K) =   298.14  PRESS =     0.0
 Etot   =    -66573.7113  EKtot   =     12916.1055  EPtot      =    -79489.8167
 BOND   =       562.0242  ANGLE   =      1560.5722  DIHED      =      1127.4341
 UB     =         0.0000  IMP     =         0.0000  CMAP       =       160.9258
 1-4 NB =       730.1293  1-4 EEL =      9753.6362  VDWAALS    =      8381.9172
 EELEC  =   -101766.4555  EHBOND  =         0.0000  RESTRAINT  =         0.0000
 ------------------------------------------------------------------------------

wrapping first mol.:       43.01920      -30.41916       52.68754
wrapping first mol.:       43.01920      -30.41916       52.68754
wrapping first mol.:       43.01920      -30.41916       52.68754
wrapping first mol.:       43.01920      -30.41916       52.68754
wrapping first mol.:       43.01920      -30.41916       52.68754
wrapping first mol.:       43.01920      -30.41916       52.68754
wrapping first mol.:       43.01920      -30.41916       52.68754
wrapping first mol.:       43.01920      -30.41916       52.68754
wrapping first mol.:       43.01920      -30.41916       52.68754
wrapping first mol.:       43.01920      -30.41916       52.68754
wrapping first mol.:       43.01920      -30.41916       52.68754

 NSTEP =  1850000   TIME(PS) =    3700.000  TEMP(K) =   297.87  PRESS =     0.0
 Etot   =    -66520.9709  EKtot   =     12904.3682  EPtot      =    -79425.3391
 BOND   =       599.1086  ANGLE   =      1533.6309  DIHED      =      1149.2592
 UB     =         0.0000  IMP     =         0.0000  CMAP       =       155.2068
 1-4 NB =       717.5445  1-4 EEL =      9752.6789  VDWAALS    =      8702.3965
 EELEC  =   -102035.1645  EHBOND  =         0.0000  RESTRAINT  =         0.0000
 ------------------------------------------------------------------------------

wrapping first mol.:       43.01920      -30.41916       52.68754
wrapping first mol.:       43.01920      -30.41916       52.68754
wrapping first mol.:       43.01920      -30.41916       52.68754
wrapping first mol.:       43.01920      -30.41916       52.68754
wrapping first mol.:       43.01920      -30.41916       52.68754
wrapping first mol.:       43.01920      -30.41916       52.68754
wrapping first mol.:       43.01920      -30.41916       52.68754
wrapping first mol.:       43.01920      -30.41916       52.68754
wrapping first mol.:       43.01920      -30.41916       52.68754
wrapping first mol.:       43.01920      -30.41916       52.68754
wrapping first mol.:       43.01920      -30.41916       52.68754

 NSTEP =  1900000   TIME(PS) =    3800.000  TEMP(K) =   297.30  PRESS =     0.0
 Etot   =    -66453.3545  EKtot   =     12879.9375  EPtot      =    -79333.2920
 BOND   =       623.6975  ANGLE   =      1586.4922  DIHED      =      1129.2766
 UB     =         0.0000  IMP     =         0.0000  CMAP       =       156.6115
 1-4 NB =       736.1747  1-4 EEL =      9743.9881  VDWAALS    =      8931.5169
 EELEC  =   -102241.0495  EHBOND  =         0.0000  RESTRAINT  =         0.0000
 ------------------------------------------------------------------------------

wrapping first mol.:       43.01920      -30.41916       52.68754
wrapping first mol.:       43.01920      -30.41916       52.68754
wrapping first mol.:       43.01920      -30.41916       52.68754
wrapping first mol.:       64.52879        0.00000        0.00000
wrapping first mol.:       43.01920      -30.41916       52.68754
wrapping first mol.:       43.01920      -30.41916       52.68754
wrapping first mol.:       43.01920      -30.41916       52.68754
wrapping first mol.:       43.01920      -30.41916       52.68754
wrapping first mol.:       43.01920      -30.41916       52.68754
wrapping first mol.:       43.01920      -30.41916       52.68754
wrapping first mol.:       43.01920      -30.41916       52.68754

 NSTEP =  1950000   TIME(PS) =    3900.000  TEMP(K) =   301.59  PRESS =     0.0
 Etot   =    -66188.7126  EKtot   =     13065.8193  EPtot      =    -79254.5319
 BOND   =       592.2532  ANGLE   =      1615.2561  DIHED      =      1136.2343
 UB     =         0.0000  IMP     =         0.0000  CMAP       =       151.6818
 1-4 NB =       725.5440  1-4 EEL =      9726.4693  VDWAALS    =      8388.7426
 EELEC  =   -101590.7133  EHBOND  =         0.0000  RESTRAINT  =         0.0000
 ------------------------------------------------------------------------------

wrapping first mol.:       43.01920      -30.41916       52.68754
wrapping first mol.:       43.01920      -30.41916       52.68754
wrapping first mol.:       43.01920      -30.41916       52.68754
wrapping first mol.:       43.01920      -30.41916       52.68754
wrapping first mol.:       43.01920      -30.41916       52.68754
wrapping first mol.:       43.01920      -30.41916       52.68754
wrapping first mol.:       43.01920      -30.41916       52.68754
wrapping first mol.:       43.01920      -30.41916       52.68754
wrapping first mol.:       43.01920      -30.41916       52.68754
wrapping first mol.:       43.01920      -30.41916       52.68754
wrapping first mol.:       43.01920      -30.41916       52.68754

 NSTEP =  2000000   TIME(PS) =    4000.000  TEMP(K) =   297.01  PRESS =     0.0
 Etot   =    -66542.8497  EKtot   =     12867.4072  EPtot      =    -79410.2569
 BOND   =       588.8822  ANGLE   =      1603.0988  DIHED      =      1129.1368
 UB     =         0.0000  IMP     =         0.0000  CMAP       =       157.5667
 1-4 NB =       718.9463  1-4 EEL =      9717.6044  VDWAALS    =      8348.3770
 EELEC  =   -101673.8691  EHBOND  =         0.0000  RESTRAINT  =         0.0000
 ------------------------------------------------------------------------------

wrapping first mol.:       43.01920      -30.41916       52.68754
wrapping first mol.:       43.01920      -30.41916       52.68754
wrapping first mol.:       43.01920      -30.41916       52.68754
wrapping first mol.:       43.01920      -30.41916       52.68754
wrapping first mol.:       43.01920      -30.41916       52.68754
wrapping first mol.:       43.01920      -30.41916       52.68754
wrapping first mol.:       43.01920      -30.41916       52.68754
wrapping first mol.:       43.01920      -30.41916       52.68754
wrapping first mol.:       43.01920      -30.41916       52.68754
wrapping first mol.:       43.01920      -30.41916       52.68754
wrapping first mol.:       43.01920      -30.41916       52.68754

 NSTEP =  2050000   TIME(PS) =    4100.000  TEMP(K) =   297.26  PRESS =     0.0
 Etot   =    -66647.2043  EKtot   =     12877.9795  EPtot      =    -79525.1838
 BOND   =       603.9442  ANGLE   =      1581.9661  DIHED      =      1097.8473
 UB     =         0.0000  IMP     =         0.0000  CMAP       =       162.7409
 1-4 NB =       738.0033  1-4 EEL =      9716.8813  VDWAALS    =      8519.9280
 EELEC  =   -101946.4948  EHBOND  =         0.0000  RESTRAINT  =         0.0000
 ------------------------------------------------------------------------------

wrapping first mol.:       43.01920      -30.41916       52.68754
wrapping first mol.:       43.01920      -30.41916       52.68754
wrapping first mol.:       43.01920      -30.41916       52.68754
wrapping first mol.:       43.01920      -30.41916       52.68754
wrapping first mol.:       43.01920      -30.41916       52.68754
wrapping first mol.:       43.01920      -30.41916       52.68754
wrapping first mol.:       43.01920      -30.41916       52.68754
wrapping first mol.:       43.01920      -30.41916       52.68754
wrapping first mol.:       43.01920      -30.41916       52.68754
wrapping first mol.:       43.01920      -30.41916       52.68754
wrapping first mol.:       43.01920      -30.41916       52.68754

 NSTEP =  2100000   TIME(PS) =    4200.000  TEMP(K) =   299.86  PRESS =     0.0
 Etot   =    -66567.8008  EKtot   =     12990.8008  EPtot      =    -79558.6016
 BOND   =       628.1239  ANGLE   =      1514.3916  DIHED      =      1121.8043
 UB     =         0.0000  IMP     =         0.0000  CMAP       =       170.3533
 1-4 NB =       717.7166  1-4 EEL =      9672.6557  VDWAALS    =      8588.8660
 EELEC  =   -101972.5131  EHBOND  =         0.0000  RESTRAINT  =         0.0000
 ------------------------------------------------------------------------------

wrapping first mol.:       43.01920      -30.41916       52.68754
wrapping first mol.:       43.01920      -30.41916       52.68754
wrapping first mol.:       43.01920      -30.41916       52.68754
wrapping first mol.:       43.01920      -30.41916       52.68754
wrapping first mol.:       43.01920      -30.41916       52.68754
wrapping first mol.:       43.01920      -30.41916       52.68754
wrapping first mol.:       43.01920      -30.41916       52.68754
wrapping first mol.:       43.01920      -30.41916       52.68754
wrapping first mol.:       43.01920      -30.41916       52.68754
wrapping first mol.:       43.01920      -30.41916       52.68754
wrapping first mol.:       43.01920      -30.41916       52.68754

 NSTEP =  2150000   TIME(PS) =    4300.000  TEMP(K) =   301.72  PRESS =     0.0
 Etot   =    -66440.7776  EKtot   =     13071.1484  EPtot      =    -79511.9260
 BOND   =       614.6336  ANGLE   =      1559.5463  DIHED      =      1140.7116
 UB     =         0.0000  IMP     =         0.0000  CMAP       =       169.0064
 1-4 NB =       721.8422  1-4 EEL =      9681.4744  VDWAALS    =      8431.3765
 EELEC  =   -101830.5171  EHBOND  =         0.0000  RESTRAINT  =         0.0000
 ------------------------------------------------------------------------------

wrapping first mol.:       43.01920      -30.41916       52.68754
wrapping first mol.:       43.01920      -30.41916       52.68754
wrapping first mol.:       43.01920      -30.41916       52.68754
wrapping first mol.:       43.01920      -30.41916       52.68754
wrapping first mol.:       43.01920      -30.41916       52.68754
wrapping first mol.:       43.01920      -30.41916       52.68754
wrapping first mol.:       43.01920      -30.41916       52.68754
wrapping first mol.:       43.01920      -30.41916       52.68754
wrapping first mol.:       43.01920      -30.41916       52.68754
wrapping first mol.:       43.01920      -30.41916       52.68754
wrapping first mol.:       43.01920      -30.41916       52.68754

 NSTEP =  2200000   TIME(PS) =    4400.000  TEMP(K) =   300.33  PRESS =     0.0
 Etot   =    -66443.5730  EKtot   =     13011.1045  EPtot      =    -79454.6775
 BOND   =       578.1333  ANGLE   =      1582.7547  DIHED      =      1153.1922
 UB     =         0.0000  IMP     =         0.0000  CMAP       =       149.3105
 1-4 NB =       714.7881  1-4 EEL =      9766.9435  VDWAALS    =      8374.2408
 EELEC  =   -101774.0406  EHBOND  =         0.0000  RESTRAINT  =         0.0000
 ------------------------------------------------------------------------------

wrapping first mol.:       43.01920      -30.41916       52.68754
wrapping first mol.:       43.01920      -30.41916       52.68754
wrapping first mol.:       43.01920      -30.41916       52.68754
wrapping first mol.:       43.01920      -30.41916       52.68754
wrapping first mol.:       43.01920      -30.41916       52.68754
wrapping first mol.:       43.01920      -30.41916       52.68754
wrapping first mol.:       43.01920      -30.41916       52.68754
wrapping first mol.:       43.01920      -30.41916       52.68754
wrapping first mol.:       43.01920      -30.41916       52.68754
wrapping first mol.:       43.01920      -30.41916       52.68754
wrapping first mol.:       43.01920      -30.41916       52.68754

 NSTEP =  2250000   TIME(PS) =    4500.000  TEMP(K) =   302.76  PRESS =     0.0
 Etot   =    -66020.3499  EKtot   =     13116.2764  EPtot      =    -79136.6263
 BOND   =       630.0152  ANGLE   =      1623.6548  DIHED      =      1143.7971
 UB     =         0.0000  IMP     =         0.0000  CMAP       =       145.0968
 1-4 NB =       716.2607  1-4 EEL =      9709.4517  VDWAALS    =      8491.3143
 EELEC  =   -101596.2168  EHBOND  =         0.0000  RESTRAINT  =         0.0000
 ------------------------------------------------------------------------------

wrapping first mol.:       43.01920      -30.41916       52.68754
wrapping first mol.:       43.01920      -30.41916       52.68754
wrapping first mol.:       43.01920      -30.41916       52.68754
wrapping first mol.:       43.01920      -30.41916       52.68754
wrapping first mol.:       43.01920      -30.41916       52.68754
wrapping first mol.:       43.01920      -30.41916       52.68754
wrapping first mol.:       43.01920      -30.41916       52.68754
wrapping first mol.:       43.01920      -30.41916       52.68754
wrapping first mol.:       43.01920      -30.41916       52.68754
wrapping first mol.:       43.01920      -30.41916       52.68754
wrapping first mol.:       43.01920      -30.41916       52.68754

 NSTEP =  2300000   TIME(PS) =    4600.000  TEMP(K) =   300.45  PRESS =     0.0
 Etot   =    -66264.2748  EKtot   =     13016.5264  EPtot      =    -79280.8012
 BOND   =       619.6966  ANGLE   =      1603.2106  DIHED      =      1102.1245
 UB     =         0.0000  IMP     =         0.0000  CMAP       =       154.9388
 1-4 NB =       717.5950  1-4 EEL =      9710.4576  VDWAALS    =      8471.9749
 EELEC  =   -101660.7992  EHBOND  =         0.0000  RESTRAINT  =         0.0000
 ------------------------------------------------------------------------------

wrapping first mol.:       43.01920      -30.41916       52.68754
wrapping first mol.:       43.01920      -30.41916       52.68754
wrapping first mol.:       43.01920      -30.41916       52.68754
wrapping first mol.:       43.01920      -30.41916       52.68754
wrapping first mol.:       43.01920      -30.41916       52.68754
wrapping first mol.:       43.01920      -30.41916       52.68754
wrapping first mol.:       43.01920      -30.41916       52.68754
wrapping first mol.:       43.01920      -30.41916       52.68754
wrapping first mol.:       43.01920      -30.41916       52.68754
wrapping first mol.:       43.01920      -30.41916       52.68754
wrapping first mol.:       43.01920      -30.41916       52.68754

 NSTEP =  2350000   TIME(PS) =    4700.000  TEMP(K) =   301.07  PRESS =     0.0
 Etot   =    -66144.4984  EKtot   =     13043.3916  EPtot      =    -79187.8900
 BOND   =       603.8507  ANGLE   =      1606.3277  DIHED      =      1142.3097
 UB     =         0.0000  IMP     =         0.0000  CMAP       =       161.3431
 1-4 NB =       706.9264  1-4 EEL =      9724.4648  VDWAALS    =      8621.1600
 EELEC  =   -101754.2725  EHBOND  =         0.0000  RESTRAINT  =         0.0000
 ------------------------------------------------------------------------------

wrapping first mol.:       43.01920      -30.41916       52.68754
wrapping first mol.:       43.01920      -30.41916       52.68754
wrapping first mol.:       43.01920      -30.41916       52.68754
wrapping first mol.:       43.01920      -30.41916       52.68754
wrapping first mol.:       43.01920      -30.41916       52.68754
wrapping first mol.:       43.01920      -30.41916       52.68754
wrapping first mol.:       43.01920      -30.41916       52.68754
wrapping first mol.:       43.01920      -30.41916       52.68754
wrapping first mol.:       43.01920      -30.41916       52.68754
wrapping first mol.:       43.01920      -30.41916       52.68754
wrapping first mol.:       43.01920      -30.41916       52.68754

 NSTEP =  2400000   TIME(PS) =    4800.000  TEMP(K) =   302.33  PRESS =     0.0
 Etot   =    -66446.9237  EKtot   =     13097.7861  EPtot      =    -79544.7098
 BOND   =       619.4557  ANGLE   =      1569.3547  DIHED      =      1118.6585
 UB     =         0.0000  IMP     =         0.0000  CMAP       =       161.3737
 1-4 NB =       709.8354  1-4 EEL =      9680.2245  VDWAALS    =      8494.6067
 EELEC  =   -101898.2191  EHBOND  =         0.0000  RESTRAINT  =         0.0000
 ------------------------------------------------------------------------------

wrapping first mol.:       43.01920      -30.41916       52.68754
wrapping first mol.:       43.01920      -30.41916       52.68754
wrapping first mol.:       43.01920      -30.41916       52.68754
wrapping first mol.:       43.01920      -30.41916       52.68754
wrapping first mol.:       43.01920      -30.41916       52.68754
wrapping first mol.:       43.01920      -30.41916       52.68754
wrapping first mol.:       43.01920      -30.41916       52.68754
wrapping first mol.:       43.01920      -30.41916       52.68754
wrapping first mol.:       43.01920      -30.41916       52.68754
wrapping first mol.:       43.01920      -30.41916       52.68754
wrapping first mol.:       43.01920      -30.41916       52.68754

 NSTEP =  2450000   TIME(PS) =    4900.000  TEMP(K) =   301.01  PRESS =     0.0
 Etot   =    -66566.1508  EKtot   =     13040.5205  EPtot      =    -79606.6713
 BOND   =       601.7068  ANGLE   =      1542.5259  DIHED      =      1126.1277
 UB     =         0.0000  IMP     =         0.0000  CMAP       =       158.8827
 1-4 NB =       703.4049  1-4 EEL =      9684.7780  VDWAALS    =      8571.2987
 EELEC  =   -101995.3960  EHBOND  =         0.0000  RESTRAINT  =         0.0000
 ------------------------------------------------------------------------------

wrapping first mol.:       43.01920      -30.41916       52.68754
wrapping first mol.:       43.01920      -30.41916       52.68754
wrapping first mol.:       43.01920      -30.41916       52.68754
wrapping first mol.:       43.01920      -30.41916       52.68754
wrapping first mol.:       43.01920      -30.41916       52.68754
wrapping first mol.:       43.01920      -30.41916       52.68754
wrapping first mol.:       43.01920      -30.41916       52.68754
wrapping first mol.:       43.01920      -30.41916       52.68754
wrapping first mol.:       43.01920      -30.41916       52.68754
wrapping first mol.:       43.01920      -30.41916       52.68754
wrapping first mol.:       43.01920      -30.41916       52.68754

 NSTEP =  2500000   TIME(PS) =    5000.000  TEMP(K) =   298.00  PRESS =     0.0
 Etot   =    -66730.2332  EKtot   =     12910.0723  EPtot      =    -79640.3055
 BOND   =       589.0152  ANGLE   =      1606.7785  DIHED      =      1112.7287
 UB     =         0.0000  IMP     =         0.0000  CMAP       =       156.6750
 1-4 NB =       724.5978  1-4 EEL =      9682.1578  VDWAALS    =      8614.9690
 EELEC  =   -102127.2275  EHBOND  =         0.0000  RESTRAINT  =         0.0000
 ------------------------------------------------------------------------------


      A V E R A G E S   O V E R      50 S T E P S


 NSTEP =  2500000   TIME(PS) =    5000.000  TEMP(K) =   299.81  PRESS =     0.0
 Etot   =    -66389.7057  EKtot   =     12988.7065  EPtot      =    -79378.4122
 BOND   =       592.8787  ANGLE   =      1576.5404  DIHED      =      1127.0848
 UB     =         0.0000  IMP     =         0.0000  CMAP       =       160.7313
 1-4 NB =       716.6857  1-4 EEL =      9735.7653  VDWAALS    =      8503.1935
 EELEC  =   -101791.2917  EHBOND  =         0.0000  RESTRAINT  =         0.0000
 ------------------------------------------------------------------------------


      R M S  F L U C T U A T I O N S


 NSTEP =  2500000   TIME(PS) =    5000.000  TEMP(K) =     2.15  PRESS =     0.0
 Etot   =       191.9698  EKtot   =        93.0561  EPtot      =       148.0605
 BOND   =        21.6702  ANGLE   =        29.0142  DIHED      =        14.4474
 UB     =         0.0000  IMP     =         0.0000  CMAP       =         7.1798
 1-4 NB =        11.6983  1-4 EEL =        37.9655  VDWAALS    =       127.2791
 EELEC  =       208.5292  EHBOND  =         0.0000  RESTRAINT  =         0.0000
 ------------------------------------------------------------------------------

--------------------------------------------------------------------------------
   5.  TIMINGS
--------------------------------------------------------------------------------

|  NonSetup CPU Time in Major Routines:
|
|     Routine           Sec        %
|     ------------------------------
|     Nonbond         249.93   16.59
|     Bond              0.00    0.00
|     Angle             0.00    0.00
|     Dihedral          0.00    0.00
|     Shake            13.43    0.89
|     RunMD          1240.99   82.36
|     Other             2.39    0.16
|     ------------------------------
|     Total          1506.74

|  PME Nonbond Pairlist CPU Time:
|
|     Routine              Sec        %
|     ---------------------------------
|     Set Up Cit           0.00    0.00
|     Build List           0.00    0.00
|     ---------------------------------
|     Total                0.00    0.00

|  PME Direct Force CPU Time:
|
|     Routine              Sec        %
|     ---------------------------------
|     NonBonded Calc       0.00    0.00
|     Exclude Masked       0.00    0.00
|     Other                1.35    0.09
|     ---------------------------------
|     Total                1.35    0.09

|  PME Reciprocal Force CPU Time:
|
|     Routine              Sec        %
|     ---------------------------------
|     1D bspline           0.00    0.00
|     Grid Charges         0.00    0.00
|     Scalar Sum           0.00    0.00
|     Gradient Sum         0.00    0.00
|     FFT                  0.00    0.00
|     ---------------------------------
|     Total                0.00    0.00

|  Final Performance Info:
|     -----------------------------------------------------
|     Average timings for last       1 steps:
|     Elapsed(s) =       0.00 Per Step(ms) =       0.15
|         ns/day =    1191.56   seconds/ns =      72.51
|
|     Average timings for all steps:
|     Elapsed(s) =    1508.21 Per Step(ms) =       0.60
|         ns/day =     286.43   seconds/ns =     301.64
|     -----------------------------------------------------

|  Setup CPU time:            0.61 seconds
|  NonSetup CPU time:      1506.74 seconds
|  Total CPU time:         1507.36 seconds     0.42 hours

|  Setup wall time:           0    seconds
|  NonSetup wall time:     1508    seconds
|  Total wall time:        1508    seconds     0.42 hours
