
          -------------------------------------------------------
          Amber 18 PMEMD                              2018
          -------------------------------------------------------

| PMEMD implementation of SANDER, Release 18

| Run on 09/11/2020 at 13:39:55

|   Executable path: pmemd.cuda
| Working directory: /home/almacen/pbarletta/dynein/run/lbm7/4_pdt
|          Hostname: Unknown
  [-O]verwriting output

File Assignments:
|   MDIN: pre_pdt.in                                                            
|  MDOUT: 0pdt.out                                                              
| INPCRD: 4_lbm7.rst7                                                           
|   PARM: /home/almacen/pbarletta/dynein/top_files/lbm7.prmtop                  
| RESTRT: 0p4_lbm7.rst7                                                         
|   REFC: refc                                                                  
|  MDVEL: mdvel                                                                 
|   MDEN: mden                                                                  
|  MDCRD: 0p4_lbm7.nc                                                           
| MDINFO: mdinfo                                                                
|  MDFRC: mdfrc                                                                 


 Here is the input file:

Production run                                                                 
&cntrl                                                                         
imin = 0,                           ! No Minimization                          
nmropt = 0,                         ! No NMR restraints read                   
                                                                               
! Nature and format of the input                                               
ntx = 5,                            ! Coordinates and velocities will be read  
irest = 1,                          ! Do not run a new simulation              
                                                                               
! Nature and format of the output                                              
ntxo = 1,                           ! rstrt file in ASCII format               
ntpr = 50000,                       ! inf in output every ntpr steps           
ntwr = 50000,                       ! rstrt file every ntwr steps              
ntwx = 5000,                        ! mdcrd file every ntwx steps              
ntwv = 0,                           ! mdvel without velocities                 
ntwe = 0,                           ! Energies and temperatures not written in 
idecomp = 0,                        ! No energy decomposition                  
iwrap = 1,                          ! Coordinates of the restart and mdcrd file
                                                                               
! Frozen or restrained atoms                                                   
ibelly = 0,                         ! No frozen atoms                          
ntr=0,                              ! Harmonic potential restraints            
                                                                               
! Molecular dynamics                                                           
nstlim = 2500000,                   ! Number of MD-steps                       
dt = 0.002,                         ! Time step                                
                                                                               
! Temperature regulation                                                       
ntt = 3,                            ! Langevin thermostat                      
gamma_ln = 2,                       ! Gamma constant for Langevin              
temp0 = 300.0,                      ! Reference T at which the system is to be 
tempi = 300.0,                      ! Initial T                                
ig = -1,                            ! Seed for the RNG                         
                                                                               
! P and V regulation                                                           
!barostat = 1,                      ! Berendsen barostat                       
!taup = 1,                          ! Pressure relaxation time                 
ntp = 0,                            ! constant V                               
ntb = 1,                            ! Periodic box for constant V              
                                                                               
! SHAKE variables                                                              
ntc = 2,                            ! Bonds involving H are constrained        
ntf = 2,                            ! Bond interaction involving H are ommited.
                                                                               
cut = 9.0,                          ! Nonbonded cutoff                         
/                                                                              
&end                                                                           


Note: ig = -1. Setting random seed to   517812 based on wallclock time in 
      microseconds.
| irandom = 1, using AMBER's internal random number generator (default).
 
|--------------------- INFORMATION ----------------------
| GPU (CUDA) Version of PMEMD in use: NVIDIA GPU IN USE.
|                    Version 18.0.0
| 
|                      03/25/2018
| 
| Implementation by:
|                    Ross C. Walker     (SDSC)
|                    Scott Le Grand     (nVIDIA)
| 
| Version 18 performance extensions by:
|                    David Cerutti     (Rutgers)
| 
| Precision model in use:
|      [SPFP] - Single Precision Forces, 64-bit Fixed Point
|               Accumulation. (Default)
| 
|--------------------------------------------------------
 
|----------------- CITATION INFORMATION -----------------
|
|    When publishing work that utilized the CUDA version
|    of AMBER, please cite the following in addition to
|    the regular AMBER citations:
|
|  - Romelia Salomon-Ferrer; Andreas W. Goetz; Duncan
|    Poole; Scott Le Grand; Ross C. Walker "Routine
|    microsecond molecular dynamics simulations with
|    AMBER - Part II: Particle Mesh Ewald", J. Chem.
|    Theory Comput., 2013, 9 (9), pp3878-3888,
|    DOI: 10.1021/ct400314y.
|
|  - Andreas W. Goetz; Mark J. Williamson; Dong Xu;
|    Duncan Poole; Scott Le Grand; Ross C. Walker
|    "Routine microsecond molecular dynamics simulations
|    with AMBER - Part I: Generalized Born", J. Chem.
|    Theory Comput., 2012, 8 (5), pp1542-1555.
|
|  - Scott Le Grand; Andreas W. Goetz; Ross C. Walker
|    "SPFP: Speed without compromise - a mixed precision
|    model for GPU accelerated molecular dynamics
|    simulations.", Comp. Phys. Comm., 2013, 184
|    pp374-380, DOI: 10.1016/j.cpc.2012.09.022
|
|--------------------------------------------------------
 
|------------------- GPU DEVICE INFO --------------------
|
|            CUDA_VISIBLE_DEVICES: 0
|   CUDA Capable Devices Detected:      1
|           CUDA Device ID in use:      0
|                CUDA Device Name: GeForce GTX 1080 Ti
|     CUDA Device Global Mem Size:  11178 MB
| CUDA Device Num Multiprocessors:     28
|           CUDA Device Core Freq:   1.72 GHz
|
|--------------------------------------------------------
 
 
| Conditional Compilation Defines Used:
| PUBFFT
| BINTRAJ
| CUDA
| EMIL

| Largest sphere to fit in unit cell has radius =    26.814

| New format PARM file being parsed.
| Version =    1.000 Date = 08/10/20 Time = 22:32:00

| Note: 1-4 EEL scale factors are being read from the topology file.

| Note: 1-4 VDW scale factors are being read from the topology file.
| Duplicated    0 dihedrals

| Duplicated    0 dihedrals

--------------------------------------------------------------------------------
   1.  RESOURCE   USE: 
--------------------------------------------------------------------------------

 getting new box info from bottom of inpcrd
 NATOM  =   28674 NTYPES =      19 NBONH =   20726 MBONA  =    7978
 NTHETH =    3446 MTHETA =    2124 NPHIH =    6994 MPHIA  =    6670
 NHPARM =       0 NPARM  =       0 NNB   =   61668 NRES   =    6592
 NBONA  =    7978 NTHETA =    2124 NPHIA =    6670 NUMBND =      73
 NUMANG =     172 NPTRA  =     191 NATYP =      38 NPHB   =       1
 IFBOX  =       2 NMXRS  =      24 IFCAP =       0 NEXTRA =    6402
 NCOPY  =       0


| Coordinate Index Table dimensions:    11   11   11
| Direct force subcell size =     5.9711    5.9711    5.9711

     BOX TYPE: TRUNCATED OCTAHEDRON

--------------------------------------------------------------------------------
   2.  CONTROL  DATA  FOR  THE  RUN
--------------------------------------------------------------------------------

default_name                                                                    

General flags:
     imin    =       0, nmropt  =       0

Nature and format of input:
     ntx     =       5, irest   =       1, ntrx    =       1

Nature and format of output:
     ntxo    =       1, ntpr    =   50000, ntrx    =       1, ntwr    =   50000
     iwrap   =       1, ntwx    =    5000, ntwv    =       0, ntwe    =       0
     ioutfm  =       1, ntwprt  =       0, idecomp =       0, rbornstat=      0

Potential function:
     ntf     =       2, ntb     =       1, igb     =       0, nsnb    =      25
     ipol    =       0, gbsa    =       0, iesp    =       0
     dielc   =   1.00000, cut     =   9.00000, intdiel =   1.00000

Frozen or restrained atoms:
     ibelly  =       0, ntr     =       0

Molecular dynamics:
     nstlim  =   2500000, nscm    =      1000, nrespa  =         1
     t       =   0.00000, dt      =   0.00200, vlimit  =  -1.00000

Langevin dynamics temperature regulation:
     ig      =  517812
     temp0   = 300.00000, tempi   = 300.00000, gamma_ln=   2.00000

SHAKE:
     ntc     =       2, jfastw  =       0
     tol     =   0.00001

| Intermolecular bonds treatment:
|     no_intermolecular_bonds =       1

| Energy averages sample interval:
|     ene_avg_sampling =   50000

Extra-points options:
     frameon =       1, chngmask=       1

Ewald parameters:
     verbose =       0, ew_type =       0, nbflag  =       1, use_pme =       1
     vdwmeth =       1, eedmeth =       1, netfrc  =       1
     Box X =   65.682   Box Y =   65.682   Box Z =   65.682
     Alpha =  109.471   Beta  =  109.471   Gamma =  109.471
     NFFT1 =   64       NFFT2 =   64       NFFT3 =   64
     Cutoff=    9.000   Tol   =0.100E-04
     Ewald Coefficient =  0.30768
     Interpolation order =    4
|      EXTRA_PTS, trim_bonds: num bonds BEFORE trim = 20726     0
|      EXTRA_PTS, trim_bonds: num bonds AFTER  trim = 20726     0
|      EXTRA_PTS, trim_bonds: num bonds BEFORE trim =  7978     0
|      EXTRA_PTS, trim_bonds: num bonds AFTER  trim =  1576     0
|      EXTRA_PTS, trim_theta: num angle BEFORE trim =  3446     0
|      EXTRA_PTS, trim_theta: num angle AFTER  trim =  3446     0
|      EXTRA_PTS, trim_theta: num angle BEFORE trim =  2124     0
|      EXTRA_PTS, trim_theta: num angle AFTER  trim =  2124     0
|      EXTRA_PTS, trim_phi:  num diheds BEFORE trim =  6994     0
|      EXTRA_PTS, trim_phi:  num diheds AFTER  trim =  6994     0
|      EXTRA_PTS, trim_phi:  num diheds BEFORE trim =  6670     0
|      EXTRA_PTS, trim_phi:  num diheds AFTER  trim =  6670     0

--------------------------------------------------------------------------------
   3.  ATOMIC COORDINATES AND VELOCITIES
--------------------------------------------------------------------------------

Cpptraj Generated Restart                                                       
 begin time read from input coords =     0.000 ps

 
 Number of triangulated 3-point waters found:     6402

     Sum of charges from parm topology file =   0.00003498
     Forcing neutrality...

| Dynamic Memory, Types Used:
| Reals              924184
| Integers          2094362

| Nonbonded Pairs Initial Allocation:     6537672

| GPU memory information (estimate):
| KB of GPU memory in use:         0
| KB of CPU memory in use:         0

--------------------------------------------------------------------------------
   4.  RESULTS
--------------------------------------------------------------------------------

wrapping first mol.:       21.89386       30.96260       53.62879
wrapping first mol.:       21.89386       30.96260       53.62879
wrapping first mol.:       21.89386       30.96260       53.62879
wrapping first mol.:       21.89386       30.96260       53.62879
wrapping first mol.:       21.89386       30.96260       53.62879
wrapping first mol.:       21.89386       30.96260       53.62879
wrapping first mol.:       21.89386       30.96260       53.62879
wrapping first mol.:       21.89386       30.96260       53.62879
wrapping first mol.:       21.89386       30.96260       53.62879
wrapping first mol.:       21.89386       30.96260       53.62879
wrapping first mol.:       21.89386       30.96260       53.62879

 NSTEP =    50000   TIME(PS) =     100.000  TEMP(K) =   298.27  PRESS =     0.0
 Etot   =    -71363.1348  EKtot   =     13659.4512  EPtot      =    -85022.5860
 BOND   =       568.0979  ANGLE   =      1574.9815  DIHED      =      1075.1073
 UB     =         0.0000  IMP     =         0.0000  CMAP       =       142.2753
 1-4 NB =       683.3727  1-4 EEL =      9074.7180  VDWAALS    =      9050.3439
 EELEC  =   -107191.4824  EHBOND  =         0.0000  RESTRAINT  =         0.0000
 ------------------------------------------------------------------------------

wrapping first mol.:       21.89386       30.96260       53.62879
wrapping first mol.:       21.89386       30.96260       53.62879
wrapping first mol.:       21.89386       30.96260       53.62879
wrapping first mol.:       21.89386       30.96260       53.62879
wrapping first mol.:       21.89386       30.96260       53.62879
wrapping first mol.:       21.89386       30.96260       53.62879
wrapping first mol.:       21.89386       30.96260       53.62879
wrapping first mol.:       21.89386       30.96260       53.62879
wrapping first mol.:       21.89386       30.96260       53.62879
wrapping first mol.:       21.89386       30.96260       53.62879
wrapping first mol.:       21.89386       30.96260       53.62879

 NSTEP =   100000   TIME(PS) =     200.000  TEMP(K) =   300.13  PRESS =     0.0
 Etot   =    -71368.4657  EKtot   =     13744.5791  EPtot      =    -85113.0448
 BOND   =       587.7559  ANGLE   =      1571.8086  DIHED      =      1065.0034
 UB     =         0.0000  IMP     =         0.0000  CMAP       =       141.6202
 1-4 NB =       689.7615  1-4 EEL =      9081.9315  VDWAALS    =      9357.4947
 EELEC  =   -107608.4207  EHBOND  =         0.0000  RESTRAINT  =         0.0000
 ------------------------------------------------------------------------------

wrapping first mol.:       21.89386       30.96260       53.62879
wrapping first mol.:       21.89386       30.96260       53.62879
wrapping first mol.:       21.89386       30.96260       53.62879
wrapping first mol.:       21.89386       30.96260       53.62879
wrapping first mol.:       21.89386       30.96260       53.62879
wrapping first mol.:       21.89386       30.96260       53.62879
wrapping first mol.:       21.89386       30.96260       53.62879
wrapping first mol.:       21.89386       30.96260       53.62879
wrapping first mol.:       21.89386       30.96260       53.62879
wrapping first mol.:       21.89386       30.96260       53.62879
wrapping first mol.:       21.89386       30.96260       53.62879

 NSTEP =   150000   TIME(PS) =     300.000  TEMP(K) =   302.63  PRESS =     0.0
 Etot   =    -71047.5738  EKtot   =     13858.7510  EPtot      =    -84906.3247
 BOND   =       591.8737  ANGLE   =      1566.2240  DIHED      =      1064.7877
 UB     =         0.0000  IMP     =         0.0000  CMAP       =       137.3685
 1-4 NB =       668.4276  1-4 EEL =      9119.2073  VDWAALS    =      9169.9423
 EELEC  =   -107224.1559  EHBOND  =         0.0000  RESTRAINT  =         0.0000
 ------------------------------------------------------------------------------

wrapping first mol.:       21.89386       30.96260       53.62879
wrapping first mol.:       21.89386       30.96260       53.62879
wrapping first mol.:       21.89386       30.96260       53.62879
wrapping first mol.:       21.89386       30.96260       53.62879
wrapping first mol.:       21.89386       30.96260       53.62879
wrapping first mol.:       21.89386       30.96260       53.62879
wrapping first mol.:       21.89386       30.96260       53.62879
wrapping first mol.:       21.89386       30.96260       53.62879
wrapping first mol.:       21.89386       30.96260       53.62879
wrapping first mol.:       21.89386       30.96260       53.62879
wrapping first mol.:       21.89386       30.96260       53.62879

 NSTEP =   200000   TIME(PS) =     400.000  TEMP(K) =   296.62  PRESS =     0.0
 Etot   =    -71450.3323  EKtot   =     13583.5283  EPtot      =    -85033.8606
 BOND   =       566.0328  ANGLE   =      1611.7072  DIHED      =      1066.0060
 UB     =         0.0000  IMP     =         0.0000  CMAP       =       137.9109
 1-4 NB =       694.1919  1-4 EEL =      9084.9646  VDWAALS    =      9468.8970
 EELEC  =   -107663.5710  EHBOND  =         0.0000  RESTRAINT  =         0.0000
 ------------------------------------------------------------------------------

wrapping first mol.:       21.89386       30.96260       53.62879
wrapping first mol.:       21.89386       30.96260       53.62879
wrapping first mol.:       21.89386       30.96260       53.62879
wrapping first mol.:       21.89386       30.96260       53.62879
wrapping first mol.:       21.89386       30.96260       53.62879
wrapping first mol.:       21.89386       30.96260       53.62879
wrapping first mol.:       21.89386       30.96260       53.62879
wrapping first mol.:       21.89386       30.96260       53.62879
wrapping first mol.:       21.89386       30.96260       53.62879
wrapping first mol.:       21.89386       30.96260       53.62879
wrapping first mol.:       21.89386       30.96260       53.62879

 NSTEP =   250000   TIME(PS) =     500.000  TEMP(K) =   300.51  PRESS =     0.0
 Etot   =    -71267.8681  EKtot   =     13761.9629  EPtot      =    -85029.8310
 BOND   =       604.0731  ANGLE   =      1512.0006  DIHED      =      1037.3435
 UB     =         0.0000  IMP     =         0.0000  CMAP       =       142.3244
 1-4 NB =       704.3794  1-4 EEL =      9091.6135  VDWAALS    =      9473.8762
 EELEC  =   -107595.4417  EHBOND  =         0.0000  RESTRAINT  =         0.0000
 ------------------------------------------------------------------------------

wrapping first mol.:       21.89386       30.96260       53.62879
wrapping first mol.:       21.89386       30.96260       53.62879
wrapping first mol.:       21.89386       30.96260       53.62879
wrapping first mol.:       21.89386       30.96260       53.62879
wrapping first mol.:       21.89386       30.96260       53.62879
wrapping first mol.:       21.89386       30.96260       53.62879
wrapping first mol.:       21.89386       30.96260       53.62879
wrapping first mol.:       21.89386       30.96260       53.62879
wrapping first mol.:       21.89386       30.96260       53.62879
wrapping first mol.:       21.89386       30.96260       53.62879
wrapping first mol.:       21.89386       30.96260       53.62879

 NSTEP =   300000   TIME(PS) =     600.000  TEMP(K) =   300.36  PRESS =     0.0
 Etot   =    -71406.6709  EKtot   =     13755.1113  EPtot      =    -85161.7822
 BOND   =       571.4401  ANGLE   =      1546.6796  DIHED      =      1063.4818
 UB     =         0.0000  IMP     =         0.0000  CMAP       =       144.6420
 1-4 NB =       689.7722  1-4 EEL =      9115.2926  VDWAALS    =      9505.2796
 EELEC  =   -107798.3700  EHBOND  =         0.0000  RESTRAINT  =         0.0000
 ------------------------------------------------------------------------------

wrapping first mol.:       21.89386       30.96260       53.62879
wrapping first mol.:       21.89386       30.96260       53.62879
wrapping first mol.:       21.89386       30.96260       53.62879
wrapping first mol.:       21.89386       30.96260       53.62879
wrapping first mol.:       21.89386       30.96260       53.62879
wrapping first mol.:       21.89386       30.96260       53.62879
wrapping first mol.:       21.89386       30.96260       53.62879
wrapping first mol.:       21.89386       30.96260       53.62879
wrapping first mol.:       21.89386       30.96260       53.62879
wrapping first mol.:       21.89386       30.96260       53.62879
wrapping first mol.:       21.89386       30.96260       53.62879

 NSTEP =   350000   TIME(PS) =     700.000  TEMP(K) =   297.00  PRESS =     0.0
 Etot   =    -71585.8471  EKtot   =     13601.1855  EPtot      =    -85187.0326
 BOND   =       562.0828  ANGLE   =      1570.2530  DIHED      =      1069.7152
 UB     =         0.0000  IMP     =         0.0000  CMAP       =       137.7553
 1-4 NB =       691.5265  1-4 EEL =      9132.2227  VDWAALS    =      9527.3812
 EELEC  =   -107877.9692  EHBOND  =         0.0000  RESTRAINT  =         0.0000
 ------------------------------------------------------------------------------

wrapping first mol.:       21.89386       30.96260       53.62879
wrapping first mol.:       21.89386       30.96260       53.62879
wrapping first mol.:       21.89386       30.96260       53.62879
wrapping first mol.:       21.89386       30.96260       53.62879
wrapping first mol.:       21.89386       30.96260       53.62879
wrapping first mol.:       21.89386       30.96260       53.62879
wrapping first mol.:       21.89386       30.96260       53.62879
wrapping first mol.:       21.89386       30.96260       53.62879
wrapping first mol.:       21.89386       30.96260       53.62879
wrapping first mol.:       21.89386       30.96260       53.62879
wrapping first mol.:       21.89386       30.96260       53.62879

 NSTEP =   400000   TIME(PS) =     800.000  TEMP(K) =   301.06  PRESS =     0.0
 Etot   =    -71360.5215  EKtot   =     13787.1875  EPtot      =    -85147.7090
 BOND   =       577.2696  ANGLE   =      1510.3991  DIHED      =      1055.2560
 UB     =         0.0000  IMP     =         0.0000  CMAP       =       133.0831
 1-4 NB =       693.5041  1-4 EEL =      9142.9756  VDWAALS    =      9103.7165
 EELEC  =   -107363.9129  EHBOND  =         0.0000  RESTRAINT  =         0.0000
 ------------------------------------------------------------------------------

wrapping first mol.:       21.89386       30.96260       53.62879
wrapping first mol.:       21.89386       30.96260       53.62879
wrapping first mol.:       21.89386       30.96260       53.62879
wrapping first mol.:       21.89386       30.96260       53.62879
wrapping first mol.:       21.89386       30.96260       53.62879
wrapping first mol.:       21.89386       30.96260       53.62879
wrapping first mol.:       21.89386       30.96260       53.62879
wrapping first mol.:       21.89386       30.96260       53.62879
wrapping first mol.:       21.89386       30.96260       53.62879
wrapping first mol.:       21.89386       30.96260       53.62879
wrapping first mol.:       21.89386       30.96260       53.62879

 NSTEP =   450000   TIME(PS) =     900.000  TEMP(K) =   299.96  PRESS =     0.0
 Etot   =    -71272.7571  EKtot   =     13736.6104  EPtot      =    -85009.3674
 BOND   =       573.5924  ANGLE   =      1578.0941  DIHED      =      1050.2679
 UB     =         0.0000  IMP     =         0.0000  CMAP       =       149.5541
 1-4 NB =       701.9166  1-4 EEL =      9064.0680  VDWAALS    =      9234.8142
 EELEC  =   -107361.6748  EHBOND  =         0.0000  RESTRAINT  =         0.0000
 ------------------------------------------------------------------------------

wrapping first mol.:       21.89386       30.96260       53.62879
wrapping first mol.:       21.89386       30.96260       53.62879
wrapping first mol.:       21.89386       30.96260       53.62879
wrapping first mol.:       21.89386       30.96260       53.62879
wrapping first mol.:       21.89386       30.96260       53.62879
wrapping first mol.:       21.89386       30.96260       53.62879
wrapping first mol.:       21.89386       30.96260       53.62879
wrapping first mol.:       21.89386       30.96260       53.62879
wrapping first mol.:       21.89386       30.96260       53.62879
wrapping first mol.:       21.89386       30.96260       53.62879
wrapping first mol.:       21.89386       30.96260       53.62879

 NSTEP =   500000   TIME(PS) =    1000.000  TEMP(K) =   303.71  PRESS =     0.0
 Etot   =    -71345.3223  EKtot   =     13908.5059  EPtot      =    -85253.8281
 BOND   =       575.2890  ANGLE   =      1580.0451  DIHED      =      1035.9988
 UB     =         0.0000  IMP     =         0.0000  CMAP       =       147.6005
 1-4 NB =       686.6272  1-4 EEL =      9135.2387  VDWAALS    =      9202.1945
 EELEC  =   -107616.8220  EHBOND  =         0.0000  RESTRAINT  =         0.0000
 ------------------------------------------------------------------------------

wrapping first mol.:       21.89386       30.96260       53.62879
wrapping first mol.:       21.89386       30.96260       53.62879
wrapping first mol.:       21.89386       30.96260       53.62879
wrapping first mol.:       21.89386       30.96260       53.62879
wrapping first mol.:       21.89386       30.96260       53.62879
wrapping first mol.:       21.89386       30.96260       53.62879
wrapping first mol.:       21.89386       30.96260       53.62879
wrapping first mol.:       21.89386       30.96260       53.62879
wrapping first mol.:       21.89386       30.96260       53.62879
wrapping first mol.:       21.89386       30.96260       53.62879
wrapping first mol.:       21.89386       30.96260       53.62879

 NSTEP =   550000   TIME(PS) =    1100.000  TEMP(K) =   298.61  PRESS =     0.0
 Etot   =    -71496.4920  EKtot   =     13674.8721  EPtot      =    -85171.3640
 BOND   =       562.8446  ANGLE   =      1573.4566  DIHED      =      1052.1358
 UB     =         0.0000  IMP     =         0.0000  CMAP       =       157.4902
 1-4 NB =       694.0825  1-4 EEL =      9052.8633  VDWAALS    =      9391.8304
 EELEC  =   -107656.0674  EHBOND  =         0.0000  RESTRAINT  =         0.0000
 ------------------------------------------------------------------------------

wrapping first mol.:       21.89386       30.96260       53.62879
wrapping first mol.:       21.89386       30.96260       53.62879
wrapping first mol.:       21.89386       30.96260       53.62879
wrapping first mol.:       21.89386       30.96260       53.62879
wrapping first mol.:       21.89386       30.96260       53.62879
wrapping first mol.:       21.89386       30.96260       53.62879
wrapping first mol.:       21.89386       30.96260       53.62879
wrapping first mol.:       21.89386       30.96260       53.62879
wrapping first mol.:       21.89386       30.96260       53.62879
wrapping first mol.:       21.89386       30.96260       53.62879
wrapping first mol.:       21.89386       30.96260       53.62879

 NSTEP =   600000   TIME(PS) =    1200.000  TEMP(K) =   298.61  PRESS =     0.0
 Etot   =    -71429.7829  EKtot   =     13674.9355  EPtot      =    -85104.7184
 BOND   =       573.5322  ANGLE   =      1550.5151  DIHED      =      1046.1357
 UB     =         0.0000  IMP     =         0.0000  CMAP       =       132.6313
 1-4 NB =       686.4202  1-4 EEL =      9123.7281  VDWAALS    =      9277.9316
 EELEC  =   -107495.6126  EHBOND  =         0.0000  RESTRAINT  =         0.0000
 ------------------------------------------------------------------------------

wrapping first mol.:       21.89386       30.96260       53.62879
wrapping first mol.:       21.89386       30.96260       53.62879
wrapping first mol.:       21.89386       30.96260       53.62879
wrapping first mol.:       21.89386       30.96260       53.62879
wrapping first mol.:       21.89386       30.96260       53.62879
wrapping first mol.:       21.89386       30.96260       53.62879
wrapping first mol.:       21.89386       30.96260       53.62879
wrapping first mol.:       21.89386       30.96260       53.62879
wrapping first mol.:       21.89386       30.96260       53.62879
wrapping first mol.:       21.89386       30.96260       53.62879
wrapping first mol.:       21.89386       30.96260       53.62879

 NSTEP =   650000   TIME(PS) =    1300.000  TEMP(K) =   300.43  PRESS =     0.0
 Etot   =    -71451.0369  EKtot   =     13757.9180  EPtot      =    -85208.9548
 BOND   =       592.4594  ANGLE   =      1579.4757  DIHED      =      1043.4621
 UB     =         0.0000  IMP     =         0.0000  CMAP       =       145.2726
 1-4 NB =       691.7961  1-4 EEL =      9130.5839  VDWAALS    =      9492.9985
 EELEC  =   -107885.0031  EHBOND  =         0.0000  RESTRAINT  =         0.0000
 ------------------------------------------------------------------------------

wrapping first mol.:       21.89386       30.96260       53.62879
wrapping first mol.:       21.89386       30.96260       53.62879
wrapping first mol.:       21.89386       30.96260       53.62879
wrapping first mol.:       21.89386       30.96260       53.62879
wrapping first mol.:       21.89386       30.96260       53.62879
wrapping first mol.:       21.89386       30.96260       53.62879
wrapping first mol.:       21.89386       30.96260       53.62879
wrapping first mol.:       21.89386       30.96260       53.62879
wrapping first mol.:       21.89386       30.96260       53.62879
wrapping first mol.:       21.89386       30.96260       53.62879
wrapping first mol.:       21.89386       30.96260       53.62879

 NSTEP =   700000   TIME(PS) =    1400.000  TEMP(K) =   298.46  PRESS =     0.0
 Etot   =    -71235.5242  EKtot   =     13667.8369  EPtot      =    -84903.3611
 BOND   =       600.4723  ANGLE   =      1530.2934  DIHED      =      1052.2344
 UB     =         0.0000  IMP     =         0.0000  CMAP       =       142.5096
 1-4 NB =       690.1329  1-4 EEL =      9136.0511  VDWAALS    =      9166.8173
 EELEC  =   -107221.8722  EHBOND  =         0.0000  RESTRAINT  =         0.0000
 ------------------------------------------------------------------------------

wrapping first mol.:       21.89386       30.96260       53.62879
wrapping first mol.:       21.89386       30.96260       53.62879
wrapping first mol.:       21.89386       30.96260       53.62879
wrapping first mol.:       21.89386       30.96260       53.62879
wrapping first mol.:       21.89386       30.96260       53.62879
wrapping first mol.:       21.89386       30.96260       53.62879
wrapping first mol.:       21.89386       30.96260       53.62879
wrapping first mol.:       21.89386       30.96260       53.62879
wrapping first mol.:       21.89386       30.96260       53.62879
wrapping first mol.:       21.89386       30.96260       53.62879
wrapping first mol.:       21.89386       30.96260       53.62879

 NSTEP =   750000   TIME(PS) =    1500.000  TEMP(K) =   298.88  PRESS =     0.0
 Etot   =    -71338.6845  EKtot   =     13687.0693  EPtot      =    -85025.7538
 BOND   =       593.8375  ANGLE   =      1630.8607  DIHED      =      1070.9788
 UB     =         0.0000  IMP     =         0.0000  CMAP       =       143.3183
 1-4 NB =       679.8675  1-4 EEL =      9077.4407  VDWAALS    =      9181.1941
 EELEC  =   -107403.2513  EHBOND  =         0.0000  RESTRAINT  =         0.0000
 ------------------------------------------------------------------------------

wrapping first mol.:       21.89386       30.96260       53.62879
wrapping first mol.:       21.89386       30.96260       53.62879
wrapping first mol.:       21.89386       30.96260       53.62879
wrapping first mol.:       21.89386       30.96260       53.62879
wrapping first mol.:       21.89386       30.96260       53.62879
wrapping first mol.:       21.89386       30.96260       53.62879
wrapping first mol.:       21.89386       30.96260       53.62879
wrapping first mol.:       21.89386       30.96260       53.62879
wrapping first mol.:       21.89386       30.96260       53.62879
wrapping first mol.:       21.89386       30.96260       53.62879
wrapping first mol.:       21.89386       30.96260       53.62879

 NSTEP =   800000   TIME(PS) =    1600.000  TEMP(K) =   300.38  PRESS =     0.0
 Etot   =    -71211.3080  EKtot   =     13756.0127  EPtot      =    -84967.3207
 BOND   =       603.2056  ANGLE   =      1558.7745  DIHED      =      1050.2871
 UB     =         0.0000  IMP     =         0.0000  CMAP       =       136.0950
 1-4 NB =       678.2608  1-4 EEL =      9138.8834  VDWAALS    =      9545.9302
 EELEC  =   -107678.7571  EHBOND  =         0.0000  RESTRAINT  =         0.0000
 ------------------------------------------------------------------------------

wrapping first mol.:       21.89386       30.96260       53.62879
wrapping first mol.:       21.89386       30.96260       53.62879
wrapping first mol.:       21.89386       30.96260       53.62879
wrapping first mol.:       21.89386       30.96260       53.62879
wrapping first mol.:       21.89386       30.96260       53.62879
wrapping first mol.:       21.89386       30.96260       53.62879
wrapping first mol.:       21.89386       30.96260       53.62879
wrapping first mol.:       21.89386       30.96260       53.62879
wrapping first mol.:       21.89386       30.96260       53.62879
wrapping first mol.:       21.89386       30.96260       53.62879
wrapping first mol.:       21.89386       30.96260       53.62879

 NSTEP =   850000   TIME(PS) =    1700.000  TEMP(K) =   296.68  PRESS =     0.0
 Etot   =    -71504.3341  EKtot   =     13586.4395  EPtot      =    -85090.7736
 BOND   =       546.4311  ANGLE   =      1591.4130  DIHED      =      1060.4630
 UB     =         0.0000  IMP     =         0.0000  CMAP       =       146.4365
 1-4 NB =       675.0524  1-4 EEL =      9105.8372  VDWAALS    =      9492.2114
 EELEC  =   -107708.6181  EHBOND  =         0.0000  RESTRAINT  =         0.0000
 ------------------------------------------------------------------------------

wrapping first mol.:       21.89386       30.96260       53.62879
wrapping first mol.:       21.89386       30.96260       53.62879
wrapping first mol.:       21.89386       30.96260       53.62879
wrapping first mol.:       21.89386       30.96260       53.62879
wrapping first mol.:       21.89386       30.96260       53.62879
wrapping first mol.:       21.89386       30.96260       53.62879
wrapping first mol.:       21.89386       30.96260       53.62879
wrapping first mol.:       21.89386       30.96260       53.62879
wrapping first mol.:       21.89386       30.96260       53.62879
wrapping first mol.:       21.89386       30.96260       53.62879
wrapping first mol.:       21.89386       30.96260       53.62879

 NSTEP =   900000   TIME(PS) =    1800.000  TEMP(K) =   297.20  PRESS =     0.0
 Etot   =    -71472.6983  EKtot   =     13610.4082  EPtot      =    -85083.1065
 BOND   =       578.2671  ANGLE   =      1531.1704  DIHED      =      1076.3759
 UB     =         0.0000  IMP     =         0.0000  CMAP       =       149.0777
 1-4 NB =       709.1758  1-4 EEL =      9202.6456  VDWAALS    =      9432.3135
 EELEC  =   -107762.1327  EHBOND  =         0.0000  RESTRAINT  =         0.0000
 ------------------------------------------------------------------------------

wrapping first mol.:       21.89386       30.96260       53.62879
wrapping first mol.:       21.89386       30.96260       53.62879
wrapping first mol.:       21.89386       30.96260       53.62879
wrapping first mol.:       21.89386       30.96260       53.62879
wrapping first mol.:       21.89386       30.96260       53.62879
wrapping first mol.:       21.89386       30.96260       53.62879
wrapping first mol.:       21.89386       30.96260       53.62879
wrapping first mol.:       21.89386       30.96260       53.62879
wrapping first mol.:       21.89386       30.96260       53.62879
wrapping first mol.:       21.89386       30.96260       53.62879
wrapping first mol.:       21.89386       30.96260       53.62879

 NSTEP =   950000   TIME(PS) =    1900.000  TEMP(K) =   301.46  PRESS =     0.0
 Etot   =    -71334.5160  EKtot   =     13805.1484  EPtot      =    -85139.6645
 BOND   =       578.6200  ANGLE   =      1598.3667  DIHED      =      1068.1598
 UB     =         0.0000  IMP     =         0.0000  CMAP       =       139.9036
 1-4 NB =       675.7674  1-4 EEL =      9164.9983  VDWAALS    =      9238.9928
 EELEC  =   -107604.4732  EHBOND  =         0.0000  RESTRAINT  =         0.0000
 ------------------------------------------------------------------------------

wrapping first mol.:       21.89386       30.96260       53.62879
wrapping first mol.:       21.89386       30.96260       53.62879
wrapping first mol.:       21.89386       30.96260       53.62879
wrapping first mol.:       21.89386       30.96260       53.62879
wrapping first mol.:       21.89386       30.96260       53.62879
wrapping first mol.:       21.89386       30.96260       53.62879
wrapping first mol.:       21.89386       30.96260       53.62879
wrapping first mol.:       21.89386       30.96260       53.62879
wrapping first mol.:       21.89386       30.96260       53.62879
wrapping first mol.:       21.89386       30.96260       53.62879
wrapping first mol.:       21.89386       30.96260       53.62879

 NSTEP =  1000000   TIME(PS) =    2000.000  TEMP(K) =   300.69  PRESS =     0.0
 Etot   =    -71464.1688  EKtot   =     13770.0625  EPtot      =    -85234.2313
 BOND   =       567.9514  ANGLE   =      1591.3065  DIHED      =      1073.1429
 UB     =         0.0000  IMP     =         0.0000  CMAP       =       147.6573
 1-4 NB =       683.4449  1-4 EEL =      9123.1130  VDWAALS    =      9467.7256
 EELEC  =   -107888.5729  EHBOND  =         0.0000  RESTRAINT  =         0.0000
 ------------------------------------------------------------------------------

wrapping first mol.:       21.89386       30.96260       53.62879
wrapping first mol.:       21.89386       30.96260       53.62879
wrapping first mol.:       21.89386       30.96260       53.62879
wrapping first mol.:       21.89386       30.96260       53.62879
wrapping first mol.:       21.89386       30.96260       53.62879
wrapping first mol.:       21.89386       30.96260       53.62879
wrapping first mol.:       21.89386       30.96260       53.62879
wrapping first mol.:       21.89386       30.96260       53.62879
wrapping first mol.:       21.89386       30.96260       53.62879
wrapping first mol.:       21.89386       30.96260       53.62879
wrapping first mol.:       21.89386       30.96260       53.62879

 NSTEP =  1050000   TIME(PS) =    2100.000  TEMP(K) =   303.45  PRESS =     0.0
 Etot   =    -71182.3851  EKtot   =     13896.2178  EPtot      =    -85078.6029
 BOND   =       605.0928  ANGLE   =      1591.5218  DIHED      =      1062.2345
 UB     =         0.0000  IMP     =         0.0000  CMAP       =       137.8709
 1-4 NB =       662.9916  1-4 EEL =      9105.7605  VDWAALS    =      9373.6318
 EELEC  =   -107617.7067  EHBOND  =         0.0000  RESTRAINT  =         0.0000
 ------------------------------------------------------------------------------

wrapping first mol.:       21.89386       30.96260       53.62879
wrapping first mol.:       21.89386       30.96260       53.62879
wrapping first mol.:       21.89386       30.96260       53.62879
wrapping first mol.:       21.89386       30.96260       53.62879
wrapping first mol.:       21.89386       30.96260       53.62879
wrapping first mol.:       21.89386       30.96260       53.62879
wrapping first mol.:       21.89386       30.96260       53.62879
wrapping first mol.:       21.89386       30.96260       53.62879
wrapping first mol.:       21.89386       30.96260       53.62879
wrapping first mol.:       21.89386       30.96260       53.62879
wrapping first mol.:       21.89386       30.96260       53.62879

 NSTEP =  1100000   TIME(PS) =    2200.000  TEMP(K) =   295.18  PRESS =     0.0
 Etot   =    -71391.2095  EKtot   =     13517.6533  EPtot      =    -84908.8629
 BOND   =       589.6299  ANGLE   =      1500.5721  DIHED      =      1082.8968
 UB     =         0.0000  IMP     =         0.0000  CMAP       =       143.7186
 1-4 NB =       693.3722  1-4 EEL =      9160.7456  VDWAALS    =      9228.8970
 EELEC  =   -107308.6951  EHBOND  =         0.0000  RESTRAINT  =         0.0000
 ------------------------------------------------------------------------------

wrapping first mol.:       21.89386       30.96260       53.62879
wrapping first mol.:       21.89386       30.96260       53.62879
wrapping first mol.:       21.89386       30.96260       53.62879
wrapping first mol.:       21.89386       30.96260       53.62879
wrapping first mol.:       21.89386       30.96260       53.62879
wrapping first mol.:       21.89386       30.96260       53.62879
wrapping first mol.:       21.89386       30.96260       53.62879
wrapping first mol.:       21.89386       30.96260       53.62879
wrapping first mol.:       21.89386       30.96260       53.62879
wrapping first mol.:       21.89386       30.96260       53.62879
wrapping first mol.:       21.89386       30.96260       53.62879

 NSTEP =  1150000   TIME(PS) =    2300.000  TEMP(K) =   303.89  PRESS =     0.0
 Etot   =    -71105.5424  EKtot   =     13916.6299  EPtot      =    -85022.1722
 BOND   =       576.9993  ANGLE   =      1543.4710  DIHED      =      1076.8923
 UB     =         0.0000  IMP     =         0.0000  CMAP       =       135.8356
 1-4 NB =       696.8872  1-4 EEL =      9110.2243  VDWAALS    =      9289.8490
 EELEC  =   -107452.3310  EHBOND  =         0.0000  RESTRAINT  =         0.0000
 ------------------------------------------------------------------------------

wrapping first mol.:       21.89386       30.96260       53.62879
wrapping first mol.:       21.89386       30.96260       53.62879
wrapping first mol.:       21.89386       30.96260       53.62879
wrapping first mol.:       21.89386       30.96260       53.62879
wrapping first mol.:       21.89386       30.96260       53.62879
wrapping first mol.:       21.89386       30.96260       53.62879
wrapping first mol.:       21.89386       30.96260       53.62879
wrapping first mol.:       21.89386       30.96260       53.62879
wrapping first mol.:       21.89386       30.96260       53.62879
wrapping first mol.:       21.89386       30.96260       53.62879
wrapping first mol.:       21.89386       30.96260       53.62879

 NSTEP =  1200000   TIME(PS) =    2400.000  TEMP(K) =   301.43  PRESS =     0.0
 Etot   =    -71090.5846  EKtot   =     13803.7549  EPtot      =    -84894.3395
 BOND   =       561.5306  ANGLE   =      1575.2734  DIHED      =      1065.3649
 UB     =         0.0000  IMP     =         0.0000  CMAP       =       137.0398
 1-4 NB =       692.7561  1-4 EEL =      9109.7142  VDWAALS    =      9353.7575
 EELEC  =   -107389.7761  EHBOND  =         0.0000  RESTRAINT  =         0.0000
 ------------------------------------------------------------------------------

wrapping first mol.:       21.89386       30.96260       53.62879
wrapping first mol.:       21.89386       30.96260       53.62879
wrapping first mol.:       21.89386       30.96260       53.62879
wrapping first mol.:       21.89386       30.96260       53.62879
wrapping first mol.:       21.89386       30.96260       53.62879
wrapping first mol.:       21.89386       30.96260       53.62879
wrapping first mol.:       21.89386       30.96260       53.62879
wrapping first mol.:       21.89386       30.96260       53.62879
wrapping first mol.:       21.89386       30.96260       53.62879
wrapping first mol.:       21.89386       30.96260       53.62879
wrapping first mol.:       21.89386       30.96260       53.62879

 NSTEP =  1250000   TIME(PS) =    2500.000  TEMP(K) =   299.62  PRESS =     0.0
 Etot   =    -71361.3288  EKtot   =     13721.0391  EPtot      =    -85082.3678
 BOND   =       557.7167  ANGLE   =      1549.0592  DIHED      =      1037.4554
 UB     =         0.0000  IMP     =         0.0000  CMAP       =       149.3179
 1-4 NB =       699.2048  1-4 EEL =      9150.2095  VDWAALS    =      9407.9159
 EELEC  =   -107633.2472  EHBOND  =         0.0000  RESTRAINT  =         0.0000
 ------------------------------------------------------------------------------

wrapping first mol.:       21.89386       30.96260       53.62879
wrapping first mol.:       21.89386       30.96260       53.62879
wrapping first mol.:       21.89386       30.96260       53.62879
wrapping first mol.:       21.89386       30.96260       53.62879
wrapping first mol.:       21.89386       30.96260       53.62879
wrapping first mol.:       21.89386       30.96260       53.62879
wrapping first mol.:       21.89386       30.96260       53.62879
wrapping first mol.:       21.89386       30.96260       53.62879
wrapping first mol.:       21.89386       30.96260       53.62879
wrapping first mol.:       21.89386       30.96260       53.62879
wrapping first mol.:       21.89386       30.96260       53.62879

 NSTEP =  1300000   TIME(PS) =    2600.000  TEMP(K) =   299.11  PRESS =     0.0
 Etot   =    -71237.0783  EKtot   =     13697.8848  EPtot      =    -84934.9630
 BOND   =       589.8000  ANGLE   =      1607.3113  DIHED      =      1076.0577
 UB     =         0.0000  IMP     =         0.0000  CMAP       =       148.5721
 1-4 NB =       692.4536  1-4 EEL =      9168.6172  VDWAALS    =      9054.1574
 EELEC  =   -107271.9322  EHBOND  =         0.0000  RESTRAINT  =         0.0000
 ------------------------------------------------------------------------------

wrapping first mol.:       21.89386       30.96260       53.62879
wrapping first mol.:       21.89386       30.96260       53.62879
wrapping first mol.:       21.89386       30.96260       53.62879
wrapping first mol.:       21.89386       30.96260       53.62879
wrapping first mol.:       21.89386       30.96260       53.62879
wrapping first mol.:       21.89386       30.96260       53.62879
wrapping first mol.:       21.89386       30.96260       53.62879
wrapping first mol.:       21.89386       30.96260       53.62879
wrapping first mol.:       21.89386       30.96260       53.62879
wrapping first mol.:       21.89386       30.96260       53.62879
wrapping first mol.:       21.89386       30.96260       53.62879

 NSTEP =  1350000   TIME(PS) =    2700.000  TEMP(K) =   300.87  PRESS =     0.0
 Etot   =    -71374.8775  EKtot   =     13778.1562  EPtot      =    -85153.0338
 BOND   =       550.0528  ANGLE   =      1551.0269  DIHED      =      1061.3200
 UB     =         0.0000  IMP     =         0.0000  CMAP       =       145.0888
 1-4 NB =       693.9705  1-4 EEL =      9190.8520  VDWAALS    =      9606.9367
 EELEC  =   -107952.2815  EHBOND  =         0.0000  RESTRAINT  =         0.0000
 ------------------------------------------------------------------------------

wrapping first mol.:       21.89386       30.96260       53.62879
wrapping first mol.:       21.89386       30.96260       53.62879
wrapping first mol.:       21.89386       30.96260       53.62879
wrapping first mol.:       21.89386       30.96260       53.62879
wrapping first mol.:       21.89386       30.96260       53.62879
wrapping first mol.:       21.89386       30.96260       53.62879
wrapping first mol.:       21.89386       30.96260       53.62879
wrapping first mol.:       21.89386       30.96260       53.62879
wrapping first mol.:       21.89386       30.96260       53.62879
wrapping first mol.:       21.89386       30.96260       53.62879
wrapping first mol.:       21.89386       30.96260       53.62879

 NSTEP =  1400000   TIME(PS) =    2800.000  TEMP(K) =   298.59  PRESS =     0.0
 Etot   =    -71261.9506  EKtot   =     13674.0996  EPtot      =    -84936.0503
 BOND   =       574.3772  ANGLE   =      1555.8571  DIHED      =      1105.9600
 UB     =         0.0000  IMP     =         0.0000  CMAP       =       147.5130
 1-4 NB =       687.1837  1-4 EEL =      9140.1320  VDWAALS    =      9168.7656
 EELEC  =   -107315.8388  EHBOND  =         0.0000  RESTRAINT  =         0.0000
 ------------------------------------------------------------------------------

wrapping first mol.:       21.89386       30.96260       53.62879
wrapping first mol.:       21.89386       30.96260       53.62879
wrapping first mol.:       21.89386       30.96260       53.62879
wrapping first mol.:       21.89386       30.96260       53.62879
wrapping first mol.:       21.89386       30.96260       53.62879
wrapping first mol.:       21.89386       30.96260       53.62879
wrapping first mol.:       21.89386       30.96260       53.62879
wrapping first mol.:       21.89386       30.96260       53.62879
wrapping first mol.:       21.89386       30.96260       53.62879
wrapping first mol.:       21.89386       30.96260       53.62879
wrapping first mol.:       21.89386       30.96260       53.62879

 NSTEP =  1450000   TIME(PS) =    2900.000  TEMP(K) =   297.57  PRESS =     0.0
 Etot   =    -71422.1933  EKtot   =     13627.0283  EPtot      =    -85049.2217
 BOND   =       590.1027  ANGLE   =      1569.4115  DIHED      =      1057.8309
 UB     =         0.0000  IMP     =         0.0000  CMAP       =       144.5064
 1-4 NB =       675.0287  1-4 EEL =      9089.3637  VDWAALS    =      9274.0396
 EELEC  =   -107449.5052  EHBOND  =         0.0000  RESTRAINT  =         0.0000
 ------------------------------------------------------------------------------

wrapping first mol.:       21.89386       30.96260       53.62879
wrapping first mol.:       21.89386       30.96260       53.62879
wrapping first mol.:       21.89386       30.96260       53.62879
wrapping first mol.:       21.89386       30.96260       53.62879
wrapping first mol.:       21.89386       30.96260       53.62879
wrapping first mol.:       21.89386       30.96260       53.62879
wrapping first mol.:       21.89386       30.96260       53.62879
wrapping first mol.:       21.89386       30.96260       53.62879
wrapping first mol.:       21.89386       30.96260       53.62879
wrapping first mol.:       21.89386       30.96260       53.62879
wrapping first mol.:       21.89386       30.96260       53.62879

 NSTEP =  1500000   TIME(PS) =    3000.000  TEMP(K) =   299.44  PRESS =     0.0
 Etot   =    -71338.1958  EKtot   =     13712.7676  EPtot      =    -85050.9634
 BOND   =       546.9488  ANGLE   =      1564.9949  DIHED      =      1053.7808
 UB     =         0.0000  IMP     =         0.0000  CMAP       =       148.1244
 1-4 NB =       697.8511  1-4 EEL =      9107.4649  VDWAALS    =      9653.9658
 EELEC  =   -107824.0940  EHBOND  =         0.0000  RESTRAINT  =         0.0000
 ------------------------------------------------------------------------------

wrapping first mol.:       21.89386       30.96260       53.62879
wrapping first mol.:       21.89386       30.96260       53.62879
wrapping first mol.:       21.89386       30.96260       53.62879
wrapping first mol.:       21.89386       30.96260       53.62879
wrapping first mol.:       21.89386       30.96260       53.62879
wrapping first mol.:       21.89386       30.96260       53.62879
wrapping first mol.:       21.89386       30.96260       53.62879
wrapping first mol.:       21.89386       30.96260       53.62879
wrapping first mol.:       21.89386       30.96260       53.62879
wrapping first mol.:       21.89386       30.96260       53.62879
wrapping first mol.:       21.89386       30.96260       53.62879

 NSTEP =  1550000   TIME(PS) =    3100.000  TEMP(K) =   299.03  PRESS =     0.0
 Etot   =    -71177.5719  EKtot   =     13694.1914  EPtot      =    -84871.7633
 BOND   =       566.4411  ANGLE   =      1542.3867  DIHED      =      1071.6222
 UB     =         0.0000  IMP     =         0.0000  CMAP       =       144.2323
 1-4 NB =       697.6140  1-4 EEL =      9140.8877  VDWAALS    =      9404.9438
 EELEC  =   -107439.8910  EHBOND  =         0.0000  RESTRAINT  =         0.0000
 ------------------------------------------------------------------------------

wrapping first mol.:       21.89386       30.96260       53.62879
wrapping first mol.:       21.89386       30.96260       53.62879
wrapping first mol.:       21.89386       30.96260       53.62879
wrapping first mol.:       21.89386       30.96260       53.62879
wrapping first mol.:       21.89386       30.96260       53.62879
wrapping first mol.:       21.89386       30.96260       53.62879
wrapping first mol.:       21.89386       30.96260       53.62879
wrapping first mol.:       21.89386       30.96260       53.62879
wrapping first mol.:       21.89386       30.96260       53.62879
wrapping first mol.:       21.89386       30.96260       53.62879
wrapping first mol.:       21.89386       30.96260       53.62879

 NSTEP =  1600000   TIME(PS) =    3200.000  TEMP(K) =   298.65  PRESS =     0.0
 Etot   =    -71267.0954  EKtot   =     13676.6895  EPtot      =    -84943.7848
 BOND   =       622.6694  ANGLE   =      1565.2907  DIHED      =      1110.6829
 UB     =         0.0000  IMP     =         0.0000  CMAP       =       139.4397
 1-4 NB =       685.4797  1-4 EEL =      9087.5478  VDWAALS    =      9243.8943
 EELEC  =   -107398.7894  EHBOND  =         0.0000  RESTRAINT  =         0.0000
 ------------------------------------------------------------------------------

wrapping first mol.:       21.89386       30.96260       53.62879
wrapping first mol.:       21.89386       30.96260       53.62879
wrapping first mol.:       21.89386       30.96260       53.62879
wrapping first mol.:       21.89386       30.96260       53.62879
wrapping first mol.:       21.89386       30.96260       53.62879
wrapping first mol.:       21.89386       30.96260       53.62879
wrapping first mol.:       21.89386       30.96260       53.62879
wrapping first mol.:       21.89386       30.96260       53.62879
wrapping first mol.:       21.89386       30.96260       53.62879
wrapping first mol.:       21.89386       30.96260       53.62879
wrapping first mol.:       21.89386       30.96260       53.62879

 NSTEP =  1650000   TIME(PS) =    3300.000  TEMP(K) =   300.95  PRESS =     0.0
 Etot   =    -71542.8244  EKtot   =     13781.9355  EPtot      =    -85324.7599
 BOND   =       598.8220  ANGLE   =      1559.2956  DIHED      =      1063.7727
 UB     =         0.0000  IMP     =         0.0000  CMAP       =       146.1114
 1-4 NB =       684.1670  1-4 EEL =      9132.9503  VDWAALS    =      9447.2563
 EELEC  =   -107957.1353  EHBOND  =         0.0000  RESTRAINT  =         0.0000
 ------------------------------------------------------------------------------

wrapping first mol.:       21.89386       30.96260       53.62879
wrapping first mol.:       21.89386       30.96260       53.62879
wrapping first mol.:       21.89386       30.96260       53.62879
wrapping first mol.:       21.89386       30.96260       53.62879
wrapping first mol.:       21.89386       30.96260       53.62879
wrapping first mol.:       21.89386       30.96260       53.62879
wrapping first mol.:       21.89386       30.96260       53.62879
wrapping first mol.:       21.89386       30.96260       53.62879
wrapping first mol.:       21.89386       30.96260       53.62879
wrapping first mol.:       21.89386       30.96260       53.62879
wrapping first mol.:       21.89386       30.96260       53.62879

 NSTEP =  1700000   TIME(PS) =    3400.000  TEMP(K) =   301.01  PRESS =     0.0
 Etot   =    -71459.3573  EKtot   =     13784.6182  EPtot      =    -85243.9754
 BOND   =       598.7127  ANGLE   =      1519.3990  DIHED      =      1063.0743
 UB     =         0.0000  IMP     =         0.0000  CMAP       =       160.0385
 1-4 NB =       692.6058  1-4 EEL =      9095.5535  VDWAALS    =      9642.6487
 EELEC  =   -108016.0080  EHBOND  =         0.0000  RESTRAINT  =         0.0000
 ------------------------------------------------------------------------------

wrapping first mol.:       21.89386       30.96260       53.62879
wrapping first mol.:       21.89386       30.96260       53.62879
wrapping first mol.:       21.89386       30.96260       53.62879
wrapping first mol.:       21.89386       30.96260       53.62879
wrapping first mol.:       21.89386       30.96260       53.62879
wrapping first mol.:       21.89386       30.96260       53.62879
wrapping first mol.:       21.89386       30.96260       53.62879
wrapping first mol.:       21.89386       30.96260       53.62879
wrapping first mol.:       21.89386       30.96260       53.62879
wrapping first mol.:       21.89386       30.96260       53.62879
wrapping first mol.:       21.89386       30.96260       53.62879

 NSTEP =  1750000   TIME(PS) =    3500.000  TEMP(K) =   299.37  PRESS =     0.0
 Etot   =    -71474.5963  EKtot   =     13709.7158  EPtot      =    -85184.3121
 BOND   =       581.5412  ANGLE   =      1571.7339  DIHED      =      1059.7022
 UB     =         0.0000  IMP     =         0.0000  CMAP       =       147.8639
 1-4 NB =       679.1908  1-4 EEL =      9041.8796  VDWAALS    =      9279.7761
 EELEC  =   -107545.9998  EHBOND  =         0.0000  RESTRAINT  =         0.0000
 ------------------------------------------------------------------------------

wrapping first mol.:       21.89386       30.96260       53.62879
wrapping first mol.:       21.89386       30.96260       53.62879
wrapping first mol.:       21.89386       30.96260       53.62879
wrapping first mol.:       21.89386       30.96260       53.62879
wrapping first mol.:       21.89386       30.96260       53.62879
wrapping first mol.:       21.89386       30.96260       53.62879
wrapping first mol.:       21.89386       30.96260       53.62879
wrapping first mol.:       21.89386       30.96260       53.62879
wrapping first mol.:       21.89386       30.96260       53.62879
wrapping first mol.:       21.89386       30.96260       53.62879
wrapping first mol.:       21.89386       30.96260       53.62879

 NSTEP =  1800000   TIME(PS) =    3600.000  TEMP(K) =   300.00  PRESS =     0.0
 Etot   =    -71398.8893  EKtot   =     13738.2793  EPtot      =    -85137.1686
 BOND   =       569.8293  ANGLE   =      1554.7468  DIHED      =      1068.8366
 UB     =         0.0000  IMP     =         0.0000  CMAP       =       147.6572
 1-4 NB =       681.9670  1-4 EEL =      9125.6490  VDWAALS    =      9254.3077
 EELEC  =   -107540.1622  EHBOND  =         0.0000  RESTRAINT  =         0.0000
 ------------------------------------------------------------------------------

wrapping first mol.:       21.89386       30.96260       53.62879
wrapping first mol.:       21.89386       30.96260       53.62879
wrapping first mol.:       21.89386       30.96260       53.62879
wrapping first mol.:       21.89386       30.96260       53.62879
wrapping first mol.:       21.89386       30.96260       53.62879
wrapping first mol.:       21.89386       30.96260       53.62879
wrapping first mol.:       21.89386       30.96260       53.62879
wrapping first mol.:       21.89386       30.96260       53.62879
wrapping first mol.:       21.89386       30.96260       53.62879
wrapping first mol.:       21.89386       30.96260       53.62879
wrapping first mol.:       21.89386       30.96260       53.62879

 NSTEP =  1850000   TIME(PS) =    3700.000  TEMP(K) =   301.75  PRESS =     0.0
 Etot   =    -71376.1794  EKtot   =     13818.6035  EPtot      =    -85194.7829
 BOND   =       577.5937  ANGLE   =      1543.1100  DIHED      =      1068.5307
 UB     =         0.0000  IMP     =         0.0000  CMAP       =       156.1806
 1-4 NB =       693.9460  1-4 EEL =      9108.9181  VDWAALS    =      9327.1393
 EELEC  =   -107670.2013  EHBOND  =         0.0000  RESTRAINT  =         0.0000
 ------------------------------------------------------------------------------

wrapping first mol.:       21.89386       30.96260       53.62879
wrapping first mol.:       21.89386       30.96260       53.62879
wrapping first mol.:       21.89386       30.96260       53.62879
wrapping first mol.:       21.89386       30.96260       53.62879
wrapping first mol.:       21.89386       30.96260       53.62879
wrapping first mol.:       21.89386       30.96260       53.62879
wrapping first mol.:       21.89386       30.96260       53.62879
wrapping first mol.:       21.89386       30.96260       53.62879
wrapping first mol.:       21.89386       30.96260       53.62879
wrapping first mol.:       21.89386       30.96260       53.62879
wrapping first mol.:       21.89386       30.96260       53.62879

 NSTEP =  1900000   TIME(PS) =    3800.000  TEMP(K) =   298.63  PRESS =     0.0
 Etot   =    -71378.1296  EKtot   =     13675.5566  EPtot      =    -85053.6862
 BOND   =       560.3909  ANGLE   =      1603.2749  DIHED      =      1082.9621
 UB     =         0.0000  IMP     =         0.0000  CMAP       =       151.2464
 1-4 NB =       678.2797  1-4 EEL =      9122.4449  VDWAALS    =      9503.9658
 EELEC  =   -107756.2508  EHBOND  =         0.0000  RESTRAINT  =         0.0000
 ------------------------------------------------------------------------------

wrapping first mol.:       21.89386       30.96260       53.62879
wrapping first mol.:       21.89386       30.96260       53.62879
wrapping first mol.:       21.89386       30.96260       53.62879
wrapping first mol.:       21.89386       30.96260       53.62879
wrapping first mol.:       21.89386       30.96260       53.62879
wrapping first mol.:       21.89386       30.96260       53.62879
wrapping first mol.:       21.89386       30.96260       53.62879
wrapping first mol.:       21.89386       30.96260       53.62879
wrapping first mol.:       21.89386       30.96260       53.62879
wrapping first mol.:       21.89386       30.96260       53.62879
wrapping first mol.:       21.89386       30.96260       53.62879

 NSTEP =  1950000   TIME(PS) =    3900.000  TEMP(K) =   302.24  PRESS =     0.0
 Etot   =    -71417.2133  EKtot   =     13840.8936  EPtot      =    -85258.1069
 BOND   =       611.5232  ANGLE   =      1558.9311  DIHED      =      1076.0469
 UB     =         0.0000  IMP     =         0.0000  CMAP       =       139.4830
 1-4 NB =       682.0272  1-4 EEL =      9118.6304  VDWAALS    =      9334.0920
 EELEC  =   -107778.8407  EHBOND  =         0.0000  RESTRAINT  =         0.0000
 ------------------------------------------------------------------------------

wrapping first mol.:       21.89386       30.96260       53.62879
wrapping first mol.:       21.89386       30.96260       53.62879
wrapping first mol.:       21.89386       30.96260       53.62879
wrapping first mol.:       21.89386       30.96260       53.62879
wrapping first mol.:       21.89386       30.96260       53.62879
wrapping first mol.:       21.89386       30.96260       53.62879
wrapping first mol.:       21.89386       30.96260       53.62879
wrapping first mol.:       21.89386       30.96260       53.62879
wrapping first mol.:       21.89386       30.96260       53.62879
wrapping first mol.:       21.89386       30.96260       53.62879
wrapping first mol.:       21.89386       30.96260       53.62879

 NSTEP =  2000000   TIME(PS) =    4000.000  TEMP(K) =   304.59  PRESS =     0.0
 Etot   =    -71303.0530  EKtot   =     13948.6797  EPtot      =    -85251.7327
 BOND   =       603.3654  ANGLE   =      1563.5613  DIHED      =      1053.8247
 UB     =         0.0000  IMP     =         0.0000  CMAP       =       150.5938
 1-4 NB =       678.3695  1-4 EEL =      9141.8291  VDWAALS    =      9379.8540
 EELEC  =   -107823.1304  EHBOND  =         0.0000  RESTRAINT  =         0.0000
 ------------------------------------------------------------------------------

wrapping first mol.:       21.89386       30.96260       53.62879
wrapping first mol.:       21.89386       30.96260       53.62879
wrapping first mol.:       21.89386       30.96260       53.62879
wrapping first mol.:       21.89386       30.96260       53.62879
wrapping first mol.:       21.89386       30.96260       53.62879
wrapping first mol.:       21.89386       30.96260       53.62879
wrapping first mol.:       21.89386       30.96260       53.62879
wrapping first mol.:       21.89386       30.96260       53.62879
wrapping first mol.:       21.89386       30.96260       53.62879
wrapping first mol.:       21.89386       30.96260       53.62879
wrapping first mol.:       21.89386       30.96260       53.62879

 NSTEP =  2050000   TIME(PS) =    4100.000  TEMP(K) =   300.52  PRESS =     0.0
 Etot   =    -71414.4567  EKtot   =     13762.0371  EPtot      =    -85176.4939
 BOND   =       571.8131  ANGLE   =      1586.5345  DIHED      =      1067.3721
 UB     =         0.0000  IMP     =         0.0000  CMAP       =       147.2971
 1-4 NB =       683.9965  1-4 EEL =      9158.1200  VDWAALS    =      9501.2318
 EELEC  =   -107892.8588  EHBOND  =         0.0000  RESTRAINT  =         0.0000
 ------------------------------------------------------------------------------

wrapping first mol.:       21.89386       30.96260       53.62879
wrapping first mol.:       21.89386       30.96260       53.62879
wrapping first mol.:       21.89386       30.96260       53.62879
wrapping first mol.:       21.89386       30.96260       53.62879
wrapping first mol.:       21.89386       30.96260       53.62879
wrapping first mol.:       21.89386       30.96260       53.62879
wrapping first mol.:       21.89386       30.96260       53.62879
wrapping first mol.:       21.89386       30.96260       53.62879
wrapping first mol.:       21.89386       30.96260       53.62879
wrapping first mol.:       21.89386       30.96260       53.62879
wrapping first mol.:       21.89386       30.96260       53.62879

 NSTEP =  2100000   TIME(PS) =    4200.000  TEMP(K) =   302.23  PRESS =     0.0
 Etot   =    -71373.4043  EKtot   =     13840.7803  EPtot      =    -85214.1846
 BOND   =       542.5258  ANGLE   =      1593.7618  DIHED      =      1063.6989
 UB     =         0.0000  IMP     =         0.0000  CMAP       =       147.1430
 1-4 NB =       673.2439  1-4 EEL =      9133.1325  VDWAALS    =      9328.5625
 EELEC  =   -107696.2529  EHBOND  =         0.0000  RESTRAINT  =         0.0000
 ------------------------------------------------------------------------------

wrapping first mol.:       21.89386       30.96260       53.62879
wrapping first mol.:       21.89386       30.96260       53.62879
wrapping first mol.:       21.89386       30.96260       53.62879
wrapping first mol.:       21.89386       30.96260       53.62879
wrapping first mol.:       21.89386       30.96260       53.62879
wrapping first mol.:       21.89386       30.96260       53.62879
wrapping first mol.:       21.89386       30.96260       53.62879
wrapping first mol.:       21.89386       30.96260       53.62879
wrapping first mol.:       21.89386       30.96260       53.62879
wrapping first mol.:       21.89386       30.96260       53.62879
wrapping first mol.:       21.89386       30.96260       53.62879

 NSTEP =  2150000   TIME(PS) =    4300.000  TEMP(K) =   299.90  PRESS =     0.0
 Etot   =    -71390.6042  EKtot   =     13733.6592  EPtot      =    -85124.2634
 BOND   =       566.8416  ANGLE   =      1493.7662  DIHED      =      1064.4616
 UB     =         0.0000  IMP     =         0.0000  CMAP       =       136.3457
 1-4 NB =       696.0776  1-4 EEL =      9136.8169  VDWAALS    =      9599.4317
 EELEC  =   -107818.0047  EHBOND  =         0.0000  RESTRAINT  =         0.0000
 ------------------------------------------------------------------------------

wrapping first mol.:       21.89386       30.96260       53.62879
wrapping first mol.:       21.89386       30.96260       53.62879
wrapping first mol.:       21.89386       30.96260       53.62879
wrapping first mol.:       21.89386       30.96260       53.62879
wrapping first mol.:       21.89386       30.96260       53.62879
wrapping first mol.:       21.89386       30.96260       53.62879
wrapping first mol.:       21.89386       30.96260       53.62879
wrapping first mol.:       21.89386       30.96260       53.62879
wrapping first mol.:       21.89386       30.96260       53.62879
wrapping first mol.:       21.89386       30.96260       53.62879
wrapping first mol.:       21.89386       30.96260       53.62879

 NSTEP =  2200000   TIME(PS) =    4400.000  TEMP(K) =   299.32  PRESS =     0.0
 Etot   =    -71252.4281  EKtot   =     13707.2021  EPtot      =    -84959.6302
 BOND   =       556.6333  ANGLE   =      1565.7335  DIHED      =      1049.2414
 UB     =         0.0000  IMP     =         0.0000  CMAP       =       146.5971
 1-4 NB =       694.5494  1-4 EEL =      9113.4479  VDWAALS    =      9500.3176
 EELEC  =   -107586.1503  EHBOND  =         0.0000  RESTRAINT  =         0.0000
 ------------------------------------------------------------------------------

wrapping first mol.:       21.89386       30.96260       53.62879
wrapping first mol.:       21.89386       30.96260       53.62879
wrapping first mol.:       21.89386       30.96260       53.62879
wrapping first mol.:       21.89386       30.96260       53.62879
wrapping first mol.:       21.89386       30.96260       53.62879
wrapping first mol.:       21.89386       30.96260       53.62879
wrapping first mol.:       21.89386       30.96260       53.62879
wrapping first mol.:       21.89386       30.96260       53.62879
wrapping first mol.:       21.89386       30.96260       53.62879
wrapping first mol.:       21.89386       30.96260       53.62879
wrapping first mol.:       21.89386       30.96260       53.62879

 NSTEP =  2250000   TIME(PS) =    4500.000  TEMP(K) =   297.47  PRESS =     0.0
 Etot   =    -71394.9928  EKtot   =     13622.4355  EPtot      =    -85017.4283
 BOND   =       563.4557  ANGLE   =      1508.7946  DIHED      =      1069.6497
 UB     =         0.0000  IMP     =         0.0000  CMAP       =       146.0094
 1-4 NB =       694.2733  1-4 EEL =      9173.9905  VDWAALS    =      9541.0902
 EELEC  =   -107714.6917  EHBOND  =         0.0000  RESTRAINT  =         0.0000
 ------------------------------------------------------------------------------

wrapping first mol.:       21.89386       30.96260       53.62879
wrapping first mol.:       21.89386       30.96260       53.62879
wrapping first mol.:       21.89386       30.96260       53.62879
wrapping first mol.:       21.89386       30.96260       53.62879
wrapping first mol.:       21.89386       30.96260       53.62879
wrapping first mol.:       21.89386       30.96260       53.62879
wrapping first mol.:       21.89386       30.96260       53.62879
wrapping first mol.:       21.89386       30.96260       53.62879
wrapping first mol.:       21.89386       30.96260       53.62879
wrapping first mol.:       21.89386       30.96260       53.62879
wrapping first mol.:       21.89386       30.96260       53.62879

 NSTEP =  2300000   TIME(PS) =    4600.000  TEMP(K) =   300.10  PRESS =     0.0
 Etot   =    -71549.1969  EKtot   =     13742.8994  EPtot      =    -85292.0963
 BOND   =       560.1327  ANGLE   =      1558.7747  DIHED      =      1066.9797
 UB     =         0.0000  IMP     =         0.0000  CMAP       =       148.1036
 1-4 NB =       693.4063  1-4 EEL =      9148.9143  VDWAALS    =      9399.5122
 EELEC  =   -107867.9199  EHBOND  =         0.0000  RESTRAINT  =         0.0000
 ------------------------------------------------------------------------------

wrapping first mol.:       21.89386       30.96260       53.62879
wrapping first mol.:       21.89386       30.96260       53.62879
wrapping first mol.:       21.89386       30.96260       53.62879
wrapping first mol.:       21.89386       30.96260       53.62879
wrapping first mol.:       21.89386       30.96260       53.62879
wrapping first mol.:       21.89386       30.96260       53.62879
wrapping first mol.:       21.89386       30.96260       53.62879
wrapping first mol.:       21.89386       30.96260       53.62879
wrapping first mol.:       21.89386       30.96260       53.62879
wrapping first mol.:       21.89386       30.96260       53.62879
wrapping first mol.:       21.89386       30.96260       53.62879

 NSTEP =  2350000   TIME(PS) =    4700.000  TEMP(K) =   298.00  PRESS =     0.0
 Etot   =    -71495.5885  EKtot   =     13646.8809  EPtot      =    -85142.4694
 BOND   =       596.0702  ANGLE   =      1581.4727  DIHED      =      1056.0813
 UB     =         0.0000  IMP     =         0.0000  CMAP       =       143.2785
 1-4 NB =       672.3635  1-4 EEL =      9172.1833  VDWAALS    =      9289.0302
 EELEC  =   -107652.9491  EHBOND  =         0.0000  RESTRAINT  =         0.0000
 ------------------------------------------------------------------------------

wrapping first mol.:       21.89386       30.96260       53.62879
wrapping first mol.:       21.89386       30.96260       53.62879
wrapping first mol.:       21.89386       30.96260       53.62879
wrapping first mol.:       21.89386       30.96260       53.62879
wrapping first mol.:       21.89386       30.96260       53.62879
wrapping first mol.:       21.89386       30.96260       53.62879
wrapping first mol.:       21.89386       30.96260       53.62879
wrapping first mol.:       21.89386       30.96260       53.62879
wrapping first mol.:       21.89386       30.96260       53.62879
wrapping first mol.:       21.89386       30.96260       53.62879
wrapping first mol.:       21.89386       30.96260       53.62879

 NSTEP =  2400000   TIME(PS) =    4800.000  TEMP(K) =   302.52  PRESS =     0.0
 Etot   =    -71253.3769  EKtot   =     13853.8867  EPtot      =    -85107.2636
 BOND   =       597.5606  ANGLE   =      1584.7481  DIHED      =      1091.5617
 UB     =         0.0000  IMP     =         0.0000  CMAP       =       143.4695
 1-4 NB =       689.0244  1-4 EEL =      9102.9898  VDWAALS    =      9200.0503
 EELEC  =   -107516.6679  EHBOND  =         0.0000  RESTRAINT  =         0.0000
 ------------------------------------------------------------------------------

wrapping first mol.:       21.89386       30.96260       53.62879
wrapping first mol.:       21.89386       30.96260       53.62879
wrapping first mol.:       21.89386       30.96260       53.62879
wrapping first mol.:       21.89386       30.96260       53.62879
wrapping first mol.:       21.89386       30.96260       53.62879
wrapping first mol.:       21.89386       30.96260       53.62879
wrapping first mol.:       21.89386       30.96260       53.62879
wrapping first mol.:       21.89386       30.96260       53.62879
wrapping first mol.:       21.89386       30.96260       53.62879
wrapping first mol.:       21.89386       30.96260       53.62879
wrapping first mol.:       21.89386       30.96260       53.62879

 NSTEP =  2450000   TIME(PS) =    4900.000  TEMP(K) =   301.08  PRESS =     0.0
 Etot   =    -71270.0078  EKtot   =     13787.9736  EPtot      =    -85057.9814
 BOND   =       598.1288  ANGLE   =      1559.2778  DIHED      =      1080.0945
 UB     =         0.0000  IMP     =         0.0000  CMAP       =       139.2495
 1-4 NB =       686.1469  1-4 EEL =      9139.0511  VDWAALS    =      9371.6135
 EELEC  =   -107631.5435  EHBOND  =         0.0000  RESTRAINT  =         0.0000
 ------------------------------------------------------------------------------

wrapping first mol.:       21.89386       30.96260       53.62879
wrapping first mol.:       21.89386       30.96260       53.62879
wrapping first mol.:       21.89386       30.96260       53.62879
wrapping first mol.:       21.89386       30.96260       53.62879
wrapping first mol.:       21.89386       30.96260       53.62879
wrapping first mol.:       21.89386       30.96260       53.62879
wrapping first mol.:       21.89386       30.96260       53.62879
wrapping first mol.:       21.89386       30.96260       53.62879
wrapping first mol.:       21.89386       30.96260       53.62879
wrapping first mol.:       21.89386       30.96260       53.62879
wrapping first mol.:       21.89386       30.96260       53.62879

 NSTEP =  2500000   TIME(PS) =    5000.000  TEMP(K) =   297.53  PRESS =     0.0
 Etot   =    -71511.8558  EKtot   =     13625.3838  EPtot      =    -85137.2396
 BOND   =       594.7842  ANGLE   =      1557.2765  DIHED      =      1050.8113
 UB     =         0.0000  IMP     =         0.0000  CMAP       =       151.1672
 1-4 NB =       682.4160  1-4 EEL =      9117.6824  VDWAALS    =      9132.1470
 EELEC  =   -107423.5241  EHBOND  =         0.0000  RESTRAINT  =         0.0000
 ------------------------------------------------------------------------------


      A V E R A G E S   O V E R      50 S T E P S


 NSTEP =  2500000   TIME(PS) =    5000.000  TEMP(K) =   299.91  PRESS =     0.0
 Etot   =    -71357.4641  EKtot   =     13734.5022  EPtot      =    -85091.9663
 BOND   =       579.1243  ANGLE   =      1562.7639  DIHED      =      1064.7029
 UB     =         0.0000  IMP     =         0.0000  CMAP       =       144.4724
 1-4 NB =       687.5665  1-4 EEL =      9122.8816  VDWAALS    =      9357.4933
 EELEC  =   -107610.9712  EHBOND  =         0.0000  RESTRAINT  =         0.0000
 ------------------------------------------------------------------------------


      R M S  F L U C T U A T I O N S


 NSTEP =  2500000   TIME(PS) =    5000.000  TEMP(K) =     2.01  PRESS =     0.0
 Etot   =       119.1300  EKtot   =        92.1763  EPtot      =       113.5675
 BOND   =        18.4212  ANGLE   =        28.7019  DIHED      =        14.9288
 UB     =         0.0000  IMP     =         0.0000  CMAP       =         5.8544
 1-4 NB =         9.3302  1-4 EEL =        33.2397  VDWAALS    =       152.1936
 EELEC  =       211.2709  EHBOND  =         0.0000  RESTRAINT  =         0.0000
 ------------------------------------------------------------------------------

--------------------------------------------------------------------------------
   5.  TIMINGS
--------------------------------------------------------------------------------

|  NonSetup CPU Time in Major Routines:
|
|     Routine           Sec        %
|     ------------------------------
|     Nonbond         607.21   12.28
|     Bond              0.00    0.00
|     Angle             0.00    0.00
|     Dihedral          0.00    0.00
|     Shake            20.92    0.42
|     RunMD          4314.96   87.23
|     Other             3.62    0.07
|     ------------------------------
|     Total          4946.71

|  PME Nonbond Pairlist CPU Time:
|
|     Routine              Sec        %
|     ---------------------------------
|     Set Up Cit           0.00    0.00
|     Build List           0.00    0.00
|     ---------------------------------
|     Total                0.00    0.00

|  PME Direct Force CPU Time:
|
|     Routine              Sec        %
|     ---------------------------------
|     NonBonded Calc       0.00    0.00
|     Exclude Masked       0.00    0.00
|     Other                1.95    0.04
|     ---------------------------------
|     Total                1.95    0.04

|  PME Reciprocal Force CPU Time:
|
|     Routine              Sec        %
|     ---------------------------------
|     1D bspline           0.00    0.00
|     Grid Charges         0.00    0.00
|     Scalar Sum           0.00    0.00
|     Gradient Sum         0.00    0.00
|     FFT                  0.00    0.00
|     ---------------------------------
|     Total                0.00    0.00

|  Final Performance Info:
|     -----------------------------------------------------
|     Average timings for last       1 steps:
|     Elapsed(s) =       0.00 Per Step(ms) =       0.16
|         ns/day =    1107.65   seconds/ns =      78.00
|
|     Average timings for all steps:
|     Elapsed(s) =    4954.84 Per Step(ms) =       1.98
|         ns/day =      87.19   seconds/ns =     990.97
|     -----------------------------------------------------

|  Setup CPU time:            0.68 seconds
|  NonSetup CPU time:      4946.71 seconds
|  Total CPU time:         4947.38 seconds     1.37 hours

|  Setup wall time:           0    seconds
|  NonSetup wall time:     4955    seconds
|  Total wall time:        4955    seconds     1.38 hours
