
          -------------------------------------------------------
          Amber 18 PMEMD                              2018
          -------------------------------------------------------

| PMEMD implementation of SANDER, Release 18

| Run on 12/16/2020 at 10:41:21

|   Executable path: pmemd.cuda
| Working directory: /home/almacen/pbarletta/dynein/run/1xdx/1_pdt
|          Hostname: Unknown
  [-O]verwriting output

File Assignments:
|   MDIN: pre_pdt.in                                                            
|  MDOUT: 0pdt.out                                                              
| INPCRD: 1_1xdx.rst7                                                           
|   PARM: /home/almacen/pbarletta/dynein/top_files/1xdx.prmtop                  
| RESTRT: 0p1_1xdx.rst7                                                         
|   REFC: refc                                                                  
|  MDVEL: mdvel                                                                 
|   MDEN: mden                                                                  
|  MDCRD: 0p1_1xdx.nc                                                           
| MDINFO: mdinfo                                                                
|  MDFRC: mdfrc                                                                 


 Here is the input file:

Production run                                                                 
&cntrl                                                                         
imin = 0,                           ! No Minimization                          
nmropt = 0,                         ! No NMR restraints read                   
                                                                               
! Nature and format of the input                                               
ntx = 5,                            ! Coordinates and velocities will be read  
irest = 1,                          ! Do not run a new simulation              
                                                                               
! Nature and format of the output                                              
ntxo = 1,                           ! rstrt file in ASCII format               
ntpr = 50000,                       ! inf in output every ntpr steps           
ntwr = 50000,                       ! rstrt file every ntwr steps              
ntwx = 5000,                        ! mdcrd file every ntwx steps              
ntwv = 0,                           ! mdvel without velocities                 
ntwe = 0,                           ! Energies and temperatures not written in 
idecomp = 0,                        ! No energy decomposition                  
iwrap = 1,                          ! Coordinates of the restart and mdcrd file
                                                                               
! Frozen or restrained atoms                                                   
ibelly = 0,                         ! No frozen atoms                          
ntr=0,                              ! Harmonic potential restraints            
                                                                               
! Molecular dynamics                                                           
nstlim = 2500000,                   ! Number of MD-steps                       
dt = 0.002,                         ! Time step                                
                                                                               
! Temperature regulation                                                       
ntt = 3,                            ! Langevin thermostat                      
gamma_ln = 2,                       ! Gamma constant for Langevin              
temp0 = 300.0,                      ! Reference T at which the system is to be 
tempi = 300.0,                      ! Initial T                                
ig = -1,                            ! Seed for the RNG                         
                                                                               
! P and V regulation                                                           
!barostat = 1,                      ! Berendsen barostat                       
!taup = 1,                          ! Pressure relaxation time                 
ntp = 0,                            ! constant V                               
ntb = 1,                            ! Periodic box for constant V              
                                                                               
! SHAKE variables                                                              
ntc = 2,                            ! Bonds involving H are constrained        
ntf = 2,                            ! Bond interaction involving H are ommited.
                                                                               
cut = 9.0,                          ! Nonbonded cutoff                         
/                                                                              
&end                                                                           


Note: ig = -1. Setting random seed to    94356 based on wallclock time in 
      microseconds.
| irandom = 1, using AMBER's internal random number generator (default).
 
|--------------------- INFORMATION ----------------------
| GPU (CUDA) Version of PMEMD in use: NVIDIA GPU IN USE.
|                    Version 18.0.0
| 
|                      03/25/2018
| 
| Implementation by:
|                    Ross C. Walker     (SDSC)
|                    Scott Le Grand     (nVIDIA)
| 
| Version 18 performance extensions by:
|                    David Cerutti     (Rutgers)
| 
| Precision model in use:
|      [SPFP] - Single Precision Forces, 64-bit Fixed Point
|               Accumulation. (Default)
| 
|--------------------------------------------------------
 
|----------------- CITATION INFORMATION -----------------
|
|    When publishing work that utilized the CUDA version
|    of AMBER, please cite the following in addition to
|    the regular AMBER citations:
|
|  - Romelia Salomon-Ferrer; Andreas W. Goetz; Duncan
|    Poole; Scott Le Grand; Ross C. Walker "Routine
|    microsecond molecular dynamics simulations with
|    AMBER - Part II: Particle Mesh Ewald", J. Chem.
|    Theory Comput., 2013, 9 (9), pp3878-3888,
|    DOI: 10.1021/ct400314y.
|
|  - Andreas W. Goetz; Mark J. Williamson; Dong Xu;
|    Duncan Poole; Scott Le Grand; Ross C. Walker
|    "Routine microsecond molecular dynamics simulations
|    with AMBER - Part I: Generalized Born", J. Chem.
|    Theory Comput., 2012, 8 (5), pp1542-1555.
|
|  - Scott Le Grand; Andreas W. Goetz; Ross C. Walker
|    "SPFP: Speed without compromise - a mixed precision
|    model for GPU accelerated molecular dynamics
|    simulations.", Comp. Phys. Comm., 2013, 184
|    pp374-380, DOI: 10.1016/j.cpc.2012.09.022
|
|--------------------------------------------------------
 
|------------------- GPU DEVICE INFO --------------------
|
|            CUDA_VISIBLE_DEVICES: 0
|   CUDA Capable Devices Detected:      1
|           CUDA Device ID in use:      0
|                CUDA Device Name: GeForce GTX 1080 Ti
|     CUDA Device Global Mem Size:  11178 MB
| CUDA Device Num Multiprocessors:     28
|           CUDA Device Core Freq:   1.72 GHz
|
|--------------------------------------------------------
 
 
| Conditional Compilation Defines Used:
| PUBFFT
| BINTRAJ
| CUDA
| EMIL

| Largest sphere to fit in unit cell has radius =    30.761

| New format PARM file being parsed.
| Version =    1.000 Date = 11/19/20 Time = 14:20:40

| Note: 1-4 EEL scale factors are being read from the topology file.

| Note: 1-4 VDW scale factors are being read from the topology file.
| Duplicated    0 dihedrals

| Duplicated    0 dihedrals

--------------------------------------------------------------------------------
   1.  RESOURCE   USE: 
--------------------------------------------------------------------------------

 getting new box info from bottom of inpcrd
 NATOM  =   43266 NTYPES =      19 NBONH =   31551 MBONA  =   11743
 NTHETH =    3926 MTHETA =    2450 NPHIH =    7960 MPHIA  =    7908
 NHPARM =       0 NPARM  =       0 NNB   =   88865 NRES   =   10173
 NBONA  =   11743 NTHETA =    2450 NPHIA =    7908 NUMBND =      73
 NUMANG =     168 NPTRA  =     192 NATYP =      38 NPHB   =       1
 IFBOX  =       2 NMXRS  =      24 IFCAP =       0 NEXTRA =    9939
 NCOPY  =       0


| Coordinate Index Table dimensions:    13   13   13
| Direct force subcell size =     5.7960    5.7960    5.7960

     BOX TYPE: TRUNCATED OCTAHEDRON

--------------------------------------------------------------------------------
   2.  CONTROL  DATA  FOR  THE  RUN
--------------------------------------------------------------------------------

default_name                                                                    

General flags:
     imin    =       0, nmropt  =       0

Nature and format of input:
     ntx     =       5, irest   =       1, ntrx    =       1

Nature and format of output:
     ntxo    =       1, ntpr    =   50000, ntrx    =       1, ntwr    =   50000
     iwrap   =       1, ntwx    =    5000, ntwv    =       0, ntwe    =       0
     ioutfm  =       1, ntwprt  =       0, idecomp =       0, rbornstat=      0

Potential function:
     ntf     =       2, ntb     =       1, igb     =       0, nsnb    =      25
     ipol    =       0, gbsa    =       0, iesp    =       0
     dielc   =   1.00000, cut     =   9.00000, intdiel =   1.00000

Frozen or restrained atoms:
     ibelly  =       0, ntr     =       0

Molecular dynamics:
     nstlim  =   2500000, nscm    =      1000, nrespa  =         1
     t       =   0.00000, dt      =   0.00200, vlimit  =  -1.00000

Langevin dynamics temperature regulation:
     ig      =   94356
     temp0   = 300.00000, tempi   = 300.00000, gamma_ln=   2.00000

SHAKE:
     ntc     =       2, jfastw  =       0
     tol     =   0.00001

| Intermolecular bonds treatment:
|     no_intermolecular_bonds =       1

| Energy averages sample interval:
|     ene_avg_sampling =   50000

Extra-points options:
     frameon =       1, chngmask=       1

Ewald parameters:
     verbose =       0, ew_type =       0, nbflag  =       1, use_pme =       1
     vdwmeth =       1, eedmeth =       1, netfrc  =       1
     Box X =   75.348   Box Y =   75.348   Box Z =   75.348
     Alpha =  109.471   Beta  =  109.471   Gamma =  109.471
     NFFT1 =   80       NFFT2 =   80       NFFT3 =   80
     Cutoff=    9.000   Tol   =0.100E-04
     Ewald Coefficient =  0.30768
     Interpolation order =    4
|      EXTRA_PTS, trim_bonds: num bonds BEFORE trim = 31551     0
|      EXTRA_PTS, trim_bonds: num bonds AFTER  trim = 31551     0
|      EXTRA_PTS, trim_bonds: num bonds BEFORE trim = 11743     0
|      EXTRA_PTS, trim_bonds: num bonds AFTER  trim =  1804     0
|      EXTRA_PTS, trim_theta: num angle BEFORE trim =  3926     0
|      EXTRA_PTS, trim_theta: num angle AFTER  trim =  3926     0
|      EXTRA_PTS, trim_theta: num angle BEFORE trim =  2450     0
|      EXTRA_PTS, trim_theta: num angle AFTER  trim =  2450     0
|      EXTRA_PTS, trim_phi:  num diheds BEFORE trim =  7960     0
|      EXTRA_PTS, trim_phi:  num diheds AFTER  trim =  7960     0
|      EXTRA_PTS, trim_phi:  num diheds BEFORE trim =  7908     0
|      EXTRA_PTS, trim_phi:  num diheds AFTER  trim =  7908     0

--------------------------------------------------------------------------------
   3.  ATOMIC COORDINATES AND VELOCITIES
--------------------------------------------------------------------------------

Cpptraj Generated Restart                                                       
 begin time read from input coords =     0.000 ps

 
 Number of triangulated 3-point waters found:     9939

     Sum of charges from parm topology file =   0.00005439
     Forcing neutrality...

| Dynamic Memory, Types Used:
| Reals             1310484
| Integers          2908515

| Nonbonded Pairs Initial Allocation:     9864648

| GPU memory information (estimate):
| KB of GPU memory in use:         0
| KB of CPU memory in use:         0

--------------------------------------------------------------------------------
   4.  RESULTS
--------------------------------------------------------------------------------

wrapping first mol.:       50.23182      -35.51926       61.52117
wrapping first mol.:       50.23182      -35.51926       61.52117
wrapping first mol.:       50.23182      -35.51926       61.52117
wrapping first mol.:       50.23182      -35.51926       61.52117
wrapping first mol.:       50.23182      -35.51926       61.52117
wrapping first mol.:       50.23182      -35.51926       61.52117
wrapping first mol.:       50.23182      -35.51926       61.52117
wrapping first mol.:       50.23182      -35.51926       61.52117
wrapping first mol.:       50.23182      -35.51926       61.52117
wrapping first mol.:       50.23182      -35.51926       61.52117
wrapping first mol.:       50.23182      -35.51926       61.52117

 NSTEP =    50000   TIME(PS) =     100.000  TEMP(K) =   302.12  PRESS =     0.0
 Etot   =   -109012.7763  EKtot   =     20541.9766  EPtot      =   -129554.7528
 BOND   =       696.8626  ANGLE   =      1710.2981  DIHED      =      1205.6278
 UB     =         0.0000  IMP     =         0.0000  CMAP       =       153.1104
 1-4 NB =       763.5071  1-4 EEL =     10674.5125  VDWAALS    =     15446.6423
 EELEC  =   -160205.3135  EHBOND  =         0.0000  RESTRAINT  =         0.0000
 ------------------------------------------------------------------------------

wrapping first mol.:       50.23182      -35.51926       61.52117
wrapping first mol.:       50.23182      -35.51926       61.52117
wrapping first mol.:       50.23182      -35.51926       61.52117
wrapping first mol.:       50.23182      -35.51926       61.52117
wrapping first mol.:       50.23182      -35.51926       61.52117
wrapping first mol.:       50.23182      -35.51926       61.52117
wrapping first mol.:       50.23182      -35.51926       61.52117
wrapping first mol.:       50.23182      -35.51926       61.52117
wrapping first mol.:       50.23182      -35.51926       61.52117
wrapping first mol.:       50.23182      -35.51926       61.52117
wrapping first mol.:       50.23182      -35.51926       61.52117

 NSTEP =   100000   TIME(PS) =     200.000  TEMP(K) =   301.46  PRESS =     0.0
 Etot   =   -108865.2096  EKtot   =     20496.6895  EPtot      =   -129361.8990
 BOND   =       682.3992  ANGLE   =      1767.2254  DIHED      =      1212.9223
 UB     =         0.0000  IMP     =         0.0000  CMAP       =       144.6056
 1-4 NB =       768.9522  1-4 EEL =     10652.8273  VDWAALS    =     15112.1887
 EELEC  =   -159703.0196  EHBOND  =         0.0000  RESTRAINT  =         0.0000
 ------------------------------------------------------------------------------

wrapping first mol.:       50.23182      -35.51926       61.52117
wrapping first mol.:       50.23182      -35.51926       61.52117
wrapping first mol.:       50.23182      -35.51926       61.52117
wrapping first mol.:       50.23182      -35.51926       61.52117
wrapping first mol.:       50.23182      -35.51926       61.52117
wrapping first mol.:       50.23182      -35.51926       61.52117
wrapping first mol.:       50.23182      -35.51926       61.52117
wrapping first mol.:       50.23182      -35.51926       61.52117
wrapping first mol.:       50.23182      -35.51926       61.52117
wrapping first mol.:       50.23182      -35.51926       61.52117
wrapping first mol.:       50.23182      -35.51926       61.52117

 NSTEP =   150000   TIME(PS) =     300.000  TEMP(K) =   300.25  PRESS =     0.0
 Etot   =   -109272.9381  EKtot   =     20414.8477  EPtot      =   -129687.7857
 BOND   =       673.8073  ANGLE   =      1772.3921  DIHED      =      1220.5073
 UB     =         0.0000  IMP     =         0.0000  CMAP       =       136.9624
 1-4 NB =       785.9083  1-4 EEL =     10710.0228  VDWAALS    =     15613.4230
 EELEC  =   -160600.8089  EHBOND  =         0.0000  RESTRAINT  =         0.0000
 ------------------------------------------------------------------------------

wrapping first mol.:       50.23182      -35.51926       61.52117
wrapping first mol.:       50.23182      -35.51926       61.52117
wrapping first mol.:       50.23182      -35.51926       61.52117
wrapping first mol.:       50.23182      -35.51926       61.52117
wrapping first mol.:       50.23182      -35.51926       61.52117
wrapping first mol.:       50.23182      -35.51926       61.52117
wrapping first mol.:       50.23182      -35.51926       61.52117
wrapping first mol.:       50.23182      -35.51926       61.52117
wrapping first mol.:       50.23182      -35.51926       61.52117
wrapping first mol.:       50.23182      -35.51926       61.52117
wrapping first mol.:       50.23182      -35.51926       61.52117

 NSTEP =   200000   TIME(PS) =     400.000  TEMP(K) =   299.89  PRESS =     0.0
 Etot   =   -108856.6329  EKtot   =     20390.1602  EPtot      =   -129246.7931
 BOND   =       629.5480  ANGLE   =      1783.3224  DIHED      =      1222.1134
 UB     =         0.0000  IMP     =         0.0000  CMAP       =       140.1080
 1-4 NB =       782.8694  1-4 EEL =     10620.0636  VDWAALS    =     15501.4416
 EELEC  =   -159926.2595  EHBOND  =         0.0000  RESTRAINT  =         0.0000
 ------------------------------------------------------------------------------

wrapping first mol.:       50.23182      -35.51926       61.52117
wrapping first mol.:       50.23182      -35.51926       61.52117
wrapping first mol.:       50.23182      -35.51926       61.52117
wrapping first mol.:       50.23182      -35.51926       61.52117
wrapping first mol.:       50.23182      -35.51926       61.52117
wrapping first mol.:       50.23182      -35.51926       61.52117
wrapping first mol.:       50.23182      -35.51926       61.52117
wrapping first mol.:       50.23182      -35.51926       61.52117
wrapping first mol.:       50.23182      -35.51926       61.52117
wrapping first mol.:       50.23182      -35.51926       61.52117
wrapping first mol.:       50.23182      -35.51926       61.52117

 NSTEP =   250000   TIME(PS) =     500.000  TEMP(K) =   299.93  PRESS =     0.0
 Etot   =   -109028.2490  EKtot   =     20392.9395  EPtot      =   -129421.1884
 BOND   =       688.1321  ANGLE   =      1743.8723  DIHED      =      1209.1371
 UB     =         0.0000  IMP     =         0.0000  CMAP       =       142.5996
 1-4 NB =       786.3986  1-4 EEL =     10734.1633  VDWAALS    =     15634.4663
 EELEC  =   -160359.9577  EHBOND  =         0.0000  RESTRAINT  =         0.0000
 ------------------------------------------------------------------------------

wrapping first mol.:       50.23182      -35.51926       61.52117
wrapping first mol.:       50.23182      -35.51926       61.52117
wrapping first mol.:       50.23182      -35.51926       61.52117
wrapping first mol.:       50.23182      -35.51926       61.52117
wrapping first mol.:       50.23182      -35.51926       61.52117
wrapping first mol.:       50.23182      -35.51926       61.52117
wrapping first mol.:       50.23182      -35.51926       61.52117
wrapping first mol.:       50.23182      -35.51926       61.52117
wrapping first mol.:       50.23182      -35.51926       61.52117
wrapping first mol.:       50.23182      -35.51926       61.52117
wrapping first mol.:       50.23182      -35.51926       61.52117

 NSTEP =   300000   TIME(PS) =     600.000  TEMP(K) =   299.25  PRESS =     0.0
 Etot   =   -109009.8054  EKtot   =     20346.4570  EPtot      =   -129356.2624
 BOND   =       675.0274  ANGLE   =      1742.1676  DIHED      =      1211.6613
 UB     =         0.0000  IMP     =         0.0000  CMAP       =       151.9473
 1-4 NB =       793.6272  1-4 EEL =     10709.9471  VDWAALS    =     15380.2007
 EELEC  =   -160020.8410  EHBOND  =         0.0000  RESTRAINT  =         0.0000
 ------------------------------------------------------------------------------

wrapping first mol.:       50.23182      -35.51926       61.52117
wrapping first mol.:       50.23182      -35.51926       61.52117
wrapping first mol.:       50.23182      -35.51926       61.52117
wrapping first mol.:       50.23182      -35.51926       61.52117
wrapping first mol.:       50.23182      -35.51926       61.52117
wrapping first mol.:       50.23182      -35.51926       61.52117
wrapping first mol.:       50.23182      -35.51926       61.52117
wrapping first mol.:       50.23182      -35.51926       61.52117
wrapping first mol.:       50.23182      -35.51926       61.52117
wrapping first mol.:       50.23182      -35.51926       61.52117
wrapping first mol.:       50.23182      -35.51926       61.52117

 NSTEP =   350000   TIME(PS) =     700.000  TEMP(K) =   296.70  PRESS =     0.0
 Etot   =   -108995.0084  EKtot   =     20173.2305  EPtot      =   -129168.2389
 BOND   =       683.5150  ANGLE   =      1736.2844  DIHED      =      1237.3373
 UB     =         0.0000  IMP     =         0.0000  CMAP       =       142.0574
 1-4 NB =       806.7373  1-4 EEL =     10720.2335  VDWAALS    =     15218.5160
 EELEC  =   -159712.9199  EHBOND  =         0.0000  RESTRAINT  =         0.0000
 ------------------------------------------------------------------------------

wrapping first mol.:       50.23182      -35.51926       61.52117
wrapping first mol.:       50.23182      -35.51926       61.52117
wrapping first mol.:       50.23182      -35.51926       61.52117
wrapping first mol.:       50.23182      -35.51926       61.52117
wrapping first mol.:       50.23182      -35.51926       61.52117
wrapping first mol.:       50.23182      -35.51926       61.52117
wrapping first mol.:       50.23182      -35.51926       61.52117
wrapping first mol.:       50.23182      -35.51926       61.52117
wrapping first mol.:       50.23182      -35.51926       61.52117
wrapping first mol.:       50.23182      -35.51926       61.52117
wrapping first mol.:       50.23182      -35.51926       61.52117

 NSTEP =   400000   TIME(PS) =     800.000  TEMP(K) =   303.17  PRESS =     0.0
 Etot   =   -108937.3041  EKtot   =     20612.7715  EPtot      =   -129550.0755
 BOND   =       689.7776  ANGLE   =      1767.5545  DIHED      =      1224.3758
 UB     =         0.0000  IMP     =         0.0000  CMAP       =       138.8320
 1-4 NB =       767.6023  1-4 EEL =     10591.9808  VDWAALS    =     15516.4521
 EELEC  =   -160246.6506  EHBOND  =         0.0000  RESTRAINT  =         0.0000
 ------------------------------------------------------------------------------

wrapping first mol.:       50.23182      -35.51926       61.52117
wrapping first mol.:       50.23182      -35.51926       61.52117
wrapping first mol.:       50.23182      -35.51926       61.52117
wrapping first mol.:       50.23182      -35.51926       61.52117
wrapping first mol.:       50.23182      -35.51926       61.52117
wrapping first mol.:       50.23182      -35.51926       61.52117
wrapping first mol.:       50.23182      -35.51926       61.52117
wrapping first mol.:       50.23182      -35.51926       61.52117
wrapping first mol.:       50.23182      -35.51926       61.52117
wrapping first mol.:       50.23182      -35.51926       61.52117
wrapping first mol.:       50.23182      -35.51926       61.52117

 NSTEP =   450000   TIME(PS) =     900.000  TEMP(K) =   299.79  PRESS =     0.0
 Etot   =   -109063.0687  EKtot   =     20383.0742  EPtot      =   -129446.1429
 BOND   =       688.5743  ANGLE   =      1733.4078  DIHED      =      1208.5643
 UB     =         0.0000  IMP     =         0.0000  CMAP       =       133.9552
 1-4 NB =       782.1558  1-4 EEL =     10711.4055  VDWAALS    =     15560.1581
 EELEC  =   -160264.3638  EHBOND  =         0.0000  RESTRAINT  =         0.0000
 ------------------------------------------------------------------------------

wrapping first mol.:       50.23182      -35.51926       61.52117
wrapping first mol.:       50.23182      -35.51926       61.52117
wrapping first mol.:       50.23182      -35.51926       61.52117
wrapping first mol.:       50.23182      -35.51926       61.52117
wrapping first mol.:       50.23182      -35.51926       61.52117
wrapping first mol.:       50.23182      -35.51926       61.52117
wrapping first mol.:       50.23182      -35.51926       61.52117
wrapping first mol.:       50.23182      -35.51926       61.52117
wrapping first mol.:       50.23182      -35.51926       61.52117
wrapping first mol.:       50.23182      -35.51926       61.52117
wrapping first mol.:       50.23182      -35.51926       61.52117

 NSTEP =   500000   TIME(PS) =    1000.000  TEMP(K) =   297.99  PRESS =     0.0
 Etot   =   -109162.3699  EKtot   =     20260.7305  EPtot      =   -129423.1003
 BOND   =       650.8922  ANGLE   =      1755.6865  DIHED      =      1223.3833
 UB     =         0.0000  IMP     =         0.0000  CMAP       =       138.2966
 1-4 NB =       782.0450  1-4 EEL =     10691.8277  VDWAALS    =     15753.7009
 EELEC  =   -160418.9325  EHBOND  =         0.0000  RESTRAINT  =         0.0000
 ------------------------------------------------------------------------------

wrapping first mol.:       50.23182      -35.51926       61.52117
wrapping first mol.:       50.23182      -35.51926       61.52117
wrapping first mol.:       50.23182      -35.51926       61.52117
wrapping first mol.:       50.23182      -35.51926       61.52117
wrapping first mol.:       50.23182      -35.51926       61.52117
wrapping first mol.:       50.23182      -35.51926       61.52117
wrapping first mol.:       50.23182      -35.51926       61.52117
wrapping first mol.:       50.23182      -35.51926       61.52117
wrapping first mol.:       50.23182      -35.51926       61.52117
wrapping first mol.:       50.23182      -35.51926       61.52117
wrapping first mol.:       50.23182      -35.51926       61.52117

 NSTEP =   550000   TIME(PS) =    1100.000  TEMP(K) =   298.14  PRESS =     0.0
 Etot   =   -109124.1429  EKtot   =     20270.8906  EPtot      =   -129395.0335
 BOND   =       700.8465  ANGLE   =      1768.4754  DIHED      =      1239.5663
 UB     =         0.0000  IMP     =         0.0000  CMAP       =       132.3065
 1-4 NB =       753.5243  1-4 EEL =     10666.5042  VDWAALS    =     15273.7256
 EELEC  =   -159929.9822  EHBOND  =         0.0000  RESTRAINT  =         0.0000
 ------------------------------------------------------------------------------

wrapping first mol.:       50.23182      -35.51926       61.52117
wrapping first mol.:       50.23182      -35.51926       61.52117
wrapping first mol.:       50.23182      -35.51926       61.52117
wrapping first mol.:       50.23182      -35.51926       61.52117
wrapping first mol.:       50.23182      -35.51926       61.52117
wrapping first mol.:       50.23182      -35.51926       61.52117
wrapping first mol.:       50.23182      -35.51926       61.52117
wrapping first mol.:       50.23182      -35.51926       61.52117
wrapping first mol.:       50.23182      -35.51926       61.52117
wrapping first mol.:       50.23182      -35.51926       61.52117
wrapping first mol.:       50.23182      -35.51926       61.52117

 NSTEP =   600000   TIME(PS) =    1200.000  TEMP(K) =   301.26  PRESS =     0.0
 Etot   =   -109014.3100  EKtot   =     20483.1719  EPtot      =   -129497.4819
 BOND   =       660.7520  ANGLE   =      1777.8022  DIHED      =      1190.7103
 UB     =         0.0000  IMP     =         0.0000  CMAP       =       151.0331
 1-4 NB =       774.1013  1-4 EEL =     10665.8598  VDWAALS    =     15569.7546
 EELEC  =   -160287.4952  EHBOND  =         0.0000  RESTRAINT  =         0.0000
 ------------------------------------------------------------------------------

wrapping first mol.:       50.23182      -35.51926       61.52117
wrapping first mol.:       50.23182      -35.51926       61.52117
wrapping first mol.:       50.23182      -35.51926       61.52117
wrapping first mol.:       50.23182      -35.51926       61.52117
wrapping first mol.:       50.23182      -35.51926       61.52117
wrapping first mol.:       50.23182      -35.51926       61.52117
wrapping first mol.:       50.23182      -35.51926       61.52117
wrapping first mol.:       50.23182      -35.51926       61.52117
wrapping first mol.:       50.23182      -35.51926       61.52117
wrapping first mol.:       50.23182      -35.51926       61.52117
wrapping first mol.:       50.23182      -35.51926       61.52117

 NSTEP =   650000   TIME(PS) =    1300.000  TEMP(K) =   302.17  PRESS =     0.0
 Etot   =   -108805.1990  EKtot   =     20545.0742  EPtot      =   -129350.2732
 BOND   =       694.5169  ANGLE   =      1731.7553  DIHED      =      1183.7054
 UB     =         0.0000  IMP     =         0.0000  CMAP       =       149.4602
 1-4 NB =       796.5644  1-4 EEL =     10688.3189  VDWAALS    =     15408.4463
 EELEC  =   -160003.0406  EHBOND  =         0.0000  RESTRAINT  =         0.0000
 ------------------------------------------------------------------------------

wrapping first mol.:       50.23182      -35.51926       61.52117
wrapping first mol.:       50.23182      -35.51926       61.52117
wrapping first mol.:       50.23182      -35.51926       61.52117
wrapping first mol.:       50.23182      -35.51926       61.52117
wrapping first mol.:       50.23182      -35.51926       61.52117
wrapping first mol.:       50.23182      -35.51926       61.52117
wrapping first mol.:       50.23182      -35.51926       61.52117
wrapping first mol.:       50.23182      -35.51926       61.52117
wrapping first mol.:       50.23182      -35.51926       61.52117
wrapping first mol.:       50.23182      -35.51926       61.52117
wrapping first mol.:       50.23182      -35.51926       61.52117

 NSTEP =   700000   TIME(PS) =    1400.000  TEMP(K) =   299.74  PRESS =     0.0
 Etot   =   -108980.9294  EKtot   =     20379.8789  EPtot      =   -129360.8083
 BOND   =       651.6427  ANGLE   =      1731.3870  DIHED      =      1229.8040
 UB     =         0.0000  IMP     =         0.0000  CMAP       =       137.3564
 1-4 NB =       792.1555  1-4 EEL =     10657.5473  VDWAALS    =     15292.0485
 EELEC  =   -159852.7497  EHBOND  =         0.0000  RESTRAINT  =         0.0000
 ------------------------------------------------------------------------------

wrapping first mol.:       50.23182      -35.51926       61.52117
wrapping first mol.:       50.23182      -35.51926       61.52117
wrapping first mol.:       50.23182      -35.51926       61.52117
wrapping first mol.:       50.23182      -35.51926       61.52117
wrapping first mol.:       50.23182      -35.51926       61.52117
wrapping first mol.:       50.23182      -35.51926       61.52117
wrapping first mol.:       50.23182      -35.51926       61.52117
wrapping first mol.:       50.23182      -35.51926       61.52117
wrapping first mol.:       50.23182      -35.51926       61.52117
wrapping first mol.:       50.23182      -35.51926       61.52117
wrapping first mol.:       50.23182      -35.51926       61.52117

 NSTEP =   750000   TIME(PS) =    1500.000  TEMP(K) =   298.25  PRESS =     0.0
 Etot   =   -109247.2108  EKtot   =     20278.6602  EPtot      =   -129525.8709
 BOND   =       704.0490  ANGLE   =      1750.4516  DIHED      =      1193.8563
 UB     =         0.0000  IMP     =         0.0000  CMAP       =       147.8579
 1-4 NB =       788.3424  1-4 EEL =     10724.1874  VDWAALS    =     15674.2301
 EELEC  =   -160508.8457  EHBOND  =         0.0000  RESTRAINT  =         0.0000
 ------------------------------------------------------------------------------

wrapping first mol.:       50.23182      -35.51926       61.52117
wrapping first mol.:       50.23182      -35.51926       61.52117
wrapping first mol.:       50.23182      -35.51926       61.52117
wrapping first mol.:       50.23182      -35.51926       61.52117
wrapping first mol.:       50.23182      -35.51926       61.52117
wrapping first mol.:       50.23182      -35.51926       61.52117
wrapping first mol.:       50.23182      -35.51926       61.52117
wrapping first mol.:       50.23182      -35.51926       61.52117
wrapping first mol.:       50.23182      -35.51926       61.52117
wrapping first mol.:       50.23182      -35.51926       61.52117
wrapping first mol.:       50.23182      -35.51926       61.52117

 NSTEP =   800000   TIME(PS) =    1600.000  TEMP(K) =   301.02  PRESS =     0.0
 Etot   =   -109128.9621  EKtot   =     20466.6719  EPtot      =   -129595.6340
 BOND   =       715.1565  ANGLE   =      1795.6086  DIHED      =      1209.1336
 UB     =         0.0000  IMP     =         0.0000  CMAP       =       149.4572
 1-4 NB =       767.7984  1-4 EEL =     10647.8126  VDWAALS    =     15547.1916
 EELEC  =   -160427.7924  EHBOND  =         0.0000  RESTRAINT  =         0.0000
 ------------------------------------------------------------------------------

wrapping first mol.:       50.23182      -35.51926       61.52117
wrapping first mol.:       50.23182      -35.51926       61.52117
wrapping first mol.:       50.23182      -35.51926       61.52117
wrapping first mol.:       50.23182      -35.51926       61.52117
wrapping first mol.:       50.23182      -35.51926       61.52117
wrapping first mol.:       50.23182      -35.51926       61.52117
wrapping first mol.:       50.23182      -35.51926       61.52117
wrapping first mol.:       50.23182      -35.51926       61.52117
wrapping first mol.:       50.23182      -35.51926       61.52117
wrapping first mol.:       50.23182      -35.51926       61.52117
wrapping first mol.:       50.23182      -35.51926       61.52117

 NSTEP =   850000   TIME(PS) =    1700.000  TEMP(K) =   300.33  PRESS =     0.0
 Etot   =   -108910.5031  EKtot   =     20420.0605  EPtot      =   -129330.5636
 BOND   =       667.7373  ANGLE   =      1718.3479  DIHED      =      1184.0274
 UB     =         0.0000  IMP     =         0.0000  CMAP       =       147.9952
 1-4 NB =       784.5929  1-4 EEL =     10635.8157  VDWAALS    =     15387.9553
 EELEC  =   -159857.0354  EHBOND  =         0.0000  RESTRAINT  =         0.0000
 ------------------------------------------------------------------------------

wrapping first mol.:       50.23182      -35.51926       61.52117
wrapping first mol.:       50.23182      -35.51926       61.52117
wrapping first mol.:       50.23182      -35.51926       61.52117
wrapping first mol.:       50.23182      -35.51926       61.52117
wrapping first mol.:       50.23182      -35.51926       61.52117
wrapping first mol.:       50.23182      -35.51926       61.52117
wrapping first mol.:       50.23182      -35.51926       61.52117
wrapping first mol.:       50.23182      -35.51926       61.52117
wrapping first mol.:       50.23182      -35.51926       61.52117
wrapping first mol.:       50.23182      -35.51926       61.52117
wrapping first mol.:       50.23182      -35.51926       61.52117

 NSTEP =   900000   TIME(PS) =    1800.000  TEMP(K) =   297.05  PRESS =     0.0
 Etot   =   -109287.1171  EKtot   =     20197.2324  EPtot      =   -129484.3496
 BOND   =       656.1474  ANGLE   =      1752.0426  DIHED      =      1212.9114
 UB     =         0.0000  IMP     =         0.0000  CMAP       =       140.5703
 1-4 NB =       797.4476  1-4 EEL =     10629.1996  VDWAALS    =     15465.1060
 EELEC  =   -160137.7744  EHBOND  =         0.0000  RESTRAINT  =         0.0000
 ------------------------------------------------------------------------------

wrapping first mol.:       50.23182      -35.51926       61.52117
wrapping first mol.:       50.23182      -35.51926       61.52117
wrapping first mol.:       50.23182      -35.51926       61.52117
wrapping first mol.:       50.23182      -35.51926       61.52117
wrapping first mol.:       50.23182      -35.51926       61.52117
wrapping first mol.:       50.23182      -35.51926       61.52117
wrapping first mol.:       50.23182      -35.51926       61.52117
wrapping first mol.:       50.23182      -35.51926       61.52117
wrapping first mol.:       50.23182      -35.51926       61.52117
wrapping first mol.:       50.23182      -35.51926       61.52117
wrapping first mol.:       50.23182      -35.51926       61.52117

 NSTEP =   950000   TIME(PS) =    1900.000  TEMP(K) =   300.40  PRESS =     0.0
 Etot   =   -109105.8443  EKtot   =     20424.6934  EPtot      =   -129530.5377
 BOND   =       702.4429  ANGLE   =      1757.2365  DIHED      =      1211.1482
 UB     =         0.0000  IMP     =         0.0000  CMAP       =       141.9750
 1-4 NB =       778.1943  1-4 EEL =     10621.8700  VDWAALS    =     15158.7464
 EELEC  =   -159902.1509  EHBOND  =         0.0000  RESTRAINT  =         0.0000
 ------------------------------------------------------------------------------

wrapping first mol.:       50.23182      -35.51926       61.52117
wrapping first mol.:       50.23182      -35.51926       61.52117
wrapping first mol.:       50.23182      -35.51926       61.52117
wrapping first mol.:       50.23182      -35.51926       61.52117
wrapping first mol.:       50.23182      -35.51926       61.52117
wrapping first mol.:       50.23182      -35.51926       61.52117
wrapping first mol.:       50.23182      -35.51926       61.52117
wrapping first mol.:       50.23182      -35.51926       61.52117
wrapping first mol.:       50.23182      -35.51926       61.52117
wrapping first mol.:       50.23182      -35.51926       61.52117
wrapping first mol.:       50.23182      -35.51926       61.52117

 NSTEP =  1000000   TIME(PS) =    2000.000  TEMP(K) =   302.91  PRESS =     0.0
 Etot   =   -109004.5250  EKtot   =     20595.4570  EPtot      =   -129599.9821
 BOND   =       639.5648  ANGLE   =      1780.4430  DIHED      =      1200.3189
 UB     =         0.0000  IMP     =         0.0000  CMAP       =       151.6909
 1-4 NB =       811.5096  1-4 EEL =     10647.5071  VDWAALS    =     15480.5988
 EELEC  =   -160311.6150  EHBOND  =         0.0000  RESTRAINT  =         0.0000
 ------------------------------------------------------------------------------

wrapping first mol.:       50.23182      -35.51926       61.52117
wrapping first mol.:       50.23182      -35.51926       61.52117
wrapping first mol.:       50.23182      -35.51926       61.52117
wrapping first mol.:       50.23182      -35.51926       61.52117
wrapping first mol.:       50.23182      -35.51926       61.52117
wrapping first mol.:       50.23182      -35.51926       61.52117
wrapping first mol.:       50.23182      -35.51926       61.52117
wrapping first mol.:       50.23182      -35.51926       61.52117
wrapping first mol.:       50.23182      -35.51926       61.52117
wrapping first mol.:       50.23182      -35.51926       61.52117
wrapping first mol.:       50.23182      -35.51926       61.52117

 NSTEP =  1050000   TIME(PS) =    2100.000  TEMP(K) =   299.94  PRESS =     0.0
 Etot   =   -109221.5636  EKtot   =     20393.3770  EPtot      =   -129614.9405
 BOND   =       687.9830  ANGLE   =      1729.1750  DIHED      =      1191.9950
 UB     =         0.0000  IMP     =         0.0000  CMAP       =       149.0760
 1-4 NB =       784.6962  1-4 EEL =     10675.8039  VDWAALS    =     15440.3299
 EELEC  =   -160273.9996  EHBOND  =         0.0000  RESTRAINT  =         0.0000
 ------------------------------------------------------------------------------

wrapping first mol.:       50.23182      -35.51926       61.52117
wrapping first mol.:       50.23182      -35.51926       61.52117
wrapping first mol.:       50.23182      -35.51926       61.52117
wrapping first mol.:       50.23182      -35.51926       61.52117
wrapping first mol.:       50.23182      -35.51926       61.52117
wrapping first mol.:       50.23182      -35.51926       61.52117
wrapping first mol.:       50.23182      -35.51926       61.52117
wrapping first mol.:       50.23182      -35.51926       61.52117
wrapping first mol.:       50.23182      -35.51926       61.52117
wrapping first mol.:       50.23182      -35.51926       61.52117
wrapping first mol.:       50.23182      -35.51926       61.52117

 NSTEP =  1100000   TIME(PS) =    2200.000  TEMP(K) =   299.72  PRESS =     0.0
 Etot   =   -108845.9133  EKtot   =     20378.5254  EPtot      =   -129224.4387
 BOND   =       663.6546  ANGLE   =      1847.4793  DIHED      =      1209.6737
 UB     =         0.0000  IMP     =         0.0000  CMAP       =       151.0605
 1-4 NB =       781.1383  1-4 EEL =     10567.3535  VDWAALS    =     15455.8505
 EELEC  =   -159900.6492  EHBOND  =         0.0000  RESTRAINT  =         0.0000
 ------------------------------------------------------------------------------

wrapping first mol.:       50.23182      -35.51926       61.52117
wrapping first mol.:       50.23182      -35.51926       61.52117
wrapping first mol.:       50.23182      -35.51926       61.52117
wrapping first mol.:       50.23182      -35.51926       61.52117
wrapping first mol.:       50.23182      -35.51926       61.52117
wrapping first mol.:       50.23182      -35.51926       61.52117
wrapping first mol.:       50.23182      -35.51926       61.52117
wrapping first mol.:       50.23182      -35.51926       61.52117
wrapping first mol.:       50.23182      -35.51926       61.52117
wrapping first mol.:       50.23182      -35.51926       61.52117
wrapping first mol.:       50.23182      -35.51926       61.52117

 NSTEP =  1150000   TIME(PS) =    2300.000  TEMP(K) =   300.99  PRESS =     0.0
 Etot   =   -109096.2369  EKtot   =     20464.9258  EPtot      =   -129561.1627
 BOND   =       682.6227  ANGLE   =      1750.2295  DIHED      =      1201.2758
 UB     =         0.0000  IMP     =         0.0000  CMAP       =       134.6194
 1-4 NB =       774.1537  1-4 EEL =     10625.2469  VDWAALS    =     15731.7087
 EELEC  =   -160461.0193  EHBOND  =         0.0000  RESTRAINT  =         0.0000
 ------------------------------------------------------------------------------

wrapping first mol.:       50.23182      -35.51926       61.52117
wrapping first mol.:       50.23182      -35.51926       61.52117
wrapping first mol.:       50.23182      -35.51926       61.52117
wrapping first mol.:       50.23182      -35.51926       61.52117
wrapping first mol.:       50.23182      -35.51926       61.52117
wrapping first mol.:       50.23182      -35.51926       61.52117
wrapping first mol.:       50.23182      -35.51926       61.52117
wrapping first mol.:       50.23182      -35.51926       61.52117
wrapping first mol.:       50.23182      -35.51926       61.52117
wrapping first mol.:       50.23182      -35.51926       61.52117
wrapping first mol.:       50.23182      -35.51926       61.52117

 NSTEP =  1200000   TIME(PS) =    2400.000  TEMP(K) =   299.66  PRESS =     0.0
 Etot   =   -109087.5012  EKtot   =     20374.0840  EPtot      =   -129461.5852
 BOND   =       660.9544  ANGLE   =      1771.5477  DIHED      =      1202.0355
 UB     =         0.0000  IMP     =         0.0000  CMAP       =       139.5970
 1-4 NB =       778.7503  1-4 EEL =     10688.8894  VDWAALS    =     15603.1531
 EELEC  =   -160306.5126  EHBOND  =         0.0000  RESTRAINT  =         0.0000
 ------------------------------------------------------------------------------

wrapping first mol.:       50.23182      -35.51926       61.52117
wrapping first mol.:       50.23182      -35.51926       61.52117
wrapping first mol.:       50.23182      -35.51926       61.52117
wrapping first mol.:       50.23182      -35.51926       61.52117
wrapping first mol.:       50.23182      -35.51926       61.52117
wrapping first mol.:       50.23182      -35.51926       61.52117
wrapping first mol.:       50.23182      -35.51926       61.52117
wrapping first mol.:       50.23182      -35.51926       61.52117
wrapping first mol.:       50.23182      -35.51926       61.52117
wrapping first mol.:       50.23182      -35.51926       61.52117
wrapping first mol.:       50.23182      -35.51926       61.52117

 NSTEP =  1250000   TIME(PS) =    2500.000  TEMP(K) =   300.60  PRESS =     0.0
 Etot   =   -109110.3909  EKtot   =     20438.3379  EPtot      =   -129548.7288
 BOND   =       669.2979  ANGLE   =      1726.4149  DIHED      =      1201.1272
 UB     =         0.0000  IMP     =         0.0000  CMAP       =       142.6651
 1-4 NB =       778.2417  1-4 EEL =     10676.3219  VDWAALS    =     15420.1974
 EELEC  =   -160162.9948  EHBOND  =         0.0000  RESTRAINT  =         0.0000
 ------------------------------------------------------------------------------

wrapping first mol.:       50.23182      -35.51926       61.52117
wrapping first mol.:       50.23182      -35.51926       61.52117
wrapping first mol.:       50.23182      -35.51926       61.52117
wrapping first mol.:       50.23182      -35.51926       61.52117
wrapping first mol.:       50.23182      -35.51926       61.52117
wrapping first mol.:       50.23182      -35.51926       61.52117
wrapping first mol.:       50.23182      -35.51926       61.52117
wrapping first mol.:       50.23182      -35.51926       61.52117
wrapping first mol.:       50.23182      -35.51926       61.52117
wrapping first mol.:       50.23182      -35.51926       61.52117
wrapping first mol.:       50.23182      -35.51926       61.52117

 NSTEP =  1300000   TIME(PS) =    2600.000  TEMP(K) =   297.76  PRESS =     0.0
 Etot   =   -109323.3057  EKtot   =     20245.2285  EPtot      =   -129568.5342
 BOND   =       651.6156  ANGLE   =      1730.6584  DIHED      =      1197.5741
 UB     =         0.0000  IMP     =         0.0000  CMAP       =       139.0393
 1-4 NB =       793.6574  1-4 EEL =     10756.3025  VDWAALS    =     15480.0097
 EELEC  =   -160317.3913  EHBOND  =         0.0000  RESTRAINT  =         0.0000
 ------------------------------------------------------------------------------

wrapping first mol.:       50.23182      -35.51926       61.52117
wrapping first mol.:       50.23182      -35.51926       61.52117
wrapping first mol.:       50.23182      -35.51926       61.52117
wrapping first mol.:       50.23182      -35.51926       61.52117
wrapping first mol.:       50.23182      -35.51926       61.52117
wrapping first mol.:       50.23182      -35.51926       61.52117
wrapping first mol.:       50.23182      -35.51926       61.52117
wrapping first mol.:       50.23182      -35.51926       61.52117
wrapping first mol.:       50.23182      -35.51926       61.52117
wrapping first mol.:       50.23182      -35.51926       61.52117
wrapping first mol.:       50.23182      -35.51926       61.52117

 NSTEP =  1350000   TIME(PS) =    2700.000  TEMP(K) =   299.33  PRESS =     0.0
 Etot   =   -108832.5338  EKtot   =     20351.7578  EPtot      =   -129184.2917
 BOND   =       682.1586  ANGLE   =      1806.8868  DIHED      =      1226.3917
 UB     =         0.0000  IMP     =         0.0000  CMAP       =       142.7213
 1-4 NB =       795.9626  1-4 EEL =     10709.6464  VDWAALS    =     15120.4349
 EELEC  =   -159668.4941  EHBOND  =         0.0000  RESTRAINT  =         0.0000
 ------------------------------------------------------------------------------

wrapping first mol.:       50.23182      -35.51926       61.52117
wrapping first mol.:       50.23182      -35.51926       61.52117
wrapping first mol.:       50.23182      -35.51926       61.52117
wrapping first mol.:       50.23182      -35.51926       61.52117
wrapping first mol.:       50.23182      -35.51926       61.52117
wrapping first mol.:       50.23182      -35.51926       61.52117
wrapping first mol.:       50.23182      -35.51926       61.52117
wrapping first mol.:       50.23182      -35.51926       61.52117
wrapping first mol.:       50.23182      -35.51926       61.52117
wrapping first mol.:       50.23182      -35.51926       61.52117
wrapping first mol.:       50.23182      -35.51926       61.52117

 NSTEP =  1400000   TIME(PS) =    2800.000  TEMP(K) =   298.86  PRESS =     0.0
 Etot   =   -109038.3744  EKtot   =     20319.9141  EPtot      =   -129358.2885
 BOND   =       650.0005  ANGLE   =      1759.6008  DIHED      =      1181.1883
 UB     =         0.0000  IMP     =         0.0000  CMAP       =       129.5596
 1-4 NB =       812.9922  1-4 EEL =     10737.7431  VDWAALS    =     15673.7105
 EELEC  =   -160303.0835  EHBOND  =         0.0000  RESTRAINT  =         0.0000
 ------------------------------------------------------------------------------

wrapping first mol.:       50.23182      -35.51926       61.52117
wrapping first mol.:       50.23182      -35.51926       61.52117
wrapping first mol.:       50.23182      -35.51926       61.52117
wrapping first mol.:       50.23182      -35.51926       61.52117
wrapping first mol.:       50.23182      -35.51926       61.52117
wrapping first mol.:       50.23182      -35.51926       61.52117
wrapping first mol.:       50.23182      -35.51926       61.52117
wrapping first mol.:       50.23182      -35.51926       61.52117
wrapping first mol.:       50.23182      -35.51926       61.52117
wrapping first mol.:       50.23182      -35.51926       61.52117
wrapping first mol.:       50.23182      -35.51926       61.52117

 NSTEP =  1450000   TIME(PS) =    2900.000  TEMP(K) =   299.24  PRESS =     0.0
 Etot   =   -109028.0899  EKtot   =     20346.1445  EPtot      =   -129374.2344
 BOND   =       664.3540  ANGLE   =      1740.4811  DIHED      =      1207.9602
 UB     =         0.0000  IMP     =         0.0000  CMAP       =       155.3168
 1-4 NB =       784.6135  1-4 EEL =     10690.2433  VDWAALS    =     15752.2269
 EELEC  =   -160369.4303  EHBOND  =         0.0000  RESTRAINT  =         0.0000
 ------------------------------------------------------------------------------

wrapping first mol.:       50.23182      -35.51926       61.52117
wrapping first mol.:       50.23182      -35.51926       61.52117
wrapping first mol.:       50.23182      -35.51926       61.52117
wrapping first mol.:       50.23182      -35.51926       61.52117
wrapping first mol.:       50.23182      -35.51926       61.52117
wrapping first mol.:       50.23182      -35.51926       61.52117
wrapping first mol.:       50.23182      -35.51926       61.52117
wrapping first mol.:       50.23182      -35.51926       61.52117
wrapping first mol.:       50.23182      -35.51926       61.52117
wrapping first mol.:       50.23182      -35.51926       61.52117
wrapping first mol.:       50.23182      -35.51926       61.52117

 NSTEP =  1500000   TIME(PS) =    3000.000  TEMP(K) =   302.00  PRESS =     0.0
 Etot   =   -108603.4506  EKtot   =     20533.3516  EPtot      =   -129136.8022
 BOND   =       664.5464  ANGLE   =      1765.8415  DIHED      =      1229.6457
 UB     =         0.0000  IMP     =         0.0000  CMAP       =       149.6464
 1-4 NB =       789.0327  1-4 EEL =     10729.1369  VDWAALS    =     15497.6443
 EELEC  =   -159962.2960  EHBOND  =         0.0000  RESTRAINT  =         0.0000
 ------------------------------------------------------------------------------

wrapping first mol.:       50.23182      -35.51926       61.52117
wrapping first mol.:       50.23182      -35.51926       61.52117
wrapping first mol.:       50.23182      -35.51926       61.52117
wrapping first mol.:       50.23182      -35.51926       61.52117
wrapping first mol.:       50.23182      -35.51926       61.52117
wrapping first mol.:       50.23182      -35.51926       61.52117
wrapping first mol.:       50.23182      -35.51926       61.52117
wrapping first mol.:       50.23182      -35.51926       61.52117
wrapping first mol.:       50.23182      -35.51926       61.52117
wrapping first mol.:       50.23182      -35.51926       61.52117
wrapping first mol.:       50.23182      -35.51926       61.52117

 NSTEP =  1550000   TIME(PS) =    3100.000  TEMP(K) =   299.16  PRESS =     0.0
 Etot   =   -109012.3465  EKtot   =     20340.1523  EPtot      =   -129352.4988
 BOND   =       709.8106  ANGLE   =      1698.5676  DIHED      =      1207.2308
 UB     =         0.0000  IMP     =         0.0000  CMAP       =       141.3684
 1-4 NB =       787.8807  1-4 EEL =     10701.9758  VDWAALS    =     15235.3630
 EELEC  =   -159834.6957  EHBOND  =         0.0000  RESTRAINT  =         0.0000
 ------------------------------------------------------------------------------

wrapping first mol.:       50.23182      -35.51926       61.52117
wrapping first mol.:       50.23182      -35.51926       61.52117
wrapping first mol.:       50.23182      -35.51926       61.52117
wrapping first mol.:       50.23182      -35.51926       61.52117
wrapping first mol.:       50.23182      -35.51926       61.52117
wrapping first mol.:       50.23182      -35.51926       61.52117
wrapping first mol.:       50.23182      -35.51926       61.52117
wrapping first mol.:       50.23182      -35.51926       61.52117
wrapping first mol.:       50.23182      -35.51926       61.52117
wrapping first mol.:       50.23182      -35.51926       61.52117
wrapping first mol.:       50.23182      -35.51926       61.52117

 NSTEP =  1600000   TIME(PS) =    3200.000  TEMP(K) =   299.00  PRESS =     0.0
 Etot   =   -109084.6681  EKtot   =     20329.5293  EPtot      =   -129414.1974
 BOND   =       686.4384  ANGLE   =      1749.3574  DIHED      =      1202.3178
 UB     =         0.0000  IMP     =         0.0000  CMAP       =       150.5015
 1-4 NB =       773.4175  1-4 EEL =     10624.1147  VDWAALS    =     15188.1032
 EELEC  =   -159788.4479  EHBOND  =         0.0000  RESTRAINT  =         0.0000
 ------------------------------------------------------------------------------

wrapping first mol.:       50.23182      -35.51926       61.52117
wrapping first mol.:       50.23182      -35.51926       61.52117
wrapping first mol.:       50.23182      -35.51926       61.52117
wrapping first mol.:       50.23182      -35.51926       61.52117
wrapping first mol.:       50.23182      -35.51926       61.52117
wrapping first mol.:       50.23182      -35.51926       61.52117
wrapping first mol.:       50.23182      -35.51926       61.52117
wrapping first mol.:       50.23182      -35.51926       61.52117
wrapping first mol.:       50.23182      -35.51926       61.52117
wrapping first mol.:       50.23182      -35.51926       61.52117
wrapping first mol.:       50.23182      -35.51926       61.52117

 NSTEP =  1650000   TIME(PS) =    3300.000  TEMP(K) =   297.93  PRESS =     0.0
 Etot   =   -109110.4599  EKtot   =     20256.6465  EPtot      =   -129367.1064
 BOND   =       665.6794  ANGLE   =      1810.1762  DIHED      =      1225.9358
 UB     =         0.0000  IMP     =         0.0000  CMAP       =       148.1757
 1-4 NB =       766.1641  1-4 EEL =     10660.2082  VDWAALS    =     15575.6776
 EELEC  =   -160219.1234  EHBOND  =         0.0000  RESTRAINT  =         0.0000
 ------------------------------------------------------------------------------

wrapping first mol.:       50.23182      -35.51926       61.52117
wrapping first mol.:       50.23182      -35.51926       61.52117
wrapping first mol.:       50.23182      -35.51926       61.52117
wrapping first mol.:       50.23182      -35.51926       61.52117
wrapping first mol.:       50.23182      -35.51926       61.52117
wrapping first mol.:       50.23182      -35.51926       61.52117
wrapping first mol.:       50.23182      -35.51926       61.52117
wrapping first mol.:       50.23182      -35.51926       61.52117
wrapping first mol.:       50.23182      -35.51926       61.52117
wrapping first mol.:       50.23182      -35.51926       61.52117
wrapping first mol.:       50.23182      -35.51926       61.52117

 NSTEP =  1700000   TIME(PS) =    3400.000  TEMP(K) =   300.36  PRESS =     0.0
 Etot   =   -108874.4225  EKtot   =     20421.8301  EPtot      =   -129296.2526
 BOND   =       642.3608  ANGLE   =      1731.4669  DIHED      =      1223.2395
 UB     =         0.0000  IMP     =         0.0000  CMAP       =       139.8258
 1-4 NB =       798.6238  1-4 EEL =     10696.8643  VDWAALS    =     15382.2629
 EELEC  =   -159910.8967  EHBOND  =         0.0000  RESTRAINT  =         0.0000
 ------------------------------------------------------------------------------

wrapping first mol.:       50.23182      -35.51926       61.52117
wrapping first mol.:       50.23182      -35.51926       61.52117
wrapping first mol.:       50.23182      -35.51926       61.52117
wrapping first mol.:       50.23182      -35.51926       61.52117
wrapping first mol.:       50.23182      -35.51926       61.52117
wrapping first mol.:       50.23182      -35.51926       61.52117
wrapping first mol.:       50.23182      -35.51926       61.52117
wrapping first mol.:       50.23182      -35.51926       61.52117
wrapping first mol.:       50.23182      -35.51926       61.52117
wrapping first mol.:       50.23182      -35.51926       61.52117
wrapping first mol.:       50.23182      -35.51926       61.52117

 NSTEP =  1750000   TIME(PS) =    3500.000  TEMP(K) =   300.73  PRESS =     0.0
 Etot   =   -108875.6099  EKtot   =     20447.2949  EPtot      =   -129322.9048
 BOND   =       671.2028  ANGLE   =      1725.9205  DIHED      =      1199.2303
 UB     =         0.0000  IMP     =         0.0000  CMAP       =       152.3867
 1-4 NB =       784.3557  1-4 EEL =     10661.7914  VDWAALS    =     15513.2662
 EELEC  =   -160031.0585  EHBOND  =         0.0000  RESTRAINT  =         0.0000
 ------------------------------------------------------------------------------

wrapping first mol.:       50.23182      -35.51926       61.52117
wrapping first mol.:       50.23182      -35.51926       61.52117
wrapping first mol.:       50.23182      -35.51926       61.52117
wrapping first mol.:       50.23182      -35.51926       61.52117
wrapping first mol.:       50.23182      -35.51926       61.52117
wrapping first mol.:       50.23182      -35.51926       61.52117
wrapping first mol.:       50.23182      -35.51926       61.52117
wrapping first mol.:       50.23182      -35.51926       61.52117
wrapping first mol.:       50.23182      -35.51926       61.52117
wrapping first mol.:       50.23182      -35.51926       61.52117
wrapping first mol.:       50.23182      -35.51926       61.52117

 NSTEP =  1800000   TIME(PS) =    3600.000  TEMP(K) =   298.33  PRESS =     0.0
 Etot   =   -109232.6017  EKtot   =     20284.2109  EPtot      =   -129516.8126
 BOND   =       641.1385  ANGLE   =      1749.9609  DIHED      =      1200.8000
 UB     =         0.0000  IMP     =         0.0000  CMAP       =       135.0957
 1-4 NB =       787.8495  1-4 EEL =     10689.8628  VDWAALS    =     15126.7732
 EELEC  =   -159848.2933  EHBOND  =         0.0000  RESTRAINT  =         0.0000
 ------------------------------------------------------------------------------

wrapping first mol.:       50.23182      -35.51926       61.52117
wrapping first mol.:       50.23182      -35.51926       61.52117
wrapping first mol.:       50.23182      -35.51926       61.52117
wrapping first mol.:       50.23182      -35.51926       61.52117
wrapping first mol.:       50.23182      -35.51926       61.52117
wrapping first mol.:       50.23182      -35.51926       61.52117
wrapping first mol.:       50.23182      -35.51926       61.52117
wrapping first mol.:       50.23182      -35.51926       61.52117
wrapping first mol.:       50.23182      -35.51926       61.52117
wrapping first mol.:       50.23182      -35.51926       61.52117
wrapping first mol.:       50.23182      -35.51926       61.52117

 NSTEP =  1850000   TIME(PS) =    3700.000  TEMP(K) =   300.27  PRESS =     0.0
 Etot   =   -109119.6947  EKtot   =     20415.8105  EPtot      =   -129535.5053
 BOND   =       665.8507  ANGLE   =      1699.6024  DIHED      =      1216.3892
 UB     =         0.0000  IMP     =         0.0000  CMAP       =       147.5972
 1-4 NB =       788.8243  1-4 EEL =     10710.4484  VDWAALS    =     15115.1523
 EELEC  =   -159879.3697  EHBOND  =         0.0000  RESTRAINT  =         0.0000
 ------------------------------------------------------------------------------

wrapping first mol.:       50.23182      -35.51926       61.52117
wrapping first mol.:       50.23182      -35.51926       61.52117
wrapping first mol.:       50.23182      -35.51926       61.52117
wrapping first mol.:       50.23182      -35.51926       61.52117
wrapping first mol.:       50.23182      -35.51926       61.52117
wrapping first mol.:       50.23182      -35.51926       61.52117
wrapping first mol.:       50.23182      -35.51926       61.52117
wrapping first mol.:       50.23182      -35.51926       61.52117
wrapping first mol.:       50.23182      -35.51926       61.52117
wrapping first mol.:       50.23182      -35.51926       61.52117
wrapping first mol.:       50.23182      -35.51926       61.52117

 NSTEP =  1900000   TIME(PS) =    3800.000  TEMP(K) =   300.23  PRESS =     0.0
 Etot   =   -108739.9437  EKtot   =     20412.8574  EPtot      =   -129152.8011
 BOND   =       639.6658  ANGLE   =      1800.7155  DIHED      =      1190.9889
 UB     =         0.0000  IMP     =         0.0000  CMAP       =       143.9523
 1-4 NB =       789.9438  1-4 EEL =     10701.1599  VDWAALS    =     15476.5590
 EELEC  =   -159895.7864  EHBOND  =         0.0000  RESTRAINT  =         0.0000
 ------------------------------------------------------------------------------

wrapping first mol.:       50.23182      -35.51926       61.52117
wrapping first mol.:       50.23182      -35.51926       61.52117
wrapping first mol.:       50.23182      -35.51926       61.52117
wrapping first mol.:       50.23182      -35.51926       61.52117
wrapping first mol.:       50.23182      -35.51926       61.52117
wrapping first mol.:       50.23182      -35.51926       61.52117
wrapping first mol.:       50.23182      -35.51926       61.52117
wrapping first mol.:       50.23182      -35.51926       61.52117
wrapping first mol.:       50.23182      -35.51926       61.52117
wrapping first mol.:       50.23182      -35.51926       61.52117
wrapping first mol.:       50.23182      -35.51926       61.52117

 NSTEP =  1950000   TIME(PS) =    3900.000  TEMP(K) =   300.12  PRESS =     0.0
 Etot   =   -109240.5394  EKtot   =     20405.6934  EPtot      =   -129646.2328
 BOND   =       622.7922  ANGLE   =      1766.0374  DIHED      =      1195.4475
 UB     =         0.0000  IMP     =         0.0000  CMAP       =       148.0936
 1-4 NB =       794.4040  1-4 EEL =     10678.6368  VDWAALS    =     15454.5394
 EELEC  =   -160306.1836  EHBOND  =         0.0000  RESTRAINT  =         0.0000
 ------------------------------------------------------------------------------

wrapping first mol.:       50.23182      -35.51926       61.52117
wrapping first mol.:       50.23182      -35.51926       61.52117
wrapping first mol.:       50.23182      -35.51926       61.52117
wrapping first mol.:       50.23182      -35.51926       61.52117
wrapping first mol.:       50.23182      -35.51926       61.52117
wrapping first mol.:       50.23182      -35.51926       61.52117
wrapping first mol.:       50.23182      -35.51926       61.52117
wrapping first mol.:       50.23182      -35.51926       61.52117
wrapping first mol.:       50.23182      -35.51926       61.52117
wrapping first mol.:       50.23182      -35.51926       61.52117
wrapping first mol.:       50.23182      -35.51926       61.52117

 NSTEP =  2000000   TIME(PS) =    4000.000  TEMP(K) =   300.16  PRESS =     0.0
 Etot   =   -109117.2134  EKtot   =     20408.7070  EPtot      =   -129525.9205
 BOND   =       666.1824  ANGLE   =      1788.6830  DIHED      =      1224.7990
 UB     =         0.0000  IMP     =         0.0000  CMAP       =       158.3578
 1-4 NB =       775.3814  1-4 EEL =     10664.5527  VDWAALS    =     15623.3629
 EELEC  =   -160427.2396  EHBOND  =         0.0000  RESTRAINT  =         0.0000
 ------------------------------------------------------------------------------

wrapping first mol.:       50.23182      -35.51926       61.52117
wrapping first mol.:       50.23182      -35.51926       61.52117
wrapping first mol.:       50.23182      -35.51926       61.52117
wrapping first mol.:       50.23182      -35.51926       61.52117
wrapping first mol.:       50.23182      -35.51926       61.52117
wrapping first mol.:       50.23182      -35.51926       61.52117
wrapping first mol.:       50.23182      -35.51926       61.52117
wrapping first mol.:       50.23182      -35.51926       61.52117
wrapping first mol.:       50.23182      -35.51926       61.52117
wrapping first mol.:       50.23182      -35.51926       61.52117
wrapping first mol.:       50.23182      -35.51926       61.52117

 NSTEP =  2050000   TIME(PS) =    4100.000  TEMP(K) =   299.05  PRESS =     0.0
 Etot   =   -108979.2900  EKtot   =     20333.0801  EPtot      =   -129312.3701
 BOND   =       661.4296  ANGLE   =      1756.8132  DIHED      =      1204.4987
 UB     =         0.0000  IMP     =         0.0000  CMAP       =       148.2407
 1-4 NB =       784.9535  1-4 EEL =     10662.6075  VDWAALS    =     15313.5698
 EELEC  =   -159844.4831  EHBOND  =         0.0000  RESTRAINT  =         0.0000
 ------------------------------------------------------------------------------

wrapping first mol.:       50.23182      -35.51926       61.52117
wrapping first mol.:       50.23182      -35.51926       61.52117
wrapping first mol.:       50.23182      -35.51926       61.52117
wrapping first mol.:       50.23182      -35.51926       61.52117
wrapping first mol.:       50.23182      -35.51926       61.52117
wrapping first mol.:       50.23182      -35.51926       61.52117
wrapping first mol.:       50.23182      -35.51926       61.52117
wrapping first mol.:       50.23182      -35.51926       61.52117
wrapping first mol.:       50.23182      -35.51926       61.52117
wrapping first mol.:       50.23182      -35.51926       61.52117
wrapping first mol.:       50.23182      -35.51926       61.52117

 NSTEP =  2100000   TIME(PS) =    4200.000  TEMP(K) =   301.88  PRESS =     0.0
 Etot   =   -108704.4007  EKtot   =     20525.6504  EPtot      =   -129230.0511
 BOND   =       655.8865  ANGLE   =      1809.6326  DIHED      =      1237.9849
 UB     =         0.0000  IMP     =         0.0000  CMAP       =       166.9575
 1-4 NB =       805.4956  1-4 EEL =     10619.5298  VDWAALS    =     15272.8882
 EELEC  =   -159798.4262  EHBOND  =         0.0000  RESTRAINT  =         0.0000
 ------------------------------------------------------------------------------

wrapping first mol.:       50.23182      -35.51926       61.52117
wrapping first mol.:       50.23182      -35.51926       61.52117
wrapping first mol.:       50.23182      -35.51926       61.52117
wrapping first mol.:       50.23182      -35.51926       61.52117
wrapping first mol.:       50.23182      -35.51926       61.52117
wrapping first mol.:       50.23182      -35.51926       61.52117
wrapping first mol.:       50.23182      -35.51926       61.52117
wrapping first mol.:       50.23182      -35.51926       61.52117
wrapping first mol.:       50.23182      -35.51926       61.52117
wrapping first mol.:       50.23182      -35.51926       61.52117
wrapping first mol.:       50.23182      -35.51926       61.52117

 NSTEP =  2150000   TIME(PS) =    4300.000  TEMP(K) =   299.38  PRESS =     0.0
 Etot   =   -108880.8191  EKtot   =     20355.5879  EPtot      =   -129236.4070
 BOND   =       649.2202  ANGLE   =      1824.0811  DIHED      =      1222.7210
 UB     =         0.0000  IMP     =         0.0000  CMAP       =       139.2693
 1-4 NB =       795.9190  1-4 EEL =     10628.7194  VDWAALS    =     15324.6396
 EELEC  =   -159820.9766  EHBOND  =         0.0000  RESTRAINT  =         0.0000
 ------------------------------------------------------------------------------

wrapping first mol.:       50.23182      -35.51926       61.52117
wrapping first mol.:       50.23182      -35.51926       61.52117
wrapping first mol.:       50.23182      -35.51926       61.52117
wrapping first mol.:       50.23182      -35.51926       61.52117
wrapping first mol.:       50.23182      -35.51926       61.52117
wrapping first mol.:       50.23182      -35.51926       61.52117
wrapping first mol.:       50.23182      -35.51926       61.52117
wrapping first mol.:       50.23182      -35.51926       61.52117
wrapping first mol.:       50.23182      -35.51926       61.52117
wrapping first mol.:       50.23182      -35.51926       61.52117
wrapping first mol.:       50.23182      -35.51926       61.52117

 NSTEP =  2200000   TIME(PS) =    4400.000  TEMP(K) =   300.89  PRESS =     0.0
 Etot   =   -108935.0753  EKtot   =     20457.8281  EPtot      =   -129392.9034
 BOND   =       654.1952  ANGLE   =      1824.4079  DIHED      =      1231.3329
 UB     =         0.0000  IMP     =         0.0000  CMAP       =       139.0308
 1-4 NB =       774.1532  1-4 EEL =     10641.5230  VDWAALS    =     15402.7454
 EELEC  =   -160060.2920  EHBOND  =         0.0000  RESTRAINT  =         0.0000
 ------------------------------------------------------------------------------

wrapping first mol.:       50.23182      -35.51926       61.52117
wrapping first mol.:       50.23182      -35.51926       61.52117
wrapping first mol.:       50.23182      -35.51926       61.52117
wrapping first mol.:       50.23182      -35.51926       61.52117
wrapping first mol.:       50.23182      -35.51926       61.52117
wrapping first mol.:       50.23182      -35.51926       61.52117
wrapping first mol.:       50.23182      -35.51926       61.52117
wrapping first mol.:       50.23182      -35.51926       61.52117
wrapping first mol.:       50.23182      -35.51926       61.52117
wrapping first mol.:       50.23182      -35.51926       61.52117
wrapping first mol.:       50.23182      -35.51926       61.52117

 NSTEP =  2250000   TIME(PS) =    4500.000  TEMP(K) =   296.17  PRESS =     0.0
 Etot   =   -109283.7012  EKtot   =     20137.4238  EPtot      =   -129421.1251
 BOND   =       634.1837  ANGLE   =      1774.6021  DIHED      =      1196.1456
 UB     =         0.0000  IMP     =         0.0000  CMAP       =       146.6693
 1-4 NB =       786.3280  1-4 EEL =     10669.7080  VDWAALS    =     15510.5003
 EELEC  =   -160139.2621  EHBOND  =         0.0000  RESTRAINT  =         0.0000
 ------------------------------------------------------------------------------

wrapping first mol.:       50.23182      -35.51926       61.52117
wrapping first mol.:       50.23182      -35.51926       61.52117
wrapping first mol.:       50.23182      -35.51926       61.52117
wrapping first mol.:       50.23182      -35.51926       61.52117
wrapping first mol.:       50.23182      -35.51926       61.52117
wrapping first mol.:       50.23182      -35.51926       61.52117
wrapping first mol.:       50.23182      -35.51926       61.52117
wrapping first mol.:       50.23182      -35.51926       61.52117
wrapping first mol.:       50.23182      -35.51926       61.52117
wrapping first mol.:       50.23182      -35.51926       61.52117
wrapping first mol.:       50.23182      -35.51926       61.52117

 NSTEP =  2300000   TIME(PS) =    4600.000  TEMP(K) =   301.70  PRESS =     0.0
 Etot   =   -108852.9196  EKtot   =     20512.9609  EPtot      =   -129365.8806
 BOND   =       656.4181  ANGLE   =      1781.5461  DIHED      =      1193.5056
 UB     =         0.0000  IMP     =         0.0000  CMAP       =       153.9061
 1-4 NB =       766.3476  1-4 EEL =     10672.5296  VDWAALS    =     15500.9177
 EELEC  =   -160091.0513  EHBOND  =         0.0000  RESTRAINT  =         0.0000
 ------------------------------------------------------------------------------

wrapping first mol.:       50.23182      -35.51926       61.52117
wrapping first mol.:       50.23182      -35.51926       61.52117
wrapping first mol.:       50.23182      -35.51926       61.52117
wrapping first mol.:       50.23182      -35.51926       61.52117
wrapping first mol.:       50.23182      -35.51926       61.52117
wrapping first mol.:       50.23182      -35.51926       61.52117
wrapping first mol.:       50.23182      -35.51926       61.52117
wrapping first mol.:       50.23182      -35.51926       61.52117
wrapping first mol.:       50.23182      -35.51926       61.52117
wrapping first mol.:       50.23182      -35.51926       61.52117
wrapping first mol.:       50.23182      -35.51926       61.52117

 NSTEP =  2350000   TIME(PS) =    4700.000  TEMP(K) =   299.70  PRESS =     0.0
 Etot   =   -108767.1889  EKtot   =     20376.8477  EPtot      =   -129144.0365
 BOND   =       708.9076  ANGLE   =      1786.3915  DIHED      =      1206.0617
 UB     =         0.0000  IMP     =         0.0000  CMAP       =       143.3804
 1-4 NB =       780.1939  1-4 EEL =     10628.5162  VDWAALS    =     15515.1345
 EELEC  =   -159912.6225  EHBOND  =         0.0000  RESTRAINT  =         0.0000
 ------------------------------------------------------------------------------

wrapping first mol.:       50.23182      -35.51926       61.52117
wrapping first mol.:       50.23182      -35.51926       61.52117
wrapping first mol.:       50.23182      -35.51926       61.52117
wrapping first mol.:       50.23182      -35.51926       61.52117
wrapping first mol.:       50.23182      -35.51926       61.52117
wrapping first mol.:       50.23182      -35.51926       61.52117
wrapping first mol.:       50.23182      -35.51926       61.52117
wrapping first mol.:       50.23182      -35.51926       61.52117
wrapping first mol.:       50.23182      -35.51926       61.52117
wrapping first mol.:       50.23182      -35.51926       61.52117
wrapping first mol.:       50.23182      -35.51926       61.52117

 NSTEP =  2400000   TIME(PS) =    4800.000  TEMP(K) =   299.00  PRESS =     0.0
 Etot   =   -109147.6974  EKtot   =     20329.8770  EPtot      =   -129477.5743
 BOND   =       677.6104  ANGLE   =      1748.8775  DIHED      =      1204.1181
 UB     =         0.0000  IMP     =         0.0000  CMAP       =       143.8876
 1-4 NB =       795.9053  1-4 EEL =     10644.2004  VDWAALS    =     15540.2902
 EELEC  =   -160232.4638  EHBOND  =         0.0000  RESTRAINT  =         0.0000
 ------------------------------------------------------------------------------

wrapping first mol.:       50.23182      -35.51926       61.52117
wrapping first mol.:       50.23182      -35.51926       61.52117
wrapping first mol.:       50.23182      -35.51926       61.52117
wrapping first mol.:       50.23182      -35.51926       61.52117
wrapping first mol.:       50.23182      -35.51926       61.52117
wrapping first mol.:       50.23182      -35.51926       61.52117
wrapping first mol.:       50.23182      -35.51926       61.52117
wrapping first mol.:       50.23182      -35.51926       61.52117
wrapping first mol.:       50.23182      -35.51926       61.52117
wrapping first mol.:       50.23182      -35.51926       61.52117
wrapping first mol.:       50.23182      -35.51926       61.52117

 NSTEP =  2450000   TIME(PS) =    4900.000  TEMP(K) =   298.98  PRESS =     0.0
 Etot   =   -109076.1284  EKtot   =     20328.2500  EPtot      =   -129404.3784
 BOND   =       691.4282  ANGLE   =      1715.7844  DIHED      =      1180.7442
 UB     =         0.0000  IMP     =         0.0000  CMAP       =       149.2055
 1-4 NB =       778.5056  1-4 EEL =     10620.7532  VDWAALS    =     15591.8921
 EELEC  =   -160132.6915  EHBOND  =         0.0000  RESTRAINT  =         0.0000
 ------------------------------------------------------------------------------

wrapping first mol.:       50.23182      -35.51926       61.52117
wrapping first mol.:       50.23182      -35.51926       61.52117
wrapping first mol.:       50.23182      -35.51926       61.52117
wrapping first mol.:       50.23182      -35.51926       61.52117
wrapping first mol.:       50.23182      -35.51926       61.52117
wrapping first mol.:       50.23182      -35.51926       61.52117
wrapping first mol.:       50.23182      -35.51926       61.52117
wrapping first mol.:       50.23182      -35.51926       61.52117
wrapping first mol.:       50.23182      -35.51926       61.52117
wrapping first mol.:       50.23182      -35.51926       61.52117
wrapping first mol.:       50.23182      -35.51926       61.52117

 NSTEP =  2500000   TIME(PS) =    5000.000  TEMP(K) =   297.02  PRESS =     0.0
 Etot   =   -109188.8535  EKtot   =     20195.0977  EPtot      =   -129383.9512
 BOND   =       648.9739  ANGLE   =      1785.8693  DIHED      =      1206.8620
 UB     =         0.0000  IMP     =         0.0000  CMAP       =       147.6561
 1-4 NB =       796.7203  1-4 EEL =     10595.1678  VDWAALS    =     15351.5248
 EELEC  =   -159916.7254  EHBOND  =         0.0000  RESTRAINT  =         0.0000
 ------------------------------------------------------------------------------


      A V E R A G E S   O V E R      50 S T E P S


 NSTEP =  2500000   TIME(PS) =    5000.000  TEMP(K) =   299.80  PRESS =     0.0
 Etot   =   -109024.4608  EKtot   =     20383.9130  EPtot      =   -129408.3738
 BOND   =       669.5591  ANGLE   =      1760.6514  DIHED      =      1209.0006
 UB     =         0.0000  IMP     =         0.0000  CMAP       =       144.9807
 1-4 NB =       784.9728  1-4 EEL =     10668.6233  VDWAALS    =     15443.7084
 EELEC  =   -160089.8702  EHBOND  =         0.0000  RESTRAINT  =         0.0000
 ------------------------------------------------------------------------------


      R M S  F L U C T U A T I O N S


 NSTEP =  2500000   TIME(PS) =    5000.000  TEMP(K) =     1.54  PRESS =     0.0
 Etot   =       163.1113  EKtot   =       104.5537  EPtot      =       137.7122
 BOND   =        22.1828  ANGLE   =        32.7538  DIHED      =        15.0123
 UB     =         0.0000  IMP     =         0.0000  CMAP       =         7.0880
 1-4 NB =        12.2890  1-4 EEL =        40.8836  VDWAALS    =       168.7758
 EELEC  =       238.1327  EHBOND  =         0.0000  RESTRAINT  =         0.0000
 ------------------------------------------------------------------------------

--------------------------------------------------------------------------------
   5.  TIMINGS
--------------------------------------------------------------------------------

|  NonSetup CPU Time in Major Routines:
|
|     Routine           Sec        %
|     ------------------------------
|     Nonbond         901.61   11.69
|     Bond              0.00    0.00
|     Angle             0.00    0.00
|     Dihedral          0.00    0.00
|     Shake            20.78    0.27
|     RunMD          6787.25   87.99
|     Other             3.62    0.05
|     ------------------------------
|     Total          7713.27

|  PME Nonbond Pairlist CPU Time:
|
|     Routine              Sec        %
|     ---------------------------------
|     Set Up Cit           0.00    0.00
|     Build List           0.00    0.00
|     ---------------------------------
|     Total                0.00    0.00

|  PME Direct Force CPU Time:
|
|     Routine              Sec        %
|     ---------------------------------
|     NonBonded Calc       0.00    0.00
|     Exclude Masked       0.00    0.00
|     Other                1.87    0.02
|     ---------------------------------
|     Total                1.87    0.02

|  PME Reciprocal Force CPU Time:
|
|     Routine              Sec        %
|     ---------------------------------
|     1D bspline           0.00    0.00
|     Grid Charges         0.00    0.00
|     Scalar Sum           0.00    0.00
|     Gradient Sum         0.00    0.00
|     FFT                  0.00    0.00
|     ---------------------------------
|     Total                0.00    0.00

|  Final Performance Info:
|     -----------------------------------------------------
|     Average timings for last       1 steps:
|     Elapsed(s) =       0.00 Per Step(ms) =       0.16
|         ns/day =    1074.03   seconds/ns =      80.44
|
|     Average timings for all steps:
|     Elapsed(s) =    7728.52 Per Step(ms) =       3.09
|         ns/day =      55.90   seconds/ns =    1545.70
|     -----------------------------------------------------

|  Setup CPU time:            0.71 seconds
|  NonSetup CPU time:      7713.27 seconds
|  Total CPU time:         7713.98 seconds     2.14 hours

|  Setup wall time:           1    seconds
|  NonSetup wall time:     7728    seconds
|  Total wall time:        7729    seconds     2.15 hours
