
          -------------------------------------------------------
          Amber 18 PMEMD                              2018
          -------------------------------------------------------

| PMEMD implementation of SANDER, Release 18

| Run on 08/25/2020 at 14:42:39

|   Executable path: pmemd.cuda
| Working directory: /home/almacen/pbarletta/dynein/run/lf3f/1_pdt
|          Hostname: Unknown
  [-O]verwriting output

File Assignments:
|   MDIN: pre_pdt.in                                                            
|  MDOUT: 0pdt.out                                                              
| INPCRD: 1_lf3f.rst7                                                           
|   PARM: /home/almacen/pbarletta/dynein/top_files/lf3f.prmtop                  
| RESTRT: 0p1_lf3f.rst7                                                         
|   REFC: refc                                                                  
|  MDVEL: mdvel                                                                 
|   MDEN: mden                                                                  
|  MDCRD: 0p1_lf3f.nc                                                           
| MDINFO: mdinfo                                                                
|  MDFRC: mdfrc                                                                 


 Here is the input file:

Production run                                                                 
&cntrl                                                                         
imin = 0,                           ! No Minimization                          
nmropt = 0,                         ! No NMR restraints read                   
                                                                               
! Nature and format of the input                                               
ntx = 5,                            ! Coordinates and velocities will be read  
irest = 1,                          ! Do not run a new simulation              
                                                                               
! Nature and format of the output                                              
ntxo = 1,                           ! rstrt file in ASCII format               
ntpr = 50000,                       ! inf in output every ntpr steps           
ntwr = 50000,                       ! rstrt file every ntwr steps              
ntwx = 5000,                        ! mdcrd file every ntwx steps              
ntwv = 0,                           ! mdvel without velocities                 
ntwe = 0,                           ! Energies and temperatures not written in 
idecomp = 0,                        ! No energy decomposition                  
iwrap = 1,                          ! Coordinates of the restart and mdcrd file
                                                                               
! Frozen or restrained atoms                                                   
ibelly = 0,                         ! No frozen atoms                          
ntr=0,                              ! Harmonic potential restraints            
                                                                               
! Molecular dynamics                                                           
nstlim = 2500000,                   ! Number of MD-steps                       
dt = 0.002,                         ! Time step                                
                                                                               
! Temperature regulation                                                       
ntt = 3,                            ! Langevin thermostat                      
gamma_ln = 2,                       ! Gamma constant for Langevin              
temp0 = 300.0,                      ! Reference T at which the system is to be 
tempi = 300.0,                      ! Initial T                                
ig = -1,                            ! Seed for the RNG                         
                                                                               
! P and V regulation                                                           
!barostat = 1,                      ! Berendsen barostat                       
!taup = 1,                          ! Pressure relaxation time                 
ntp = 0,                            ! constant V                               
ntb = 1,                            ! Periodic box for constant V              
                                                                               
! SHAKE variables                                                              
ntc = 2,                            ! Bonds involving H are constrained        
ntf = 2,                            ! Bond interaction involving H are ommited.
                                                                               
cut = 9.0,                          ! Nonbonded cutoff                         
/                                                                              
&end                                                                           


Note: ig = -1. Setting random seed to   496028 based on wallclock time in 
      microseconds.
| irandom = 1, using AMBER's internal random number generator (default).
 
|--------------------- INFORMATION ----------------------
| GPU (CUDA) Version of PMEMD in use: NVIDIA GPU IN USE.
|                    Version 18.0.0
| 
|                      03/25/2018
| 
| Implementation by:
|                    Ross C. Walker     (SDSC)
|                    Scott Le Grand     (nVIDIA)
| 
| Version 18 performance extensions by:
|                    David Cerutti     (Rutgers)
| 
| Precision model in use:
|      [SPFP] - Single Precision Forces, 64-bit Fixed Point
|               Accumulation. (Default)
| 
|--------------------------------------------------------
 
|----------------- CITATION INFORMATION -----------------
|
|    When publishing work that utilized the CUDA version
|    of AMBER, please cite the following in addition to
|    the regular AMBER citations:
|
|  - Romelia Salomon-Ferrer; Andreas W. Goetz; Duncan
|    Poole; Scott Le Grand; Ross C. Walker "Routine
|    microsecond molecular dynamics simulations with
|    AMBER - Part II: Particle Mesh Ewald", J. Chem.
|    Theory Comput., 2013, 9 (9), pp3878-3888,
|    DOI: 10.1021/ct400314y.
|
|  - Andreas W. Goetz; Mark J. Williamson; Dong Xu;
|    Duncan Poole; Scott Le Grand; Ross C. Walker
|    "Routine microsecond molecular dynamics simulations
|    with AMBER - Part I: Generalized Born", J. Chem.
|    Theory Comput., 2012, 8 (5), pp1542-1555.
|
|  - Scott Le Grand; Andreas W. Goetz; Ross C. Walker
|    "SPFP: Speed without compromise - a mixed precision
|    model for GPU accelerated molecular dynamics
|    simulations.", Comp. Phys. Comm., 2013, 184
|    pp374-380, DOI: 10.1016/j.cpc.2012.09.022
|
|--------------------------------------------------------
 
|------------------- GPU DEVICE INFO --------------------
|
|            CUDA_VISIBLE_DEVICES: 0
|   CUDA Capable Devices Detected:      1
|           CUDA Device ID in use:      0
|                CUDA Device Name: GeForce GTX 1080 Ti
|     CUDA Device Global Mem Size:  11178 MB
| CUDA Device Num Multiprocessors:     28
|           CUDA Device Core Freq:   1.72 GHz
|
|--------------------------------------------------------
 
 
| Conditional Compilation Defines Used:
| PUBFFT
| BINTRAJ
| CUDA
| EMIL

| Largest sphere to fit in unit cell has radius =    26.344

| New format PARM file being parsed.
| Version =    1.000 Date = 08/10/20 Time = 22:23:20

| Note: 1-4 EEL scale factors are being read from the topology file.

| Note: 1-4 VDW scale factors are being read from the topology file.
| Duplicated    0 dihedrals

| Duplicated    0 dihedrals

--------------------------------------------------------------------------------
   1.  RESOURCE   USE: 
--------------------------------------------------------------------------------

 getting new box info from bottom of inpcrd
 NATOM  =   26948 NTYPES =      19 NBONH =   19404 MBONA  =    7572
 NTHETH =    3538 MTHETA =    2210 NPHIH =    7248 MPHIA  =    7124
 NHPARM =       0 NPARM  =       0 NNB   =   59014 NRES   =    6152
 NBONA  =    7572 NTHETA =    2210 NPHIA =    7124 NUMBND =      73
 NUMANG =     167 NPTRA  =     191 NATYP =      38 NPHB   =       1
 IFBOX  =       2 NMXRS  =      24 IFCAP =       0 NEXTRA =    5946
 NCOPY  =       0


| Coordinate Index Table dimensions:    11   11   11
| Direct force subcell size =     5.8663    5.8663    5.8663

     BOX TYPE: TRUNCATED OCTAHEDRON

--------------------------------------------------------------------------------
   2.  CONTROL  DATA  FOR  THE  RUN
--------------------------------------------------------------------------------

default_name                                                                    

General flags:
     imin    =       0, nmropt  =       0

Nature and format of input:
     ntx     =       5, irest   =       1, ntrx    =       1

Nature and format of output:
     ntxo    =       1, ntpr    =   50000, ntrx    =       1, ntwr    =   50000
     iwrap   =       1, ntwx    =    5000, ntwv    =       0, ntwe    =       0
     ioutfm  =       1, ntwprt  =       0, idecomp =       0, rbornstat=      0

Potential function:
     ntf     =       2, ntb     =       1, igb     =       0, nsnb    =      25
     ipol    =       0, gbsa    =       0, iesp    =       0
     dielc   =   1.00000, cut     =   9.00000, intdiel =   1.00000

Frozen or restrained atoms:
     ibelly  =       0, ntr     =       0

Molecular dynamics:
     nstlim  =   2500000, nscm    =      1000, nrespa  =         1
     t       =   0.00000, dt      =   0.00200, vlimit  =  -1.00000

Langevin dynamics temperature regulation:
     ig      =  496028
     temp0   = 300.00000, tempi   = 300.00000, gamma_ln=   2.00000

SHAKE:
     ntc     =       2, jfastw  =       0
     tol     =   0.00001

| Intermolecular bonds treatment:
|     no_intermolecular_bonds =       1

| Energy averages sample interval:
|     ene_avg_sampling =   50000

Extra-points options:
     frameon =       1, chngmask=       1

Ewald parameters:
     verbose =       0, ew_type =       0, nbflag  =       1, use_pme =       1
     vdwmeth =       1, eedmeth =       1, netfrc  =       1
     Box X =   64.529   Box Y =   64.529   Box Z =   64.529
     Alpha =  109.471   Beta  =  109.471   Gamma =  109.471
     NFFT1 =   64       NFFT2 =   64       NFFT3 =   64
     Cutoff=    9.000   Tol   =0.100E-04
     Ewald Coefficient =  0.30768
     Interpolation order =    4
|      EXTRA_PTS, trim_bonds: num bonds BEFORE trim = 19404     0
|      EXTRA_PTS, trim_bonds: num bonds AFTER  trim = 19404     0
|      EXTRA_PTS, trim_bonds: num bonds BEFORE trim =  7572     0
|      EXTRA_PTS, trim_bonds: num bonds AFTER  trim =  1626     0
|      EXTRA_PTS, trim_theta: num angle BEFORE trim =  3538     0
|      EXTRA_PTS, trim_theta: num angle AFTER  trim =  3538     0
|      EXTRA_PTS, trim_theta: num angle BEFORE trim =  2210     0
|      EXTRA_PTS, trim_theta: num angle AFTER  trim =  2210     0
|      EXTRA_PTS, trim_phi:  num diheds BEFORE trim =  7248     0
|      EXTRA_PTS, trim_phi:  num diheds AFTER  trim =  7248     0
|      EXTRA_PTS, trim_phi:  num diheds BEFORE trim =  7124     0
|      EXTRA_PTS, trim_phi:  num diheds AFTER  trim =  7124     0

--------------------------------------------------------------------------------
   3.  ATOMIC COORDINATES AND VELOCITIES
--------------------------------------------------------------------------------

Cpptraj Generated Restart                                                       
 begin time read from input coords =     0.000 ps

 
 Number of triangulated 3-point waters found:     5946

     Sum of charges from parm topology file =   0.00003251
     Forcing neutrality...

| Dynamic Memory, Types Used:
| Reals              878334
| Integers          2042486

| Nonbonded Pairs Initial Allocation:     6144144

| GPU memory information (estimate):
| KB of GPU memory in use:         0
| KB of CPU memory in use:         0

--------------------------------------------------------------------------------
   4.  RESULTS
--------------------------------------------------------------------------------

wrapping first mol.:       21.50960       30.41917       52.68754
wrapping first mol.:       21.50960       30.41917       52.68754
wrapping first mol.:       21.50960       30.41917       52.68754
wrapping first mol.:       21.50960       30.41917       52.68754
wrapping first mol.:       21.50960       30.41917       52.68754
wrapping first mol.:       21.50960       30.41917       52.68754
wrapping first mol.:       21.50960       30.41917       52.68754
wrapping first mol.:       21.50960       30.41917       52.68754
wrapping first mol.:       21.50960       30.41917       52.68754
wrapping first mol.:       21.50960       30.41917       52.68754
wrapping first mol.:       21.50960       30.41917       52.68754

 NSTEP =    50000   TIME(PS) =     100.000  TEMP(K) =   299.17  PRESS =     0.0
 Etot   =    -66397.7501  EKtot   =     12960.9434  EPtot      =    -79358.6935
 BOND   =       610.8111  ANGLE   =      1622.1120  DIHED      =      1105.6517
 UB     =         0.0000  IMP     =         0.0000  CMAP       =       159.2876
 1-4 NB =       729.5015  1-4 EEL =      9724.2168  VDWAALS    =      8591.0866
 EELEC  =   -101901.3608  EHBOND  =         0.0000  RESTRAINT  =         0.0000
 ------------------------------------------------------------------------------

wrapping first mol.:       21.50960       30.41917       52.68754
wrapping first mol.:       21.50960       30.41917       52.68754
wrapping first mol.:       21.50960       30.41917       52.68754
wrapping first mol.:       21.50960       30.41917       52.68754
wrapping first mol.:       21.50960       30.41917       52.68754
wrapping first mol.:       21.50960       30.41917       52.68754
wrapping first mol.:       21.50960       30.41917       52.68754
wrapping first mol.:       21.50960       30.41917       52.68754
wrapping first mol.:       21.50960       30.41917       52.68754
wrapping first mol.:       21.50960       30.41917       52.68754
wrapping first mol.:       21.50960       30.41917       52.68754

 NSTEP =   100000   TIME(PS) =     200.000  TEMP(K) =   296.85  PRESS =     0.0
 Etot   =    -66512.5058  EKtot   =     12860.3418  EPtot      =    -79372.8476
 BOND   =       601.4396  ANGLE   =      1610.8371  DIHED      =      1137.9694
 UB     =         0.0000  IMP     =         0.0000  CMAP       =       168.4082
 1-4 NB =       711.2661  1-4 EEL =      9723.1603  VDWAALS    =      8385.6541
 EELEC  =   -101711.5825  EHBOND  =         0.0000  RESTRAINT  =         0.0000
 ------------------------------------------------------------------------------

wrapping first mol.:       21.50960       30.41917       52.68754
wrapping first mol.:       21.50960       30.41917       52.68754
wrapping first mol.:       21.50960       30.41917       52.68754
wrapping first mol.:       21.50960       30.41917       52.68754
wrapping first mol.:       21.50960       30.41917       52.68754
wrapping first mol.:       21.50960       30.41917       52.68754
wrapping first mol.:       21.50960       30.41917       52.68754
wrapping first mol.:       21.50960       30.41917       52.68754
wrapping first mol.:       21.50960       30.41917       52.68754
wrapping first mol.:       21.50960       30.41917       52.68754
wrapping first mol.:       21.50960       30.41917       52.68754

 NSTEP =   150000   TIME(PS) =     300.000  TEMP(K) =   299.46  PRESS =     0.0
 Etot   =    -66385.1357  EKtot   =     12973.3887  EPtot      =    -79358.5244
 BOND   =       579.3730  ANGLE   =      1614.3819  DIHED      =      1132.9241
 UB     =         0.0000  IMP     =         0.0000  CMAP       =       156.3211
 1-4 NB =       722.6318  1-4 EEL =      9731.6668  VDWAALS    =      8419.9573
 EELEC  =   -101715.7804  EHBOND  =         0.0000  RESTRAINT  =         0.0000
 ------------------------------------------------------------------------------

wrapping first mol.:       21.50960       30.41917       52.68754
wrapping first mol.:       21.50960       30.41917       52.68754
wrapping first mol.:       21.50960       30.41917       52.68754
wrapping first mol.:       21.50960       30.41917       52.68754
wrapping first mol.:       21.50960       30.41917       52.68754
wrapping first mol.:       21.50960       30.41917       52.68754
wrapping first mol.:       21.50960       30.41917       52.68754
wrapping first mol.:       21.50960       30.41917       52.68754
wrapping first mol.:       21.50960       30.41917       52.68754
wrapping first mol.:       21.50960       30.41917       52.68754
wrapping first mol.:       21.50960       30.41917       52.68754

 NSTEP =   200000   TIME(PS) =     400.000  TEMP(K) =   303.20  PRESS =     0.0
 Etot   =    -66166.8890  EKtot   =     13135.3076  EPtot      =    -79302.1967
 BOND   =       569.3901  ANGLE   =      1555.3635  DIHED      =      1132.6741
 UB     =         0.0000  IMP     =         0.0000  CMAP       =       163.5987
 1-4 NB =       729.3744  1-4 EEL =      9736.3996  VDWAALS    =      8301.2888
 EELEC  =   -101490.2857  EHBOND  =         0.0000  RESTRAINT  =         0.0000
 ------------------------------------------------------------------------------

wrapping first mol.:       21.50960       30.41917       52.68754
wrapping first mol.:       21.50960       30.41917       52.68754
wrapping first mol.:       21.50960       30.41917       52.68754
wrapping first mol.:       21.50960       30.41917       52.68754
wrapping first mol.:       21.50960       30.41917       52.68754
wrapping first mol.:       21.50960       30.41917       52.68754
wrapping first mol.:       21.50960       30.41917       52.68754
wrapping first mol.:       21.50960       30.41917       52.68754
wrapping first mol.:       21.50960       30.41917       52.68754
wrapping first mol.:       21.50960       30.41917       52.68754
wrapping first mol.:       21.50960       30.41917       52.68754

 NSTEP =   250000   TIME(PS) =     500.000  TEMP(K) =   301.33  PRESS =     0.0
 Etot   =    -66230.5708  EKtot   =     13054.6309  EPtot      =    -79285.2016
 BOND   =       627.5540  ANGLE   =      1630.3505  DIHED      =      1125.7447
 UB     =         0.0000  IMP     =         0.0000  CMAP       =       153.4339
 1-4 NB =       713.4636  1-4 EEL =      9770.9337  VDWAALS    =      8580.3642
 EELEC  =   -101887.0463  EHBOND  =         0.0000  RESTRAINT  =         0.0000
 ------------------------------------------------------------------------------

wrapping first mol.:       21.50960       30.41917       52.68754
wrapping first mol.:       21.50960       30.41917       52.68754
wrapping first mol.:       21.50960       30.41917       52.68754
wrapping first mol.:       21.50960       30.41917       52.68754
wrapping first mol.:       21.50960       30.41917       52.68754
wrapping first mol.:       21.50960       30.41917       52.68754
wrapping first mol.:       21.50960       30.41917       52.68754
wrapping first mol.:       21.50960       30.41917       52.68754
wrapping first mol.:       21.50960       30.41917       52.68754
wrapping first mol.:       21.50960       30.41917       52.68754
wrapping first mol.:       21.50960       30.41917       52.68754

 NSTEP =   300000   TIME(PS) =     600.000  TEMP(K) =   297.88  PRESS =     0.0
 Etot   =    -66414.6590  EKtot   =     12904.9238  EPtot      =    -79319.5828
 BOND   =       588.5091  ANGLE   =      1553.4436  DIHED      =      1132.8894
 UB     =         0.0000  IMP     =         0.0000  CMAP       =       163.8159
 1-4 NB =       725.1484  1-4 EEL =      9738.3072  VDWAALS    =      8450.3591
 EELEC  =   -101672.0555  EHBOND  =         0.0000  RESTRAINT  =         0.0000
 ------------------------------------------------------------------------------

wrapping first mol.:       21.50960       30.41917       52.68754
wrapping first mol.:       21.50960       30.41917       52.68754
wrapping first mol.:       21.50960       30.41917       52.68754
wrapping first mol.:       21.50960       30.41917       52.68754
wrapping first mol.:       21.50960       30.41917       52.68754
wrapping first mol.:       21.50960       30.41917       52.68754
wrapping first mol.:       21.50960       30.41917       52.68754
wrapping first mol.:       21.50960       30.41917       52.68754
wrapping first mol.:       21.50960       30.41917       52.68754
wrapping first mol.:       21.50960       30.41917       52.68754
wrapping first mol.:       21.50960       30.41917       52.68754

 NSTEP =   350000   TIME(PS) =     700.000  TEMP(K) =   300.60  PRESS =     0.0
 Etot   =    -66144.1695  EKtot   =     13022.6074  EPtot      =    -79166.7769
 BOND   =       592.9231  ANGLE   =      1592.1839  DIHED      =      1154.4262
 UB     =         0.0000  IMP     =         0.0000  CMAP       =       156.5521
 1-4 NB =       720.9868  1-4 EEL =      9739.2561  VDWAALS    =      8780.3673
 EELEC  =   -101903.4724  EHBOND  =         0.0000  RESTRAINT  =         0.0000
 ------------------------------------------------------------------------------

wrapping first mol.:       21.50960       30.41917       52.68754
wrapping first mol.:       21.50960       30.41917       52.68754
wrapping first mol.:       21.50960       30.41917       52.68754
wrapping first mol.:       21.50960       30.41917       52.68754
wrapping first mol.:       21.50960       30.41917       52.68754
wrapping first mol.:       21.50960       30.41917       52.68754
wrapping first mol.:       21.50960       30.41917       52.68754
wrapping first mol.:       21.50960       30.41917       52.68754
wrapping first mol.:       21.50960       30.41917       52.68754
wrapping first mol.:       21.50960       30.41917       52.68754
wrapping first mol.:       21.50960       30.41917       52.68754

 NSTEP =   400000   TIME(PS) =     800.000  TEMP(K) =   300.99  PRESS =     0.0
 Etot   =    -66459.5648  EKtot   =     13039.6104  EPtot      =    -79499.1752
 BOND   =       607.5698  ANGLE   =      1631.6290  DIHED      =      1135.6345
 UB     =         0.0000  IMP     =         0.0000  CMAP       =       158.2820
 1-4 NB =       715.2576  1-4 EEL =      9752.3512  VDWAALS    =      8528.6418
 EELEC  =   -102028.5412  EHBOND  =         0.0000  RESTRAINT  =         0.0000
 ------------------------------------------------------------------------------

wrapping first mol.:       21.50960       30.41917       52.68754
wrapping first mol.:       21.50960       30.41917       52.68754
wrapping first mol.:       21.50960       30.41917       52.68754
wrapping first mol.:       21.50960       30.41917       52.68754
wrapping first mol.:       21.50960       30.41917       52.68754
wrapping first mol.:       21.50960       30.41917       52.68754
wrapping first mol.:       21.50960       30.41917       52.68754
wrapping first mol.:       21.50960       30.41917       52.68754
wrapping first mol.:       21.50960       30.41917       52.68754
wrapping first mol.:       21.50960       30.41917       52.68754
wrapping first mol.:       21.50960       30.41917       52.68754

 NSTEP =   450000   TIME(PS) =     900.000  TEMP(K) =   300.18  PRESS =     0.0
 Etot   =    -66136.9484  EKtot   =     13004.5791  EPtot      =    -79141.5275
 BOND   =       643.5384  ANGLE   =      1504.0228  DIHED      =      1120.7387
 UB     =         0.0000  IMP     =         0.0000  CMAP       =       150.1941
 1-4 NB =       723.1351  1-4 EEL =      9677.4995  VDWAALS    =      8361.0742
 EELEC  =   -101321.7303  EHBOND  =         0.0000  RESTRAINT  =         0.0000
 ------------------------------------------------------------------------------

wrapping first mol.:       21.50960       30.41917       52.68754
wrapping first mol.:       21.50960       30.41917       52.68754
wrapping first mol.:       21.50960       30.41917       52.68754
wrapping first mol.:       21.50960       30.41917       52.68754
wrapping first mol.:       21.50960       30.41917       52.68754
wrapping first mol.:       21.50960       30.41917       52.68754
wrapping first mol.:       21.50960       30.41917       52.68754
wrapping first mol.:       21.50960       30.41917       52.68754
wrapping first mol.:       21.50960       30.41917       52.68754
wrapping first mol.:       21.50960       30.41917       52.68754
wrapping first mol.:       21.50960       30.41917       52.68754

 NSTEP =   500000   TIME(PS) =    1000.000  TEMP(K) =   300.81  PRESS =     0.0
 Etot   =    -66589.1346  EKtot   =     13031.9688  EPtot      =    -79621.1033
 BOND   =       561.0129  ANGLE   =      1582.9435  DIHED      =      1124.0029
 UB     =         0.0000  IMP     =         0.0000  CMAP       =       154.6048
 1-4 NB =       712.5868  1-4 EEL =      9665.7204  VDWAALS    =      8533.5305
 EELEC  =   -101955.5053  EHBOND  =         0.0000  RESTRAINT  =         0.0000
 ------------------------------------------------------------------------------

wrapping first mol.:       21.50960       30.41917       52.68754
wrapping first mol.:       21.50960       30.41917       52.68754
wrapping first mol.:       21.50960       30.41917       52.68754
wrapping first mol.:       21.50960       30.41917       52.68754
wrapping first mol.:       21.50960       30.41917       52.68754
wrapping first mol.:       21.50960       30.41917       52.68754
wrapping first mol.:       21.50960       30.41917       52.68754
wrapping first mol.:       21.50960       30.41917       52.68754
wrapping first mol.:       21.50960       30.41917       52.68754
wrapping first mol.:       21.50960       30.41917       52.68754
wrapping first mol.:       21.50960       30.41917       52.68754

 NSTEP =   550000   TIME(PS) =    1100.000  TEMP(K) =   298.71  PRESS =     0.0
 Etot   =    -66139.8312  EKtot   =     12941.1494  EPtot      =    -79080.9806
 BOND   =       569.8889  ANGLE   =      1551.7686  DIHED      =      1138.1228
 UB     =         0.0000  IMP     =         0.0000  CMAP       =       156.5713
 1-4 NB =       727.3942  1-4 EEL =      9742.7323  VDWAALS    =      8442.7332
 EELEC  =   -101410.1921  EHBOND  =         0.0000  RESTRAINT  =         0.0000
 ------------------------------------------------------------------------------

wrapping first mol.:       21.50960       30.41917       52.68754
wrapping first mol.:       21.50960       30.41917       52.68754
wrapping first mol.:       21.50960       30.41917       52.68754
wrapping first mol.:       21.50960       30.41917       52.68754
wrapping first mol.:       21.50960       30.41917       52.68754
wrapping first mol.:       21.50960       30.41917       52.68754
wrapping first mol.:       21.50960       30.41917       52.68754
wrapping first mol.:       21.50960       30.41917       52.68754
wrapping first mol.:       21.50960       30.41917       52.68754
wrapping first mol.:       21.50960       30.41917       52.68754
wrapping first mol.:       21.50960       30.41917       52.68754

 NSTEP =   600000   TIME(PS) =    1200.000  TEMP(K) =   297.79  PRESS =     0.0
 Etot   =    -66415.4543  EKtot   =     12901.0820  EPtot      =    -79316.5363
 BOND   =       578.0929  ANGLE   =      1540.5076  DIHED      =      1157.6340
 UB     =         0.0000  IMP     =         0.0000  CMAP       =       162.3165
 1-4 NB =       746.3987  1-4 EEL =      9758.7774  VDWAALS    =      8424.5444
 EELEC  =   -101684.8079  EHBOND  =         0.0000  RESTRAINT  =         0.0000
 ------------------------------------------------------------------------------

wrapping first mol.:       21.50960       30.41917       52.68754
wrapping first mol.:       21.50960       30.41917       52.68754
wrapping first mol.:       21.50960       30.41917       52.68754
wrapping first mol.:       21.50960       30.41917       52.68754
wrapping first mol.:       21.50960       30.41917       52.68754
wrapping first mol.:       21.50960       30.41917       52.68754
wrapping first mol.:       21.50960       30.41917       52.68754
wrapping first mol.:       21.50960       30.41917       52.68754
wrapping first mol.:       21.50960       30.41917       52.68754
wrapping first mol.:       21.50960       30.41917       52.68754
wrapping first mol.:       21.50960       30.41917       52.68754

 NSTEP =   650000   TIME(PS) =    1300.000  TEMP(K) =   299.36  PRESS =     0.0
 Etot   =    -66186.2700  EKtot   =     12969.1982  EPtot      =    -79155.4683
 BOND   =       601.1452  ANGLE   =      1547.4449  DIHED      =      1151.4134
 UB     =         0.0000  IMP     =         0.0000  CMAP       =       163.5472
 1-4 NB =       739.5342  1-4 EEL =      9758.8151  VDWAALS    =      8440.6772
 EELEC  =   -101558.0454  EHBOND  =         0.0000  RESTRAINT  =         0.0000
 ------------------------------------------------------------------------------

wrapping first mol.:       21.50960       30.41917       52.68754
wrapping first mol.:       21.50960       30.41917       52.68754
wrapping first mol.:       21.50960       30.41917       52.68754
wrapping first mol.:       21.50960       30.41917       52.68754
wrapping first mol.:       21.50960       30.41917       52.68754
wrapping first mol.:       21.50960       30.41917       52.68754
wrapping first mol.:       21.50960       30.41917       52.68754
wrapping first mol.:       21.50960       30.41917       52.68754
wrapping first mol.:       21.50960       30.41917       52.68754
wrapping first mol.:       21.50960       30.41917       52.68754
wrapping first mol.:       21.50960       30.41917       52.68754

 NSTEP =   700000   TIME(PS) =    1400.000  TEMP(K) =   297.31  PRESS =     0.0
 Etot   =    -66442.1815  EKtot   =     12880.0859  EPtot      =    -79322.2674
 BOND   =       575.6749  ANGLE   =      1600.2669  DIHED      =      1121.2284
 UB     =         0.0000  IMP     =         0.0000  CMAP       =       138.2263
 1-4 NB =       718.5150  1-4 EEL =      9654.6803  VDWAALS    =      8273.0112
 EELEC  =   -101403.8704  EHBOND  =         0.0000  RESTRAINT  =         0.0000
 ------------------------------------------------------------------------------

wrapping first mol.:       21.50960       30.41917       52.68754
wrapping first mol.:       21.50960       30.41917       52.68754
wrapping first mol.:       21.50960       30.41917       52.68754
wrapping first mol.:       21.50960       30.41917       52.68754
wrapping first mol.:       21.50960       30.41917       52.68754
wrapping first mol.:       21.50960       30.41917       52.68754
wrapping first mol.:       21.50960       30.41917       52.68754
wrapping first mol.:       21.50960       30.41917       52.68754
wrapping first mol.:       21.50960       30.41917       52.68754
wrapping first mol.:       21.50960       30.41917       52.68754
wrapping first mol.:       21.50960       30.41917       52.68754

 NSTEP =   750000   TIME(PS) =    1500.000  TEMP(K) =   299.01  PRESS =     0.0
 Etot   =    -66171.5922  EKtot   =     12953.7705  EPtot      =    -79125.3627
 BOND   =       621.5151  ANGLE   =      1546.3367  DIHED      =      1162.0773
 UB     =         0.0000  IMP     =         0.0000  CMAP       =       168.3981
 1-4 NB =       707.2831  1-4 EEL =      9685.5667  VDWAALS    =      8114.0401
 EELEC  =   -101130.5798  EHBOND  =         0.0000  RESTRAINT  =         0.0000
 ------------------------------------------------------------------------------

wrapping first mol.:       21.50960       30.41917       52.68754
wrapping first mol.:       21.50960       30.41917       52.68754
wrapping first mol.:       21.50960       30.41917       52.68754
wrapping first mol.:       21.50960       30.41917       52.68754
wrapping first mol.:       21.50960       30.41917       52.68754
wrapping first mol.:       21.50960       30.41917       52.68754
wrapping first mol.:       21.50960       30.41917       52.68754
wrapping first mol.:       21.50960       30.41917       52.68754
wrapping first mol.:       21.50960       30.41917       52.68754
wrapping first mol.:       21.50960       30.41917       52.68754
wrapping first mol.:       21.50960       30.41917       52.68754

 NSTEP =   800000   TIME(PS) =    1600.000  TEMP(K) =   300.94  PRESS =     0.0
 Etot   =    -66187.9018  EKtot   =     13037.4580  EPtot      =    -79225.3599
 BOND   =       583.0150  ANGLE   =      1552.8017  DIHED      =      1150.9392
 UB     =         0.0000  IMP     =         0.0000  CMAP       =       163.3506
 1-4 NB =       728.6834  1-4 EEL =      9755.3065  VDWAALS    =      8239.8135
 EELEC  =   -101399.2698  EHBOND  =         0.0000  RESTRAINT  =         0.0000
 ------------------------------------------------------------------------------

wrapping first mol.:       21.50960       30.41917       52.68754
wrapping first mol.:       21.50960       30.41917       52.68754
wrapping first mol.:       21.50960       30.41917       52.68754
wrapping first mol.:       21.50960       30.41917       52.68754
wrapping first mol.:       21.50960       30.41917       52.68754
wrapping first mol.:       21.50960       30.41917       52.68754
wrapping first mol.:       21.50960       30.41917       52.68754
wrapping first mol.:       21.50960       30.41917       52.68754
wrapping first mol.:       21.50960       30.41917       52.68754
wrapping first mol.:       21.50960       30.41917       52.68754
wrapping first mol.:       21.50960       30.41917       52.68754

 NSTEP =   850000   TIME(PS) =    1700.000  TEMP(K) =   300.63  PRESS =     0.0
 Etot   =    -66258.1476  EKtot   =     13023.9395  EPtot      =    -79282.0870
 BOND   =       594.7213  ANGLE   =      1566.9416  DIHED      =      1141.0212
 UB     =         0.0000  IMP     =         0.0000  CMAP       =       162.2115
 1-4 NB =       747.7166  1-4 EEL =      9738.7171  VDWAALS    =      8613.0137
 EELEC  =   -101846.4301  EHBOND  =         0.0000  RESTRAINT  =         0.0000
 ------------------------------------------------------------------------------

wrapping first mol.:       21.50960       30.41917       52.68754
wrapping first mol.:       21.50960       30.41917       52.68754
wrapping first mol.:       21.50960       30.41917       52.68754
wrapping first mol.:       21.50960       30.41917       52.68754
wrapping first mol.:       21.50960       30.41917       52.68754
wrapping first mol.:       21.50960       30.41917       52.68754
wrapping first mol.:       21.50960       30.41917       52.68754
wrapping first mol.:       21.50960       30.41917       52.68754
wrapping first mol.:       21.50960       30.41917       52.68754
wrapping first mol.:       21.50960       30.41917       52.68754
wrapping first mol.:       21.50960       30.41917       52.68754

 NSTEP =   900000   TIME(PS) =    1800.000  TEMP(K) =   299.39  PRESS =     0.0
 Etot   =    -66577.9099  EKtot   =     12970.5400  EPtot      =    -79548.4499
 BOND   =       610.2360  ANGLE   =      1553.4584  DIHED      =      1131.6462
 UB     =         0.0000  IMP     =         0.0000  CMAP       =       159.7300
 1-4 NB =       714.1708  1-4 EEL =      9680.2895  VDWAALS    =      8622.6671
 EELEC  =   -102020.6480  EHBOND  =         0.0000  RESTRAINT  =         0.0000
 ------------------------------------------------------------------------------

wrapping first mol.:       21.50960       30.41917       52.68754
wrapping first mol.:       21.50960       30.41917       52.68754
wrapping first mol.:       21.50960       30.41917       52.68754
wrapping first mol.:       21.50960       30.41917       52.68754
wrapping first mol.:       21.50960       30.41917       52.68754
wrapping first mol.:       21.50960       30.41917       52.68754
wrapping first mol.:       21.50960       30.41917       52.68754
wrapping first mol.:       21.50960       30.41917       52.68754
wrapping first mol.:       21.50960       30.41917       52.68754
wrapping first mol.:       21.50960       30.41917       52.68754
wrapping first mol.:       21.50960       30.41917       52.68754

 NSTEP =   950000   TIME(PS) =    1900.000  TEMP(K) =   298.56  PRESS =     0.0
 Etot   =    -66325.2075  EKtot   =     12934.5479  EPtot      =    -79259.7553
 BOND   =       589.9013  ANGLE   =      1537.1536  DIHED      =      1128.2903
 UB     =         0.0000  IMP     =         0.0000  CMAP       =       167.4470
 1-4 NB =       714.6375  1-4 EEL =      9706.0425  VDWAALS    =      8421.0481
 EELEC  =   -101524.2757  EHBOND  =         0.0000  RESTRAINT  =         0.0000
 ------------------------------------------------------------------------------

wrapping first mol.:       21.50960       30.41917       52.68754
wrapping first mol.:       21.50960       30.41917       52.68754
wrapping first mol.:       21.50960       30.41917       52.68754
wrapping first mol.:       21.50960       30.41917       52.68754
wrapping first mol.:       21.50960       30.41917       52.68754
wrapping first mol.:       21.50960       30.41917       52.68754
wrapping first mol.:       21.50960       30.41917       52.68754
wrapping first mol.:       21.50960       30.41917       52.68754
wrapping first mol.:       21.50960       30.41917       52.68754
wrapping first mol.:       21.50960       30.41917       52.68754
wrapping first mol.:       21.50960       30.41917       52.68754

 NSTEP =  1000000   TIME(PS) =    2000.000  TEMP(K) =   298.48  PRESS =     0.0
 Etot   =    -66507.4537  EKtot   =     12931.1699  EPtot      =    -79438.6236
 BOND   =       613.6930  ANGLE   =      1554.9159  DIHED      =      1136.3342
 UB     =         0.0000  IMP     =         0.0000  CMAP       =       153.0916
 1-4 NB =       725.0011  1-4 EEL =      9709.1822  VDWAALS    =      8540.3108
 EELEC  =   -101871.1525  EHBOND  =         0.0000  RESTRAINT  =         0.0000
 ------------------------------------------------------------------------------

wrapping first mol.:       21.50960       30.41917       52.68754
wrapping first mol.:       21.50960       30.41917       52.68754
wrapping first mol.:       21.50960       30.41917       52.68754
wrapping first mol.:       21.50960       30.41917       52.68754
wrapping first mol.:       21.50960       30.41917       52.68754
wrapping first mol.:       21.50960       30.41917       52.68754
wrapping first mol.:       21.50960       30.41917       52.68754
wrapping first mol.:       21.50960       30.41917       52.68754
wrapping first mol.:       21.50960       30.41917       52.68754
wrapping first mol.:       21.50960       30.41917       52.68754
wrapping first mol.:       21.50960       30.41917       52.68754

 NSTEP =  1050000   TIME(PS) =    2100.000  TEMP(K) =   302.39  PRESS =     0.0
 Etot   =    -66262.2040  EKtot   =     13100.4736  EPtot      =    -79362.6776
 BOND   =       578.3652  ANGLE   =      1540.6118  DIHED      =      1157.6935
 UB     =         0.0000  IMP     =         0.0000  CMAP       =       166.5234
 1-4 NB =       710.5280  1-4 EEL =      9678.6735  VDWAALS    =      8440.7520
 EELEC  =   -101635.8250  EHBOND  =         0.0000  RESTRAINT  =         0.0000
 ------------------------------------------------------------------------------

wrapping first mol.:       21.50960       30.41917       52.68754
wrapping first mol.:       21.50960       30.41917       52.68754
wrapping first mol.:       21.50960       30.41917       52.68754
wrapping first mol.:       21.50960       30.41917       52.68754
wrapping first mol.:       21.50960       30.41917       52.68754
wrapping first mol.:       21.50960       30.41917       52.68754
wrapping first mol.:       21.50960       30.41917       52.68754
wrapping first mol.:       21.50960       30.41917       52.68754
wrapping first mol.:       21.50960       30.41917       52.68754
wrapping first mol.:       21.50960       30.41917       52.68754
wrapping first mol.:       21.50960       30.41917       52.68754

 NSTEP =  1100000   TIME(PS) =    2200.000  TEMP(K) =   300.32  PRESS =     0.0
 Etot   =    -66328.5323  EKtot   =     13010.8770  EPtot      =    -79339.4092
 BOND   =       605.3160  ANGLE   =      1589.6139  DIHED      =      1132.0869
 UB     =         0.0000  IMP     =         0.0000  CMAP       =       168.4626
 1-4 NB =       697.8177  1-4 EEL =      9762.0167  VDWAALS    =      8524.5065
 EELEC  =   -101819.2296  EHBOND  =         0.0000  RESTRAINT  =         0.0000
 ------------------------------------------------------------------------------

wrapping first mol.:       21.50960       30.41917       52.68754
wrapping first mol.:       21.50960       30.41917       52.68754
wrapping first mol.:       21.50960       30.41917       52.68754
wrapping first mol.:       21.50960       30.41917       52.68754
wrapping first mol.:       21.50960       30.41917       52.68754
wrapping first mol.:       21.50960       30.41917       52.68754
wrapping first mol.:       21.50960       30.41917       52.68754
wrapping first mol.:       21.50960       30.41917       52.68754
wrapping first mol.:       21.50960       30.41917       52.68754
wrapping first mol.:       21.50960       30.41917       52.68754
wrapping first mol.:       21.50960       30.41917       52.68754

 NSTEP =  1150000   TIME(PS) =    2300.000  TEMP(K) =   302.64  PRESS =     0.0
 Etot   =    -66421.6190  EKtot   =     13111.2031  EPtot      =    -79532.8221
 BOND   =       568.3563  ANGLE   =      1509.1484  DIHED      =      1122.8603
 UB     =         0.0000  IMP     =         0.0000  CMAP       =       167.5700
 1-4 NB =       748.4987  1-4 EEL =      9765.4085  VDWAALS    =      8489.0049
 EELEC  =   -101903.6692  EHBOND  =         0.0000  RESTRAINT  =         0.0000
 ------------------------------------------------------------------------------

wrapping first mol.:       21.50960       30.41917       52.68754
wrapping first mol.:       21.50960       30.41917       52.68754
wrapping first mol.:       21.50960       30.41917       52.68754
wrapping first mol.:       21.50960       30.41917       52.68754
wrapping first mol.:       21.50960       30.41917       52.68754
wrapping first mol.:       21.50960       30.41917       52.68754
wrapping first mol.:       21.50960       30.41917       52.68754
wrapping first mol.:       21.50960       30.41917       52.68754
wrapping first mol.:       21.50960       30.41917       52.68754
wrapping first mol.:       21.50960       30.41917       52.68754
wrapping first mol.:       21.50960       30.41917       52.68754

 NSTEP =  1200000   TIME(PS) =    2400.000  TEMP(K) =   304.97  PRESS =     0.0
 Etot   =    -66064.2616  EKtot   =     13212.3193  EPtot      =    -79276.5809
 BOND   =       604.4655  ANGLE   =      1547.0765  DIHED      =      1112.8431
 UB     =         0.0000  IMP     =         0.0000  CMAP       =       158.6380
 1-4 NB =       728.0762  1-4 EEL =      9681.9891  VDWAALS    =      8458.6635
 EELEC  =   -101568.3327  EHBOND  =         0.0000  RESTRAINT  =         0.0000
 ------------------------------------------------------------------------------

wrapping first mol.:       21.50960       30.41917       52.68754
wrapping first mol.:       21.50960       30.41917       52.68754
wrapping first mol.:       21.50960       30.41917       52.68754
wrapping first mol.:       21.50960       30.41917       52.68754
wrapping first mol.:       21.50960       30.41917       52.68754
wrapping first mol.:       21.50960       30.41917       52.68754
wrapping first mol.:       21.50960       30.41917       52.68754
wrapping first mol.:       21.50960       30.41917       52.68754
wrapping first mol.:       21.50960       30.41917       52.68754
wrapping first mol.:       21.50960       30.41917       52.68754
wrapping first mol.:       21.50960       30.41917       52.68754

 NSTEP =  1250000   TIME(PS) =    2500.000  TEMP(K) =   299.93  PRESS =     0.0
 Etot   =    -66503.7561  EKtot   =     12993.6836  EPtot      =    -79497.4397
 BOND   =       610.3531  ANGLE   =      1539.3530  DIHED      =      1116.7328
 UB     =         0.0000  IMP     =         0.0000  CMAP       =       169.2492
 1-4 NB =       709.2101  1-4 EEL =      9704.2395  VDWAALS    =      8664.1155
 EELEC  =   -102010.6928  EHBOND  =         0.0000  RESTRAINT  =         0.0000
 ------------------------------------------------------------------------------

wrapping first mol.:       21.50960       30.41917       52.68754
wrapping first mol.:       21.50960       30.41917       52.68754
wrapping first mol.:       21.50960       30.41917       52.68754
wrapping first mol.:       21.50960       30.41917       52.68754
wrapping first mol.:       21.50960       30.41917       52.68754
wrapping first mol.:       21.50960       30.41917       52.68754
wrapping first mol.:       21.50960       30.41917       52.68754
wrapping first mol.:       21.50960       30.41917       52.68754
wrapping first mol.:       21.50960       30.41917       52.68754
wrapping first mol.:       21.50960       30.41917       52.68754
wrapping first mol.:       21.50960       30.41917       52.68754

 NSTEP =  1300000   TIME(PS) =    2600.000  TEMP(K) =   301.80  PRESS =     0.0
 Etot   =    -66371.5547  EKtot   =     13074.9004  EPtot      =    -79446.4551
 BOND   =       648.2103  ANGLE   =      1501.5544  DIHED      =      1137.6510
 UB     =         0.0000  IMP     =         0.0000  CMAP       =       166.0362
 1-4 NB =       728.5040  1-4 EEL =      9676.6898  VDWAALS    =      8603.4557
 EELEC  =   -101908.5564  EHBOND  =         0.0000  RESTRAINT  =         0.0000
 ------------------------------------------------------------------------------

wrapping first mol.:       21.50960       30.41917       52.68754
wrapping first mol.:       21.50960       30.41917       52.68754
wrapping first mol.:       21.50960       30.41917       52.68754
wrapping first mol.:       21.50960       30.41917       52.68754
wrapping first mol.:       21.50960       30.41917       52.68754
wrapping first mol.:       21.50960       30.41917       52.68754
wrapping first mol.:       21.50960       30.41917       52.68754
wrapping first mol.:       21.50960       30.41917       52.68754
wrapping first mol.:       21.50960       30.41917       52.68754
wrapping first mol.:       21.50960       30.41917       52.68754
wrapping first mol.:       21.50960       30.41917       52.68754

 NSTEP =  1350000   TIME(PS) =    2700.000  TEMP(K) =   299.77  PRESS =     0.0
 Etot   =    -66202.8467  EKtot   =     12986.9453  EPtot      =    -79189.7920
 BOND   =       597.7724  ANGLE   =      1569.1321  DIHED      =      1109.9609
 UB     =         0.0000  IMP     =         0.0000  CMAP       =       172.9383
 1-4 NB =       713.7304  1-4 EEL =      9645.1537  VDWAALS    =      8462.7104
 EELEC  =   -101461.1901  EHBOND  =         0.0000  RESTRAINT  =         0.0000
 ------------------------------------------------------------------------------

wrapping first mol.:       21.50960       30.41917       52.68754
wrapping first mol.:       21.50960       30.41917       52.68754
wrapping first mol.:       21.50960       30.41917       52.68754
wrapping first mol.:       21.50960       30.41917       52.68754
wrapping first mol.:       21.50960       30.41917       52.68754
wrapping first mol.:       21.50960       30.41917       52.68754
wrapping first mol.:       21.50960       30.41917       52.68754
wrapping first mol.:       21.50960       30.41917       52.68754
wrapping first mol.:       21.50960       30.41917       52.68754
wrapping first mol.:       21.50960       30.41917       52.68754
wrapping first mol.:       21.50960       30.41917       52.68754

 NSTEP =  1400000   TIME(PS) =    2800.000  TEMP(K) =   301.46  PRESS =     0.0
 Etot   =    -66375.5927  EKtot   =     13060.0273  EPtot      =    -79435.6201
 BOND   =       595.7695  ANGLE   =      1526.1976  DIHED      =      1109.1620
 UB     =         0.0000  IMP     =         0.0000  CMAP       =       179.3240
 1-4 NB =       713.4508  1-4 EEL =      9655.1427  VDWAALS    =      8616.4973
 EELEC  =   -101831.1641  EHBOND  =         0.0000  RESTRAINT  =         0.0000
 ------------------------------------------------------------------------------

wrapping first mol.:       21.50960       30.41917       52.68754
wrapping first mol.:       21.50960       30.41917       52.68754
wrapping first mol.:       21.50960       30.41917       52.68754
wrapping first mol.:       21.50960       30.41917       52.68754
wrapping first mol.:       21.50960       30.41917       52.68754
wrapping first mol.:       21.50960       30.41917       52.68754
wrapping first mol.:       21.50960       30.41917       52.68754
wrapping first mol.:       21.50960       30.41917       52.68754
wrapping first mol.:       21.50960       30.41917       52.68754
wrapping first mol.:       21.50960       30.41917       52.68754
wrapping first mol.:       21.50960       30.41917       52.68754

 NSTEP =  1450000   TIME(PS) =    2900.000  TEMP(K) =   298.93  PRESS =     0.0
 Etot   =    -66526.8295  EKtot   =     12950.6436  EPtot      =    -79477.4731
 BOND   =       575.7858  ANGLE   =      1556.6760  DIHED      =      1117.1101
 UB     =         0.0000  IMP     =         0.0000  CMAP       =       159.6210
 1-4 NB =       713.8453  1-4 EEL =      9690.3309  VDWAALS    =      8655.4317
 EELEC  =   -101946.2737  EHBOND  =         0.0000  RESTRAINT  =         0.0000
 ------------------------------------------------------------------------------

wrapping first mol.:       21.50960       30.41917       52.68754
wrapping first mol.:       21.50960       30.41917       52.68754
wrapping first mol.:       21.50960       30.41917       52.68754
wrapping first mol.:       21.50960       30.41917       52.68754
wrapping first mol.:       21.50960       30.41917       52.68754
wrapping first mol.:       21.50960       30.41917       52.68754
wrapping first mol.:       21.50960       30.41917       52.68754
wrapping first mol.:       21.50960       30.41917       52.68754
wrapping first mol.:       21.50960       30.41917       52.68754
wrapping first mol.:       21.50960       30.41917       52.68754
wrapping first mol.:       21.50960       30.41917       52.68754

 NSTEP =  1500000   TIME(PS) =    3000.000  TEMP(K) =   298.53  PRESS =     0.0
 Etot   =    -66271.4068  EKtot   =     12933.1113  EPtot      =    -79204.5181
 BOND   =       611.9212  ANGLE   =      1530.5015  DIHED      =      1108.0734
 UB     =         0.0000  IMP     =         0.0000  CMAP       =       164.9090
 1-4 NB =       729.9068  1-4 EEL =      9710.6866  VDWAALS    =      8341.2638
 EELEC  =   -101401.7804  EHBOND  =         0.0000  RESTRAINT  =         0.0000
 ------------------------------------------------------------------------------

wrapping first mol.:       21.50960       30.41917       52.68754
wrapping first mol.:       21.50960       30.41917       52.68754
wrapping first mol.:       21.50960       30.41917       52.68754
wrapping first mol.:       21.50960       30.41917       52.68754
wrapping first mol.:       21.50960       30.41917       52.68754
wrapping first mol.:       21.50960       30.41917       52.68754
wrapping first mol.:       21.50960       30.41917       52.68754
wrapping first mol.:       21.50960       30.41917       52.68754
wrapping first mol.:       21.50960       30.41917       52.68754
wrapping first mol.:       21.50960       30.41917       52.68754
wrapping first mol.:       21.50960       30.41917       52.68754

 NSTEP =  1550000   TIME(PS) =    3100.000  TEMP(K) =   298.28  PRESS =     0.0
 Etot   =    -66531.5897  EKtot   =     12922.5195  EPtot      =    -79454.1093
 BOND   =       551.7295  ANGLE   =      1580.3632  DIHED      =      1152.8413
 UB     =         0.0000  IMP     =         0.0000  CMAP       =       160.8847
 1-4 NB =       708.0306  1-4 EEL =      9658.9295  VDWAALS    =      8509.7563
 EELEC  =   -101776.6442  EHBOND  =         0.0000  RESTRAINT  =         0.0000
 ------------------------------------------------------------------------------

wrapping first mol.:       21.50960       30.41917       52.68754
wrapping first mol.:       21.50960       30.41917       52.68754
wrapping first mol.:       21.50960       30.41917       52.68754
wrapping first mol.:       21.50960       30.41917       52.68754
wrapping first mol.:       21.50960       30.41917       52.68754
wrapping first mol.:       21.50960       30.41917       52.68754
wrapping first mol.:       21.50960       30.41917       52.68754
wrapping first mol.:       21.50960       30.41917       52.68754
wrapping first mol.:       21.50960       30.41917       52.68754
wrapping first mol.:       21.50960       30.41917       52.68754
wrapping first mol.:       21.50960       30.41917       52.68754

 NSTEP =  1600000   TIME(PS) =    3200.000  TEMP(K) =   299.18  PRESS =     0.0
 Etot   =    -66391.7190  EKtot   =     12961.2031  EPtot      =    -79352.9221
 BOND   =       590.7328  ANGLE   =      1604.7747  DIHED      =      1124.2756
 UB     =         0.0000  IMP     =         0.0000  CMAP       =       164.7365
 1-4 NB =       718.2126  1-4 EEL =      9662.6159  VDWAALS    =      8681.6055
 EELEC  =   -101899.8756  EHBOND  =         0.0000  RESTRAINT  =         0.0000
 ------------------------------------------------------------------------------

wrapping first mol.:       21.50960       30.41917       52.68754
wrapping first mol.:       21.50960       30.41917       52.68754
wrapping first mol.:       21.50960       30.41917       52.68754
wrapping first mol.:       21.50960       30.41917       52.68754
wrapping first mol.:       21.50960       30.41917       52.68754
wrapping first mol.:       21.50960       30.41917       52.68754
wrapping first mol.:       21.50960       30.41917       52.68754
wrapping first mol.:       21.50960       30.41917       52.68754
wrapping first mol.:       21.50960       30.41917       52.68754
wrapping first mol.:       21.50960       30.41917       52.68754
wrapping first mol.:       21.50960       30.41917       52.68754

 NSTEP =  1650000   TIME(PS) =    3300.000  TEMP(K) =   299.30  PRESS =     0.0
 Etot   =    -66114.4261  EKtot   =     12966.6650  EPtot      =    -79081.0911
 BOND   =       630.2833  ANGLE   =      1618.3094  DIHED      =      1132.6038
 UB     =         0.0000  IMP     =         0.0000  CMAP       =       165.5970
 1-4 NB =       722.3757  1-4 EEL =      9720.3335  VDWAALS    =      8537.0178
 EELEC  =   -101607.6117  EHBOND  =         0.0000  RESTRAINT  =         0.0000
 ------------------------------------------------------------------------------

wrapping first mol.:       21.50960       30.41917       52.68754
wrapping first mol.:       21.50960       30.41917       52.68754
wrapping first mol.:       21.50960       30.41917       52.68754
wrapping first mol.:       21.50960       30.41917       52.68754
wrapping first mol.:       21.50960       30.41917       52.68754
wrapping first mol.:       21.50960       30.41917       52.68754
wrapping first mol.:       21.50960       30.41917       52.68754
wrapping first mol.:       21.50960       30.41917       52.68754
wrapping first mol.:       21.50960       30.41917       52.68754
wrapping first mol.:       21.50960       30.41917       52.68754
wrapping first mol.:       21.50960       30.41917       52.68754

 NSTEP =  1700000   TIME(PS) =    3400.000  TEMP(K) =   299.74  PRESS =     0.0
 Etot   =    -66459.8234  EKtot   =     12985.5381  EPtot      =    -79445.3614
 BOND   =       566.5044  ANGLE   =      1551.5853  DIHED      =      1126.2213
 UB     =         0.0000  IMP     =         0.0000  CMAP       =       163.7473
 1-4 NB =       718.9376  1-4 EEL =      9745.6140  VDWAALS    =      8520.4355
 EELEC  =   -101838.4069  EHBOND  =         0.0000  RESTRAINT  =         0.0000
 ------------------------------------------------------------------------------

wrapping first mol.:       21.50960       30.41917       52.68754
wrapping first mol.:       21.50960       30.41917       52.68754
wrapping first mol.:       21.50960       30.41917       52.68754
wrapping first mol.:       21.50960       30.41917       52.68754
wrapping first mol.:       21.50960       30.41917       52.68754
wrapping first mol.:       21.50960       30.41917       52.68754
wrapping first mol.:       21.50960       30.41917       52.68754
wrapping first mol.:       21.50960       30.41917       52.68754
wrapping first mol.:       21.50960       30.41917       52.68754
wrapping first mol.:       21.50960       30.41917       52.68754
wrapping first mol.:       21.50960       30.41917       52.68754

 NSTEP =  1750000   TIME(PS) =    3500.000  TEMP(K) =   299.52  PRESS =     0.0
 Etot   =    -66229.5595  EKtot   =     12976.0732  EPtot      =    -79205.6328
 BOND   =       617.5614  ANGLE   =      1581.9913  DIHED      =      1102.1005
 UB     =         0.0000  IMP     =         0.0000  CMAP       =       170.7998
 1-4 NB =       708.9996  1-4 EEL =      9692.0704  VDWAALS    =      8597.3091
 EELEC  =   -101676.4649  EHBOND  =         0.0000  RESTRAINT  =         0.0000
 ------------------------------------------------------------------------------

wrapping first mol.:       21.50960       30.41917       52.68754
wrapping first mol.:       21.50960       30.41917       52.68754
wrapping first mol.:       21.50960       30.41917       52.68754
wrapping first mol.:       21.50960       30.41917       52.68754
wrapping first mol.:       21.50960       30.41917       52.68754
wrapping first mol.:       21.50960       30.41917       52.68754
wrapping first mol.:       21.50960       30.41917       52.68754
wrapping first mol.:       21.50960       30.41917       52.68754
wrapping first mol.:       21.50960       30.41917       52.68754
wrapping first mol.:       21.50960       30.41917       52.68754
wrapping first mol.:       21.50960       30.41917       52.68754

 NSTEP =  1800000   TIME(PS) =    3600.000  TEMP(K) =   300.81  PRESS =     0.0
 Etot   =    -66211.3739  EKtot   =     13031.9648  EPtot      =    -79243.3387
 BOND   =       601.8039  ANGLE   =      1578.9850  DIHED      =      1117.2948
 UB     =         0.0000  IMP     =         0.0000  CMAP       =       165.7356
 1-4 NB =       715.5517  1-4 EEL =      9738.3026  VDWAALS    =      8638.6070
 EELEC  =   -101799.6194  EHBOND  =         0.0000  RESTRAINT  =         0.0000
 ------------------------------------------------------------------------------

wrapping first mol.:       21.50960       30.41917       52.68754
wrapping first mol.:       21.50960       30.41917       52.68754
wrapping first mol.:       21.50960       30.41917       52.68754
wrapping first mol.:       21.50960       30.41917       52.68754
wrapping first mol.:       21.50960       30.41917       52.68754
wrapping first mol.:       21.50960       30.41917       52.68754
wrapping first mol.:       21.50960       30.41917       52.68754
wrapping first mol.:       21.50960       30.41917       52.68754
wrapping first mol.:       21.50960       30.41917       52.68754
wrapping first mol.:       21.50960       30.41917       52.68754
wrapping first mol.:       21.50960       30.41917       52.68754

 NSTEP =  1850000   TIME(PS) =    3700.000  TEMP(K) =   303.46  PRESS =     0.0
 Etot   =    -66141.8934  EKtot   =     13146.7275  EPtot      =    -79288.6210
 BOND   =       602.9287  ANGLE   =      1574.6618  DIHED      =      1126.7915
 UB     =         0.0000  IMP     =         0.0000  CMAP       =       158.9734
 1-4 NB =       714.5908  1-4 EEL =      9765.1783  VDWAALS    =      8515.8840
 EELEC  =   -101747.6294  EHBOND  =         0.0000  RESTRAINT  =         0.0000
 ------------------------------------------------------------------------------

wrapping first mol.:       21.50960       30.41917       52.68754
wrapping first mol.:       21.50960       30.41917       52.68754
wrapping first mol.:       21.50960       30.41917       52.68754
wrapping first mol.:       21.50960       30.41917       52.68754
wrapping first mol.:       21.50960       30.41917       52.68754
wrapping first mol.:       21.50960       30.41917       52.68754
wrapping first mol.:       21.50960       30.41917       52.68754
wrapping first mol.:       21.50960       30.41917       52.68754
wrapping first mol.:       21.50960       30.41917       52.68754
wrapping first mol.:       21.50960       30.41917       52.68754
wrapping first mol.:       21.50960       30.41917       52.68754

 NSTEP =  1900000   TIME(PS) =    3800.000  TEMP(K) =   302.74  PRESS =     0.0
 Etot   =    -66278.6393  EKtot   =     13115.5283  EPtot      =    -79394.1676
 BOND   =       618.8833  ANGLE   =      1590.3287  DIHED      =      1110.4282
 UB     =         0.0000  IMP     =         0.0000  CMAP       =       162.1341
 1-4 NB =       709.8936  1-4 EEL =      9708.7021  VDWAALS    =      8971.5140
 EELEC  =   -102266.0516  EHBOND  =         0.0000  RESTRAINT  =         0.0000
 ------------------------------------------------------------------------------

wrapping first mol.:       21.50960       30.41917       52.68754
wrapping first mol.:       21.50960       30.41917       52.68754
wrapping first mol.:       21.50960       30.41917       52.68754
wrapping first mol.:       21.50960       30.41917       52.68754
wrapping first mol.:       21.50960       30.41917       52.68754
wrapping first mol.:       21.50960       30.41917       52.68754
wrapping first mol.:       21.50960       30.41917       52.68754
wrapping first mol.:       21.50960       30.41917       52.68754
wrapping first mol.:       21.50960       30.41917       52.68754
wrapping first mol.:       21.50960       30.41917       52.68754
wrapping first mol.:       21.50960       30.41917       52.68754

 NSTEP =  1950000   TIME(PS) =    3900.000  TEMP(K) =   301.30  PRESS =     0.0
 Etot   =    -66430.0050  EKtot   =     13053.3047  EPtot      =    -79483.3097
 BOND   =       641.4178  ANGLE   =      1611.3647  DIHED      =      1138.6398
 UB     =         0.0000  IMP     =         0.0000  CMAP       =       156.0472
 1-4 NB =       685.7382  1-4 EEL =      9739.5947  VDWAALS    =      8279.6504
 EELEC  =   -101735.7626  EHBOND  =         0.0000  RESTRAINT  =         0.0000
 ------------------------------------------------------------------------------

wrapping first mol.:       21.50960       30.41917       52.68754
wrapping first mol.:       21.50960       30.41917       52.68754
wrapping first mol.:       21.50960       30.41917       52.68754
wrapping first mol.:       21.50960       30.41917       52.68754
wrapping first mol.:       21.50960       30.41917       52.68754
wrapping first mol.:       21.50960       30.41917       52.68754
wrapping first mol.:       21.50960       30.41917       52.68754
wrapping first mol.:       21.50960       30.41917       52.68754
wrapping first mol.:       21.50960       30.41917       52.68754
wrapping first mol.:       21.50960       30.41917       52.68754
wrapping first mol.:       21.50960       30.41917       52.68754

 NSTEP =  2000000   TIME(PS) =    4000.000  TEMP(K) =   297.44  PRESS =     0.0
 Etot   =    -66401.0834  EKtot   =     12885.9883  EPtot      =    -79287.0717
 BOND   =       596.8604  ANGLE   =      1531.7963  DIHED      =      1118.3565
 UB     =         0.0000  IMP     =         0.0000  CMAP       =       158.1023
 1-4 NB =       727.0459  1-4 EEL =      9794.2532  VDWAALS    =      8398.2953
 EELEC  =   -101611.7817  EHBOND  =         0.0000  RESTRAINT  =         0.0000
 ------------------------------------------------------------------------------

wrapping first mol.:       21.50960       30.41917       52.68754
wrapping first mol.:       21.50960       30.41917       52.68754
wrapping first mol.:       21.50960       30.41917       52.68754
wrapping first mol.:       21.50960       30.41917       52.68754
wrapping first mol.:       21.50960       30.41917       52.68754
wrapping first mol.:       21.50960       30.41917       52.68754
wrapping first mol.:       21.50960       30.41917       52.68754
wrapping first mol.:       21.50960       30.41917       52.68754
wrapping first mol.:       21.50960       30.41917       52.68754
wrapping first mol.:       21.50960       30.41917       52.68754
wrapping first mol.:       21.50960       30.41917       52.68754

 NSTEP =  2050000   TIME(PS) =    4100.000  TEMP(K) =   299.21  PRESS =     0.0
 Etot   =    -66259.4579  EKtot   =     12962.5176  EPtot      =    -79221.9755
 BOND   =       547.3923  ANGLE   =      1576.4175  DIHED      =      1143.0025
 UB     =         0.0000  IMP     =         0.0000  CMAP       =       171.2677
 1-4 NB =       719.8032  1-4 EEL =      9691.0133  VDWAALS    =      8380.0455
 EELEC  =   -101450.9174  EHBOND  =         0.0000  RESTRAINT  =         0.0000
 ------------------------------------------------------------------------------

wrapping first mol.:       21.50960       30.41917       52.68754
wrapping first mol.:       21.50960       30.41917       52.68754
wrapping first mol.:       21.50960       30.41917       52.68754
wrapping first mol.:       21.50960       30.41917       52.68754
wrapping first mol.:       21.50960       30.41917       52.68754
wrapping first mol.:       21.50960       30.41917       52.68754
wrapping first mol.:       21.50960       30.41917       52.68754
wrapping first mol.:       21.50960       30.41917       52.68754
wrapping first mol.:       21.50960       30.41917       52.68754
wrapping first mol.:       21.50960       30.41917       52.68754
wrapping first mol.:       21.50960       30.41917       52.68754

 NSTEP =  2100000   TIME(PS) =    4200.000  TEMP(K) =   300.41  PRESS =     0.0
 Etot   =    -66484.9550  EKtot   =     13014.5459  EPtot      =    -79499.5009
 BOND   =       558.7742  ANGLE   =      1538.3921  DIHED      =      1112.8811
 UB     =         0.0000  IMP     =         0.0000  CMAP       =       174.6507
 1-4 NB =       718.0648  1-4 EEL =      9706.5710  VDWAALS    =      8436.3141
 EELEC  =   -101745.1489  EHBOND  =         0.0000  RESTRAINT  =         0.0000
 ------------------------------------------------------------------------------

wrapping first mol.:       21.50960       30.41917       52.68754
wrapping first mol.:       21.50960       30.41917       52.68754
wrapping first mol.:       21.50960       30.41917       52.68754
wrapping first mol.:       21.50960       30.41917       52.68754
wrapping first mol.:       21.50960       30.41917       52.68754
wrapping first mol.:       21.50960       30.41917       52.68754
wrapping first mol.:       21.50960       30.41917       52.68754
wrapping first mol.:       21.50960       30.41917       52.68754
wrapping first mol.:       21.50960       30.41917       52.68754
wrapping first mol.:       21.50960       30.41917       52.68754
wrapping first mol.:       21.50960       30.41917       52.68754

 NSTEP =  2150000   TIME(PS) =    4300.000  TEMP(K) =   301.29  PRESS =     0.0
 Etot   =    -66014.1234  EKtot   =     13052.6484  EPtot      =    -79066.7719
 BOND   =       616.5156  ANGLE   =      1595.8287  DIHED      =      1148.5878
 UB     =         0.0000  IMP     =         0.0000  CMAP       =       154.5179
 1-4 NB =       711.5894  1-4 EEL =      9703.3534  VDWAALS    =      8666.2806
 EELEC  =   -101663.4453  EHBOND  =         0.0000  RESTRAINT  =         0.0000
 ------------------------------------------------------------------------------

wrapping first mol.:       21.50960       30.41917       52.68754
wrapping first mol.:       21.50960       30.41917       52.68754
wrapping first mol.:       21.50960       30.41917       52.68754
wrapping first mol.:       21.50960       30.41917       52.68754
wrapping first mol.:       21.50960       30.41917       52.68754
wrapping first mol.:       21.50960       30.41917       52.68754
wrapping first mol.:       21.50960       30.41917       52.68754
wrapping first mol.:       21.50960       30.41917       52.68754
wrapping first mol.:       21.50960       30.41917       52.68754
wrapping first mol.:       21.50960       30.41917       52.68754
wrapping first mol.:       21.50960       30.41917       52.68754

 NSTEP =  2200000   TIME(PS) =    4400.000  TEMP(K) =   299.02  PRESS =     0.0
 Etot   =    -66349.0787  EKtot   =     12954.4648  EPtot      =    -79303.5435
 BOND   =       612.8282  ANGLE   =      1580.8715  DIHED      =      1143.1748
 UB     =         0.0000  IMP     =         0.0000  CMAP       =       173.3939
 1-4 NB =       718.3104  1-4 EEL =      9744.9260  VDWAALS    =      8818.2573
 EELEC  =   -102095.3056  EHBOND  =         0.0000  RESTRAINT  =         0.0000
 ------------------------------------------------------------------------------

wrapping first mol.:       21.50960       30.41917       52.68754
wrapping first mol.:       21.50960       30.41917       52.68754
wrapping first mol.:       21.50960       30.41917       52.68754
wrapping first mol.:       21.50960       30.41917       52.68754
wrapping first mol.:       21.50960       30.41917       52.68754
wrapping first mol.:       21.50960       30.41917       52.68754
wrapping first mol.:       21.50960       30.41917       52.68754
wrapping first mol.:       21.50960       30.41917       52.68754
wrapping first mol.:       21.50960       30.41917       52.68754
wrapping first mol.:       21.50960       30.41917       52.68754
wrapping first mol.:       21.50960       30.41917       52.68754

 NSTEP =  2250000   TIME(PS) =    4500.000  TEMP(K) =   301.29  PRESS =     0.0
 Etot   =    -66207.4061  EKtot   =     13052.6748  EPtot      =    -79260.0809
 BOND   =       635.9185  ANGLE   =      1611.1794  DIHED      =      1163.7229
 UB     =         0.0000  IMP     =         0.0000  CMAP       =       162.1141
 1-4 NB =       716.8508  1-4 EEL =      9722.8669  VDWAALS    =      8716.0036
 EELEC  =   -101988.7371  EHBOND  =         0.0000  RESTRAINT  =         0.0000
 ------------------------------------------------------------------------------

wrapping first mol.:       21.50960       30.41917       52.68754
wrapping first mol.:       21.50960       30.41917       52.68754
wrapping first mol.:       21.50960       30.41917       52.68754
wrapping first mol.:       21.50960       30.41917       52.68754
wrapping first mol.:       21.50960       30.41917       52.68754
wrapping first mol.:       21.50960       30.41917       52.68754
wrapping first mol.:       21.50960       30.41917       52.68754
wrapping first mol.:       21.50960       30.41917       52.68754
wrapping first mol.:       21.50960       30.41917       52.68754
wrapping first mol.:       21.50960       30.41917       52.68754
wrapping first mol.:       21.50960       30.41917       52.68754

 NSTEP =  2300000   TIME(PS) =    4600.000  TEMP(K) =   302.89  PRESS =     0.0
 Etot   =    -66157.8734  EKtot   =     13122.0371  EPtot      =    -79279.9105
 BOND   =       571.9761  ANGLE   =      1571.3866  DIHED      =      1146.4211
 UB     =         0.0000  IMP     =         0.0000  CMAP       =       159.4325
 1-4 NB =       732.5235  1-4 EEL =      9775.2748  VDWAALS    =      8464.5786
 EELEC  =   -101701.5037  EHBOND  =         0.0000  RESTRAINT  =         0.0000
 ------------------------------------------------------------------------------

wrapping first mol.:       21.50960       30.41917       52.68754
wrapping first mol.:       21.50960       30.41917       52.68754
wrapping first mol.:       21.50960       30.41917       52.68754
wrapping first mol.:       21.50960       30.41917       52.68754
wrapping first mol.:       21.50960       30.41917       52.68754
wrapping first mol.:       21.50960       30.41917       52.68754
wrapping first mol.:       21.50960       30.41917       52.68754
wrapping first mol.:       21.50960       30.41917       52.68754
wrapping first mol.:       21.50960       30.41917       52.68754
wrapping first mol.:       21.50960       30.41917       52.68754
wrapping first mol.:       21.50960       30.41917       52.68754

 NSTEP =  2350000   TIME(PS) =    4700.000  TEMP(K) =   296.76  PRESS =     0.0
 Etot   =    -66608.8042  EKtot   =     12856.5820  EPtot      =    -79465.3862
 BOND   =       589.5609  ANGLE   =      1559.8109  DIHED      =      1170.7058
 UB     =         0.0000  IMP     =         0.0000  CMAP       =       161.0622
 1-4 NB =       721.8246  1-4 EEL =      9748.2883  VDWAALS    =      8603.8493
 EELEC  =   -102020.4882  EHBOND  =         0.0000  RESTRAINT  =         0.0000
 ------------------------------------------------------------------------------

wrapping first mol.:       21.50960       30.41917       52.68754
wrapping first mol.:       21.50960       30.41917       52.68754
wrapping first mol.:       21.50960       30.41917       52.68754
wrapping first mol.:       21.50960       30.41917       52.68754
wrapping first mol.:       21.50960       30.41917       52.68754
wrapping first mol.:       21.50960       30.41917       52.68754
wrapping first mol.:       21.50960       30.41917       52.68754
wrapping first mol.:       21.50960       30.41917       52.68754
wrapping first mol.:       21.50960       30.41917       52.68754
wrapping first mol.:       21.50960       30.41917       52.68754
wrapping first mol.:       21.50960       30.41917       52.68754

 NSTEP =  2400000   TIME(PS) =    4800.000  TEMP(K) =   301.14  PRESS =     0.0
 Etot   =    -66331.3757  EKtot   =     13046.3789  EPtot      =    -79377.7546
 BOND   =       604.2584  ANGLE   =      1566.9148  DIHED      =      1147.4763
 UB     =         0.0000  IMP     =         0.0000  CMAP       =       174.4750
 1-4 NB =       699.6885  1-4 EEL =      9770.6597  VDWAALS    =      8682.9001
 EELEC  =   -102024.1275  EHBOND  =         0.0000  RESTRAINT  =         0.0000
 ------------------------------------------------------------------------------

wrapping first mol.:       21.50960       30.41917       52.68754
wrapping first mol.:       21.50960       30.41917       52.68754
wrapping first mol.:       21.50960       30.41917       52.68754
wrapping first mol.:       21.50960       30.41917       52.68754
wrapping first mol.:       21.50960       30.41917       52.68754
wrapping first mol.:       21.50960       30.41917       52.68754
wrapping first mol.:       21.50960       30.41917       52.68754
wrapping first mol.:       21.50960       30.41917       52.68754
wrapping first mol.:       21.50960       30.41917       52.68754
wrapping first mol.:       21.50960       30.41917       52.68754
wrapping first mol.:       21.50960       30.41917       52.68754

 NSTEP =  2450000   TIME(PS) =    4900.000  TEMP(K) =   300.79  PRESS =     0.0
 Etot   =    -66353.9832  EKtot   =     13031.1172  EPtot      =    -79385.1004
 BOND   =       591.0867  ANGLE   =      1560.0421  DIHED      =      1144.4485
 UB     =         0.0000  IMP     =         0.0000  CMAP       =       163.9769
 1-4 NB =       731.4881  1-4 EEL =      9793.0159  VDWAALS    =      8546.4144
 EELEC  =   -101915.5730  EHBOND  =         0.0000  RESTRAINT  =         0.0000
 ------------------------------------------------------------------------------

wrapping first mol.:       21.50960       30.41917       52.68754
wrapping first mol.:       21.50960       30.41917       52.68754
wrapping first mol.:       21.50960       30.41917       52.68754
wrapping first mol.:       21.50960       30.41917       52.68754
wrapping first mol.:       21.50960       30.41917       52.68754
wrapping first mol.:       21.50960       30.41917       52.68754
wrapping first mol.:       21.50960       30.41917       52.68754
wrapping first mol.:       21.50960       30.41917       52.68754
wrapping first mol.:       21.50960       30.41917       52.68754
wrapping first mol.:       21.50960       30.41917       52.68754
wrapping first mol.:       21.50960       30.41917       52.68754

 NSTEP =  2500000   TIME(PS) =    5000.000  TEMP(K) =   299.65  PRESS =     0.0
 Etot   =    -66410.5972  EKtot   =     12981.7402  EPtot      =    -79392.3374
 BOND   =       582.8202  ANGLE   =      1500.8856  DIHED      =      1155.5977
 UB     =         0.0000  IMP     =         0.0000  CMAP       =       176.4813
 1-4 NB =       738.0775  1-4 EEL =      9788.4228  VDWAALS    =      8357.2221
 EELEC  =   -101691.8445  EHBOND  =         0.0000  RESTRAINT  =         0.0000
 ------------------------------------------------------------------------------


      A V E R A G E S   O V E R      50 S T E P S


 NSTEP =  2500000   TIME(PS) =    5000.000  TEMP(K) =   300.11  PRESS =     0.0
 Etot   =    -66326.9130  EKtot   =     13001.7129  EPtot      =    -79328.6259
 BOND   =       596.9231  ANGLE   =      1566.8924  DIHED      =      1133.4222
 UB     =         0.0000  IMP     =         0.0000  CMAP       =       163.0158
 1-4 NB =       720.0770  1-4 EEL =      9721.7988  VDWAALS    =      8512.8505
 EELEC  =   -101743.6057  EHBOND  =         0.0000  RESTRAINT  =         0.0000
 ------------------------------------------------------------------------------


      R M S  F L U C T U A T I O N S


 NSTEP =  2500000   TIME(PS) =    5000.000  TEMP(K) =     1.76  PRESS =     0.0
 Etot   =       146.9380  EKtot   =        76.2769  EPtot      =       129.5992
 BOND   =        23.5008  ANGLE   =        33.1583  DIHED      =        16.7512
 UB     =         0.0000  IMP     =         0.0000  CMAP       =         7.3371
 1-4 NB =        12.0672  1-4 EEL =        39.2268  VDWAALS    =       154.8628
 EELEC  =       227.6219  EHBOND  =         0.0000  RESTRAINT  =         0.0000
 ------------------------------------------------------------------------------

--------------------------------------------------------------------------------
   5.  TIMINGS
--------------------------------------------------------------------------------

|  NonSetup CPU Time in Major Routines:
|
|     Routine           Sec        %
|     ------------------------------
|     Nonbond         258.46   17.04
|     Bond              0.00    0.00
|     Angle             0.00    0.00
|     Dihedral          0.00    0.00
|     Shake            15.33    1.01
|     RunMD          1240.49   81.76
|     Other             2.89    0.19
|     ------------------------------
|     Total          1517.17

|  PME Nonbond Pairlist CPU Time:
|
|     Routine              Sec        %
|     ---------------------------------
|     Set Up Cit           0.00    0.00
|     Build List           0.00    0.00
|     ---------------------------------
|     Total                0.00    0.00

|  PME Direct Force CPU Time:
|
|     Routine              Sec        %
|     ---------------------------------
|     NonBonded Calc       0.00    0.00
|     Exclude Masked       0.00    0.00
|     Other                1.60    0.11
|     ---------------------------------
|     Total                1.60    0.11

|  PME Reciprocal Force CPU Time:
|
|     Routine              Sec        %
|     ---------------------------------
|     1D bspline           0.00    0.00
|     Grid Charges         0.00    0.00
|     Scalar Sum           0.00    0.00
|     Gradient Sum         0.00    0.00
|     FFT                  0.00    0.00
|     ---------------------------------
|     Total                0.00    0.00

|  Final Performance Info:
|     -----------------------------------------------------
|     Average timings for last   50000 steps:
|     Elapsed(s) =      30.57 Per Step(ms) =       0.61
|         ns/day =     282.64   seconds/ns =     305.69
|
|     Average timings for all steps:
|     Elapsed(s) =    1517.30 Per Step(ms) =       0.61
|         ns/day =     284.72   seconds/ns =     303.46
|     -----------------------------------------------------

|  Setup CPU time:            0.60 seconds
|  NonSetup CPU time:      1517.17 seconds
|  Total CPU time:         1517.77 seconds     0.42 hours

|  Setup wall time:           1    seconds
|  NonSetup wall time:     1517    seconds
|  Total wall time:        1518    seconds     0.42 hours
