
          -------------------------------------------------------
          Amber 18 PMEMD                              2018
          -------------------------------------------------------

| PMEMD implementation of SANDER, Release 18

| Run on 08/27/2020 at 10:18:02

|   Executable path: pmemd.cuda
| Working directory: /home/almacen/pbarletta/dynein/run/lf3f/2_pdt
|          Hostname: Unknown
  [-O]verwriting output

File Assignments:
|   MDIN: pre_pdt.in                                                            
|  MDOUT: 0pdt.out                                                              
| INPCRD: 2_lf3f.rst7                                                           
|   PARM: /home/almacen/pbarletta/dynein/top_files/lf3f.prmtop                  
| RESTRT: 0p2_lf3f.rst7                                                         
|   REFC: refc                                                                  
|  MDVEL: mdvel                                                                 
|   MDEN: mden                                                                  
|  MDCRD: 0p2_lf3f.nc                                                           
| MDINFO: mdinfo                                                                
|  MDFRC: mdfrc                                                                 


 Here is the input file:

Production run                                                                 
&cntrl                                                                         
imin = 0,                           ! No Minimization                          
nmropt = 0,                         ! No NMR restraints read                   
                                                                               
! Nature and format of the input                                               
ntx = 5,                            ! Coordinates and velocities will be read  
irest = 1,                          ! Do not run a new simulation              
                                                                               
! Nature and format of the output                                              
ntxo = 1,                           ! rstrt file in ASCII format               
ntpr = 50000,                       ! inf in output every ntpr steps           
ntwr = 50000,                       ! rstrt file every ntwr steps              
ntwx = 5000,                        ! mdcrd file every ntwx steps              
ntwv = 0,                           ! mdvel without velocities                 
ntwe = 0,                           ! Energies and temperatures not written in 
idecomp = 0,                        ! No energy decomposition                  
iwrap = 1,                          ! Coordinates of the restart and mdcrd file
                                                                               
! Frozen or restrained atoms                                                   
ibelly = 0,                         ! No frozen atoms                          
ntr=0,                              ! Harmonic potential restraints            
                                                                               
! Molecular dynamics                                                           
nstlim = 2500000,                   ! Number of MD-steps                       
dt = 0.002,                         ! Time step                                
                                                                               
! Temperature regulation                                                       
ntt = 3,                            ! Langevin thermostat                      
gamma_ln = 2,                       ! Gamma constant for Langevin              
temp0 = 300.0,                      ! Reference T at which the system is to be 
tempi = 300.0,                      ! Initial T                                
ig = -1,                            ! Seed for the RNG                         
                                                                               
! P and V regulation                                                           
!barostat = 1,                      ! Berendsen barostat                       
!taup = 1,                          ! Pressure relaxation time                 
ntp = 0,                            ! constant V                               
ntb = 1,                            ! Periodic box for constant V              
                                                                               
! SHAKE variables                                                              
ntc = 2,                            ! Bonds involving H are constrained        
ntf = 2,                            ! Bond interaction involving H are ommited.
                                                                               
cut = 9.0,                          ! Nonbonded cutoff                         
/                                                                              
&end                                                                           


Note: ig = -1. Setting random seed to   760318 based on wallclock time in 
      microseconds.
| irandom = 1, using AMBER's internal random number generator (default).
 
|--------------------- INFORMATION ----------------------
| GPU (CUDA) Version of PMEMD in use: NVIDIA GPU IN USE.
|                    Version 18.0.0
| 
|                      03/25/2018
| 
| Implementation by:
|                    Ross C. Walker     (SDSC)
|                    Scott Le Grand     (nVIDIA)
| 
| Version 18 performance extensions by:
|                    David Cerutti     (Rutgers)
| 
| Precision model in use:
|      [SPFP] - Single Precision Forces, 64-bit Fixed Point
|               Accumulation. (Default)
| 
|--------------------------------------------------------
 
|----------------- CITATION INFORMATION -----------------
|
|    When publishing work that utilized the CUDA version
|    of AMBER, please cite the following in addition to
|    the regular AMBER citations:
|
|  - Romelia Salomon-Ferrer; Andreas W. Goetz; Duncan
|    Poole; Scott Le Grand; Ross C. Walker "Routine
|    microsecond molecular dynamics simulations with
|    AMBER - Part II: Particle Mesh Ewald", J. Chem.
|    Theory Comput., 2013, 9 (9), pp3878-3888,
|    DOI: 10.1021/ct400314y.
|
|  - Andreas W. Goetz; Mark J. Williamson; Dong Xu;
|    Duncan Poole; Scott Le Grand; Ross C. Walker
|    "Routine microsecond molecular dynamics simulations
|    with AMBER - Part I: Generalized Born", J. Chem.
|    Theory Comput., 2012, 8 (5), pp1542-1555.
|
|  - Scott Le Grand; Andreas W. Goetz; Ross C. Walker
|    "SPFP: Speed without compromise - a mixed precision
|    model for GPU accelerated molecular dynamics
|    simulations.", Comp. Phys. Comm., 2013, 184
|    pp374-380, DOI: 10.1016/j.cpc.2012.09.022
|
|--------------------------------------------------------
 
|------------------- GPU DEVICE INFO --------------------
|
|            CUDA_VISIBLE_DEVICES: 0
|   CUDA Capable Devices Detected:      1
|           CUDA Device ID in use:      0
|                CUDA Device Name: GeForce GTX 1080 Ti
|     CUDA Device Global Mem Size:  11178 MB
| CUDA Device Num Multiprocessors:     28
|           CUDA Device Core Freq:   1.72 GHz
|
|--------------------------------------------------------
 
 
| Conditional Compilation Defines Used:
| PUBFFT
| BINTRAJ
| CUDA
| EMIL

| Largest sphere to fit in unit cell has radius =    26.344

| New format PARM file being parsed.
| Version =    1.000 Date = 08/10/20 Time = 22:23:20

| Note: 1-4 EEL scale factors are being read from the topology file.

| Note: 1-4 VDW scale factors are being read from the topology file.
| Duplicated    0 dihedrals

| Duplicated    0 dihedrals

--------------------------------------------------------------------------------
   1.  RESOURCE   USE: 
--------------------------------------------------------------------------------

 getting new box info from bottom of inpcrd
 NATOM  =   26948 NTYPES =      19 NBONH =   19404 MBONA  =    7572
 NTHETH =    3538 MTHETA =    2210 NPHIH =    7248 MPHIA  =    7124
 NHPARM =       0 NPARM  =       0 NNB   =   59014 NRES   =    6152
 NBONA  =    7572 NTHETA =    2210 NPHIA =    7124 NUMBND =      73
 NUMANG =     167 NPTRA  =     191 NATYP =      38 NPHB   =       1
 IFBOX  =       2 NMXRS  =      24 IFCAP =       0 NEXTRA =    5946
 NCOPY  =       0


| Coordinate Index Table dimensions:    11   11   11
| Direct force subcell size =     5.8663    5.8663    5.8663

     BOX TYPE: TRUNCATED OCTAHEDRON

--------------------------------------------------------------------------------
   2.  CONTROL  DATA  FOR  THE  RUN
--------------------------------------------------------------------------------

default_name                                                                    

General flags:
     imin    =       0, nmropt  =       0

Nature and format of input:
     ntx     =       5, irest   =       1, ntrx    =       1

Nature and format of output:
     ntxo    =       1, ntpr    =   50000, ntrx    =       1, ntwr    =   50000
     iwrap   =       1, ntwx    =    5000, ntwv    =       0, ntwe    =       0
     ioutfm  =       1, ntwprt  =       0, idecomp =       0, rbornstat=      0

Potential function:
     ntf     =       2, ntb     =       1, igb     =       0, nsnb    =      25
     ipol    =       0, gbsa    =       0, iesp    =       0
     dielc   =   1.00000, cut     =   9.00000, intdiel =   1.00000

Frozen or restrained atoms:
     ibelly  =       0, ntr     =       0

Molecular dynamics:
     nstlim  =   2500000, nscm    =      1000, nrespa  =         1
     t       =   0.00000, dt      =   0.00200, vlimit  =  -1.00000

Langevin dynamics temperature regulation:
     ig      =  760318
     temp0   = 300.00000, tempi   = 300.00000, gamma_ln=   2.00000

SHAKE:
     ntc     =       2, jfastw  =       0
     tol     =   0.00001

| Intermolecular bonds treatment:
|     no_intermolecular_bonds =       1

| Energy averages sample interval:
|     ene_avg_sampling =   50000

Extra-points options:
     frameon =       1, chngmask=       1

Ewald parameters:
     verbose =       0, ew_type =       0, nbflag  =       1, use_pme =       1
     vdwmeth =       1, eedmeth =       1, netfrc  =       1
     Box X =   64.529   Box Y =   64.529   Box Z =   64.529
     Alpha =  109.471   Beta  =  109.471   Gamma =  109.471
     NFFT1 =   64       NFFT2 =   64       NFFT3 =   64
     Cutoff=    9.000   Tol   =0.100E-04
     Ewald Coefficient =  0.30768
     Interpolation order =    4
|      EXTRA_PTS, trim_bonds: num bonds BEFORE trim = 19404     0
|      EXTRA_PTS, trim_bonds: num bonds AFTER  trim = 19404     0
|      EXTRA_PTS, trim_bonds: num bonds BEFORE trim =  7572     0
|      EXTRA_PTS, trim_bonds: num bonds AFTER  trim =  1626     0
|      EXTRA_PTS, trim_theta: num angle BEFORE trim =  3538     0
|      EXTRA_PTS, trim_theta: num angle AFTER  trim =  3538     0
|      EXTRA_PTS, trim_theta: num angle BEFORE trim =  2210     0
|      EXTRA_PTS, trim_theta: num angle AFTER  trim =  2210     0
|      EXTRA_PTS, trim_phi:  num diheds BEFORE trim =  7248     0
|      EXTRA_PTS, trim_phi:  num diheds AFTER  trim =  7248     0
|      EXTRA_PTS, trim_phi:  num diheds BEFORE trim =  7124     0
|      EXTRA_PTS, trim_phi:  num diheds AFTER  trim =  7124     0

--------------------------------------------------------------------------------
   3.  ATOMIC COORDINATES AND VELOCITIES
--------------------------------------------------------------------------------

Cpptraj Generated Restart                                                       
 begin time read from input coords =     0.000 ps

 
 Number of triangulated 3-point waters found:     5946

     Sum of charges from parm topology file =   0.00003251
     Forcing neutrality...

| Dynamic Memory, Types Used:
| Reals              878334
| Integers          2042486

| Nonbonded Pairs Initial Allocation:     6144144

| GPU memory information (estimate):
| KB of GPU memory in use:         0
| KB of CPU memory in use:         0

--------------------------------------------------------------------------------
   4.  RESULTS
--------------------------------------------------------------------------------

wrapping first mol.:      -43.01919       30.41917       52.68754
wrapping first mol.:      -43.01919       30.41917       52.68754
wrapping first mol.:      -43.01919       30.41917       52.68754
wrapping first mol.:      -43.01919       30.41917       52.68754
wrapping first mol.:      -43.01919       30.41917       52.68754
wrapping first mol.:      -43.01919       30.41917       52.68754
wrapping first mol.:      -43.01919       30.41917       52.68754
wrapping first mol.:      -43.01919       30.41917       52.68754
wrapping first mol.:      -43.01919       30.41917       52.68754
wrapping first mol.:      -43.01919       30.41917       52.68754
wrapping first mol.:      -43.01919       30.41917       52.68754

 NSTEP =    50000   TIME(PS) =     100.000  TEMP(K) =   302.45  PRESS =     0.0
 Etot   =    -66315.0547  EKtot   =     13103.0732  EPtot      =    -79418.1279
 BOND   =       594.1888  ANGLE   =      1553.8747  DIHED      =      1151.6308
 UB     =         0.0000  IMP     =         0.0000  CMAP       =       161.8725
 1-4 NB =       730.2446  1-4 EEL =      9722.2685  VDWAALS    =      8438.1010
 EELEC  =   -101770.3089  EHBOND  =         0.0000  RESTRAINT  =         0.0000
 ------------------------------------------------------------------------------

wrapping first mol.:      -43.01919       30.41917       52.68754
wrapping first mol.:      -43.01919       30.41917       52.68754
wrapping first mol.:      -43.01919       30.41917       52.68754
wrapping first mol.:      -43.01919       30.41917       52.68754
wrapping first mol.:      -43.01919       30.41917       52.68754
wrapping first mol.:      -43.01919       30.41917       52.68754
wrapping first mol.:      -43.01919       30.41917       52.68754
wrapping first mol.:      -43.01919       30.41917       52.68754
wrapping first mol.:      -43.01919       30.41917       52.68754
wrapping first mol.:      -43.01919       30.41917       52.68754
wrapping first mol.:      -43.01919       30.41917       52.68754

 NSTEP =   100000   TIME(PS) =     200.000  TEMP(K) =   298.83  PRESS =     0.0
 Etot   =    -66473.6412  EKtot   =     12945.9443  EPtot      =    -79419.5855
 BOND   =       618.3105  ANGLE   =      1561.9115  DIHED      =      1140.2214
 UB     =         0.0000  IMP     =         0.0000  CMAP       =       166.3770
 1-4 NB =       718.2417  1-4 EEL =      9678.1388  VDWAALS    =      8336.2040
 EELEC  =   -101638.9905  EHBOND  =         0.0000  RESTRAINT  =         0.0000
 ------------------------------------------------------------------------------

wrapping first mol.:      -43.01919       30.41917       52.68754
wrapping first mol.:      -43.01919       30.41917       52.68754
wrapping first mol.:      -43.01919       30.41917       52.68754
wrapping first mol.:      -43.01919       30.41917       52.68754
wrapping first mol.:      -43.01919       30.41917       52.68754
wrapping first mol.:      -43.01919       30.41917       52.68754
wrapping first mol.:      -43.01919       30.41917       52.68754
wrapping first mol.:      -43.01919       30.41917       52.68754
wrapping first mol.:      -43.01919       30.41917       52.68754
wrapping first mol.:      -43.01919       30.41917       52.68754
wrapping first mol.:      -43.01919       30.41917       52.68754

 NSTEP =   150000   TIME(PS) =     300.000  TEMP(K) =   297.16  PRESS =     0.0
 Etot   =    -66512.9198  EKtot   =     12873.5859  EPtot      =    -79386.5057
 BOND   =       603.3973  ANGLE   =      1568.9877  DIHED      =      1139.8229
 UB     =         0.0000  IMP     =         0.0000  CMAP       =       154.2067
 1-4 NB =       711.9690  1-4 EEL =      9747.8787  VDWAALS    =      8346.5376
 EELEC  =   -101659.3056  EHBOND  =         0.0000  RESTRAINT  =         0.0000
 ------------------------------------------------------------------------------

wrapping first mol.:      -43.01919       30.41917       52.68754
wrapping first mol.:      -43.01919       30.41917       52.68754
wrapping first mol.:      -43.01919       30.41917       52.68754
wrapping first mol.:      -43.01919       30.41917       52.68754
wrapping first mol.:      -43.01919       30.41917       52.68754
wrapping first mol.:      -43.01919       30.41917       52.68754
wrapping first mol.:      -43.01919       30.41917       52.68754
wrapping first mol.:      -43.01919       30.41917       52.68754
wrapping first mol.:      -43.01919       30.41917       52.68754
wrapping first mol.:      -43.01919       30.41917       52.68754
wrapping first mol.:      -43.01919       30.41917       52.68754

 NSTEP =   200000   TIME(PS) =     400.000  TEMP(K) =   296.66  PRESS =     0.0
 Etot   =    -66763.4526  EKtot   =     12852.1582  EPtot      =    -79615.6108
 BOND   =       578.8644  ANGLE   =      1570.2815  DIHED      =      1148.4286
 UB     =         0.0000  IMP     =         0.0000  CMAP       =       162.2126
 1-4 NB =       737.4926  1-4 EEL =      9734.0296  VDWAALS    =      8589.8181
 EELEC  =   -102136.7384  EHBOND  =         0.0000  RESTRAINT  =         0.0000
 ------------------------------------------------------------------------------

wrapping first mol.:      -43.01919       30.41917       52.68754
wrapping first mol.:      -43.01919       30.41917       52.68754
wrapping first mol.:      -43.01919       30.41917       52.68754
wrapping first mol.:      -43.01919       30.41917       52.68754
wrapping first mol.:      -43.01919       30.41917       52.68754
wrapping first mol.:      -43.01919       30.41917       52.68754
wrapping first mol.:      -43.01919       30.41917       52.68754
wrapping first mol.:      -43.01919       30.41917       52.68754
wrapping first mol.:      -43.01919       30.41917       52.68754
wrapping first mol.:      -43.01919       30.41917       52.68754
wrapping first mol.:      -43.01919       30.41917       52.68754

 NSTEP =   250000   TIME(PS) =     500.000  TEMP(K) =   299.58  PRESS =     0.0
 Etot   =    -66373.9204  EKtot   =     12978.5869  EPtot      =    -79352.5073
 BOND   =       639.0855  ANGLE   =      1544.6683  DIHED      =      1129.3017
 UB     =         0.0000  IMP     =         0.0000  CMAP       =       156.8847
 1-4 NB =       729.0704  1-4 EEL =      9702.4714  VDWAALS    =      8410.7377
 EELEC  =   -101664.7271  EHBOND  =         0.0000  RESTRAINT  =         0.0000
 ------------------------------------------------------------------------------

wrapping first mol.:      -43.01919       30.41917       52.68754
wrapping first mol.:      -43.01919       30.41917       52.68754
wrapping first mol.:      -43.01919       30.41917       52.68754
wrapping first mol.:      -43.01919       30.41917       52.68754
wrapping first mol.:      -43.01919       30.41917       52.68754
wrapping first mol.:      -43.01919       30.41917       52.68754
wrapping first mol.:      -43.01919       30.41917       52.68754
wrapping first mol.:      -43.01919       30.41917       52.68754
wrapping first mol.:      -43.01919       30.41917       52.68754
wrapping first mol.:      -43.01919       30.41917       52.68754
wrapping first mol.:      -43.01919       30.41917       52.68754

 NSTEP =   300000   TIME(PS) =     600.000  TEMP(K) =   298.02  PRESS =     0.0
 Etot   =    -66230.0744  EKtot   =     12911.0137  EPtot      =    -79141.0881
 BOND   =       571.4977  ANGLE   =      1605.6612  DIHED      =      1132.6713
 UB     =         0.0000  IMP     =         0.0000  CMAP       =       156.3969
 1-4 NB =       718.4460  1-4 EEL =      9723.5937  VDWAALS    =      8117.7198
 EELEC  =   -101167.0747  EHBOND  =         0.0000  RESTRAINT  =         0.0000
 ------------------------------------------------------------------------------

wrapping first mol.:      -43.01919       30.41917       52.68754
wrapping first mol.:      -43.01919       30.41917       52.68754
wrapping first mol.:      -43.01919       30.41917       52.68754
wrapping first mol.:      -43.01919       30.41917       52.68754
wrapping first mol.:      -43.01919       30.41917       52.68754
wrapping first mol.:      -43.01919       30.41917       52.68754
wrapping first mol.:      -43.01919       30.41917       52.68754
wrapping first mol.:      -43.01919       30.41917       52.68754
wrapping first mol.:      -43.01919       30.41917       52.68754
wrapping first mol.:      -43.01919       30.41917       52.68754
wrapping first mol.:      -43.01919       30.41917       52.68754

 NSTEP =   350000   TIME(PS) =     700.000  TEMP(K) =   299.65  PRESS =     0.0
 Etot   =    -66438.4266  EKtot   =     12981.8701  EPtot      =    -79420.2967
 BOND   =       613.7128  ANGLE   =      1586.5009  DIHED      =      1119.0425
 UB     =         0.0000  IMP     =         0.0000  CMAP       =       152.8855
 1-4 NB =       712.1882  1-4 EEL =      9734.4394  VDWAALS    =      8574.8912
 EELEC  =   -101913.9573  EHBOND  =         0.0000  RESTRAINT  =         0.0000
 ------------------------------------------------------------------------------

wrapping first mol.:      -43.01919       30.41917       52.68754
wrapping first mol.:      -43.01919       30.41917       52.68754
wrapping first mol.:      -43.01919       30.41917       52.68754
wrapping first mol.:      -43.01919       30.41917       52.68754
wrapping first mol.:      -43.01919       30.41917       52.68754
wrapping first mol.:      -43.01919       30.41917       52.68754
wrapping first mol.:      -43.01919       30.41917       52.68754
wrapping first mol.:      -43.01919       30.41917       52.68754
wrapping first mol.:      -43.01919       30.41917       52.68754
wrapping first mol.:      -43.01919       30.41917       52.68754
wrapping first mol.:      -43.01919       30.41917       52.68754

 NSTEP =   400000   TIME(PS) =     800.000  TEMP(K) =   301.65  PRESS =     0.0
 Etot   =    -66469.1400  EKtot   =     13068.2217  EPtot      =    -79537.3617
 BOND   =       597.7945  ANGLE   =      1549.8412  DIHED      =      1098.6153
 UB     =         0.0000  IMP     =         0.0000  CMAP       =       159.6808
 1-4 NB =       719.7972  1-4 EEL =      9656.2757  VDWAALS    =      8372.6735
 EELEC  =   -101692.0398  EHBOND  =         0.0000  RESTRAINT  =         0.0000
 ------------------------------------------------------------------------------

wrapping first mol.:      -43.01919       30.41917       52.68754
wrapping first mol.:      -43.01919       30.41917       52.68754
wrapping first mol.:      -43.01919       30.41917       52.68754
wrapping first mol.:      -43.01919       30.41917       52.68754
wrapping first mol.:      -43.01919       30.41917       52.68754
wrapping first mol.:      -43.01919       30.41917       52.68754
wrapping first mol.:      -43.01919       30.41917       52.68754
wrapping first mol.:      -43.01919       30.41917       52.68754
wrapping first mol.:      -43.01919       30.41917       52.68754
wrapping first mol.:      -43.01919       30.41917       52.68754
wrapping first mol.:      -43.01919       30.41917       52.68754

 NSTEP =   450000   TIME(PS) =     900.000  TEMP(K) =   300.03  PRESS =     0.0
 Etot   =    -66411.1215  EKtot   =     12998.2354  EPtot      =    -79409.3568
 BOND   =       587.8052  ANGLE   =      1574.5926  DIHED      =      1114.9767
 UB     =         0.0000  IMP     =         0.0000  CMAP       =       174.3501
 1-4 NB =       703.9478  1-4 EEL =      9771.6166  VDWAALS    =      8405.1121
 EELEC  =   -101741.7580  EHBOND  =         0.0000  RESTRAINT  =         0.0000
 ------------------------------------------------------------------------------

wrapping first mol.:      -43.01919       30.41917       52.68754
wrapping first mol.:      -43.01919       30.41917       52.68754
wrapping first mol.:      -43.01919       30.41917       52.68754
wrapping first mol.:      -43.01919       30.41917       52.68754
wrapping first mol.:      -43.01919       30.41917       52.68754
wrapping first mol.:      -43.01919       30.41917       52.68754
wrapping first mol.:      -43.01919       30.41917       52.68754
wrapping first mol.:      -43.01919       30.41917       52.68754
wrapping first mol.:      -43.01919       30.41917       52.68754
wrapping first mol.:      -43.01919       30.41917       52.68754
wrapping first mol.:      -43.01919       30.41917       52.68754

 NSTEP =   500000   TIME(PS) =    1000.000  TEMP(K) =   299.55  PRESS =     0.0
 Etot   =    -66341.1404  EKtot   =     12977.2607  EPtot      =    -79318.4011
 BOND   =       607.3879  ANGLE   =      1574.6765  DIHED      =      1104.7349
 UB     =         0.0000  IMP     =         0.0000  CMAP       =       168.6829
 1-4 NB =       703.8719  1-4 EEL =      9697.0451  VDWAALS    =      8490.7839
 EELEC  =   -101665.5843  EHBOND  =         0.0000  RESTRAINT  =         0.0000
 ------------------------------------------------------------------------------

wrapping first mol.:      -43.01919       30.41917       52.68754
wrapping first mol.:      -43.01919       30.41917       52.68754
wrapping first mol.:      -43.01919       30.41917       52.68754
wrapping first mol.:      -43.01919       30.41917       52.68754
wrapping first mol.:      -43.01919       30.41917       52.68754
wrapping first mol.:      -43.01919       30.41917       52.68754
wrapping first mol.:      -43.01919       30.41917       52.68754
wrapping first mol.:      -43.01919       30.41917       52.68754
wrapping first mol.:      -43.01919       30.41917       52.68754
wrapping first mol.:      -43.01919       30.41917       52.68754
wrapping first mol.:      -43.01919       30.41917       52.68754

 NSTEP =   550000   TIME(PS) =    1100.000  TEMP(K) =   298.59  PRESS =     0.0
 Etot   =    -66452.2319  EKtot   =     12935.9541  EPtot      =    -79388.1860
 BOND   =       588.9270  ANGLE   =      1534.8340  DIHED      =      1130.7736
 UB     =         0.0000  IMP     =         0.0000  CMAP       =       158.2130
 1-4 NB =       724.7725  1-4 EEL =      9732.6897  VDWAALS    =      8529.8446
 EELEC  =   -101788.2405  EHBOND  =         0.0000  RESTRAINT  =         0.0000
 ------------------------------------------------------------------------------

wrapping first mol.:      -43.01919       30.41917       52.68754
wrapping first mol.:      -43.01919       30.41917       52.68754
wrapping first mol.:      -43.01919       30.41917       52.68754
wrapping first mol.:      -43.01919       30.41917       52.68754
wrapping first mol.:      -43.01919       30.41917       52.68754
wrapping first mol.:      -43.01919       30.41917       52.68754
wrapping first mol.:      -43.01919       30.41917       52.68754
wrapping first mol.:      -43.01919       30.41917       52.68754
wrapping first mol.:      -43.01919       30.41917       52.68754
wrapping first mol.:      -43.01919       30.41917       52.68754
wrapping first mol.:      -43.01919       30.41917       52.68754

 NSTEP =   600000   TIME(PS) =    1200.000  TEMP(K) =   299.78  PRESS =     0.0
 Etot   =    -66419.3111  EKtot   =     12987.2441  EPtot      =    -79406.5552
 BOND   =       590.8077  ANGLE   =      1550.9213  DIHED      =      1090.7144
 UB     =         0.0000  IMP     =         0.0000  CMAP       =       157.7715
 1-4 NB =       724.7535  1-4 EEL =      9741.8949  VDWAALS    =      8455.1930
 EELEC  =   -101718.6117  EHBOND  =         0.0000  RESTRAINT  =         0.0000
 ------------------------------------------------------------------------------

wrapping first mol.:      -43.01919       30.41917       52.68754
wrapping first mol.:      -43.01919       30.41917       52.68754
wrapping first mol.:      -43.01919       30.41917       52.68754
wrapping first mol.:      -43.01919       30.41917       52.68754
wrapping first mol.:      -43.01919       30.41917       52.68754
wrapping first mol.:      -43.01919       30.41917       52.68754
wrapping first mol.:      -43.01919       30.41917       52.68754
wrapping first mol.:      -43.01919       30.41917       52.68754
wrapping first mol.:      -43.01919       30.41917       52.68754
wrapping first mol.:      -43.01919       30.41917       52.68754
wrapping first mol.:      -43.01919       30.41917       52.68754

 NSTEP =   650000   TIME(PS) =    1300.000  TEMP(K) =   300.55  PRESS =     0.0
 Etot   =    -66122.4443  EKtot   =     13020.6289  EPtot      =    -79143.0732
 BOND   =       575.5309  ANGLE   =      1591.5180  DIHED      =      1124.5935
 UB     =         0.0000  IMP     =         0.0000  CMAP       =       172.3470
 1-4 NB =       700.7537  1-4 EEL =      9710.8520  VDWAALS    =      8367.0945
 EELEC  =   -101385.7628  EHBOND  =         0.0000  RESTRAINT  =         0.0000
 ------------------------------------------------------------------------------

wrapping first mol.:      -43.01919       30.41917       52.68754
wrapping first mol.:      -43.01919       30.41917       52.68754
wrapping first mol.:      -43.01919       30.41917       52.68754
wrapping first mol.:      -43.01919       30.41917       52.68754
wrapping first mol.:      -43.01919       30.41917       52.68754
wrapping first mol.:      -43.01919       30.41917       52.68754
wrapping first mol.:      -43.01919       30.41917       52.68754
wrapping first mol.:      -43.01919       30.41917       52.68754
wrapping first mol.:      -43.01919       30.41917       52.68754
wrapping first mol.:      -43.01919       30.41917       52.68754
wrapping first mol.:      -43.01919       30.41917       52.68754

 NSTEP =   700000   TIME(PS) =    1400.000  TEMP(K) =   299.10  PRESS =     0.0
 Etot   =    -66254.7289  EKtot   =     12957.6504  EPtot      =    -79212.3793
 BOND   =       583.7335  ANGLE   =      1576.7128  DIHED      =      1126.8607
 UB     =         0.0000  IMP     =         0.0000  CMAP       =       169.8476
 1-4 NB =       738.8475  1-4 EEL =      9657.4502  VDWAALS    =      8543.2658
 EELEC  =   -101609.0973  EHBOND  =         0.0000  RESTRAINT  =         0.0000
 ------------------------------------------------------------------------------

wrapping first mol.:      -43.01919       30.41917       52.68754
wrapping first mol.:      -43.01919       30.41917       52.68754
wrapping first mol.:      -43.01919       30.41917       52.68754
wrapping first mol.:      -43.01919       30.41917       52.68754
wrapping first mol.:      -43.01919       30.41917       52.68754
wrapping first mol.:      -43.01919       30.41917       52.68754
wrapping first mol.:      -43.01919       30.41917       52.68754
wrapping first mol.:      -43.01919       30.41917       52.68754
wrapping first mol.:      -43.01919       30.41917       52.68754
wrapping first mol.:      -43.01919       30.41917       52.68754
wrapping first mol.:      -43.01919       30.41917       52.68754

 NSTEP =   750000   TIME(PS) =    1500.000  TEMP(K) =   300.99  PRESS =     0.0
 Etot   =    -66269.0654  EKtot   =     13039.6592  EPtot      =    -79308.7245
 BOND   =       575.3316  ANGLE   =      1613.0822  DIHED      =      1153.4655
 UB     =         0.0000  IMP     =         0.0000  CMAP       =       150.6148
 1-4 NB =       714.7730  1-4 EEL =      9682.2835  VDWAALS    =      8436.8166
 EELEC  =   -101635.0916  EHBOND  =         0.0000  RESTRAINT  =         0.0000
 ------------------------------------------------------------------------------

wrapping first mol.:      -43.01919       30.41917       52.68754
wrapping first mol.:      -43.01919       30.41917       52.68754
wrapping first mol.:      -43.01919       30.41917       52.68754
wrapping first mol.:      -43.01919       30.41917       52.68754
wrapping first mol.:      -43.01919       30.41917       52.68754
wrapping first mol.:      -43.01919       30.41917       52.68754
wrapping first mol.:      -43.01919       30.41917       52.68754
wrapping first mol.:      -43.01919       30.41917       52.68754
wrapping first mol.:      -43.01919       30.41917       52.68754
wrapping first mol.:      -43.01919       30.41917       52.68754
wrapping first mol.:      -43.01919       30.41917       52.68754

 NSTEP =   800000   TIME(PS) =    1600.000  TEMP(K) =   299.96  PRESS =     0.0
 Etot   =    -66357.4285  EKtot   =     12995.0928  EPtot      =    -79352.5213
 BOND   =       616.3165  ANGLE   =      1571.1699  DIHED      =      1122.7717
 UB     =         0.0000  IMP     =         0.0000  CMAP       =       160.5609
 1-4 NB =       709.3547  1-4 EEL =      9697.6604  VDWAALS    =      8649.7073
 EELEC  =   -101880.0627  EHBOND  =         0.0000  RESTRAINT  =         0.0000
 ------------------------------------------------------------------------------

wrapping first mol.:      -43.01919       30.41917       52.68754
wrapping first mol.:      -43.01919       30.41917       52.68754
wrapping first mol.:      -43.01919       30.41917       52.68754
wrapping first mol.:      -43.01919       30.41917       52.68754
wrapping first mol.:      -43.01919       30.41917       52.68754
wrapping first mol.:      -43.01919       30.41917       52.68754
wrapping first mol.:      -43.01919       30.41917       52.68754
wrapping first mol.:      -43.01919       30.41917       52.68754
wrapping first mol.:      -43.01919       30.41917       52.68754
wrapping first mol.:      -43.01919       30.41917       52.68754
wrapping first mol.:      -43.01919       30.41917       52.68754

 NSTEP =   850000   TIME(PS) =    1700.000  TEMP(K) =   299.07  PRESS =     0.0
 Etot   =    -66533.5338  EKtot   =     12956.4805  EPtot      =    -79490.0143
 BOND   =       611.2191  ANGLE   =      1574.5891  DIHED      =      1144.1601
 UB     =         0.0000  IMP     =         0.0000  CMAP       =       145.1858
 1-4 NB =       710.9619  1-4 EEL =      9709.3607  VDWAALS    =      8533.4110
 EELEC  =   -101918.9020  EHBOND  =         0.0000  RESTRAINT  =         0.0000
 ------------------------------------------------------------------------------

wrapping first mol.:      -43.01919       30.41917       52.68754
wrapping first mol.:      -43.01919       30.41917       52.68754
wrapping first mol.:      -43.01919       30.41917       52.68754
wrapping first mol.:      -43.01919       30.41917       52.68754
wrapping first mol.:      -43.01919       30.41917       52.68754
wrapping first mol.:      -43.01919       30.41917       52.68754
wrapping first mol.:      -43.01919       30.41917       52.68754
wrapping first mol.:      -43.01919       30.41917       52.68754
wrapping first mol.:      -43.01919       30.41917       52.68754
wrapping first mol.:      -43.01919       30.41917       52.68754
wrapping first mol.:      -43.01919       30.41917       52.68754

 NSTEP =   900000   TIME(PS) =    1800.000  TEMP(K) =   299.17  PRESS =     0.0
 Etot   =    -66393.7943  EKtot   =     12961.0439  EPtot      =    -79354.8383
 BOND   =       569.7838  ANGLE   =      1536.9716  DIHED      =      1146.4353
 UB     =         0.0000  IMP     =         0.0000  CMAP       =       161.5693
 1-4 NB =       716.6177  1-4 EEL =      9715.2562  VDWAALS    =      8425.6238
 EELEC  =   -101627.0959  EHBOND  =         0.0000  RESTRAINT  =         0.0000
 ------------------------------------------------------------------------------

wrapping first mol.:      -43.01919       30.41917       52.68754
wrapping first mol.:      -43.01919       30.41917       52.68754
wrapping first mol.:      -43.01919       30.41917       52.68754
wrapping first mol.:      -43.01919       30.41917       52.68754
wrapping first mol.:      -43.01919       30.41917       52.68754
wrapping first mol.:      -43.01919       30.41917       52.68754
wrapping first mol.:      -43.01919       30.41917       52.68754
wrapping first mol.:      -43.01919       30.41917       52.68754
wrapping first mol.:      -43.01919       30.41917       52.68754
wrapping first mol.:      -43.01919       30.41917       52.68754
wrapping first mol.:      -43.01919       30.41917       52.68754

 NSTEP =   950000   TIME(PS) =    1900.000  TEMP(K) =   300.23  PRESS =     0.0
 Etot   =    -66586.0737  EKtot   =     13006.8887  EPtot      =    -79592.9624
 BOND   =       590.0860  ANGLE   =      1548.7666  DIHED      =      1129.5770
 UB     =         0.0000  IMP     =         0.0000  CMAP       =       156.9456
 1-4 NB =       728.6515  1-4 EEL =      9725.1716  VDWAALS    =      8520.5640
 EELEC  =   -101992.7247  EHBOND  =         0.0000  RESTRAINT  =         0.0000
 ------------------------------------------------------------------------------

wrapping first mol.:      -43.01919       30.41917       52.68754
wrapping first mol.:      -43.01919       30.41917       52.68754
wrapping first mol.:      -43.01919       30.41917       52.68754
wrapping first mol.:      -43.01919       30.41917       52.68754
wrapping first mol.:      -43.01919       30.41917       52.68754
wrapping first mol.:      -43.01919       30.41917       52.68754
wrapping first mol.:      -43.01919       30.41917       52.68754
wrapping first mol.:      -43.01919       30.41917       52.68754
wrapping first mol.:      -43.01919       30.41917       52.68754
wrapping first mol.:      -43.01919       30.41917       52.68754
wrapping first mol.:      -43.01919       30.41917       52.68754

 NSTEP =  1000000   TIME(PS) =    2000.000  TEMP(K) =   299.80  PRESS =     0.0
 Etot   =    -66281.1432  EKtot   =     12988.1602  EPtot      =    -79269.3034
 BOND   =       574.1291  ANGLE   =      1570.3760  DIHED      =      1109.2910
 UB     =         0.0000  IMP     =         0.0000  CMAP       =       156.2622
 1-4 NB =       733.5827  1-4 EEL =      9704.6916  VDWAALS    =      8600.0747
 EELEC  =   -101717.7107  EHBOND  =         0.0000  RESTRAINT  =         0.0000
 ------------------------------------------------------------------------------

wrapping first mol.:      -43.01919       30.41917       52.68754
wrapping first mol.:      -43.01919       30.41917       52.68754
wrapping first mol.:      -43.01919       30.41917       52.68754
wrapping first mol.:      -43.01919       30.41917       52.68754
wrapping first mol.:      -43.01919       30.41917       52.68754
wrapping first mol.:      -43.01919       30.41917       52.68754
wrapping first mol.:      -43.01919       30.41917       52.68754
wrapping first mol.:      -43.01919       30.41917       52.68754
wrapping first mol.:      -43.01919       30.41917       52.68754
wrapping first mol.:      -43.01919       30.41917       52.68754
wrapping first mol.:      -43.01919       30.41917       52.68754

 NSTEP =  1050000   TIME(PS) =    2100.000  TEMP(K) =   299.31  PRESS =     0.0
 Etot   =    -66312.6545  EKtot   =     12967.1055  EPtot      =    -79279.7600
 BOND   =       593.4898  ANGLE   =      1566.7137  DIHED      =      1133.1690
 UB     =         0.0000  IMP     =         0.0000  CMAP       =       179.9906
 1-4 NB =       721.2003  1-4 EEL =      9753.7439  VDWAALS    =      8499.5269
 EELEC  =   -101727.5942  EHBOND  =         0.0000  RESTRAINT  =         0.0000
 ------------------------------------------------------------------------------

wrapping first mol.:      -43.01919       30.41917       52.68754
wrapping first mol.:      -43.01919       30.41917       52.68754
wrapping first mol.:      -43.01919       30.41917       52.68754
wrapping first mol.:      -43.01919       30.41917       52.68754
wrapping first mol.:      -43.01919       30.41917       52.68754
wrapping first mol.:      -43.01919       30.41917       52.68754
wrapping first mol.:      -43.01919       30.41917       52.68754
wrapping first mol.:      -43.01919       30.41917       52.68754
wrapping first mol.:      -43.01919       30.41917       52.68754
wrapping first mol.:      -43.01919       30.41917       52.68754
wrapping first mol.:      -43.01919       30.41917       52.68754

 NSTEP =  1100000   TIME(PS) =    2200.000  TEMP(K) =   299.01  PRESS =     0.0
 Etot   =    -66312.7354  EKtot   =     12954.0264  EPtot      =    -79266.7618
 BOND   =       598.7026  ANGLE   =      1605.9587  DIHED      =      1151.3812
 UB     =         0.0000  IMP     =         0.0000  CMAP       =       167.4740
 1-4 NB =       715.3569  1-4 EEL =      9708.0169  VDWAALS    =      8470.2734
 EELEC  =   -101683.9256  EHBOND  =         0.0000  RESTRAINT  =         0.0000
 ------------------------------------------------------------------------------

wrapping first mol.:      -43.01919       30.41917       52.68754
wrapping first mol.:      -43.01919       30.41917       52.68754
wrapping first mol.:      -43.01919       30.41917       52.68754
wrapping first mol.:      -43.01919       30.41917       52.68754
wrapping first mol.:      -43.01919       30.41917       52.68754
wrapping first mol.:      -43.01919       30.41917       52.68754
wrapping first mol.:      -43.01919       30.41917       52.68754
wrapping first mol.:      -43.01919       30.41917       52.68754
wrapping first mol.:      -43.01919       30.41917       52.68754
wrapping first mol.:      -43.01919       30.41917       52.68754
wrapping first mol.:      -43.01919       30.41917       52.68754

 NSTEP =  1150000   TIME(PS) =    2300.000  TEMP(K) =   296.67  PRESS =     0.0
 Etot   =    -66504.1879  EKtot   =     12852.6475  EPtot      =    -79356.8354
 BOND   =       630.5491  ANGLE   =      1555.5370  DIHED      =      1136.0640
 UB     =         0.0000  IMP     =         0.0000  CMAP       =       157.4021
 1-4 NB =       704.9671  1-4 EEL =      9724.3412  VDWAALS    =      8439.3465
 EELEC  =   -101705.0424  EHBOND  =         0.0000  RESTRAINT  =         0.0000
 ------------------------------------------------------------------------------

wrapping first mol.:      -43.01919       30.41917       52.68754
wrapping first mol.:      -43.01919       30.41917       52.68754
wrapping first mol.:      -43.01919       30.41917       52.68754
wrapping first mol.:      -43.01919       30.41917       52.68754
wrapping first mol.:      -43.01919       30.41917       52.68754
wrapping first mol.:      -43.01919       30.41917       52.68754
wrapping first mol.:      -43.01919       30.41917       52.68754
wrapping first mol.:      -43.01919       30.41917       52.68754
wrapping first mol.:      -43.01919       30.41917       52.68754
wrapping first mol.:      -43.01919       30.41917       52.68754
wrapping first mol.:      -43.01919       30.41917       52.68754

 NSTEP =  1200000   TIME(PS) =    2400.000  TEMP(K) =   297.84  PRESS =     0.0
 Etot   =    -66339.7526  EKtot   =     12903.1953  EPtot      =    -79242.9479
 BOND   =       607.8823  ANGLE   =      1582.8176  DIHED      =      1121.8514
 UB     =         0.0000  IMP     =         0.0000  CMAP       =       183.2876
 1-4 NB =       710.1314  1-4 EEL =      9727.3431  VDWAALS    =      8424.3001
 EELEC  =   -101600.5615  EHBOND  =         0.0000  RESTRAINT  =         0.0000
 ------------------------------------------------------------------------------

wrapping first mol.:      -43.01919       30.41917       52.68754
wrapping first mol.:      -43.01919       30.41917       52.68754
wrapping first mol.:      -43.01919       30.41917       52.68754
wrapping first mol.:      -43.01919       30.41917       52.68754
wrapping first mol.:      -43.01919       30.41917       52.68754
wrapping first mol.:      -43.01919       30.41917       52.68754
wrapping first mol.:      -43.01919       30.41917       52.68754
wrapping first mol.:      -43.01919       30.41917       52.68754
wrapping first mol.:      -43.01919       30.41917       52.68754
wrapping first mol.:      -43.01919       30.41917       52.68754
wrapping first mol.:      -43.01919       30.41917       52.68754

 NSTEP =  1250000   TIME(PS) =    2500.000  TEMP(K) =   296.12  PRESS =     0.0
 Etot   =    -66491.8738  EKtot   =     12828.5840  EPtot      =    -79320.4578
 BOND   =       598.8827  ANGLE   =      1582.1663  DIHED      =      1125.6737
 UB     =         0.0000  IMP     =         0.0000  CMAP       =       165.7521
 1-4 NB =       719.9939  1-4 EEL =      9736.2483  VDWAALS    =      8550.9936
 EELEC  =   -101800.1685  EHBOND  =         0.0000  RESTRAINT  =         0.0000
 ------------------------------------------------------------------------------

wrapping first mol.:      -43.01919       30.41917       52.68754
wrapping first mol.:      -43.01919       30.41917       52.68754
wrapping first mol.:      -43.01919       30.41917       52.68754
wrapping first mol.:      -43.01919       30.41917       52.68754
wrapping first mol.:      -43.01919       30.41917       52.68754
wrapping first mol.:      -43.01919       30.41917       52.68754
wrapping first mol.:      -43.01919       30.41917       52.68754
wrapping first mol.:      -43.01919       30.41917       52.68754
wrapping first mol.:      -43.01919       30.41917       52.68754
wrapping first mol.:      -43.01919       30.41917       52.68754
wrapping first mol.:      -43.01919       30.41917       52.68754

 NSTEP =  1300000   TIME(PS) =    2600.000  TEMP(K) =   299.19  PRESS =     0.0
 Etot   =    -66354.1256  EKtot   =     12961.6162  EPtot      =    -79315.7418
 BOND   =       616.8331  ANGLE   =      1569.8040  DIHED      =      1115.4250
 UB     =         0.0000  IMP     =         0.0000  CMAP       =       150.6036
 1-4 NB =       737.5062  1-4 EEL =      9781.9083  VDWAALS    =      8404.4718
 EELEC  =   -101692.2938  EHBOND  =         0.0000  RESTRAINT  =         0.0000
 ------------------------------------------------------------------------------

wrapping first mol.:      -43.01919       30.41917       52.68754
wrapping first mol.:      -43.01919       30.41917       52.68754
wrapping first mol.:      -43.01919       30.41917       52.68754
wrapping first mol.:      -43.01919       30.41917       52.68754
wrapping first mol.:      -43.01919       30.41917       52.68754
wrapping first mol.:      -43.01919       30.41917       52.68754
wrapping first mol.:      -43.01919       30.41917       52.68754
wrapping first mol.:      -43.01919       30.41917       52.68754
wrapping first mol.:      -43.01919       30.41917       52.68754
wrapping first mol.:      -43.01919       30.41917       52.68754
wrapping first mol.:      -43.01919       30.41917       52.68754

 NSTEP =  1350000   TIME(PS) =    2700.000  TEMP(K) =   299.90  PRESS =     0.0
 Etot   =    -66344.8790  EKtot   =     12992.3018  EPtot      =    -79337.1807
 BOND   =       551.6945  ANGLE   =      1598.9003  DIHED      =      1140.5935
 UB     =         0.0000  IMP     =         0.0000  CMAP       =       173.1485
 1-4 NB =       709.9628  1-4 EEL =      9752.4165  VDWAALS    =      8510.5294
 EELEC  =   -101774.4263  EHBOND  =         0.0000  RESTRAINT  =         0.0000
 ------------------------------------------------------------------------------

wrapping first mol.:      -43.01919       30.41917       52.68754
wrapping first mol.:      -43.01919       30.41917       52.68754
wrapping first mol.:      -43.01919       30.41917       52.68754
wrapping first mol.:      -43.01919       30.41917       52.68754
wrapping first mol.:      -43.01919       30.41917       52.68754
wrapping first mol.:      -43.01919       30.41917       52.68754
wrapping first mol.:      -43.01919       30.41917       52.68754
wrapping first mol.:      -43.01919       30.41917       52.68754
wrapping first mol.:      -43.01919       30.41917       52.68754
wrapping first mol.:      -43.01919       30.41917       52.68754
wrapping first mol.:      -43.01919       30.41917       52.68754

 NSTEP =  1400000   TIME(PS) =    2800.000  TEMP(K) =   299.27  PRESS =     0.0
 Etot   =    -66427.3826  EKtot   =     12965.0557  EPtot      =    -79392.4382
 BOND   =       611.7729  ANGLE   =      1537.3510  DIHED      =      1131.0566
 UB     =         0.0000  IMP     =         0.0000  CMAP       =       158.2364
 1-4 NB =       711.6551  1-4 EEL =      9784.2666  VDWAALS    =      8315.4514
 EELEC  =   -101642.2283  EHBOND  =         0.0000  RESTRAINT  =         0.0000
 ------------------------------------------------------------------------------

wrapping first mol.:      -43.01919       30.41917       52.68754
wrapping first mol.:      -43.01919       30.41917       52.68754
wrapping first mol.:      -43.01919       30.41917       52.68754
wrapping first mol.:      -43.01919       30.41917       52.68754
wrapping first mol.:      -43.01919       30.41917       52.68754
wrapping first mol.:      -43.01919       30.41917       52.68754
wrapping first mol.:      -43.01919       30.41917       52.68754
wrapping first mol.:      -43.01919       30.41917       52.68754
wrapping first mol.:      -43.01919       30.41917       52.68754
wrapping first mol.:      -43.01919       30.41917       52.68754
wrapping first mol.:      -43.01919       30.41917       52.68754

 NSTEP =  1450000   TIME(PS) =    2900.000  TEMP(K) =   296.52  PRESS =     0.0
 Etot   =    -66414.4236  EKtot   =     12845.8594  EPtot      =    -79260.2830
 BOND   =       587.2533  ANGLE   =      1582.5251  DIHED      =      1130.3023
 UB     =         0.0000  IMP     =         0.0000  CMAP       =       162.9049
 1-4 NB =       732.6173  1-4 EEL =      9735.5438  VDWAALS    =      8341.3018
 EELEC  =   -101532.7315  EHBOND  =         0.0000  RESTRAINT  =         0.0000
 ------------------------------------------------------------------------------

wrapping first mol.:      -43.01919       30.41917       52.68754
wrapping first mol.:      -43.01919       30.41917       52.68754
wrapping first mol.:      -43.01919       30.41917       52.68754
wrapping first mol.:      -43.01919       30.41917       52.68754
wrapping first mol.:      -43.01919       30.41917       52.68754
wrapping first mol.:      -43.01919       30.41917       52.68754
wrapping first mol.:      -43.01919       30.41917       52.68754
wrapping first mol.:      -43.01919       30.41917       52.68754
wrapping first mol.:      -43.01919       30.41917       52.68754
wrapping first mol.:      -43.01919       30.41917       52.68754
wrapping first mol.:      -43.01919       30.41917       52.68754

 NSTEP =  1500000   TIME(PS) =    3000.000  TEMP(K) =   300.27  PRESS =     0.0
 Etot   =    -66406.7766  EKtot   =     13008.5254  EPtot      =    -79415.3020
 BOND   =       584.8071  ANGLE   =      1578.9892  DIHED      =      1119.2804
 UB     =         0.0000  IMP     =         0.0000  CMAP       =       148.6220
 1-4 NB =       741.6739  1-4 EEL =      9768.3324  VDWAALS    =      8290.2219
 EELEC  =   -101647.2288  EHBOND  =         0.0000  RESTRAINT  =         0.0000
 ------------------------------------------------------------------------------

wrapping first mol.:      -43.01919       30.41917       52.68754
wrapping first mol.:      -43.01919       30.41917       52.68754
wrapping first mol.:      -43.01919       30.41917       52.68754
wrapping first mol.:      -43.01919       30.41917       52.68754
wrapping first mol.:      -43.01919       30.41917       52.68754
wrapping first mol.:      -43.01919       30.41917       52.68754
wrapping first mol.:      -43.01919       30.41917       52.68754
wrapping first mol.:      -43.01919       30.41917       52.68754
wrapping first mol.:      -43.01919       30.41917       52.68754
wrapping first mol.:      -43.01919       30.41917       52.68754
wrapping first mol.:      -43.01919       30.41917       52.68754

 NSTEP =  1550000   TIME(PS) =    3100.000  TEMP(K) =   302.52  PRESS =     0.0
 Etot   =    -66283.5588  EKtot   =     13105.8984  EPtot      =    -79389.4572
 BOND   =       559.8439  ANGLE   =      1562.2372  DIHED      =      1138.2364
 UB     =         0.0000  IMP     =         0.0000  CMAP       =       150.9692
 1-4 NB =       717.3184  1-4 EEL =      9707.1976  VDWAALS    =      8391.0275
 EELEC  =   -101616.2874  EHBOND  =         0.0000  RESTRAINT  =         0.0000
 ------------------------------------------------------------------------------

wrapping first mol.:      -43.01919       30.41917       52.68754
wrapping first mol.:      -43.01919       30.41917       52.68754
wrapping first mol.:      -43.01919       30.41917       52.68754
wrapping first mol.:      -43.01919       30.41917       52.68754
wrapping first mol.:      -43.01919       30.41917       52.68754
wrapping first mol.:      -43.01919       30.41917       52.68754
wrapping first mol.:      -43.01919       30.41917       52.68754
wrapping first mol.:      -43.01919       30.41917       52.68754
wrapping first mol.:      -43.01919       30.41917       52.68754
wrapping first mol.:      -43.01919       30.41917       52.68754
wrapping first mol.:      -43.01919       30.41917       52.68754

 NSTEP =  1600000   TIME(PS) =    3200.000  TEMP(K) =   300.67  PRESS =     0.0
 Etot   =    -66297.3322  EKtot   =     13026.0605  EPtot      =    -79323.3927
 BOND   =       582.5780  ANGLE   =      1616.1990  DIHED      =      1093.2592
 UB     =         0.0000  IMP     =         0.0000  CMAP       =       151.8003
 1-4 NB =       710.5658  1-4 EEL =      9730.6495  VDWAALS    =      8741.5244
 EELEC  =   -101949.9690  EHBOND  =         0.0000  RESTRAINT  =         0.0000
 ------------------------------------------------------------------------------

wrapping first mol.:      -43.01919       30.41917       52.68754
wrapping first mol.:      -43.01919       30.41917       52.68754
wrapping first mol.:      -43.01919       30.41917       52.68754
wrapping first mol.:      -43.01919       30.41917       52.68754
wrapping first mol.:      -43.01919       30.41917       52.68754
wrapping first mol.:      -43.01919       30.41917       52.68754
wrapping first mol.:      -43.01919       30.41917       52.68754
wrapping first mol.:      -43.01919       30.41917       52.68754
wrapping first mol.:      -43.01919       30.41917       52.68754
wrapping first mol.:      -43.01919       30.41917       52.68754
wrapping first mol.:      -43.01919       30.41917       52.68754

 NSTEP =  1650000   TIME(PS) =    3300.000  TEMP(K) =   300.23  PRESS =     0.0
 Etot   =    -66354.2439  EKtot   =     13006.5967  EPtot      =    -79360.8406
 BOND   =       615.3251  ANGLE   =      1614.9408  DIHED      =      1137.7456
 UB     =         0.0000  IMP     =         0.0000  CMAP       =       160.1954
 1-4 NB =       706.7675  1-4 EEL =      9694.3379  VDWAALS    =      8579.0860
 EELEC  =   -101869.2390  EHBOND  =         0.0000  RESTRAINT  =         0.0000
 ------------------------------------------------------------------------------

wrapping first mol.:      -43.01919       30.41917       52.68754
wrapping first mol.:      -43.01919       30.41917       52.68754
wrapping first mol.:      -43.01919       30.41917       52.68754
wrapping first mol.:      -43.01919       30.41917       52.68754
wrapping first mol.:      -43.01919       30.41917       52.68754
wrapping first mol.:      -43.01919       30.41917       52.68754
wrapping first mol.:      -43.01919       30.41917       52.68754
wrapping first mol.:      -43.01919       30.41917       52.68754
wrapping first mol.:      -43.01919       30.41917       52.68754
wrapping first mol.:      -43.01919       30.41917       52.68754
wrapping first mol.:      -43.01919       30.41917       52.68754

 NSTEP =  1700000   TIME(PS) =    3400.000  TEMP(K) =   303.17  PRESS =     0.0
 Etot   =    -66213.3202  EKtot   =     13134.2725  EPtot      =    -79347.5926
 BOND   =       603.2554  ANGLE   =      1545.6605  DIHED      =      1147.6061
 UB     =         0.0000  IMP     =         0.0000  CMAP       =       163.6236
 1-4 NB =       696.5341  1-4 EEL =      9664.0506  VDWAALS    =      8642.2142
 EELEC  =   -101810.5373  EHBOND  =         0.0000  RESTRAINT  =         0.0000
 ------------------------------------------------------------------------------

wrapping first mol.:      -43.01919       30.41917       52.68754
wrapping first mol.:      -43.01919       30.41917       52.68754
wrapping first mol.:      -43.01919       30.41917       52.68754
wrapping first mol.:      -43.01919       30.41917       52.68754
wrapping first mol.:      -43.01919       30.41917       52.68754
wrapping first mol.:      -43.01919       30.41917       52.68754
wrapping first mol.:      -43.01919       30.41917       52.68754
wrapping first mol.:      -43.01919       30.41917       52.68754
wrapping first mol.:      -43.01919       30.41917       52.68754
wrapping first mol.:      -43.01919       30.41917       52.68754
wrapping first mol.:      -43.01919       30.41917       52.68754

 NSTEP =  1750000   TIME(PS) =    3500.000  TEMP(K) =   298.26  PRESS =     0.0
 Etot   =    -66402.2256  EKtot   =     12921.3340  EPtot      =    -79323.5596
 BOND   =       634.4116  ANGLE   =      1588.5877  DIHED      =      1125.5151
 UB     =         0.0000  IMP     =         0.0000  CMAP       =       162.3505
 1-4 NB =       701.0999  1-4 EEL =      9660.1342  VDWAALS    =      8463.0168
 EELEC  =   -101658.6754  EHBOND  =         0.0000  RESTRAINT  =         0.0000
 ------------------------------------------------------------------------------

wrapping first mol.:      -43.01919       30.41917       52.68754
wrapping first mol.:      -43.01919       30.41917       52.68754
wrapping first mol.:      -43.01919       30.41917       52.68754
wrapping first mol.:      -43.01919       30.41917       52.68754
wrapping first mol.:      -43.01919       30.41917       52.68754
wrapping first mol.:      -43.01919       30.41917       52.68754
wrapping first mol.:      -43.01919       30.41917       52.68754
wrapping first mol.:      -43.01919       30.41917       52.68754
wrapping first mol.:      -43.01919       30.41917       52.68754
wrapping first mol.:      -43.01919       30.41917       52.68754
wrapping first mol.:      -43.01919       30.41917       52.68754

 NSTEP =  1800000   TIME(PS) =    3600.000  TEMP(K) =   299.75  PRESS =     0.0
 Etot   =    -66447.4803  EKtot   =     12985.8789  EPtot      =    -79433.3592
 BOND   =       614.6458  ANGLE   =      1535.9361  DIHED      =      1133.0846
 UB     =         0.0000  IMP     =         0.0000  CMAP       =       171.6269
 1-4 NB =       695.1754  1-4 EEL =      9713.6594  VDWAALS    =      8459.3898
 EELEC  =   -101756.8772  EHBOND  =         0.0000  RESTRAINT  =         0.0000
 ------------------------------------------------------------------------------

wrapping first mol.:      -43.01919       30.41917       52.68754
wrapping first mol.:      -43.01919       30.41917       52.68754
wrapping first mol.:      -43.01919       30.41917       52.68754
wrapping first mol.:      -43.01919       30.41917       52.68754
wrapping first mol.:      -43.01919       30.41917       52.68754
wrapping first mol.:      -43.01919       30.41917       52.68754
wrapping first mol.:      -43.01919       30.41917       52.68754
wrapping first mol.:      -43.01919       30.41917       52.68754
wrapping first mol.:      -43.01919       30.41917       52.68754
wrapping first mol.:      -43.01919       30.41917       52.68754
wrapping first mol.:      -43.01919       30.41917       52.68754

 NSTEP =  1850000   TIME(PS) =    3700.000  TEMP(K) =   295.31  PRESS =     0.0
 Etot   =    -66467.0632  EKtot   =     12793.6309  EPtot      =    -79260.6940
 BOND   =       593.5328  ANGLE   =      1614.5052  DIHED      =      1106.7288
 UB     =         0.0000  IMP     =         0.0000  CMAP       =       158.6322
 1-4 NB =       726.7797  1-4 EEL =      9729.7880  VDWAALS    =      8435.6969
 EELEC  =   -101626.3577  EHBOND  =         0.0000  RESTRAINT  =         0.0000
 ------------------------------------------------------------------------------

wrapping first mol.:      -43.01919       30.41917       52.68754
wrapping first mol.:      -43.01919       30.41917       52.68754
wrapping first mol.:      -43.01919       30.41917       52.68754
wrapping first mol.:      -43.01919       30.41917       52.68754
wrapping first mol.:      -43.01919       30.41917       52.68754
wrapping first mol.:      -43.01919       30.41917       52.68754
wrapping first mol.:      -43.01919       30.41917       52.68754
wrapping first mol.:      -43.01919       30.41917       52.68754
wrapping first mol.:      -43.01919       30.41917       52.68754
wrapping first mol.:      -43.01919       30.41917       52.68754
wrapping first mol.:      -43.01919       30.41917       52.68754

 NSTEP =  1900000   TIME(PS) =    3800.000  TEMP(K) =   301.22  PRESS =     0.0
 Etot   =    -66386.1578  EKtot   =     13049.5068  EPtot      =    -79435.6646
 BOND   =       552.4214  ANGLE   =      1600.4789  DIHED      =      1132.6197
 UB     =         0.0000  IMP     =         0.0000  CMAP       =       160.6396
 1-4 NB =       732.3286  1-4 EEL =      9725.6667  VDWAALS    =      8358.2472
 EELEC  =   -101698.0668  EHBOND  =         0.0000  RESTRAINT  =         0.0000
 ------------------------------------------------------------------------------

wrapping first mol.:      -43.01919       30.41917       52.68754
wrapping first mol.:      -43.01919       30.41917       52.68754
wrapping first mol.:      -43.01919       30.41917       52.68754
wrapping first mol.:      -43.01919       30.41917       52.68754
wrapping first mol.:      -43.01919       30.41917       52.68754
wrapping first mol.:      -43.01919       30.41917       52.68754
wrapping first mol.:      -43.01919       30.41917       52.68754
wrapping first mol.:      -43.01919       30.41917       52.68754
wrapping first mol.:      -43.01919       30.41917       52.68754
wrapping first mol.:      -43.01919       30.41917       52.68754
wrapping first mol.:      -43.01919       30.41917       52.68754

 NSTEP =  1950000   TIME(PS) =    3900.000  TEMP(K) =   295.94  PRESS =     0.0
 Etot   =    -66556.1589  EKtot   =     12820.7334  EPtot      =    -79376.8923
 BOND   =       583.0375  ANGLE   =      1537.7947  DIHED      =      1133.7773
 UB     =         0.0000  IMP     =         0.0000  CMAP       =       159.2026
 1-4 NB =       712.1022  1-4 EEL =      9724.9012  VDWAALS    =      8324.8979
 EELEC  =   -101552.6058  EHBOND  =         0.0000  RESTRAINT  =         0.0000
 ------------------------------------------------------------------------------

wrapping first mol.:      -43.01919       30.41917       52.68754
wrapping first mol.:      -43.01919       30.41917       52.68754
wrapping first mol.:      -43.01919       30.41917       52.68754
wrapping first mol.:      -43.01919       30.41917       52.68754
wrapping first mol.:      -43.01919       30.41917       52.68754
wrapping first mol.:      -43.01919       30.41917       52.68754
wrapping first mol.:      -43.01919       30.41917       52.68754
wrapping first mol.:      -43.01919       30.41917       52.68754
wrapping first mol.:      -43.01919       30.41917       52.68754
wrapping first mol.:      -43.01919       30.41917       52.68754
wrapping first mol.:      -43.01919       30.41917       52.68754

 NSTEP =  2000000   TIME(PS) =    4000.000  TEMP(K) =   298.11  PRESS =     0.0
 Etot   =    -66422.5496  EKtot   =     12915.0820  EPtot      =    -79337.6317
 BOND   =       610.1879  ANGLE   =      1547.7229  DIHED      =      1124.5548
 UB     =         0.0000  IMP     =         0.0000  CMAP       =       150.9265
 1-4 NB =       712.8841  1-4 EEL =      9760.8847  VDWAALS    =      8235.1722
 EELEC  =   -101479.9648  EHBOND  =         0.0000  RESTRAINT  =         0.0000
 ------------------------------------------------------------------------------

wrapping first mol.:      -43.01919       30.41917       52.68754
wrapping first mol.:      -43.01919       30.41917       52.68754
wrapping first mol.:      -43.01919       30.41917       52.68754
wrapping first mol.:      -43.01919       30.41917       52.68754
wrapping first mol.:      -43.01919       30.41917       52.68754
wrapping first mol.:      -43.01919       30.41917       52.68754
wrapping first mol.:      -43.01919       30.41917       52.68754
wrapping first mol.:      -43.01919       30.41917       52.68754
wrapping first mol.:      -43.01919       30.41917       52.68754
wrapping first mol.:      -43.01919       30.41917       52.68754
wrapping first mol.:      -43.01919       30.41917       52.68754

 NSTEP =  2050000   TIME(PS) =    4100.000  TEMP(K) =   305.19  PRESS =     0.0
 Etot   =    -66356.2423  EKtot   =     13221.7910  EPtot      =    -79578.0334
 BOND   =       598.8616  ANGLE   =      1555.1451  DIHED      =      1132.9317
 UB     =         0.0000  IMP     =         0.0000  CMAP       =       156.4829
 1-4 NB =       719.8386  1-4 EEL =      9728.1266  VDWAALS    =      8494.2027
 EELEC  =   -101963.6226  EHBOND  =         0.0000  RESTRAINT  =         0.0000
 ------------------------------------------------------------------------------

wrapping first mol.:      -43.01919       30.41917       52.68754
wrapping first mol.:      -43.01919       30.41917       52.68754
wrapping first mol.:      -43.01919       30.41917       52.68754
wrapping first mol.:      -43.01919       30.41917       52.68754
wrapping first mol.:      -43.01919       30.41917       52.68754
wrapping first mol.:      -43.01919       30.41917       52.68754
wrapping first mol.:      -43.01919       30.41917       52.68754
wrapping first mol.:      -43.01919       30.41917       52.68754
wrapping first mol.:      -43.01919       30.41917       52.68754
wrapping first mol.:      -43.01919       30.41917       52.68754
wrapping first mol.:      -43.01919       30.41917       52.68754

 NSTEP =  2100000   TIME(PS) =    4200.000  TEMP(K) =   299.18  PRESS =     0.0
 Etot   =    -66531.4592  EKtot   =     12961.1982  EPtot      =    -79492.6574
 BOND   =       570.8039  ANGLE   =      1656.6758  DIHED      =      1151.1217
 UB     =         0.0000  IMP     =         0.0000  CMAP       =       155.4980
 1-4 NB =       724.2354  1-4 EEL =      9763.4282  VDWAALS    =      8702.7667
 EELEC  =   -102217.1872  EHBOND  =         0.0000  RESTRAINT  =         0.0000
 ------------------------------------------------------------------------------

wrapping first mol.:      -43.01919       30.41917       52.68754
wrapping first mol.:      -43.01919       30.41917       52.68754
wrapping first mol.:      -43.01919       30.41917       52.68754
wrapping first mol.:      -43.01919       30.41917       52.68754
wrapping first mol.:      -43.01919       30.41917       52.68754
wrapping first mol.:      -43.01919       30.41917       52.68754
wrapping first mol.:      -43.01919       30.41917       52.68754
wrapping first mol.:      -43.01919       30.41917       52.68754
wrapping first mol.:      -43.01919       30.41917       52.68754
wrapping first mol.:      -43.01919       30.41917       52.68754
wrapping first mol.:      -43.01919       30.41917       52.68754

 NSTEP =  2150000   TIME(PS) =    4300.000  TEMP(K) =   296.85  PRESS =     0.0
 Etot   =    -66531.2010  EKtot   =     12860.1758  EPtot      =    -79391.3768
 BOND   =       600.2130  ANGLE   =      1540.3409  DIHED      =      1109.4648
 UB     =         0.0000  IMP     =         0.0000  CMAP       =       162.3399
 1-4 NB =       711.2673  1-4 EEL =      9746.9550  VDWAALS    =      8733.0134
 EELEC  =   -101994.9711  EHBOND  =         0.0000  RESTRAINT  =         0.0000
 ------------------------------------------------------------------------------

wrapping first mol.:      -43.01919       30.41917       52.68754
wrapping first mol.:      -43.01919       30.41917       52.68754
wrapping first mol.:      -43.01919       30.41917       52.68754
wrapping first mol.:      -43.01919       30.41917       52.68754
wrapping first mol.:      -43.01919       30.41917       52.68754
wrapping first mol.:      -43.01919       30.41917       52.68754
wrapping first mol.:      -43.01919       30.41917       52.68754
wrapping first mol.:      -43.01919       30.41917       52.68754
wrapping first mol.:      -43.01919       30.41917       52.68754
wrapping first mol.:      -43.01919       30.41917       52.68754
wrapping first mol.:      -43.01919       30.41917       52.68754

 NSTEP =  2200000   TIME(PS) =    4400.000  TEMP(K) =   300.10  PRESS =     0.0
 Etot   =    -66377.7307  EKtot   =     13001.1562  EPtot      =    -79378.8870
 BOND   =       629.9248  ANGLE   =      1557.9398  DIHED      =      1127.8434
 UB     =         0.0000  IMP     =         0.0000  CMAP       =       167.7410
 1-4 NB =       704.6305  1-4 EEL =      9742.7440  VDWAALS    =      8555.3671
 EELEC  =   -101865.0775  EHBOND  =         0.0000  RESTRAINT  =         0.0000
 ------------------------------------------------------------------------------

wrapping first mol.:      -43.01919       30.41917       52.68754
wrapping first mol.:      -43.01919       30.41917       52.68754
wrapping first mol.:      -43.01919       30.41917       52.68754
wrapping first mol.:      -43.01919       30.41917       52.68754
wrapping first mol.:      -43.01919       30.41917       52.68754
wrapping first mol.:      -43.01919       30.41917       52.68754
wrapping first mol.:      -43.01919       30.41917       52.68754
wrapping first mol.:      -43.01919       30.41917       52.68754
wrapping first mol.:      -43.01919       30.41917       52.68754
wrapping first mol.:      -43.01919       30.41917       52.68754
wrapping first mol.:      -43.01919       30.41917       52.68754

 NSTEP =  2250000   TIME(PS) =    4500.000  TEMP(K) =   298.24  PRESS =     0.0
 Etot   =    -66546.1929  EKtot   =     12920.7432  EPtot      =    -79466.9360
 BOND   =       576.9593  ANGLE   =      1569.4390  DIHED      =      1156.2817
 UB     =         0.0000  IMP     =         0.0000  CMAP       =       161.3779
 1-4 NB =       706.3132  1-4 EEL =      9691.1630  VDWAALS    =      8356.2462
 EELEC  =   -101684.7163  EHBOND  =         0.0000  RESTRAINT  =         0.0000
 ------------------------------------------------------------------------------

wrapping first mol.:      -43.01919       30.41917       52.68754
wrapping first mol.:      -43.01919       30.41917       52.68754
wrapping first mol.:      -43.01919       30.41917       52.68754
wrapping first mol.:      -43.01919       30.41917       52.68754
wrapping first mol.:      -43.01919       30.41917       52.68754
wrapping first mol.:      -43.01919       30.41917       52.68754
wrapping first mol.:      -43.01919       30.41917       52.68754
wrapping first mol.:      -43.01919       30.41917       52.68754
wrapping first mol.:      -43.01919       30.41917       52.68754
wrapping first mol.:      -43.01919       30.41917       52.68754
wrapping first mol.:      -43.01919       30.41917       52.68754

 NSTEP =  2300000   TIME(PS) =    4600.000  TEMP(K) =   298.12  PRESS =     0.0
 Etot   =    -66512.9837  EKtot   =     12915.3066  EPtot      =    -79428.2903
 BOND   =       611.4339  ANGLE   =      1565.7755  DIHED      =      1139.0629
 UB     =         0.0000  IMP     =         0.0000  CMAP       =       160.3783
 1-4 NB =       721.6302  1-4 EEL =      9762.9124  VDWAALS    =      8673.0820
 EELEC  =   -102062.5656  EHBOND  =         0.0000  RESTRAINT  =         0.0000
 ------------------------------------------------------------------------------

wrapping first mol.:      -43.01919       30.41917       52.68754
wrapping first mol.:      -43.01919       30.41917       52.68754
wrapping first mol.:      -43.01919       30.41917       52.68754
wrapping first mol.:      -43.01919       30.41917       52.68754
wrapping first mol.:      -43.01919       30.41917       52.68754
wrapping first mol.:      -43.01919       30.41917       52.68754
wrapping first mol.:      -43.01919       30.41917       52.68754
wrapping first mol.:      -43.01919       30.41917       52.68754
wrapping first mol.:      -43.01919       30.41917       52.68754
wrapping first mol.:      -43.01919       30.41917       52.68754
wrapping first mol.:      -43.01919       30.41917       52.68754

 NSTEP =  2350000   TIME(PS) =    4700.000  TEMP(K) =   300.65  PRESS =     0.0
 Etot   =    -66303.0337  EKtot   =     13025.1719  EPtot      =    -79328.2055
 BOND   =       569.0793  ANGLE   =      1579.4568  DIHED      =      1149.6976
 UB     =         0.0000  IMP     =         0.0000  CMAP       =       164.1203
 1-4 NB =       717.4534  1-4 EEL =      9791.6004  VDWAALS    =      8587.2048
 EELEC  =   -101886.8183  EHBOND  =         0.0000  RESTRAINT  =         0.0000
 ------------------------------------------------------------------------------

wrapping first mol.:      -43.01919       30.41917       52.68754
wrapping first mol.:      -43.01919       30.41917       52.68754
wrapping first mol.:      -43.01919       30.41917       52.68754
wrapping first mol.:      -43.01919       30.41917       52.68754
wrapping first mol.:      -43.01919       30.41917       52.68754
wrapping first mol.:      -43.01919       30.41917       52.68754
wrapping first mol.:      -43.01919       30.41917       52.68754
wrapping first mol.:      -43.01919       30.41917       52.68754
wrapping first mol.:      -43.01919       30.41917       52.68754
wrapping first mol.:      -43.01919       30.41917       52.68754
wrapping first mol.:      -43.01919       30.41917       52.68754

 NSTEP =  2400000   TIME(PS) =    4800.000  TEMP(K) =   299.32  PRESS =     0.0
 Etot   =    -66400.7706  EKtot   =     12967.1934  EPtot      =    -79367.9640
 BOND   =       617.9232  ANGLE   =      1561.2251  DIHED      =      1144.8036
 UB     =         0.0000  IMP     =         0.0000  CMAP       =       169.5482
 1-4 NB =       712.4373  1-4 EEL =      9775.4024  VDWAALS    =      8429.5407
 EELEC  =   -101778.8446  EHBOND  =         0.0000  RESTRAINT  =         0.0000
 ------------------------------------------------------------------------------

wrapping first mol.:      -43.01919       30.41917       52.68754
wrapping first mol.:      -43.01919       30.41917       52.68754
wrapping first mol.:      -43.01919       30.41917       52.68754
wrapping first mol.:      -43.01919       30.41917       52.68754
wrapping first mol.:      -43.01919       30.41917       52.68754
wrapping first mol.:      -43.01919       30.41917       52.68754
wrapping first mol.:      -43.01919       30.41917       52.68754
wrapping first mol.:      -43.01919       30.41917       52.68754
wrapping first mol.:      -43.01919       30.41917       52.68754
wrapping first mol.:      -43.01919       30.41917       52.68754
wrapping first mol.:      -43.01919       30.41917       52.68754

 NSTEP =  2450000   TIME(PS) =    4900.000  TEMP(K) =   301.94  PRESS =     0.0
 Etot   =    -66057.1345  EKtot   =     13080.7637  EPtot      =    -79137.8981
 BOND   =       614.5335  ANGLE   =      1512.1730  DIHED      =      1153.4930
 UB     =         0.0000  IMP     =         0.0000  CMAP       =       158.0051
 1-4 NB =       725.9210  1-4 EEL =      9758.1174  VDWAALS    =      8414.4299
 EELEC  =   -101474.5711  EHBOND  =         0.0000  RESTRAINT  =         0.0000
 ------------------------------------------------------------------------------

wrapping first mol.:      -43.01919       30.41917       52.68754
wrapping first mol.:      -43.01919       30.41917       52.68754
wrapping first mol.:      -43.01919       30.41917       52.68754
wrapping first mol.:      -43.01919       30.41917       52.68754
wrapping first mol.:      -43.01919       30.41917       52.68754
wrapping first mol.:      -43.01919       30.41917       52.68754
wrapping first mol.:      -43.01919       30.41917       52.68754
wrapping first mol.:      -43.01919       30.41917       52.68754
wrapping first mol.:      -43.01919       30.41917       52.68754
wrapping first mol.:      -43.01919       30.41917       52.68754
wrapping first mol.:      -43.01919       30.41917       52.68754

 NSTEP =  2500000   TIME(PS) =    5000.000  TEMP(K) =   300.05  PRESS =     0.0
 Etot   =    -66310.9037  EKtot   =     12999.1494  EPtot      =    -79310.0531
 BOND   =       632.2002  ANGLE   =      1563.0151  DIHED      =      1149.6183
 UB     =         0.0000  IMP     =         0.0000  CMAP       =       163.9581
 1-4 NB =       704.2654  1-4 EEL =      9789.1624  VDWAALS    =      8401.6537
 EELEC  =   -101713.9263  EHBOND  =         0.0000  RESTRAINT  =         0.0000
 ------------------------------------------------------------------------------


      A V E R A G E S   O V E R      50 S T E P S


 NSTEP =  2500000   TIME(PS) =    5000.000  TEMP(K) =   299.39  PRESS =     0.0
 Etot   =    -66393.3036  EKtot   =     12970.5863  EPtot      =    -79363.8899
 BOND   =       596.8190  ANGLE   =      1570.9190  DIHED      =      1131.0067
 UB     =         0.0000  IMP     =         0.0000  CMAP       =       161.1941
 1-4 NB =       717.0590  1-4 EEL =      9727.5622  VDWAALS    =      8467.3674
 EELEC  =   -101735.8173  EHBOND  =         0.0000  RESTRAINT  =         0.0000
 ------------------------------------------------------------------------------


      R M S  F L U C T U A T I O N S


 NSTEP =  2500000   TIME(PS) =    5000.000  TEMP(K) =     1.89  PRESS =     0.0
 Etot   =       120.3833  EKtot   =        82.0502  EPtot      =       102.1013
 BOND   =        21.0676  ANGLE   =        26.6474  DIHED      =        15.9107
 UB     =         0.0000  IMP     =         0.0000  CMAP       =         7.7626
 1-4 NB =        11.3129  1-4 EEL =        33.9509  VDWAALS    =       125.6008
 EELEC  =       183.7681  EHBOND  =         0.0000  RESTRAINT  =         0.0000
 ------------------------------------------------------------------------------

--------------------------------------------------------------------------------
   5.  TIMINGS
--------------------------------------------------------------------------------

|  NonSetup CPU Time in Major Routines:
|
|     Routine           Sec        %
|     ------------------------------
|     Nonbond         250.09   16.58
|     Bond              0.00    0.00
|     Angle             0.00    0.00
|     Dihedral          0.00    0.00
|     Shake            13.41    0.89
|     RunMD          1242.59   82.37
|     Other             2.53    0.17
|     ------------------------------
|     Total          1508.62

|  PME Nonbond Pairlist CPU Time:
|
|     Routine              Sec        %
|     ---------------------------------
|     Set Up Cit           0.00    0.00
|     Build List           0.00    0.00
|     ---------------------------------
|     Total                0.00    0.00

|  PME Direct Force CPU Time:
|
|     Routine              Sec        %
|     ---------------------------------
|     NonBonded Calc       0.00    0.00
|     Exclude Masked       0.00    0.00
|     Other                1.39    0.09
|     ---------------------------------
|     Total                1.39    0.09

|  PME Reciprocal Force CPU Time:
|
|     Routine              Sec        %
|     ---------------------------------
|     1D bspline           0.00    0.00
|     Grid Charges         0.00    0.00
|     Scalar Sum           0.00    0.00
|     Gradient Sum         0.00    0.00
|     FFT                  0.00    0.00
|     ---------------------------------
|     Total                0.00    0.00

|  Final Performance Info:
|     -----------------------------------------------------
|     Average timings for last   50000 steps:
|     Elapsed(s) =      30.25 Per Step(ms) =       0.61
|         ns/day =     285.60   seconds/ns =     302.52
|
|     Average timings for all steps:
|     Elapsed(s) =    1508.89 Per Step(ms) =       0.60
|         ns/day =     286.30   seconds/ns =     301.78
|     -----------------------------------------------------

|  Setup CPU time:            0.62 seconds
|  NonSetup CPU time:      1508.62 seconds
|  Total CPU time:         1509.24 seconds     0.42 hours

|  Setup wall time:           0    seconds
|  NonSetup wall time:     1509    seconds
|  Total wall time:        1509    seconds     0.42 hours
