
          -------------------------------------------------------
          Amber 18 PMEMD                              2018
          -------------------------------------------------------

| PMEMD implementation of SANDER, Release 18

| Run on 06/17/2020 at 20:46:00

|   Executable path: pmemd.cuda
| Working directory: /home/almacen/pbarletta/dynein/run/3fm7/1_pdt
|          Hostname: Unknown
  [-O]verwriting output

File Assignments:
|   MDIN: pre_pdt.in                                                            
|  MDOUT: 0pdt.out                                                              
| INPCRD: 1_3fm7.rst7                                                           
|   PARM: /home/almacen/pbarletta/dynein/top_files/3fm7.prmtop                  
| RESTRT: 0p1_3fm7.rst7                                                         
|   REFC: refc                                                                  
|  MDVEL: mdvel                                                                 
|   MDEN: mden                                                                  
|  MDCRD: 0p1_3fm7.nc                                                           
| MDINFO: mdinfo                                                                
|  MDFRC: mdfrc                                                                 


 Here is the input file:

Production run                                                                 
&cntrl                                                                         
imin = 0,                           ! No Minimization                          
nmropt = 0,                         ! No NMR restraints read                   
                                                                               
! Nature and format of the input                                               
ntx = 1,                            ! Coordinates but no velocities will be rea
irest = 0,                          ! Run a new simulation                     
                                                                               
! Nature and format of the output                                              
ntxo = 2,                           ! rstrt file in NetCDF format              
ntpr = 50000,                       ! inf in output every ntpr steps           
ntwr = 50000,                       ! rstrt file every ntwr steps              
ntwx = 5000,                        ! mdcrd file every ntwx steps              
ntwv = 0,                           ! mdvel without velocities                 
ntwe = 0,                           ! Energies and temperatures not written in 
idecomp = 0,                        ! No energy decomposition                  
iwrap = 1,                          ! Coordinates of the restart and mdcrd file
                                                                               
! Frozen or restrained atoms                                                   
ibelly = 0,                         ! No frozen atoms                          
ntr=0,                              ! Harmonic potential restraints            
                                                                               
! Molecular dynamics                                                           
nstlim = 2500000,                   ! Number of MD-steps                       
dt = 0.002,                         ! Time step                                
                                                                               
! Temperature regulation                                                       
ntt = 3,                            ! Langevin thermostat                      
gamma_ln = 2,                       ! Gamma constant for Langevin              
temp0 = 300.0,                      ! Reference T at which the system is to be 
tempi = 300.0,                      ! Initial T                                
ig = -1,                            ! Seed for the RNG                         
                                                                               
! P and V regulation                                                           
!barostat = 1,                      ! Berendsen barostat                       
!taup = 1,                          ! Pressure relaxation time                 
ntp = 0,                            ! constant V                               
ntb = 1,                            ! Periodic box for constant V              
                                                                               
! SHAKE variables                                                              
ntc = 2,                            ! Bonds involving H are constrained        
ntf = 2,                            ! Bond interaction involving H are ommited.
                                                                               
cut = 9.0,                          ! Nonbonded cutoff                         
/                                                                              
&end                                                                           


Note: ig = -1. Setting random seed to   572056 based on wallclock time in 
      microseconds.
| irandom = 1, using AMBER's internal random number generator (default).
 
|--------------------- INFORMATION ----------------------
| GPU (CUDA) Version of PMEMD in use: NVIDIA GPU IN USE.
|                    Version 18.0.0
| 
|                      03/25/2018
| 
| Implementation by:
|                    Ross C. Walker     (SDSC)
|                    Scott Le Grand     (nVIDIA)
| 
| Version 18 performance extensions by:
|                    David Cerutti     (Rutgers)
| 
| Precision model in use:
|      [SPFP] - Single Precision Forces, 64-bit Fixed Point
|               Accumulation. (Default)
| 
|--------------------------------------------------------
 
|----------------- CITATION INFORMATION -----------------
|
|    When publishing work that utilized the CUDA version
|    of AMBER, please cite the following in addition to
|    the regular AMBER citations:
|
|  - Romelia Salomon-Ferrer; Andreas W. Goetz; Duncan
|    Poole; Scott Le Grand; Ross C. Walker "Routine
|    microsecond molecular dynamics simulations with
|    AMBER - Part II: Particle Mesh Ewald", J. Chem.
|    Theory Comput., 2013, 9 (9), pp3878-3888,
|    DOI: 10.1021/ct400314y.
|
|  - Andreas W. Goetz; Mark J. Williamson; Dong Xu;
|    Duncan Poole; Scott Le Grand; Ross C. Walker
|    "Routine microsecond molecular dynamics simulations
|    with AMBER - Part I: Generalized Born", J. Chem.
|    Theory Comput., 2012, 8 (5), pp1542-1555.
|
|  - Scott Le Grand; Andreas W. Goetz; Ross C. Walker
|    "SPFP: Speed without compromise - a mixed precision
|    model for GPU accelerated molecular dynamics
|    simulations.", Comp. Phys. Comm., 2013, 184
|    pp374-380, DOI: 10.1016/j.cpc.2012.09.022
|
|--------------------------------------------------------
 
|------------------- GPU DEVICE INFO --------------------
|
|            CUDA_VISIBLE_DEVICES: 0
|   CUDA Capable Devices Detected:      1
|           CUDA Device ID in use:      0
|                CUDA Device Name: GeForce GTX 1080 Ti
|     CUDA Device Global Mem Size:  11178 MB
| CUDA Device Num Multiprocessors:     28
|           CUDA Device Core Freq:   1.72 GHz
|
|--------------------------------------------------------
 
 
| Conditional Compilation Defines Used:
| PUBFFT
| BINTRAJ
| CUDA
| EMIL

| Largest sphere to fit in unit cell has radius =    40.522

| New format PARM file being parsed.
| Version =    1.000 Date = 06/08/20 Time = 20:22:27

| Note: 1-4 EEL scale factors are being read from the topology file.

| Note: 1-4 VDW scale factors are being read from the topology file.
| Duplicated    0 dihedrals

| Duplicated    0 dihedrals

--------------------------------------------------------------------------------
   1.  RESOURCE   USE: 
--------------------------------------------------------------------------------

 getting new box info from bottom of inpcrd
 NATOM  =   99069 NTYPES =      18 NBONH =   72575 MBONA  =   26562
 NTHETH =    7652 MTHETA =    4742 NPHIH =   15618 MPHIA  =   15137
 NHPARM =       0 NPARM  =       0 NNB   =  198959 NRES   =   23494
 NBONA  =   26562 NTHETA =    4742 NPHIA =   15137 NUMBND =      75
 NUMANG =     181 NPTRA  =     191 NATYP =      37 NPHB   =       1
 IFBOX  =       2 NMXRS  =      24 IFCAP =       0 NEXTRA =   23065
 NCOPY  =       0


| Coordinate Index Table dimensions:    17   17   17
| Direct force subcell size =     5.8388    5.8388    5.8388

     BOX TYPE: TRUNCATED OCTAHEDRON

--------------------------------------------------------------------------------
   2.  CONTROL  DATA  FOR  THE  RUN
--------------------------------------------------------------------------------

default_name                                                                    

General flags:
     imin    =       0, nmropt  =       0

Nature and format of input:
     ntx     =       1, irest   =       0, ntrx    =       1

Nature and format of output:
     ntxo    =       2, ntpr    =   50000, ntrx    =       1, ntwr    =   50000
     iwrap   =       1, ntwx    =    5000, ntwv    =       0, ntwe    =       0
     ioutfm  =       1, ntwprt  =       0, idecomp =       0, rbornstat=      0

Potential function:
     ntf     =       2, ntb     =       1, igb     =       0, nsnb    =      25
     ipol    =       0, gbsa    =       0, iesp    =       0
     dielc   =   1.00000, cut     =   9.00000, intdiel =   1.00000

Frozen or restrained atoms:
     ibelly  =       0, ntr     =       0

Molecular dynamics:
     nstlim  =   2500000, nscm    =      1000, nrespa  =         1
     t       =   0.00000, dt      =   0.00200, vlimit  =  -1.00000

Langevin dynamics temperature regulation:
     ig      =  572056
     temp0   = 300.00000, tempi   = 300.00000, gamma_ln=   2.00000

SHAKE:
     ntc     =       2, jfastw  =       0
     tol     =   0.00001

| Intermolecular bonds treatment:
|     no_intermolecular_bonds =       1

| Energy averages sample interval:
|     ene_avg_sampling =   50000

Extra-points options:
     frameon =       1, chngmask=       1

Ewald parameters:
     verbose =       0, ew_type =       0, nbflag  =       1, use_pme =       1
     vdwmeth =       1, eedmeth =       1, netfrc  =       1
     Box X =   99.259   Box Y =   99.259   Box Z =   99.259
     Alpha =  109.471   Beta  =  109.471   Gamma =  109.471
     NFFT1 =  100       NFFT2 =  100       NFFT3 =  100
     Cutoff=    9.000   Tol   =0.100E-04
     Ewald Coefficient =  0.30768
     Interpolation order =    4
|      EXTRA_PTS, trim_bonds: num bonds BEFORE trim = 72575     0
|      EXTRA_PTS, trim_bonds: num bonds AFTER  trim = 72575     0
|      EXTRA_PTS, trim_bonds: num bonds BEFORE trim = 26562     0
|      EXTRA_PTS, trim_bonds: num bonds AFTER  trim =  3497     0
|      EXTRA_PTS, trim_theta: num angle BEFORE trim =  7652     0
|      EXTRA_PTS, trim_theta: num angle AFTER  trim =  7652     0
|      EXTRA_PTS, trim_theta: num angle BEFORE trim =  4742     0
|      EXTRA_PTS, trim_theta: num angle AFTER  trim =  4742     0
|      EXTRA_PTS, trim_phi:  num diheds BEFORE trim = 15618     0
|      EXTRA_PTS, trim_phi:  num diheds AFTER  trim = 15618     0
|      EXTRA_PTS, trim_phi:  num diheds BEFORE trim = 15137     0
|      EXTRA_PTS, trim_phi:  num diheds AFTER  trim = 15137     0

--------------------------------------------------------------------------------
   3.  ATOMIC COORDINATES AND VELOCITIES
--------------------------------------------------------------------------------

Cpptraj Generated Restart                                                       
 begin time read from input coords =218420.000 ps

 
 Number of triangulated 3-point waters found:    23065

     Sum of charges from parm topology file =   0.00012630
     Forcing neutrality...

| Dynamic Memory, Types Used:
| Reals             2786006
| Integers          6372915

| Nonbonded Pairs Initial Allocation:    22587732

| GPU memory information (estimate):
| KB of GPU memory in use:         0
| KB of CPU memory in use:         0

--------------------------------------------------------------------------------
   4.  RESULTS
--------------------------------------------------------------------------------


 NSTEP =        0   TIME(PS) =       0.000  TEMP(K) =   439.62  PRESS =     0.0
 Etot   =   -228477.8741  EKtot   =     67895.9265  EPtot      =   -296373.8007
 BOND   =      1237.5799  ANGLE   =      3447.9568  DIHED      =      2478.7345
 UB     =         0.0000  IMP     =         0.0000  CMAP       =       314.4216
 1-4 NB =      1554.9417  1-4 EEL =     20276.0664  VDWAALS    =     36408.3253
 EELEC  =   -362091.8268  EHBOND  =         0.0000  RESTRAINT  =         0.0000
 ------------------------------------------------------------------------------

wrapping first mol.:       66.17253      -46.79104       81.04447
wrapping first mol.:       66.17253      -46.79104       81.04447
wrapping first mol.:       66.17253      -46.79104       81.04447
wrapping first mol.:       66.17253      -46.79104       81.04447
wrapping first mol.:       66.17253      -46.79104       81.04447
wrapping first mol.:       66.17253      -46.79104       81.04447
wrapping first mol.:       66.17253      -46.79104       81.04447
wrapping first mol.:       66.17253      -46.79104       81.04447
wrapping first mol.:       66.17253      -46.79104       81.04447
wrapping first mol.:       66.17253      -46.79104       81.04447
wrapping first mol.:       66.17253      -46.79104       81.04447

 NSTEP =    50000   TIME(PS) =     100.000  TEMP(K) =   300.14  PRESS =     0.0
 Etot   =   -250047.3627  EKtot   =     46354.2109  EPtot      =   -296401.5736
 BOND   =      1199.6717  ANGLE   =      3404.2178  DIHED      =      2445.9388
 UB     =         0.0000  IMP     =         0.0000  CMAP       =       307.5605
 1-4 NB =      1550.7184  1-4 EEL =     20287.9612  VDWAALS    =     36118.6569
 EELEC  =   -361716.2988  EHBOND  =         0.0000  RESTRAINT  =         0.0000
 ------------------------------------------------------------------------------

wrapping first mol.:       66.17253      -46.79104       81.04447
wrapping first mol.:       66.17253      -46.79104       81.04447
wrapping first mol.:       66.17253      -46.79104       81.04447
wrapping first mol.:       66.17253      -46.79104       81.04447
wrapping first mol.:       66.17253      -46.79104       81.04447
wrapping first mol.:       66.17253      -46.79104       81.04447
wrapping first mol.:       66.17253      -46.79104       81.04447
wrapping first mol.:       66.17253      -46.79104       81.04447
wrapping first mol.:       66.17253      -46.79104       81.04447
wrapping first mol.:       66.17253      -46.79104       81.04447
wrapping first mol.:       66.17253      -46.79104       81.04447

 NSTEP =   100000   TIME(PS) =     200.000  TEMP(K) =   300.94  PRESS =     0.0
 Etot   =   -249890.9107  EKtot   =     46477.7852  EPtot      =   -296368.6959
 BOND   =      1272.3831  ANGLE   =      3426.3503  DIHED      =      2437.1741
 UB     =         0.0000  IMP     =         0.0000  CMAP       =       308.0082
 1-4 NB =      1521.1716  1-4 EEL =     20211.1817  VDWAALS    =     36464.1832
 EELEC  =   -362009.1482  EHBOND  =         0.0000  RESTRAINT  =         0.0000
 ------------------------------------------------------------------------------

wrapping first mol.:       66.17253      -46.79104       81.04447
wrapping first mol.:       66.17253      -46.79104       81.04447
wrapping first mol.:       66.17253      -46.79104       81.04447
wrapping first mol.:       66.17253      -46.79104       81.04447
wrapping first mol.:       66.17253      -46.79104       81.04447
wrapping first mol.:       66.17253      -46.79104       81.04447
wrapping first mol.:       66.17253      -46.79104       81.04447
wrapping first mol.:       66.17253      -46.79104       81.04447
wrapping first mol.:       66.17253      -46.79104       81.04447
wrapping first mol.:       66.17253      -46.79104       81.04447
wrapping first mol.:       66.17253      -46.79104       81.04447

 NSTEP =   150000   TIME(PS) =     300.000  TEMP(K) =   301.46  PRESS =     0.0
 Etot   =   -250645.1087  EKtot   =     46558.7109  EPtot      =   -297203.8197
 BOND   =      1274.3952  ANGLE   =      3381.9500  DIHED      =      2421.3874
 UB     =         0.0000  IMP     =         0.0000  CMAP       =       310.1988
 1-4 NB =      1555.2055  1-4 EEL =     20274.3577  VDWAALS    =     36879.4123
 EELEC  =   -363300.7266  EHBOND  =         0.0000  RESTRAINT  =         0.0000
 ------------------------------------------------------------------------------

wrapping first mol.:       66.17253      -46.79104       81.04447
wrapping first mol.:       66.17253      -46.79104       81.04447
wrapping first mol.:       66.17253      -46.79104       81.04447
wrapping first mol.:       66.17253      -46.79104       81.04447
wrapping first mol.:       66.17253      -46.79104       81.04447
wrapping first mol.:       66.17253      -46.79104       81.04447
wrapping first mol.:       66.17253      -46.79104       81.04447
wrapping first mol.:       66.17253      -46.79104       81.04447
wrapping first mol.:       66.17253      -46.79104       81.04447
wrapping first mol.:       66.17253      -46.79104       81.04447
wrapping first mol.:       66.17253      -46.79104       81.04447

 NSTEP =   200000   TIME(PS) =     400.000  TEMP(K) =   299.45  PRESS =     0.0
 Etot   =   -250339.1518  EKtot   =     46247.7227  EPtot      =   -296586.8745
 BOND   =      1344.7327  ANGLE   =      3474.0711  DIHED      =      2496.3676
 UB     =         0.0000  IMP     =         0.0000  CMAP       =       299.3674
 1-4 NB =      1548.4609  1-4 EEL =     20233.9532  VDWAALS    =     36586.9441
 EELEC  =   -362570.7716  EHBOND  =         0.0000  RESTRAINT  =         0.0000
 ------------------------------------------------------------------------------

wrapping first mol.:       66.17253      -46.79104       81.04447
wrapping first mol.:       66.17253      -46.79104       81.04447
wrapping first mol.:       66.17253      -46.79104       81.04447
wrapping first mol.:       66.17253      -46.79104       81.04447
wrapping first mol.:       66.17253      -46.79104       81.04447
wrapping first mol.:       66.17253      -46.79104       81.04447
wrapping first mol.:       66.17253      -46.79104       81.04447
wrapping first mol.:       66.17253      -46.79104       81.04447
wrapping first mol.:       66.17253      -46.79104       81.04447
wrapping first mol.:       66.17253      -46.79104       81.04447
wrapping first mol.:       66.17253      -46.79104       81.04447

 NSTEP =   250000   TIME(PS) =     500.000  TEMP(K) =   298.15  PRESS =     0.0
 Etot   =   -250486.3603  EKtot   =     46046.6680  EPtot      =   -296533.0283
 BOND   =      1318.7875  ANGLE   =      3382.4740  DIHED      =      2451.5223
 UB     =         0.0000  IMP     =         0.0000  CMAP       =       320.2004
 1-4 NB =      1514.9677  1-4 EEL =     20252.5249  VDWAALS    =     37085.6995
 EELEC  =   -362859.2046  EHBOND  =         0.0000  RESTRAINT  =         0.0000
 ------------------------------------------------------------------------------

wrapping first mol.:       66.17253      -46.79104       81.04447
wrapping first mol.:       66.17253      -46.79104       81.04447
wrapping first mol.:       66.17253      -46.79104       81.04447
wrapping first mol.:       66.17253      -46.79104       81.04447
wrapping first mol.:       66.17253      -46.79104       81.04447
wrapping first mol.:       66.17253      -46.79104       81.04447
wrapping first mol.:       66.17253      -46.79104       81.04447
wrapping first mol.:       66.17253      -46.79104       81.04447
wrapping first mol.:       66.17253      -46.79104       81.04447
wrapping first mol.:       66.17253      -46.79104       81.04447
wrapping first mol.:       66.17253      -46.79104       81.04447

 NSTEP =   300000   TIME(PS) =     600.000  TEMP(K) =   299.84  PRESS =     0.0
 Etot   =   -250552.4299  EKtot   =     46308.3242  EPtot      =   -296860.7541
 BOND   =      1293.8032  ANGLE   =      3504.4502  DIHED      =      2431.0522
 UB     =         0.0000  IMP     =         0.0000  CMAP       =       332.4656
 1-4 NB =      1529.4615  1-4 EEL =     20276.7593  VDWAALS    =     36819.5218
 EELEC  =   -363048.2678  EHBOND  =         0.0000  RESTRAINT  =         0.0000
 ------------------------------------------------------------------------------

wrapping first mol.:       66.17253      -46.79104       81.04447
wrapping first mol.:       66.17253      -46.79104       81.04447
wrapping first mol.:       66.17253      -46.79104       81.04447
wrapping first mol.:       66.17253      -46.79104       81.04447
wrapping first mol.:       66.17253      -46.79104       81.04447
wrapping first mol.:       66.17253      -46.79104       81.04447
wrapping first mol.:       66.17253      -46.79104       81.04447
wrapping first mol.:       66.17253      -46.79104       81.04447
wrapping first mol.:       66.17253      -46.79104       81.04447
wrapping first mol.:       66.17253      -46.79104       81.04447
wrapping first mol.:       66.17253      -46.79104       81.04447

 NSTEP =   350000   TIME(PS) =     700.000  TEMP(K) =   299.83  PRESS =     0.0
 Etot   =   -250119.3260  EKtot   =     46306.7070  EPtot      =   -296426.0330
 BOND   =      1273.5850  ANGLE   =      3454.9189  DIHED      =      2436.6954
 UB     =         0.0000  IMP     =         0.0000  CMAP       =       312.8811
 1-4 NB =      1539.8531  1-4 EEL =     20231.1472  VDWAALS    =     36532.8579
 EELEC  =   -362207.9716  EHBOND  =         0.0000  RESTRAINT  =         0.0000
 ------------------------------------------------------------------------------

wrapping first mol.:       66.17253      -46.79104       81.04447
wrapping first mol.:       66.17253      -46.79104       81.04447
wrapping first mol.:       66.17253      -46.79104       81.04447
wrapping first mol.:       66.17253      -46.79104       81.04447
wrapping first mol.:       66.17253      -46.79104       81.04447
wrapping first mol.:       66.17253      -46.79104       81.04447
wrapping first mol.:       66.17253      -46.79104       81.04447
wrapping first mol.:       66.17253      -46.79104       81.04447
wrapping first mol.:       66.17253      -46.79104       81.04447
wrapping first mol.:       66.17253      -46.79104       81.04447
wrapping first mol.:       66.17253      -46.79104       81.04447

 NSTEP =   400000   TIME(PS) =     800.000  TEMP(K) =   297.98  PRESS =     0.0
 Etot   =   -250370.7515  EKtot   =     46020.6094  EPtot      =   -296391.3609
 BOND   =      1314.1855  ANGLE   =      3421.2594  DIHED      =      2425.5614
 UB     =         0.0000  IMP     =         0.0000  CMAP       =       303.4074
 1-4 NB =      1525.6165  1-4 EEL =     20328.1880  VDWAALS    =     36416.1641
 EELEC  =   -362125.7432  EHBOND  =         0.0000  RESTRAINT  =         0.0000
 ------------------------------------------------------------------------------

wrapping first mol.:       66.17253      -46.79104       81.04447
wrapping first mol.:       66.17253      -46.79104       81.04447
wrapping first mol.:       66.17253      -46.79104       81.04447
wrapping first mol.:       66.17253      -46.79104       81.04447
wrapping first mol.:       66.17253      -46.79104       81.04447
wrapping first mol.:       66.17253      -46.79104       81.04447
wrapping first mol.:       66.17253      -46.79104       81.04447
wrapping first mol.:       66.17253      -46.79104       81.04447
wrapping first mol.:       66.17253      -46.79104       81.04447
wrapping first mol.:       66.17253      -46.79104       81.04447
wrapping first mol.:       66.17253      -46.79104       81.04447

 NSTEP =   450000   TIME(PS) =     900.000  TEMP(K) =   299.76  PRESS =     0.0
 Etot   =   -250036.6917  EKtot   =     46295.6562  EPtot      =   -296332.3480
 BOND   =      1273.8177  ANGLE   =      3371.9758  DIHED      =      2458.3596
 UB     =         0.0000  IMP     =         0.0000  CMAP       =       305.5266
 1-4 NB =      1566.6934  1-4 EEL =     20357.3095  VDWAALS    =     36516.5324
 EELEC  =   -362182.5631  EHBOND  =         0.0000  RESTRAINT  =         0.0000
 ------------------------------------------------------------------------------

wrapping first mol.:       66.17253      -46.79104       81.04447
wrapping first mol.:       66.17253      -46.79104       81.04447
wrapping first mol.:       66.17253      -46.79104       81.04447
wrapping first mol.:       66.17253      -46.79104       81.04447
wrapping first mol.:       66.17253      -46.79104       81.04447
wrapping first mol.:       66.17253      -46.79104       81.04447
wrapping first mol.:       66.17253      -46.79104       81.04447
wrapping first mol.:       66.17253      -46.79104       81.04447
wrapping first mol.:       66.17253      -46.79104       81.04447
wrapping first mol.:       66.17253      -46.79104       81.04447
wrapping first mol.:       66.17253      -46.79104       81.04447

 NSTEP =   500000   TIME(PS) =    1000.000  TEMP(K) =   299.92  PRESS =     0.0
 Etot   =   -250093.8277  EKtot   =     46319.8867  EPtot      =   -296413.7145
 BOND   =      1293.2463  ANGLE   =      3422.3808  DIHED      =      2481.7086
 UB     =         0.0000  IMP     =         0.0000  CMAP       =       301.3517
 1-4 NB =      1532.4971  1-4 EEL =     20234.9959  VDWAALS    =     36900.0479
 EELEC  =   -362579.9429  EHBOND  =         0.0000  RESTRAINT  =         0.0000
 ------------------------------------------------------------------------------

wrapping first mol.:       66.17253      -46.79104       81.04447
wrapping first mol.:       66.17253      -46.79104       81.04447
wrapping first mol.:       66.17253      -46.79104       81.04447
wrapping first mol.:       66.17253      -46.79104       81.04447
wrapping first mol.:       66.17253      -46.79104       81.04447
wrapping first mol.:       66.17253      -46.79104       81.04447
wrapping first mol.:       66.17253      -46.79104       81.04447
wrapping first mol.:       66.17253      -46.79104       81.04447
wrapping first mol.:       66.17253      -46.79104       81.04447
wrapping first mol.:       66.17253      -46.79104       81.04447
wrapping first mol.:       66.17253      -46.79104       81.04447

 NSTEP =   550000   TIME(PS) =    1100.000  TEMP(K) =   300.68  PRESS =     0.0
 Etot   =   -250163.7569  EKtot   =     46437.5039  EPtot      =   -296601.2608
 BOND   =      1321.3008  ANGLE   =      3412.3104  DIHED      =      2458.5387
 UB     =         0.0000  IMP     =         0.0000  CMAP       =       318.8018
 1-4 NB =      1521.7437  1-4 EEL =     20284.1644  VDWAALS    =     36925.9087
 EELEC  =   -362844.0293  EHBOND  =         0.0000  RESTRAINT  =         0.0000
 ------------------------------------------------------------------------------

wrapping first mol.:       66.17253      -46.79104       81.04447
wrapping first mol.:       66.17253      -46.79104       81.04447
wrapping first mol.:       66.17253      -46.79104       81.04447
wrapping first mol.:       66.17253      -46.79104       81.04447
wrapping first mol.:       66.17253      -46.79104       81.04447
wrapping first mol.:       66.17253      -46.79104       81.04447
wrapping first mol.:       66.17253      -46.79104       81.04447
wrapping first mol.:       66.17253      -46.79104       81.04447
wrapping first mol.:       66.17253      -46.79104       81.04447
wrapping first mol.:       66.17253      -46.79104       81.04447
wrapping first mol.:       66.17253      -46.79104       81.04447

 NSTEP =   600000   TIME(PS) =    1200.000  TEMP(K) =   299.51  PRESS =     0.0
 Etot   =   -250749.2572  EKtot   =     46257.2266  EPtot      =   -297006.4838
 BOND   =      1262.4967  ANGLE   =      3396.8816  DIHED      =      2462.1826
 UB     =         0.0000  IMP     =         0.0000  CMAP       =       329.9080
 1-4 NB =      1530.2996  1-4 EEL =     20283.8973  VDWAALS    =     37046.5866
 EELEC  =   -363318.7362  EHBOND  =         0.0000  RESTRAINT  =         0.0000
 ------------------------------------------------------------------------------

wrapping first mol.:       66.17253      -46.79104       81.04447
wrapping first mol.:       66.17253      -46.79104       81.04447
wrapping first mol.:       66.17253      -46.79104       81.04447
wrapping first mol.:       66.17253      -46.79104       81.04447
wrapping first mol.:       66.17253      -46.79104       81.04447
wrapping first mol.:       66.17253      -46.79104       81.04447
wrapping first mol.:       66.17253      -46.79104       81.04447
wrapping first mol.:       66.17253      -46.79104       81.04447
wrapping first mol.:       66.17253      -46.79104       81.04447
wrapping first mol.:       66.17253      -46.79104       81.04447
wrapping first mol.:       66.17253      -46.79104       81.04447

 NSTEP =   650000   TIME(PS) =    1300.000  TEMP(K) =   298.10  PRESS =     0.0
 Etot   =   -250655.0407  EKtot   =     46038.4141  EPtot      =   -296693.4548
 BOND   =      1319.6948  ANGLE   =      3419.9986  DIHED      =      2405.2228
 UB     =         0.0000  IMP     =         0.0000  CMAP       =       312.8074
 1-4 NB =      1536.4220  1-4 EEL =     20238.8234  VDWAALS    =     36469.5941
 EELEC  =   -362396.0179  EHBOND  =         0.0000  RESTRAINT  =         0.0000
 ------------------------------------------------------------------------------

wrapping first mol.:       66.17253      -46.79104       81.04447
wrapping first mol.:       66.17253      -46.79104       81.04447
wrapping first mol.:       66.17253      -46.79104       81.04447
wrapping first mol.:       66.17253      -46.79104       81.04447
wrapping first mol.:       66.17253      -46.79104       81.04447
wrapping first mol.:       66.17253      -46.79104       81.04447
wrapping first mol.:       66.17253      -46.79104       81.04447
wrapping first mol.:       66.17253      -46.79104       81.04447
wrapping first mol.:       66.17253      -46.79104       81.04447
wrapping first mol.:       66.17253      -46.79104       81.04447
wrapping first mol.:       66.17253      -46.79104       81.04447

 NSTEP =   700000   TIME(PS) =    1400.000  TEMP(K) =   299.24  PRESS =     0.0
 Etot   =   -250945.2708  EKtot   =     46215.6016  EPtot      =   -297160.8724
 BOND   =      1349.7464  ANGLE   =      3390.1311  DIHED      =      2454.3437
 UB     =         0.0000  IMP     =         0.0000  CMAP       =       325.4109
 1-4 NB =      1507.2172  1-4 EEL =     20319.6350  VDWAALS    =     36676.7967
 EELEC  =   -363184.1533  EHBOND  =         0.0000  RESTRAINT  =         0.0000
 ------------------------------------------------------------------------------

wrapping first mol.:       66.17253      -46.79104       81.04447
wrapping first mol.:       66.17253      -46.79104       81.04447
wrapping first mol.:       66.17253      -46.79104       81.04447
wrapping first mol.:       66.17253      -46.79104       81.04447
wrapping first mol.:       66.17253      -46.79104       81.04447
wrapping first mol.:       66.17253      -46.79104       81.04447
wrapping first mol.:       66.17253      -46.79104       81.04447
wrapping first mol.:       66.17253      -46.79104       81.04447
wrapping first mol.:       66.17253      -46.79104       81.04447
wrapping first mol.:       66.17253      -46.79104       81.04447
wrapping first mol.:       66.17253      -46.79104       81.04447

 NSTEP =   750000   TIME(PS) =    1500.000  TEMP(K) =   298.58  PRESS =     0.0
 Etot   =   -250744.9843  EKtot   =     46112.8672  EPtot      =   -296857.8515
 BOND   =      1268.5968  ANGLE   =      3428.9144  DIHED      =      2459.7875
 UB     =         0.0000  IMP     =         0.0000  CMAP       =       307.0176
 1-4 NB =      1550.9599  1-4 EEL =     20276.2070  VDWAALS    =     36453.7966
 EELEC  =   -362603.1313  EHBOND  =         0.0000  RESTRAINT  =         0.0000
 ------------------------------------------------------------------------------

wrapping first mol.:       66.17253      -46.79104       81.04447
wrapping first mol.:       66.17253      -46.79104       81.04447
wrapping first mol.:       66.17253      -46.79104       81.04447
wrapping first mol.:       66.17253      -46.79104       81.04447
wrapping first mol.:       66.17253      -46.79104       81.04447
wrapping first mol.:       66.17253      -46.79104       81.04447
wrapping first mol.:       66.17253      -46.79104       81.04447
wrapping first mol.:       66.17253      -46.79104       81.04447
wrapping first mol.:       66.17253      -46.79104       81.04447
wrapping first mol.:       66.17253      -46.79104       81.04447
wrapping first mol.:       66.17253      -46.79104       81.04447

 NSTEP =   800000   TIME(PS) =    1600.000  TEMP(K) =   300.67  PRESS =     0.0
 Etot   =   -249829.7040  EKtot   =     46436.6211  EPtot      =   -296266.3251
 BOND   =      1256.6471  ANGLE   =      3546.8142  DIHED      =      2414.2547
 UB     =         0.0000  IMP     =         0.0000  CMAP       =       311.5961
 1-4 NB =      1517.9901  1-4 EEL =     20205.7740  VDWAALS    =     36521.6239
 EELEC  =   -362041.0253  EHBOND  =         0.0000  RESTRAINT  =         0.0000
 ------------------------------------------------------------------------------

wrapping first mol.:       66.17253      -46.79104       81.04447
wrapping first mol.:       66.17253      -46.79104       81.04447
wrapping first mol.:       66.17253      -46.79104       81.04447
wrapping first mol.:       66.17253      -46.79104       81.04447
wrapping first mol.:       66.17253      -46.79104       81.04447
wrapping first mol.:       66.17253      -46.79104       81.04447
wrapping first mol.:       66.17253      -46.79104       81.04447
wrapping first mol.:       66.17253      -46.79104       81.04447
wrapping first mol.:       66.17253      -46.79104       81.04447
wrapping first mol.:       66.17253      -46.79104       81.04447
wrapping first mol.:       66.17253      -46.79104       81.04447

 NSTEP =   850000   TIME(PS) =    1700.000  TEMP(K) =   300.41  PRESS =     0.0
 Etot   =   -249935.0759  EKtot   =     46395.6445  EPtot      =   -296330.7204
 BOND   =      1299.1511  ANGLE   =      3379.3840  DIHED      =      2425.0221
 UB     =         0.0000  IMP     =         0.0000  CMAP       =       343.8952
 1-4 NB =      1541.6596  1-4 EEL =     20267.9905  VDWAALS    =     37163.5682
 EELEC  =   -362751.3911  EHBOND  =         0.0000  RESTRAINT  =         0.0000
 ------------------------------------------------------------------------------

wrapping first mol.:       66.17253      -46.79104       81.04447
wrapping first mol.:       66.17253      -46.79104       81.04447
wrapping first mol.:       66.17253      -46.79104       81.04447
wrapping first mol.:       66.17253      -46.79104       81.04447
wrapping first mol.:       66.17253      -46.79104       81.04447
wrapping first mol.:       66.17253      -46.79104       81.04447
wrapping first mol.:       66.17253      -46.79104       81.04447
wrapping first mol.:       66.17253      -46.79104       81.04447
wrapping first mol.:       66.17253      -46.79104       81.04447
wrapping first mol.:       66.17253      -46.79104       81.04447
wrapping first mol.:       66.17253      -46.79104       81.04447

 NSTEP =   900000   TIME(PS) =    1800.000  TEMP(K) =   298.72  PRESS =     0.0
 Etot   =   -250438.8753  EKtot   =     46134.9805  EPtot      =   -296573.8558
 BOND   =      1271.0088  ANGLE   =      3440.7464  DIHED      =      2419.4871
 UB     =         0.0000  IMP     =         0.0000  CMAP       =       300.3732
 1-4 NB =      1560.9917  1-4 EEL =     20232.3328  VDWAALS    =     36936.8881
 EELEC  =   -362735.6839  EHBOND  =         0.0000  RESTRAINT  =         0.0000
 ------------------------------------------------------------------------------

wrapping first mol.:       66.17253      -46.79104       81.04447
wrapping first mol.:       66.17253      -46.79104       81.04447
wrapping first mol.:       66.17253      -46.79104       81.04447
wrapping first mol.:       66.17253      -46.79104       81.04447
wrapping first mol.:       66.17253      -46.79104       81.04447
wrapping first mol.:       66.17253      -46.79104       81.04447
wrapping first mol.:       66.17253      -46.79104       81.04447
wrapping first mol.:       66.17253      -46.79104       81.04447
wrapping first mol.:       66.17253      -46.79104       81.04447
wrapping first mol.:       66.17253      -46.79104       81.04447
wrapping first mol.:       66.17253      -46.79104       81.04447

 NSTEP =   950000   TIME(PS) =    1900.000  TEMP(K) =   301.85  PRESS =     0.0
 Etot   =   -250101.5401  EKtot   =     46618.0938  EPtot      =   -296719.6338
 BOND   =      1298.3157  ANGLE   =      3360.4343  DIHED      =      2457.3752
 UB     =         0.0000  IMP     =         0.0000  CMAP       =       307.9690
 1-4 NB =      1536.4913  1-4 EEL =     20254.9449  VDWAALS    =     36704.5622
 EELEC  =   -362639.7264  EHBOND  =         0.0000  RESTRAINT  =         0.0000
 ------------------------------------------------------------------------------

wrapping first mol.:       66.17253      -46.79104       81.04447
wrapping first mol.:       66.17253      -46.79104       81.04447
wrapping first mol.:       66.17253      -46.79104       81.04447
wrapping first mol.:       66.17253      -46.79104       81.04447
wrapping first mol.:       66.17253      -46.79104       81.04447
wrapping first mol.:       66.17253      -46.79104       81.04447
wrapping first mol.:       66.17253      -46.79104       81.04447
wrapping first mol.:       66.17253      -46.79104       81.04447
wrapping first mol.:       66.17253      -46.79104       81.04447
wrapping first mol.:       66.17253      -46.79104       81.04447
wrapping first mol.:       66.17253      -46.79104       81.04447

 NSTEP =  1000000   TIME(PS) =    2000.000  TEMP(K) =   300.78  PRESS =     0.0
 Etot   =   -249811.3032  EKtot   =     46453.5000  EPtot      =   -296264.8032
 BOND   =      1291.3826  ANGLE   =      3429.5590  DIHED      =      2447.8311
 UB     =         0.0000  IMP     =         0.0000  CMAP       =       317.7474
 1-4 NB =      1538.3277  1-4 EEL =     20308.0843  VDWAALS    =     36335.2720
 EELEC  =   -361933.0075  EHBOND  =         0.0000  RESTRAINT  =         0.0000
 ------------------------------------------------------------------------------

wrapping first mol.:       66.17253      -46.79104       81.04447
wrapping first mol.:       66.17253      -46.79104       81.04447
wrapping first mol.:       66.17253      -46.79104       81.04447
wrapping first mol.:       66.17253      -46.79104       81.04447
wrapping first mol.:       66.17253      -46.79104       81.04447
wrapping first mol.:       66.17253      -46.79104       81.04447
wrapping first mol.:       66.17253      -46.79104       81.04447
wrapping first mol.:       66.17253      -46.79104       81.04447
wrapping first mol.:       66.17253      -46.79104       81.04447
wrapping first mol.:       66.17253      -46.79104       81.04447
wrapping first mol.:       66.17253      -46.79104       81.04447

 NSTEP =  1050000   TIME(PS) =    2100.000  TEMP(K) =   299.15  PRESS =     0.0
 Etot   =   -250914.3174  EKtot   =     46201.0977  EPtot      =   -297115.4150
 BOND   =      1262.4613  ANGLE   =      3318.3275  DIHED      =      2450.9934
 UB     =         0.0000  IMP     =         0.0000  CMAP       =       347.7638
 1-4 NB =      1555.0986  1-4 EEL =     20281.7043  VDWAALS    =     37529.0744
 EELEC  =   -363860.8382  EHBOND  =         0.0000  RESTRAINT  =         0.0000
 ------------------------------------------------------------------------------

wrapping first mol.:       66.17253      -46.79104       81.04447
wrapping first mol.:       66.17253      -46.79104       81.04447
wrapping first mol.:       66.17253      -46.79104       81.04447
wrapping first mol.:       66.17253      -46.79104       81.04447
wrapping first mol.:       66.17253      -46.79104       81.04447
wrapping first mol.:       66.17253      -46.79104       81.04447
wrapping first mol.:       66.17253      -46.79104       81.04447
wrapping first mol.:       66.17253      -46.79104       81.04447
wrapping first mol.:       66.17253      -46.79104       81.04447
wrapping first mol.:       66.17253      -46.79104       81.04447
wrapping first mol.:       66.17253      -46.79104       81.04447

 NSTEP =  1100000   TIME(PS) =    2200.000  TEMP(K) =   297.43  PRESS =     0.0
 Etot   =   -250634.6400  EKtot   =     45936.0000  EPtot      =   -296570.6400
 BOND   =      1309.5274  ANGLE   =      3402.2333  DIHED      =      2416.1282
 UB     =         0.0000  IMP     =         0.0000  CMAP       =       324.9280
 1-4 NB =      1514.0041  1-4 EEL =     20298.0745  VDWAALS    =     36566.9236
 EELEC  =   -362402.4590  EHBOND  =         0.0000  RESTRAINT  =         0.0000
 ------------------------------------------------------------------------------

wrapping first mol.:       66.17253      -46.79104       81.04447
wrapping first mol.:       66.17253      -46.79104       81.04447
wrapping first mol.:       66.17253      -46.79104       81.04447
wrapping first mol.:       66.17253      -46.79104       81.04447
wrapping first mol.:       66.17253      -46.79104       81.04447
wrapping first mol.:       66.17253      -46.79104       81.04447
wrapping first mol.:       66.17253      -46.79104       81.04447
wrapping first mol.:       66.17253      -46.79104       81.04447
wrapping first mol.:       66.17253      -46.79104       81.04447
wrapping first mol.:       66.17253      -46.79104       81.04447
wrapping first mol.:       66.17253      -46.79104       81.04447

 NSTEP =  1150000   TIME(PS) =    2300.000  TEMP(K) =   299.67  PRESS =     0.0
 Etot   =   -250436.4369  EKtot   =     46282.2031  EPtot      =   -296718.6400
 BOND   =      1303.9875  ANGLE   =      3407.4113  DIHED      =      2453.9735
 UB     =         0.0000  IMP     =         0.0000  CMAP       =       323.7010
 1-4 NB =      1516.9375  1-4 EEL =     20294.9582  VDWAALS    =     36458.0445
 EELEC  =   -362477.6537  EHBOND  =         0.0000  RESTRAINT  =         0.0000
 ------------------------------------------------------------------------------

wrapping first mol.:       66.17253      -46.79104       81.04447
wrapping first mol.:       66.17253      -46.79104       81.04447
wrapping first mol.:       66.17253      -46.79104       81.04447
wrapping first mol.:       66.17253      -46.79104       81.04447
wrapping first mol.:       66.17253      -46.79104       81.04447
wrapping first mol.:       66.17253      -46.79104       81.04447
wrapping first mol.:       66.17253      -46.79104       81.04447
wrapping first mol.:       66.17253      -46.79104       81.04447
wrapping first mol.:       66.17253      -46.79104       81.04447
wrapping first mol.:       66.17253      -46.79104       81.04447
wrapping first mol.:       66.17253      -46.79104       81.04447

 NSTEP =  1200000   TIME(PS) =    2400.000  TEMP(K) =   300.21  PRESS =     0.0
 Etot   =   -250188.6299  EKtot   =     46364.9453  EPtot      =   -296553.5752
 BOND   =      1225.7000  ANGLE   =      3419.6623  DIHED      =      2465.7708
 UB     =         0.0000  IMP     =         0.0000  CMAP       =       313.9779
 1-4 NB =      1573.5044  1-4 EEL =     20452.3271  VDWAALS    =     36676.5278
 EELEC  =   -362681.0456  EHBOND  =         0.0000  RESTRAINT  =         0.0000
 ------------------------------------------------------------------------------

wrapping first mol.:       66.17253      -46.79104       81.04447
wrapping first mol.:       66.17253      -46.79104       81.04447
wrapping first mol.:       66.17253      -46.79104       81.04447
wrapping first mol.:       66.17253      -46.79104       81.04447
wrapping first mol.:       66.17253      -46.79104       81.04447
wrapping first mol.:       66.17253      -46.79104       81.04447
wrapping first mol.:       66.17253      -46.79104       81.04447
wrapping first mol.:       66.17253      -46.79104       81.04447
wrapping first mol.:       66.17253      -46.79104       81.04447
wrapping first mol.:       66.17253      -46.79104       81.04447
wrapping first mol.:       66.17253      -46.79104       81.04447

 NSTEP =  1250000   TIME(PS) =    2500.000  TEMP(K) =   300.81  PRESS =     0.0
 Etot   =   -249635.5477  EKtot   =     46458.0195  EPtot      =   -296093.5672
 BOND   =      1301.0643  ANGLE   =      3407.6979  DIHED      =      2431.9319
 UB     =         0.0000  IMP     =         0.0000  CMAP       =       311.1559
 1-4 NB =      1518.1990  1-4 EEL =     20276.3434  VDWAALS    =     36715.8566
 EELEC  =   -362055.8160  EHBOND  =         0.0000  RESTRAINT  =         0.0000
 ------------------------------------------------------------------------------

wrapping first mol.:       66.17253      -46.79104       81.04447
wrapping first mol.:       66.17253      -46.79104       81.04447
wrapping first mol.:       66.17253      -46.79104       81.04447
wrapping first mol.:       66.17253      -46.79104       81.04447
wrapping first mol.:       66.17253      -46.79104       81.04447
wrapping first mol.:       66.17253      -46.79104       81.04447
wrapping first mol.:       66.17253      -46.79104       81.04447
wrapping first mol.:       66.17253      -46.79104       81.04447
wrapping first mol.:       66.17253      -46.79104       81.04447
wrapping first mol.:       66.17253      -46.79104       81.04447
wrapping first mol.:       66.17253      -46.79104       81.04447

 NSTEP =  1300000   TIME(PS) =    2600.000  TEMP(K) =   301.25  PRESS =     0.0
 Etot   =   -250014.6933  EKtot   =     46525.1016  EPtot      =   -296539.7948
 BOND   =      1306.6894  ANGLE   =      3389.5004  DIHED      =      2429.7342
 UB     =         0.0000  IMP     =         0.0000  CMAP       =       332.6283
 1-4 NB =      1546.8271  1-4 EEL =     20355.3192  VDWAALS    =     36871.1031
 EELEC  =   -362771.5964  EHBOND  =         0.0000  RESTRAINT  =         0.0000
 ------------------------------------------------------------------------------

wrapping first mol.:       66.17253      -46.79104       81.04447
wrapping first mol.:       66.17253      -46.79104       81.04447
wrapping first mol.:       66.17253      -46.79104       81.04447
wrapping first mol.:       66.17253      -46.79104       81.04447
wrapping first mol.:       66.17253      -46.79104       81.04447
wrapping first mol.:       66.17253      -46.79104       81.04447
wrapping first mol.:       66.17253      -46.79104       81.04447
wrapping first mol.:       66.17253      -46.79104       81.04447
wrapping first mol.:       66.17253      -46.79104       81.04447
wrapping first mol.:       66.17253      -46.79104       81.04447
wrapping first mol.:       66.17253      -46.79104       81.04447

 NSTEP =  1350000   TIME(PS) =    2700.000  TEMP(K) =   300.48  PRESS =     0.0
 Etot   =   -250064.9190  EKtot   =     46406.6289  EPtot      =   -296471.5479
 BOND   =      1307.9532  ANGLE   =      3438.3931  DIHED      =      2449.3855
 UB     =         0.0000  IMP     =         0.0000  CMAP       =       309.6842
 1-4 NB =      1533.5515  1-4 EEL =     20346.1004  VDWAALS    =     36367.1981
 EELEC  =   -362223.8139  EHBOND  =         0.0000  RESTRAINT  =         0.0000
 ------------------------------------------------------------------------------

wrapping first mol.:       66.17253      -46.79104       81.04447
wrapping first mol.:       66.17253      -46.79104       81.04447
wrapping first mol.:       66.17253      -46.79104       81.04447
wrapping first mol.:       66.17253      -46.79104       81.04447
wrapping first mol.:       66.17253      -46.79104       81.04447
wrapping first mol.:       66.17253      -46.79104       81.04447
wrapping first mol.:       66.17253      -46.79104       81.04447
wrapping first mol.:       66.17253      -46.79104       81.04447
wrapping first mol.:       66.17253      -46.79104       81.04447
wrapping first mol.:       66.17253      -46.79104       81.04447
wrapping first mol.:       66.17253      -46.79104       81.04447

 NSTEP =  1400000   TIME(PS) =    2800.000  TEMP(K) =   301.14  PRESS =     0.0
 Etot   =   -249670.4825  EKtot   =     46509.1289  EPtot      =   -296179.6114
 BOND   =      1347.1571  ANGLE   =      3418.4473  DIHED      =      2436.4195
 UB     =         0.0000  IMP     =         0.0000  CMAP       =       324.0108
 1-4 NB =      1529.2700  1-4 EEL =     20310.4769  VDWAALS    =     36487.7631
 EELEC  =   -362033.1560  EHBOND  =         0.0000  RESTRAINT  =         0.0000
 ------------------------------------------------------------------------------

wrapping first mol.:       66.17253      -46.79104       81.04447
wrapping first mol.:       66.17253      -46.79104       81.04447
wrapping first mol.:       66.17253      -46.79104       81.04447
wrapping first mol.:       66.17253      -46.79104       81.04447
wrapping first mol.:       66.17253      -46.79104       81.04447
wrapping first mol.:       66.17253      -46.79104       81.04447
wrapping first mol.:       66.17253      -46.79104       81.04447
wrapping first mol.:       66.17253      -46.79104       81.04447
wrapping first mol.:       66.17253      -46.79104       81.04447
wrapping first mol.:       66.17253      -46.79104       81.04447
wrapping first mol.:       66.17253      -46.79104       81.04447

 NSTEP =  1450000   TIME(PS) =    2900.000  TEMP(K) =   299.36  PRESS =     0.0
 Etot   =   -250182.7193  EKtot   =     46234.2578  EPtot      =   -296416.9771
 BOND   =      1314.0706  ANGLE   =      3395.6710  DIHED      =      2443.0699
 UB     =         0.0000  IMP     =         0.0000  CMAP       =       331.0984
 1-4 NB =      1514.4563  1-4 EEL =     20277.6651  VDWAALS    =     36184.3380
 EELEC  =   -361877.3464  EHBOND  =         0.0000  RESTRAINT  =         0.0000
 ------------------------------------------------------------------------------

wrapping first mol.:       66.17253      -46.79104       81.04447
wrapping first mol.:       66.17253      -46.79104       81.04447
wrapping first mol.:       66.17253      -46.79104       81.04447
wrapping first mol.:       66.17253      -46.79104       81.04447
wrapping first mol.:       66.17253      -46.79104       81.04447
wrapping first mol.:       66.17253      -46.79104       81.04447
wrapping first mol.:       66.17253      -46.79104       81.04447
wrapping first mol.:       66.17253      -46.79104       81.04447
wrapping first mol.:       66.17253      -46.79104       81.04447
wrapping first mol.:       66.17253      -46.79104       81.04447
wrapping first mol.:       66.17253      -46.79104       81.04447

 NSTEP =  1500000   TIME(PS) =    3000.000  TEMP(K) =   298.83  PRESS =     0.0
 Etot   =   -250545.7032  EKtot   =     46152.4609  EPtot      =   -296698.1642
 BOND   =      1326.2837  ANGLE   =      3302.5469  DIHED      =      2454.9161
 UB     =         0.0000  IMP     =         0.0000  CMAP       =       316.3997
 1-4 NB =      1530.0085  1-4 EEL =     20319.1853  VDWAALS    =     37221.2863
 EELEC  =   -363168.7907  EHBOND  =         0.0000  RESTRAINT  =         0.0000
 ------------------------------------------------------------------------------

wrapping first mol.:       66.17253      -46.79104       81.04447
wrapping first mol.:       66.17253      -46.79104       81.04447
wrapping first mol.:       66.17253      -46.79104       81.04447
wrapping first mol.:       66.17253      -46.79104       81.04447
wrapping first mol.:       66.17253      -46.79104       81.04447
wrapping first mol.:       66.17253      -46.79104       81.04447
wrapping first mol.:       66.17253      -46.79104       81.04447
wrapping first mol.:       66.17253      -46.79104       81.04447
wrapping first mol.:       66.17253      -46.79104       81.04447
wrapping first mol.:       66.17253      -46.79104       81.04447
wrapping first mol.:       66.17253      -46.79104       81.04447

 NSTEP =  1550000   TIME(PS) =    3100.000  TEMP(K) =   299.99  PRESS =     0.0
 Etot   =   -249896.1885  EKtot   =     46330.6055  EPtot      =   -296226.7939
 BOND   =      1250.0629  ANGLE   =      3339.7388  DIHED      =      2425.6666
 UB     =         0.0000  IMP     =         0.0000  CMAP       =       310.6747
 1-4 NB =      1545.9168  1-4 EEL =     20331.2567  VDWAALS    =     36843.0810
 EELEC  =   -362273.1914  EHBOND  =         0.0000  RESTRAINT  =         0.0000
 ------------------------------------------------------------------------------

wrapping first mol.:       66.17253      -46.79104       81.04447
wrapping first mol.:       66.17253      -46.79104       81.04447
wrapping first mol.:       66.17253      -46.79104       81.04447
wrapping first mol.:       66.17253      -46.79104       81.04447
wrapping first mol.:       66.17253      -46.79104       81.04447
wrapping first mol.:       66.17253      -46.79104       81.04447
wrapping first mol.:       66.17253      -46.79104       81.04447
wrapping first mol.:       66.17253      -46.79104       81.04447
wrapping first mol.:       66.17253      -46.79104       81.04447
wrapping first mol.:       66.17253      -46.79104       81.04447
wrapping first mol.:       66.17253      -46.79104       81.04447

 NSTEP =  1600000   TIME(PS) =    3200.000  TEMP(K) =   300.79  PRESS =     0.0
 Etot   =   -250173.7881  EKtot   =     46454.1992  EPtot      =   -296627.9873
 BOND   =      1218.8323  ANGLE   =      3397.4160  DIHED      =      2423.0323
 UB     =         0.0000  IMP     =         0.0000  CMAP       =       316.4166
 1-4 NB =      1546.9611  1-4 EEL =     20271.4308  VDWAALS    =     36554.4903
 EELEC  =   -362356.5668  EHBOND  =         0.0000  RESTRAINT  =         0.0000
 ------------------------------------------------------------------------------

wrapping first mol.:       66.17253      -46.79104       81.04447
wrapping first mol.:       66.17253      -46.79104       81.04447
wrapping first mol.:       66.17253      -46.79104       81.04447
wrapping first mol.:       66.17253      -46.79104       81.04447
wrapping first mol.:       66.17253      -46.79104       81.04447
wrapping first mol.:       66.17253      -46.79104       81.04447
wrapping first mol.:       66.17253      -46.79104       81.04447
wrapping first mol.:       66.17253      -46.79104       81.04447
wrapping first mol.:       66.17253      -46.79104       81.04447
wrapping first mol.:       66.17253      -46.79104       81.04447
wrapping first mol.:       66.17253      -46.79104       81.04447

 NSTEP =  1650000   TIME(PS) =    3300.000  TEMP(K) =   301.84  PRESS =     0.0
 Etot   =   -249693.5035  EKtot   =     46616.8047  EPtot      =   -296310.3082
 BOND   =      1298.9624  ANGLE   =      3345.5084  DIHED      =      2439.9501
 UB     =         0.0000  IMP     =         0.0000  CMAP       =       331.4822
 1-4 NB =      1531.1355  1-4 EEL =     20231.9017  VDWAALS    =     36884.6124
 EELEC  =   -362373.8609  EHBOND  =         0.0000  RESTRAINT  =         0.0000
 ------------------------------------------------------------------------------

wrapping first mol.:       66.17253      -46.79104       81.04447
wrapping first mol.:       66.17253      -46.79104       81.04447
wrapping first mol.:       66.17253      -46.79104       81.04447
wrapping first mol.:       66.17253      -46.79104       81.04447
wrapping first mol.:       66.17253      -46.79104       81.04447
wrapping first mol.:       66.17253      -46.79104       81.04447
wrapping first mol.:       66.17253      -46.79104       81.04447
wrapping first mol.:       66.17253      -46.79104       81.04447
wrapping first mol.:       66.17253      -46.79104       81.04447
wrapping first mol.:       66.17253      -46.79104       81.04447
wrapping first mol.:       66.17253      -46.79104       81.04447

 NSTEP =  1700000   TIME(PS) =    3400.000  TEMP(K) =   300.48  PRESS =     0.0
 Etot   =   -249526.3430  EKtot   =     46406.1875  EPtot      =   -295932.5305
 BOND   =      1335.5497  ANGLE   =      3445.9797  DIHED      =      2478.1431
 UB     =         0.0000  IMP     =         0.0000  CMAP       =       329.7872
 1-4 NB =      1533.3006  1-4 EEL =     20337.5959  VDWAALS    =     36477.3918
 EELEC  =   -361870.2786  EHBOND  =         0.0000  RESTRAINT  =         0.0000
 ------------------------------------------------------------------------------

wrapping first mol.:       66.17253      -46.79104       81.04447
wrapping first mol.:       66.17253      -46.79104       81.04447
wrapping first mol.:       66.17253      -46.79104       81.04447
wrapping first mol.:       66.17253      -46.79104       81.04447
wrapping first mol.:       66.17253      -46.79104       81.04447
wrapping first mol.:       66.17253      -46.79104       81.04447
wrapping first mol.:       66.17253      -46.79104       81.04447
wrapping first mol.:       66.17253      -46.79104       81.04447
wrapping first mol.:       66.17253      -46.79104       81.04447
wrapping first mol.:       66.17253      -46.79104       81.04447
wrapping first mol.:       66.17253      -46.79104       81.04447

 NSTEP =  1750000   TIME(PS) =    3500.000  TEMP(K) =   301.72  PRESS =     0.0
 Etot   =   -249948.0741  EKtot   =     46597.5078  EPtot      =   -296545.5819
 BOND   =      1293.7218  ANGLE   =      3473.9083  DIHED      =      2420.0451
 UB     =         0.0000  IMP     =         0.0000  CMAP       =       327.7631
 1-4 NB =      1493.8606  1-4 EEL =     20261.5468  VDWAALS    =     36272.6046
 EELEC  =   -362089.0322  EHBOND  =         0.0000  RESTRAINT  =         0.0000
 ------------------------------------------------------------------------------

wrapping first mol.:       66.17253      -46.79104       81.04447
wrapping first mol.:       66.17253      -46.79104       81.04447
wrapping first mol.:       66.17253      -46.79104       81.04447
wrapping first mol.:       66.17253      -46.79104       81.04447
wrapping first mol.:       66.17253      -46.79104       81.04447
wrapping first mol.:       66.17253      -46.79104       81.04447
wrapping first mol.:       66.17253      -46.79104       81.04447
wrapping first mol.:       66.17253      -46.79104       81.04447
wrapping first mol.:       66.17253      -46.79104       81.04447
wrapping first mol.:       66.17253      -46.79104       81.04447
wrapping first mol.:       66.17253      -46.79104       81.04447

 NSTEP =  1800000   TIME(PS) =    3600.000  TEMP(K) =   300.32  PRESS =     0.0
 Etot   =   -250564.2226  EKtot   =     46381.8555  EPtot      =   -296946.0781
 BOND   =      1240.8145  ANGLE   =      3437.7503  DIHED      =      2467.0651
 UB     =         0.0000  IMP     =         0.0000  CMAP       =       325.5609
 1-4 NB =      1529.3874  1-4 EEL =     20289.2034  VDWAALS    =     36799.7203
 EELEC  =   -363035.5800  EHBOND  =         0.0000  RESTRAINT  =         0.0000
 ------------------------------------------------------------------------------

wrapping first mol.:       66.17253      -46.79104       81.04447
wrapping first mol.:       66.17253      -46.79104       81.04447
wrapping first mol.:       66.17253      -46.79104       81.04447
wrapping first mol.:       66.17253      -46.79104       81.04447
wrapping first mol.:       66.17253      -46.79104       81.04447
wrapping first mol.:       66.17253      -46.79104       81.04447
wrapping first mol.:       66.17253      -46.79104       81.04447
wrapping first mol.:       66.17253      -46.79104       81.04447
wrapping first mol.:       66.17253      -46.79104       81.04447
wrapping first mol.:       66.17253      -46.79104       81.04447
wrapping first mol.:       66.17253      -46.79104       81.04447

 NSTEP =  1850000   TIME(PS) =    3700.000  TEMP(K) =   299.27  PRESS =     0.0
 Etot   =   -250396.9475  EKtot   =     46219.4844  EPtot      =   -296616.4318
 BOND   =      1296.7897  ANGLE   =      3417.3619  DIHED      =      2467.3603
 UB     =         0.0000  IMP     =         0.0000  CMAP       =       316.1454
 1-4 NB =      1516.9326  1-4 EEL =     20242.0205  VDWAALS    =     36658.9611
 EELEC  =   -362532.0034  EHBOND  =         0.0000  RESTRAINT  =         0.0000
 ------------------------------------------------------------------------------

wrapping first mol.:       66.17253      -46.79104       81.04447
wrapping first mol.:       66.17253      -46.79104       81.04447
wrapping first mol.:       66.17253      -46.79104       81.04447
wrapping first mol.:       66.17253      -46.79104       81.04447
wrapping first mol.:       66.17253      -46.79104       81.04447
wrapping first mol.:       66.17253      -46.79104       81.04447
wrapping first mol.:       66.17253      -46.79104       81.04447
wrapping first mol.:       66.17253      -46.79104       81.04447
wrapping first mol.:       66.17253      -46.79104       81.04447
wrapping first mol.:       66.17253      -46.79104       81.04447
wrapping first mol.:       66.17253      -46.79104       81.04447

 NSTEP =  1900000   TIME(PS) =    3800.000  TEMP(K) =   299.91  PRESS =     0.0
 Etot   =   -250361.7150  EKtot   =     46318.0469  EPtot      =   -296679.7619
 BOND   =      1223.2446  ANGLE   =      3476.6407  DIHED      =      2463.2019
 UB     =         0.0000  IMP     =         0.0000  CMAP       =       328.4992
 1-4 NB =      1524.4052  1-4 EEL =     20232.2070  VDWAALS    =     36283.8566
 EELEC  =   -362211.8171  EHBOND  =         0.0000  RESTRAINT  =         0.0000
 ------------------------------------------------------------------------------

wrapping first mol.:       66.17253      -46.79104       81.04447
wrapping first mol.:       66.17253      -46.79104       81.04447
wrapping first mol.:       66.17253      -46.79104       81.04447
wrapping first mol.:       66.17253      -46.79104       81.04447
wrapping first mol.:       66.17253      -46.79104       81.04447
wrapping first mol.:       66.17253      -46.79104       81.04447
wrapping first mol.:       66.17253      -46.79104       81.04447
wrapping first mol.:       66.17253      -46.79104       81.04447
wrapping first mol.:       66.17253      -46.79104       81.04447
wrapping first mol.:       66.17253      -46.79104       81.04447
wrapping first mol.:       66.17253      -46.79104       81.04447

 NSTEP =  1950000   TIME(PS) =    3900.000  TEMP(K) =   301.13  PRESS =     0.0
 Etot   =   -250270.2451  EKtot   =     46507.5977  EPtot      =   -296777.8427
 BOND   =      1203.7760  ANGLE   =      3381.8549  DIHED      =      2413.7610
 UB     =         0.0000  IMP     =         0.0000  CMAP       =       334.9884
 1-4 NB =      1535.0727  1-4 EEL =     20444.0576  VDWAALS    =     36886.9085
 EELEC  =   -362978.2619  EHBOND  =         0.0000  RESTRAINT  =         0.0000
 ------------------------------------------------------------------------------

wrapping first mol.:       66.17253      -46.79104       81.04447
wrapping first mol.:       66.17253      -46.79104       81.04447
wrapping first mol.:       66.17253      -46.79104       81.04447
wrapping first mol.:       66.17253      -46.79104       81.04447
wrapping first mol.:       66.17253      -46.79104       81.04447
wrapping first mol.:       66.17253      -46.79104       81.04447
wrapping first mol.:       66.17253      -46.79104       81.04447
wrapping first mol.:       66.17253      -46.79104       81.04447
wrapping first mol.:       66.17253      -46.79104       81.04447
wrapping first mol.:       66.17253      -46.79104       81.04447
wrapping first mol.:       66.17253      -46.79104       81.04447

 NSTEP =  2000000   TIME(PS) =    4000.000  TEMP(K) =   298.70  PRESS =     0.0
 Etot   =   -249993.3414  EKtot   =     46131.5898  EPtot      =   -296124.9312
 BOND   =      1309.3318  ANGLE   =      3527.2330  DIHED      =      2436.0614
 UB     =         0.0000  IMP     =         0.0000  CMAP       =       323.9916
 1-4 NB =      1533.5620  1-4 EEL =     20311.8062  VDWAALS    =     36462.8367
 EELEC  =   -362029.7540  EHBOND  =         0.0000  RESTRAINT  =         0.0000
 ------------------------------------------------------------------------------

wrapping first mol.:       66.17253      -46.79104       81.04447
wrapping first mol.:       66.17253      -46.79104       81.04447
wrapping first mol.:       66.17253      -46.79104       81.04447
wrapping first mol.:       66.17253      -46.79104       81.04447
wrapping first mol.:       66.17253      -46.79104       81.04447
wrapping first mol.:       66.17253      -46.79104       81.04447
wrapping first mol.:       66.17253      -46.79104       81.04447
wrapping first mol.:       66.17253      -46.79104       81.04447
wrapping first mol.:       66.17253      -46.79104       81.04447
wrapping first mol.:       66.17253      -46.79104       81.04447
wrapping first mol.:       66.17253      -46.79104       81.04447

 NSTEP =  2050000   TIME(PS) =    4100.000  TEMP(K) =   300.98  PRESS =     0.0
 Etot   =   -249781.5785  EKtot   =     46483.8711  EPtot      =   -296265.4496
 BOND   =      1291.4622  ANGLE   =      3503.8702  DIHED      =      2441.3490
 UB     =         0.0000  IMP     =         0.0000  CMAP       =       323.2160
 1-4 NB =      1557.8713  1-4 EEL =     20275.5926  VDWAALS    =     36531.0566
 EELEC  =   -362189.8675  EHBOND  =         0.0000  RESTRAINT  =         0.0000
 ------------------------------------------------------------------------------

wrapping first mol.:       66.17253      -46.79104       81.04447
wrapping first mol.:       66.17253      -46.79104       81.04447
wrapping first mol.:       66.17253      -46.79104       81.04447
wrapping first mol.:       66.17253      -46.79104       81.04447
wrapping first mol.:       66.17253      -46.79104       81.04447
wrapping first mol.:       66.17253      -46.79104       81.04447
wrapping first mol.:       66.17253      -46.79104       81.04447
wrapping first mol.:       66.17253      -46.79104       81.04447
wrapping first mol.:       66.17253      -46.79104       81.04447
wrapping first mol.:       66.17253      -46.79104       81.04447
wrapping first mol.:       66.17253      -46.79104       81.04447

 NSTEP =  2100000   TIME(PS) =    4200.000  TEMP(K) =   300.60  PRESS =     0.0
 Etot   =   -250390.9111  EKtot   =     46425.1211  EPtot      =   -296816.0322
 BOND   =      1284.4118  ANGLE   =      3448.6484  DIHED      =      2425.2504
 UB     =         0.0000  IMP     =         0.0000  CMAP       =       323.8983
 1-4 NB =      1545.4865  1-4 EEL =     20313.5615  VDWAALS    =     36767.1624
 EELEC  =   -362924.4515  EHBOND  =         0.0000  RESTRAINT  =         0.0000
 ------------------------------------------------------------------------------

wrapping first mol.:       66.17253      -46.79104       81.04447
wrapping first mol.:       66.17253      -46.79104       81.04447
wrapping first mol.:       66.17253      -46.79104       81.04447
wrapping first mol.:       66.17253      -46.79104       81.04447
wrapping first mol.:       66.17253      -46.79104       81.04447
wrapping first mol.:       66.17253      -46.79104       81.04447
wrapping first mol.:       66.17253      -46.79104       81.04447
wrapping first mol.:       66.17253      -46.79104       81.04447
wrapping first mol.:       66.17253      -46.79104       81.04447
wrapping first mol.:       66.17253      -46.79104       81.04447
wrapping first mol.:       66.17253      -46.79104       81.04447

 NSTEP =  2150000   TIME(PS) =    4300.000  TEMP(K) =   300.05  PRESS =     0.0
 Etot   =   -250081.0641  EKtot   =     46340.3203  EPtot      =   -296421.3844
 BOND   =      1322.2483  ANGLE   =      3379.5363  DIHED      =      2473.7034
 UB     =         0.0000  IMP     =         0.0000  CMAP       =       324.9082
 1-4 NB =      1520.9264  1-4 EEL =     20271.6337  VDWAALS    =     36291.2327
 EELEC  =   -362005.5734  EHBOND  =         0.0000  RESTRAINT  =         0.0000
 ------------------------------------------------------------------------------

wrapping first mol.:       66.17253      -46.79104       81.04447
wrapping first mol.:       66.17253      -46.79104       81.04447
wrapping first mol.:       66.17253      -46.79104       81.04447
wrapping first mol.:       66.17253      -46.79104       81.04447
wrapping first mol.:       66.17253      -46.79104       81.04447
wrapping first mol.:       66.17253      -46.79104       81.04447
wrapping first mol.:       66.17253      -46.79104       81.04447
wrapping first mol.:       66.17253      -46.79104       81.04447
wrapping first mol.:       66.17253      -46.79104       81.04447
wrapping first mol.:       66.17253      -46.79104       81.04447
wrapping first mol.:       66.17253      -46.79104       81.04447

 NSTEP =  2200000   TIME(PS) =    4400.000  TEMP(K) =   300.17  PRESS =     0.0
 Etot   =   -250190.6718  EKtot   =     46358.1680  EPtot      =   -296548.8398
 BOND   =      1277.9480  ANGLE   =      3387.6153  DIHED      =      2440.2877
 UB     =         0.0000  IMP     =         0.0000  CMAP       =       313.7485
 1-4 NB =      1526.1188  1-4 EEL =     20351.8673  VDWAALS    =     36461.3710
 EELEC  =   -362307.7964  EHBOND  =         0.0000  RESTRAINT  =         0.0000
 ------------------------------------------------------------------------------

wrapping first mol.:       66.17253      -46.79104       81.04447
wrapping first mol.:       66.17253      -46.79104       81.04447
wrapping first mol.:       66.17253      -46.79104       81.04447
wrapping first mol.:       66.17253      -46.79104       81.04447
wrapping first mol.:       66.17253      -46.79104       81.04447
wrapping first mol.:       66.17253      -46.79104       81.04447
wrapping first mol.:       66.17253      -46.79104       81.04447
wrapping first mol.:       66.17253      -46.79104       81.04447
wrapping first mol.:       66.17253      -46.79104       81.04447
wrapping first mol.:       66.17253      -46.79104       81.04447
wrapping first mol.:       66.17253      -46.79104       81.04447

 NSTEP =  2250000   TIME(PS) =    4500.000  TEMP(K) =   300.76  PRESS =     0.0
 Etot   =   -249787.8810  EKtot   =     46449.8750  EPtot      =   -296237.7560
 BOND   =      1309.1037  ANGLE   =      3435.8372  DIHED      =      2486.2532
 UB     =         0.0000  IMP     =         0.0000  CMAP       =       324.9939
 1-4 NB =      1530.8001  1-4 EEL =     20292.3286  VDWAALS    =     36648.0666
 EELEC  =   -362265.1393  EHBOND  =         0.0000  RESTRAINT  =         0.0000
 ------------------------------------------------------------------------------

wrapping first mol.:       66.17253      -46.79104       81.04447
wrapping first mol.:       66.17253      -46.79104       81.04447
wrapping first mol.:       66.17253      -46.79104       81.04447
wrapping first mol.:       66.17253      -46.79104       81.04447
wrapping first mol.:       66.17253      -46.79104       81.04447
wrapping first mol.:       66.17253      -46.79104       81.04447
wrapping first mol.:       66.17253      -46.79104       81.04447
wrapping first mol.:       66.17253      -46.79104       81.04447
wrapping first mol.:       66.17253      -46.79104       81.04447
wrapping first mol.:       66.17253      -46.79104       81.04447
wrapping first mol.:       66.17253      -46.79104       81.04447

 NSTEP =  2300000   TIME(PS) =    4600.000  TEMP(K) =   300.35  PRESS =     0.0
 Etot   =   -249907.6150  EKtot   =     46386.7266  EPtot      =   -296294.3416
 BOND   =      1234.9690  ANGLE   =      3449.0076  DIHED      =      2457.8804
 UB     =         0.0000  IMP     =         0.0000  CMAP       =       300.3906
 1-4 NB =      1552.2321  1-4 EEL =     20337.0436  VDWAALS    =     36698.5816
 EELEC  =   -362324.4465  EHBOND  =         0.0000  RESTRAINT  =         0.0000
 ------------------------------------------------------------------------------

wrapping first mol.:       66.17253      -46.79104       81.04447
wrapping first mol.:       66.17253      -46.79104       81.04447
wrapping first mol.:       66.17253      -46.79104       81.04447
wrapping first mol.:       66.17253      -46.79104       81.04447
wrapping first mol.:       66.17253      -46.79104       81.04447
wrapping first mol.:       66.17253      -46.79104       81.04447
wrapping first mol.:       66.17253      -46.79104       81.04447
wrapping first mol.:       66.17253      -46.79104       81.04447
wrapping first mol.:       66.17253      -46.79104       81.04447
wrapping first mol.:       66.17253      -46.79104       81.04447
wrapping first mol.:       66.17253      -46.79104       81.04447

 NSTEP =  2350000   TIME(PS) =    4700.000  TEMP(K) =   299.28  PRESS =     0.0
 Etot   =   -250517.6033  EKtot   =     46221.5234  EPtot      =   -296739.1267
 BOND   =      1318.9079  ANGLE   =      3380.8119  DIHED      =      2440.4436
 UB     =         0.0000  IMP     =         0.0000  CMAP       =       337.2219
 1-4 NB =      1532.9739  1-4 EEL =     20316.2769  VDWAALS    =     36810.1443
 EELEC  =   -362875.9072  EHBOND  =         0.0000  RESTRAINT  =         0.0000
 ------------------------------------------------------------------------------

wrapping first mol.:       66.17253      -46.79104       81.04447
wrapping first mol.:       66.17253      -46.79104       81.04447
wrapping first mol.:       66.17253      -46.79104       81.04447
wrapping first mol.:       66.17253      -46.79104       81.04447
wrapping first mol.:       66.17253      -46.79104       81.04447
wrapping first mol.:       66.17253      -46.79104       81.04447
wrapping first mol.:       66.17253      -46.79104       81.04447
wrapping first mol.:       66.17253      -46.79104       81.04447
wrapping first mol.:       66.17253      -46.79104       81.04447
wrapping first mol.:       66.17253      -46.79104       81.04447
wrapping first mol.:       66.17253      -46.79104       81.04447

 NSTEP =  2400000   TIME(PS) =    4800.000  TEMP(K) =   300.31  PRESS =     0.0
 Etot   =   -249972.6084  EKtot   =     46380.6211  EPtot      =   -296353.2295
 BOND   =      1296.9893  ANGLE   =      3396.8117  DIHED      =      2490.6233
 UB     =         0.0000  IMP     =         0.0000  CMAP       =       333.1672
 1-4 NB =      1554.5103  1-4 EEL =     20337.8403  VDWAALS    =     37044.9637
 EELEC  =   -362808.1353  EHBOND  =         0.0000  RESTRAINT  =         0.0000
 ------------------------------------------------------------------------------

wrapping first mol.:       66.17253      -46.79104       81.04447
wrapping first mol.:       66.17253      -46.79104       81.04447
wrapping first mol.:       66.17253      -46.79104       81.04447
wrapping first mol.:       66.17253      -46.79104       81.04447
wrapping first mol.:       66.17253      -46.79104       81.04447
wrapping first mol.:       66.17253      -46.79104       81.04447
wrapping first mol.:       66.17253      -46.79104       81.04447
wrapping first mol.:       66.17253      -46.79104       81.04447
wrapping first mol.:       66.17253      -46.79104       81.04447
wrapping first mol.:       66.17253      -46.79104       81.04447
wrapping first mol.:       66.17253      -46.79104       81.04447

 NSTEP =  2450000   TIME(PS) =    4900.000  TEMP(K) =   301.08  PRESS =     0.0
 Etot   =   -250261.0553  EKtot   =     46499.8711  EPtot      =   -296760.9264
 BOND   =      1268.5911  ANGLE   =      3379.1879  DIHED      =      2408.9937
 UB     =         0.0000  IMP     =         0.0000  CMAP       =       302.9931
 1-4 NB =      1562.0981  1-4 EEL =     20416.1185  VDWAALS    =     36953.0931
 EELEC  =   -363052.0019  EHBOND  =         0.0000  RESTRAINT  =         0.0000
 ------------------------------------------------------------------------------

wrapping first mol.:       66.17253      -46.79104       81.04447
wrapping first mol.:       66.17253      -46.79104       81.04447
wrapping first mol.:       66.17253      -46.79104       81.04447
wrapping first mol.:       66.17253      -46.79104       81.04447
wrapping first mol.:       66.17253      -46.79104       81.04447
wrapping first mol.:       66.17253      -46.79104       81.04447
wrapping first mol.:       66.17253      -46.79104       81.04447
wrapping first mol.:       66.17253      -46.79104       81.04447
wrapping first mol.:       66.17253      -46.79104       81.04447
wrapping first mol.:       66.17253      -46.79104       81.04447
wrapping first mol.:       66.17253      -46.79104       81.04447

 NSTEP =  2500000   TIME(PS) =    5000.000  TEMP(K) =   301.36  PRESS =     0.0
 Etot   =   -249779.4967  EKtot   =     46542.5352  EPtot      =   -296322.0319
 BOND   =      1248.6552  ANGLE   =      3351.7996  DIHED      =      2432.9403
 UB     =         0.0000  IMP     =         0.0000  CMAP       =       329.6703
 1-4 NB =      1503.5895  1-4 EEL =     20265.4871  VDWAALS    =     36338.8324
 EELEC  =   -361793.0063  EHBOND  =         0.0000  RESTRAINT  =         0.0000
 ------------------------------------------------------------------------------


      A V E R A G E S   O V E R      50 S T E P S


 NSTEP =  2500000   TIME(PS) =    5000.000  TEMP(K) =   300.07  PRESS =     0.0
 Etot   =   -250194.7935  EKtot   =     46343.1818  EPtot      =   -296537.9753
 BOND   =      1286.5243  ANGLE   =      3414.1126  DIHED      =      2445.0830
 UB     =         0.0000  IMP     =         0.0000  CMAP       =       319.4272
 1-4 NB =      1534.7149  1-4 EEL =     20294.0633  VDWAALS    =     36666.0340
 EELEC  =   -362497.9346  EHBOND  =         0.0000  RESTRAINT  =         0.0000
 ------------------------------------------------------------------------------


      R M S  F L U C T U A T I O N S


 NSTEP =  2500000   TIME(PS) =    5000.000  TEMP(K) =     1.03  PRESS =     0.0
 Etot   =       342.2066  EKtot   =       159.6375  EPtot      =       276.4310
 BOND   =        35.7567  ANGLE   =        48.4929  DIHED      =        21.7300
 UB     =         0.0000  IMP     =         0.0000  CMAP       =        11.6679
 1-4 NB =        16.8284  1-4 EEL =        52.8331  VDWAALS    =       286.4909
 EELEC  =       461.8534  EHBOND  =         0.0000  RESTRAINT  =         0.0000
 ------------------------------------------------------------------------------

--------------------------------------------------------------------------------
   5.  TIMINGS
--------------------------------------------------------------------------------

|  NonSetup CPU Time in Major Routines:
|
|     Routine           Sec        %
|     ------------------------------
|     Nonbond         364.84    7.37
|     Bond              0.00    0.00
|     Angle             0.00    0.00
|     Dihedral          0.00    0.00
|     Shake            14.08    0.28
|     RunMD          4566.00   92.28
|     Other             2.95    0.06
|     ------------------------------
|     Total          4947.87

|  PME Nonbond Pairlist CPU Time:
|
|     Routine              Sec        %
|     ---------------------------------
|     Set Up Cit           0.00    0.00
|     Build List           0.00    0.00
|     ---------------------------------
|     Total                0.00    0.00

|  PME Direct Force CPU Time:
|
|     Routine              Sec        %
|     ---------------------------------
|     NonBonded Calc       0.00    0.00
|     Exclude Masked       0.00    0.00
|     Other                1.65    0.03
|     ---------------------------------
|     Total                1.65    0.03

|  PME Reciprocal Force CPU Time:
|
|     Routine              Sec        %
|     ---------------------------------
|     1D bspline           0.00    0.00
|     Grid Charges         0.00    0.00
|     Scalar Sum           0.00    0.00
|     Gradient Sum         0.00    0.00
|     FFT                  0.00    0.00
|     ---------------------------------
|     Total                0.00    0.00

|  Final Performance Info:
|     -----------------------------------------------------
|     Average timings for last       1 steps:
|     Elapsed(s) =       0.00 Per Step(ms) =       0.16
|         ns/day =    1053.26   seconds/ns =      82.03
|
|     Average timings for all steps:
|     Elapsed(s) =    4948.24 Per Step(ms) =       1.98
|         ns/day =      87.30   seconds/ns =     989.65
|     -----------------------------------------------------

|  Setup CPU time:            1.17 seconds
|  NonSetup CPU time:      4947.87 seconds
|  Total CPU time:         4949.04 seconds     1.37 hours

|  Setup wall time:           1    seconds
|  NonSetup wall time:     4948    seconds
|  Total wall time:        4949    seconds     1.37 hours
