
          -------------------------------------------------------
          Amber 18 PMEMD                              2018
          -------------------------------------------------------

| PMEMD implementation of SANDER, Release 18

| Run on 08/13/2020 at 12:35:12

|   Executable path: pmemd.cuda
| Working directory: /home/almacen/pbarletta/dynein/run/lb3f/1_pdt
|          Hostname: Unknown
  [-O]verwriting output

File Assignments:
|   MDIN: pre_pdt.in                                                            
|  MDOUT: 0pdt.out                                                              
| INPCRD: 1_lb3f.rst7                                                           
|   PARM: /home/almacen/pbarletta/dynein/top_files/lb3f.prmtop                  
| RESTRT: 0p1_lb3f.rst7                                                         
|   REFC: refc                                                                  
|  MDVEL: mdvel                                                                 
|   MDEN: mden                                                                  
|  MDCRD: 0p1_lb3f.nc                                                           
| MDINFO: mdinfo                                                                
|  MDFRC: mdfrc                                                                 


 Here is the input file:

Production run                                                                 
&cntrl                                                                         
imin = 0,                           ! No Minimization                          
nmropt = 0,                         ! No NMR restraints read                   
                                                                               
! Nature and format of the input                                               
ntx = 5,                            ! Coordinates and velocities will be read  
irest = 1,                          ! Do not run a new simulation              
                                                                               
! Nature and format of the output                                              
ntxo = 1,                           ! rstrt file in ASCII format               
ntpr = 50000,                       ! inf in output every ntpr steps           
ntwr = 50000,                       ! rstrt file every ntwr steps              
ntwx = 5000,                        ! mdcrd file every ntwx steps              
ntwv = 0,                           ! mdvel without velocities                 
ntwe = 0,                           ! Energies and temperatures not written in 
idecomp = 0,                        ! No energy decomposition                  
iwrap = 1,                          ! Coordinates of the restart and mdcrd file
                                                                               
! Frozen or restrained atoms                                                   
ibelly = 0,                         ! No frozen atoms                          
ntr=0,                              ! Harmonic potential restraints            
                                                                               
! Molecular dynamics                                                           
nstlim = 2500000,                   ! Number of MD-steps                       
dt = 0.002,                         ! Time step                                
                                                                               
! Temperature regulation                                                       
ntt = 3,                            ! Langevin thermostat                      
gamma_ln = 2,                       ! Gamma constant for Langevin              
temp0 = 300.0,                      ! Reference T at which the system is to be 
tempi = 300.0,                      ! Initial T                                
ig = -1,                            ! Seed for the RNG                         
                                                                               
! P and V regulation                                                           
!barostat = 1,                      ! Berendsen barostat                       
!taup = 1,                          ! Pressure relaxation time                 
ntp = 0,                            ! constant V                               
ntb = 1,                            ! Periodic box for constant V              
                                                                               
! SHAKE variables                                                              
ntc = 2,                            ! Bonds involving H are constrained        
ntf = 2,                            ! Bond interaction involving H are ommited.
                                                                               
cut = 9.0,                          ! Nonbonded cutoff                         
/                                                                              
&end                                                                           


Note: ig = -1. Setting random seed to   368377 based on wallclock time in 
      microseconds.
| irandom = 1, using AMBER's internal random number generator (default).
 
|--------------------- INFORMATION ----------------------
| GPU (CUDA) Version of PMEMD in use: NVIDIA GPU IN USE.
|                    Version 18.0.0
| 
|                      03/25/2018
| 
| Implementation by:
|                    Ross C. Walker     (SDSC)
|                    Scott Le Grand     (nVIDIA)
| 
| Version 18 performance extensions by:
|                    David Cerutti     (Rutgers)
| 
| Precision model in use:
|      [SPFP] - Single Precision Forces, 64-bit Fixed Point
|               Accumulation. (Default)
| 
|--------------------------------------------------------
 
|----------------- CITATION INFORMATION -----------------
|
|    When publishing work that utilized the CUDA version
|    of AMBER, please cite the following in addition to
|    the regular AMBER citations:
|
|  - Romelia Salomon-Ferrer; Andreas W. Goetz; Duncan
|    Poole; Scott Le Grand; Ross C. Walker "Routine
|    microsecond molecular dynamics simulations with
|    AMBER - Part II: Particle Mesh Ewald", J. Chem.
|    Theory Comput., 2013, 9 (9), pp3878-3888,
|    DOI: 10.1021/ct400314y.
|
|  - Andreas W. Goetz; Mark J. Williamson; Dong Xu;
|    Duncan Poole; Scott Le Grand; Ross C. Walker
|    "Routine microsecond molecular dynamics simulations
|    with AMBER - Part I: Generalized Born", J. Chem.
|    Theory Comput., 2012, 8 (5), pp1542-1555.
|
|  - Scott Le Grand; Andreas W. Goetz; Ross C. Walker
|    "SPFP: Speed without compromise - a mixed precision
|    model for GPU accelerated molecular dynamics
|    simulations.", Comp. Phys. Comm., 2013, 184
|    pp374-380, DOI: 10.1016/j.cpc.2012.09.022
|
|--------------------------------------------------------
 
|------------------- GPU DEVICE INFO --------------------
|
|            CUDA_VISIBLE_DEVICES: 0
|   CUDA Capable Devices Detected:      1
|           CUDA Device ID in use:      0
|                CUDA Device Name: GeForce GTX 1080 Ti
|     CUDA Device Global Mem Size:  11178 MB
| CUDA Device Num Multiprocessors:     28
|           CUDA Device Core Freq:   1.72 GHz
|
|--------------------------------------------------------
 
 
| Conditional Compilation Defines Used:
| PUBFFT
| BINTRAJ
| CUDA
| EMIL

| Largest sphere to fit in unit cell has radius =    26.463

| New format PARM file being parsed.
| Version =    1.000 Date = 08/10/20 Time = 22:12:33

| Note: 1-4 EEL scale factors are being read from the topology file.

| Note: 1-4 VDW scale factors are being read from the topology file.
| Duplicated    0 dihedrals

| Duplicated    0 dihedrals

--------------------------------------------------------------------------------
   1.  RESOURCE   USE: 
--------------------------------------------------------------------------------

 getting new box info from bottom of inpcrd
 NATOM  =   27384 NTYPES =      19 NBONH =   19623 MBONA  =    7793
 NTHETH =    4024 MTHETA =    2516 NPHIH =    8244 MPHIA  =    8106
 NHPARM =       0 NPARM  =       0 NNB   =   61413 NRES   =    6181
 NBONA  =    7793 NTHETA =    2516 NPHIA =    8106 NUMBND =      74
 NUMANG =     176 NPTRA  =     191 NATYP =      38 NPHB   =       1
 IFBOX  =       2 NMXRS  =      24 IFCAP =       0 NEXTRA =    5947
 NCOPY  =       0


| Coordinate Index Table dimensions:    11   11   11
| Direct force subcell size =     5.8928    5.8928    5.8928

     BOX TYPE: TRUNCATED OCTAHEDRON

--------------------------------------------------------------------------------
   2.  CONTROL  DATA  FOR  THE  RUN
--------------------------------------------------------------------------------

default_name                                                                    

General flags:
     imin    =       0, nmropt  =       0

Nature and format of input:
     ntx     =       5, irest   =       1, ntrx    =       1

Nature and format of output:
     ntxo    =       1, ntpr    =   50000, ntrx    =       1, ntwr    =   50000
     iwrap   =       1, ntwx    =    5000, ntwv    =       0, ntwe    =       0
     ioutfm  =       1, ntwprt  =       0, idecomp =       0, rbornstat=      0

Potential function:
     ntf     =       2, ntb     =       1, igb     =       0, nsnb    =      25
     ipol    =       0, gbsa    =       0, iesp    =       0
     dielc   =   1.00000, cut     =   9.00000, intdiel =   1.00000

Frozen or restrained atoms:
     ibelly  =       0, ntr     =       0

Molecular dynamics:
     nstlim  =   2500000, nscm    =      1000, nrespa  =         1
     t       =   0.00000, dt      =   0.00200, vlimit  =  -1.00000

Langevin dynamics temperature regulation:
     ig      =  368377
     temp0   = 300.00000, tempi   = 300.00000, gamma_ln=   2.00000

SHAKE:
     ntc     =       2, jfastw  =       0
     tol     =   0.00001

| Intermolecular bonds treatment:
|     no_intermolecular_bonds =       1

| Energy averages sample interval:
|     ene_avg_sampling =   50000

Extra-points options:
     frameon =       1, chngmask=       1

Ewald parameters:
     verbose =       0, ew_type =       0, nbflag  =       1, use_pme =       1
     vdwmeth =       1, eedmeth =       1, netfrc  =       1
     Box X =   64.821   Box Y =   64.821   Box Z =   64.821
     Alpha =  109.471   Beta  =  109.471   Gamma =  109.471
     NFFT1 =   64       NFFT2 =   64       NFFT3 =   64
     Cutoff=    9.000   Tol   =0.100E-04
     Ewald Coefficient =  0.30768
     Interpolation order =    4
|      EXTRA_PTS, trim_bonds: num bonds BEFORE trim = 19623     0
|      EXTRA_PTS, trim_bonds: num bonds AFTER  trim = 19623     0
|      EXTRA_PTS, trim_bonds: num bonds BEFORE trim =  7793     0
|      EXTRA_PTS, trim_bonds: num bonds AFTER  trim =  1846     0
|      EXTRA_PTS, trim_theta: num angle BEFORE trim =  4024     0
|      EXTRA_PTS, trim_theta: num angle AFTER  trim =  4024     0
|      EXTRA_PTS, trim_theta: num angle BEFORE trim =  2516     0
|      EXTRA_PTS, trim_theta: num angle AFTER  trim =  2516     0
|      EXTRA_PTS, trim_phi:  num diheds BEFORE trim =  8244     0
|      EXTRA_PTS, trim_phi:  num diheds AFTER  trim =  8244     0
|      EXTRA_PTS, trim_phi:  num diheds BEFORE trim =  8106     0
|      EXTRA_PTS, trim_phi:  num diheds AFTER  trim =  8106     0

--------------------------------------------------------------------------------
   3.  ATOMIC COORDINATES AND VELOCITIES
--------------------------------------------------------------------------------

Cpptraj Generated Restart                                                       
 begin time read from input coords =     0.000 ps

 
 Number of triangulated 3-point waters found:     5947

     Sum of charges from parm topology file =   0.00003250
     Forcing neutrality...

| Dynamic Memory, Types Used:
| Reals              889476
| Integers          2165688

| Nonbonded Pairs Initial Allocation:     6243552

| GPU memory information (estimate):
| KB of GPU memory in use:         0
| KB of CPU memory in use:         0

--------------------------------------------------------------------------------
   4.  RESULTS
--------------------------------------------------------------------------------

wrapping first mol.:      -43.21422       30.55708       52.92641
wrapping first mol.:      -43.21422       30.55708       52.92641
wrapping first mol.:      -43.21422       30.55708       52.92641
wrapping first mol.:      -43.21422       30.55708       52.92641
wrapping first mol.:      -43.21422       30.55708       52.92641
wrapping first mol.:      -43.21422       30.55708       52.92641
wrapping first mol.:      -43.21422       30.55708       52.92641
wrapping first mol.:      -43.21422       30.55708       52.92641
wrapping first mol.:      -43.21422       30.55708       52.92641
wrapping first mol.:      -43.21422       30.55708       52.92641
wrapping first mol.:      -43.21422       30.55708       52.92641

 NSTEP =    50000   TIME(PS) =     100.000  TEMP(K) =   301.11  PRESS =     0.0
 Etot   =    -67237.4774  EKtot   =     13370.0059  EPtot      =    -80607.4833
 BOND   =       675.3555  ANGLE   =      1757.6449  DIHED      =      1315.5432
 UB     =         0.0000  IMP     =         0.0000  CMAP       =       173.1009
 1-4 NB =       797.2053  1-4 EEL =     10690.6260  VDWAALS    =      8153.0421
 EELEC  =   -104170.0011  EHBOND  =         0.0000  RESTRAINT  =         0.0000
 ------------------------------------------------------------------------------

wrapping first mol.:      -43.21422       30.55708       52.92641
wrapping first mol.:      -43.21422       30.55708       52.92641
wrapping first mol.:      -43.21422       30.55708       52.92641
wrapping first mol.:      -43.21422       30.55708       52.92641
wrapping first mol.:      -43.21422       30.55708       52.92641
wrapping first mol.:      -43.21422       30.55708       52.92641
wrapping first mol.:      -43.21422       30.55708       52.92641
wrapping first mol.:      -43.21422       30.55708       52.92641
wrapping first mol.:      -43.21422       30.55708       52.92641
wrapping first mol.:      -43.21422       30.55708       52.92641
wrapping first mol.:      -43.21422       30.55708       52.92641

 NSTEP =   100000   TIME(PS) =     200.000  TEMP(K) =   298.99  PRESS =     0.0
 Etot   =    -67269.7605  EKtot   =     13275.5479  EPtot      =    -80545.3084
 BOND   =       681.5452  ANGLE   =      1808.1501  DIHED      =      1338.0406
 UB     =         0.0000  IMP     =         0.0000  CMAP       =       178.5385
 1-4 NB =       813.8490  1-4 EEL =     10711.4105  VDWAALS    =      8157.3108
 EELEC  =   -104234.1531  EHBOND  =         0.0000  RESTRAINT  =         0.0000
 ------------------------------------------------------------------------------

wrapping first mol.:      -43.21422       30.55708       52.92641
wrapping first mol.:      -43.21422       30.55708       52.92641
wrapping first mol.:      -43.21422       30.55708       52.92641
wrapping first mol.:      -43.21422       30.55708       52.92641
wrapping first mol.:      -43.21422       30.55708       52.92641
wrapping first mol.:      -43.21422       30.55708       52.92641
wrapping first mol.:      -43.21422       30.55708       52.92641
wrapping first mol.:      -43.21422       30.55708       52.92641
wrapping first mol.:      -43.21422       30.55708       52.92641
wrapping first mol.:      -43.21422       30.55708       52.92641
wrapping first mol.:      -43.21422       30.55708       52.92641

 NSTEP =   150000   TIME(PS) =     300.000  TEMP(K) =   300.88  PRESS =     0.0
 Etot   =    -67281.3028  EKtot   =     13359.5791  EPtot      =    -80640.8819
 BOND   =       660.2292  ANGLE   =      1757.2719  DIHED      =      1345.2482
 UB     =         0.0000  IMP     =         0.0000  CMAP       =       190.4960
 1-4 NB =       811.5748  1-4 EEL =     10704.7246  VDWAALS    =      8207.6031
 EELEC  =   -104318.0298  EHBOND  =         0.0000  RESTRAINT  =         0.0000
 ------------------------------------------------------------------------------

wrapping first mol.:      -43.21422       30.55708       52.92641
wrapping first mol.:      -43.21422       30.55708       52.92641
wrapping first mol.:      -43.21422       30.55708       52.92641
wrapping first mol.:      -43.21422       30.55708       52.92641
wrapping first mol.:      -43.21422       30.55708       52.92641
wrapping first mol.:      -43.21422       30.55708       52.92641
wrapping first mol.:      -43.21422       30.55708       52.92641
wrapping first mol.:      -43.21422       30.55708       52.92641
wrapping first mol.:      -43.21422       30.55708       52.92641
wrapping first mol.:      -43.21422       30.55708       52.92641
wrapping first mol.:      -43.21422       30.55708       52.92641

 NSTEP =   200000   TIME(PS) =     400.000  TEMP(K) =   302.22  PRESS =     0.0
 Etot   =    -67002.6091  EKtot   =     13419.1133  EPtot      =    -80421.7224
 BOND   =       650.4885  ANGLE   =      1760.3735  DIHED      =      1314.6619
 UB     =         0.0000  IMP     =         0.0000  CMAP       =       162.4958
 1-4 NB =       829.2424  1-4 EEL =     10807.5017  VDWAALS    =      8123.7317
 EELEC  =   -104070.2179  EHBOND  =         0.0000  RESTRAINT  =         0.0000
 ------------------------------------------------------------------------------

wrapping first mol.:      -43.21422       30.55708       52.92641
wrapping first mol.:      -43.21422       30.55708       52.92641
wrapping first mol.:      -43.21422       30.55708       52.92641
wrapping first mol.:      -43.21422       30.55708       52.92641
wrapping first mol.:      -43.21422       30.55708       52.92641
wrapping first mol.:      -43.21422       30.55708       52.92641
wrapping first mol.:      -43.21422       30.55708       52.92641
wrapping first mol.:      -43.21422       30.55708       52.92641
wrapping first mol.:      -43.21422       30.55708       52.92641
wrapping first mol.:      -43.21422       30.55708       52.92641
wrapping first mol.:      -43.21422       30.55708       52.92641

 NSTEP =   250000   TIME(PS) =     500.000  TEMP(K) =   300.24  PRESS =     0.0
 Etot   =    -67244.1473  EKtot   =     13331.0615  EPtot      =    -80575.2088
 BOND   =       673.1002  ANGLE   =      1837.6912  DIHED      =      1348.7130
 UB     =         0.0000  IMP     =         0.0000  CMAP       =       170.3127
 1-4 NB =       818.3226  1-4 EEL =     10782.0575  VDWAALS    =      8198.4967
 EELEC  =   -104403.9027  EHBOND  =         0.0000  RESTRAINT  =         0.0000
 ------------------------------------------------------------------------------

wrapping first mol.:      -43.21422       30.55708       52.92641
wrapping first mol.:      -43.21422       30.55708       52.92641
wrapping first mol.:      -43.21422       30.55708       52.92641
wrapping first mol.:      -43.21422       30.55708       52.92641
wrapping first mol.:      -43.21422       30.55708       52.92641
wrapping first mol.:      -43.21422       30.55708       52.92641
wrapping first mol.:      -43.21422       30.55708       52.92641
wrapping first mol.:      -43.21422       30.55708       52.92641
wrapping first mol.:      -43.21422       30.55708       52.92641
wrapping first mol.:      -43.21422       30.55708       52.92641
wrapping first mol.:      -43.21422       30.55708       52.92641

 NSTEP =   300000   TIME(PS) =     600.000  TEMP(K) =   298.79  PRESS =     0.0
 Etot   =    -67342.9513  EKtot   =     13266.8555  EPtot      =    -80609.8068
 BOND   =       677.6114  ANGLE   =      1805.7146  DIHED      =      1361.8793
 UB     =         0.0000  IMP     =         0.0000  CMAP       =       160.3521
 1-4 NB =       818.1122  1-4 EEL =     10771.5093  VDWAALS    =      8396.8871
 EELEC  =   -104601.8729  EHBOND  =         0.0000  RESTRAINT  =         0.0000
 ------------------------------------------------------------------------------

wrapping first mol.:      -43.21422       30.55708       52.92641
wrapping first mol.:      -43.21422       30.55708       52.92641
wrapping first mol.:      -43.21422       30.55708       52.92641
wrapping first mol.:      -43.21422       30.55708       52.92641
wrapping first mol.:      -43.21422       30.55708       52.92641
wrapping first mol.:      -43.21422       30.55708       52.92641
wrapping first mol.:      -43.21422       30.55708       52.92641
wrapping first mol.:      -43.21422       30.55708       52.92641
wrapping first mol.:      -43.21422       30.55708       52.92641
wrapping first mol.:      -43.21422       30.55708       52.92641
wrapping first mol.:      -43.21422       30.55708       52.92641

 NSTEP =   350000   TIME(PS) =     700.000  TEMP(K) =   301.11  PRESS =     0.0
 Etot   =    -67096.9566  EKtot   =     13369.9863  EPtot      =    -80466.9429
 BOND   =       666.9805  ANGLE   =      1813.9271  DIHED      =      1356.5882
 UB     =         0.0000  IMP     =         0.0000  CMAP       =       181.0267
 1-4 NB =       808.7252  1-4 EEL =     10758.9157  VDWAALS    =      8155.3056
 EELEC  =   -104208.4119  EHBOND  =         0.0000  RESTRAINT  =         0.0000
 ------------------------------------------------------------------------------

wrapping first mol.:      -43.21422       30.55708       52.92641
wrapping first mol.:      -43.21422       30.55708       52.92641
wrapping first mol.:      -43.21422       30.55708       52.92641
wrapping first mol.:      -43.21422       30.55708       52.92641
wrapping first mol.:      -43.21422       30.55708       52.92641
wrapping first mol.:      -43.21422       30.55708       52.92641
wrapping first mol.:      -43.21422       30.55708       52.92641
wrapping first mol.:      -43.21422       30.55708       52.92641
wrapping first mol.:      -43.21422       30.55708       52.92641
wrapping first mol.:      -43.21422       30.55708       52.92641
wrapping first mol.:      -43.21422       30.55708       52.92641

 NSTEP =   400000   TIME(PS) =     800.000  TEMP(K) =   302.21  PRESS =     0.0
 Etot   =    -67146.9507  EKtot   =     13418.5000  EPtot      =    -80565.4507
 BOND   =       665.8156  ANGLE   =      1773.1929  DIHED      =      1299.7514
 UB     =         0.0000  IMP     =         0.0000  CMAP       =       165.8177
 1-4 NB =       811.3323  1-4 EEL =     10759.4624  VDWAALS    =      8362.0001
 EELEC  =   -104402.8232  EHBOND  =         0.0000  RESTRAINT  =         0.0000
 ------------------------------------------------------------------------------

wrapping first mol.:      -43.21422       30.55708       52.92641
wrapping first mol.:      -43.21422       30.55708       52.92641
wrapping first mol.:      -43.21422       30.55708       52.92641
wrapping first mol.:      -43.21422       30.55708       52.92641
wrapping first mol.:      -43.21422       30.55708       52.92641
wrapping first mol.:      -43.21422       30.55708       52.92641
wrapping first mol.:      -43.21422       30.55708       52.92641
wrapping first mol.:      -43.21422       30.55708       52.92641
wrapping first mol.:      -43.21422       30.55708       52.92641
wrapping first mol.:      -43.21422       30.55708       52.92641
wrapping first mol.:      -43.21422       30.55708       52.92641

 NSTEP =   450000   TIME(PS) =     900.000  TEMP(K) =   302.03  PRESS =     0.0
 Etot   =    -66920.8762  EKtot   =     13410.6484  EPtot      =    -80331.5247
 BOND   =       703.7792  ANGLE   =      1760.8625  DIHED      =      1356.8781
 UB     =         0.0000  IMP     =         0.0000  CMAP       =       175.8939
 1-4 NB =       810.0376  1-4 EEL =     10756.1171  VDWAALS    =      7923.1302
 EELEC  =   -103818.2232  EHBOND  =         0.0000  RESTRAINT  =         0.0000
 ------------------------------------------------------------------------------

wrapping first mol.:      -43.21422       30.55708       52.92641
wrapping first mol.:      -43.21422       30.55708       52.92641
wrapping first mol.:      -43.21422       30.55708       52.92641
wrapping first mol.:      -43.21422       30.55708       52.92641
wrapping first mol.:      -43.21422       30.55708       52.92641
wrapping first mol.:      -43.21422       30.55708       52.92641
wrapping first mol.:      -43.21422       30.55708       52.92641
wrapping first mol.:      -43.21422       30.55708       52.92641
wrapping first mol.:      -43.21422       30.55708       52.92641
wrapping first mol.:      -43.21422       30.55708       52.92641
wrapping first mol.:      -43.21422       30.55708       52.92641

 NSTEP =   500000   TIME(PS) =    1000.000  TEMP(K) =   296.68  PRESS =     0.0
 Etot   =    -67414.7545  EKtot   =     13172.9170  EPtot      =    -80587.6715
 BOND   =       672.7715  ANGLE   =      1783.2654  DIHED      =      1367.6752
 UB     =         0.0000  IMP     =         0.0000  CMAP       =       183.2825
 1-4 NB =       822.8110  1-4 EEL =     10766.9809  VDWAALS    =      8243.0125
 EELEC  =   -104427.4704  EHBOND  =         0.0000  RESTRAINT  =         0.0000
 ------------------------------------------------------------------------------

wrapping first mol.:      -43.21422       30.55708       52.92641
wrapping first mol.:      -43.21422       30.55708       52.92641
wrapping first mol.:      -43.21422       30.55708       52.92641
wrapping first mol.:      -43.21422       30.55708       52.92641
wrapping first mol.:      -43.21422       30.55708       52.92641
wrapping first mol.:      -43.21422       30.55708       52.92641
wrapping first mol.:      -43.21422       30.55708       52.92641
wrapping first mol.:      -43.21422       30.55708       52.92641
wrapping first mol.:      -43.21422       30.55708       52.92641
wrapping first mol.:      -43.21422       30.55708       52.92641
wrapping first mol.:      -43.21422       30.55708       52.92641

 NSTEP =   550000   TIME(PS) =    1100.000  TEMP(K) =   298.48  PRESS =     0.0
 Etot   =    -67358.0641  EKtot   =     13253.0332  EPtot      =    -80611.0973
 BOND   =       715.9606  ANGLE   =      1797.2946  DIHED      =      1348.3739
 UB     =         0.0000  IMP     =         0.0000  CMAP       =       170.8315
 1-4 NB =       788.2447  1-4 EEL =     10725.7266  VDWAALS    =      8330.1892
 EELEC  =   -104487.7185  EHBOND  =         0.0000  RESTRAINT  =         0.0000
 ------------------------------------------------------------------------------

wrapping first mol.:      -43.21422       30.55708       52.92641
wrapping first mol.:      -43.21422       30.55708       52.92641
wrapping first mol.:      -43.21422       30.55708       52.92641
wrapping first mol.:      -43.21422       30.55708       52.92641
wrapping first mol.:      -43.21422       30.55708       52.92641
wrapping first mol.:      -43.21422       30.55708       52.92641
wrapping first mol.:      -43.21422       30.55708       52.92641
wrapping first mol.:      -43.21422       30.55708       52.92641
wrapping first mol.:      -43.21422       30.55708       52.92641
wrapping first mol.:      -43.21422       30.55708       52.92641
wrapping first mol.:      -43.21422       30.55708       52.92641

 NSTEP =   600000   TIME(PS) =    1200.000  TEMP(K) =   298.51  PRESS =     0.0
 Etot   =    -67421.2660  EKtot   =     13254.2168  EPtot      =    -80675.4828
 BOND   =       655.2930  ANGLE   =      1765.9800  DIHED      =      1363.7987
 UB     =         0.0000  IMP     =         0.0000  CMAP       =       178.1792
 1-4 NB =       806.4306  1-4 EEL =     10738.2019  VDWAALS    =      8123.8465
 EELEC  =   -104307.2127  EHBOND  =         0.0000  RESTRAINT  =         0.0000
 ------------------------------------------------------------------------------

wrapping first mol.:      -43.21422       30.55708       52.92641
wrapping first mol.:      -43.21422       30.55708       52.92641
wrapping first mol.:      -43.21422       30.55708       52.92641
wrapping first mol.:      -43.21422       30.55708       52.92641
wrapping first mol.:      -43.21422       30.55708       52.92641
wrapping first mol.:      -43.21422       30.55708       52.92641
wrapping first mol.:      -43.21422       30.55708       52.92641
wrapping first mol.:      -43.21422       30.55708       52.92641
wrapping first mol.:      -43.21422       30.55708       52.92641
wrapping first mol.:      -43.21422       30.55708       52.92641
wrapping first mol.:      -43.21422       30.55708       52.92641

 NSTEP =   650000   TIME(PS) =    1300.000  TEMP(K) =   300.34  PRESS =     0.0
 Etot   =    -67121.6857  EKtot   =     13335.7598  EPtot      =    -80457.4455
 BOND   =       673.6825  ANGLE   =      1786.1745  DIHED      =      1324.9415
 UB     =         0.0000  IMP     =         0.0000  CMAP       =       176.2145
 1-4 NB =       812.1386  1-4 EEL =     10716.0574  VDWAALS    =      8292.3140
 EELEC  =   -104238.9685  EHBOND  =         0.0000  RESTRAINT  =         0.0000
 ------------------------------------------------------------------------------

wrapping first mol.:      -43.21422       30.55708       52.92641
wrapping first mol.:      -43.21422       30.55708       52.92641
wrapping first mol.:      -43.21422       30.55708       52.92641
wrapping first mol.:      -43.21422       30.55708       52.92641
wrapping first mol.:      -43.21422       30.55708       52.92641
wrapping first mol.:      -43.21422       30.55708       52.92641
wrapping first mol.:      -43.21422       30.55708       52.92641
wrapping first mol.:      -43.21422       30.55708       52.92641
wrapping first mol.:      -43.21422       30.55708       52.92641
wrapping first mol.:      -43.21422       30.55708       52.92641
wrapping first mol.:      -43.21422       30.55708       52.92641

 NSTEP =   700000   TIME(PS) =    1400.000  TEMP(K) =   298.16  PRESS =     0.0
 Etot   =    -67419.3632  EKtot   =     13238.9756  EPtot      =    -80658.3388
 BOND   =       679.5252  ANGLE   =      1790.8908  DIHED      =      1312.6970
 UB     =         0.0000  IMP     =         0.0000  CMAP       =       182.8416
 1-4 NB =       803.8141  1-4 EEL =     10731.4327  VDWAALS    =      8206.4763
 EELEC  =   -104366.0165  EHBOND  =         0.0000  RESTRAINT  =         0.0000
 ------------------------------------------------------------------------------

wrapping first mol.:      -43.21422       30.55708       52.92641
wrapping first mol.:      -43.21422       30.55708       52.92641
wrapping first mol.:      -43.21422       30.55708       52.92641
wrapping first mol.:      -43.21422       30.55708       52.92641
wrapping first mol.:      -43.21422       30.55708       52.92641
wrapping first mol.:      -43.21422       30.55708       52.92641
wrapping first mol.:      -43.21422       30.55708       52.92641
wrapping first mol.:      -43.21422       30.55708       52.92641
wrapping first mol.:      -43.21422       30.55708       52.92641
wrapping first mol.:      -43.21422       30.55708       52.92641
wrapping first mol.:      -43.21422       30.55708       52.92641

 NSTEP =   750000   TIME(PS) =    1500.000  TEMP(K) =   300.25  PRESS =     0.0
 Etot   =    -67205.1201  EKtot   =     13331.5986  EPtot      =    -80536.7187
 BOND   =       651.7361  ANGLE   =      1775.8874  DIHED      =      1368.5768
 UB     =         0.0000  IMP     =         0.0000  CMAP       =       173.1925
 1-4 NB =       825.9840  1-4 EEL =     10653.1052  VDWAALS    =      8194.6601
 EELEC  =   -104179.8609  EHBOND  =         0.0000  RESTRAINT  =         0.0000
 ------------------------------------------------------------------------------

wrapping first mol.:      -43.21422       30.55708       52.92641
wrapping first mol.:      -43.21422       30.55708       52.92641
wrapping first mol.:      -43.21422       30.55708       52.92641
wrapping first mol.:      -43.21422       30.55708       52.92641
wrapping first mol.:      -43.21422       30.55708       52.92641
wrapping first mol.:      -43.21422       30.55708       52.92641
wrapping first mol.:      -43.21422       30.55708       52.92641
wrapping first mol.:      -43.21422       30.55708       52.92641
wrapping first mol.:      -43.21422       30.55708       52.92641
wrapping first mol.:      -43.21422       30.55708       52.92641
wrapping first mol.:      -43.21422       30.55708       52.92641

 NSTEP =   800000   TIME(PS) =    1600.000  TEMP(K) =   299.04  PRESS =     0.0
 Etot   =    -67525.8837  EKtot   =     13278.0039  EPtot      =    -80803.8877
 BOND   =       677.6749  ANGLE   =      1774.3380  DIHED      =      1350.5981
 UB     =         0.0000  IMP     =         0.0000  CMAP       =       175.9931
 1-4 NB =       802.0233  1-4 EEL =     10680.1751  VDWAALS    =      8365.8999
 EELEC  =   -104630.5902  EHBOND  =         0.0000  RESTRAINT  =         0.0000
 ------------------------------------------------------------------------------

wrapping first mol.:      -43.21422       30.55708       52.92641
wrapping first mol.:      -43.21422       30.55708       52.92641
wrapping first mol.:      -43.21422       30.55708       52.92641
wrapping first mol.:      -43.21422       30.55708       52.92641
wrapping first mol.:      -43.21422       30.55708       52.92641
wrapping first mol.:      -43.21422       30.55708       52.92641
wrapping first mol.:      -43.21422       30.55708       52.92641
wrapping first mol.:      -43.21422       30.55708       52.92641
wrapping first mol.:      -43.21422       30.55708       52.92641
wrapping first mol.:      -43.21422       30.55708       52.92641
wrapping first mol.:      -43.21422       30.55708       52.92641

 NSTEP =   850000   TIME(PS) =    1700.000  TEMP(K) =   300.27  PRESS =     0.0
 Etot   =    -67205.5664  EKtot   =     13332.6035  EPtot      =    -80538.1699
 BOND   =       731.5163  ANGLE   =      1751.5275  DIHED      =      1350.7647
 UB     =         0.0000  IMP     =         0.0000  CMAP       =       187.0486
 1-4 NB =       830.5999  1-4 EEL =     10677.4290  VDWAALS    =      8282.3868
 EELEC  =   -104349.4427  EHBOND  =         0.0000  RESTRAINT  =         0.0000
 ------------------------------------------------------------------------------

wrapping first mol.:      -43.21422       30.55708       52.92641
wrapping first mol.:      -43.21422       30.55708       52.92641
wrapping first mol.:      -43.21422       30.55708       52.92641
wrapping first mol.:      -43.21422       30.55708       52.92641
wrapping first mol.:      -43.21422       30.55708       52.92641
wrapping first mol.:      -43.21422       30.55708       52.92641
wrapping first mol.:      -43.21422       30.55708       52.92641
wrapping first mol.:      -43.21422       30.55708       52.92641
wrapping first mol.:      -43.21422       30.55708       52.92641
wrapping first mol.:      -43.21422       30.55708       52.92641
wrapping first mol.:      -43.21422       30.55708       52.92641

 NSTEP =   900000   TIME(PS) =    1800.000  TEMP(K) =   302.97  PRESS =     0.0
 Etot   =    -66997.3951  EKtot   =     13452.4980  EPtot      =    -80449.8931
 BOND   =       692.7347  ANGLE   =      1719.7312  DIHED      =      1308.0459
 UB     =         0.0000  IMP     =         0.0000  CMAP       =       177.2561
 1-4 NB =       798.0306  1-4 EEL =     10682.1659  VDWAALS    =      8054.3589
 EELEC  =   -103882.2164  EHBOND  =         0.0000  RESTRAINT  =         0.0000
 ------------------------------------------------------------------------------

wrapping first mol.:      -43.21422       30.55708       52.92641
wrapping first mol.:      -43.21422       30.55708       52.92641
wrapping first mol.:      -43.21422       30.55708       52.92641
wrapping first mol.:      -43.21422       30.55708       52.92641
wrapping first mol.:      -43.21422       30.55708       52.92641
wrapping first mol.:      -43.21422       30.55708       52.92641
wrapping first mol.:      -43.21422       30.55708       52.92641
wrapping first mol.:      -43.21422       30.55708       52.92641
wrapping first mol.:      -43.21422       30.55708       52.92641
wrapping first mol.:      -43.21422       30.55708       52.92641
wrapping first mol.:      -43.21422       30.55708       52.92641

 NSTEP =   950000   TIME(PS) =    1900.000  TEMP(K) =   299.46  PRESS =     0.0
 Etot   =    -67443.9571  EKtot   =     13296.5283  EPtot      =    -80740.4855
 BOND   =       665.3367  ANGLE   =      1792.8599  DIHED      =      1344.2809
 UB     =         0.0000  IMP     =         0.0000  CMAP       =       175.1238
 1-4 NB =       803.0024  1-4 EEL =     10733.1325  VDWAALS    =      8173.2408
 EELEC  =   -104427.4625  EHBOND  =         0.0000  RESTRAINT  =         0.0000
 ------------------------------------------------------------------------------

wrapping first mol.:      -43.21422       30.55708       52.92641
wrapping first mol.:      -43.21422       30.55708       52.92641
wrapping first mol.:      -43.21422       30.55708       52.92641
wrapping first mol.:      -43.21422       30.55708       52.92641
wrapping first mol.:      -43.21422       30.55708       52.92641
wrapping first mol.:      -43.21422       30.55708       52.92641
wrapping first mol.:      -43.21422       30.55708       52.92641
wrapping first mol.:      -43.21422       30.55708       52.92641
wrapping first mol.:      -43.21422       30.55708       52.92641
wrapping first mol.:      -43.21422       30.55708       52.92641
wrapping first mol.:      -43.21422       30.55708       52.92641

 NSTEP =  1000000   TIME(PS) =    2000.000  TEMP(K) =   300.07  PRESS =     0.0
 Etot   =    -67449.3328  EKtot   =     13323.6211  EPtot      =    -80772.9539
 BOND   =       687.6842  ANGLE   =      1784.2155  DIHED      =      1357.9923
 UB     =         0.0000  IMP     =         0.0000  CMAP       =       175.5790
 1-4 NB =       811.8867  1-4 EEL =     10701.2869  VDWAALS    =      8404.5237
 EELEC  =   -104696.1221  EHBOND  =         0.0000  RESTRAINT  =         0.0000
 ------------------------------------------------------------------------------

wrapping first mol.:      -43.21422       30.55708       52.92641
wrapping first mol.:      -43.21422       30.55708       52.92641
wrapping first mol.:      -43.21422       30.55708       52.92641
wrapping first mol.:      -43.21422       30.55708       52.92641
wrapping first mol.:      -43.21422       30.55708       52.92641
wrapping first mol.:      -43.21422       30.55708       52.92641
wrapping first mol.:      -43.21422       30.55708       52.92641
wrapping first mol.:      -43.21422       30.55708       52.92641
wrapping first mol.:      -43.21422       30.55708       52.92641
wrapping first mol.:      -43.21422       30.55708       52.92641
wrapping first mol.:      -43.21422       30.55708       52.92641

 NSTEP =  1050000   TIME(PS) =    2100.000  TEMP(K) =   297.95  PRESS =     0.0
 Etot   =    -67309.9157  EKtot   =     13229.4629  EPtot      =    -80539.3786
 BOND   =       692.3230  ANGLE   =      1757.9566  DIHED      =      1355.8662
 UB     =         0.0000  IMP     =         0.0000  CMAP       =       186.7381
 1-4 NB =       822.0961  1-4 EEL =     10728.5098  VDWAALS    =      8070.9255
 EELEC  =   -104153.7938  EHBOND  =         0.0000  RESTRAINT  =         0.0000
 ------------------------------------------------------------------------------

wrapping first mol.:      -43.21422       30.55708       52.92641
wrapping first mol.:      -43.21422       30.55708       52.92641
wrapping first mol.:      -43.21422       30.55708       52.92641
wrapping first mol.:      -43.21422       30.55708       52.92641
wrapping first mol.:      -43.21422       30.55708       52.92641
wrapping first mol.:      -43.21422       30.55708       52.92641
wrapping first mol.:      -43.21422       30.55708       52.92641
wrapping first mol.:      -43.21422       30.55708       52.92641
wrapping first mol.:      -43.21422       30.55708       52.92641
wrapping first mol.:      -43.21422       30.55708       52.92641
wrapping first mol.:      -43.21422       30.55708       52.92641

 NSTEP =  1100000   TIME(PS) =    2200.000  TEMP(K) =   300.58  PRESS =     0.0
 Etot   =    -67263.9501  EKtot   =     13346.1367  EPtot      =    -80610.0868
 BOND   =       705.0122  ANGLE   =      1768.2453  DIHED      =      1333.1585
 UB     =         0.0000  IMP     =         0.0000  CMAP       =       167.3229
 1-4 NB =       814.0546  1-4 EEL =     10716.5651  VDWAALS    =      8741.7795
 EELEC  =   -104856.2250  EHBOND  =         0.0000  RESTRAINT  =         0.0000
 ------------------------------------------------------------------------------

wrapping first mol.:      -43.21422       30.55708       52.92641
wrapping first mol.:      -43.21422       30.55708       52.92641
wrapping first mol.:      -43.21422       30.55708       52.92641
wrapping first mol.:      -43.21422       30.55708       52.92641
wrapping first mol.:      -43.21422       30.55708       52.92641
wrapping first mol.:      -43.21422       30.55708       52.92641
wrapping first mol.:      -43.21422       30.55708       52.92641
wrapping first mol.:      -43.21422       30.55708       52.92641
wrapping first mol.:      -43.21422       30.55708       52.92641
wrapping first mol.:      -43.21422       30.55708       52.92641
wrapping first mol.:      -43.21422       30.55708       52.92641

 NSTEP =  1150000   TIME(PS) =    2300.000  TEMP(K) =   300.69  PRESS =     0.0
 Etot   =    -67103.3483  EKtot   =     13351.3516  EPtot      =    -80454.6998
 BOND   =       698.7500  ANGLE   =      1781.4482  DIHED      =      1357.6768
 UB     =         0.0000  IMP     =         0.0000  CMAP       =       178.4187
 1-4 NB =       810.6381  1-4 EEL =     10688.1090  VDWAALS    =      8070.3833
 EELEC  =   -104040.1239  EHBOND  =         0.0000  RESTRAINT  =         0.0000
 ------------------------------------------------------------------------------

wrapping first mol.:      -43.21422       30.55708       52.92641
wrapping first mol.:      -43.21422       30.55708       52.92641
wrapping first mol.:      -43.21422       30.55708       52.92641
wrapping first mol.:      -43.21422       30.55708       52.92641
wrapping first mol.:      -43.21422       30.55708       52.92641
wrapping first mol.:      -43.21422       30.55708       52.92641
wrapping first mol.:      -43.21422       30.55708       52.92641
wrapping first mol.:      -43.21422       30.55708       52.92641
wrapping first mol.:      -43.21422       30.55708       52.92641
wrapping first mol.:      -43.21422       30.55708       52.92641
wrapping first mol.:      -43.21422       30.55708       52.92641

 NSTEP =  1200000   TIME(PS) =    2400.000  TEMP(K) =   301.18  PRESS =     0.0
 Etot   =    -66890.3524  EKtot   =     13372.9258  EPtot      =    -80263.2782
 BOND   =       643.6553  ANGLE   =      1828.3050  DIHED      =      1336.1476
 UB     =         0.0000  IMP     =         0.0000  CMAP       =       187.7208
 1-4 NB =       821.2832  1-4 EEL =     10768.3229  VDWAALS    =      8144.3832
 EELEC  =   -103993.0962  EHBOND  =         0.0000  RESTRAINT  =         0.0000
 ------------------------------------------------------------------------------

wrapping first mol.:      -43.21422       30.55708       52.92641
wrapping first mol.:      -43.21422       30.55708       52.92641
wrapping first mol.:      -43.21422       30.55708       52.92641
wrapping first mol.:      -43.21422       30.55708       52.92641
wrapping first mol.:      -43.21422       30.55708       52.92641
wrapping first mol.:      -43.21422       30.55708       52.92641
wrapping first mol.:      -43.21422       30.55708       52.92641
wrapping first mol.:      -43.21422       30.55708       52.92641
wrapping first mol.:      -43.21422       30.55708       52.92641
wrapping first mol.:      -43.21422       30.55708       52.92641
wrapping first mol.:      -43.21422       30.55708       52.92641

 NSTEP =  1250000   TIME(PS) =    2500.000  TEMP(K) =   299.50  PRESS =     0.0
 Etot   =    -67134.3396  EKtot   =     13298.4170  EPtot      =    -80432.7566
 BOND   =       736.4558  ANGLE   =      1836.3605  DIHED      =      1330.8182
 UB     =         0.0000  IMP     =         0.0000  CMAP       =       195.5006
 1-4 NB =       782.5400  1-4 EEL =     10770.0310  VDWAALS    =      8297.2313
 EELEC  =   -104381.6940  EHBOND  =         0.0000  RESTRAINT  =         0.0000
 ------------------------------------------------------------------------------

wrapping first mol.:      -43.21422       30.55708       52.92641
wrapping first mol.:      -43.21422       30.55708       52.92641
wrapping first mol.:      -43.21422       30.55708       52.92641
wrapping first mol.:      -43.21422       30.55708       52.92641
wrapping first mol.:      -43.21422       30.55708       52.92641
wrapping first mol.:      -43.21422       30.55708       52.92641
wrapping first mol.:      -43.21422       30.55708       52.92641
wrapping first mol.:      -43.21422       30.55708       52.92641
wrapping first mol.:      -43.21422       30.55708       52.92641
wrapping first mol.:      -43.21422       30.55708       52.92641
wrapping first mol.:      -43.21422       30.55708       52.92641

 NSTEP =  1300000   TIME(PS) =    2600.000  TEMP(K) =   301.11  PRESS =     0.0
 Etot   =    -67027.2865  EKtot   =     13369.8740  EPtot      =    -80397.1605
 BOND   =       697.3461  ANGLE   =      1845.3917  DIHED      =      1384.5886
 UB     =         0.0000  IMP     =         0.0000  CMAP       =       189.3050
 1-4 NB =       801.3066  1-4 EEL =     10678.8080  VDWAALS    =      8263.9709
 EELEC  =   -104257.8774  EHBOND  =         0.0000  RESTRAINT  =         0.0000
 ------------------------------------------------------------------------------

wrapping first mol.:      -43.21422       30.55708       52.92641
wrapping first mol.:      -43.21422       30.55708       52.92641
wrapping first mol.:      -43.21422       30.55708       52.92641
wrapping first mol.:      -43.21422       30.55708       52.92641
wrapping first mol.:      -43.21422       30.55708       52.92641
wrapping first mol.:      -43.21422       30.55708       52.92641
wrapping first mol.:      -43.21422       30.55708       52.92641
wrapping first mol.:      -43.21422       30.55708       52.92641
wrapping first mol.:      -43.21422       30.55708       52.92641
wrapping first mol.:      -43.21422       30.55708       52.92641
wrapping first mol.:      -43.21422       30.55708       52.92641

 NSTEP =  1350000   TIME(PS) =    2700.000  TEMP(K) =   299.22  PRESS =     0.0
 Etot   =    -67298.8535  EKtot   =     13285.8926  EPtot      =    -80584.7461
 BOND   =       696.0873  ANGLE   =      1826.7741  DIHED      =      1325.2635
 UB     =         0.0000  IMP     =         0.0000  CMAP       =       182.4105
 1-4 NB =       791.7391  1-4 EEL =     10696.5039  VDWAALS    =      8301.4255
 EELEC  =   -104404.9500  EHBOND  =         0.0000  RESTRAINT  =         0.0000
 ------------------------------------------------------------------------------

wrapping first mol.:      -43.21422       30.55708       52.92641
wrapping first mol.:      -43.21422       30.55708       52.92641
wrapping first mol.:      -43.21422       30.55708       52.92641
wrapping first mol.:      -43.21422       30.55708       52.92641
wrapping first mol.:      -43.21422       30.55708       52.92641
wrapping first mol.:      -43.21422       30.55708       52.92641
wrapping first mol.:      -43.21422       30.55708       52.92641
wrapping first mol.:      -43.21422       30.55708       52.92641
wrapping first mol.:      -43.21422       30.55708       52.92641
wrapping first mol.:      -43.21422       30.55708       52.92641
wrapping first mol.:      -43.21422       30.55708       52.92641

 NSTEP =  1400000   TIME(PS) =    2800.000  TEMP(K) =   299.60  PRESS =     0.0
 Etot   =    -67342.0096  EKtot   =     13302.8398  EPtot      =    -80644.8494
 BOND   =       694.8812  ANGLE   =      1759.5225  DIHED      =      1367.5603
 UB     =         0.0000  IMP     =         0.0000  CMAP       =       181.3225
 1-4 NB =       805.4327  1-4 EEL =     10765.6328  VDWAALS    =      8176.2083
 EELEC  =   -104395.4098  EHBOND  =         0.0000  RESTRAINT  =         0.0000
 ------------------------------------------------------------------------------

wrapping first mol.:      -43.21422       30.55708       52.92641
wrapping first mol.:      -43.21422       30.55708       52.92641
wrapping first mol.:      -43.21422       30.55708       52.92641
wrapping first mol.:      -43.21422       30.55708       52.92641
wrapping first mol.:      -43.21422       30.55708       52.92641
wrapping first mol.:      -43.21422       30.55708       52.92641
wrapping first mol.:      -43.21422       30.55708       52.92641
wrapping first mol.:      -43.21422       30.55708       52.92641
wrapping first mol.:      -43.21422       30.55708       52.92641
wrapping first mol.:      -43.21422       30.55708       52.92641
wrapping first mol.:      -43.21422       30.55708       52.92641

 NSTEP =  1450000   TIME(PS) =    2900.000  TEMP(K) =   299.70  PRESS =     0.0
 Etot   =    -67267.2369  EKtot   =     13307.3018  EPtot      =    -80574.5386
 BOND   =       672.6623  ANGLE   =      1758.4235  DIHED      =      1351.4721
 UB     =         0.0000  IMP     =         0.0000  CMAP       =       166.3105
 1-4 NB =       823.1301  1-4 EEL =     10731.4901  VDWAALS    =      8201.9300
 EELEC  =   -104279.9574  EHBOND  =         0.0000  RESTRAINT  =         0.0000
 ------------------------------------------------------------------------------

wrapping first mol.:      -43.21422       30.55708       52.92641
wrapping first mol.:      -43.21422       30.55708       52.92641
wrapping first mol.:      -43.21422       30.55708       52.92641
wrapping first mol.:      -43.21422       30.55708       52.92641
wrapping first mol.:      -43.21422       30.55708       52.92641
wrapping first mol.:      -43.21422       30.55708       52.92641
wrapping first mol.:      -43.21422       30.55708       52.92641
wrapping first mol.:      -43.21422       30.55708       52.92641
wrapping first mol.:      -43.21422       30.55708       52.92641
wrapping first mol.:      -43.21422       30.55708       52.92641
wrapping first mol.:      -43.21422       30.55708       52.92641

 NSTEP =  1500000   TIME(PS) =    3000.000  TEMP(K) =   300.21  PRESS =     0.0
 Etot   =    -67080.0758  EKtot   =     13329.9365  EPtot      =    -80410.0123
 BOND   =       676.3172  ANGLE   =      1796.5193  DIHED      =      1330.0445
 UB     =         0.0000  IMP     =         0.0000  CMAP       =       176.7791
 1-4 NB =       803.0503  1-4 EEL =     10729.0549  VDWAALS    =      8205.5697
 EELEC  =   -104127.3472  EHBOND  =         0.0000  RESTRAINT  =         0.0000
 ------------------------------------------------------------------------------

wrapping first mol.:      -43.21422       30.55708       52.92641
wrapping first mol.:      -43.21422       30.55708       52.92641
wrapping first mol.:      -43.21422       30.55708       52.92641
wrapping first mol.:      -43.21422       30.55708       52.92641
wrapping first mol.:      -43.21422       30.55708       52.92641
wrapping first mol.:      -43.21422       30.55708       52.92641
wrapping first mol.:      -43.21422       30.55708       52.92641
wrapping first mol.:      -43.21422       30.55708       52.92641
wrapping first mol.:      -43.21422       30.55708       52.92641
wrapping first mol.:      -43.21422       30.55708       52.92641
wrapping first mol.:      -43.21422       30.55708       52.92641

 NSTEP =  1550000   TIME(PS) =    3100.000  TEMP(K) =   298.59  PRESS =     0.0
 Etot   =    -67264.7306  EKtot   =     13257.8027  EPtot      =    -80522.5333
 BOND   =       674.9196  ANGLE   =      1803.2614  DIHED      =      1353.9009
 UB     =         0.0000  IMP     =         0.0000  CMAP       =       176.5392
 1-4 NB =       823.6997  1-4 EEL =     10750.4903  VDWAALS    =      8304.5093
 EELEC  =   -104409.8538  EHBOND  =         0.0000  RESTRAINT  =         0.0000
 ------------------------------------------------------------------------------

wrapping first mol.:      -43.21422       30.55708       52.92641
wrapping first mol.:      -43.21422       30.55708       52.92641
wrapping first mol.:      -43.21422       30.55708       52.92641
wrapping first mol.:      -43.21422       30.55708       52.92641
wrapping first mol.:      -43.21422       30.55708       52.92641
wrapping first mol.:      -43.21422       30.55708       52.92641
wrapping first mol.:      -43.21422       30.55708       52.92641
wrapping first mol.:      -43.21422       30.55708       52.92641
wrapping first mol.:      -43.21422       30.55708       52.92641
wrapping first mol.:      -43.21422       30.55708       52.92641
wrapping first mol.:      -43.21422       30.55708       52.92641

 NSTEP =  1600000   TIME(PS) =    3200.000  TEMP(K) =   298.77  PRESS =     0.0
 Etot   =    -67345.9647  EKtot   =     13266.1035  EPtot      =    -80612.0682
 BOND   =       703.8994  ANGLE   =      1726.6275  DIHED      =      1351.0928
 UB     =         0.0000  IMP     =         0.0000  CMAP       =       168.7365
 1-4 NB =       804.6789  1-4 EEL =     10725.8434  VDWAALS    =      8322.4730
 EELEC  =   -104415.4198  EHBOND  =         0.0000  RESTRAINT  =         0.0000
 ------------------------------------------------------------------------------

wrapping first mol.:      -43.21422       30.55708       52.92641
wrapping first mol.:      -43.21422       30.55708       52.92641
wrapping first mol.:      -43.21422       30.55708       52.92641
wrapping first mol.:      -43.21422       30.55708       52.92641
wrapping first mol.:      -43.21422       30.55708       52.92641
wrapping first mol.:      -43.21422       30.55708       52.92641
wrapping first mol.:      -43.21422       30.55708       52.92641
wrapping first mol.:      -43.21422       30.55708       52.92641
wrapping first mol.:      -43.21422       30.55708       52.92641
wrapping first mol.:      -43.21422       30.55708       52.92641
wrapping first mol.:      -43.21422       30.55708       52.92641

 NSTEP =  1650000   TIME(PS) =    3300.000  TEMP(K) =   303.34  PRESS =     0.0
 Etot   =    -67195.7172  EKtot   =     13468.7578  EPtot      =    -80664.4750
 BOND   =       658.3983  ANGLE   =      1775.9519  DIHED      =      1351.1609
 UB     =         0.0000  IMP     =         0.0000  CMAP       =       174.1571
 1-4 NB =       818.5874  1-4 EEL =     10697.8511  VDWAALS    =      8257.4862
 EELEC  =   -104398.0678  EHBOND  =         0.0000  RESTRAINT  =         0.0000
 ------------------------------------------------------------------------------

wrapping first mol.:      -43.21422       30.55708       52.92641
wrapping first mol.:      -43.21422       30.55708       52.92641
wrapping first mol.:      -43.21422       30.55708       52.92641
wrapping first mol.:      -43.21422       30.55708       52.92641
wrapping first mol.:      -43.21422       30.55708       52.92641
wrapping first mol.:      -43.21422       30.55708       52.92641
wrapping first mol.:      -43.21422       30.55708       52.92641
wrapping first mol.:      -43.21422       30.55708       52.92641
wrapping first mol.:      -43.21422       30.55708       52.92641
wrapping first mol.:      -43.21422       30.55708       52.92641
wrapping first mol.:      -43.21422       30.55708       52.92641

 NSTEP =  1700000   TIME(PS) =    3400.000  TEMP(K) =   299.98  PRESS =     0.0
 Etot   =    -67281.1761  EKtot   =     13319.6787  EPtot      =    -80600.8548
 BOND   =       670.5028  ANGLE   =      1809.0549  DIHED      =      1337.1794
 UB     =         0.0000  IMP     =         0.0000  CMAP       =       178.9157
 1-4 NB =       823.0119  1-4 EEL =     10763.8282  VDWAALS    =      8356.6464
 EELEC  =   -104539.9941  EHBOND  =         0.0000  RESTRAINT  =         0.0000
 ------------------------------------------------------------------------------

wrapping first mol.:      -43.21422       30.55708       52.92641
wrapping first mol.:      -43.21422       30.55708       52.92641
wrapping first mol.:      -43.21422       30.55708       52.92641
wrapping first mol.:      -43.21422       30.55708       52.92641
wrapping first mol.:      -43.21422       30.55708       52.92641
wrapping first mol.:      -43.21422       30.55708       52.92641
wrapping first mol.:      -43.21422       30.55708       52.92641
wrapping first mol.:      -43.21422       30.55708       52.92641
wrapping first mol.:      -43.21422       30.55708       52.92641
wrapping first mol.:      -43.21422       30.55708       52.92641
wrapping first mol.:      -43.21422       30.55708       52.92641

 NSTEP =  1750000   TIME(PS) =    3500.000  TEMP(K) =   305.05  PRESS =     0.0
 Etot   =    -66960.8434  EKtot   =     13544.8838  EPtot      =    -80505.7272
 BOND   =       712.6699  ANGLE   =      1765.7035  DIHED      =      1343.5486
 UB     =         0.0000  IMP     =         0.0000  CMAP       =       166.3529
 1-4 NB =       815.3476  1-4 EEL =     10758.2774  VDWAALS    =      8254.3562
 EELEC  =   -104321.9833  EHBOND  =         0.0000  RESTRAINT  =         0.0000
 ------------------------------------------------------------------------------

wrapping first mol.:      -43.21422       30.55708       52.92641
wrapping first mol.:      -43.21422       30.55708       52.92641
wrapping first mol.:      -43.21422       30.55708       52.92641
wrapping first mol.:      -43.21422       30.55708       52.92641
wrapping first mol.:      -43.21422       30.55708       52.92641
wrapping first mol.:      -43.21422       30.55708       52.92641
wrapping first mol.:      -43.21422       30.55708       52.92641
wrapping first mol.:      -43.21422       30.55708       52.92641
wrapping first mol.:      -43.21422       30.55708       52.92641
wrapping first mol.:      -43.21422       30.55708       52.92641
wrapping first mol.:      -43.21422       30.55708       52.92641

 NSTEP =  1800000   TIME(PS) =    3600.000  TEMP(K) =   298.29  PRESS =     0.0
 Etot   =    -67272.0423  EKtot   =     13244.4697  EPtot      =    -80516.5120
 BOND   =       658.8871  ANGLE   =      1824.1476  DIHED      =      1351.0539
 UB     =         0.0000  IMP     =         0.0000  CMAP       =       177.6441
 1-4 NB =       807.4118  1-4 EEL =     10769.3654  VDWAALS    =      8296.8587
 EELEC  =   -104401.8805  EHBOND  =         0.0000  RESTRAINT  =         0.0000
 ------------------------------------------------------------------------------

wrapping first mol.:      -43.21422       30.55708       52.92641
wrapping first mol.:      -43.21422       30.55708       52.92641
wrapping first mol.:      -43.21422       30.55708       52.92641
wrapping first mol.:      -43.21422       30.55708       52.92641
wrapping first mol.:      -43.21422       30.55708       52.92641
wrapping first mol.:      -43.21422       30.55708       52.92641
wrapping first mol.:      -43.21422       30.55708       52.92641
wrapping first mol.:      -43.21422       30.55708       52.92641
wrapping first mol.:      -43.21422       30.55708       52.92641
wrapping first mol.:      -43.21422       30.55708       52.92641
wrapping first mol.:      -43.21422       30.55708       52.92641

 NSTEP =  1850000   TIME(PS) =    3700.000  TEMP(K) =   304.77  PRESS =     0.0
 Etot   =    -66778.3890  EKtot   =     13532.2246  EPtot      =    -80310.6137
 BOND   =       719.5129  ANGLE   =      1761.0569  DIHED      =      1324.2995
 UB     =         0.0000  IMP     =         0.0000  CMAP       =       182.6848
 1-4 NB =       817.8317  1-4 EEL =     10760.8041  VDWAALS    =      8249.2186
 EELEC  =   -104126.0221  EHBOND  =         0.0000  RESTRAINT  =         0.0000
 ------------------------------------------------------------------------------

wrapping first mol.:      -43.21422       30.55708       52.92641
wrapping first mol.:      -43.21422       30.55708       52.92641
wrapping first mol.:      -43.21422       30.55708       52.92641
wrapping first mol.:      -43.21422       30.55708       52.92641
wrapping first mol.:      -43.21422       30.55708       52.92641
wrapping first mol.:      -43.21422       30.55708       52.92641
wrapping first mol.:      -43.21422       30.55708       52.92641
wrapping first mol.:      -43.21422       30.55708       52.92641
wrapping first mol.:      -43.21422       30.55708       52.92641
wrapping first mol.:      -43.21422       30.55708       52.92641
wrapping first mol.:      -43.21422       30.55708       52.92641

 NSTEP =  1900000   TIME(PS) =    3800.000  TEMP(K) =   300.27  PRESS =     0.0
 Etot   =    -67144.6155  EKtot   =     13332.4668  EPtot      =    -80477.0823
 BOND   =       705.4436  ANGLE   =      1793.9238  DIHED      =      1351.0964
 UB     =         0.0000  IMP     =         0.0000  CMAP       =       175.5783
 1-4 NB =       800.2372  1-4 EEL =     10773.7973  VDWAALS    =      8026.4583
 EELEC  =   -104103.6171  EHBOND  =         0.0000  RESTRAINT  =         0.0000
 ------------------------------------------------------------------------------

wrapping first mol.:      -43.21422       30.55708       52.92641
wrapping first mol.:      -43.21422       30.55708       52.92641
wrapping first mol.:      -43.21422       30.55708       52.92641
wrapping first mol.:      -43.21422       30.55708       52.92641
wrapping first mol.:      -43.21422       30.55708       52.92641
wrapping first mol.:      -43.21422       30.55708       52.92641
wrapping first mol.:      -43.21422       30.55708       52.92641
wrapping first mol.:      -43.21422       30.55708       52.92641
wrapping first mol.:      -43.21422       30.55708       52.92641
wrapping first mol.:      -43.21422       30.55708       52.92641
wrapping first mol.:      -43.21422       30.55708       52.92641

 NSTEP =  1950000   TIME(PS) =    3900.000  TEMP(K) =   301.34  PRESS =     0.0
 Etot   =    -67287.6821  EKtot   =     13380.1709  EPtot      =    -80667.8530
 BOND   =       710.5376  ANGLE   =      1801.4813  DIHED      =      1335.0660
 UB     =         0.0000  IMP     =         0.0000  CMAP       =       182.1795
 1-4 NB =       796.9250  1-4 EEL =     10721.6357  VDWAALS    =      8084.7339
 EELEC  =   -104300.4119  EHBOND  =         0.0000  RESTRAINT  =         0.0000
 ------------------------------------------------------------------------------

wrapping first mol.:      -43.21422       30.55708       52.92641
wrapping first mol.:      -43.21422       30.55708       52.92641
wrapping first mol.:      -43.21422       30.55708       52.92641
wrapping first mol.:      -43.21422       30.55708       52.92641
wrapping first mol.:      -43.21422       30.55708       52.92641
wrapping first mol.:      -43.21422       30.55708       52.92641
wrapping first mol.:      -43.21422       30.55708       52.92641
wrapping first mol.:      -43.21422       30.55708       52.92641
wrapping first mol.:      -43.21422       30.55708       52.92641
wrapping first mol.:      -43.21422       30.55708       52.92641
wrapping first mol.:      -43.21422       30.55708       52.92641

 NSTEP =  2000000   TIME(PS) =    4000.000  TEMP(K) =   302.68  PRESS =     0.0
 Etot   =    -67107.4033  EKtot   =     13439.6699  EPtot      =    -80547.0732
 BOND   =       690.3456  ANGLE   =      1754.7304  DIHED      =      1349.7482
 UB     =         0.0000  IMP     =         0.0000  CMAP       =       183.5178
 1-4 NB =       822.7803  1-4 EEL =     10790.3760  VDWAALS    =      8372.5267
 EELEC  =   -104511.0982  EHBOND  =         0.0000  RESTRAINT  =         0.0000
 ------------------------------------------------------------------------------

wrapping first mol.:      -43.21422       30.55708       52.92641
wrapping first mol.:      -43.21422       30.55708       52.92641
wrapping first mol.:      -43.21422       30.55708       52.92641
wrapping first mol.:      -43.21422       30.55708       52.92641
wrapping first mol.:      -43.21422       30.55708       52.92641
wrapping first mol.:      -43.21422       30.55708       52.92641
wrapping first mol.:      -43.21422       30.55708       52.92641
wrapping first mol.:      -43.21422       30.55708       52.92641
wrapping first mol.:      -43.21422       30.55708       52.92641
wrapping first mol.:      -43.21422       30.55708       52.92641
wrapping first mol.:      -43.21422       30.55708       52.92641

 NSTEP =  2050000   TIME(PS) =    4100.000  TEMP(K) =   300.89  PRESS =     0.0
 Etot   =    -67122.1569  EKtot   =     13360.0479  EPtot      =    -80482.2047
 BOND   =       649.1296  ANGLE   =      1766.5564  DIHED      =      1350.9704
 UB     =         0.0000  IMP     =         0.0000  CMAP       =       186.2070
 1-4 NB =       810.2351  1-4 EEL =     10730.4886  VDWAALS    =      8203.7885
 EELEC  =   -104179.5803  EHBOND  =         0.0000  RESTRAINT  =         0.0000
 ------------------------------------------------------------------------------

wrapping first mol.:      -43.21422       30.55708       52.92641
wrapping first mol.:      -43.21422       30.55708       52.92641
wrapping first mol.:      -43.21422       30.55708       52.92641
wrapping first mol.:      -43.21422       30.55708       52.92641
wrapping first mol.:      -43.21422       30.55708       52.92641
wrapping first mol.:      -43.21422       30.55708       52.92641
wrapping first mol.:      -43.21422       30.55708       52.92641
wrapping first mol.:      -43.21422       30.55708       52.92641
wrapping first mol.:      -43.21422       30.55708       52.92641
wrapping first mol.:      -43.21422       30.55708       52.92641
wrapping first mol.:      -43.21422       30.55708       52.92641

 NSTEP =  2100000   TIME(PS) =    4200.000  TEMP(K) =   303.31  PRESS =     0.0
 Etot   =    -66935.8149  EKtot   =     13467.5654  EPtot      =    -80403.3804
 BOND   =       644.7523  ANGLE   =      1785.6045  DIHED      =      1371.0728
 UB     =         0.0000  IMP     =         0.0000  CMAP       =       177.1911
 1-4 NB =       830.3286  1-4 EEL =     10777.3000  VDWAALS    =      8024.4113
 EELEC  =   -104014.0410  EHBOND  =         0.0000  RESTRAINT  =         0.0000
 ------------------------------------------------------------------------------

wrapping first mol.:      -43.21422       30.55708       52.92641
wrapping first mol.:      -43.21422       30.55708       52.92641
wrapping first mol.:      -43.21422       30.55708       52.92641
wrapping first mol.:      -43.21422       30.55708       52.92641
wrapping first mol.:      -43.21422       30.55708       52.92641
wrapping first mol.:      -43.21422       30.55708       52.92641
wrapping first mol.:      -43.21422       30.55708       52.92641
wrapping first mol.:      -43.21422       30.55708       52.92641
wrapping first mol.:      -43.21422       30.55708       52.92641
wrapping first mol.:      -43.21422       30.55708       52.92641
wrapping first mol.:      -43.21422       30.55708       52.92641

 NSTEP =  2150000   TIME(PS) =    4300.000  TEMP(K) =   298.30  PRESS =     0.0
 Etot   =    -67255.4283  EKtot   =     13245.2246  EPtot      =    -80500.6529
 BOND   =       682.7028  ANGLE   =      1732.5897  DIHED      =      1343.4933
 UB     =         0.0000  IMP     =         0.0000  CMAP       =       175.8116
 1-4 NB =       810.0876  1-4 EEL =     10729.4859  VDWAALS    =      8291.8096
 EELEC  =   -104266.6334  EHBOND  =         0.0000  RESTRAINT  =         0.0000
 ------------------------------------------------------------------------------

wrapping first mol.:      -43.21422       30.55708       52.92641
wrapping first mol.:      -43.21422       30.55708       52.92641
wrapping first mol.:      -43.21422       30.55708       52.92641
wrapping first mol.:      -43.21422       30.55708       52.92641
wrapping first mol.:      -43.21422       30.55708       52.92641
wrapping first mol.:      -43.21422       30.55708       52.92641
wrapping first mol.:      -43.21422       30.55708       52.92641
wrapping first mol.:      -43.21422       30.55708       52.92641
wrapping first mol.:      -43.21422       30.55708       52.92641
wrapping first mol.:      -43.21422       30.55708       52.92641
wrapping first mol.:      -43.21422       30.55708       52.92641

 NSTEP =  2200000   TIME(PS) =    4400.000  TEMP(K) =   296.93  PRESS =     0.0
 Etot   =    -67258.4716  EKtot   =     13184.4121  EPtot      =    -80442.8837
 BOND   =       685.4807  ANGLE   =      1784.2102  DIHED      =      1329.3515
 UB     =         0.0000  IMP     =         0.0000  CMAP       =       174.8808
 1-4 NB =       823.3208  1-4 EEL =     10797.8275  VDWAALS    =      8278.2645
 EELEC  =   -104316.2198  EHBOND  =         0.0000  RESTRAINT  =         0.0000
 ------------------------------------------------------------------------------

wrapping first mol.:      -43.21422       30.55708       52.92641
wrapping first mol.:      -43.21422       30.55708       52.92641
wrapping first mol.:      -43.21422       30.55708       52.92641
wrapping first mol.:      -43.21422       30.55708       52.92641
wrapping first mol.:      -43.21422       30.55708       52.92641
wrapping first mol.:      -43.21422       30.55708       52.92641
wrapping first mol.:      -43.21422       30.55708       52.92641
wrapping first mol.:      -43.21422       30.55708       52.92641
wrapping first mol.:      -43.21422       30.55708       52.92641
wrapping first mol.:      -43.21422       30.55708       52.92641
wrapping first mol.:      -43.21422       30.55708       52.92641

 NSTEP =  2250000   TIME(PS) =    4500.000  TEMP(K) =   301.43  PRESS =     0.0
 Etot   =    -67319.9983  EKtot   =     13384.1797  EPtot      =    -80704.1780
 BOND   =       629.7358  ANGLE   =      1765.5979  DIHED      =      1331.2437
 UB     =         0.0000  IMP     =         0.0000  CMAP       =       175.8338
 1-4 NB =       827.3624  1-4 EEL =     10771.6579  VDWAALS    =      8298.7892
 EELEC  =   -104504.3987  EHBOND  =         0.0000  RESTRAINT  =         0.0000
 ------------------------------------------------------------------------------

wrapping first mol.:      -43.21422       30.55708       52.92641
wrapping first mol.:      -43.21422       30.55708       52.92641
wrapping first mol.:      -43.21422       30.55708       52.92641
wrapping first mol.:      -43.21422       30.55708       52.92641
wrapping first mol.:      -43.21422       30.55708       52.92641
wrapping first mol.:      -43.21422       30.55708       52.92641
wrapping first mol.:      -43.21422       30.55708       52.92641
wrapping first mol.:      -43.21422       30.55708       52.92641
wrapping first mol.:      -43.21422       30.55708       52.92641
wrapping first mol.:      -43.21422       30.55708       52.92641
wrapping first mol.:      -43.21422       30.55708       52.92641

 NSTEP =  2300000   TIME(PS) =    4600.000  TEMP(K) =   299.01  PRESS =     0.0
 Etot   =    -66927.4085  EKtot   =     13276.4492  EPtot      =    -80203.8577
 BOND   =       698.3655  ANGLE   =      1766.4825  DIHED      =      1358.0698
 UB     =         0.0000  IMP     =         0.0000  CMAP       =       172.3810
 1-4 NB =       811.5382  1-4 EEL =     10768.5099  VDWAALS    =      7959.1973
 EELEC  =   -103738.4018  EHBOND  =         0.0000  RESTRAINT  =         0.0000
 ------------------------------------------------------------------------------

wrapping first mol.:      -43.21422       30.55708       52.92641
wrapping first mol.:      -43.21422       30.55708       52.92641
wrapping first mol.:      -43.21422       30.55708       52.92641
wrapping first mol.:      -43.21422       30.55708       52.92641
wrapping first mol.:      -43.21422       30.55708       52.92641
wrapping first mol.:      -43.21422       30.55708       52.92641
wrapping first mol.:      -43.21422       30.55708       52.92641
wrapping first mol.:      -43.21422       30.55708       52.92641
wrapping first mol.:      -43.21422       30.55708       52.92641
wrapping first mol.:      -43.21422       30.55708       52.92641
wrapping first mol.:      -43.21422       30.55708       52.92641

 NSTEP =  2350000   TIME(PS) =    4700.000  TEMP(K) =   296.85  PRESS =     0.0
 Etot   =    -67284.5601  EKtot   =     13180.6328  EPtot      =    -80465.1929
 BOND   =       690.1585  ANGLE   =      1826.9710  DIHED      =      1379.4824
 UB     =         0.0000  IMP     =         0.0000  CMAP       =       178.8568
 1-4 NB =       822.5365  1-4 EEL =     10706.3327  VDWAALS    =      8235.4336
 EELEC  =   -104304.9643  EHBOND  =         0.0000  RESTRAINT  =         0.0000
 ------------------------------------------------------------------------------

wrapping first mol.:      -43.21422       30.55708       52.92641
wrapping first mol.:      -43.21422       30.55708       52.92641
wrapping first mol.:      -43.21422       30.55708       52.92641
wrapping first mol.:      -43.21422       30.55708       52.92641
wrapping first mol.:      -43.21422       30.55708       52.92641
wrapping first mol.:      -43.21422       30.55708       52.92641
wrapping first mol.:      -43.21422       30.55708       52.92641
wrapping first mol.:      -43.21422       30.55708       52.92641
wrapping first mol.:      -43.21422       30.55708       52.92641
wrapping first mol.:      -43.21422       30.55708       52.92641
wrapping first mol.:      -43.21422       30.55708       52.92641

 NSTEP =  2400000   TIME(PS) =    4800.000  TEMP(K) =   299.32  PRESS =     0.0
 Etot   =    -67184.5338  EKtot   =     13290.5547  EPtot      =    -80475.0884
 BOND   =       688.5948  ANGLE   =      1743.3658  DIHED      =      1372.7474
 UB     =         0.0000  IMP     =         0.0000  CMAP       =       174.9113
 1-4 NB =       833.9125  1-4 EEL =     10789.0606  VDWAALS    =      8125.1918
 EELEC  =   -104202.8727  EHBOND  =         0.0000  RESTRAINT  =         0.0000
 ------------------------------------------------------------------------------

wrapping first mol.:      -43.21422       30.55708       52.92641
wrapping first mol.:      -43.21422       30.55708       52.92641
wrapping first mol.:      -43.21422       30.55708       52.92641
wrapping first mol.:      -43.21422       30.55708       52.92641
wrapping first mol.:      -43.21422       30.55708       52.92641
wrapping first mol.:      -43.21422       30.55708       52.92641
wrapping first mol.:      -43.21422       30.55708       52.92641
wrapping first mol.:      -43.21422       30.55708       52.92641
wrapping first mol.:      -43.21422       30.55708       52.92641
wrapping first mol.:      -43.21422       30.55708       52.92641
wrapping first mol.:      -43.21422       30.55708       52.92641

 NSTEP =  2450000   TIME(PS) =    4900.000  TEMP(K) =   299.65  PRESS =     0.0
 Etot   =    -67110.4286  EKtot   =     13304.8574  EPtot      =    -80415.2860
 BOND   =       677.9435  ANGLE   =      1772.0395  DIHED      =      1350.6104
 UB     =         0.0000  IMP     =         0.0000  CMAP       =       169.4585
 1-4 NB =       833.2961  1-4 EEL =     10831.4387  VDWAALS    =      7889.3287
 EELEC  =   -103939.4014  EHBOND  =         0.0000  RESTRAINT  =         0.0000
 ------------------------------------------------------------------------------

wrapping first mol.:      -43.21422       30.55708       52.92641
wrapping first mol.:      -43.21422       30.55708       52.92641
wrapping first mol.:      -43.21422       30.55708       52.92641
wrapping first mol.:      -43.21422       30.55708       52.92641
wrapping first mol.:      -43.21422       30.55708       52.92641
wrapping first mol.:      -43.21422       30.55708       52.92641
wrapping first mol.:      -43.21422       30.55708       52.92641
wrapping first mol.:      -43.21422       30.55708       52.92641
wrapping first mol.:      -43.21422       30.55708       52.92641
wrapping first mol.:      -43.21422       30.55708       52.92641
wrapping first mol.:      -43.21422       30.55708       52.92641

 NSTEP =  2500000   TIME(PS) =    5000.000  TEMP(K) =   297.83  PRESS =     0.0
 Etot   =    -67271.2592  EKtot   =     13224.2588  EPtot      =    -80495.5180
 BOND   =       684.8355  ANGLE   =      1783.0676  DIHED      =      1350.7708
 UB     =         0.0000  IMP     =         0.0000  CMAP       =       188.3205
 1-4 NB =       813.1309  1-4 EEL =     10762.0722  VDWAALS    =      8109.8881
 EELEC  =   -104187.6036  EHBOND  =         0.0000  RESTRAINT  =         0.0000
 ------------------------------------------------------------------------------


      A V E R A G E S   O V E R      50 S T E P S


 NSTEP =  2500000   TIME(PS) =    5000.000  TEMP(K) =   300.16  PRESS =     0.0
 Etot   =    -67202.6283  EKtot   =     13327.7921  EPtot      =    -80530.4203
 BOND   =       682.1825  ANGLE   =      1781.9673  DIHED      =      1345.8721
 UB     =         0.0000  IMP     =         0.0000  CMAP       =       177.3113
 1-4 NB =       812.8980  1-4 EEL =     10739.9498  VDWAALS    =      8215.2719
 EELEC  =   -104285.8732  EHBOND  =         0.0000  RESTRAINT  =         0.0000
 ------------------------------------------------------------------------------


      R M S  F L U C T U A T I O N S


 NSTEP =  2500000   TIME(PS) =    5000.000  TEMP(K) =     1.86  PRESS =     0.0
 Etot   =       160.9983  EKtot   =        82.7452  EPtot      =       122.4644
 BOND   =        22.6405  ANGLE   =        28.7036  DIHED      =        18.1755
 UB     =         0.0000  IMP     =         0.0000  CMAP       =         7.3084
 1-4 NB =        11.6263  1-4 EEL =        38.2977  VDWAALS    =       140.9967
 EELEC  =       215.6822  EHBOND  =         0.0000  RESTRAINT  =         0.0000
 ------------------------------------------------------------------------------

--------------------------------------------------------------------------------
   5.  TIMINGS
--------------------------------------------------------------------------------

|  NonSetup CPU Time in Major Routines:
|
|     Routine           Sec        %
|     ------------------------------
|     Nonbond         246.14   16.09
|     Bond              0.00    0.00
|     Angle             0.00    0.00
|     Dihedral          0.00    0.00
|     Shake            13.49    0.88
|     RunMD          1267.26   82.86
|     Other             2.46    0.16
|     ------------------------------
|     Total          1529.35

|  PME Nonbond Pairlist CPU Time:
|
|     Routine              Sec        %
|     ---------------------------------
|     Set Up Cit           0.00    0.00
|     Build List           0.00    0.00
|     ---------------------------------
|     Total                0.00    0.00

|  PME Direct Force CPU Time:
|
|     Routine              Sec        %
|     ---------------------------------
|     NonBonded Calc       0.00    0.00
|     Exclude Masked       0.00    0.00
|     Other                1.35    0.09
|     ---------------------------------
|     Total                1.35    0.09

|  PME Reciprocal Force CPU Time:
|
|     Routine              Sec        %
|     ---------------------------------
|     1D bspline           0.00    0.00
|     Grid Charges         0.00    0.00
|     Scalar Sum           0.00    0.00
|     Gradient Sum         0.00    0.00
|     FFT                  0.00    0.00
|     ---------------------------------
|     Total                0.00    0.00

|  Final Performance Info:
|     -----------------------------------------------------
|     Average timings for last   50000 steps:
|     Elapsed(s) =      30.52 Per Step(ms) =       0.61
|         ns/day =     283.12   seconds/ns =     305.17
|
|     Average timings for all steps:
|     Elapsed(s) =    1529.44 Per Step(ms) =       0.61
|         ns/day =     282.46   seconds/ns =     305.89
|     -----------------------------------------------------

|  Setup CPU time:            0.63 seconds
|  NonSetup CPU time:      1529.35 seconds
|  Total CPU time:         1529.98 seconds     0.42 hours

|  Setup wall time:           1    seconds
|  NonSetup wall time:     1529    seconds
|  Total wall time:        1530    seconds     0.42 hours
