
          -------------------------------------------------------
          Amber 18 PMEMD                              2018
          -------------------------------------------------------

| PMEMD implementation of SANDER, Release 18

| Run on 09/11/2020 at 13:39:27

|   Executable path: pmemd.cuda
| Working directory: /home/almacen/pbarletta/dynein/run/lbm7/1_pdt
|          Hostname: Unknown
  [-O]verwriting output

File Assignments:
|   MDIN: pre_pdt.in                                                            
|  MDOUT: 0pdt.out                                                              
| INPCRD: 1_lbm7.rst7                                                           
|   PARM: /home/almacen/pbarletta/dynein/top_files/lbm7.prmtop                  
| RESTRT: 0p1_lbm7.rst7                                                         
|   REFC: refc                                                                  
|  MDVEL: mdvel                                                                 
|   MDEN: mden                                                                  
|  MDCRD: 0p1_lbm7.nc                                                           
| MDINFO: mdinfo                                                                
|  MDFRC: mdfrc                                                                 


 Here is the input file:

Production run                                                                 
&cntrl                                                                         
imin = 0,                           ! No Minimization                          
nmropt = 0,                         ! No NMR restraints read                   
                                                                               
! Nature and format of the input                                               
ntx = 5,                            ! Coordinates and velocities will be read  
irest = 1,                          ! Do not run a new simulation              
                                                                               
! Nature and format of the output                                              
ntxo = 1,                           ! rstrt file in ASCII format               
ntpr = 50000,                       ! inf in output every ntpr steps           
ntwr = 50000,                       ! rstrt file every ntwr steps              
ntwx = 5000,                        ! mdcrd file every ntwx steps              
ntwv = 0,                           ! mdvel without velocities                 
ntwe = 0,                           ! Energies and temperatures not written in 
idecomp = 0,                        ! No energy decomposition                  
iwrap = 1,                          ! Coordinates of the restart and mdcrd file
                                                                               
! Frozen or restrained atoms                                                   
ibelly = 0,                         ! No frozen atoms                          
ntr=0,                              ! Harmonic potential restraints            
                                                                               
! Molecular dynamics                                                           
nstlim = 2500000,                   ! Number of MD-steps                       
dt = 0.002,                         ! Time step                                
                                                                               
! Temperature regulation                                                       
ntt = 3,                            ! Langevin thermostat                      
gamma_ln = 2,                       ! Gamma constant for Langevin              
temp0 = 300.0,                      ! Reference T at which the system is to be 
tempi = 300.0,                      ! Initial T                                
ig = -1,                            ! Seed for the RNG                         
                                                                               
! P and V regulation                                                           
!barostat = 1,                      ! Berendsen barostat                       
!taup = 1,                          ! Pressure relaxation time                 
ntp = 0,                            ! constant V                               
ntb = 1,                            ! Periodic box for constant V              
                                                                               
! SHAKE variables                                                              
ntc = 2,                            ! Bonds involving H are constrained        
ntf = 2,                            ! Bond interaction involving H are ommited.
                                                                               
cut = 9.0,                          ! Nonbonded cutoff                         
/                                                                              
&end                                                                           


Note: ig = -1. Setting random seed to   838647 based on wallclock time in 
      microseconds.
| irandom = 1, using AMBER's internal random number generator (default).
 
|--------------------- INFORMATION ----------------------
| GPU (CUDA) Version of PMEMD in use: NVIDIA GPU IN USE.
|                    Version 18.0.0
| 
|                      03/25/2018
| 
| Implementation by:
|                    Ross C. Walker     (SDSC)
|                    Scott Le Grand     (nVIDIA)
| 
| Version 18 performance extensions by:
|                    David Cerutti     (Rutgers)
| 
| Precision model in use:
|      [SPFP] - Single Precision Forces, 64-bit Fixed Point
|               Accumulation. (Default)
| 
|--------------------------------------------------------
 
|----------------- CITATION INFORMATION -----------------
|
|    When publishing work that utilized the CUDA version
|    of AMBER, please cite the following in addition to
|    the regular AMBER citations:
|
|  - Romelia Salomon-Ferrer; Andreas W. Goetz; Duncan
|    Poole; Scott Le Grand; Ross C. Walker "Routine
|    microsecond molecular dynamics simulations with
|    AMBER - Part II: Particle Mesh Ewald", J. Chem.
|    Theory Comput., 2013, 9 (9), pp3878-3888,
|    DOI: 10.1021/ct400314y.
|
|  - Andreas W. Goetz; Mark J. Williamson; Dong Xu;
|    Duncan Poole; Scott Le Grand; Ross C. Walker
|    "Routine microsecond molecular dynamics simulations
|    with AMBER - Part I: Generalized Born", J. Chem.
|    Theory Comput., 2012, 8 (5), pp1542-1555.
|
|  - Scott Le Grand; Andreas W. Goetz; Ross C. Walker
|    "SPFP: Speed without compromise - a mixed precision
|    model for GPU accelerated molecular dynamics
|    simulations.", Comp. Phys. Comm., 2013, 184
|    pp374-380, DOI: 10.1016/j.cpc.2012.09.022
|
|--------------------------------------------------------
 
|------------------- GPU DEVICE INFO --------------------
|
|            CUDA_VISIBLE_DEVICES: 0
|   CUDA Capable Devices Detected:      1
|           CUDA Device ID in use:      0
|                CUDA Device Name: GeForce GTX 1080 Ti
|     CUDA Device Global Mem Size:  11178 MB
| CUDA Device Num Multiprocessors:     28
|           CUDA Device Core Freq:   1.72 GHz
|
|--------------------------------------------------------
 
 
| Conditional Compilation Defines Used:
| PUBFFT
| BINTRAJ
| CUDA
| EMIL

| Largest sphere to fit in unit cell has radius =    26.814

| New format PARM file being parsed.
| Version =    1.000 Date = 08/10/20 Time = 22:32:00

| Note: 1-4 EEL scale factors are being read from the topology file.

| Note: 1-4 VDW scale factors are being read from the topology file.
| Duplicated    0 dihedrals

| Duplicated    0 dihedrals

--------------------------------------------------------------------------------
   1.  RESOURCE   USE: 
--------------------------------------------------------------------------------

 getting new box info from bottom of inpcrd
 NATOM  =   28674 NTYPES =      19 NBONH =   20726 MBONA  =    7978
 NTHETH =    3446 MTHETA =    2124 NPHIH =    6994 MPHIA  =    6670
 NHPARM =       0 NPARM  =       0 NNB   =   61668 NRES   =    6592
 NBONA  =    7978 NTHETA =    2124 NPHIA =    6670 NUMBND =      73
 NUMANG =     172 NPTRA  =     191 NATYP =      38 NPHB   =       1
 IFBOX  =       2 NMXRS  =      24 IFCAP =       0 NEXTRA =    6402
 NCOPY  =       0


| Coordinate Index Table dimensions:    11   11   11
| Direct force subcell size =     5.9711    5.9711    5.9711

     BOX TYPE: TRUNCATED OCTAHEDRON

--------------------------------------------------------------------------------
   2.  CONTROL  DATA  FOR  THE  RUN
--------------------------------------------------------------------------------

default_name                                                                    

General flags:
     imin    =       0, nmropt  =       0

Nature and format of input:
     ntx     =       5, irest   =       1, ntrx    =       1

Nature and format of output:
     ntxo    =       1, ntpr    =   50000, ntrx    =       1, ntwr    =   50000
     iwrap   =       1, ntwx    =    5000, ntwv    =       0, ntwe    =       0
     ioutfm  =       1, ntwprt  =       0, idecomp =       0, rbornstat=      0

Potential function:
     ntf     =       2, ntb     =       1, igb     =       0, nsnb    =      25
     ipol    =       0, gbsa    =       0, iesp    =       0
     dielc   =   1.00000, cut     =   9.00000, intdiel =   1.00000

Frozen or restrained atoms:
     ibelly  =       0, ntr     =       0

Molecular dynamics:
     nstlim  =   2500000, nscm    =      1000, nrespa  =         1
     t       =   0.00000, dt      =   0.00200, vlimit  =  -1.00000

Langevin dynamics temperature regulation:
     ig      =  838647
     temp0   = 300.00000, tempi   = 300.00000, gamma_ln=   2.00000

SHAKE:
     ntc     =       2, jfastw  =       0
     tol     =   0.00001

| Intermolecular bonds treatment:
|     no_intermolecular_bonds =       1

| Energy averages sample interval:
|     ene_avg_sampling =   50000

Extra-points options:
     frameon =       1, chngmask=       1

Ewald parameters:
     verbose =       0, ew_type =       0, nbflag  =       1, use_pme =       1
     vdwmeth =       1, eedmeth =       1, netfrc  =       1
     Box X =   65.682   Box Y =   65.682   Box Z =   65.682
     Alpha =  109.471   Beta  =  109.471   Gamma =  109.471
     NFFT1 =   64       NFFT2 =   64       NFFT3 =   64
     Cutoff=    9.000   Tol   =0.100E-04
     Ewald Coefficient =  0.30768
     Interpolation order =    4
|      EXTRA_PTS, trim_bonds: num bonds BEFORE trim = 20726     0
|      EXTRA_PTS, trim_bonds: num bonds AFTER  trim = 20726     0
|      EXTRA_PTS, trim_bonds: num bonds BEFORE trim =  7978     0
|      EXTRA_PTS, trim_bonds: num bonds AFTER  trim =  1576     0
|      EXTRA_PTS, trim_theta: num angle BEFORE trim =  3446     0
|      EXTRA_PTS, trim_theta: num angle AFTER  trim =  3446     0
|      EXTRA_PTS, trim_theta: num angle BEFORE trim =  2124     0
|      EXTRA_PTS, trim_theta: num angle AFTER  trim =  2124     0
|      EXTRA_PTS, trim_phi:  num diheds BEFORE trim =  6994     0
|      EXTRA_PTS, trim_phi:  num diheds AFTER  trim =  6994     0
|      EXTRA_PTS, trim_phi:  num diheds BEFORE trim =  6670     0
|      EXTRA_PTS, trim_phi:  num diheds AFTER  trim =  6670     0

--------------------------------------------------------------------------------
   3.  ATOMIC COORDINATES AND VELOCITIES
--------------------------------------------------------------------------------

Cpptraj Generated Restart                                                       
 begin time read from input coords =     0.000 ps

 
 Number of triangulated 3-point waters found:     6402

     Sum of charges from parm topology file =   0.00003498
     Forcing neutrality...

| Dynamic Memory, Types Used:
| Reals              924184
| Integers          2094362

| Nonbonded Pairs Initial Allocation:     6537672

| GPU memory information (estimate):
| KB of GPU memory in use:         0
| KB of CPU memory in use:         0

--------------------------------------------------------------------------------
   4.  RESULTS
--------------------------------------------------------------------------------

wrapping first mol.:       21.89386       30.96260       53.62879
wrapping first mol.:       21.89386       30.96260       53.62879
wrapping first mol.:       21.89386       30.96260       53.62879
wrapping first mol.:       21.89386       30.96260       53.62879
wrapping first mol.:       21.89386       30.96260       53.62879
wrapping first mol.:       21.89386       30.96260       53.62879
wrapping first mol.:       21.89386       30.96260       53.62879
wrapping first mol.:       21.89386       30.96260       53.62879
wrapping first mol.:       21.89386       30.96260       53.62879
wrapping first mol.:       21.89386       30.96260       53.62879
wrapping first mol.:       21.89386       30.96260       53.62879

 NSTEP =    50000   TIME(PS) =     100.000  TEMP(K) =   299.59  PRESS =     0.0
 Etot   =    -71352.9875  EKtot   =     13719.7998  EPtot      =    -85072.7873
 BOND   =       565.3808  ANGLE   =      1567.8622  DIHED      =      1062.1448
 UB     =         0.0000  IMP     =         0.0000  CMAP       =       143.7773
 1-4 NB =       682.1413  1-4 EEL =      9112.2935  VDWAALS    =      9213.1184
 EELEC  =   -107419.5056  EHBOND  =         0.0000  RESTRAINT  =         0.0000
 ------------------------------------------------------------------------------

wrapping first mol.:       21.89386       30.96260       53.62879
wrapping first mol.:       21.89386       30.96260       53.62879
wrapping first mol.:       21.89386       30.96260       53.62879
wrapping first mol.:       21.89386       30.96260       53.62879
wrapping first mol.:       21.89386       30.96260       53.62879
wrapping first mol.:       21.89386       30.96260       53.62879
wrapping first mol.:       21.89386       30.96260       53.62879
wrapping first mol.:       21.89386       30.96260       53.62879
wrapping first mol.:       21.89386       30.96260       53.62879
wrapping first mol.:       21.89386       30.96260       53.62879
wrapping first mol.:       21.89386       30.96260       53.62879

 NSTEP =   100000   TIME(PS) =     200.000  TEMP(K) =   303.04  PRESS =     0.0
 Etot   =    -70929.1197  EKtot   =     13877.5430  EPtot      =    -84806.6627
 BOND   =       584.6008  ANGLE   =      1603.1125  DIHED      =      1082.3098
 UB     =         0.0000  IMP     =         0.0000  CMAP       =       138.2827
 1-4 NB =       690.3717  1-4 EEL =      9062.3866  VDWAALS    =      9644.2749
 EELEC  =   -107612.0016  EHBOND  =         0.0000  RESTRAINT  =         0.0000
 ------------------------------------------------------------------------------

wrapping first mol.:       21.89386       30.96260       53.62879
wrapping first mol.:       21.89386       30.96260       53.62879
wrapping first mol.:       21.89386       30.96260       53.62879
wrapping first mol.:       21.89386       30.96260       53.62879
wrapping first mol.:       21.89386       30.96260       53.62879
wrapping first mol.:       21.89386       30.96260       53.62879
wrapping first mol.:       21.89386       30.96260       53.62879
wrapping first mol.:       21.89386       30.96260       53.62879
wrapping first mol.:       21.89386       30.96260       53.62879
wrapping first mol.:       21.89386       30.96260       53.62879
wrapping first mol.:       21.89386       30.96260       53.62879

 NSTEP =   150000   TIME(PS) =     300.000  TEMP(K) =   298.58  PRESS =     0.0
 Etot   =    -71593.5170  EKtot   =     13673.6484  EPtot      =    -85267.1654
 BOND   =       556.9622  ANGLE   =      1571.0205  DIHED      =      1042.8433
 UB     =         0.0000  IMP     =         0.0000  CMAP       =       141.8263
 1-4 NB =       685.0062  1-4 EEL =      9157.7134  VDWAALS    =      9574.3462
 EELEC  =   -107996.8835  EHBOND  =         0.0000  RESTRAINT  =         0.0000
 ------------------------------------------------------------------------------

wrapping first mol.:       21.89386       30.96260       53.62879
wrapping first mol.:       21.89386       30.96260       53.62879
wrapping first mol.:       21.89386       30.96260       53.62879
wrapping first mol.:       21.89386       30.96260       53.62879
wrapping first mol.:       21.89386       30.96260       53.62879
wrapping first mol.:       21.89386       30.96260       53.62879
wrapping first mol.:       21.89386       30.96260       53.62879
wrapping first mol.:       21.89386       30.96260       53.62879
wrapping first mol.:       21.89386       30.96260       53.62879
wrapping first mol.:       21.89386       30.96260       53.62879
wrapping first mol.:       21.89386       30.96260       53.62879

 NSTEP =   200000   TIME(PS) =     400.000  TEMP(K) =   297.11  PRESS =     0.0
 Etot   =    -71503.0060  EKtot   =     13605.8994  EPtot      =    -85108.9054
 BOND   =       595.8170  ANGLE   =      1553.3271  DIHED      =      1049.6325
 UB     =         0.0000  IMP     =         0.0000  CMAP       =       145.5525
 1-4 NB =       657.4958  1-4 EEL =      9083.4220  VDWAALS    =      9282.8962
 EELEC  =   -107477.0485  EHBOND  =         0.0000  RESTRAINT  =         0.0000
 ------------------------------------------------------------------------------

wrapping first mol.:       21.89386       30.96260       53.62879
wrapping first mol.:       21.89386       30.96260       53.62879
wrapping first mol.:       43.78772      -30.96259       53.62879
wrapping first mol.:       43.78772      -30.96259       53.62879
wrapping first mol.:       43.78772      -30.96259       53.62879
wrapping first mol.:       43.78772      -30.96259       53.62879
wrapping first mol.:       43.78772      -30.96259       53.62879
wrapping first mol.:       43.78772      -30.96259       53.62879
wrapping first mol.:       43.78772      -30.96259       53.62879
wrapping first mol.:       43.78772      -30.96259       53.62879
wrapping first mol.:       43.78772      -30.96259       53.62879

 NSTEP =   250000   TIME(PS) =     500.000  TEMP(K) =   296.54  PRESS =     0.0
 Etot   =    -71494.9780  EKtot   =     13579.8047  EPtot      =    -85074.7827
 BOND   =       588.2800  ANGLE   =      1526.5889  DIHED      =      1087.0691
 UB     =         0.0000  IMP     =         0.0000  CMAP       =       132.2632
 1-4 NB =       682.2021  1-4 EEL =      9142.1553  VDWAALS    =      9391.9298
 EELEC  =   -107625.2711  EHBOND  =         0.0000  RESTRAINT  =         0.0000
 ------------------------------------------------------------------------------

wrapping first mol.:       43.78772      -30.96259       53.62879
wrapping first mol.:       43.78772      -30.96259       53.62879
wrapping first mol.:       43.78772      -30.96259       53.62879
wrapping first mol.:       43.78772      -30.96259       53.62879
wrapping first mol.:       43.78772      -30.96259       53.62879
wrapping first mol.:       43.78772      -30.96259       53.62879
wrapping first mol.:       43.78772      -30.96259       53.62879
wrapping first mol.:       43.78772      -30.96259       53.62879
wrapping first mol.:       43.78772      -30.96259       53.62879
wrapping first mol.:       43.78772      -30.96259       53.62879
wrapping first mol.:       43.78772      -30.96259       53.62879

 NSTEP =   300000   TIME(PS) =     600.000  TEMP(K) =   298.60  PRESS =     0.0
 Etot   =    -71392.1681  EKtot   =     13674.5176  EPtot      =    -85066.6857
 BOND   =       577.9048  ANGLE   =      1592.9037  DIHED      =      1076.6576
 UB     =         0.0000  IMP     =         0.0000  CMAP       =       134.4325
 1-4 NB =       702.0064  1-4 EEL =      9138.7091  VDWAALS    =      9426.8431
 EELEC  =   -107716.1429  EHBOND  =         0.0000  RESTRAINT  =         0.0000
 ------------------------------------------------------------------------------

wrapping first mol.:       43.78772      -30.96259       53.62879
wrapping first mol.:       43.78772      -30.96259       53.62879
wrapping first mol.:       43.78772      -30.96259       53.62879
wrapping first mol.:       43.78772      -30.96259       53.62879
wrapping first mol.:       43.78772      -30.96259       53.62879
wrapping first mol.:       43.78772      -30.96259       53.62879
wrapping first mol.:       43.78772      -30.96259       53.62879
wrapping first mol.:       43.78772      -30.96259       53.62879
wrapping first mol.:       43.78772      -30.96259       53.62879
wrapping first mol.:       43.78772      -30.96259       53.62879
wrapping first mol.:       43.78772      -30.96259       53.62879

 NSTEP =   350000   TIME(PS) =     700.000  TEMP(K) =   299.87  PRESS =     0.0
 Etot   =    -71456.0348  EKtot   =     13732.4453  EPtot      =    -85188.4801
 BOND   =       546.3561  ANGLE   =      1559.6815  DIHED      =      1093.2525
 UB     =         0.0000  IMP     =         0.0000  CMAP       =       130.8702
 1-4 NB =       692.2074  1-4 EEL =      9153.1577  VDWAALS    =      9393.8316
 EELEC  =   -107757.8370  EHBOND  =         0.0000  RESTRAINT  =         0.0000
 ------------------------------------------------------------------------------

wrapping first mol.:       43.78772      -30.96259       53.62879
wrapping first mol.:       43.78772      -30.96259       53.62879
wrapping first mol.:       21.89386       30.96260       53.62879
wrapping first mol.:       43.78772      -30.96259       53.62879
wrapping first mol.:       43.78772      -30.96259       53.62879
wrapping first mol.:       43.78772      -30.96259       53.62879
wrapping first mol.:       43.78772      -30.96259       53.62879
wrapping first mol.:       43.78772      -30.96259       53.62879
wrapping first mol.:       43.78772      -30.96259       53.62879
wrapping first mol.:       43.78772      -30.96259       53.62879
wrapping first mol.:       43.78772      -30.96259       53.62879

 NSTEP =   400000   TIME(PS) =     800.000  TEMP(K) =   300.53  PRESS =     0.0
 Etot   =    -71545.3757  EKtot   =     13762.9131  EPtot      =    -85308.2888
 BOND   =       572.5408  ANGLE   =      1539.5967  DIHED      =      1084.8077
 UB     =         0.0000  IMP     =         0.0000  CMAP       =       140.7070
 1-4 NB =       672.9249  1-4 EEL =      9102.3048  VDWAALS    =      9362.5016
 EELEC  =   -107783.6723  EHBOND  =         0.0000  RESTRAINT  =         0.0000
 ------------------------------------------------------------------------------

wrapping first mol.:       43.78772      -30.96259       53.62879
wrapping first mol.:       43.78772      -30.96259       53.62879
wrapping first mol.:       43.78772      -30.96259       53.62879
wrapping first mol.:       43.78772      -30.96259       53.62879
wrapping first mol.:       43.78772      -30.96259       53.62879
wrapping first mol.:       43.78772      -30.96259       53.62879
wrapping first mol.:       43.78772      -30.96259       53.62879
wrapping first mol.:       43.78772      -30.96259       53.62879
wrapping first mol.:       43.78772      -30.96259       53.62879
wrapping first mol.:       43.78772      -30.96259       53.62879
wrapping first mol.:       43.78772      -30.96259       53.62879

 NSTEP =   450000   TIME(PS) =     900.000  TEMP(K) =   300.51  PRESS =     0.0
 Etot   =    -71140.1461  EKtot   =     13761.7480  EPtot      =    -84901.8942
 BOND   =       556.2445  ANGLE   =      1592.3261  DIHED      =      1043.1009
 UB     =         0.0000  IMP     =         0.0000  CMAP       =       133.7581
 1-4 NB =       697.8275  1-4 EEL =      9134.6107  VDWAALS    =      9258.8260
 EELEC  =   -107318.5880  EHBOND  =         0.0000  RESTRAINT  =         0.0000
 ------------------------------------------------------------------------------

wrapping first mol.:       43.78772      -30.96259       53.62879
wrapping first mol.:       43.78772      -30.96259       53.62879
wrapping first mol.:       43.78772      -30.96259       53.62879
wrapping first mol.:       43.78772      -30.96259       53.62879
wrapping first mol.:       43.78772      -30.96259       53.62879
wrapping first mol.:       43.78772      -30.96259       53.62879
wrapping first mol.:       43.78772      -30.96259       53.62879
wrapping first mol.:       43.78772      -30.96259       53.62879
wrapping first mol.:       43.78772      -30.96259       53.62879
wrapping first mol.:       43.78772      -30.96259       53.62879
wrapping first mol.:       43.78772      -30.96259       53.62879

 NSTEP =   500000   TIME(PS) =    1000.000  TEMP(K) =   299.74  PRESS =     0.0
 Etot   =    -71677.1802  EKtot   =     13726.5215  EPtot      =    -85403.7017
 BOND   =       585.3685  ANGLE   =      1566.1729  DIHED      =      1082.3727
 UB     =         0.0000  IMP     =         0.0000  CMAP       =       130.5289
 1-4 NB =       682.9154  1-4 EEL =      9123.3453  VDWAALS    =      9338.2119
 EELEC  =   -107912.6173  EHBOND  =         0.0000  RESTRAINT  =         0.0000
 ------------------------------------------------------------------------------

wrapping first mol.:       43.78772      -30.96259       53.62879
wrapping first mol.:       43.78772      -30.96259       53.62879
wrapping first mol.:       43.78772      -30.96259       53.62879
wrapping first mol.:       43.78772      -30.96259       53.62879
wrapping first mol.:       43.78772      -30.96259       53.62879
wrapping first mol.:       43.78772      -30.96259       53.62879
wrapping first mol.:       43.78772      -30.96259       53.62879
wrapping first mol.:       43.78772      -30.96259       53.62879
wrapping first mol.:       43.78772      -30.96259       53.62879
wrapping first mol.:       43.78772      -30.96259       53.62879
wrapping first mol.:       43.78772      -30.96259       53.62879

 NSTEP =   550000   TIME(PS) =    1100.000  TEMP(K) =   302.88  PRESS =     0.0
 Etot   =    -71290.5250  EKtot   =     13870.4062  EPtot      =    -85160.9313
 BOND   =       554.8999  ANGLE   =      1588.6760  DIHED      =      1111.5542
 UB     =         0.0000  IMP     =         0.0000  CMAP       =       131.5844
 1-4 NB =       691.3789  1-4 EEL =      9080.6305  VDWAALS    =      9530.4609
 EELEC  =   -107850.1161  EHBOND  =         0.0000  RESTRAINT  =         0.0000
 ------------------------------------------------------------------------------

wrapping first mol.:       43.78772      -30.96259       53.62879
wrapping first mol.:       43.78772      -30.96259       53.62879
wrapping first mol.:       43.78772      -30.96259       53.62879
wrapping first mol.:       43.78772      -30.96259       53.62879
wrapping first mol.:       43.78772      -30.96259       53.62879
wrapping first mol.:       43.78772      -30.96259       53.62879
wrapping first mol.:       43.78772      -30.96259       53.62879
wrapping first mol.:       43.78772      -30.96259       53.62879
wrapping first mol.:       43.78772      -30.96259       53.62879
wrapping first mol.:       43.78772      -30.96259       53.62879
wrapping first mol.:       43.78772      -30.96259       53.62879

 NSTEP =   600000   TIME(PS) =    1200.000  TEMP(K) =   297.30  PRESS =     0.0
 Etot   =    -71645.9148  EKtot   =     13614.7100  EPtot      =    -85260.6247
 BOND   =       552.0593  ANGLE   =      1514.4877  DIHED      =      1075.4739
 UB     =         0.0000  IMP     =         0.0000  CMAP       =       138.9684
 1-4 NB =       693.4540  1-4 EEL =      9131.8266  VDWAALS    =      9389.0661
 EELEC  =   -107755.9608  EHBOND  =         0.0000  RESTRAINT  =         0.0000
 ------------------------------------------------------------------------------

wrapping first mol.:       43.78772      -30.96259       53.62879
wrapping first mol.:       43.78772      -30.96259       53.62879
wrapping first mol.:       43.78772      -30.96259       53.62879
wrapping first mol.:       43.78772      -30.96259       53.62879
wrapping first mol.:       43.78772      -30.96259       53.62879
wrapping first mol.:       43.78772      -30.96259       53.62879
wrapping first mol.:       43.78772      -30.96259       53.62879
wrapping first mol.:       43.78772      -30.96259       53.62879
wrapping first mol.:       43.78772      -30.96259       53.62879
wrapping first mol.:       43.78772      -30.96259       53.62879
wrapping first mol.:       43.78772      -30.96259       53.62879

 NSTEP =   650000   TIME(PS) =    1300.000  TEMP(K) =   299.94  PRESS =     0.0
 Etot   =    -71503.3346  EKtot   =     13735.7422  EPtot      =    -85239.0768
 BOND   =       570.9892  ANGLE   =      1539.3354  DIHED      =      1084.3183
 UB     =         0.0000  IMP     =         0.0000  CMAP       =       139.3533
 1-4 NB =       689.0218  1-4 EEL =      9149.0804  VDWAALS    =      9583.0743
 EELEC  =   -107994.2496  EHBOND  =         0.0000  RESTRAINT  =         0.0000
 ------------------------------------------------------------------------------

wrapping first mol.:       43.78772      -30.96259       53.62879
wrapping first mol.:       43.78772      -30.96259       53.62879
wrapping first mol.:       43.78772      -30.96259       53.62879
wrapping first mol.:       43.78772      -30.96259       53.62879
wrapping first mol.:       43.78772      -30.96259       53.62879
wrapping first mol.:       43.78772      -30.96259       53.62879
wrapping first mol.:       43.78772      -30.96259       53.62879
wrapping first mol.:       43.78772      -30.96259       53.62879
wrapping first mol.:       43.78772      -30.96259       53.62879
wrapping first mol.:       43.78772      -30.96259       53.62879
wrapping first mol.:       43.78772      -30.96259       53.62879

 NSTEP =   700000   TIME(PS) =    1400.000  TEMP(K) =   302.14  PRESS =     0.0
 Etot   =    -71301.3958  EKtot   =     13836.4395  EPtot      =    -85137.8353
 BOND   =       570.4727  ANGLE   =      1560.8544  DIHED      =      1079.9739
 UB     =         0.0000  IMP     =         0.0000  CMAP       =       144.0486
 1-4 NB =       695.6179  1-4 EEL =      9098.8828  VDWAALS    =      9517.4137
 EELEC  =   -107805.0993  EHBOND  =         0.0000  RESTRAINT  =         0.0000
 ------------------------------------------------------------------------------

wrapping first mol.:       43.78772      -30.96259       53.62879
wrapping first mol.:       43.78772      -30.96259       53.62879
wrapping first mol.:       43.78772      -30.96259       53.62879
wrapping first mol.:       43.78772      -30.96259       53.62879
wrapping first mol.:       43.78772      -30.96259       53.62879
wrapping first mol.:       43.78772      -30.96259       53.62879
wrapping first mol.:       43.78772      -30.96259       53.62879
wrapping first mol.:       43.78772      -30.96259       53.62879
wrapping first mol.:       43.78772      -30.96259       53.62879
wrapping first mol.:       43.78772      -30.96259       53.62879
wrapping first mol.:       43.78772      -30.96259       53.62879

 NSTEP =   750000   TIME(PS) =    1500.000  TEMP(K) =   302.43  PRESS =     0.0
 Etot   =    -71408.9248  EKtot   =     13849.8174  EPtot      =    -85258.7422
 BOND   =       585.7001  ANGLE   =      1588.1628  DIHED      =      1047.0887
 UB     =         0.0000  IMP     =         0.0000  CMAP       =       136.1793
 1-4 NB =       671.6778  1-4 EEL =      9085.7246  VDWAALS    =      9533.6718
 EELEC  =   -107906.9473  EHBOND  =         0.0000  RESTRAINT  =         0.0000
 ------------------------------------------------------------------------------

wrapping first mol.:       43.78772      -30.96259       53.62879
wrapping first mol.:       43.78772      -30.96259       53.62879
wrapping first mol.:       43.78772      -30.96259       53.62879
wrapping first mol.:       43.78772      -30.96259       53.62879
wrapping first mol.:       43.78772      -30.96259       53.62879
wrapping first mol.:       43.78772      -30.96259       53.62879
wrapping first mol.:       43.78772      -30.96259       53.62879
wrapping first mol.:       43.78772      -30.96259       53.62879
wrapping first mol.:       43.78772      -30.96259       53.62879
wrapping first mol.:       43.78772      -30.96259       53.62879
wrapping first mol.:       43.78772      -30.96259       53.62879

 NSTEP =   800000   TIME(PS) =    1600.000  TEMP(K) =   298.75  PRESS =     0.0
 Etot   =    -71332.3318  EKtot   =     13681.1611  EPtot      =    -85013.4930
 BOND   =       575.9593  ANGLE   =      1556.1851  DIHED      =      1084.5148
 UB     =         0.0000  IMP     =         0.0000  CMAP       =       144.5319
 1-4 NB =       707.2284  1-4 EEL =      9185.2095  VDWAALS    =      9592.2335
 EELEC  =   -107859.3554  EHBOND  =         0.0000  RESTRAINT  =         0.0000
 ------------------------------------------------------------------------------

wrapping first mol.:       43.78772      -30.96259       53.62879
wrapping first mol.:       43.78772      -30.96259       53.62879
wrapping first mol.:       43.78772      -30.96259       53.62879
wrapping first mol.:       43.78772      -30.96259       53.62879
wrapping first mol.:       43.78772      -30.96259       53.62879
wrapping first mol.:       43.78772      -30.96259       53.62879
wrapping first mol.:       43.78772      -30.96259       53.62879
wrapping first mol.:       43.78772      -30.96259       53.62879
wrapping first mol.:       43.78772      -30.96259       53.62879
wrapping first mol.:       43.78772      -30.96259       53.62879
wrapping first mol.:       43.78772      -30.96259       53.62879

 NSTEP =   850000   TIME(PS) =    1700.000  TEMP(K) =   299.31  PRESS =     0.0
 Etot   =    -71409.2005  EKtot   =     13706.7197  EPtot      =    -85115.9202
 BOND   =       541.3034  ANGLE   =      1605.5286  DIHED      =      1045.7517
 UB     =         0.0000  IMP     =         0.0000  CMAP       =       151.0337
 1-4 NB =       700.7165  1-4 EEL =      9131.1707  VDWAALS    =      9205.1432
 EELEC  =   -107496.5680  EHBOND  =         0.0000  RESTRAINT  =         0.0000
 ------------------------------------------------------------------------------

wrapping first mol.:       43.78772      -30.96259       53.62879
wrapping first mol.:       43.78772      -30.96259       53.62879
wrapping first mol.:       43.78772      -30.96259       53.62879
wrapping first mol.:       43.78772      -30.96259       53.62879
wrapping first mol.:       43.78772      -30.96259       53.62879
wrapping first mol.:       43.78772      -30.96259       53.62879
wrapping first mol.:       43.78772      -30.96259       53.62879
wrapping first mol.:       43.78772      -30.96259       53.62879
wrapping first mol.:       43.78772      -30.96259       53.62879
wrapping first mol.:       43.78772      -30.96259       53.62879
wrapping first mol.:       43.78772      -30.96259       53.62879

 NSTEP =   900000   TIME(PS) =    1800.000  TEMP(K) =   301.32  PRESS =     0.0
 Etot   =    -71308.2710  EKtot   =     13798.7832  EPtot      =    -85107.0542
 BOND   =       573.8484  ANGLE   =      1548.8457  DIHED      =      1078.6604
 UB     =         0.0000  IMP     =         0.0000  CMAP       =       141.7159
 1-4 NB =       698.9848  1-4 EEL =      9151.9020  VDWAALS    =      9464.1574
 EELEC  =   -107765.1689  EHBOND  =         0.0000  RESTRAINT  =         0.0000
 ------------------------------------------------------------------------------

wrapping first mol.:       43.78772      -30.96259       53.62879
wrapping first mol.:       43.78772      -30.96259       53.62879
wrapping first mol.:       43.78772      -30.96259       53.62879
wrapping first mol.:       43.78772      -30.96259       53.62879
wrapping first mol.:       43.78772      -30.96259       53.62879
wrapping first mol.:       43.78772      -30.96259       53.62879
wrapping first mol.:       43.78772      -30.96259       53.62879
wrapping first mol.:       43.78772      -30.96259       53.62879
wrapping first mol.:       43.78772      -30.96259       53.62879
wrapping first mol.:       43.78772      -30.96259       53.62879
wrapping first mol.:       43.78772      -30.96259       53.62879

 NSTEP =   950000   TIME(PS) =    1900.000  TEMP(K) =   301.52  PRESS =     0.0
 Etot   =    -71519.9757  EKtot   =     13808.1465  EPtot      =    -85328.1222
 BOND   =       566.3542  ANGLE   =      1507.9663  DIHED      =      1062.2229
 UB     =         0.0000  IMP     =         0.0000  CMAP       =       131.0536
 1-4 NB =       687.7657  1-4 EEL =      9103.3764  VDWAALS    =      9438.6581
 EELEC  =   -107825.5195  EHBOND  =         0.0000  RESTRAINT  =         0.0000
 ------------------------------------------------------------------------------

wrapping first mol.:       43.78772      -30.96259       53.62879
wrapping first mol.:       43.78772      -30.96259       53.62879
wrapping first mol.:       43.78772      -30.96259       53.62879
wrapping first mol.:       43.78772      -30.96259       53.62879
wrapping first mol.:       43.78772      -30.96259       53.62879
wrapping first mol.:       43.78772      -30.96259       53.62879
wrapping first mol.:       43.78772      -30.96259       53.62879
wrapping first mol.:       43.78772      -30.96259       53.62879
wrapping first mol.:       43.78772      -30.96259       53.62879
wrapping first mol.:       43.78772      -30.96259       53.62879
wrapping first mol.:       43.78772      -30.96259       53.62879

 NSTEP =  1000000   TIME(PS) =    2000.000  TEMP(K) =   301.45  PRESS =     0.0
 Etot   =    -71363.8021  EKtot   =     13804.8975  EPtot      =    -85168.6995
 BOND   =       545.3013  ANGLE   =      1557.4378  DIHED      =      1077.3486
 UB     =         0.0000  IMP     =         0.0000  CMAP       =       147.3338
 1-4 NB =       695.8416  1-4 EEL =      9083.6200  VDWAALS    =      9587.5089
 EELEC  =   -107863.0915  EHBOND  =         0.0000  RESTRAINT  =         0.0000
 ------------------------------------------------------------------------------

wrapping first mol.:       43.78772      -30.96259       53.62879
wrapping first mol.:       43.78772      -30.96259       53.62879
wrapping first mol.:       43.78772      -30.96259       53.62879
wrapping first mol.:       43.78772      -30.96259       53.62879
wrapping first mol.:       43.78772      -30.96259       53.62879
wrapping first mol.:       43.78772      -30.96259       53.62879
wrapping first mol.:       43.78772      -30.96259       53.62879
wrapping first mol.:       43.78772      -30.96259       53.62879
wrapping first mol.:       43.78772      -30.96259       53.62879
wrapping first mol.:       43.78772      -30.96259       53.62879
wrapping first mol.:       43.78772      -30.96259       53.62879

 NSTEP =  1050000   TIME(PS) =    2100.000  TEMP(K) =   297.74  PRESS =     0.0
 Etot   =    -71444.5248  EKtot   =     13635.1152  EPtot      =    -85079.6400
 BOND   =       559.3062  ANGLE   =      1527.2815  DIHED      =      1052.0002
 UB     =         0.0000  IMP     =         0.0000  CMAP       =       148.0413
 1-4 NB =       689.4181  1-4 EEL =      9141.2407  VDWAALS    =      9248.8084
 EELEC  =   -107445.7364  EHBOND  =         0.0000  RESTRAINT  =         0.0000
 ------------------------------------------------------------------------------

wrapping first mol.:       43.78772      -30.96259       53.62879
wrapping first mol.:       43.78772      -30.96259       53.62879
wrapping first mol.:       43.78772      -30.96259       53.62879
wrapping first mol.:       43.78772      -30.96259       53.62879
wrapping first mol.:       43.78772      -30.96259       53.62879
wrapping first mol.:       43.78772      -30.96259       53.62879
wrapping first mol.:       43.78772      -30.96259       53.62879
wrapping first mol.:       43.78772      -30.96259       53.62879
wrapping first mol.:       43.78772      -30.96259       53.62879
wrapping first mol.:       43.78772      -30.96259       53.62879
wrapping first mol.:       43.78772      -30.96259       53.62879

 NSTEP =  1100000   TIME(PS) =    2200.000  TEMP(K) =   299.16  PRESS =     0.0
 Etot   =    -71447.4144  EKtot   =     13699.8555  EPtot      =    -85147.2699
 BOND   =       572.4325  ANGLE   =      1567.5874  DIHED      =      1028.2057
 UB     =         0.0000  IMP     =         0.0000  CMAP       =       141.1062
 1-4 NB =       693.6924  1-4 EEL =      9136.3257  VDWAALS    =      9092.3218
 EELEC  =   -107378.9417  EHBOND  =         0.0000  RESTRAINT  =         0.0000
 ------------------------------------------------------------------------------

wrapping first mol.:       43.78772      -30.96259       53.62879
wrapping first mol.:       43.78772      -30.96259       53.62879
wrapping first mol.:       43.78772      -30.96259       53.62879
wrapping first mol.:       43.78772      -30.96259       53.62879
wrapping first mol.:       43.78772      -30.96259       53.62879
wrapping first mol.:       43.78772      -30.96259       53.62879
wrapping first mol.:       43.78772      -30.96259       53.62879
wrapping first mol.:       43.78772      -30.96259       53.62879
wrapping first mol.:       43.78772      -30.96259       53.62879
wrapping first mol.:       43.78772      -30.96259       53.62879
wrapping first mol.:       43.78772      -30.96259       53.62879

 NSTEP =  1150000   TIME(PS) =    2300.000  TEMP(K) =   300.16  PRESS =     0.0
 Etot   =    -71269.7681  EKtot   =     13745.9434  EPtot      =    -85015.7115
 BOND   =       604.3351  ANGLE   =      1517.3062  DIHED      =      1058.9845
 UB     =         0.0000  IMP     =         0.0000  CMAP       =       137.5295
 1-4 NB =       670.2630  1-4 EEL =      9119.7252  VDWAALS    =      9470.6994
 EELEC  =   -107594.5545  EHBOND  =         0.0000  RESTRAINT  =         0.0000
 ------------------------------------------------------------------------------

wrapping first mol.:       43.78772      -30.96259       53.62879
wrapping first mol.:       43.78772      -30.96259       53.62879
wrapping first mol.:       43.78772      -30.96259       53.62879
wrapping first mol.:       43.78772      -30.96259       53.62879
wrapping first mol.:       43.78772      -30.96259       53.62879
wrapping first mol.:       43.78772      -30.96259       53.62879
wrapping first mol.:       43.78772      -30.96259       53.62879
wrapping first mol.:       43.78772      -30.96259       53.62879
wrapping first mol.:       43.78772      -30.96259       53.62879
wrapping first mol.:       43.78772      -30.96259       53.62879
wrapping first mol.:       43.78772      -30.96259       53.62879

 NSTEP =  1200000   TIME(PS) =    2400.000  TEMP(K) =   303.27  PRESS =     0.0
 Etot   =    -71333.9984  EKtot   =     13888.4121  EPtot      =    -85222.4105
 BOND   =       622.4883  ANGLE   =      1524.2225  DIHED      =      1067.1982
 UB     =         0.0000  IMP     =         0.0000  CMAP       =       138.7235
 1-4 NB =       686.8923  1-4 EEL =      9124.9112  VDWAALS    =      9243.6761
 EELEC  =   -107630.5226  EHBOND  =         0.0000  RESTRAINT  =         0.0000
 ------------------------------------------------------------------------------

wrapping first mol.:       43.78772      -30.96259       53.62879
wrapping first mol.:       43.78772      -30.96259       53.62879
wrapping first mol.:       43.78772      -30.96259       53.62879
wrapping first mol.:       43.78772      -30.96259       53.62879
wrapping first mol.:       43.78772      -30.96259       53.62879
wrapping first mol.:       43.78772      -30.96259       53.62879
wrapping first mol.:       43.78772      -30.96259       53.62879
wrapping first mol.:       43.78772      -30.96259       53.62879
wrapping first mol.:       43.78772      -30.96259       53.62879
wrapping first mol.:       43.78772      -30.96259       53.62879
wrapping first mol.:       43.78772      -30.96259       53.62879

 NSTEP =  1250000   TIME(PS) =    2500.000  TEMP(K) =   301.28  PRESS =     0.0
 Etot   =    -71240.1604  EKtot   =     13797.1348  EPtot      =    -85037.2952
 BOND   =       590.0703  ANGLE   =      1582.6985  DIHED      =      1082.6622
 UB     =         0.0000  IMP     =         0.0000  CMAP       =       138.5777
 1-4 NB =       674.1687  1-4 EEL =      9080.8218  VDWAALS    =      9507.5279
 EELEC  =   -107693.8223  EHBOND  =         0.0000  RESTRAINT  =         0.0000
 ------------------------------------------------------------------------------

wrapping first mol.:       43.78772      -30.96259       53.62879
wrapping first mol.:       43.78772      -30.96259       53.62879
wrapping first mol.:       43.78772      -30.96259       53.62879
wrapping first mol.:       43.78772      -30.96259       53.62879
wrapping first mol.:       43.78772      -30.96259       53.62879
wrapping first mol.:       43.78772      -30.96259       53.62879
wrapping first mol.:       43.78772      -30.96259       53.62879
wrapping first mol.:       43.78772      -30.96259       53.62879
wrapping first mol.:       43.78772      -30.96259       53.62879
wrapping first mol.:       43.78772      -30.96259       53.62879
wrapping first mol.:       43.78772      -30.96259       53.62879

 NSTEP =  1300000   TIME(PS) =    2600.000  TEMP(K) =   299.53  PRESS =     0.0
 Etot   =    -71414.9995  EKtot   =     13717.0078  EPtot      =    -85132.0074
 BOND   =       577.5255  ANGLE   =      1554.6304  DIHED      =      1088.6120
 UB     =         0.0000  IMP     =         0.0000  CMAP       =       134.7947
 1-4 NB =       681.9394  1-4 EEL =      9056.4832  VDWAALS    =      9617.1426
 EELEC  =   -107843.1352  EHBOND  =         0.0000  RESTRAINT  =         0.0000
 ------------------------------------------------------------------------------

wrapping first mol.:       43.78772      -30.96259       53.62879
wrapping first mol.:       43.78772      -30.96259       53.62879
wrapping first mol.:       43.78772      -30.96259       53.62879
wrapping first mol.:       43.78772      -30.96259       53.62879
wrapping first mol.:       43.78772      -30.96259       53.62879
wrapping first mol.:       43.78772      -30.96259       53.62879
wrapping first mol.:       43.78772      -30.96259       53.62879
wrapping first mol.:       43.78772      -30.96259       53.62879
wrapping first mol.:       43.78772      -30.96259       53.62879
wrapping first mol.:       21.89386       30.96260       53.62879
wrapping first mol.:       21.89386       30.96260       53.62879

 NSTEP =  1350000   TIME(PS) =    2700.000  TEMP(K) =   301.65  PRESS =     0.0
 Etot   =    -71193.3083  EKtot   =     13813.9814  EPtot      =    -85007.2897
 BOND   =       580.6782  ANGLE   =      1573.8271  DIHED      =      1077.4218
 UB     =         0.0000  IMP     =         0.0000  CMAP       =       129.4090
 1-4 NB =       677.4806  1-4 EEL =      9141.2958  VDWAALS    =      9512.8523
 EELEC  =   -107700.2544  EHBOND  =         0.0000  RESTRAINT  =         0.0000
 ------------------------------------------------------------------------------

wrapping first mol.:       21.89386       30.96260       53.62879
wrapping first mol.:       21.89386       30.96260       53.62879
wrapping first mol.:       21.89386       30.96260       53.62879
wrapping first mol.:       21.89386       30.96260       53.62879
wrapping first mol.:       21.89386       30.96260       53.62879
wrapping first mol.:       21.89386       30.96260       53.62879
wrapping first mol.:       21.89386       30.96260       53.62879
wrapping first mol.:       21.89386       30.96260       53.62879
wrapping first mol.:       21.89386       30.96260       53.62879
wrapping first mol.:       21.89386       30.96260       53.62879
wrapping first mol.:       21.89386       30.96260       53.62879

 NSTEP =  1400000   TIME(PS) =    2800.000  TEMP(K) =   300.83  PRESS =     0.0
 Etot   =    -71316.0085  EKtot   =     13776.4297  EPtot      =    -85092.4381
 BOND   =       601.3316  ANGLE   =      1621.2796  DIHED      =      1049.7512
 UB     =         0.0000  IMP     =         0.0000  CMAP       =       142.8873
 1-4 NB =       674.5557  1-4 EEL =      9060.6054  VDWAALS    =      9342.1877
 EELEC  =   -107585.0367  EHBOND  =         0.0000  RESTRAINT  =         0.0000
 ------------------------------------------------------------------------------

wrapping first mol.:       21.89386       30.96260       53.62879
wrapping first mol.:       21.89386       30.96260       53.62879
wrapping first mol.:       21.89386       30.96260       53.62879
wrapping first mol.:       21.89386       30.96260       53.62879
wrapping first mol.:       21.89386       30.96260       53.62879
wrapping first mol.:       21.89386       30.96260       53.62879
wrapping first mol.:       21.89386       30.96260       53.62879
wrapping first mol.:       21.89386       30.96260       53.62879
wrapping first mol.:       21.89386       30.96260       53.62879
wrapping first mol.:       21.89386       30.96260       53.62879
wrapping first mol.:       21.89386       30.96260       53.62879

 NSTEP =  1450000   TIME(PS) =    2900.000  TEMP(K) =   300.96  PRESS =     0.0
 Etot   =    -71311.5398  EKtot   =     13782.3418  EPtot      =    -85093.8816
 BOND   =       538.7465  ANGLE   =      1540.0316  DIHED      =      1073.6483
 UB     =         0.0000  IMP     =         0.0000  CMAP       =       138.3563
 1-4 NB =       689.6241  1-4 EEL =      9083.5352  VDWAALS    =      9273.2837
 EELEC  =   -107431.1072  EHBOND  =         0.0000  RESTRAINT  =         0.0000
 ------------------------------------------------------------------------------

wrapping first mol.:       21.89386       30.96260       53.62879
wrapping first mol.:       21.89386       30.96260       53.62879
wrapping first mol.:       21.89386       30.96260       53.62879
wrapping first mol.:       43.78772      -30.96259       53.62879
wrapping first mol.:       21.89386       30.96260       53.62879
wrapping first mol.:       21.89386       30.96260       53.62879
wrapping first mol.:       21.89386       30.96260       53.62879
wrapping first mol.:       43.78772      -30.96259       53.62879
wrapping first mol.:       21.89386       30.96260       53.62879
wrapping first mol.:       21.89386       30.96260       53.62879
wrapping first mol.:       21.89386       30.96260       53.62879

 NSTEP =  1500000   TIME(PS) =    3000.000  TEMP(K) =   297.67  PRESS =     0.0
 Etot   =    -71550.5966  EKtot   =     13631.6572  EPtot      =    -85182.2538
 BOND   =       581.8584  ANGLE   =      1536.3819  DIHED      =      1084.4624
 UB     =         0.0000  IMP     =         0.0000  CMAP       =       145.9892
 1-4 NB =       684.0485  1-4 EEL =      9102.5413  VDWAALS    =      9520.1678
 EELEC  =   -107837.7031  EHBOND  =         0.0000  RESTRAINT  =         0.0000
 ------------------------------------------------------------------------------

wrapping first mol.:       21.89386       30.96260       53.62879
wrapping first mol.:       21.89386       30.96260       53.62879
wrapping first mol.:       21.89386       30.96260       53.62879
wrapping first mol.:       21.89386       30.96260       53.62879
wrapping first mol.:       21.89386       30.96260       53.62879
wrapping first mol.:       21.89386       30.96260       53.62879
wrapping first mol.:       21.89386       30.96260       53.62879
wrapping first mol.:       21.89386       30.96260       53.62879
wrapping first mol.:       21.89386       30.96260       53.62879
wrapping first mol.:       21.89386       30.96260       53.62879
wrapping first mol.:       21.89386       30.96260       53.62879

 NSTEP =  1550000   TIME(PS) =    3100.000  TEMP(K) =   301.07  PRESS =     0.0
 Etot   =    -71387.2774  EKtot   =     13787.5615  EPtot      =    -85174.8389
 BOND   =       584.1423  ANGLE   =      1509.8997  DIHED      =      1045.6552
 UB     =         0.0000  IMP     =         0.0000  CMAP       =       139.6222
 1-4 NB =       692.9421  1-4 EEL =      9117.0875  VDWAALS    =      9212.9917
 EELEC  =   -107477.1795  EHBOND  =         0.0000  RESTRAINT  =         0.0000
 ------------------------------------------------------------------------------

wrapping first mol.:       21.89386       30.96260       53.62879
wrapping first mol.:       21.89386       30.96260       53.62879
wrapping first mol.:       21.89386       30.96260       53.62879
wrapping first mol.:       21.89386       30.96260       53.62879
wrapping first mol.:       21.89386       30.96260       53.62879
wrapping first mol.:       21.89386       30.96260       53.62879
wrapping first mol.:       21.89386       30.96260       53.62879
wrapping first mol.:       21.89386       30.96260       53.62879
wrapping first mol.:       21.89386       30.96260       53.62879
wrapping first mol.:       21.89386       30.96260       53.62879
wrapping first mol.:       21.89386       30.96260       53.62879

 NSTEP =  1600000   TIME(PS) =    3200.000  TEMP(K) =   301.21  PRESS =     0.0
 Etot   =    -71152.4840  EKtot   =     13793.8916  EPtot      =    -84946.3756
 BOND   =       568.4052  ANGLE   =      1567.8957  DIHED      =      1084.0680
 UB     =         0.0000  IMP     =         0.0000  CMAP       =       146.3400
 1-4 NB =       672.9232  1-4 EEL =      9095.8849  VDWAALS    =      9442.4524
 EELEC  =   -107524.3450  EHBOND  =         0.0000  RESTRAINT  =         0.0000
 ------------------------------------------------------------------------------

wrapping first mol.:       21.89386       30.96260       53.62879
wrapping first mol.:       21.89386       30.96260       53.62879
wrapping first mol.:       21.89386       30.96260       53.62879
wrapping first mol.:       21.89386       30.96260       53.62879
wrapping first mol.:       21.89386       30.96260       53.62879
wrapping first mol.:       21.89386       30.96260       53.62879
wrapping first mol.:       21.89386       30.96260       53.62879
wrapping first mol.:       21.89386       30.96260       53.62879
wrapping first mol.:       21.89386       30.96260       53.62879
wrapping first mol.:       21.89386       30.96260       53.62879
wrapping first mol.:       21.89386       30.96260       53.62879

 NSTEP =  1650000   TIME(PS) =    3300.000  TEMP(K) =   304.49  PRESS =     0.0
 Etot   =    -70936.9712  EKtot   =     13944.1104  EPtot      =    -84881.0816
 BOND   =       605.5628  ANGLE   =      1517.5800  DIHED      =      1064.7222
 UB     =         0.0000  IMP     =         0.0000  CMAP       =       138.5997
 1-4 NB =       687.8251  1-4 EEL =      9095.2448  VDWAALS    =      9141.1105
 EELEC  =   -107131.7267  EHBOND  =         0.0000  RESTRAINT  =         0.0000
 ------------------------------------------------------------------------------

wrapping first mol.:       21.89386       30.96260       53.62879
wrapping first mol.:       21.89386       30.96260       53.62879
wrapping first mol.:       21.89386       30.96260       53.62879
wrapping first mol.:       21.89386       30.96260       53.62879
wrapping first mol.:       21.89386       30.96260       53.62879
wrapping first mol.:       21.89386       30.96260       53.62879
wrapping first mol.:       21.89386       30.96260       53.62879
wrapping first mol.:       21.89386       30.96260       53.62879
wrapping first mol.:       21.89386       30.96260       53.62879
wrapping first mol.:       21.89386       30.96260       53.62879
wrapping first mol.:       21.89386       30.96260       53.62879

 NSTEP =  1700000   TIME(PS) =    3400.000  TEMP(K) =   302.88  PRESS =     0.0
 Etot   =    -71254.8909  EKtot   =     13870.4648  EPtot      =    -85125.3558
 BOND   =       555.4821  ANGLE   =      1523.8597  DIHED      =      1042.1702
 UB     =         0.0000  IMP     =         0.0000  CMAP       =       146.1175
 1-4 NB =       699.7249  1-4 EEL =      9077.4427  VDWAALS    =      9210.5354
 EELEC  =   -107380.6882  EHBOND  =         0.0000  RESTRAINT  =         0.0000
 ------------------------------------------------------------------------------

wrapping first mol.:       21.89386       30.96260       53.62879
wrapping first mol.:       21.89386       30.96260       53.62879
wrapping first mol.:       21.89386       30.96260       53.62879
wrapping first mol.:       21.89386       30.96260       53.62879
wrapping first mol.:       21.89386       30.96260       53.62879
wrapping first mol.:       21.89386       30.96260       53.62879
wrapping first mol.:       21.89386       30.96260       53.62879
wrapping first mol.:       21.89386       30.96260       53.62879
wrapping first mol.:       21.89386       30.96260       53.62879
wrapping first mol.:       21.89386       30.96260       53.62879
wrapping first mol.:       21.89386       30.96260       53.62879

 NSTEP =  1750000   TIME(PS) =    3500.000  TEMP(K) =   296.92  PRESS =     0.0
 Etot   =    -71556.5643  EKtot   =     13597.6152  EPtot      =    -85154.1795
 BOND   =       579.5067  ANGLE   =      1552.1621  DIHED      =      1059.5959
 UB     =         0.0000  IMP     =         0.0000  CMAP       =       139.9877
 1-4 NB =       691.6669  1-4 EEL =      9091.2188  VDWAALS    =      9281.0485
 EELEC  =   -107549.3662  EHBOND  =         0.0000  RESTRAINT  =         0.0000
 ------------------------------------------------------------------------------

wrapping first mol.:       21.89386       30.96260       53.62879
wrapping first mol.:       21.89386       30.96260       53.62879
wrapping first mol.:       21.89386       30.96260       53.62879
wrapping first mol.:       21.89386       30.96260       53.62879
wrapping first mol.:       21.89386       30.96260       53.62879
wrapping first mol.:       21.89386       30.96260       53.62879
wrapping first mol.:       21.89386       30.96260       53.62879
wrapping first mol.:       21.89386       30.96260       53.62879
wrapping first mol.:       21.89386       30.96260       53.62879
wrapping first mol.:       21.89386       30.96260       53.62879
wrapping first mol.:       21.89386       30.96260       53.62879

 NSTEP =  1800000   TIME(PS) =    3600.000  TEMP(K) =   298.54  PRESS =     0.0
 Etot   =    -71327.6600  EKtot   =     13671.3691  EPtot      =    -84999.0291
 BOND   =       581.6919  ANGLE   =      1540.2143  DIHED      =      1053.6318
 UB     =         0.0000  IMP     =         0.0000  CMAP       =       128.1189
 1-4 NB =       707.2578  1-4 EEL =      9152.4079  VDWAALS    =      9387.6153
 EELEC  =   -107549.9670  EHBOND  =         0.0000  RESTRAINT  =         0.0000
 ------------------------------------------------------------------------------

wrapping first mol.:       21.89386       30.96260       53.62879
wrapping first mol.:       21.89386       30.96260       53.62879
wrapping first mol.:       21.89386       30.96260       53.62879
wrapping first mol.:       21.89386       30.96260       53.62879
wrapping first mol.:       21.89386       30.96260       53.62879
wrapping first mol.:       21.89386       30.96260       53.62879
wrapping first mol.:       43.78772      -30.96259       53.62879
wrapping first mol.:       21.89386       30.96260       53.62879
wrapping first mol.:       21.89386       30.96260       53.62879
wrapping first mol.:       21.89386       30.96260       53.62879
wrapping first mol.:       21.89386       30.96260       53.62879

 NSTEP =  1850000   TIME(PS) =    3700.000  TEMP(K) =   301.06  PRESS =     0.0
 Etot   =    -71339.4224  EKtot   =     13787.0264  EPtot      =    -85126.4488
 BOND   =       586.4317  ANGLE   =      1534.0054  DIHED      =      1084.1369
 UB     =         0.0000  IMP     =         0.0000  CMAP       =       140.7316
 1-4 NB =       686.4209  1-4 EEL =      9084.2890  VDWAALS    =      9514.8675
 EELEC  =   -107757.3317  EHBOND  =         0.0000  RESTRAINT  =         0.0000
 ------------------------------------------------------------------------------

wrapping first mol.:       21.89386       30.96260       53.62879
wrapping first mol.:       21.89386       30.96260       53.62879
wrapping first mol.:       43.78772      -30.96259       53.62879
wrapping first mol.:       43.78772      -30.96259       53.62879
wrapping first mol.:       43.78772      -30.96259       53.62879
wrapping first mol.:       43.78772      -30.96259       53.62879
wrapping first mol.:       43.78772      -30.96259       53.62879
wrapping first mol.:       43.78772      -30.96259       53.62879
wrapping first mol.:       43.78772      -30.96259       53.62879
wrapping first mol.:       43.78772      -30.96259       53.62879
wrapping first mol.:       43.78772      -30.96259       53.62879

 NSTEP =  1900000   TIME(PS) =    3800.000  TEMP(K) =   299.11  PRESS =     0.0
 Etot   =    -71494.8914  EKtot   =     13697.5732  EPtot      =    -85192.4647
 BOND   =       572.7138  ANGLE   =      1573.7615  DIHED      =      1074.4888
 UB     =         0.0000  IMP     =         0.0000  CMAP       =       142.0468
 1-4 NB =       686.8808  1-4 EEL =      9125.0233  VDWAALS    =      9408.5541
 EELEC  =   -107775.9338  EHBOND  =         0.0000  RESTRAINT  =         0.0000
 ------------------------------------------------------------------------------

wrapping first mol.:       43.78772      -30.96259       53.62879
wrapping first mol.:       43.78772      -30.96259       53.62879
wrapping first mol.:       43.78772      -30.96259       53.62879
wrapping first mol.:       43.78772      -30.96259       53.62879
wrapping first mol.:       43.78772      -30.96259       53.62879
wrapping first mol.:       43.78772      -30.96259       53.62879
wrapping first mol.:       43.78772      -30.96259       53.62879
wrapping first mol.:       43.78772      -30.96259       53.62879
wrapping first mol.:       43.78772      -30.96259       53.62879
wrapping first mol.:       43.78772      -30.96259       53.62879
wrapping first mol.:       43.78772      -30.96259       53.62879

 NSTEP =  1950000   TIME(PS) =    3900.000  TEMP(K) =   299.92  PRESS =     0.0
 Etot   =    -71190.7160  EKtot   =     13734.6650  EPtot      =    -84925.3810
 BOND   =       584.5648  ANGLE   =      1553.6818  DIHED      =      1082.5121
 UB     =         0.0000  IMP     =         0.0000  CMAP       =       139.5716
 1-4 NB =       690.1068  1-4 EEL =      9131.3775  VDWAALS    =      9377.6280
 EELEC  =   -107484.8235  EHBOND  =         0.0000  RESTRAINT  =         0.0000
 ------------------------------------------------------------------------------

wrapping first mol.:       43.78772      -30.96259       53.62879
wrapping first mol.:       43.78772      -30.96259       53.62879
wrapping first mol.:       43.78772      -30.96259       53.62879
wrapping first mol.:       43.78772      -30.96259       53.62879
wrapping first mol.:       43.78772      -30.96259       53.62879
wrapping first mol.:       43.78772      -30.96259       53.62879
wrapping first mol.:       43.78772      -30.96259       53.62879
wrapping first mol.:       43.78772      -30.96259       53.62879
wrapping first mol.:       43.78772      -30.96259       53.62879
wrapping first mol.:       43.78772      -30.96259       53.62879
wrapping first mol.:       43.78772      -30.96259       53.62879

 NSTEP =  2000000   TIME(PS) =    4000.000  TEMP(K) =   302.02  PRESS =     0.0
 Etot   =    -71353.8874  EKtot   =     13831.1436  EPtot      =    -85185.0310
 BOND   =       552.8374  ANGLE   =      1547.8625  DIHED      =      1039.7575
 UB     =         0.0000  IMP     =         0.0000  CMAP       =       147.0800
 1-4 NB =       696.9263  1-4 EEL =      9082.6797  VDWAALS    =      9602.4747
 EELEC  =   -107854.6491  EHBOND  =         0.0000  RESTRAINT  =         0.0000
 ------------------------------------------------------------------------------

wrapping first mol.:       43.78772      -30.96259       53.62879
wrapping first mol.:       43.78772      -30.96259       53.62879
wrapping first mol.:       43.78772      -30.96259       53.62879
wrapping first mol.:       43.78772      -30.96259       53.62879
wrapping first mol.:       43.78772      -30.96259       53.62879
wrapping first mol.:       43.78772      -30.96259       53.62879
wrapping first mol.:       43.78772      -30.96259       53.62879
wrapping first mol.:       43.78772      -30.96259       53.62879
wrapping first mol.:       43.78772      -30.96259       53.62879
wrapping first mol.:       43.78772      -30.96259       53.62879
wrapping first mol.:       43.78772      -30.96259       53.62879

 NSTEP =  2050000   TIME(PS) =    4100.000  TEMP(K) =   301.66  PRESS =     0.0
 Etot   =    -71348.5349  EKtot   =     13814.2979  EPtot      =    -85162.8327
 BOND   =       593.2283  ANGLE   =      1552.6727  DIHED      =      1047.4675
 UB     =         0.0000  IMP     =         0.0000  CMAP       =       141.9475
 1-4 NB =       691.9742  1-4 EEL =      9106.8558  VDWAALS    =      9538.0041
 EELEC  =   -107834.9829  EHBOND  =         0.0000  RESTRAINT  =         0.0000
 ------------------------------------------------------------------------------

wrapping first mol.:       43.78772      -30.96259       53.62879
wrapping first mol.:       43.78772      -30.96259       53.62879
wrapping first mol.:       43.78772      -30.96259       53.62879
wrapping first mol.:       43.78772      -30.96259       53.62879
wrapping first mol.:       43.78772      -30.96259       53.62879
wrapping first mol.:       43.78772      -30.96259       53.62879
wrapping first mol.:       43.78772      -30.96259       53.62879
wrapping first mol.:       43.78772      -30.96259       53.62879
wrapping first mol.:       43.78772      -30.96259       53.62879
wrapping first mol.:       43.78772      -30.96259       53.62879
wrapping first mol.:       43.78772      -30.96259       53.62879

 NSTEP =  2100000   TIME(PS) =    4200.000  TEMP(K) =   300.72  PRESS =     0.0
 Etot   =    -71511.6740  EKtot   =     13771.4482  EPtot      =    -85283.1222
 BOND   =       566.9812  ANGLE   =      1558.1564  DIHED      =      1052.0006
 UB     =         0.0000  IMP     =         0.0000  CMAP       =       140.1619
 1-4 NB =       700.4703  1-4 EEL =      9124.4104  VDWAALS    =      9716.4770
 EELEC  =   -108141.7800  EHBOND  =         0.0000  RESTRAINT  =         0.0000
 ------------------------------------------------------------------------------

wrapping first mol.:       43.78772      -30.96259       53.62879
wrapping first mol.:       43.78772      -30.96259       53.62879
wrapping first mol.:       43.78772      -30.96259       53.62879
wrapping first mol.:       43.78772      -30.96259       53.62879
wrapping first mol.:       43.78772      -30.96259       53.62879
wrapping first mol.:       43.78772      -30.96259       53.62879
wrapping first mol.:       43.78772      -30.96259       53.62879
wrapping first mol.:       43.78772      -30.96259       53.62879
wrapping first mol.:       43.78772      -30.96259       53.62879
wrapping first mol.:       43.78772      -30.96259       53.62879
wrapping first mol.:       43.78772      -30.96259       53.62879

 NSTEP =  2150000   TIME(PS) =    4300.000  TEMP(K) =   300.81  PRESS =     0.0
 Etot   =    -71222.9436  EKtot   =     13775.5742  EPtot      =    -84998.5178
 BOND   =       590.8194  ANGLE   =      1580.3849  DIHED      =      1106.2499
 UB     =         0.0000  IMP     =         0.0000  CMAP       =       140.7972
 1-4 NB =       687.8076  1-4 EEL =      9076.3112  VDWAALS    =      9507.8267
 EELEC  =   -107688.7148  EHBOND  =         0.0000  RESTRAINT  =         0.0000
 ------------------------------------------------------------------------------

wrapping first mol.:       43.78772      -30.96259       53.62879
wrapping first mol.:       43.78772      -30.96259       53.62879
wrapping first mol.:       43.78772      -30.96259       53.62879
wrapping first mol.:       43.78772      -30.96259       53.62879
wrapping first mol.:       43.78772      -30.96259       53.62879
wrapping first mol.:       43.78772      -30.96259       53.62879
wrapping first mol.:       43.78772      -30.96259       53.62879
wrapping first mol.:       43.78772      -30.96259       53.62879
wrapping first mol.:       43.78772      -30.96259       53.62879
wrapping first mol.:       43.78772      -30.96259       53.62879
wrapping first mol.:       43.78772      -30.96259       53.62879

 NSTEP =  2200000   TIME(PS) =    4400.000  TEMP(K) =   297.65  PRESS =     0.0
 Etot   =    -71408.7582  EKtot   =     13630.6396  EPtot      =    -85039.3978
 BOND   =       558.3227  ANGLE   =      1504.4578  DIHED      =      1071.3307
 UB     =         0.0000  IMP     =         0.0000  CMAP       =       147.5098
 1-4 NB =       690.1290  1-4 EEL =      9092.0791  VDWAALS    =      9485.0998
 EELEC  =   -107588.3268  EHBOND  =         0.0000  RESTRAINT  =         0.0000
 ------------------------------------------------------------------------------

wrapping first mol.:       43.78772      -30.96259       53.62879
wrapping first mol.:       43.78772      -30.96259       53.62879
wrapping first mol.:       43.78772      -30.96259       53.62879
wrapping first mol.:       43.78772      -30.96259       53.62879
wrapping first mol.:       43.78772      -30.96259       53.62879
wrapping first mol.:       43.78772      -30.96259       53.62879
wrapping first mol.:       43.78772      -30.96259       53.62879
wrapping first mol.:       43.78772      -30.96259       53.62879
wrapping first mol.:       43.78772      -30.96259       53.62879
wrapping first mol.:       43.78772      -30.96259       53.62879
wrapping first mol.:       43.78772      -30.96259       53.62879

 NSTEP =  2250000   TIME(PS) =    4500.000  TEMP(K) =   302.11  PRESS =     0.0
 Etot   =    -71193.4750  EKtot   =     13835.2256  EPtot      =    -85028.7006
 BOND   =       601.7147  ANGLE   =      1570.5570  DIHED      =      1091.2511
 UB     =         0.0000  IMP     =         0.0000  CMAP       =       141.4649
 1-4 NB =       672.1993  1-4 EEL =      9053.5275  VDWAALS    =      9256.4648
 EELEC  =   -107415.8799  EHBOND  =         0.0000  RESTRAINT  =         0.0000
 ------------------------------------------------------------------------------

wrapping first mol.:       43.78772      -30.96259       53.62879
wrapping first mol.:       43.78772      -30.96259       53.62879
wrapping first mol.:       43.78772      -30.96259       53.62879
wrapping first mol.:       43.78772      -30.96259       53.62879
wrapping first mol.:       43.78772      -30.96259       53.62879
wrapping first mol.:       43.78772      -30.96259       53.62879
wrapping first mol.:       43.78772      -30.96259       53.62879
wrapping first mol.:       43.78772      -30.96259       53.62879
wrapping first mol.:       43.78772      -30.96259       53.62879
wrapping first mol.:       43.78772      -30.96259       53.62879
wrapping first mol.:       43.78772      -30.96259       53.62879

 NSTEP =  2300000   TIME(PS) =    4600.000  TEMP(K) =   298.94  PRESS =     0.0
 Etot   =    -71220.8178  EKtot   =     13689.9521  EPtot      =    -84910.7699
 BOND   =       583.7771  ANGLE   =      1525.9432  DIHED      =      1084.5651
 UB     =         0.0000  IMP     =         0.0000  CMAP       =       142.6516
 1-4 NB =       695.4228  1-4 EEL =      9074.3648  VDWAALS    =      9193.5293
 EELEC  =   -107211.0239  EHBOND  =         0.0000  RESTRAINT  =         0.0000
 ------------------------------------------------------------------------------

wrapping first mol.:       43.78772      -30.96259       53.62879
wrapping first mol.:       43.78772      -30.96259       53.62879
wrapping first mol.:       43.78772      -30.96259       53.62879
wrapping first mol.:       43.78772      -30.96259       53.62879
wrapping first mol.:       43.78772      -30.96259       53.62879
wrapping first mol.:       43.78772      -30.96259       53.62879
wrapping first mol.:       43.78772      -30.96259       53.62879
wrapping first mol.:       43.78772      -30.96259       53.62879
wrapping first mol.:       43.78772      -30.96259       53.62879
wrapping first mol.:       43.78772      -30.96259       53.62879
wrapping first mol.:       43.78772      -30.96259       53.62879

 NSTEP =  2350000   TIME(PS) =    4700.000  TEMP(K) =   299.62  PRESS =     0.0
 Etot   =    -71326.5395  EKtot   =     13721.0684  EPtot      =    -85047.6078
 BOND   =       606.7566  ANGLE   =      1516.7461  DIHED      =      1053.7177
 UB     =         0.0000  IMP     =         0.0000  CMAP       =       143.8706
 1-4 NB =       691.5187  1-4 EEL =      9072.0540  VDWAALS    =      9525.8434
 EELEC  =   -107658.1149  EHBOND  =         0.0000  RESTRAINT  =         0.0000
 ------------------------------------------------------------------------------

wrapping first mol.:       43.78772      -30.96259       53.62879
wrapping first mol.:       43.78772      -30.96259       53.62879
wrapping first mol.:       43.78772      -30.96259       53.62879
wrapping first mol.:       43.78772      -30.96259       53.62879
wrapping first mol.:       43.78772      -30.96259       53.62879
wrapping first mol.:       43.78772      -30.96259       53.62879
wrapping first mol.:       43.78772      -30.96259       53.62879
wrapping first mol.:       43.78772      -30.96259       53.62879
wrapping first mol.:       43.78772      -30.96259       53.62879
wrapping first mol.:       43.78772      -30.96259       53.62879
wrapping first mol.:       43.78772      -30.96259       53.62879

 NSTEP =  2400000   TIME(PS) =    4800.000  TEMP(K) =   303.34  PRESS =     0.0
 Etot   =    -71383.9943  EKtot   =     13891.5557  EPtot      =    -85275.5500
 BOND   =       552.1360  ANGLE   =      1626.8489  DIHED      =      1038.1554
 UB     =         0.0000  IMP     =         0.0000  CMAP       =       143.1651
 1-4 NB =       662.7853  1-4 EEL =      9047.4842  VDWAALS    =      9554.4699
 EELEC  =   -107900.5948  EHBOND  =         0.0000  RESTRAINT  =         0.0000
 ------------------------------------------------------------------------------

wrapping first mol.:       43.78772      -30.96259       53.62879
wrapping first mol.:       43.78772      -30.96259       53.62879
wrapping first mol.:       43.78772      -30.96259       53.62879
wrapping first mol.:       43.78772      -30.96259       53.62879
wrapping first mol.:       43.78772      -30.96259       53.62879
wrapping first mol.:       43.78772      -30.96259       53.62879
wrapping first mol.:       21.89386       30.96260       53.62879
wrapping first mol.:       43.78772      -30.96259       53.62879
wrapping first mol.:       43.78772      -30.96259       53.62879
wrapping first mol.:       43.78772      -30.96259       53.62879
wrapping first mol.:       43.78772      -30.96259       53.62879

 NSTEP =  2450000   TIME(PS) =    4900.000  TEMP(K) =   304.65  PRESS =     0.0
 Etot   =    -71097.7083  EKtot   =     13951.4561  EPtot      =    -85049.1643
 BOND   =       611.7186  ANGLE   =      1609.6298  DIHED      =      1051.5841
 UB     =         0.0000  IMP     =         0.0000  CMAP       =       147.5309
 1-4 NB =       674.9484  1-4 EEL =      9040.2798  VDWAALS    =      9375.4793
 EELEC  =   -107560.3351  EHBOND  =         0.0000  RESTRAINT  =         0.0000
 ------------------------------------------------------------------------------

wrapping first mol.:       43.78772      -30.96259       53.62879
wrapping first mol.:       43.78772      -30.96259       53.62879
wrapping first mol.:       43.78772      -30.96259       53.62879
wrapping first mol.:       43.78772      -30.96259       53.62879
wrapping first mol.:       43.78772      -30.96259       53.62879
wrapping first mol.:       43.78772      -30.96259       53.62879
wrapping first mol.:       43.78772      -30.96259       53.62879
wrapping first mol.:       43.78772      -30.96259       53.62879
wrapping first mol.:       43.78772      -30.96259       53.62879
wrapping first mol.:       43.78772      -30.96259       53.62879
wrapping first mol.:       43.78772      -30.96259       53.62879

 NSTEP =  2500000   TIME(PS) =    5000.000  TEMP(K) =   298.01  PRESS =     0.0
 Etot   =    -71696.3996  EKtot   =     13647.4795  EPtot      =    -85343.8791
 BOND   =       573.0867  ANGLE   =      1561.0124  DIHED      =      1050.8482
 UB     =         0.0000  IMP     =         0.0000  CMAP       =       141.1061
 1-4 NB =       685.4480  1-4 EEL =      9125.0990  VDWAALS    =      9568.5838
 EELEC  =   -108049.0633  EHBOND  =         0.0000  RESTRAINT  =         0.0000
 ------------------------------------------------------------------------------


      A V E R A G E S   O V E R      50 S T E P S


 NSTEP =  2500000   TIME(PS) =    5000.000  TEMP(K) =   300.36  PRESS =     0.0
 Etot   =    -71361.9224  EKtot   =     13755.0732  EPtot      =    -85116.9956
 BOND   =       576.0999  ANGLE   =      1556.2530  DIHED      =      1067.8391
 UB     =         0.0000  IMP     =         0.0000  CMAP       =       140.2328
 1-4 NB =       687.2850  1-4 EEL =      9106.4826  VDWAALS    =      9417.1578
 EELEC  =   -107668.3457  EHBOND  =         0.0000  RESTRAINT  =         0.0000
 ------------------------------------------------------------------------------


      R M S  F L U C T U A T I O N S


 NSTEP =  2500000   TIME(PS) =    5000.000  TEMP(K) =     1.95  PRESS =     0.0
 Etot   =       162.6006  EKtot   =        89.4860  EPtot      =       126.1610
 BOND   =        18.9963  ANGLE   =        29.8721  DIHED      =        19.0418
 UB     =         0.0000  IMP     =         0.0000  CMAP       =         5.3387
 1-4 NB =        10.6643  1-4 EEL =        32.7397  VDWAALS    =       146.9013
 EELEC  =       215.7891  EHBOND  =         0.0000  RESTRAINT  =         0.0000
 ------------------------------------------------------------------------------

--------------------------------------------------------------------------------
   5.  TIMINGS
--------------------------------------------------------------------------------

|  NonSetup CPU Time in Major Routines:
|
|     Routine           Sec        %
|     ------------------------------
|     Nonbond         595.36   12.19
|     Bond              0.00    0.00
|     Angle             0.00    0.00
|     Dihedral          0.00    0.00
|     Shake            20.84    0.43
|     RunMD          4265.50   87.31
|     Other             3.62    0.07
|     ------------------------------
|     Total          4885.32

|  PME Nonbond Pairlist CPU Time:
|
|     Routine              Sec        %
|     ---------------------------------
|     Set Up Cit           0.00    0.00
|     Build List           0.00    0.00
|     ---------------------------------
|     Total                0.00    0.00

|  PME Direct Force CPU Time:
|
|     Routine              Sec        %
|     ---------------------------------
|     NonBonded Calc       0.00    0.00
|     Exclude Masked       0.00    0.00
|     Other                1.91    0.04
|     ---------------------------------
|     Total                1.91    0.04

|  PME Reciprocal Force CPU Time:
|
|     Routine              Sec        %
|     ---------------------------------
|     1D bspline           0.00    0.00
|     Grid Charges         0.00    0.00
|     Scalar Sum           0.00    0.00
|     Gradient Sum         0.00    0.00
|     FFT                  0.00    0.00
|     ---------------------------------
|     Total                0.00    0.00

|  Final Performance Info:
|     -----------------------------------------------------
|     Average timings for last       1 steps:
|     Elapsed(s) =       0.00 Per Step(ms) =       0.17
|         ns/day =    1040.87   seconds/ns =      83.01
|
|     Average timings for all steps:
|     Elapsed(s) =    4894.78 Per Step(ms) =       1.96
|         ns/day =      88.26   seconds/ns =     978.96
|     -----------------------------------------------------

|  Setup CPU time:            0.62 seconds
|  NonSetup CPU time:      4885.32 seconds
|  Total CPU time:         4885.93 seconds     1.36 hours

|  Setup wall time:           1    seconds
|  NonSetup wall time:     4895    seconds
|  Total wall time:        4896    seconds     1.36 hours
