
          -------------------------------------------------------
          Amber 18 PMEMD                              2018
          -------------------------------------------------------

| PMEMD implementation of SANDER, Release 18

| Run on 12/29/2020 at 14:55:37

|   Executable path: pmemd.cuda
| Working directory: /home/almacen/pbarletta/dynein/run/3zkf/4_pdt
|          Hostname: Unknown
  [-O]verwriting output

File Assignments:
|   MDIN: pre_pdt.in                                                            
|  MDOUT: 0pdt.out                                                              
| INPCRD: 4_3zkf.rst7                                                           
|   PARM: /home/almacen/pbarletta/dynein/top_files/3zkf.prmtop                  
| RESTRT: 0p4_3zkf.rst7                                                         
|   REFC: refc                                                                  
|  MDVEL: mdvel                                                                 
|   MDEN: mden                                                                  
|  MDCRD: 0p4_3zkf.nc                                                           
| MDINFO: mdinfo                                                                
|  MDFRC: mdfrc                                                                 


 Here is the input file:

Production run                                                                 
&cntrl                                                                         
imin = 0,                           ! No Minimization                          
nmropt = 0,                         ! No NMR restraints read                   
                                                                               
! Nature and format of the input                                               
ntx = 5,                            ! Coordinates and velocities will be read  
irest = 1,                          ! Do not run a new simulation              
                                                                               
! Nature and format of the output                                              
ntxo = 1,                           ! rstrt file in ASCII format               
ntpr = 50000,                       ! inf in output every ntpr steps           
ntwr = 50000,                       ! rstrt file every ntwr steps              
ntwx = 5000,                        ! mdcrd file every ntwx steps              
ntwv = 0,                           ! mdvel without velocities                 
ntwe = 0,                           ! Energies and temperatures not written in 
idecomp = 0,                        ! No energy decomposition                  
iwrap = 1,                          ! Coordinates of the restart and mdcrd file
                                                                               
! Frozen or restrained atoms                                                   
ibelly = 0,                         ! No frozen atoms                          
ntr=0,                              ! Harmonic potential restraints            
                                                                               
! Molecular dynamics                                                           
nstlim = 2500000,                   ! Number of MD-steps                       
dt = 0.002,                         ! Time step                                
                                                                               
! Temperature regulation                                                       
ntt = 3,                            ! Langevin thermostat                      
gamma_ln = 2,                       ! Gamma constant for Langevin              
temp0 = 300.0,                      ! Reference T at which the system is to be 
tempi = 300.0,                      ! Initial T                                
ig = -1,                            ! Seed for the RNG                         
                                                                               
! P and V regulation                                                           
!barostat = 1,                      ! Berendsen barostat                       
!taup = 1,                          ! Pressure relaxation time                 
ntp = 0,                            ! constant V                               
ntb = 1,                            ! Periodic box for constant V              
                                                                               
! SHAKE variables                                                              
ntc = 2,                            ! Bonds involving H are constrained        
ntf = 2,                            ! Bond interaction involving H are ommited.
                                                                               
cut = 9.0,                          ! Nonbonded cutoff                         
/                                                                              
&end                                                                           


Note: ig = -1. Setting random seed to   586251 based on wallclock time in 
      microseconds.
| irandom = 1, using AMBER's internal random number generator (default).
 
|--------------------- INFORMATION ----------------------
| GPU (CUDA) Version of PMEMD in use: NVIDIA GPU IN USE.
|                    Version 18.0.0
| 
|                      03/25/2018
| 
| Implementation by:
|                    Ross C. Walker     (SDSC)
|                    Scott Le Grand     (nVIDIA)
| 
| Version 18 performance extensions by:
|                    David Cerutti     (Rutgers)
| 
| Precision model in use:
|      [SPFP] - Single Precision Forces, 64-bit Fixed Point
|               Accumulation. (Default)
| 
|--------------------------------------------------------
 
|----------------- CITATION INFORMATION -----------------
|
|    When publishing work that utilized the CUDA version
|    of AMBER, please cite the following in addition to
|    the regular AMBER citations:
|
|  - Romelia Salomon-Ferrer; Andreas W. Goetz; Duncan
|    Poole; Scott Le Grand; Ross C. Walker "Routine
|    microsecond molecular dynamics simulations with
|    AMBER - Part II: Particle Mesh Ewald", J. Chem.
|    Theory Comput., 2013, 9 (9), pp3878-3888,
|    DOI: 10.1021/ct400314y.
|
|  - Andreas W. Goetz; Mark J. Williamson; Dong Xu;
|    Duncan Poole; Scott Le Grand; Ross C. Walker
|    "Routine microsecond molecular dynamics simulations
|    with AMBER - Part I: Generalized Born", J. Chem.
|    Theory Comput., 2012, 8 (5), pp1542-1555.
|
|  - Scott Le Grand; Andreas W. Goetz; Ross C. Walker
|    "SPFP: Speed without compromise - a mixed precision
|    model for GPU accelerated molecular dynamics
|    simulations.", Comp. Phys. Comm., 2013, 184
|    pp374-380, DOI: 10.1016/j.cpc.2012.09.022
|
|--------------------------------------------------------
 
|------------------- GPU DEVICE INFO --------------------
|
|            CUDA_VISIBLE_DEVICES: 0
|   CUDA Capable Devices Detected:      1
|           CUDA Device ID in use:      0
|                CUDA Device Name: GeForce GTX 1080 Ti
|     CUDA Device Global Mem Size:  11178 MB
| CUDA Device Num Multiprocessors:     28
|           CUDA Device Core Freq:   1.72 GHz
|
|--------------------------------------------------------
 
 
| Conditional Compilation Defines Used:
| PUBFFT
| BINTRAJ
| CUDA
| EMIL

| Largest sphere to fit in unit cell has radius =    26.560

| New format PARM file being parsed.
| Version =    1.000 Date = 09/22/20 Time = 13:28:43

| Note: 1-4 EEL scale factors are being read from the topology file.

| Note: 1-4 VDW scale factors are being read from the topology file.
| Duplicated    0 dihedrals

| Duplicated    0 dihedrals

--------------------------------------------------------------------------------
   1.  RESOURCE   USE: 
--------------------------------------------------------------------------------

 getting new box info from bottom of inpcrd
 NATOM  =   27928 NTYPES =      22 NBONH =   20171 MBONA  =    7787
 NTHETH =    3412 MTHETA =    2100 NPHIH =    6826 MPHIA  =    6560
 NHPARM =       0 NPARM  =       0 NNB   =   60209 NRES   =    6415
 NBONA  =    7787 NTHETA =    2100 NPHIA =    6560 NUMBND =      77
 NUMANG =     177 NPTRA  =     201 NATYP =      41 NPHB   =       1
 IFBOX  =       2 NMXRS  =      24 IFCAP =       0 NEXTRA =    6225
 NCOPY  =       0


| Coordinate Index Table dimensions:    11   11   11
| Direct force subcell size =     5.9144    5.9144    5.9144

     BOX TYPE: TRUNCATED OCTAHEDRON

--------------------------------------------------------------------------------
   2.  CONTROL  DATA  FOR  THE  RUN
--------------------------------------------------------------------------------

default_name                                                                    

General flags:
     imin    =       0, nmropt  =       0

Nature and format of input:
     ntx     =       5, irest   =       1, ntrx    =       1

Nature and format of output:
     ntxo    =       1, ntpr    =   50000, ntrx    =       1, ntwr    =   50000
     iwrap   =       1, ntwx    =    5000, ntwv    =       0, ntwe    =       0
     ioutfm  =       1, ntwprt  =       0, idecomp =       0, rbornstat=      0

Potential function:
     ntf     =       2, ntb     =       1, igb     =       0, nsnb    =      25
     ipol    =       0, gbsa    =       0, iesp    =       0
     dielc   =   1.00000, cut     =   9.00000, intdiel =   1.00000

Frozen or restrained atoms:
     ibelly  =       0, ntr     =       0

Molecular dynamics:
     nstlim  =   2500000, nscm    =      1000, nrespa  =         1
     t       =   0.00000, dt      =   0.00200, vlimit  =  -1.00000

Langevin dynamics temperature regulation:
     ig      =  586251
     temp0   = 300.00000, tempi   = 300.00000, gamma_ln=   2.00000

SHAKE:
     ntc     =       2, jfastw  =       0
     tol     =   0.00001

| Intermolecular bonds treatment:
|     no_intermolecular_bonds =       1

| Energy averages sample interval:
|     ene_avg_sampling =   50000

Extra-points options:
     frameon =       1, chngmask=       1

Ewald parameters:
     verbose =       0, ew_type =       0, nbflag  =       1, use_pme =       1
     vdwmeth =       1, eedmeth =       1, netfrc  =       1
     Box X =   65.058   Box Y =   65.058   Box Z =   65.058
     Alpha =  109.471   Beta  =  109.471   Gamma =  109.471
     NFFT1 =   64       NFFT2 =   64       NFFT3 =   64
     Cutoff=    9.000   Tol   =0.100E-04
     Ewald Coefficient =  0.30768
     Interpolation order =    4
|      EXTRA_PTS, trim_bonds: num bonds BEFORE trim = 20171     0
|      EXTRA_PTS, trim_bonds: num bonds AFTER  trim = 20171     0
|      EXTRA_PTS, trim_bonds: num bonds BEFORE trim =  7787     0
|      EXTRA_PTS, trim_bonds: num bonds AFTER  trim =  1562     0
|      EXTRA_PTS, trim_theta: num angle BEFORE trim =  3412     0
|      EXTRA_PTS, trim_theta: num angle AFTER  trim =  3412     0
|      EXTRA_PTS, trim_theta: num angle BEFORE trim =  2100     0
|      EXTRA_PTS, trim_theta: num angle AFTER  trim =  2100     0
|      EXTRA_PTS, trim_phi:  num diheds BEFORE trim =  6826     0
|      EXTRA_PTS, trim_phi:  num diheds AFTER  trim =  6826     0
|      EXTRA_PTS, trim_phi:  num diheds BEFORE trim =  6560     0
|      EXTRA_PTS, trim_phi:  num diheds AFTER  trim =  6560     0

--------------------------------------------------------------------------------
   3.  ATOMIC COORDINATES AND VELOCITIES
--------------------------------------------------------------------------------

Cpptraj Generated Restart                                                       
 begin time read from input coords =     0.000 ps

 
 Number of triangulated 3-point waters found:     6225

     Sum of charges from parm topology file =   0.00003399
     Forcing neutrality...

| Dynamic Memory, Types Used:
| Reals              904735
| Integers          2045888

| Nonbonded Pairs Initial Allocation:     6367584

| GPU memory information (estimate):
| KB of GPU memory in use:         0
| KB of CPU memory in use:         0

--------------------------------------------------------------------------------
   4.  RESULTS
--------------------------------------------------------------------------------

wrapping first mol.:       21.68607       30.66874       53.11980
wrapping first mol.:       21.68607       30.66874       53.11980
wrapping first mol.:       21.68607       30.66874       53.11980
wrapping first mol.:       21.68607       30.66874       53.11980
wrapping first mol.:       21.68607       30.66874       53.11980
wrapping first mol.:       21.68607       30.66874       53.11980
wrapping first mol.:       21.68607       30.66874       53.11980
wrapping first mol.:       21.68607       30.66874       53.11980
wrapping first mol.:       21.68607       30.66874       53.11980
wrapping first mol.:       21.68607       30.66874       53.11980
wrapping first mol.:       21.68607       30.66874       53.11980

 NSTEP =    50000   TIME(PS) =     100.000  TEMP(K) =   303.70  PRESS =     0.0
 Etot   =    -69620.3431  EKtot   =     13560.4346  EPtot      =    -83180.7777
 BOND   =       570.4601  ANGLE   =      1639.8316  DIHED      =      1062.5255
 UB     =         0.0000  IMP     =         0.0000  CMAP       =       142.1324
 1-4 NB =       637.6516  1-4 EEL =     10141.7436  VDWAALS    =      9172.0704
 EELEC  =   -106547.1929  EHBOND  =         0.0000  RESTRAINT  =         0.0000
 ------------------------------------------------------------------------------

wrapping first mol.:       21.68607       30.66874       53.11980
wrapping first mol.:       21.68607       30.66874       53.11980
wrapping first mol.:       21.68607       30.66874       53.11980
wrapping first mol.:       21.68607       30.66874       53.11980
wrapping first mol.:       21.68607       30.66874       53.11980
wrapping first mol.:       21.68607       30.66874       53.11980
wrapping first mol.:       21.68607       30.66874       53.11980
wrapping first mol.:       21.68607       30.66874       53.11980
wrapping first mol.:       21.68607       30.66874       53.11980
wrapping first mol.:       21.68607       30.66874       53.11980
wrapping first mol.:       21.68607       30.66874       53.11980

 NSTEP =   100000   TIME(PS) =     200.000  TEMP(K) =   303.72  PRESS =     0.0
 Etot   =    -69345.1434  EKtot   =     13561.0127  EPtot      =    -82906.1561
 BOND   =       572.8031  ANGLE   =      1673.9142  DIHED      =      1075.2711
 UB     =         0.0000  IMP     =         0.0000  CMAP       =       131.1772
 1-4 NB =       662.5157  1-4 EEL =     10126.6789  VDWAALS    =      9205.3188
 EELEC  =   -106353.8351  EHBOND  =         0.0000  RESTRAINT  =         0.0000
 ------------------------------------------------------------------------------

wrapping first mol.:       21.68607       30.66874       53.11980
wrapping first mol.:       21.68607       30.66874       53.11980
wrapping first mol.:       21.68607       30.66874       53.11980
wrapping first mol.:       21.68607       30.66874       53.11980
wrapping first mol.:       21.68607       30.66874       53.11980
wrapping first mol.:       21.68607       30.66874       53.11980
wrapping first mol.:       21.68607       30.66874       53.11980
wrapping first mol.:       21.68607       30.66874       53.11980
wrapping first mol.:       21.68607       30.66874       53.11980
wrapping first mol.:       21.68607       30.66874       53.11980
wrapping first mol.:       21.68607       30.66874       53.11980

 NSTEP =   150000   TIME(PS) =     300.000  TEMP(K) =   300.13  PRESS =     0.0
 Etot   =    -69673.8942  EKtot   =     13401.0732  EPtot      =    -83074.9674
 BOND   =       586.0036  ANGLE   =      1611.1130  DIHED      =      1074.9193
 UB     =         0.0000  IMP     =         0.0000  CMAP       =       138.0253
 1-4 NB =       663.0639  1-4 EEL =     10155.8186  VDWAALS    =      9141.1127
 EELEC  =   -106445.0238  EHBOND  =         0.0000  RESTRAINT  =         0.0000
 ------------------------------------------------------------------------------

wrapping first mol.:       21.68607       30.66874       53.11980
wrapping first mol.:       21.68607       30.66874       53.11980
wrapping first mol.:       21.68607       30.66874       53.11980
wrapping first mol.:       21.68607       30.66874       53.11980
wrapping first mol.:       21.68607       30.66874       53.11980
wrapping first mol.:       21.68607       30.66874       53.11980
wrapping first mol.:       21.68607       30.66874       53.11980
wrapping first mol.:       21.68607       30.66874       53.11980
wrapping first mol.:       21.68607       30.66874       53.11980
wrapping first mol.:       21.68607       30.66874       53.11980
wrapping first mol.:       21.68607       30.66874       53.11980

 NSTEP =   200000   TIME(PS) =     400.000  TEMP(K) =   301.06  PRESS =     0.0
 Etot   =    -69503.8077  EKtot   =     13442.4473  EPtot      =    -82946.2550
 BOND   =       586.3462  ANGLE   =      1590.3759  DIHED      =      1071.7686
 UB     =         0.0000  IMP     =         0.0000  CMAP       =       144.7815
 1-4 NB =       672.8320  1-4 EEL =     10096.0712  VDWAALS    =      9156.8192
 EELEC  =   -106265.2495  EHBOND  =         0.0000  RESTRAINT  =         0.0000
 ------------------------------------------------------------------------------

wrapping first mol.:       21.68607       30.66874       53.11980
wrapping first mol.:       21.68607       30.66874       53.11980
wrapping first mol.:       21.68607       30.66874       53.11980
wrapping first mol.:       21.68607       30.66874       53.11980
wrapping first mol.:       21.68607       30.66874       53.11980
wrapping first mol.:       21.68607       30.66874       53.11980
wrapping first mol.:       21.68607       30.66874       53.11980
wrapping first mol.:       21.68607       30.66874       53.11980
wrapping first mol.:       21.68607       30.66874       53.11980
wrapping first mol.:       21.68607       30.66874       53.11980
wrapping first mol.:       21.68607       30.66874       53.11980

 NSTEP =   250000   TIME(PS) =     500.000  TEMP(K) =   300.77  PRESS =     0.0
 Etot   =    -69402.0659  EKtot   =     13429.2979  EPtot      =    -82831.3637
 BOND   =       602.1986  ANGLE   =      1586.9589  DIHED      =      1075.0393
 UB     =         0.0000  IMP     =         0.0000  CMAP       =       143.3717
 1-4 NB =       645.2379  1-4 EEL =     10137.8146  VDWAALS    =      8940.7470
 EELEC  =   -105962.7317  EHBOND  =         0.0000  RESTRAINT  =         0.0000
 ------------------------------------------------------------------------------

wrapping first mol.:       21.68607       30.66874       53.11980
wrapping first mol.:       21.68607       30.66874       53.11980
wrapping first mol.:       21.68607       30.66874       53.11980
wrapping first mol.:       21.68607       30.66874       53.11980
wrapping first mol.:       21.68607       30.66874       53.11980
wrapping first mol.:       21.68607       30.66874       53.11980
wrapping first mol.:       21.68607       30.66874       53.11980
wrapping first mol.:       21.68607       30.66874       53.11980
wrapping first mol.:       21.68607       30.66874       53.11980
wrapping first mol.:       21.68607       30.66874       53.11980
wrapping first mol.:       21.68607       30.66874       53.11980

 NSTEP =   300000   TIME(PS) =     600.000  TEMP(K) =   298.11  PRESS =     0.0
 Etot   =    -69424.8396  EKtot   =     13310.5205  EPtot      =    -82735.3601
 BOND   =       582.2850  ANGLE   =      1649.5628  DIHED      =      1060.9645
 UB     =         0.0000  IMP     =         0.0000  CMAP       =       132.1952
 1-4 NB =       657.7738  1-4 EEL =     10094.8034  VDWAALS    =      9150.4955
 EELEC  =   -106063.4403  EHBOND  =         0.0000  RESTRAINT  =         0.0000
 ------------------------------------------------------------------------------

wrapping first mol.:       21.68607       30.66874       53.11980
wrapping first mol.:       21.68607       30.66874       53.11980
wrapping first mol.:       21.68607       30.66874       53.11980
wrapping first mol.:       21.68607       30.66874       53.11980
wrapping first mol.:       21.68607       30.66874       53.11980
wrapping first mol.:       21.68607       30.66874       53.11980
wrapping first mol.:       21.68607       30.66874       53.11980
wrapping first mol.:       21.68607       30.66874       53.11980
wrapping first mol.:       21.68607       30.66874       53.11980
wrapping first mol.:       21.68607       30.66874       53.11980
wrapping first mol.:       21.68607       30.66874       53.11980

 NSTEP =   350000   TIME(PS) =     700.000  TEMP(K) =   304.73  PRESS =     0.0
 Etot   =    -69370.6639  EKtot   =     13606.3145  EPtot      =    -82976.9783
 BOND   =       582.4044  ANGLE   =      1585.8614  DIHED      =      1047.3086
 UB     =         0.0000  IMP     =         0.0000  CMAP       =       145.3873
 1-4 NB =       660.1689  1-4 EEL =     10082.3875  VDWAALS    =      9084.1964
 EELEC  =   -106164.6928  EHBOND  =         0.0000  RESTRAINT  =         0.0000
 ------------------------------------------------------------------------------

wrapping first mol.:       21.68607       30.66874       53.11980
wrapping first mol.:       21.68607       30.66874       53.11980
wrapping first mol.:       21.68607       30.66874       53.11980
wrapping first mol.:       21.68607       30.66874       53.11980
wrapping first mol.:       21.68607       30.66874       53.11980
wrapping first mol.:       21.68607       30.66874       53.11980
wrapping first mol.:       21.68607       30.66874       53.11980
wrapping first mol.:       21.68607       30.66874       53.11980
wrapping first mol.:       21.68607       30.66874       53.11980
wrapping first mol.:       21.68607       30.66874       53.11980
wrapping first mol.:       21.68607       30.66874       53.11980

 NSTEP =   400000   TIME(PS) =     800.000  TEMP(K) =   298.21  PRESS =     0.0
 Etot   =    -69584.6241  EKtot   =     13315.2764  EPtot      =    -82899.9004
 BOND   =       554.3821  ANGLE   =      1631.0851  DIHED      =      1101.3733
 UB     =         0.0000  IMP     =         0.0000  CMAP       =       136.8700
 1-4 NB =       663.0115  1-4 EEL =     10132.9724  VDWAALS    =      8938.2690
 EELEC  =   -106057.8637  EHBOND  =         0.0000  RESTRAINT  =         0.0000
 ------------------------------------------------------------------------------

wrapping first mol.:       21.68607       30.66874       53.11980
wrapping first mol.:       21.68607       30.66874       53.11980
wrapping first mol.:       21.68607       30.66874       53.11980
wrapping first mol.:       21.68607       30.66874       53.11980
wrapping first mol.:       21.68607       30.66874       53.11980
wrapping first mol.:       21.68607       30.66874       53.11980
wrapping first mol.:       21.68607       30.66874       53.11980
wrapping first mol.:       21.68607       30.66874       53.11980
wrapping first mol.:       21.68607       30.66874       53.11980
wrapping first mol.:       21.68607       30.66874       53.11980
wrapping first mol.:       21.68607       30.66874       53.11980

 NSTEP =   450000   TIME(PS) =     900.000  TEMP(K) =   298.19  PRESS =     0.0
 Etot   =    -69435.5293  EKtot   =     13314.4629  EPtot      =    -82749.9922
 BOND   =       570.5971  ANGLE   =      1676.5499  DIHED      =      1062.8863
 UB     =         0.0000  IMP     =         0.0000  CMAP       =       141.3127
 1-4 NB =       668.4829  1-4 EEL =     10117.2074  VDWAALS    =      9331.1963
 EELEC  =   -106318.2247  EHBOND  =         0.0000  RESTRAINT  =         0.0000
 ------------------------------------------------------------------------------

wrapping first mol.:       21.68607       30.66874       53.11980
wrapping first mol.:       21.68607       30.66874       53.11980
wrapping first mol.:       21.68607       30.66874       53.11980
wrapping first mol.:       21.68607       30.66874       53.11980
wrapping first mol.:       21.68607       30.66874       53.11980
wrapping first mol.:       21.68607       30.66874       53.11980
wrapping first mol.:       21.68607       30.66874       53.11980
wrapping first mol.:       21.68607       30.66874       53.11980
wrapping first mol.:       21.68607       30.66874       53.11980
wrapping first mol.:       21.68607       30.66874       53.11980
wrapping first mol.:       21.68607       30.66874       53.11980

 NSTEP =   500000   TIME(PS) =    1000.000  TEMP(K) =   301.17  PRESS =     0.0
 Etot   =    -69336.8710  EKtot   =     13447.3018  EPtot      =    -82784.1728
 BOND   =       573.5602  ANGLE   =      1642.2561  DIHED      =      1076.2330
 UB     =         0.0000  IMP     =         0.0000  CMAP       =       140.2291
 1-4 NB =       662.1788  1-4 EEL =     10114.5247  VDWAALS    =      9124.6808
 EELEC  =   -106117.8355  EHBOND  =         0.0000  RESTRAINT  =         0.0000
 ------------------------------------------------------------------------------

wrapping first mol.:       21.68607       30.66874       53.11980
wrapping first mol.:       21.68607       30.66874       53.11980
wrapping first mol.:       21.68607       30.66874       53.11980
wrapping first mol.:       21.68607       30.66874       53.11980
wrapping first mol.:       21.68607       30.66874       53.11980
wrapping first mol.:       21.68607       30.66874       53.11980
wrapping first mol.:       21.68607       30.66874       53.11980
wrapping first mol.:       21.68607       30.66874       53.11980
wrapping first mol.:       21.68607       30.66874       53.11980
wrapping first mol.:       21.68607       30.66874       53.11980
wrapping first mol.:       21.68607       30.66874       53.11980

 NSTEP =   550000   TIME(PS) =    1100.000  TEMP(K) =   300.95  PRESS =     0.0
 Etot   =    -69651.8553  EKtot   =     13437.2969  EPtot      =    -83089.1522
 BOND   =       576.7360  ANGLE   =      1629.2847  DIHED      =      1076.1206
 UB     =         0.0000  IMP     =         0.0000  CMAP       =       137.4802
 1-4 NB =       658.6915  1-4 EEL =     10114.3465  VDWAALS    =      9427.5603
 EELEC  =   -106709.3721  EHBOND  =         0.0000  RESTRAINT  =         0.0000
 ------------------------------------------------------------------------------

wrapping first mol.:       21.68607       30.66874       53.11980
wrapping first mol.:       21.68607       30.66874       53.11980
wrapping first mol.:       21.68607       30.66874       53.11980
wrapping first mol.:       21.68607       30.66874       53.11980
wrapping first mol.:       21.68607       30.66874       53.11980
wrapping first mol.:       21.68607       30.66874       53.11980
wrapping first mol.:       21.68607       30.66874       53.11980
wrapping first mol.:       21.68607       30.66874       53.11980
wrapping first mol.:       21.68607       30.66874       53.11980
wrapping first mol.:       21.68607       30.66874       53.11980
wrapping first mol.:       21.68607       30.66874       53.11980

 NSTEP =   600000   TIME(PS) =    1200.000  TEMP(K) =   304.08  PRESS =     0.0
 Etot   =    -69633.7222  EKtot   =     13577.0918  EPtot      =    -83210.8140
 BOND   =       567.7601  ANGLE   =      1647.3583  DIHED      =      1061.2047
 UB     =         0.0000  IMP     =         0.0000  CMAP       =       149.0709
 1-4 NB =       646.7534  1-4 EEL =     10064.7226  VDWAALS    =      9141.2013
 EELEC  =   -106488.8853  EHBOND  =         0.0000  RESTRAINT  =         0.0000
 ------------------------------------------------------------------------------

wrapping first mol.:       21.68607       30.66874       53.11980
wrapping first mol.:       21.68607       30.66874       53.11980
wrapping first mol.:       21.68607       30.66874       53.11980
wrapping first mol.:       21.68607       30.66874       53.11980
wrapping first mol.:       21.68607       30.66874       53.11980
wrapping first mol.:       21.68607       30.66874       53.11980
wrapping first mol.:       21.68607       30.66874       53.11980
wrapping first mol.:       21.68607       30.66874       53.11980
wrapping first mol.:       21.68607       30.66874       53.11980
wrapping first mol.:       21.68607       30.66874       53.11980
wrapping first mol.:       21.68607       30.66874       53.11980

 NSTEP =   650000   TIME(PS) =    1300.000  TEMP(K) =   300.16  PRESS =     0.0
 Etot   =    -69528.0658  EKtot   =     13402.1250  EPtot      =    -82930.1908
 BOND   =       588.0055  ANGLE   =      1595.4114  DIHED      =      1040.5305
 UB     =         0.0000  IMP     =         0.0000  CMAP       =       143.7528
 1-4 NB =       656.8682  1-4 EEL =     10152.5572  VDWAALS    =      9119.7904
 EELEC  =   -106227.1068  EHBOND  =         0.0000  RESTRAINT  =         0.0000
 ------------------------------------------------------------------------------

wrapping first mol.:       21.68607       30.66874       53.11980
wrapping first mol.:       21.68607       30.66874       53.11980
wrapping first mol.:       21.68607       30.66874       53.11980
wrapping first mol.:       21.68607       30.66874       53.11980
wrapping first mol.:       21.68607       30.66874       53.11980
wrapping first mol.:       21.68607       30.66874       53.11980
wrapping first mol.:       21.68607       30.66874       53.11980
wrapping first mol.:       21.68607       30.66874       53.11980
wrapping first mol.:       21.68607       30.66874       53.11980
wrapping first mol.:       21.68607       30.66874       53.11980
wrapping first mol.:       21.68607       30.66874       53.11980

 NSTEP =   700000   TIME(PS) =    1400.000  TEMP(K) =   299.55  PRESS =     0.0
 Etot   =    -69699.3719  EKtot   =     13374.8516  EPtot      =    -83074.2235
 BOND   =       580.4767  ANGLE   =      1602.0933  DIHED      =      1070.5587
 UB     =         0.0000  IMP     =         0.0000  CMAP       =       145.4454
 1-4 NB =       683.8828  1-4 EEL =     10143.9646  VDWAALS    =      9389.6433
 EELEC  =   -106690.2882  EHBOND  =         0.0000  RESTRAINT  =         0.0000
 ------------------------------------------------------------------------------

wrapping first mol.:       21.68607       30.66874       53.11980
wrapping first mol.:       21.68607       30.66874       53.11980
wrapping first mol.:       21.68607       30.66874       53.11980
wrapping first mol.:       21.68607       30.66874       53.11980
wrapping first mol.:       21.68607       30.66874       53.11980
wrapping first mol.:       21.68607       30.66874       53.11980
wrapping first mol.:       21.68607       30.66874       53.11980
wrapping first mol.:       21.68607       30.66874       53.11980
wrapping first mol.:       21.68607       30.66874       53.11980
wrapping first mol.:       21.68607       30.66874       53.11980
wrapping first mol.:       21.68607       30.66874       53.11980

 NSTEP =   750000   TIME(PS) =    1500.000  TEMP(K) =   299.01  PRESS =     0.0
 Etot   =    -69467.3323  EKtot   =     13350.9580  EPtot      =    -82818.2903
 BOND   =       572.4087  ANGLE   =      1608.0646  DIHED      =      1037.5152
 UB     =         0.0000  IMP     =         0.0000  CMAP       =       149.5643
 1-4 NB =       643.2091  1-4 EEL =     10109.8318  VDWAALS    =      8930.8754
 EELEC  =   -105869.7593  EHBOND  =         0.0000  RESTRAINT  =         0.0000
 ------------------------------------------------------------------------------

wrapping first mol.:       21.68607       30.66874       53.11980
wrapping first mol.:       21.68607       30.66874       53.11980
wrapping first mol.:       21.68607       30.66874       53.11980
wrapping first mol.:       21.68607       30.66874       53.11980
wrapping first mol.:       21.68607       30.66874       53.11980
wrapping first mol.:       21.68607       30.66874       53.11980
wrapping first mol.:       21.68607       30.66874       53.11980
wrapping first mol.:       21.68607       30.66874       53.11980
wrapping first mol.:       21.68607       30.66874       53.11980
wrapping first mol.:       21.68607       30.66874       53.11980
wrapping first mol.:       21.68607       30.66874       53.11980

 NSTEP =   800000   TIME(PS) =    1600.000  TEMP(K) =   300.35  PRESS =     0.0
 Etot   =    -69388.8170  EKtot   =     13410.5879  EPtot      =    -82799.4049
 BOND   =       593.5982  ANGLE   =      1616.6124  DIHED      =      1049.8645
 UB     =         0.0000  IMP     =         0.0000  CMAP       =       157.7198
 1-4 NB =       678.5579  1-4 EEL =     10107.1649  VDWAALS    =      9009.3264
 EELEC  =   -106012.2490  EHBOND  =         0.0000  RESTRAINT  =         0.0000
 ------------------------------------------------------------------------------

wrapping first mol.:       21.68607       30.66874       53.11980
wrapping first mol.:       21.68607       30.66874       53.11980
wrapping first mol.:       21.68607       30.66874       53.11980
wrapping first mol.:       21.68607       30.66874       53.11980
wrapping first mol.:       21.68607       30.66874       53.11980
wrapping first mol.:       21.68607       30.66874       53.11980
wrapping first mol.:       21.68607       30.66874       53.11980
wrapping first mol.:       21.68607       30.66874       53.11980
wrapping first mol.:       21.68607       30.66874       53.11980
wrapping first mol.:       21.68607       30.66874       53.11980
wrapping first mol.:       21.68607       30.66874       53.11980

 NSTEP =   850000   TIME(PS) =    1700.000  TEMP(K) =   302.39  PRESS =     0.0
 Etot   =    -69493.6211  EKtot   =     13501.8604  EPtot      =    -82995.4815
 BOND   =       549.0105  ANGLE   =      1633.6175  DIHED      =      1067.8152
 UB     =         0.0000  IMP     =         0.0000  CMAP       =       155.3993
 1-4 NB =       670.1038  1-4 EEL =     10127.5958  VDWAALS    =      9084.2877
 EELEC  =   -106283.3114  EHBOND  =         0.0000  RESTRAINT  =         0.0000
 ------------------------------------------------------------------------------

wrapping first mol.:       21.68607       30.66874       53.11980
wrapping first mol.:       21.68607       30.66874       53.11980
wrapping first mol.:       21.68607       30.66874       53.11980
wrapping first mol.:       21.68607       30.66874       53.11980
wrapping first mol.:       21.68607       30.66874       53.11980
wrapping first mol.:       21.68607       30.66874       53.11980
wrapping first mol.:       21.68607       30.66874       53.11980
wrapping first mol.:       21.68607       30.66874       53.11980
wrapping first mol.:       21.68607       30.66874       53.11980
wrapping first mol.:       21.68607       30.66874       53.11980
wrapping first mol.:       21.68607       30.66874       53.11980

 NSTEP =   900000   TIME(PS) =    1800.000  TEMP(K) =   298.27  PRESS =     0.0
 Etot   =    -69834.1894  EKtot   =     13317.7793  EPtot      =    -83151.9687
 BOND   =       535.8219  ANGLE   =      1592.8343  DIHED      =      1075.2097
 UB     =         0.0000  IMP     =         0.0000  CMAP       =       148.0896
 1-4 NB =       646.9141  1-4 EEL =     10150.9865  VDWAALS    =      9236.1316
 EELEC  =   -106537.9565  EHBOND  =         0.0000  RESTRAINT  =         0.0000
 ------------------------------------------------------------------------------

wrapping first mol.:       21.68607       30.66874       53.11980
wrapping first mol.:       21.68607       30.66874       53.11980
wrapping first mol.:       21.68607       30.66874       53.11980
wrapping first mol.:       21.68607       30.66874       53.11980
wrapping first mol.:       21.68607       30.66874       53.11980
wrapping first mol.:       21.68607       30.66874       53.11980
wrapping first mol.:       21.68607       30.66874       53.11980
wrapping first mol.:       21.68607       30.66874       53.11980
wrapping first mol.:       21.68607       30.66874       53.11980
wrapping first mol.:       21.68607       30.66874       53.11980
wrapping first mol.:       21.68607       30.66874       53.11980

 NSTEP =   950000   TIME(PS) =    1900.000  TEMP(K) =   297.68  PRESS =     0.0
 Etot   =    -69537.2450  EKtot   =     13291.4033  EPtot      =    -82828.6484
 BOND   =       579.0528  ANGLE   =      1661.6650  DIHED      =      1089.4940
 UB     =         0.0000  IMP     =         0.0000  CMAP       =       138.1869
 1-4 NB =       652.6994  1-4 EEL =     10096.0985  VDWAALS    =      9248.9570
 EELEC  =   -106294.8020  EHBOND  =         0.0000  RESTRAINT  =         0.0000
 ------------------------------------------------------------------------------

wrapping first mol.:       21.68607       30.66874       53.11980
wrapping first mol.:       21.68607       30.66874       53.11980
wrapping first mol.:       21.68607       30.66874       53.11980
wrapping first mol.:       21.68607       30.66874       53.11980
wrapping first mol.:       21.68607       30.66874       53.11980
wrapping first mol.:       21.68607       30.66874       53.11980
wrapping first mol.:       21.68607       30.66874       53.11980
wrapping first mol.:       21.68607       30.66874       53.11980
wrapping first mol.:       21.68607       30.66874       53.11980
wrapping first mol.:       21.68607       30.66874       53.11980
wrapping first mol.:       21.68607       30.66874       53.11980

 NSTEP =  1000000   TIME(PS) =    2000.000  TEMP(K) =   300.66  PRESS =     0.0
 Etot   =    -69280.1109  EKtot   =     13424.5332  EPtot      =    -82704.6441
 BOND   =       564.1635  ANGLE   =      1631.3997  DIHED      =      1073.4398
 UB     =         0.0000  IMP     =         0.0000  CMAP       =       141.7152
 1-4 NB =       666.2413  1-4 EEL =     10097.7390  VDWAALS    =      9035.4039
 EELEC  =   -105914.7464  EHBOND  =         0.0000  RESTRAINT  =         0.0000
 ------------------------------------------------------------------------------

wrapping first mol.:       21.68607       30.66874       53.11980
wrapping first mol.:       21.68607       30.66874       53.11980
wrapping first mol.:       21.68607       30.66874       53.11980
wrapping first mol.:       21.68607       30.66874       53.11980
wrapping first mol.:       21.68607       30.66874       53.11980
wrapping first mol.:       21.68607       30.66874       53.11980
wrapping first mol.:       21.68607       30.66874       53.11980
wrapping first mol.:       21.68607       30.66874       53.11980
wrapping first mol.:       21.68607       30.66874       53.11980
wrapping first mol.:       21.68607       30.66874       53.11980
wrapping first mol.:       21.68607       30.66874       53.11980

 NSTEP =  1050000   TIME(PS) =    2100.000  TEMP(K) =   300.59  PRESS =     0.0
 Etot   =    -69256.5024  EKtot   =     13421.4502  EPtot      =    -82677.9526
 BOND   =       575.8284  ANGLE   =      1647.3887  DIHED      =      1088.3717
 UB     =         0.0000  IMP     =         0.0000  CMAP       =       147.9598
 1-4 NB =       669.4135  1-4 EEL =     10138.4860  VDWAALS    =      9023.6434
 EELEC  =   -105969.0439  EHBOND  =         0.0000  RESTRAINT  =         0.0000
 ------------------------------------------------------------------------------

wrapping first mol.:       21.68607       30.66874       53.11980
wrapping first mol.:       21.68607       30.66874       53.11980
wrapping first mol.:       21.68607       30.66874       53.11980
wrapping first mol.:       21.68607       30.66874       53.11980
wrapping first mol.:       21.68607       30.66874       53.11980
wrapping first mol.:       21.68607       30.66874       53.11980
wrapping first mol.:       21.68607       30.66874       53.11980
wrapping first mol.:       21.68607       30.66874       53.11980
wrapping first mol.:       21.68607       30.66874       53.11980
wrapping first mol.:       21.68607       30.66874       53.11980
wrapping first mol.:       21.68607       30.66874       53.11980

 NSTEP =  1100000   TIME(PS) =    2200.000  TEMP(K) =   298.38  PRESS =     0.0
 Etot   =    -69677.1192  EKtot   =     13322.7676  EPtot      =    -82999.8868
 BOND   =       554.3492  ANGLE   =      1605.5391  DIHED      =      1106.4819
 UB     =         0.0000  IMP     =         0.0000  CMAP       =       143.9723
 1-4 NB =       664.0085  1-4 EEL =     10135.9065  VDWAALS    =      9193.7427
 EELEC  =   -106403.8870  EHBOND  =         0.0000  RESTRAINT  =         0.0000
 ------------------------------------------------------------------------------

wrapping first mol.:       21.68607       30.66874       53.11980
wrapping first mol.:       21.68607       30.66874       53.11980
wrapping first mol.:       21.68607       30.66874       53.11980
wrapping first mol.:       21.68607       30.66874       53.11980
wrapping first mol.:       21.68607       30.66874       53.11980
wrapping first mol.:       21.68607       30.66874       53.11980
wrapping first mol.:       21.68607       30.66874       53.11980
wrapping first mol.:       21.68607       30.66874       53.11980
wrapping first mol.:       21.68607       30.66874       53.11980
wrapping first mol.:       21.68607       30.66874       53.11980
wrapping first mol.:       21.68607       30.66874       53.11980

 NSTEP =  1150000   TIME(PS) =    2300.000  TEMP(K) =   301.87  PRESS =     0.0
 Etot   =    -69388.4247  EKtot   =     13478.5352  EPtot      =    -82866.9598
 BOND   =       577.9870  ANGLE   =      1621.1331  DIHED      =      1083.0776
 UB     =         0.0000  IMP     =         0.0000  CMAP       =       139.5884
 1-4 NB =       657.5064  1-4 EEL =     10100.5508  VDWAALS    =      9144.5834
 EELEC  =   -106191.3867  EHBOND  =         0.0000  RESTRAINT  =         0.0000
 ------------------------------------------------------------------------------

wrapping first mol.:       21.68607       30.66874       53.11980
wrapping first mol.:       21.68607       30.66874       53.11980
wrapping first mol.:       21.68607       30.66874       53.11980
wrapping first mol.:       21.68607       30.66874       53.11980
wrapping first mol.:       21.68607       30.66874       53.11980
wrapping first mol.:       21.68607       30.66874       53.11980
wrapping first mol.:       21.68607       30.66874       53.11980
wrapping first mol.:       21.68607       30.66874       53.11980
wrapping first mol.:       21.68607       30.66874       53.11980
wrapping first mol.:       21.68607       30.66874       53.11980
wrapping first mol.:       21.68607       30.66874       53.11980

 NSTEP =  1200000   TIME(PS) =    2400.000  TEMP(K) =   299.39  PRESS =     0.0
 Etot   =    -69604.7565  EKtot   =     13368.0176  EPtot      =    -82972.7741
 BOND   =       567.7021  ANGLE   =      1599.1358  DIHED      =      1060.3160
 UB     =         0.0000  IMP     =         0.0000  CMAP       =       144.9937
 1-4 NB =       655.4610  1-4 EEL =     10127.4741  VDWAALS    =      8914.0208
 EELEC  =   -106041.8776  EHBOND  =         0.0000  RESTRAINT  =         0.0000
 ------------------------------------------------------------------------------

wrapping first mol.:       21.68607       30.66874       53.11980
wrapping first mol.:       21.68607       30.66874       53.11980
wrapping first mol.:       21.68607       30.66874       53.11980
wrapping first mol.:       21.68607       30.66874       53.11980
wrapping first mol.:       21.68607       30.66874       53.11980
wrapping first mol.:       21.68607       30.66874       53.11980
wrapping first mol.:       21.68607       30.66874       53.11980
wrapping first mol.:       21.68607       30.66874       53.11980
wrapping first mol.:       21.68607       30.66874       53.11980
wrapping first mol.:       21.68607       30.66874       53.11980
wrapping first mol.:       21.68607       30.66874       53.11980

 NSTEP =  1250000   TIME(PS) =    2500.000  TEMP(K) =   299.78  PRESS =     0.0
 Etot   =    -69472.9994  EKtot   =     13385.0381  EPtot      =    -82858.0375
 BOND   =       526.3705  ANGLE   =      1579.3768  DIHED      =      1040.1475
 UB     =         0.0000  IMP     =         0.0000  CMAP       =       150.4561
 1-4 NB =       674.1551  1-4 EEL =     10170.0060  VDWAALS    =      9051.4384
 EELEC  =   -106049.9878  EHBOND  =         0.0000  RESTRAINT  =         0.0000
 ------------------------------------------------------------------------------

wrapping first mol.:       21.68607       30.66874       53.11980
wrapping first mol.:       21.68607       30.66874       53.11980
wrapping first mol.:       21.68607       30.66874       53.11980
wrapping first mol.:       21.68607       30.66874       53.11980
wrapping first mol.:       21.68607       30.66874       53.11980
wrapping first mol.:       21.68607       30.66874       53.11980
wrapping first mol.:       21.68607       30.66874       53.11980
wrapping first mol.:       21.68607       30.66874       53.11980
wrapping first mol.:       21.68607       30.66874       53.11980
wrapping first mol.:       21.68607       30.66874       53.11980
wrapping first mol.:       21.68607       30.66874       53.11980

 NSTEP =  1300000   TIME(PS) =    2600.000  TEMP(K) =   299.40  PRESS =     0.0
 Etot   =    -69393.8596  EKtot   =     13368.2285  EPtot      =    -82762.0882
 BOND   =       551.6862  ANGLE   =      1639.3116  DIHED      =      1086.2938
 UB     =         0.0000  IMP     =         0.0000  CMAP       =       149.2054
 1-4 NB =       658.0641  1-4 EEL =     10128.9395  VDWAALS    =      8922.9532
 EELEC  =   -105898.5419  EHBOND  =         0.0000  RESTRAINT  =         0.0000
 ------------------------------------------------------------------------------

wrapping first mol.:       21.68607       30.66874       53.11980
wrapping first mol.:       21.68607       30.66874       53.11980
wrapping first mol.:       21.68607       30.66874       53.11980
wrapping first mol.:       21.68607       30.66874       53.11980
wrapping first mol.:       21.68607       30.66874       53.11980
wrapping first mol.:       21.68607       30.66874       53.11980
wrapping first mol.:       21.68607       30.66874       53.11980
wrapping first mol.:       21.68607       30.66874       53.11980
wrapping first mol.:       21.68607       30.66874       53.11980
wrapping first mol.:       21.68607       30.66874       53.11980
wrapping first mol.:       21.68607       30.66874       53.11980

 NSTEP =  1350000   TIME(PS) =    2700.000  TEMP(K) =   301.56  PRESS =     0.0
 Etot   =    -69413.7935  EKtot   =     13464.7881  EPtot      =    -82878.5816
 BOND   =       542.3768  ANGLE   =      1653.3253  DIHED      =      1097.9682
 UB     =         0.0000  IMP     =         0.0000  CMAP       =       153.3874
 1-4 NB =       663.0556  1-4 EEL =     10107.5817  VDWAALS    =      8973.9236
 EELEC  =   -106070.2003  EHBOND  =         0.0000  RESTRAINT  =         0.0000
 ------------------------------------------------------------------------------

wrapping first mol.:       21.68607       30.66874       53.11980
wrapping first mol.:       21.68607       30.66874       53.11980
wrapping first mol.:       21.68607       30.66874       53.11980
wrapping first mol.:       21.68607       30.66874       53.11980
wrapping first mol.:       21.68607       30.66874       53.11980
wrapping first mol.:       21.68607       30.66874       53.11980
wrapping first mol.:       21.68607       30.66874       53.11980
wrapping first mol.:       21.68607       30.66874       53.11980
wrapping first mol.:       21.68607       30.66874       53.11980
wrapping first mol.:       21.68607       30.66874       53.11980
wrapping first mol.:       21.68607       30.66874       53.11980

 NSTEP =  1400000   TIME(PS) =    2800.000  TEMP(K) =   299.64  PRESS =     0.0
 Etot   =    -69617.5012  EKtot   =     13379.0625  EPtot      =    -82996.5637
 BOND   =       598.7643  ANGLE   =      1596.6516  DIHED      =      1068.1170
 UB     =         0.0000  IMP     =         0.0000  CMAP       =       140.0611
 1-4 NB =       660.4096  1-4 EEL =     10088.9337  VDWAALS    =      9259.9260
 EELEC  =   -106409.4270  EHBOND  =         0.0000  RESTRAINT  =         0.0000
 ------------------------------------------------------------------------------

wrapping first mol.:       21.68607       30.66874       53.11980
wrapping first mol.:       21.68607       30.66874       53.11980
wrapping first mol.:       21.68607       30.66874       53.11980
wrapping first mol.:       21.68607       30.66874       53.11980
wrapping first mol.:       21.68607       30.66874       53.11980
wrapping first mol.:       21.68607       30.66874       53.11980
wrapping first mol.:       21.68607       30.66874       53.11980
wrapping first mol.:       21.68607       30.66874       53.11980
wrapping first mol.:       21.68607       30.66874       53.11980
wrapping first mol.:       21.68607       30.66874       53.11980
wrapping first mol.:       21.68607       30.66874       53.11980

 NSTEP =  1450000   TIME(PS) =    2900.000  TEMP(K) =   305.90  PRESS =     0.0
 Etot   =    -69256.0244  EKtot   =     13658.5762  EPtot      =    -82914.6006
 BOND   =       588.1327  ANGLE   =      1683.9325  DIHED      =      1044.3669
 UB     =         0.0000  IMP     =         0.0000  CMAP       =       147.1618
 1-4 NB =       653.5527  1-4 EEL =     10148.9768  VDWAALS    =      9388.2694
 EELEC  =   -106568.9934  EHBOND  =         0.0000  RESTRAINT  =         0.0000
 ------------------------------------------------------------------------------

wrapping first mol.:       21.68607       30.66874       53.11980
wrapping first mol.:       21.68607       30.66874       53.11980
wrapping first mol.:       21.68607       30.66874       53.11980
wrapping first mol.:       21.68607       30.66874       53.11980
wrapping first mol.:       21.68607       30.66874       53.11980
wrapping first mol.:       21.68607       30.66874       53.11980
wrapping first mol.:       21.68607       30.66874       53.11980
wrapping first mol.:       21.68607       30.66874       53.11980
wrapping first mol.:       21.68607       30.66874       53.11980
wrapping first mol.:       21.68607       30.66874       53.11980
wrapping first mol.:       21.68607       30.66874       53.11980

 NSTEP =  1500000   TIME(PS) =    3000.000  TEMP(K) =   299.06  PRESS =     0.0
 Etot   =    -69570.6509  EKtot   =     13353.0811  EPtot      =    -82923.7320
 BOND   =       572.7954  ANGLE   =      1618.5186  DIHED      =      1077.3071
 UB     =         0.0000  IMP     =         0.0000  CMAP       =       139.9966
 1-4 NB =       659.9361  1-4 EEL =     10143.6251  VDWAALS    =      9042.5110
 EELEC  =   -106178.4220  EHBOND  =         0.0000  RESTRAINT  =         0.0000
 ------------------------------------------------------------------------------

wrapping first mol.:       21.68607       30.66874       53.11980
wrapping first mol.:       21.68607       30.66874       53.11980
wrapping first mol.:       21.68607       30.66874       53.11980
wrapping first mol.:       21.68607       30.66874       53.11980
wrapping first mol.:       21.68607       30.66874       53.11980
wrapping first mol.:       21.68607       30.66874       53.11980
wrapping first mol.:       21.68607       30.66874       53.11980
wrapping first mol.:       21.68607       30.66874       53.11980
wrapping first mol.:       21.68607       30.66874       53.11980
wrapping first mol.:       21.68607       30.66874       53.11980
wrapping first mol.:       21.68607       30.66874       53.11980

 NSTEP =  1550000   TIME(PS) =    3100.000  TEMP(K) =   299.57  PRESS =     0.0
 Etot   =    -69648.4313  EKtot   =     13376.0186  EPtot      =    -83024.4498
 BOND   =       569.8318  ANGLE   =      1628.5348  DIHED      =      1073.3004
 UB     =         0.0000  IMP     =         0.0000  CMAP       =       141.0241
 1-4 NB =       653.7346  1-4 EEL =     10136.9033  VDWAALS    =      9145.0391
 EELEC  =   -106372.8180  EHBOND  =         0.0000  RESTRAINT  =         0.0000
 ------------------------------------------------------------------------------

wrapping first mol.:       21.68607       30.66874       53.11980
wrapping first mol.:       21.68607       30.66874       53.11980
wrapping first mol.:       21.68607       30.66874       53.11980
wrapping first mol.:       21.68607       30.66874       53.11980
wrapping first mol.:       21.68607       30.66874       53.11980
wrapping first mol.:       21.68607       30.66874       53.11980
wrapping first mol.:       21.68607       30.66874       53.11980
wrapping first mol.:       21.68607       30.66874       53.11980
wrapping first mol.:       21.68607       30.66874       53.11980
wrapping first mol.:       21.68607       30.66874       53.11980
wrapping first mol.:       21.68607       30.66874       53.11980

 NSTEP =  1600000   TIME(PS) =    3200.000  TEMP(K) =   298.42  PRESS =     0.0
 Etot   =    -69590.0199  EKtot   =     13324.6924  EPtot      =    -82914.7123
 BOND   =       566.5311  ANGLE   =      1590.9164  DIHED      =      1103.3685
 UB     =         0.0000  IMP     =         0.0000  CMAP       =       140.8034
 1-4 NB =       645.9468  1-4 EEL =     10164.9458  VDWAALS    =      9156.3255
 EELEC  =   -106283.5498  EHBOND  =         0.0000  RESTRAINT  =         0.0000
 ------------------------------------------------------------------------------

wrapping first mol.:       21.68607       30.66874       53.11980
wrapping first mol.:       21.68607       30.66874       53.11980
wrapping first mol.:       21.68607       30.66874       53.11980
wrapping first mol.:       21.68607       30.66874       53.11980
wrapping first mol.:       21.68607       30.66874       53.11980
wrapping first mol.:       21.68607       30.66874       53.11980
wrapping first mol.:       21.68607       30.66874       53.11980
wrapping first mol.:       21.68607       30.66874       53.11980
wrapping first mol.:       21.68607       30.66874       53.11980
wrapping first mol.:       21.68607       30.66874       53.11980
wrapping first mol.:       21.68607       30.66874       53.11980

 NSTEP =  1650000   TIME(PS) =    3300.000  TEMP(K) =   301.70  PRESS =     0.0
 Etot   =    -69667.3685  EKtot   =     13470.8877  EPtot      =    -83138.2561
 BOND   =       577.6559  ANGLE   =      1590.7312  DIHED      =      1052.8397
 UB     =         0.0000  IMP     =         0.0000  CMAP       =       138.4158
 1-4 NB =       660.7591  1-4 EEL =     10166.3161  VDWAALS    =      9170.1824
 EELEC  =   -106495.1564  EHBOND  =         0.0000  RESTRAINT  =         0.0000
 ------------------------------------------------------------------------------

wrapping first mol.:       21.68607       30.66874       53.11980
wrapping first mol.:       21.68607       30.66874       53.11980
wrapping first mol.:       21.68607       30.66874       53.11980
wrapping first mol.:       21.68607       30.66874       53.11980
wrapping first mol.:       21.68607       30.66874       53.11980
wrapping first mol.:       21.68607       30.66874       53.11980
wrapping first mol.:       21.68607       30.66874       53.11980
wrapping first mol.:       21.68607       30.66874       53.11980
wrapping first mol.:       21.68607       30.66874       53.11980
wrapping first mol.:       21.68607       30.66874       53.11980
wrapping first mol.:       21.68607       30.66874       53.11980

 NSTEP =  1700000   TIME(PS) =    3400.000  TEMP(K) =   299.55  PRESS =     0.0
 Etot   =    -69699.0742  EKtot   =     13374.7793  EPtot      =    -83073.8535
 BOND   =       569.3499  ANGLE   =      1646.8028  DIHED      =      1073.1755
 UB     =         0.0000  IMP     =         0.0000  CMAP       =       143.2964
 1-4 NB =       667.1328  1-4 EEL =     10130.8481  VDWAALS    =      9324.5211
 EELEC  =   -106628.9802  EHBOND  =         0.0000  RESTRAINT  =         0.0000
 ------------------------------------------------------------------------------

wrapping first mol.:       21.68607       30.66874       53.11980
wrapping first mol.:       21.68607       30.66874       53.11980
wrapping first mol.:       21.68607       30.66874       53.11980
wrapping first mol.:       21.68607       30.66874       53.11980
wrapping first mol.:       21.68607       30.66874       53.11980
wrapping first mol.:       21.68607       30.66874       53.11980
wrapping first mol.:       21.68607       30.66874       53.11980
wrapping first mol.:       21.68607       30.66874       53.11980
wrapping first mol.:       21.68607       30.66874       53.11980
wrapping first mol.:       21.68607       30.66874       53.11980
wrapping first mol.:       21.68607       30.66874       53.11980

 NSTEP =  1750000   TIME(PS) =    3500.000  TEMP(K) =   297.53  PRESS =     0.0
 Etot   =    -69706.0885  EKtot   =     13284.9248  EPtot      =    -82991.0133
 BOND   =       558.7364  ANGLE   =      1621.9668  DIHED      =      1066.8884
 UB     =         0.0000  IMP     =         0.0000  CMAP       =       137.3494
 1-4 NB =       658.6305  1-4 EEL =     10169.4165  VDWAALS    =      9097.3381
 EELEC  =   -106301.3395  EHBOND  =         0.0000  RESTRAINT  =         0.0000
 ------------------------------------------------------------------------------

wrapping first mol.:       21.68607       30.66874       53.11980
wrapping first mol.:       21.68607       30.66874       53.11980
wrapping first mol.:       21.68607       30.66874       53.11980
wrapping first mol.:       21.68607       30.66874       53.11980
wrapping first mol.:       21.68607       30.66874       53.11980
wrapping first mol.:       21.68607       30.66874       53.11980
wrapping first mol.:       21.68607       30.66874       53.11980
wrapping first mol.:       21.68607       30.66874       53.11980
wrapping first mol.:       21.68607       30.66874       53.11980
wrapping first mol.:       21.68607       30.66874       53.11980
wrapping first mol.:       21.68607       30.66874       53.11980

 NSTEP =  1800000   TIME(PS) =    3600.000  TEMP(K) =   295.85  PRESS =     0.0
 Etot   =    -69972.4446  EKtot   =     13209.5430  EPtot      =    -83181.9876
 BOND   =       593.9098  ANGLE   =      1638.8941  DIHED      =      1072.3813
 UB     =         0.0000  IMP     =         0.0000  CMAP       =       139.2084
 1-4 NB =       653.6837  1-4 EEL =     10106.8615  VDWAALS    =      9293.3124
 EELEC  =   -106680.2387  EHBOND  =         0.0000  RESTRAINT  =         0.0000
 ------------------------------------------------------------------------------

wrapping first mol.:       21.68607       30.66874       53.11980
wrapping first mol.:       21.68607       30.66874       53.11980
wrapping first mol.:       21.68607       30.66874       53.11980
wrapping first mol.:       21.68607       30.66874       53.11980
wrapping first mol.:       21.68607       30.66874       53.11980
wrapping first mol.:       21.68607       30.66874       53.11980
wrapping first mol.:       21.68607       30.66874       53.11980
wrapping first mol.:       21.68607       30.66874       53.11980
wrapping first mol.:       21.68607       30.66874       53.11980
wrapping first mol.:       21.68607       30.66874       53.11980
wrapping first mol.:       21.68607       30.66874       53.11980

 NSTEP =  1850000   TIME(PS) =    3700.000  TEMP(K) =   303.27  PRESS =     0.0
 Etot   =    -69398.9458  EKtot   =     13541.0557  EPtot      =    -82940.0015
 BOND   =       545.8869  ANGLE   =      1626.1156  DIHED      =      1065.8515
 UB     =         0.0000  IMP     =         0.0000  CMAP       =       159.3193
 1-4 NB =       660.1940  1-4 EEL =     10144.1010  VDWAALS    =      9056.4757
 EELEC  =   -106197.9456  EHBOND  =         0.0000  RESTRAINT  =         0.0000
 ------------------------------------------------------------------------------

wrapping first mol.:       21.68607       30.66874       53.11980
wrapping first mol.:       21.68607       30.66874       53.11980
wrapping first mol.:       21.68607       30.66874       53.11980
wrapping first mol.:       21.68607       30.66874       53.11980
wrapping first mol.:       21.68607       30.66874       53.11980
wrapping first mol.:       21.68607       30.66874       53.11980
wrapping first mol.:       21.68607       30.66874       53.11980
wrapping first mol.:       21.68607       30.66874       53.11980
wrapping first mol.:       21.68607       30.66874       53.11980
wrapping first mol.:       21.68607       30.66874       53.11980
wrapping first mol.:       21.68607       30.66874       53.11980

 NSTEP =  1900000   TIME(PS) =    3800.000  TEMP(K) =   303.00  PRESS =     0.0
 Etot   =    -69468.6357  EKtot   =     13529.0996  EPtot      =    -82997.7353
 BOND   =       589.2808  ANGLE   =      1628.2934  DIHED      =      1059.5331
 UB     =         0.0000  IMP     =         0.0000  CMAP       =       152.7460
 1-4 NB =       666.0372  1-4 EEL =     10166.9357  VDWAALS    =      9171.0732
 EELEC  =   -106431.6347  EHBOND  =         0.0000  RESTRAINT  =         0.0000
 ------------------------------------------------------------------------------

wrapping first mol.:       21.68607       30.66874       53.11980
wrapping first mol.:       21.68607       30.66874       53.11980
wrapping first mol.:       21.68607       30.66874       53.11980
wrapping first mol.:       21.68607       30.66874       53.11980
wrapping first mol.:       21.68607       30.66874       53.11980
wrapping first mol.:       21.68607       30.66874       53.11980
wrapping first mol.:       21.68607       30.66874       53.11980
wrapping first mol.:       21.68607       30.66874       53.11980
wrapping first mol.:       21.68607       30.66874       53.11980
wrapping first mol.:       21.68607       30.66874       53.11980
wrapping first mol.:       21.68607       30.66874       53.11980

 NSTEP =  1950000   TIME(PS) =    3900.000  TEMP(K) =   300.21  PRESS =     0.0
 Etot   =    -69465.5589  EKtot   =     13404.6035  EPtot      =    -82870.1625
 BOND   =       584.1240  ANGLE   =      1624.8142  DIHED      =      1086.4478
 UB     =         0.0000  IMP     =         0.0000  CMAP       =       143.8323
 1-4 NB =       675.1109  1-4 EEL =     10090.4810  VDWAALS    =      9106.9003
 EELEC  =   -106181.8730  EHBOND  =         0.0000  RESTRAINT  =         0.0000
 ------------------------------------------------------------------------------

wrapping first mol.:       21.68607       30.66874       53.11980
wrapping first mol.:       21.68607       30.66874       53.11980
wrapping first mol.:       21.68607       30.66874       53.11980
wrapping first mol.:       21.68607       30.66874       53.11980
wrapping first mol.:       21.68607       30.66874       53.11980
wrapping first mol.:       21.68607       30.66874       53.11980
wrapping first mol.:       21.68607       30.66874       53.11980
wrapping first mol.:       21.68607       30.66874       53.11980
wrapping first mol.:       21.68607       30.66874       53.11980
wrapping first mol.:       21.68607       30.66874       53.11980
wrapping first mol.:       21.68607       30.66874       53.11980

 NSTEP =  2000000   TIME(PS) =    4000.000  TEMP(K) =   297.33  PRESS =     0.0
 Etot   =    -69847.0146  EKtot   =     13275.6943  EPtot      =    -83122.7090
 BOND   =       572.6048  ANGLE   =      1604.2419  DIHED      =      1051.5145
 UB     =         0.0000  IMP     =         0.0000  CMAP       =       139.3995
 1-4 NB =       683.9781  1-4 EEL =     10110.4041  VDWAALS    =      9251.4037
 EELEC  =   -106536.2557  EHBOND  =         0.0000  RESTRAINT  =         0.0000
 ------------------------------------------------------------------------------

wrapping first mol.:       21.68607       30.66874       53.11980
wrapping first mol.:       21.68607       30.66874       53.11980
wrapping first mol.:       21.68607       30.66874       53.11980
wrapping first mol.:       21.68607       30.66874       53.11980
wrapping first mol.:       21.68607       30.66874       53.11980
wrapping first mol.:       21.68607       30.66874       53.11980
wrapping first mol.:       21.68607       30.66874       53.11980
wrapping first mol.:       21.68607       30.66874       53.11980
wrapping first mol.:       21.68607       30.66874       53.11980
wrapping first mol.:       21.68607       30.66874       53.11980
wrapping first mol.:       21.68607       30.66874       53.11980

 NSTEP =  2050000   TIME(PS) =    4100.000  TEMP(K) =   298.83  PRESS =     0.0
 Etot   =    -69669.4972  EKtot   =     13342.7764  EPtot      =    -83012.2736
 BOND   =       542.9822  ANGLE   =      1621.3453  DIHED      =      1067.8757
 UB     =         0.0000  IMP     =         0.0000  CMAP       =       132.7954
 1-4 NB =       669.1845  1-4 EEL =     10148.5684  VDWAALS    =      9042.3798
 EELEC  =   -106237.4047  EHBOND  =         0.0000  RESTRAINT  =         0.0000
 ------------------------------------------------------------------------------

wrapping first mol.:       21.68607       30.66874       53.11980
wrapping first mol.:       21.68607       30.66874       53.11980
wrapping first mol.:       21.68607       30.66874       53.11980
wrapping first mol.:       21.68607       30.66874       53.11980
wrapping first mol.:       21.68607       30.66874       53.11980
wrapping first mol.:       21.68607       30.66874       53.11980
wrapping first mol.:       21.68607       30.66874       53.11980
wrapping first mol.:       21.68607       30.66874       53.11980
wrapping first mol.:       21.68607       30.66874       53.11980
wrapping first mol.:       21.68607       30.66874       53.11980
wrapping first mol.:       21.68607       30.66874       53.11980

 NSTEP =  2100000   TIME(PS) =    4200.000  TEMP(K) =   299.41  PRESS =     0.0
 Etot   =    -69282.1720  EKtot   =     13368.8809  EPtot      =    -82651.0529
 BOND   =       570.4536  ANGLE   =      1648.9573  DIHED      =      1072.9353
 UB     =         0.0000  IMP     =         0.0000  CMAP       =       136.9474
 1-4 NB =       675.4417  1-4 EEL =     10122.0540  VDWAALS    =      9199.3414
 EELEC  =   -106077.1836  EHBOND  =         0.0000  RESTRAINT  =         0.0000
 ------------------------------------------------------------------------------

wrapping first mol.:       21.68607       30.66874       53.11980
wrapping first mol.:       21.68607       30.66874       53.11980
wrapping first mol.:       21.68607       30.66874       53.11980
wrapping first mol.:       21.68607       30.66874       53.11980
wrapping first mol.:       21.68607       30.66874       53.11980
wrapping first mol.:       21.68607       30.66874       53.11980
wrapping first mol.:       21.68607       30.66874       53.11980
wrapping first mol.:       21.68607       30.66874       53.11980
wrapping first mol.:       21.68607       30.66874       53.11980
wrapping first mol.:       21.68607       30.66874       53.11980
wrapping first mol.:       21.68607       30.66874       53.11980

 NSTEP =  2150000   TIME(PS) =    4300.000  TEMP(K) =   297.60  PRESS =     0.0
 Etot   =    -69577.2506  EKtot   =     13288.0234  EPtot      =    -82865.2740
 BOND   =       608.9593  ANGLE   =      1618.6712  DIHED      =      1054.4171
 UB     =         0.0000  IMP     =         0.0000  CMAP       =       138.4948
 1-4 NB =       672.4575  1-4 EEL =     10126.0634  VDWAALS    =      9197.7146
 EELEC  =   -106282.0519  EHBOND  =         0.0000  RESTRAINT  =         0.0000
 ------------------------------------------------------------------------------

wrapping first mol.:       21.68607       30.66874       53.11980
wrapping first mol.:       21.68607       30.66874       53.11980
wrapping first mol.:       21.68607       30.66874       53.11980
wrapping first mol.:       21.68607       30.66874       53.11980
wrapping first mol.:       21.68607       30.66874       53.11980
wrapping first mol.:       21.68607       30.66874       53.11980
wrapping first mol.:       21.68607       30.66874       53.11980
wrapping first mol.:       21.68607       30.66874       53.11980
wrapping first mol.:       21.68607       30.66874       53.11980
wrapping first mol.:       21.68607       30.66874       53.11980
wrapping first mol.:       21.68607       30.66874       53.11980

 NSTEP =  2200000   TIME(PS) =    4400.000  TEMP(K) =   300.94  PRESS =     0.0
 Etot   =    -69617.6345  EKtot   =     13437.0605  EPtot      =    -83054.6950
 BOND   =       561.1028  ANGLE   =      1585.1718  DIHED      =      1066.5330
 UB     =         0.0000  IMP     =         0.0000  CMAP       =       141.2216
 1-4 NB =       653.5408  1-4 EEL =     10087.6947  VDWAALS    =      9000.3302
 EELEC  =   -106150.2899  EHBOND  =         0.0000  RESTRAINT  =         0.0000
 ------------------------------------------------------------------------------

wrapping first mol.:       21.68607       30.66874       53.11980
wrapping first mol.:       21.68607       30.66874       53.11980
wrapping first mol.:       21.68607       30.66874       53.11980
wrapping first mol.:       21.68607       30.66874       53.11980
wrapping first mol.:       21.68607       30.66874       53.11980
wrapping first mol.:       21.68607       30.66874       53.11980
wrapping first mol.:       21.68607       30.66874       53.11980
wrapping first mol.:       21.68607       30.66874       53.11980
wrapping first mol.:       21.68607       30.66874       53.11980
wrapping first mol.:       21.68607       30.66874       53.11980
wrapping first mol.:       21.68607       30.66874       53.11980

 NSTEP =  2250000   TIME(PS) =    4500.000  TEMP(K) =   298.31  PRESS =     0.0
 Etot   =    -69684.1956  EKtot   =     13319.4883  EPtot      =    -83003.6839
 BOND   =       572.5416  ANGLE   =      1626.3139  DIHED      =      1053.9644
 UB     =         0.0000  IMP     =         0.0000  CMAP       =       141.3938
 1-4 NB =       661.9609  1-4 EEL =     10091.3176  VDWAALS    =      9039.1660
 EELEC  =   -106190.3421  EHBOND  =         0.0000  RESTRAINT  =         0.0000
 ------------------------------------------------------------------------------

wrapping first mol.:       21.68607       30.66874       53.11980
wrapping first mol.:       21.68607       30.66874       53.11980
wrapping first mol.:       21.68607       30.66874       53.11980
wrapping first mol.:       21.68607       30.66874       53.11980
wrapping first mol.:       21.68607       30.66874       53.11980
wrapping first mol.:       21.68607       30.66874       53.11980
wrapping first mol.:       21.68607       30.66874       53.11980
wrapping first mol.:       21.68607       30.66874       53.11980
wrapping first mol.:       21.68607       30.66874       53.11980
wrapping first mol.:       21.68607       30.66874       53.11980
wrapping first mol.:       21.68607       30.66874       53.11980

 NSTEP =  2300000   TIME(PS) =    4600.000  TEMP(K) =   301.01  PRESS =     0.0
 Etot   =    -69714.7505  EKtot   =     13440.3672  EPtot      =    -83155.1177
 BOND   =       545.0060  ANGLE   =      1601.1091  DIHED      =      1057.1678
 UB     =         0.0000  IMP     =         0.0000  CMAP       =       138.3631
 1-4 NB =       665.8449  1-4 EEL =     10183.2162  VDWAALS    =      9409.7913
 EELEC  =   -106755.6160  EHBOND  =         0.0000  RESTRAINT  =         0.0000
 ------------------------------------------------------------------------------

wrapping first mol.:       21.68607       30.66874       53.11980
wrapping first mol.:       21.68607       30.66874       53.11980
wrapping first mol.:       21.68607       30.66874       53.11980
wrapping first mol.:       21.68607       30.66874       53.11980
wrapping first mol.:       21.68607       30.66874       53.11980
wrapping first mol.:       21.68607       30.66874       53.11980
wrapping first mol.:       21.68607       30.66874       53.11980
wrapping first mol.:       21.68607       30.66874       53.11980
wrapping first mol.:       21.68607       30.66874       53.11980
wrapping first mol.:       21.68607       30.66874       53.11980
wrapping first mol.:       21.68607       30.66874       53.11980

 NSTEP =  2350000   TIME(PS) =    4700.000  TEMP(K) =   298.62  PRESS =     0.0
 Etot   =    -69897.2356  EKtot   =     13333.2568  EPtot      =    -83230.4924
 BOND   =       575.1953  ANGLE   =      1654.7422  DIHED      =      1048.6958
 UB     =         0.0000  IMP     =         0.0000  CMAP       =       136.3196
 1-4 NB =       631.6623  1-4 EEL =     10116.6875  VDWAALS    =      9519.2106
 EELEC  =   -106913.0057  EHBOND  =         0.0000  RESTRAINT  =         0.0000
 ------------------------------------------------------------------------------

wrapping first mol.:       21.68607       30.66874       53.11980
wrapping first mol.:       21.68607       30.66874       53.11980
wrapping first mol.:       21.68607       30.66874       53.11980
wrapping first mol.:       21.68607       30.66874       53.11980
wrapping first mol.:       21.68607       30.66874       53.11980
wrapping first mol.:       21.68607       30.66874       53.11980
wrapping first mol.:       21.68607       30.66874       53.11980
wrapping first mol.:       21.68607       30.66874       53.11980
wrapping first mol.:       21.68607       30.66874       53.11980
wrapping first mol.:       21.68607       30.66874       53.11980
wrapping first mol.:       21.68607       30.66874       53.11980

 NSTEP =  2400000   TIME(PS) =    4800.000  TEMP(K) =   300.51  PRESS =     0.0
 Etot   =    -69481.9764  EKtot   =     13417.8711  EPtot      =    -82899.8475
 BOND   =       587.9037  ANGLE   =      1656.4198  DIHED      =      1036.0390
 UB     =         0.0000  IMP     =         0.0000  CMAP       =       144.9198
 1-4 NB =       648.2592  1-4 EEL =     10144.4359  VDWAALS    =      9318.7835
 EELEC  =   -106436.6084  EHBOND  =         0.0000  RESTRAINT  =         0.0000
 ------------------------------------------------------------------------------

wrapping first mol.:       21.68607       30.66874       53.11980
wrapping first mol.:       21.68607       30.66874       53.11980
wrapping first mol.:       21.68607       30.66874       53.11980
wrapping first mol.:       21.68607       30.66874       53.11980
wrapping first mol.:       21.68607       30.66874       53.11980
wrapping first mol.:       21.68607       30.66874       53.11980
wrapping first mol.:       21.68607       30.66874       53.11980
wrapping first mol.:       21.68607       30.66874       53.11980
wrapping first mol.:       21.68607       30.66874       53.11980
wrapping first mol.:       21.68607       30.66874       53.11980
wrapping first mol.:       21.68607       30.66874       53.11980

 NSTEP =  2450000   TIME(PS) =    4900.000  TEMP(K) =   300.71  PRESS =     0.0
 Etot   =    -69474.7811  EKtot   =     13426.7920  EPtot      =    -82901.5731
 BOND   =       550.6790  ANGLE   =      1637.0857  DIHED      =      1045.1542
 UB     =         0.0000  IMP     =         0.0000  CMAP       =       137.7946
 1-4 NB =       674.1331  1-4 EEL =     10126.4093  VDWAALS    =      9230.9910
 EELEC  =   -106303.8201  EHBOND  =         0.0000  RESTRAINT  =         0.0000
 ------------------------------------------------------------------------------

wrapping first mol.:       21.68607       30.66874       53.11980
wrapping first mol.:       21.68607       30.66874       53.11980
wrapping first mol.:       21.68607       30.66874       53.11980
wrapping first mol.:       21.68607       30.66874       53.11980
wrapping first mol.:       21.68607       30.66874       53.11980
wrapping first mol.:       21.68607       30.66874       53.11980
wrapping first mol.:       21.68607       30.66874       53.11980
wrapping first mol.:       21.68607       30.66874       53.11980
wrapping first mol.:       21.68607       30.66874       53.11980
wrapping first mol.:       21.68607       30.66874       53.11980
wrapping first mol.:       21.68607       30.66874       53.11980

 NSTEP =  2500000   TIME(PS) =    5000.000  TEMP(K) =   302.31  PRESS =     0.0
 Etot   =    -69433.4901  EKtot   =     13498.2168  EPtot      =    -82931.7069
 BOND   =       606.9444  ANGLE   =      1659.4769  DIHED      =      1047.2209
 UB     =         0.0000  IMP     =         0.0000  CMAP       =       146.7145
 1-4 NB =       663.0289  1-4 EEL =     10126.8078  VDWAALS    =      9188.6272
 EELEC  =   -106370.5275  EHBOND  =         0.0000  RESTRAINT  =         0.0000
 ------------------------------------------------------------------------------


      A V E R A G E S   O V E R      50 S T E P S


 NSTEP =  2500000   TIME(PS) =    5000.000  TEMP(K) =   300.26  PRESS =     0.0
 Etot   =    -69543.2062  EKtot   =     13406.8041  EPtot      =    -82950.0103
 BOND   =       571.8749  ANGLE   =      1625.2154  DIHED      =      1067.1559
 UB     =         0.0000  IMP     =         0.0000  CMAP       =       142.9810
 1-4 NB =       661.0625  1-4 EEL =     10126.3196  VDWAALS    =      9154.0401
 EELEC  =   -106298.6595  EHBOND  =         0.0000  RESTRAINT  =         0.0000
 ------------------------------------------------------------------------------


      R M S  F L U C T U A T I O N S


 NSTEP =  2500000   TIME(PS) =    5000.000  TEMP(K) =     2.07  PRESS =     0.0
 Etot   =       164.2524  EKtot   =        92.5382  EPtot      =       140.8172
 BOND   =        18.0072  ANGLE   =        25.9920  DIHED      =        17.0134
 UB     =         0.0000  IMP     =         0.0000  CMAP       =         6.1383
 1-4 NB =        10.9044  1-4 EEL =        26.2664  VDWAALS    =       140.0266
 EELEC  =       239.3383  EHBOND  =         0.0000  RESTRAINT  =         0.0000
 ------------------------------------------------------------------------------

--------------------------------------------------------------------------------
   5.  TIMINGS
--------------------------------------------------------------------------------

|  NonSetup CPU Time in Major Routines:
|
|     Routine           Sec        %
|     ------------------------------
|     Nonbond         630.76   13.00
|     Bond              0.00    0.00
|     Angle             0.00    0.00
|     Dihedral          0.00    0.00
|     Shake            20.94    0.43
|     RunMD          4197.69   86.50
|     Other             3.63    0.07
|     ------------------------------
|     Total          4853.02

|  PME Nonbond Pairlist CPU Time:
|
|     Routine              Sec        %
|     ---------------------------------
|     Set Up Cit           0.00    0.00
|     Build List           0.00    0.00
|     ---------------------------------
|     Total                0.00    0.00

|  PME Direct Force CPU Time:
|
|     Routine              Sec        %
|     ---------------------------------
|     NonBonded Calc       0.00    0.00
|     Exclude Masked       0.00    0.00
|     Other                1.95    0.04
|     ---------------------------------
|     Total                1.95    0.04

|  PME Reciprocal Force CPU Time:
|
|     Routine              Sec        %
|     ---------------------------------
|     1D bspline           0.00    0.00
|     Grid Charges         0.00    0.00
|     Scalar Sum           0.00    0.00
|     Gradient Sum         0.00    0.00
|     FFT                  0.00    0.00
|     ---------------------------------
|     Total                0.00    0.00

|  Final Performance Info:
|     -----------------------------------------------------
|     Average timings for last       1 steps:
|     Elapsed(s) =       0.00 Per Step(ms) =       0.19
|         ns/day =     894.80   seconds/ns =      96.56
|
|     Average timings for all steps:
|     Elapsed(s) =    4863.18 Per Step(ms) =       1.95
|         ns/day =      88.83   seconds/ns =     972.64
|     -----------------------------------------------------

|  Setup CPU time:            0.64 seconds
|  NonSetup CPU time:      4853.02 seconds
|  Total CPU time:         4853.66 seconds     1.35 hours

|  Setup wall time:           0    seconds
|  NonSetup wall time:     4863    seconds
|  Total wall time:        4863    seconds     1.35 hours
