
          -------------------------------------------------------
          Amber 18 PMEMD                              2018
          -------------------------------------------------------

| PMEMD implementation of SANDER, Release 18

| Run on 12/29/2020 at 14:55:32

|   Executable path: pmemd.cuda
| Working directory: /home/almacen/pbarletta/dynein/run/3zkf/2_pdt
|          Hostname: Unknown
  [-O]verwriting output

File Assignments:
|   MDIN: pre_pdt.in                                                            
|  MDOUT: 0pdt.out                                                              
| INPCRD: 2_3zkf.rst7                                                           
|   PARM: /home/almacen/pbarletta/dynein/top_files/3zkf.prmtop                  
| RESTRT: 0p2_3zkf.rst7                                                         
|   REFC: refc                                                                  
|  MDVEL: mdvel                                                                 
|   MDEN: mden                                                                  
|  MDCRD: 0p2_3zkf.nc                                                           
| MDINFO: mdinfo                                                                
|  MDFRC: mdfrc                                                                 


 Here is the input file:

Production run                                                                 
&cntrl                                                                         
imin = 0,                           ! No Minimization                          
nmropt = 0,                         ! No NMR restraints read                   
                                                                               
! Nature and format of the input                                               
ntx = 5,                            ! Coordinates and velocities will be read  
irest = 1,                          ! Do not run a new simulation              
                                                                               
! Nature and format of the output                                              
ntxo = 1,                           ! rstrt file in ASCII format               
ntpr = 50000,                       ! inf in output every ntpr steps           
ntwr = 50000,                       ! rstrt file every ntwr steps              
ntwx = 5000,                        ! mdcrd file every ntwx steps              
ntwv = 0,                           ! mdvel without velocities                 
ntwe = 0,                           ! Energies and temperatures not written in 
idecomp = 0,                        ! No energy decomposition                  
iwrap = 1,                          ! Coordinates of the restart and mdcrd file
                                                                               
! Frozen or restrained atoms                                                   
ibelly = 0,                         ! No frozen atoms                          
ntr=0,                              ! Harmonic potential restraints            
                                                                               
! Molecular dynamics                                                           
nstlim = 2500000,                   ! Number of MD-steps                       
dt = 0.002,                         ! Time step                                
                                                                               
! Temperature regulation                                                       
ntt = 3,                            ! Langevin thermostat                      
gamma_ln = 2,                       ! Gamma constant for Langevin              
temp0 = 300.0,                      ! Reference T at which the system is to be 
tempi = 300.0,                      ! Initial T                                
ig = -1,                            ! Seed for the RNG                         
                                                                               
! P and V regulation                                                           
!barostat = 1,                      ! Berendsen barostat                       
!taup = 1,                          ! Pressure relaxation time                 
ntp = 0,                            ! constant V                               
ntb = 1,                            ! Periodic box for constant V              
                                                                               
! SHAKE variables                                                              
ntc = 2,                            ! Bonds involving H are constrained        
ntf = 2,                            ! Bond interaction involving H are ommited.
                                                                               
cut = 9.0,                          ! Nonbonded cutoff                         
/                                                                              
&end                                                                           


Note: ig = -1. Setting random seed to   967044 based on wallclock time in 
      microseconds.
| irandom = 1, using AMBER's internal random number generator (default).
 
|--------------------- INFORMATION ----------------------
| GPU (CUDA) Version of PMEMD in use: NVIDIA GPU IN USE.
|                    Version 18.0.0
| 
|                      03/25/2018
| 
| Implementation by:
|                    Ross C. Walker     (SDSC)
|                    Scott Le Grand     (nVIDIA)
| 
| Version 18 performance extensions by:
|                    David Cerutti     (Rutgers)
| 
| Precision model in use:
|      [SPFP] - Single Precision Forces, 64-bit Fixed Point
|               Accumulation. (Default)
| 
|--------------------------------------------------------
 
|----------------- CITATION INFORMATION -----------------
|
|    When publishing work that utilized the CUDA version
|    of AMBER, please cite the following in addition to
|    the regular AMBER citations:
|
|  - Romelia Salomon-Ferrer; Andreas W. Goetz; Duncan
|    Poole; Scott Le Grand; Ross C. Walker "Routine
|    microsecond molecular dynamics simulations with
|    AMBER - Part II: Particle Mesh Ewald", J. Chem.
|    Theory Comput., 2013, 9 (9), pp3878-3888,
|    DOI: 10.1021/ct400314y.
|
|  - Andreas W. Goetz; Mark J. Williamson; Dong Xu;
|    Duncan Poole; Scott Le Grand; Ross C. Walker
|    "Routine microsecond molecular dynamics simulations
|    with AMBER - Part I: Generalized Born", J. Chem.
|    Theory Comput., 2012, 8 (5), pp1542-1555.
|
|  - Scott Le Grand; Andreas W. Goetz; Ross C. Walker
|    "SPFP: Speed without compromise - a mixed precision
|    model for GPU accelerated molecular dynamics
|    simulations.", Comp. Phys. Comm., 2013, 184
|    pp374-380, DOI: 10.1016/j.cpc.2012.09.022
|
|--------------------------------------------------------
 
|------------------- GPU DEVICE INFO --------------------
|
|            CUDA_VISIBLE_DEVICES: 0
|   CUDA Capable Devices Detected:      1
|           CUDA Device ID in use:      0
|                CUDA Device Name: GeForce GTX 1080 Ti
|     CUDA Device Global Mem Size:  11178 MB
| CUDA Device Num Multiprocessors:     28
|           CUDA Device Core Freq:   1.72 GHz
|
|--------------------------------------------------------
 
 
| Conditional Compilation Defines Used:
| PUBFFT
| BINTRAJ
| CUDA
| EMIL

| Largest sphere to fit in unit cell has radius =    26.560

| New format PARM file being parsed.
| Version =    1.000 Date = 09/22/20 Time = 13:28:43

| Note: 1-4 EEL scale factors are being read from the topology file.

| Note: 1-4 VDW scale factors are being read from the topology file.
| Duplicated    0 dihedrals

| Duplicated    0 dihedrals

--------------------------------------------------------------------------------
   1.  RESOURCE   USE: 
--------------------------------------------------------------------------------

 getting new box info from bottom of inpcrd
 NATOM  =   27928 NTYPES =      22 NBONH =   20171 MBONA  =    7787
 NTHETH =    3412 MTHETA =    2100 NPHIH =    6826 MPHIA  =    6560
 NHPARM =       0 NPARM  =       0 NNB   =   60209 NRES   =    6415
 NBONA  =    7787 NTHETA =    2100 NPHIA =    6560 NUMBND =      77
 NUMANG =     177 NPTRA  =     201 NATYP =      41 NPHB   =       1
 IFBOX  =       2 NMXRS  =      24 IFCAP =       0 NEXTRA =    6225
 NCOPY  =       0


| Coordinate Index Table dimensions:    11   11   11
| Direct force subcell size =     5.9144    5.9144    5.9144

     BOX TYPE: TRUNCATED OCTAHEDRON

--------------------------------------------------------------------------------
   2.  CONTROL  DATA  FOR  THE  RUN
--------------------------------------------------------------------------------

default_name                                                                    

General flags:
     imin    =       0, nmropt  =       0

Nature and format of input:
     ntx     =       5, irest   =       1, ntrx    =       1

Nature and format of output:
     ntxo    =       1, ntpr    =   50000, ntrx    =       1, ntwr    =   50000
     iwrap   =       1, ntwx    =    5000, ntwv    =       0, ntwe    =       0
     ioutfm  =       1, ntwprt  =       0, idecomp =       0, rbornstat=      0

Potential function:
     ntf     =       2, ntb     =       1, igb     =       0, nsnb    =      25
     ipol    =       0, gbsa    =       0, iesp    =       0
     dielc   =   1.00000, cut     =   9.00000, intdiel =   1.00000

Frozen or restrained atoms:
     ibelly  =       0, ntr     =       0

Molecular dynamics:
     nstlim  =   2500000, nscm    =      1000, nrespa  =         1
     t       =   0.00000, dt      =   0.00200, vlimit  =  -1.00000

Langevin dynamics temperature regulation:
     ig      =  967044
     temp0   = 300.00000, tempi   = 300.00000, gamma_ln=   2.00000

SHAKE:
     ntc     =       2, jfastw  =       0
     tol     =   0.00001

| Intermolecular bonds treatment:
|     no_intermolecular_bonds =       1

| Energy averages sample interval:
|     ene_avg_sampling =   50000

Extra-points options:
     frameon =       1, chngmask=       1

Ewald parameters:
     verbose =       0, ew_type =       0, nbflag  =       1, use_pme =       1
     vdwmeth =       1, eedmeth =       1, netfrc  =       1
     Box X =   65.058   Box Y =   65.058   Box Z =   65.058
     Alpha =  109.471   Beta  =  109.471   Gamma =  109.471
     NFFT1 =   64       NFFT2 =   64       NFFT3 =   64
     Cutoff=    9.000   Tol   =0.100E-04
     Ewald Coefficient =  0.30768
     Interpolation order =    4
|      EXTRA_PTS, trim_bonds: num bonds BEFORE trim = 20171     0
|      EXTRA_PTS, trim_bonds: num bonds AFTER  trim = 20171     0
|      EXTRA_PTS, trim_bonds: num bonds BEFORE trim =  7787     0
|      EXTRA_PTS, trim_bonds: num bonds AFTER  trim =  1562     0
|      EXTRA_PTS, trim_theta: num angle BEFORE trim =  3412     0
|      EXTRA_PTS, trim_theta: num angle AFTER  trim =  3412     0
|      EXTRA_PTS, trim_theta: num angle BEFORE trim =  2100     0
|      EXTRA_PTS, trim_theta: num angle AFTER  trim =  2100     0
|      EXTRA_PTS, trim_phi:  num diheds BEFORE trim =  6826     0
|      EXTRA_PTS, trim_phi:  num diheds AFTER  trim =  6826     0
|      EXTRA_PTS, trim_phi:  num diheds BEFORE trim =  6560     0
|      EXTRA_PTS, trim_phi:  num diheds AFTER  trim =  6560     0

--------------------------------------------------------------------------------
   3.  ATOMIC COORDINATES AND VELOCITIES
--------------------------------------------------------------------------------

Cpptraj Generated Restart                                                       
 begin time read from input coords =     0.000 ps

 
 Number of triangulated 3-point waters found:     6225

     Sum of charges from parm topology file =   0.00003399
     Forcing neutrality...

| Dynamic Memory, Types Used:
| Reals              904735
| Integers          2045888

| Nonbonded Pairs Initial Allocation:     6367584

| GPU memory information (estimate):
| KB of GPU memory in use:         0
| KB of CPU memory in use:         0

--------------------------------------------------------------------------------
   4.  RESULTS
--------------------------------------------------------------------------------

wrapping first mol.:       21.68607       30.66874       53.11980
wrapping first mol.:       21.68607       30.66874       53.11980
wrapping first mol.:       21.68607       30.66874       53.11980
wrapping first mol.:       21.68607       30.66874       53.11980
wrapping first mol.:       21.68607       30.66874       53.11980
wrapping first mol.:       21.68607       30.66874       53.11980
wrapping first mol.:       21.68607       30.66874       53.11980
wrapping first mol.:       21.68607       30.66874       53.11980
wrapping first mol.:       21.68607       30.66874       53.11980
wrapping first mol.:       21.68607       30.66874       53.11980
wrapping first mol.:       21.68607       30.66874       53.11980

 NSTEP =    50000   TIME(PS) =     100.000  TEMP(K) =   301.31  PRESS =     0.0
 Etot   =    -69666.7194  EKtot   =     13453.4365  EPtot      =    -83120.1559
 BOND   =       595.5786  ANGLE   =      1587.9066  DIHED      =      1054.7563
 UB     =         0.0000  IMP     =         0.0000  CMAP       =       151.8493
 1-4 NB =       663.5685  1-4 EEL =     10158.0318  VDWAALS    =      9297.4134
 EELEC  =   -106629.2605  EHBOND  =         0.0000  RESTRAINT  =         0.0000
 ------------------------------------------------------------------------------

wrapping first mol.:       21.68607       30.66874       53.11980
wrapping first mol.:       21.68607       30.66874       53.11980
wrapping first mol.:       21.68607       30.66874       53.11980
wrapping first mol.:       21.68607       30.66874       53.11980
wrapping first mol.:       21.68607       30.66874       53.11980
wrapping first mol.:       21.68607       30.66874       53.11980
wrapping first mol.:       21.68607       30.66874       53.11980
wrapping first mol.:       21.68607       30.66874       53.11980
wrapping first mol.:       21.68607       30.66874       53.11980
wrapping first mol.:       21.68607       30.66874       53.11980
wrapping first mol.:       21.68607       30.66874       53.11980

 NSTEP =   100000   TIME(PS) =     200.000  TEMP(K) =   300.46  PRESS =     0.0
 Etot   =    -69253.2271  EKtot   =     13415.5645  EPtot      =    -82668.7916
 BOND   =       548.1883  ANGLE   =      1614.5493  DIHED      =      1064.9840
 UB     =         0.0000  IMP     =         0.0000  CMAP       =       139.0075
 1-4 NB =       663.8067  1-4 EEL =     10117.0554  VDWAALS    =      8861.6400
 EELEC  =   -105678.0228  EHBOND  =         0.0000  RESTRAINT  =         0.0000
 ------------------------------------------------------------------------------

wrapping first mol.:       21.68607       30.66874       53.11980
wrapping first mol.:       21.68607       30.66874       53.11980
wrapping first mol.:       21.68607       30.66874       53.11980
wrapping first mol.:       21.68607       30.66874       53.11980
wrapping first mol.:       21.68607       30.66874       53.11980
wrapping first mol.:       21.68607       30.66874       53.11980
wrapping first mol.:       21.68607       30.66874       53.11980
wrapping first mol.:       21.68607       30.66874       53.11980
wrapping first mol.:       21.68607       30.66874       53.11980
wrapping first mol.:       21.68607       30.66874       53.11980
wrapping first mol.:       21.68607       30.66874       53.11980

 NSTEP =   150000   TIME(PS) =     300.000  TEMP(K) =   301.67  PRESS =     0.0
 Etot   =    -69354.5480  EKtot   =     13469.4404  EPtot      =    -82823.9885
 BOND   =       573.2781  ANGLE   =      1630.7405  DIHED      =      1076.3406
 UB     =         0.0000  IMP     =         0.0000  CMAP       =       146.6647
 1-4 NB =       651.8574  1-4 EEL =     10162.1755  VDWAALS    =      9037.6884
 EELEC  =   -106102.7337  EHBOND  =         0.0000  RESTRAINT  =         0.0000
 ------------------------------------------------------------------------------

wrapping first mol.:       21.68607       30.66874       53.11980
wrapping first mol.:       21.68607       30.66874       53.11980
wrapping first mol.:       21.68607       30.66874       53.11980
wrapping first mol.:       21.68607       30.66874       53.11980
wrapping first mol.:       21.68607       30.66874       53.11980
wrapping first mol.:       21.68607       30.66874       53.11980
wrapping first mol.:       21.68607       30.66874       53.11980
wrapping first mol.:       21.68607       30.66874       53.11980
wrapping first mol.:       21.68607       30.66874       53.11980
wrapping first mol.:       21.68607       30.66874       53.11980
wrapping first mol.:       21.68607       30.66874       53.11980

 NSTEP =   200000   TIME(PS) =     400.000  TEMP(K) =   302.51  PRESS =     0.0
 Etot   =    -69649.1342  EKtot   =     13507.1689  EPtot      =    -83156.3032
 BOND   =       586.5110  ANGLE   =      1665.9327  DIHED      =      1075.4495
 UB     =         0.0000  IMP     =         0.0000  CMAP       =       140.5547
 1-4 NB =       663.7372  1-4 EEL =     10141.6243  VDWAALS    =      9351.5641
 EELEC  =   -106781.6766  EHBOND  =         0.0000  RESTRAINT  =         0.0000
 ------------------------------------------------------------------------------

wrapping first mol.:       21.68607       30.66874       53.11980
wrapping first mol.:       21.68607       30.66874       53.11980
wrapping first mol.:       21.68607       30.66874       53.11980
wrapping first mol.:       21.68607       30.66874       53.11980
wrapping first mol.:       21.68607       30.66874       53.11980
wrapping first mol.:       21.68607       30.66874       53.11980
wrapping first mol.:       21.68607       30.66874       53.11980
wrapping first mol.:       21.68607       30.66874       53.11980
wrapping first mol.:       21.68607       30.66874       53.11980
wrapping first mol.:       21.68607       30.66874       53.11980
wrapping first mol.:       21.68607       30.66874       53.11980

 NSTEP =   250000   TIME(PS) =     500.000  TEMP(K) =   297.92  PRESS =     0.0
 Etot   =    -69544.7491  EKtot   =     13302.1660  EPtot      =    -82846.9151
 BOND   =       572.1242  ANGLE   =      1668.1854  DIHED      =      1076.8767
 UB     =         0.0000  IMP     =         0.0000  CMAP       =       145.9485
 1-4 NB =       667.7030  1-4 EEL =     10132.3412  VDWAALS    =      9337.4529
 EELEC  =   -106447.5470  EHBOND  =         0.0000  RESTRAINT  =         0.0000
 ------------------------------------------------------------------------------

wrapping first mol.:       21.68607       30.66874       53.11980
wrapping first mol.:       21.68607       30.66874       53.11980
wrapping first mol.:       21.68607       30.66874       53.11980
wrapping first mol.:       21.68607       30.66874       53.11980
wrapping first mol.:       21.68607       30.66874       53.11980
wrapping first mol.:       21.68607       30.66874       53.11980
wrapping first mol.:       21.68607       30.66874       53.11980
wrapping first mol.:       21.68607       30.66874       53.11980
wrapping first mol.:       21.68607       30.66874       53.11980
wrapping first mol.:       21.68607       30.66874       53.11980
wrapping first mol.:       21.68607       30.66874       53.11980

 NSTEP =   300000   TIME(PS) =     600.000  TEMP(K) =   298.04  PRESS =     0.0
 Etot   =    -69595.2764  EKtot   =     13307.3535  EPtot      =    -82902.6299
 BOND   =       589.0486  ANGLE   =      1672.6562  DIHED      =      1080.9395
 UB     =         0.0000  IMP     =         0.0000  CMAP       =       140.8205
 1-4 NB =       666.5075  1-4 EEL =     10129.5847  VDWAALS    =      9028.0725
 EELEC  =   -106210.2596  EHBOND  =         0.0000  RESTRAINT  =         0.0000
 ------------------------------------------------------------------------------

wrapping first mol.:       21.68607       30.66874       53.11980
wrapping first mol.:       21.68607       30.66874       53.11980
wrapping first mol.:       21.68607       30.66874       53.11980
wrapping first mol.:       21.68607       30.66874       53.11980
wrapping first mol.:       21.68607       30.66874       53.11980
wrapping first mol.:       21.68607       30.66874       53.11980
wrapping first mol.:       21.68607       30.66874       53.11980
wrapping first mol.:       21.68607       30.66874       53.11980
wrapping first mol.:       21.68607       30.66874       53.11980
wrapping first mol.:       21.68607       30.66874       53.11980
wrapping first mol.:       21.68607       30.66874       53.11980

 NSTEP =   350000   TIME(PS) =     700.000  TEMP(K) =   300.47  PRESS =     0.0
 Etot   =    -69630.7902  EKtot   =     13416.0078  EPtot      =    -83046.7980
 BOND   =       557.6450  ANGLE   =      1621.3569  DIHED      =      1053.2711
 UB     =         0.0000  IMP     =         0.0000  CMAP       =       147.8117
 1-4 NB =       660.6772  1-4 EEL =     10143.5799  VDWAALS    =      9209.6074
 EELEC  =   -106440.7472  EHBOND  =         0.0000  RESTRAINT  =         0.0000
 ------------------------------------------------------------------------------

wrapping first mol.:       21.68607       30.66874       53.11980
wrapping first mol.:       21.68607       30.66874       53.11980
wrapping first mol.:       21.68607       30.66874       53.11980
wrapping first mol.:       21.68607       30.66874       53.11980
wrapping first mol.:       21.68607       30.66874       53.11980
wrapping first mol.:       21.68607       30.66874       53.11980
wrapping first mol.:       21.68607       30.66874       53.11980
wrapping first mol.:       21.68607       30.66874       53.11980
wrapping first mol.:       21.68607       30.66874       53.11980
wrapping first mol.:       21.68607       30.66874       53.11980
wrapping first mol.:       21.68607       30.66874       53.11980

 NSTEP =   400000   TIME(PS) =     800.000  TEMP(K) =   297.61  PRESS =     0.0
 Etot   =    -69531.7747  EKtot   =     13288.2451  EPtot      =    -82820.0199
 BOND   =       552.3253  ANGLE   =      1613.1822  DIHED      =      1056.7467
 UB     =         0.0000  IMP     =         0.0000  CMAP       =       138.5432
 1-4 NB =       677.6750  1-4 EEL =     10197.7668  VDWAALS    =      9293.2163
 EELEC  =   -106349.4753  EHBOND  =         0.0000  RESTRAINT  =         0.0000
 ------------------------------------------------------------------------------

wrapping first mol.:       21.68607       30.66874       53.11980
wrapping first mol.:       21.68607       30.66874       53.11980
wrapping first mol.:       21.68607       30.66874       53.11980
wrapping first mol.:       21.68607       30.66874       53.11980
wrapping first mol.:       21.68607       30.66874       53.11980
wrapping first mol.:       21.68607       30.66874       53.11980
wrapping first mol.:       21.68607       30.66874       53.11980
wrapping first mol.:       21.68607       30.66874       53.11980
wrapping first mol.:       21.68607       30.66874       53.11980
wrapping first mol.:       21.68607       30.66874       53.11980
wrapping first mol.:       21.68607       30.66874       53.11980

 NSTEP =   450000   TIME(PS) =     900.000  TEMP(K) =   302.41  PRESS =     0.0
 Etot   =    -69284.3432  EKtot   =     13502.8350  EPtot      =    -82787.1781
 BOND   =       578.0894  ANGLE   =      1621.6705  DIHED      =      1091.7609
 UB     =         0.0000  IMP     =         0.0000  CMAP       =       139.2359
 1-4 NB =       667.3393  1-4 EEL =     10170.4151  VDWAALS    =      9369.6965
 EELEC  =   -106425.3857  EHBOND  =         0.0000  RESTRAINT  =         0.0000
 ------------------------------------------------------------------------------

wrapping first mol.:       21.68607       30.66874       53.11980
wrapping first mol.:       21.68607       30.66874       53.11980
wrapping first mol.:       21.68607       30.66874       53.11980
wrapping first mol.:       21.68607       30.66874       53.11980
wrapping first mol.:       21.68607       30.66874       53.11980
wrapping first mol.:       21.68607       30.66874       53.11980
wrapping first mol.:       21.68607       30.66874       53.11980
wrapping first mol.:       21.68607       30.66874       53.11980
wrapping first mol.:       21.68607       30.66874       53.11980
wrapping first mol.:       21.68607       30.66874       53.11980
wrapping first mol.:       21.68607       30.66874       53.11980

 NSTEP =   500000   TIME(PS) =    1000.000  TEMP(K) =   299.52  PRESS =     0.0
 Etot   =    -69542.0814  EKtot   =     13373.4121  EPtot      =    -82915.4935
 BOND   =       552.9887  ANGLE   =      1621.0371  DIHED      =      1059.7585
 UB     =         0.0000  IMP     =         0.0000  CMAP       =       138.9136
 1-4 NB =       670.6716  1-4 EEL =     10163.9323  VDWAALS    =      9121.1110
 EELEC  =   -106243.9064  EHBOND  =         0.0000  RESTRAINT  =         0.0000
 ------------------------------------------------------------------------------

wrapping first mol.:       21.68607       30.66874       53.11980
wrapping first mol.:       21.68607       30.66874       53.11980
wrapping first mol.:       21.68607       30.66874       53.11980
wrapping first mol.:       21.68607       30.66874       53.11980
wrapping first mol.:       21.68607       30.66874       53.11980
wrapping first mol.:       21.68607       30.66874       53.11980
wrapping first mol.:       21.68607       30.66874       53.11980
wrapping first mol.:       21.68607       30.66874       53.11980
wrapping first mol.:       21.68607       30.66874       53.11980
wrapping first mol.:       21.68607       30.66874       53.11980
wrapping first mol.:       21.68607       30.66874       53.11980

 NSTEP =   550000   TIME(PS) =    1100.000  TEMP(K) =   300.10  PRESS =     0.0
 Etot   =    -69565.2928  EKtot   =     13399.3789  EPtot      =    -82964.6717
 BOND   =       569.5292  ANGLE   =      1598.5943  DIHED      =      1095.7566
 UB     =         0.0000  IMP     =         0.0000  CMAP       =       145.2650
 1-4 NB =       666.6704  1-4 EEL =     10184.9361  VDWAALS    =      9316.2140
 EELEC  =   -106541.6374  EHBOND  =         0.0000  RESTRAINT  =         0.0000
 ------------------------------------------------------------------------------

wrapping first mol.:       21.68607       30.66874       53.11980
wrapping first mol.:       21.68607       30.66874       53.11980
wrapping first mol.:       21.68607       30.66874       53.11980
wrapping first mol.:       21.68607       30.66874       53.11980
wrapping first mol.:       21.68607       30.66874       53.11980
wrapping first mol.:       21.68607       30.66874       53.11980
wrapping first mol.:       21.68607       30.66874       53.11980
wrapping first mol.:       21.68607       30.66874       53.11980
wrapping first mol.:       21.68607       30.66874       53.11980
wrapping first mol.:       21.68607       30.66874       53.11980
wrapping first mol.:       21.68607       30.66874       53.11980

 NSTEP =   600000   TIME(PS) =    1200.000  TEMP(K) =   299.35  PRESS =     0.0
 Etot   =    -69438.8569  EKtot   =     13366.2598  EPtot      =    -82805.1167
 BOND   =       580.8982  ANGLE   =      1628.3978  DIHED      =      1055.1137
 UB     =         0.0000  IMP     =         0.0000  CMAP       =       137.8851
 1-4 NB =       677.8280  1-4 EEL =     10189.2206  VDWAALS    =      9092.4215
 EELEC  =   -106166.8815  EHBOND  =         0.0000  RESTRAINT  =         0.0000
 ------------------------------------------------------------------------------

wrapping first mol.:       21.68607       30.66874       53.11980
wrapping first mol.:       21.68607       30.66874       53.11980
wrapping first mol.:       21.68607       30.66874       53.11980
wrapping first mol.:       21.68607       30.66874       53.11980
wrapping first mol.:       21.68607       30.66874       53.11980
wrapping first mol.:       21.68607       30.66874       53.11980
wrapping first mol.:       21.68607       30.66874       53.11980
wrapping first mol.:       21.68607       30.66874       53.11980
wrapping first mol.:       21.68607       30.66874       53.11980
wrapping first mol.:       21.68607       30.66874       53.11980
wrapping first mol.:       21.68607       30.66874       53.11980

 NSTEP =   650000   TIME(PS) =    1300.000  TEMP(K) =   300.98  PRESS =     0.0
 Etot   =    -69745.0504  EKtot   =     13438.9492  EPtot      =    -83183.9996
 BOND   =       579.2039  ANGLE   =      1587.6266  DIHED      =      1054.7615
 UB     =         0.0000  IMP     =         0.0000  CMAP       =       132.3371
 1-4 NB =       675.6390  1-4 EEL =     10173.2887  VDWAALS    =      9081.7842
 EELEC  =   -106468.6406  EHBOND  =         0.0000  RESTRAINT  =         0.0000
 ------------------------------------------------------------------------------

wrapping first mol.:       21.68607       30.66874       53.11980
wrapping first mol.:       21.68607       30.66874       53.11980
wrapping first mol.:       21.68607       30.66874       53.11980
wrapping first mol.:       21.68607       30.66874       53.11980
wrapping first mol.:       21.68607       30.66874       53.11980
wrapping first mol.:       21.68607       30.66874       53.11980
wrapping first mol.:       21.68607       30.66874       53.11980
wrapping first mol.:       21.68607       30.66874       53.11980
wrapping first mol.:       21.68607       30.66874       53.11980
wrapping first mol.:       21.68607       30.66874       53.11980
wrapping first mol.:       21.68607       30.66874       53.11980

 NSTEP =   700000   TIME(PS) =    1400.000  TEMP(K) =   299.56  PRESS =     0.0
 Etot   =    -69682.6788  EKtot   =     13375.4893  EPtot      =    -83058.1681
 BOND   =       575.7103  ANGLE   =      1648.8175  DIHED      =      1078.8791
 UB     =         0.0000  IMP     =         0.0000  CMAP       =       130.4781
 1-4 NB =       668.4691  1-4 EEL =     10139.6344  VDWAALS    =      9032.8844
 EELEC  =   -106333.0409  EHBOND  =         0.0000  RESTRAINT  =         0.0000
 ------------------------------------------------------------------------------

wrapping first mol.:       21.68607       30.66874       53.11980
wrapping first mol.:       21.68607       30.66874       53.11980
wrapping first mol.:       21.68607       30.66874       53.11980
wrapping first mol.:       21.68607       30.66874       53.11980
wrapping first mol.:       21.68607       30.66874       53.11980
wrapping first mol.:       21.68607       30.66874       53.11980
wrapping first mol.:       21.68607       30.66874       53.11980
wrapping first mol.:       21.68607       30.66874       53.11980
wrapping first mol.:       21.68607       30.66874       53.11980
wrapping first mol.:       21.68607       30.66874       53.11980
wrapping first mol.:       21.68607       30.66874       53.11980

 NSTEP =   750000   TIME(PS) =    1500.000  TEMP(K) =   297.74  PRESS =     0.0
 Etot   =    -69760.7754  EKtot   =     13294.3477  EPtot      =    -83055.1231
 BOND   =       567.0422  ANGLE   =      1637.8052  DIHED      =      1061.0094
 UB     =         0.0000  IMP     =         0.0000  CMAP       =       136.3691
 1-4 NB =       668.8892  1-4 EEL =     10158.7063  VDWAALS    =      9309.1336
 EELEC  =   -106594.0781  EHBOND  =         0.0000  RESTRAINT  =         0.0000
 ------------------------------------------------------------------------------

wrapping first mol.:       21.68607       30.66874       53.11980
wrapping first mol.:       21.68607       30.66874       53.11980
wrapping first mol.:       21.68607       30.66874       53.11980
wrapping first mol.:       21.68607       30.66874       53.11980
wrapping first mol.:       21.68607       30.66874       53.11980
wrapping first mol.:       21.68607       30.66874       53.11980
wrapping first mol.:       21.68607       30.66874       53.11980
wrapping first mol.:       21.68607       30.66874       53.11980
wrapping first mol.:       21.68607       30.66874       53.11980
wrapping first mol.:       21.68607       30.66874       53.11980
wrapping first mol.:       21.68607       30.66874       53.11980

 NSTEP =   800000   TIME(PS) =    1600.000  TEMP(K) =   298.69  PRESS =     0.0
 Etot   =    -69598.8043  EKtot   =     13336.7861  EPtot      =    -82935.5904
 BOND   =       558.8973  ANGLE   =      1660.1030  DIHED      =      1080.7108
 UB     =         0.0000  IMP     =         0.0000  CMAP       =       132.9963
 1-4 NB =       679.9230  1-4 EEL =     10122.0650  VDWAALS    =      9146.3083
 EELEC  =   -106316.5941  EHBOND  =         0.0000  RESTRAINT  =         0.0000
 ------------------------------------------------------------------------------

wrapping first mol.:       21.68607       30.66874       53.11980
wrapping first mol.:       21.68607       30.66874       53.11980
wrapping first mol.:       21.68607       30.66874       53.11980
wrapping first mol.:       21.68607       30.66874       53.11980
wrapping first mol.:       21.68607       30.66874       53.11980
wrapping first mol.:       21.68607       30.66874       53.11980
wrapping first mol.:       21.68607       30.66874       53.11980
wrapping first mol.:       21.68607       30.66874       53.11980
wrapping first mol.:       21.68607       30.66874       53.11980
wrapping first mol.:       21.68607       30.66874       53.11980
wrapping first mol.:       21.68607       30.66874       53.11980

 NSTEP =   850000   TIME(PS) =    1700.000  TEMP(K) =   298.78  PRESS =     0.0
 Etot   =    -69469.3077  EKtot   =     13340.7803  EPtot      =    -82810.0879
 BOND   =       552.4113  ANGLE   =      1590.1380  DIHED      =      1099.2668
 UB     =         0.0000  IMP     =         0.0000  CMAP       =       146.6547
 1-4 NB =       662.6279  1-4 EEL =     10162.3238  VDWAALS    =      9160.4090
 EELEC  =   -106183.9195  EHBOND  =         0.0000  RESTRAINT  =         0.0000
 ------------------------------------------------------------------------------

wrapping first mol.:       21.68607       30.66874       53.11980
wrapping first mol.:       21.68607       30.66874       53.11980
wrapping first mol.:       21.68607       30.66874       53.11980
wrapping first mol.:       21.68607       30.66874       53.11980
wrapping first mol.:       21.68607       30.66874       53.11980
wrapping first mol.:       21.68607       30.66874       53.11980
wrapping first mol.:       21.68607       30.66874       53.11980
wrapping first mol.:       21.68607       30.66874       53.11980
wrapping first mol.:       21.68607       30.66874       53.11980
wrapping first mol.:       21.68607       30.66874       53.11980
wrapping first mol.:       21.68607       30.66874       53.11980

 NSTEP =   900000   TIME(PS) =    1800.000  TEMP(K) =   300.08  PRESS =     0.0
 Etot   =    -69626.3756  EKtot   =     13398.5498  EPtot      =    -83024.9254
 BOND   =       568.2030  ANGLE   =      1647.3322  DIHED      =      1084.5859
 UB     =         0.0000  IMP     =         0.0000  CMAP       =       148.5639
 1-4 NB =       670.0871  1-4 EEL =     10193.8105  VDWAALS    =      9248.0433
 EELEC  =   -106585.5513  EHBOND  =         0.0000  RESTRAINT  =         0.0000
 ------------------------------------------------------------------------------

wrapping first mol.:       21.68607       30.66874       53.11980
wrapping first mol.:       21.68607       30.66874       53.11980
wrapping first mol.:       21.68607       30.66874       53.11980
wrapping first mol.:       21.68607       30.66874       53.11980
wrapping first mol.:       21.68607       30.66874       53.11980
wrapping first mol.:       21.68607       30.66874       53.11980
wrapping first mol.:       21.68607       30.66874       53.11980
wrapping first mol.:       21.68607       30.66874       53.11980
wrapping first mol.:       21.68607       30.66874       53.11980
wrapping first mol.:       21.68607       30.66874       53.11980
wrapping first mol.:       21.68607       30.66874       53.11980

 NSTEP =   950000   TIME(PS) =    1900.000  TEMP(K) =   300.73  PRESS =     0.0
 Etot   =    -69437.7857  EKtot   =     13427.5322  EPtot      =    -82865.3180
 BOND   =       594.5293  ANGLE   =      1645.1094  DIHED      =      1042.6083
 UB     =         0.0000  IMP     =         0.0000  CMAP       =       131.5176
 1-4 NB =       661.9991  1-4 EEL =     10178.9868  VDWAALS    =      9108.6271
 EELEC  =   -106228.6955  EHBOND  =         0.0000  RESTRAINT  =         0.0000
 ------------------------------------------------------------------------------

wrapping first mol.:       21.68607       30.66874       53.11980
wrapping first mol.:       21.68607       30.66874       53.11980
wrapping first mol.:       21.68607       30.66874       53.11980
wrapping first mol.:       21.68607       30.66874       53.11980
wrapping first mol.:       21.68607       30.66874       53.11980
wrapping first mol.:       21.68607       30.66874       53.11980
wrapping first mol.:       21.68607       30.66874       53.11980
wrapping first mol.:       21.68607       30.66874       53.11980
wrapping first mol.:       21.68607       30.66874       53.11980
wrapping first mol.:       21.68607       30.66874       53.11980
wrapping first mol.:       21.68607       30.66874       53.11980

 NSTEP =  1000000   TIME(PS) =    2000.000  TEMP(K) =   301.15  PRESS =     0.0
 Etot   =    -69419.5516  EKtot   =     13446.4805  EPtot      =    -82866.0320
 BOND   =       577.9879  ANGLE   =      1603.7919  DIHED      =      1086.4538
 UB     =         0.0000  IMP     =         0.0000  CMAP       =       143.7174
 1-4 NB =       675.2484  1-4 EEL =     10125.7399  VDWAALS    =      9141.6725
 EELEC  =   -106220.6438  EHBOND  =         0.0000  RESTRAINT  =         0.0000
 ------------------------------------------------------------------------------

wrapping first mol.:       21.68607       30.66874       53.11980
wrapping first mol.:       21.68607       30.66874       53.11980
wrapping first mol.:       21.68607       30.66874       53.11980
wrapping first mol.:       21.68607       30.66874       53.11980
wrapping first mol.:       21.68607       30.66874       53.11980
wrapping first mol.:       21.68607       30.66874       53.11980
wrapping first mol.:       21.68607       30.66874       53.11980
wrapping first mol.:       21.68607       30.66874       53.11980
wrapping first mol.:       21.68607       30.66874       53.11980
wrapping first mol.:       21.68607       30.66874       53.11980
wrapping first mol.:       21.68607       30.66874       53.11980

 NSTEP =  1050000   TIME(PS) =    2100.000  TEMP(K) =   300.44  PRESS =     0.0
 Etot   =    -69342.7091  EKtot   =     13414.7891  EPtot      =    -82757.4982
 BOND   =       626.9872  ANGLE   =      1590.7761  DIHED      =      1054.7017
 UB     =         0.0000  IMP     =         0.0000  CMAP       =       135.7118
 1-4 NB =       659.2883  1-4 EEL =     10130.9726  VDWAALS    =      9053.4282
 EELEC  =   -106009.3643  EHBOND  =         0.0000  RESTRAINT  =         0.0000
 ------------------------------------------------------------------------------

wrapping first mol.:       21.68607       30.66874       53.11980
wrapping first mol.:       21.68607       30.66874       53.11980
wrapping first mol.:       21.68607       30.66874       53.11980
wrapping first mol.:       21.68607       30.66874       53.11980
wrapping first mol.:       21.68607       30.66874       53.11980
wrapping first mol.:       21.68607       30.66874       53.11980
wrapping first mol.:       21.68607       30.66874       53.11980
wrapping first mol.:       21.68607       30.66874       53.11980
wrapping first mol.:       21.68607       30.66874       53.11980
wrapping first mol.:       21.68607       30.66874       53.11980
wrapping first mol.:       21.68607       30.66874       53.11980

 NSTEP =  1100000   TIME(PS) =    2200.000  TEMP(K) =   301.06  PRESS =     0.0
 Etot   =    -69395.3069  EKtot   =     13442.2510  EPtot      =    -82837.5579
 BOND   =       560.2336  ANGLE   =      1626.1952  DIHED      =      1066.5058
 UB     =         0.0000  IMP     =         0.0000  CMAP       =       136.1358
 1-4 NB =       666.3556  1-4 EEL =     10156.1604  VDWAALS    =      8939.8726
 EELEC  =   -105989.0169  EHBOND  =         0.0000  RESTRAINT  =         0.0000
 ------------------------------------------------------------------------------

wrapping first mol.:       21.68607       30.66874       53.11980
wrapping first mol.:       21.68607       30.66874       53.11980
wrapping first mol.:       21.68607       30.66874       53.11980
wrapping first mol.:       21.68607       30.66874       53.11980
wrapping first mol.:       21.68607       30.66874       53.11980
wrapping first mol.:       21.68607       30.66874       53.11980
wrapping first mol.:       21.68607       30.66874       53.11980
wrapping first mol.:       21.68607       30.66874       53.11980
wrapping first mol.:       21.68607       30.66874       53.11980
wrapping first mol.:       21.68607       30.66874       53.11980
wrapping first mol.:       21.68607       30.66874       53.11980

 NSTEP =  1150000   TIME(PS) =    2300.000  TEMP(K) =   298.92  PRESS =     0.0
 Etot   =    -69609.3914  EKtot   =     13346.8672  EPtot      =    -82956.2586
 BOND   =       575.8578  ANGLE   =      1668.1439  DIHED      =      1052.2578
 UB     =         0.0000  IMP     =         0.0000  CMAP       =       150.0030
 1-4 NB =       668.8210  1-4 EEL =     10198.5063  VDWAALS    =      9374.9316
 EELEC  =   -106644.7799  EHBOND  =         0.0000  RESTRAINT  =         0.0000
 ------------------------------------------------------------------------------

wrapping first mol.:       21.68607       30.66874       53.11980
wrapping first mol.:       21.68607       30.66874       53.11980
wrapping first mol.:       21.68607       30.66874       53.11980
wrapping first mol.:       21.68607       30.66874       53.11980
wrapping first mol.:       21.68607       30.66874       53.11980
wrapping first mol.:       21.68607       30.66874       53.11980
wrapping first mol.:       21.68607       30.66874       53.11980
wrapping first mol.:       21.68607       30.66874       53.11980
wrapping first mol.:       21.68607       30.66874       53.11980
wrapping first mol.:       21.68607       30.66874       53.11980
wrapping first mol.:       21.68607       30.66874       53.11980

 NSTEP =  1200000   TIME(PS) =    2400.000  TEMP(K) =   300.22  PRESS =     0.0
 Etot   =    -69461.0072  EKtot   =     13404.8008  EPtot      =    -82865.8080
 BOND   =       557.9633  ANGLE   =      1636.2060  DIHED      =      1087.6915
 UB     =         0.0000  IMP     =         0.0000  CMAP       =       128.1887
 1-4 NB =       665.1767  1-4 EEL =     10178.0859  VDWAALS    =      9052.0025
 EELEC  =   -106171.1225  EHBOND  =         0.0000  RESTRAINT  =         0.0000
 ------------------------------------------------------------------------------

wrapping first mol.:       21.68607       30.66874       53.11980
wrapping first mol.:       21.68607       30.66874       53.11980
wrapping first mol.:       21.68607       30.66874       53.11980
wrapping first mol.:       21.68607       30.66874       53.11980
wrapping first mol.:       21.68607       30.66874       53.11980
wrapping first mol.:       21.68607       30.66874       53.11980
wrapping first mol.:       21.68607       30.66874       53.11980
wrapping first mol.:       21.68607       30.66874       53.11980
wrapping first mol.:       21.68607       30.66874       53.11980
wrapping first mol.:       21.68607       30.66874       53.11980
wrapping first mol.:       21.68607       30.66874       53.11980

 NSTEP =  1250000   TIME(PS) =    2500.000  TEMP(K) =   297.70  PRESS =     0.0
 Etot   =    -69484.0685  EKtot   =     13292.5273  EPtot      =    -82776.5959
 BOND   =       577.1564  ANGLE   =      1648.1498  DIHED      =      1061.4021
 UB     =         0.0000  IMP     =         0.0000  CMAP       =       146.0198
 1-4 NB =       666.6674  1-4 EEL =     10175.3097  VDWAALS    =      8897.8174
 EELEC  =   -105949.1184  EHBOND  =         0.0000  RESTRAINT  =         0.0000
 ------------------------------------------------------------------------------

wrapping first mol.:       21.68607       30.66874       53.11980
wrapping first mol.:       21.68607       30.66874       53.11980
wrapping first mol.:       21.68607       30.66874       53.11980
wrapping first mol.:       21.68607       30.66874       53.11980
wrapping first mol.:       21.68607       30.66874       53.11980
wrapping first mol.:       21.68607       30.66874       53.11980
wrapping first mol.:       21.68607       30.66874       53.11980
wrapping first mol.:       21.68607       30.66874       53.11980
wrapping first mol.:       21.68607       30.66874       53.11980
wrapping first mol.:       21.68607       30.66874       53.11980
wrapping first mol.:       21.68607       30.66874       53.11980

 NSTEP =  1300000   TIME(PS) =    2600.000  TEMP(K) =   301.31  PRESS =     0.0
 Etot   =    -69418.1250  EKtot   =     13453.5283  EPtot      =    -82871.6533
 BOND   =       589.7124  ANGLE   =      1637.0503  DIHED      =      1062.7190
 UB     =         0.0000  IMP     =         0.0000  CMAP       =       146.6903
 1-4 NB =       667.0764  1-4 EEL =     10138.3321  VDWAALS    =      9004.8687
 EELEC  =   -106118.1025  EHBOND  =         0.0000  RESTRAINT  =         0.0000
 ------------------------------------------------------------------------------

wrapping first mol.:       21.68607       30.66874       53.11980
wrapping first mol.:       21.68607       30.66874       53.11980
wrapping first mol.:       21.68607       30.66874       53.11980
wrapping first mol.:       21.68607       30.66874       53.11980
wrapping first mol.:       21.68607       30.66874       53.11980
wrapping first mol.:       21.68607       30.66874       53.11980
wrapping first mol.:       21.68607       30.66874       53.11980
wrapping first mol.:       21.68607       30.66874       53.11980
wrapping first mol.:       21.68607       30.66874       53.11980
wrapping first mol.:       21.68607       30.66874       53.11980
wrapping first mol.:       21.68607       30.66874       53.11980

 NSTEP =  1350000   TIME(PS) =    2700.000  TEMP(K) =   300.83  PRESS =     0.0
 Etot   =    -69736.8552  EKtot   =     13432.0713  EPtot      =    -83168.9265
 BOND   =       557.6353  ANGLE   =      1639.9259  DIHED      =      1060.8057
 UB     =         0.0000  IMP     =         0.0000  CMAP       =       139.3247
 1-4 NB =       673.7282  1-4 EEL =     10160.3698  VDWAALS    =      9101.4712
 EELEC  =   -106502.1873  EHBOND  =         0.0000  RESTRAINT  =         0.0000
 ------------------------------------------------------------------------------

wrapping first mol.:       21.68607       30.66874       53.11980
wrapping first mol.:       21.68607       30.66874       53.11980
wrapping first mol.:       21.68607       30.66874       53.11980
wrapping first mol.:       21.68607       30.66874       53.11980
wrapping first mol.:       21.68607       30.66874       53.11980
wrapping first mol.:       21.68607       30.66874       53.11980
wrapping first mol.:       21.68607       30.66874       53.11980
wrapping first mol.:       21.68607       30.66874       53.11980
wrapping first mol.:       21.68607       30.66874       53.11980
wrapping first mol.:       21.68607       30.66874       53.11980
wrapping first mol.:       21.68607       30.66874       53.11980

 NSTEP =  1400000   TIME(PS) =    2800.000  TEMP(K) =   298.84  PRESS =     0.0
 Etot   =    -69496.6693  EKtot   =     13343.3164  EPtot      =    -82839.9857
 BOND   =       598.3401  ANGLE   =      1625.3127  DIHED      =      1076.7114
 UB     =         0.0000  IMP     =         0.0000  CMAP       =       138.4824
 1-4 NB =       683.5282  1-4 EEL =     10132.1909  VDWAALS    =      8900.2636
 EELEC  =   -105994.8150  EHBOND  =         0.0000  RESTRAINT  =         0.0000
 ------------------------------------------------------------------------------

wrapping first mol.:       21.68607       30.66874       53.11980
wrapping first mol.:       21.68607       30.66874       53.11980
wrapping first mol.:       21.68607       30.66874       53.11980
wrapping first mol.:       21.68607       30.66874       53.11980
wrapping first mol.:       21.68607       30.66874       53.11980
wrapping first mol.:       21.68607       30.66874       53.11980
wrapping first mol.:       21.68607       30.66874       53.11980
wrapping first mol.:       21.68607       30.66874       53.11980
wrapping first mol.:       21.68607       30.66874       53.11980
wrapping first mol.:       21.68607       30.66874       53.11980
wrapping first mol.:       21.68607       30.66874       53.11980

 NSTEP =  1450000   TIME(PS) =    2900.000  TEMP(K) =   302.76  PRESS =     0.0
 Etot   =    -69411.5259  EKtot   =     13518.2539  EPtot      =    -82929.7798
 BOND   =       587.8672  ANGLE   =      1582.9434  DIHED      =      1084.5226
 UB     =         0.0000  IMP     =         0.0000  CMAP       =       131.8941
 1-4 NB =       656.8243  1-4 EEL =     10095.2722  VDWAALS    =      9130.7506
 EELEC  =   -106199.8543  EHBOND  =         0.0000  RESTRAINT  =         0.0000
 ------------------------------------------------------------------------------

wrapping first mol.:       21.68607       30.66874       53.11980
wrapping first mol.:       21.68607       30.66874       53.11980
wrapping first mol.:       21.68607       30.66874       53.11980
wrapping first mol.:       21.68607       30.66874       53.11980
wrapping first mol.:       21.68607       30.66874       53.11980
wrapping first mol.:       21.68607       30.66874       53.11980
wrapping first mol.:       21.68607       30.66874       53.11980
wrapping first mol.:       21.68607       30.66874       53.11980
wrapping first mol.:       21.68607       30.66874       53.11980
wrapping first mol.:       21.68607       30.66874       53.11980
wrapping first mol.:       21.68607       30.66874       53.11980

 NSTEP =  1500000   TIME(PS) =    3000.000  TEMP(K) =   301.28  PRESS =     0.0
 Etot   =    -69394.4672  EKtot   =     13452.2900  EPtot      =    -82846.7572
 BOND   =       583.1411  ANGLE   =      1607.2329  DIHED      =      1080.6545
 UB     =         0.0000  IMP     =         0.0000  CMAP       =       136.8673
 1-4 NB =       677.8795  1-4 EEL =     10180.0228  VDWAALS    =      9004.6309
 EELEC  =   -106117.1862  EHBOND  =         0.0000  RESTRAINT  =         0.0000
 ------------------------------------------------------------------------------

wrapping first mol.:       21.68607       30.66874       53.11980
wrapping first mol.:       21.68607       30.66874       53.11980
wrapping first mol.:       21.68607       30.66874       53.11980
wrapping first mol.:       21.68607       30.66874       53.11980
wrapping first mol.:       21.68607       30.66874       53.11980
wrapping first mol.:       21.68607       30.66874       53.11980
wrapping first mol.:       21.68607       30.66874       53.11980
wrapping first mol.:       21.68607       30.66874       53.11980
wrapping first mol.:       21.68607       30.66874       53.11980
wrapping first mol.:       21.68607       30.66874       53.11980
wrapping first mol.:       21.68607       30.66874       53.11980

 NSTEP =  1550000   TIME(PS) =    3100.000  TEMP(K) =   301.70  PRESS =     0.0
 Etot   =    -69502.4768  EKtot   =     13471.1201  EPtot      =    -82973.5969
 BOND   =       570.9628  ANGLE   =      1611.3647  DIHED      =      1091.6523
 UB     =         0.0000  IMP     =         0.0000  CMAP       =       138.9384
 1-4 NB =       653.8781  1-4 EEL =     10169.9765  VDWAALS    =      9208.7437
 EELEC  =   -106419.1133  EHBOND  =         0.0000  RESTRAINT  =         0.0000
 ------------------------------------------------------------------------------

wrapping first mol.:       21.68607       30.66874       53.11980
wrapping first mol.:       21.68607       30.66874       53.11980
wrapping first mol.:       21.68607       30.66874       53.11980
wrapping first mol.:       21.68607       30.66874       53.11980
wrapping first mol.:       21.68607       30.66874       53.11980
wrapping first mol.:       21.68607       30.66874       53.11980
wrapping first mol.:       21.68607       30.66874       53.11980
wrapping first mol.:       21.68607       30.66874       53.11980
wrapping first mol.:       21.68607       30.66874       53.11980
wrapping first mol.:       21.68607       30.66874       53.11980
wrapping first mol.:       21.68607       30.66874       53.11980

 NSTEP =  1600000   TIME(PS) =    3200.000  TEMP(K) =   302.02  PRESS =     0.0
 Etot   =    -69453.4217  EKtot   =     13485.2061  EPtot      =    -82938.6277
 BOND   =       584.0088  ANGLE   =      1525.5080  DIHED      =      1067.7871
 UB     =         0.0000  IMP     =         0.0000  CMAP       =       133.9434
 1-4 NB =       692.3345  1-4 EEL =     10150.1134  VDWAALS    =      9183.9906
 EELEC  =   -106276.3135  EHBOND  =         0.0000  RESTRAINT  =         0.0000
 ------------------------------------------------------------------------------

wrapping first mol.:       21.68607       30.66874       53.11980
wrapping first mol.:       21.68607       30.66874       53.11980
wrapping first mol.:       21.68607       30.66874       53.11980
wrapping first mol.:       21.68607       30.66874       53.11980
wrapping first mol.:       21.68607       30.66874       53.11980
wrapping first mol.:       21.68607       30.66874       53.11980
wrapping first mol.:       21.68607       30.66874       53.11980
wrapping first mol.:       21.68607       30.66874       53.11980
wrapping first mol.:       21.68607       30.66874       53.11980
wrapping first mol.:       21.68607       30.66874       53.11980
wrapping first mol.:       21.68607       30.66874       53.11980

 NSTEP =  1650000   TIME(PS) =    3300.000  TEMP(K) =   299.99  PRESS =     0.0
 Etot   =    -69495.5727  EKtot   =     13394.6279  EPtot      =    -82890.2006
 BOND   =       549.2136  ANGLE   =      1587.3803  DIHED      =      1091.9343
 UB     =         0.0000  IMP     =         0.0000  CMAP       =       134.7128
 1-4 NB =       666.4968  1-4 EEL =     10166.7990  VDWAALS    =      9086.4606
 EELEC  =   -106173.1981  EHBOND  =         0.0000  RESTRAINT  =         0.0000
 ------------------------------------------------------------------------------

wrapping first mol.:       21.68607       30.66874       53.11980
wrapping first mol.:       21.68607       30.66874       53.11980
wrapping first mol.:       21.68607       30.66874       53.11980
wrapping first mol.:       21.68607       30.66874       53.11980
wrapping first mol.:       21.68607       30.66874       53.11980
wrapping first mol.:       21.68607       30.66874       53.11980
wrapping first mol.:       21.68607       30.66874       53.11980
wrapping first mol.:       21.68607       30.66874       53.11980
wrapping first mol.:       21.68607       30.66874       53.11980
wrapping first mol.:       21.68607       30.66874       53.11980
wrapping first mol.:       21.68607       30.66874       53.11980

 NSTEP =  1700000   TIME(PS) =    3400.000  TEMP(K) =   300.21  PRESS =     0.0
 Etot   =    -69668.8959  EKtot   =     13404.3047  EPtot      =    -83073.2006
 BOND   =       561.9230  ANGLE   =      1631.4855  DIHED      =      1062.3030
 UB     =         0.0000  IMP     =         0.0000  CMAP       =       144.2088
 1-4 NB =       677.6002  1-4 EEL =     10174.4291  VDWAALS    =      9266.3208
 EELEC  =   -106591.4708  EHBOND  =         0.0000  RESTRAINT  =         0.0000
 ------------------------------------------------------------------------------

wrapping first mol.:       21.68607       30.66874       53.11980
wrapping first mol.:       21.68607       30.66874       53.11980
wrapping first mol.:       21.68607       30.66874       53.11980
wrapping first mol.:       21.68607       30.66874       53.11980
wrapping first mol.:       21.68607       30.66874       53.11980
wrapping first mol.:       21.68607       30.66874       53.11980
wrapping first mol.:       21.68607       30.66874       53.11980
wrapping first mol.:       21.68607       30.66874       53.11980
wrapping first mol.:       21.68607       30.66874       53.11980
wrapping first mol.:       21.68607       30.66874       53.11980
wrapping first mol.:       21.68607       30.66874       53.11980

 NSTEP =  1750000   TIME(PS) =    3500.000  TEMP(K) =   302.92  PRESS =     0.0
 Etot   =    -69216.8535  EKtot   =     13525.3652  EPtot      =    -82742.2188
 BOND   =       587.1554  ANGLE   =      1629.0015  DIHED      =      1085.5491
 UB     =         0.0000  IMP     =         0.0000  CMAP       =       152.1593
 1-4 NB =       666.3545  1-4 EEL =     10144.5945  VDWAALS    =      9438.4833
 EELEC  =   -106445.5164  EHBOND  =         0.0000  RESTRAINT  =         0.0000
 ------------------------------------------------------------------------------

wrapping first mol.:       21.68607       30.66874       53.11980
wrapping first mol.:       21.68607       30.66874       53.11980
wrapping first mol.:       21.68607       30.66874       53.11980
wrapping first mol.:       21.68607       30.66874       53.11980
wrapping first mol.:       21.68607       30.66874       53.11980
wrapping first mol.:       21.68607       30.66874       53.11980
wrapping first mol.:       21.68607       30.66874       53.11980
wrapping first mol.:       21.68607       30.66874       53.11980
wrapping first mol.:       21.68607       30.66874       53.11980
wrapping first mol.:       21.68607       30.66874       53.11980
wrapping first mol.:       21.68607       30.66874       53.11980

 NSTEP =  1800000   TIME(PS) =    3600.000  TEMP(K) =   303.19  PRESS =     0.0
 Etot   =    -69204.4206  EKtot   =     13537.3291  EPtot      =    -82741.7497
 BOND   =       590.4585  ANGLE   =      1619.8529  DIHED      =      1094.9157
 UB     =         0.0000  IMP     =         0.0000  CMAP       =       157.5829
 1-4 NB =       654.6837  1-4 EEL =     10120.8255  VDWAALS    =      9222.0038
 EELEC  =   -106202.0729  EHBOND  =         0.0000  RESTRAINT  =         0.0000
 ------------------------------------------------------------------------------

wrapping first mol.:       21.68607       30.66874       53.11980
wrapping first mol.:       21.68607       30.66874       53.11980
wrapping first mol.:       21.68607       30.66874       53.11980
wrapping first mol.:       21.68607       30.66874       53.11980
wrapping first mol.:       21.68607       30.66874       53.11980
wrapping first mol.:       21.68607       30.66874       53.11980
wrapping first mol.:       21.68607       30.66874       53.11980
wrapping first mol.:       21.68607       30.66874       53.11980
wrapping first mol.:       21.68607       30.66874       53.11980
wrapping first mol.:       21.68607       30.66874       53.11980
wrapping first mol.:       21.68607       30.66874       53.11980

 NSTEP =  1850000   TIME(PS) =    3700.000  TEMP(K) =   299.44  PRESS =     0.0
 Etot   =    -69450.7493  EKtot   =     13370.1807  EPtot      =    -82820.9299
 BOND   =       543.8372  ANGLE   =      1597.1686  DIHED      =      1109.9643
 UB     =         0.0000  IMP     =         0.0000  CMAP       =       154.7268
 1-4 NB =       660.5539  1-4 EEL =     10158.9949  VDWAALS    =      9236.5768
 EELEC  =   -106282.7524  EHBOND  =         0.0000  RESTRAINT  =         0.0000
 ------------------------------------------------------------------------------

wrapping first mol.:       21.68607       30.66874       53.11980
wrapping first mol.:       21.68607       30.66874       53.11980
wrapping first mol.:       21.68607       30.66874       53.11980
wrapping first mol.:       21.68607       30.66874       53.11980
wrapping first mol.:       21.68607       30.66874       53.11980
wrapping first mol.:       21.68607       30.66874       53.11980
wrapping first mol.:       21.68607       30.66874       53.11980
wrapping first mol.:       21.68607       30.66874       53.11980
wrapping first mol.:       21.68607       30.66874       53.11980
wrapping first mol.:       21.68607       30.66874       53.11980
wrapping first mol.:       21.68607       30.66874       53.11980

 NSTEP =  1900000   TIME(PS) =    3800.000  TEMP(K) =   299.62  PRESS =     0.0
 Etot   =    -69806.8747  EKtot   =     13378.2178  EPtot      =    -83185.0925
 BOND   =       554.7686  ANGLE   =      1576.3678  DIHED      =      1075.2889
 UB     =         0.0000  IMP     =         0.0000  CMAP       =       144.4651
 1-4 NB =       674.3959  1-4 EEL =     10192.2096  VDWAALS    =      9080.9052
 EELEC  =   -106483.4936  EHBOND  =         0.0000  RESTRAINT  =         0.0000
 ------------------------------------------------------------------------------

wrapping first mol.:       21.68607       30.66874       53.11980
wrapping first mol.:       21.68607       30.66874       53.11980
wrapping first mol.:       21.68607       30.66874       53.11980
wrapping first mol.:       21.68607       30.66874       53.11980
wrapping first mol.:       21.68607       30.66874       53.11980
wrapping first mol.:       21.68607       30.66874       53.11980
wrapping first mol.:       21.68607       30.66874       53.11980
wrapping first mol.:       21.68607       30.66874       53.11980
wrapping first mol.:       21.68607       30.66874       53.11980
wrapping first mol.:       21.68607       30.66874       53.11980
wrapping first mol.:       21.68607       30.66874       53.11980

 NSTEP =  1950000   TIME(PS) =    3900.000  TEMP(K) =   302.61  PRESS =     0.0
 Etot   =    -69422.7464  EKtot   =     13511.7822  EPtot      =    -82934.5287
 BOND   =       561.8687  ANGLE   =      1638.9924  DIHED      =      1081.9554
 UB     =         0.0000  IMP     =         0.0000  CMAP       =       136.8801
 1-4 NB =       659.2131  1-4 EEL =     10085.8583  VDWAALS    =      9305.1129
 EELEC  =   -106404.4095  EHBOND  =         0.0000  RESTRAINT  =         0.0000
 ------------------------------------------------------------------------------

wrapping first mol.:       21.68607       30.66874       53.11980
wrapping first mol.:       21.68607       30.66874       53.11980
wrapping first mol.:       21.68607       30.66874       53.11980
wrapping first mol.:       21.68607       30.66874       53.11980
wrapping first mol.:       21.68607       30.66874       53.11980
wrapping first mol.:       21.68607       30.66874       53.11980
wrapping first mol.:       21.68607       30.66874       53.11980
wrapping first mol.:       21.68607       30.66874       53.11980
wrapping first mol.:       21.68607       30.66874       53.11980
wrapping first mol.:       21.68607       30.66874       53.11980
wrapping first mol.:       21.68607       30.66874       53.11980

 NSTEP =  2000000   TIME(PS) =    4000.000  TEMP(K) =   300.90  PRESS =     0.0
 Etot   =    -69570.6867  EKtot   =     13435.1982  EPtot      =    -83005.8850
 BOND   =       611.5975  ANGLE   =      1637.5213  DIHED      =      1067.3082
 UB     =         0.0000  IMP     =         0.0000  CMAP       =       141.8516
 1-4 NB =       664.7886  1-4 EEL =     10146.0040  VDWAALS    =      9138.5463
 EELEC  =   -106413.5025  EHBOND  =         0.0000  RESTRAINT  =         0.0000
 ------------------------------------------------------------------------------

wrapping first mol.:       21.68607       30.66874       53.11980
wrapping first mol.:       21.68607       30.66874       53.11980
wrapping first mol.:       21.68607       30.66874       53.11980
wrapping first mol.:       21.68607       30.66874       53.11980
wrapping first mol.:       21.68607       30.66874       53.11980
wrapping first mol.:       21.68607       30.66874       53.11980
wrapping first mol.:       21.68607       30.66874       53.11980
wrapping first mol.:       21.68607       30.66874       53.11980
wrapping first mol.:       21.68607       30.66874       53.11980
wrapping first mol.:       21.68607       30.66874       53.11980
wrapping first mol.:       21.68607       30.66874       53.11980

 NSTEP =  2050000   TIME(PS) =    4100.000  TEMP(K) =   302.66  PRESS =     0.0
 Etot   =    -69488.0306  EKtot   =     13513.6211  EPtot      =    -83001.6517
 BOND   =       538.2780  ANGLE   =      1647.6654  DIHED      =      1054.5842
 UB     =         0.0000  IMP     =         0.0000  CMAP       =       142.6725
 1-4 NB =       679.4368  1-4 EEL =     10124.3439  VDWAALS    =      8964.2602
 EELEC  =   -106152.8927  EHBOND  =         0.0000  RESTRAINT  =         0.0000
 ------------------------------------------------------------------------------

wrapping first mol.:       21.68607       30.66874       53.11980
wrapping first mol.:       21.68607       30.66874       53.11980
wrapping first mol.:       21.68607       30.66874       53.11980
wrapping first mol.:       21.68607       30.66874       53.11980
wrapping first mol.:       21.68607       30.66874       53.11980
wrapping first mol.:       21.68607       30.66874       53.11980
wrapping first mol.:       21.68607       30.66874       53.11980
wrapping first mol.:       21.68607       30.66874       53.11980
wrapping first mol.:       21.68607       30.66874       53.11980
wrapping first mol.:       21.68607       30.66874       53.11980
wrapping first mol.:       21.68607       30.66874       53.11980

 NSTEP =  2100000   TIME(PS) =    4200.000  TEMP(K) =   297.75  PRESS =     0.0
 Etot   =    -69519.5449  EKtot   =     13294.6611  EPtot      =    -82814.2060
 BOND   =       605.4210  ANGLE   =      1633.7901  DIHED      =      1068.9100
 UB     =         0.0000  IMP     =         0.0000  CMAP       =       150.4022
 1-4 NB =       654.5927  1-4 EEL =     10135.8886  VDWAALS    =      8989.1380
 EELEC  =   -106052.3486  EHBOND  =         0.0000  RESTRAINT  =         0.0000
 ------------------------------------------------------------------------------

wrapping first mol.:       21.68607       30.66874       53.11980
wrapping first mol.:       21.68607       30.66874       53.11980
wrapping first mol.:       21.68607       30.66874       53.11980
wrapping first mol.:       21.68607       30.66874       53.11980
wrapping first mol.:       21.68607       30.66874       53.11980
wrapping first mol.:       21.68607       30.66874       53.11980
wrapping first mol.:       21.68607       30.66874       53.11980
wrapping first mol.:       21.68607       30.66874       53.11980
wrapping first mol.:       21.68607       30.66874       53.11980
wrapping first mol.:       21.68607       30.66874       53.11980
wrapping first mol.:       21.68607       30.66874       53.11980

 NSTEP =  2150000   TIME(PS) =    4300.000  TEMP(K) =   301.09  PRESS =     0.0
 Etot   =    -69557.7632  EKtot   =     13443.7656  EPtot      =    -83001.5288
 BOND   =       536.2318  ANGLE   =      1599.9326  DIHED      =      1088.6234
 UB     =         0.0000  IMP     =         0.0000  CMAP       =       151.7195
 1-4 NB =       647.6401  1-4 EEL =     10117.5478  VDWAALS    =      8980.0015
 EELEC  =   -106123.2254  EHBOND  =         0.0000  RESTRAINT  =         0.0000
 ------------------------------------------------------------------------------

wrapping first mol.:       21.68607       30.66874       53.11980
wrapping first mol.:       21.68607       30.66874       53.11980
wrapping first mol.:       21.68607       30.66874       53.11980
wrapping first mol.:       21.68607       30.66874       53.11980
wrapping first mol.:       21.68607       30.66874       53.11980
wrapping first mol.:       21.68607       30.66874       53.11980
wrapping first mol.:       21.68607       30.66874       53.11980
wrapping first mol.:       21.68607       30.66874       53.11980
wrapping first mol.:       21.68607       30.66874       53.11980
wrapping first mol.:       21.68607       30.66874       53.11980
wrapping first mol.:       21.68607       30.66874       53.11980

 NSTEP =  2200000   TIME(PS) =    4400.000  TEMP(K) =   300.18  PRESS =     0.0
 Etot   =    -69601.8508  EKtot   =     13403.3008  EPtot      =    -83005.1515
 BOND   =       578.2353  ANGLE   =      1696.3372  DIHED      =      1089.2828
 UB     =         0.0000  IMP     =         0.0000  CMAP       =       141.0648
 1-4 NB =       664.1660  1-4 EEL =     10121.3000  VDWAALS    =      9192.3858
 EELEC  =   -106487.9234  EHBOND  =         0.0000  RESTRAINT  =         0.0000
 ------------------------------------------------------------------------------

wrapping first mol.:       21.68607       30.66874       53.11980
wrapping first mol.:       21.68607       30.66874       53.11980
wrapping first mol.:       21.68607       30.66874       53.11980
wrapping first mol.:       21.68607       30.66874       53.11980
wrapping first mol.:       21.68607       30.66874       53.11980
wrapping first mol.:       21.68607       30.66874       53.11980
wrapping first mol.:       21.68607       30.66874       53.11980
wrapping first mol.:       21.68607       30.66874       53.11980
wrapping first mol.:       21.68607       30.66874       53.11980
wrapping first mol.:       21.68607       30.66874       53.11980
wrapping first mol.:       21.68607       30.66874       53.11980

 NSTEP =  2250000   TIME(PS) =    4500.000  TEMP(K) =   301.55  PRESS =     0.0
 Etot   =    -69439.1943  EKtot   =     13464.0527  EPtot      =    -82903.2471
 BOND   =       592.0630  ANGLE   =      1636.8225  DIHED      =      1078.4745
 UB     =         0.0000  IMP     =         0.0000  CMAP       =       140.3883
 1-4 NB =       671.8416  1-4 EEL =     10113.8610  VDWAALS    =      9106.5582
 EELEC  =   -106243.2561  EHBOND  =         0.0000  RESTRAINT  =         0.0000
 ------------------------------------------------------------------------------

wrapping first mol.:       21.68607       30.66874       53.11980
wrapping first mol.:       21.68607       30.66874       53.11980
wrapping first mol.:       21.68607       30.66874       53.11980
wrapping first mol.:       21.68607       30.66874       53.11980
wrapping first mol.:       21.68607       30.66874       53.11980
wrapping first mol.:       21.68607       30.66874       53.11980
wrapping first mol.:       21.68607       30.66874       53.11980
wrapping first mol.:       21.68607       30.66874       53.11980
wrapping first mol.:       21.68607       30.66874       53.11980
wrapping first mol.:       21.68607       30.66874       53.11980
wrapping first mol.:       21.68607       30.66874       53.11980

 NSTEP =  2300000   TIME(PS) =    4600.000  TEMP(K) =   301.39  PRESS =     0.0
 Etot   =    -69412.0951  EKtot   =     13457.3359  EPtot      =    -82869.4310
 BOND   =       614.1742  ANGLE   =      1578.5069  DIHED      =      1083.7128
 UB     =         0.0000  IMP     =         0.0000  CMAP       =       148.3904
 1-4 NB =       670.9203  1-4 EEL =     10109.5661  VDWAALS    =      9043.3714
 EELEC  =   -106118.0730  EHBOND  =         0.0000  RESTRAINT  =         0.0000
 ------------------------------------------------------------------------------

wrapping first mol.:       21.68607       30.66874       53.11980
wrapping first mol.:       21.68607       30.66874       53.11980
wrapping first mol.:       21.68607       30.66874       53.11980
wrapping first mol.:       21.68607       30.66874       53.11980
wrapping first mol.:       21.68607       30.66874       53.11980
wrapping first mol.:       21.68607       30.66874       53.11980
wrapping first mol.:       21.68607       30.66874       53.11980
wrapping first mol.:       21.68607       30.66874       53.11980
wrapping first mol.:       21.68607       30.66874       53.11980
wrapping first mol.:       21.68607       30.66874       53.11980
wrapping first mol.:       21.68607       30.66874       53.11980

 NSTEP =  2350000   TIME(PS) =    4700.000  TEMP(K) =   296.96  PRESS =     0.0
 Etot   =    -69648.2852  EKtot   =     13259.2725  EPtot      =    -82907.5576
 BOND   =       553.9751  ANGLE   =      1654.0471  DIHED      =      1058.2000
 UB     =         0.0000  IMP     =         0.0000  CMAP       =       140.9477
 1-4 NB =       679.1058  1-4 EEL =     10110.7262  VDWAALS    =      9260.0794
 EELEC  =   -106364.6389  EHBOND  =         0.0000  RESTRAINT  =         0.0000
 ------------------------------------------------------------------------------

wrapping first mol.:       21.68607       30.66874       53.11980
wrapping first mol.:       21.68607       30.66874       53.11980
wrapping first mol.:       21.68607       30.66874       53.11980
wrapping first mol.:       21.68607       30.66874       53.11980
wrapping first mol.:       21.68607       30.66874       53.11980
wrapping first mol.:       21.68607       30.66874       53.11980
wrapping first mol.:       21.68607       30.66874       53.11980
wrapping first mol.:       21.68607       30.66874       53.11980
wrapping first mol.:       21.68607       30.66874       53.11980
wrapping first mol.:       21.68607       30.66874       53.11980
wrapping first mol.:       21.68607       30.66874       53.11980

 NSTEP =  2400000   TIME(PS) =    4800.000  TEMP(K) =   295.84  PRESS =     0.0
 Etot   =    -69724.3261  EKtot   =     13209.1006  EPtot      =    -82933.4267
 BOND   =       547.3047  ANGLE   =      1588.0332  DIHED      =      1066.4813
 UB     =         0.0000  IMP     =         0.0000  CMAP       =       141.1346
 1-4 NB =       678.4182  1-4 EEL =     10168.3949  VDWAALS    =      8985.8713
 EELEC  =   -106109.0649  EHBOND  =         0.0000  RESTRAINT  =         0.0000
 ------------------------------------------------------------------------------

wrapping first mol.:       21.68607       30.66874       53.11980
wrapping first mol.:       21.68607       30.66874       53.11980
wrapping first mol.:       21.68607       30.66874       53.11980
wrapping first mol.:       21.68607       30.66874       53.11980
wrapping first mol.:       21.68607       30.66874       53.11980
wrapping first mol.:       21.68607       30.66874       53.11980
wrapping first mol.:       21.68607       30.66874       53.11980
wrapping first mol.:       21.68607       30.66874       53.11980
wrapping first mol.:       21.68607       30.66874       53.11980
wrapping first mol.:       21.68607       30.66874       53.11980
wrapping first mol.:       21.68607       30.66874       53.11980

 NSTEP =  2450000   TIME(PS) =    4900.000  TEMP(K) =   300.08  PRESS =     0.0
 Etot   =    -69632.7313  EKtot   =     13398.7607  EPtot      =    -83031.4920
 BOND   =       588.4799  ANGLE   =      1608.4486  DIHED      =      1074.0332
 UB     =         0.0000  IMP     =         0.0000  CMAP       =       140.3905
 1-4 NB =       658.8064  1-4 EEL =     10095.0268  VDWAALS    =      9256.7540
 EELEC  =   -106453.4314  EHBOND  =         0.0000  RESTRAINT  =         0.0000
 ------------------------------------------------------------------------------

wrapping first mol.:       21.68607       30.66874       53.11980
wrapping first mol.:       21.68607       30.66874       53.11980
wrapping first mol.:       21.68607       30.66874       53.11980
wrapping first mol.:       21.68607       30.66874       53.11980
wrapping first mol.:       21.68607       30.66874       53.11980
wrapping first mol.:       21.68607       30.66874       53.11980
wrapping first mol.:       21.68607       30.66874       53.11980
wrapping first mol.:       21.68607       30.66874       53.11980
wrapping first mol.:       21.68607       30.66874       53.11980
wrapping first mol.:       21.68607       30.66874       53.11980
wrapping first mol.:       21.68607       30.66874       53.11980

 NSTEP =  2500000   TIME(PS) =    5000.000  TEMP(K) =   296.40  PRESS =     0.0
 Etot   =    -69809.4338  EKtot   =     13234.3164  EPtot      =    -83043.7502
 BOND   =       577.8013  ANGLE   =      1636.3250  DIHED      =      1060.7300
 UB     =         0.0000  IMP     =         0.0000  CMAP       =       145.2216
 1-4 NB =       657.2374  1-4 EEL =     10122.9365  VDWAALS    =      8925.4395
 EELEC  =   -106169.4416  EHBOND  =         0.0000  RESTRAINT  =         0.0000
 ------------------------------------------------------------------------------


      A V E R A G E S   O V E R      50 S T E P S


 NSTEP =  2500000   TIME(PS) =    5000.000  TEMP(K) =   300.18  PRESS =     0.0
 Etot   =    -69523.4640  EKtot   =     13403.0480  EPtot      =    -82926.5120
 BOND   =       573.8569  ANGLE   =      1623.2284  DIHED      =      1073.3938
 UB     =         0.0000  IMP     =         0.0000  CMAP       =       141.7251
 1-4 NB =       667.5747  1-4 EEL =     10148.3968  VDWAALS    =      9137.5200
 EELEC  =   -106292.2077  EHBOND  =         0.0000  RESTRAINT  =         0.0000
 ------------------------------------------------------------------------------


      R M S  F L U C T U A T I O N S


 NSTEP =  2500000   TIME(PS) =    5000.000  TEMP(K) =     1.75  PRESS =     0.0
 Etot   =       144.0043  EKtot   =        78.1347  EPtot      =       121.8565
 BOND   =        19.9072  ANGLE   =        30.4752  DIHED      =        14.8408
 UB     =         0.0000  IMP     =         0.0000  CMAP       =         6.5759
 1-4 NB =         8.8513  1-4 EEL =        28.5545  VDWAALS    =       141.1716
 EELEC  =       212.3492  EHBOND  =         0.0000  RESTRAINT  =         0.0000
 ------------------------------------------------------------------------------

--------------------------------------------------------------------------------
   5.  TIMINGS
--------------------------------------------------------------------------------

|  NonSetup CPU Time in Major Routines:
|
|     Routine           Sec        %
|     ------------------------------
|     Nonbond         629.27   13.01
|     Bond              0.00    0.00
|     Angle             0.00    0.00
|     Dihedral          0.00    0.00
|     Shake            21.02    0.43
|     RunMD          4183.18   86.48
|     Other             3.74    0.08
|     ------------------------------
|     Total          4837.21

|  PME Nonbond Pairlist CPU Time:
|
|     Routine              Sec        %
|     ---------------------------------
|     Set Up Cit           0.00    0.00
|     Build List           0.00    0.00
|     ---------------------------------
|     Total                0.00    0.00

|  PME Direct Force CPU Time:
|
|     Routine              Sec        %
|     ---------------------------------
|     NonBonded Calc       0.00    0.00
|     Exclude Masked       0.00    0.00
|     Other                1.97    0.04
|     ---------------------------------
|     Total                1.97    0.04

|  PME Reciprocal Force CPU Time:
|
|     Routine              Sec        %
|     ---------------------------------
|     1D bspline           0.00    0.00
|     Grid Charges         0.00    0.00
|     Scalar Sum           0.00    0.00
|     Gradient Sum         0.00    0.00
|     FFT                  0.00    0.00
|     ---------------------------------
|     Total                0.00    0.00

|  Final Performance Info:
|     -----------------------------------------------------
|     Average timings for last       1 steps:
|     Elapsed(s) =       0.00 Per Step(ms) =       0.18
|         ns/day =     981.68   seconds/ns =      88.01
|
|     Average timings for all steps:
|     Elapsed(s) =    4848.18 Per Step(ms) =       1.94
|         ns/day =      89.11   seconds/ns =     969.64
|     -----------------------------------------------------

|  Setup CPU time:            0.61 seconds
|  NonSetup CPU time:      4837.21 seconds
|  Total CPU time:         4837.82 seconds     1.34 hours

|  Setup wall time:           1    seconds
|  NonSetup wall time:     4848    seconds
|  Total wall time:        4849    seconds     1.35 hours
