
          -------------------------------------------------------
          Amber 18 PMEMD                              2018
          -------------------------------------------------------

| PMEMD implementation of SANDER, Release 18

| Run on 08/17/2020 at 10:49:23

|   Executable path: pmemd.cuda
| Working directory: /home/almacen/pbarletta/dynein/run/lb3f/3_pdt
|          Hostname: Unknown
  [-O]verwriting output

File Assignments:
|   MDIN: pre_pdt.in                                                            
|  MDOUT: 0pdt.out                                                              
| INPCRD: 3_lb3f.rst7                                                           
|   PARM: /home/almacen/pbarletta/dynein/top_files/lb3f.prmtop                  
| RESTRT: 0p3_lb3f.rst7                                                         
|   REFC: refc                                                                  
|  MDVEL: mdvel                                                                 
|   MDEN: mden                                                                  
|  MDCRD: 0p3_lb3f.nc                                                           
| MDINFO: mdinfo                                                                
|  MDFRC: mdfrc                                                                 


 Here is the input file:

Production run                                                                 
&cntrl                                                                         
imin = 0,                           ! No Minimization                          
nmropt = 0,                         ! No NMR restraints read                   
                                                                               
! Nature and format of the input                                               
ntx = 5,                            ! Coordinates and velocities will be read  
irest = 1,                          ! Do not run a new simulation              
                                                                               
! Nature and format of the output                                              
ntxo = 1,                           ! rstrt file in ASCII format               
ntpr = 50000,                       ! inf in output every ntpr steps           
ntwr = 50000,                       ! rstrt file every ntwr steps              
ntwx = 5000,                        ! mdcrd file every ntwx steps              
ntwv = 0,                           ! mdvel without velocities                 
ntwe = 0,                           ! Energies and temperatures not written in 
idecomp = 0,                        ! No energy decomposition                  
iwrap = 1,                          ! Coordinates of the restart and mdcrd file
                                                                               
! Frozen or restrained atoms                                                   
ibelly = 0,                         ! No frozen atoms                          
ntr=0,                              ! Harmonic potential restraints            
                                                                               
! Molecular dynamics                                                           
nstlim = 2500000,                   ! Number of MD-steps                       
dt = 0.002,                         ! Time step                                
                                                                               
! Temperature regulation                                                       
ntt = 3,                            ! Langevin thermostat                      
gamma_ln = 2,                       ! Gamma constant for Langevin              
temp0 = 300.0,                      ! Reference T at which the system is to be 
tempi = 300.0,                      ! Initial T                                
ig = -1,                            ! Seed for the RNG                         
                                                                               
! P and V regulation                                                           
!barostat = 1,                      ! Berendsen barostat                       
!taup = 1,                          ! Pressure relaxation time                 
ntp = 0,                            ! constant V                               
ntb = 1,                            ! Periodic box for constant V              
                                                                               
! SHAKE variables                                                              
ntc = 2,                            ! Bonds involving H are constrained        
ntf = 2,                            ! Bond interaction involving H are ommited.
                                                                               
cut = 9.0,                          ! Nonbonded cutoff                         
/                                                                              
&end                                                                           


Note: ig = -1. Setting random seed to   479595 based on wallclock time in 
      microseconds.
| irandom = 1, using AMBER's internal random number generator (default).
 
|--------------------- INFORMATION ----------------------
| GPU (CUDA) Version of PMEMD in use: NVIDIA GPU IN USE.
|                    Version 18.0.0
| 
|                      03/25/2018
| 
| Implementation by:
|                    Ross C. Walker     (SDSC)
|                    Scott Le Grand     (nVIDIA)
| 
| Version 18 performance extensions by:
|                    David Cerutti     (Rutgers)
| 
| Precision model in use:
|      [SPFP] - Single Precision Forces, 64-bit Fixed Point
|               Accumulation. (Default)
| 
|--------------------------------------------------------
 
|----------------- CITATION INFORMATION -----------------
|
|    When publishing work that utilized the CUDA version
|    of AMBER, please cite the following in addition to
|    the regular AMBER citations:
|
|  - Romelia Salomon-Ferrer; Andreas W. Goetz; Duncan
|    Poole; Scott Le Grand; Ross C. Walker "Routine
|    microsecond molecular dynamics simulations with
|    AMBER - Part II: Particle Mesh Ewald", J. Chem.
|    Theory Comput., 2013, 9 (9), pp3878-3888,
|    DOI: 10.1021/ct400314y.
|
|  - Andreas W. Goetz; Mark J. Williamson; Dong Xu;
|    Duncan Poole; Scott Le Grand; Ross C. Walker
|    "Routine microsecond molecular dynamics simulations
|    with AMBER - Part I: Generalized Born", J. Chem.
|    Theory Comput., 2012, 8 (5), pp1542-1555.
|
|  - Scott Le Grand; Andreas W. Goetz; Ross C. Walker
|    "SPFP: Speed without compromise - a mixed precision
|    model for GPU accelerated molecular dynamics
|    simulations.", Comp. Phys. Comm., 2013, 184
|    pp374-380, DOI: 10.1016/j.cpc.2012.09.022
|
|--------------------------------------------------------
 
|------------------- GPU DEVICE INFO --------------------
|
|            CUDA_VISIBLE_DEVICES: 0
|   CUDA Capable Devices Detected:      1
|           CUDA Device ID in use:      0
|                CUDA Device Name: GeForce GTX 1080 Ti
|     CUDA Device Global Mem Size:  11178 MB
| CUDA Device Num Multiprocessors:     28
|           CUDA Device Core Freq:   1.72 GHz
|
|--------------------------------------------------------
 
 
| Conditional Compilation Defines Used:
| PUBFFT
| BINTRAJ
| CUDA
| EMIL

| Largest sphere to fit in unit cell has radius =    26.463

| New format PARM file being parsed.
| Version =    1.000 Date = 08/10/20 Time = 22:12:33

| Note: 1-4 EEL scale factors are being read from the topology file.

| Note: 1-4 VDW scale factors are being read from the topology file.
| Duplicated    0 dihedrals

| Duplicated    0 dihedrals

--------------------------------------------------------------------------------
   1.  RESOURCE   USE: 
--------------------------------------------------------------------------------

 getting new box info from bottom of inpcrd
 NATOM  =   27384 NTYPES =      19 NBONH =   19623 MBONA  =    7793
 NTHETH =    4024 MTHETA =    2516 NPHIH =    8244 MPHIA  =    8106
 NHPARM =       0 NPARM  =       0 NNB   =   61413 NRES   =    6181
 NBONA  =    7793 NTHETA =    2516 NPHIA =    8106 NUMBND =      74
 NUMANG =     176 NPTRA  =     191 NATYP =      38 NPHB   =       1
 IFBOX  =       2 NMXRS  =      24 IFCAP =       0 NEXTRA =    5947
 NCOPY  =       0


| Coordinate Index Table dimensions:    11   11   11
| Direct force subcell size =     5.8928    5.8928    5.8928

     BOX TYPE: TRUNCATED OCTAHEDRON

--------------------------------------------------------------------------------
   2.  CONTROL  DATA  FOR  THE  RUN
--------------------------------------------------------------------------------

default_name                                                                    

General flags:
     imin    =       0, nmropt  =       0

Nature and format of input:
     ntx     =       5, irest   =       1, ntrx    =       1

Nature and format of output:
     ntxo    =       1, ntpr    =   50000, ntrx    =       1, ntwr    =   50000
     iwrap   =       1, ntwx    =    5000, ntwv    =       0, ntwe    =       0
     ioutfm  =       1, ntwprt  =       0, idecomp =       0, rbornstat=      0

Potential function:
     ntf     =       2, ntb     =       1, igb     =       0, nsnb    =      25
     ipol    =       0, gbsa    =       0, iesp    =       0
     dielc   =   1.00000, cut     =   9.00000, intdiel =   1.00000

Frozen or restrained atoms:
     ibelly  =       0, ntr     =       0

Molecular dynamics:
     nstlim  =   2500000, nscm    =      1000, nrespa  =         1
     t       =   0.00000, dt      =   0.00200, vlimit  =  -1.00000

Langevin dynamics temperature regulation:
     ig      =  479595
     temp0   = 300.00000, tempi   = 300.00000, gamma_ln=   2.00000

SHAKE:
     ntc     =       2, jfastw  =       0
     tol     =   0.00001

| Intermolecular bonds treatment:
|     no_intermolecular_bonds =       1

| Energy averages sample interval:
|     ene_avg_sampling =   50000

Extra-points options:
     frameon =       1, chngmask=       1

Ewald parameters:
     verbose =       0, ew_type =       0, nbflag  =       1, use_pme =       1
     vdwmeth =       1, eedmeth =       1, netfrc  =       1
     Box X =   64.821   Box Y =   64.821   Box Z =   64.821
     Alpha =  109.471   Beta  =  109.471   Gamma =  109.471
     NFFT1 =   64       NFFT2 =   64       NFFT3 =   64
     Cutoff=    9.000   Tol   =0.100E-04
     Ewald Coefficient =  0.30768
     Interpolation order =    4
|      EXTRA_PTS, trim_bonds: num bonds BEFORE trim = 19623     0
|      EXTRA_PTS, trim_bonds: num bonds AFTER  trim = 19623     0
|      EXTRA_PTS, trim_bonds: num bonds BEFORE trim =  7793     0
|      EXTRA_PTS, trim_bonds: num bonds AFTER  trim =  1846     0
|      EXTRA_PTS, trim_theta: num angle BEFORE trim =  4024     0
|      EXTRA_PTS, trim_theta: num angle AFTER  trim =  4024     0
|      EXTRA_PTS, trim_theta: num angle BEFORE trim =  2516     0
|      EXTRA_PTS, trim_theta: num angle AFTER  trim =  2516     0
|      EXTRA_PTS, trim_phi:  num diheds BEFORE trim =  8244     0
|      EXTRA_PTS, trim_phi:  num diheds AFTER  trim =  8244     0
|      EXTRA_PTS, trim_phi:  num diheds BEFORE trim =  8106     0
|      EXTRA_PTS, trim_phi:  num diheds AFTER  trim =  8106     0

--------------------------------------------------------------------------------
   3.  ATOMIC COORDINATES AND VELOCITIES
--------------------------------------------------------------------------------

Cpptraj Generated Restart                                                       
 begin time read from input coords =     0.000 ps

 
 Number of triangulated 3-point waters found:     5947

     Sum of charges from parm topology file =   0.00003250
     Forcing neutrality...

| Dynamic Memory, Types Used:
| Reals              889476
| Integers          2165688

| Nonbonded Pairs Initial Allocation:     6243552

| GPU memory information (estimate):
| KB of GPU memory in use:         0
| KB of CPU memory in use:         0

--------------------------------------------------------------------------------
   4.  RESULTS
--------------------------------------------------------------------------------

wrapping first mol.:      -21.60711       61.11415        0.00000
wrapping first mol.:      -21.60711       61.11415        0.00000
wrapping first mol.:      -21.60711       61.11415        0.00000
wrapping first mol.:      -21.60711       61.11415        0.00000
wrapping first mol.:      -21.60711       61.11415        0.00000
wrapping first mol.:      -21.60711       61.11415        0.00000
wrapping first mol.:      -21.60711       61.11415        0.00000
wrapping first mol.:      -21.60711       61.11415        0.00000
wrapping first mol.:      -21.60711       61.11415        0.00000
wrapping first mol.:      -21.60711       61.11415        0.00000
wrapping first mol.:      -21.60711       61.11415        0.00000

 NSTEP =    50000   TIME(PS) =     100.000  TEMP(K) =   298.41  PRESS =     0.0
 Etot   =    -66990.3538  EKtot   =     13250.1465  EPtot      =    -80240.5003
 BOND   =       659.4412  ANGLE   =      1855.5072  DIHED      =      1343.4443
 UB     =         0.0000  IMP     =         0.0000  CMAP       =       161.2485
 1-4 NB =       824.0851  1-4 EEL =     10749.6015  VDWAALS    =      8022.8599
 EELEC  =   -103856.6880  EHBOND  =         0.0000  RESTRAINT  =         0.0000
 ------------------------------------------------------------------------------

wrapping first mol.:      -21.60711       61.11415        0.00000
wrapping first mol.:      -21.60711       61.11415        0.00000
wrapping first mol.:      -21.60711       61.11415        0.00000
wrapping first mol.:      -21.60711       61.11415        0.00000
wrapping first mol.:      -21.60711       61.11415        0.00000
wrapping first mol.:      -21.60711       61.11415        0.00000
wrapping first mol.:      -21.60711       61.11415        0.00000
wrapping first mol.:      -21.60711       61.11415        0.00000
wrapping first mol.:      -21.60711       61.11415        0.00000
wrapping first mol.:      -21.60711       61.11415        0.00000
wrapping first mol.:      -21.60711       61.11415        0.00000

 NSTEP =   100000   TIME(PS) =     200.000  TEMP(K) =   301.02  PRESS =     0.0
 Etot   =    -67072.6276  EKtot   =     13365.9805  EPtot      =    -80438.6080
 BOND   =       699.4427  ANGLE   =      1758.7702  DIHED      =      1361.1436
 UB     =         0.0000  IMP     =         0.0000  CMAP       =       167.6512
 1-4 NB =       808.0682  1-4 EEL =     10743.9358  VDWAALS    =      8324.7158
 EELEC  =   -104302.3354  EHBOND  =         0.0000  RESTRAINT  =         0.0000
 ------------------------------------------------------------------------------

wrapping first mol.:      -21.60711       61.11415        0.00000
wrapping first mol.:      -21.60711       61.11415        0.00000
wrapping first mol.:      -21.60711       61.11415        0.00000
wrapping first mol.:      -21.60711       61.11415        0.00000
wrapping first mol.:      -21.60711       61.11415        0.00000
wrapping first mol.:      -21.60711       61.11415        0.00000
wrapping first mol.:      -21.60711       61.11415        0.00000
wrapping first mol.:      -21.60711       61.11415        0.00000
wrapping first mol.:      -21.60711       61.11415        0.00000
wrapping first mol.:      -21.60711       61.11415        0.00000
wrapping first mol.:      -21.60711       61.11415        0.00000

 NSTEP =   150000   TIME(PS) =     300.000  TEMP(K) =   298.65  PRESS =     0.0
 Etot   =    -67468.4634  EKtot   =     13260.6943  EPtot      =    -80729.1577
 BOND   =       617.4631  ANGLE   =      1788.2535  DIHED      =      1374.2553
 UB     =         0.0000  IMP     =         0.0000  CMAP       =       170.8873
 1-4 NB =       809.1683  1-4 EEL =     10868.7425  VDWAALS    =      8243.1868
 EELEC  =   -104601.1145  EHBOND  =         0.0000  RESTRAINT  =         0.0000
 ------------------------------------------------------------------------------

wrapping first mol.:      -21.60711       61.11415        0.00000
wrapping first mol.:      -21.60711       61.11415        0.00000
wrapping first mol.:      -21.60711       61.11415        0.00000
wrapping first mol.:      -21.60711       61.11415        0.00000
wrapping first mol.:      -21.60711       61.11415        0.00000
wrapping first mol.:      -21.60711       61.11415        0.00000
wrapping first mol.:      -21.60711       61.11415        0.00000
wrapping first mol.:      -21.60711       61.11415        0.00000
wrapping first mol.:      -21.60711       61.11415        0.00000
wrapping first mol.:      -21.60711       61.11415        0.00000
wrapping first mol.:      -21.60711       61.11415        0.00000

 NSTEP =   200000   TIME(PS) =     400.000  TEMP(K) =   301.66  PRESS =     0.0
 Etot   =    -67252.5925  EKtot   =     13394.1113  EPtot      =    -80646.7038
 BOND   =       657.4594  ANGLE   =      1723.3879  DIHED      =      1350.7248
 UB     =         0.0000  IMP     =         0.0000  CMAP       =       173.1768
 1-4 NB =       832.6998  1-4 EEL =     10867.6612  VDWAALS    =      8227.5861
 EELEC  =   -104479.3998  EHBOND  =         0.0000  RESTRAINT  =         0.0000
 ------------------------------------------------------------------------------

wrapping first mol.:      -21.60711       61.11415        0.00000
wrapping first mol.:      -21.60711       61.11415        0.00000
wrapping first mol.:      -21.60711       61.11415        0.00000
wrapping first mol.:      -21.60711       61.11415        0.00000
wrapping first mol.:      -21.60711       61.11415        0.00000
wrapping first mol.:      -21.60711       61.11415        0.00000
wrapping first mol.:      -21.60711       61.11415        0.00000
wrapping first mol.:      -21.60711       61.11415        0.00000
wrapping first mol.:      -21.60711       61.11415        0.00000
wrapping first mol.:      -21.60711       61.11415        0.00000
wrapping first mol.:      -21.60711       61.11415        0.00000

 NSTEP =   250000   TIME(PS) =     500.000  TEMP(K) =   296.27  PRESS =     0.0
 Etot   =    -67322.3280  EKtot   =     13154.8223  EPtot      =    -80477.1502
 BOND   =       707.4261  ANGLE   =      1830.5104  DIHED      =      1363.9942
 UB     =         0.0000  IMP     =         0.0000  CMAP       =       157.9680
 1-4 NB =       803.6317  1-4 EEL =     10814.9208  VDWAALS    =      8282.3699
 EELEC  =   -104437.9715  EHBOND  =         0.0000  RESTRAINT  =         0.0000
 ------------------------------------------------------------------------------

wrapping first mol.:      -21.60711       61.11415        0.00000
wrapping first mol.:      -21.60711       61.11415        0.00000
wrapping first mol.:      -21.60711       61.11415        0.00000
wrapping first mol.:      -21.60711       61.11415        0.00000
wrapping first mol.:      -21.60711       61.11415        0.00000
wrapping first mol.:      -21.60711       61.11415        0.00000
wrapping first mol.:      -21.60711       61.11415        0.00000
wrapping first mol.:      -21.60711       61.11415        0.00000
wrapping first mol.:      -21.60711       61.11415        0.00000
wrapping first mol.:      -21.60711       61.11415        0.00000
wrapping first mol.:      -21.60711       61.11415        0.00000

 NSTEP =   300000   TIME(PS) =     600.000  TEMP(K) =   301.09  PRESS =     0.0
 Etot   =    -67326.5046  EKtot   =     13368.9395  EPtot      =    -80695.4440
 BOND   =       680.0807  ANGLE   =      1804.7148  DIHED      =      1352.3315
 UB     =         0.0000  IMP     =         0.0000  CMAP       =       178.1929
 1-4 NB =       813.2121  1-4 EEL =     10794.9175  VDWAALS    =      8563.4001
 EELEC  =   -104882.2937  EHBOND  =         0.0000  RESTRAINT  =         0.0000
 ------------------------------------------------------------------------------

wrapping first mol.:      -21.60711       61.11415        0.00000
wrapping first mol.:      -21.60711       61.11415        0.00000
wrapping first mol.:      -21.60711       61.11415        0.00000
wrapping first mol.:      -21.60711       61.11415        0.00000
wrapping first mol.:      -21.60711       61.11415        0.00000
wrapping first mol.:      -21.60711       61.11415        0.00000
wrapping first mol.:      -21.60711       61.11415        0.00000
wrapping first mol.:      -21.60711       61.11415        0.00000
wrapping first mol.:      -21.60711       61.11415        0.00000
wrapping first mol.:      -21.60711       61.11415        0.00000
wrapping first mol.:      -21.60711       61.11415        0.00000

 NSTEP =   350000   TIME(PS) =     700.000  TEMP(K) =   299.85  PRESS =     0.0
 Etot   =    -67153.7334  EKtot   =     13313.8184  EPtot      =    -80467.5518
 BOND   =       670.0999  ANGLE   =      1794.6481  DIHED      =      1329.3479
 UB     =         0.0000  IMP     =         0.0000  CMAP       =       164.3188
 1-4 NB =       839.8837  1-4 EEL =     10804.7390  VDWAALS    =      8269.1856
 EELEC  =   -104339.7748  EHBOND  =         0.0000  RESTRAINT  =         0.0000
 ------------------------------------------------------------------------------

wrapping first mol.:      -21.60711       61.11415        0.00000
wrapping first mol.:      -21.60711       61.11415        0.00000
wrapping first mol.:      -21.60711       61.11415        0.00000
wrapping first mol.:      -21.60711       61.11415        0.00000
wrapping first mol.:      -21.60711       61.11415        0.00000
wrapping first mol.:      -21.60711       61.11415        0.00000
wrapping first mol.:      -21.60711       61.11415        0.00000
wrapping first mol.:      -21.60711       61.11415        0.00000
wrapping first mol.:      -21.60711       61.11415        0.00000
wrapping first mol.:      -21.60711       61.11415        0.00000
wrapping first mol.:      -21.60711       61.11415        0.00000

 NSTEP =   400000   TIME(PS) =     800.000  TEMP(K) =   302.40  PRESS =     0.0
 Etot   =    -66986.9924  EKtot   =     13427.3271  EPtot      =    -80414.3195
 BOND   =       702.8293  ANGLE   =      1747.8493  DIHED      =      1349.1164
 UB     =         0.0000  IMP     =         0.0000  CMAP       =       167.9560
 1-4 NB =       813.6674  1-4 EEL =     10818.0285  VDWAALS    =      8113.1323
 EELEC  =   -104126.8987  EHBOND  =         0.0000  RESTRAINT  =         0.0000
 ------------------------------------------------------------------------------

wrapping first mol.:      -21.60711       61.11415        0.00000
wrapping first mol.:      -21.60711       61.11415        0.00000
wrapping first mol.:      -21.60711       61.11415        0.00000
wrapping first mol.:      -21.60711       61.11415        0.00000
wrapping first mol.:      -21.60711       61.11415        0.00000
wrapping first mol.:      -21.60711       61.11415        0.00000
wrapping first mol.:      -21.60711       61.11415        0.00000
wrapping first mol.:      -21.60711       61.11415        0.00000
wrapping first mol.:      -21.60711       61.11415        0.00000
wrapping first mol.:      -21.60711       61.11415        0.00000
wrapping first mol.:      -21.60711       61.11415        0.00000

 NSTEP =   450000   TIME(PS) =     900.000  TEMP(K) =   302.31  PRESS =     0.0
 Etot   =    -66924.8622  EKtot   =     13423.2480  EPtot      =    -80348.1102
 BOND   =       695.9066  ANGLE   =      1727.1260  DIHED      =      1371.8960
 UB     =         0.0000  IMP     =         0.0000  CMAP       =       173.3286
 1-4 NB =       814.7670  1-4 EEL =     10813.2710  VDWAALS    =      8155.4770
 EELEC  =   -104099.8824  EHBOND  =         0.0000  RESTRAINT  =         0.0000
 ------------------------------------------------------------------------------

wrapping first mol.:      -21.60711       61.11415        0.00000
wrapping first mol.:      -21.60711       61.11415        0.00000
wrapping first mol.:      -21.60711       61.11415        0.00000
wrapping first mol.:      -21.60711       61.11415        0.00000
wrapping first mol.:      -21.60711       61.11415        0.00000
wrapping first mol.:      -21.60711       61.11415        0.00000
wrapping first mol.:      -21.60711       61.11415        0.00000
wrapping first mol.:      -21.60711       61.11415        0.00000
wrapping first mol.:      -21.60711       61.11415        0.00000
wrapping first mol.:      -21.60711       61.11415        0.00000
wrapping first mol.:      -21.60711       61.11415        0.00000

 NSTEP =   500000   TIME(PS) =    1000.000  TEMP(K) =   300.90  PRESS =     0.0
 Etot   =    -67142.2306  EKtot   =     13360.2988  EPtot      =    -80502.5295
 BOND   =       696.7683  ANGLE   =      1784.9287  DIHED      =      1337.9740
 UB     =         0.0000  IMP     =         0.0000  CMAP       =       167.8477
 1-4 NB =       819.7837  1-4 EEL =     10760.4479  VDWAALS    =      8266.4626
 EELEC  =   -104336.7423  EHBOND  =         0.0000  RESTRAINT  =         0.0000
 ------------------------------------------------------------------------------

wrapping first mol.:      -21.60711       61.11415        0.00000
wrapping first mol.:      -21.60711       61.11415        0.00000
wrapping first mol.:      -21.60711       61.11415        0.00000
wrapping first mol.:      -21.60711       61.11415        0.00000
wrapping first mol.:      -21.60711       61.11415        0.00000
wrapping first mol.:      -21.60711       61.11415        0.00000
wrapping first mol.:      -21.60711       61.11415        0.00000
wrapping first mol.:      -21.60711       61.11415        0.00000
wrapping first mol.:      -21.60711       61.11415        0.00000
wrapping first mol.:      -21.60711       61.11415        0.00000
wrapping first mol.:      -21.60711       61.11415        0.00000

 NSTEP =   550000   TIME(PS) =    1100.000  TEMP(K) =   303.17  PRESS =     0.0
 Etot   =    -67072.1385  EKtot   =     13461.4502  EPtot      =    -80533.5887
 BOND   =       679.2337  ANGLE   =      1784.7585  DIHED      =      1366.1493
 UB     =         0.0000  IMP     =         0.0000  CMAP       =       174.4916
 1-4 NB =       802.6730  1-4 EEL =     10818.4004  VDWAALS    =      8003.0462
 EELEC  =   -104162.3414  EHBOND  =         0.0000  RESTRAINT  =         0.0000
 ------------------------------------------------------------------------------

wrapping first mol.:      -21.60711       61.11415        0.00000
wrapping first mol.:      -21.60711       61.11415        0.00000
wrapping first mol.:      -21.60711       61.11415        0.00000
wrapping first mol.:      -21.60711       61.11415        0.00000
wrapping first mol.:      -21.60711       61.11415        0.00000
wrapping first mol.:      -21.60711       61.11415        0.00000
wrapping first mol.:      -21.60711       61.11415        0.00000
wrapping first mol.:      -21.60711       61.11415        0.00000
wrapping first mol.:      -21.60711       61.11415        0.00000
wrapping first mol.:      -21.60711       61.11415        0.00000
wrapping first mol.:      -21.60711       61.11415        0.00000

 NSTEP =   600000   TIME(PS) =    1200.000  TEMP(K) =   295.72  PRESS =     0.0
 Etot   =    -67347.1989  EKtot   =     13130.6572  EPtot      =    -80477.8561
 BOND   =       675.8409  ANGLE   =      1796.7451  DIHED      =      1338.0872
 UB     =         0.0000  IMP     =         0.0000  CMAP       =       170.9638
 1-4 NB =       809.6759  1-4 EEL =     10759.4611  VDWAALS    =      8358.1201
 EELEC  =   -104386.7501  EHBOND  =         0.0000  RESTRAINT  =         0.0000
 ------------------------------------------------------------------------------

wrapping first mol.:      -21.60711       61.11415        0.00000
wrapping first mol.:      -21.60711       61.11415        0.00000
wrapping first mol.:      -21.60711       61.11415        0.00000
wrapping first mol.:      -21.60711       61.11415        0.00000
wrapping first mol.:      -21.60711       61.11415        0.00000
wrapping first mol.:      -21.60711       61.11415        0.00000
wrapping first mol.:      -21.60711       61.11415        0.00000
wrapping first mol.:      -21.60711       61.11415        0.00000
wrapping first mol.:      -21.60711       61.11415        0.00000
wrapping first mol.:      -21.60711       61.11415        0.00000
wrapping first mol.:      -21.60711       61.11415        0.00000

 NSTEP =   650000   TIME(PS) =    1300.000  TEMP(K) =   300.15  PRESS =     0.0
 Etot   =    -67058.7868  EKtot   =     13327.0771  EPtot      =    -80385.8639
 BOND   =       707.6091  ANGLE   =      1801.7525  DIHED      =      1368.5504
 UB     =         0.0000  IMP     =         0.0000  CMAP       =       176.2144
 1-4 NB =       827.5786  1-4 EEL =     10802.9950  VDWAALS    =      8557.9824
 EELEC  =   -104628.5465  EHBOND  =         0.0000  RESTRAINT  =         0.0000
 ------------------------------------------------------------------------------

wrapping first mol.:      -21.60711       61.11415        0.00000
wrapping first mol.:      -21.60711       61.11415        0.00000
wrapping first mol.:      -21.60711       61.11415        0.00000
wrapping first mol.:      -21.60711       61.11415        0.00000
wrapping first mol.:      -21.60711       61.11415        0.00000
wrapping first mol.:      -21.60711       61.11415        0.00000
wrapping first mol.:      -21.60711       61.11415        0.00000
wrapping first mol.:      -21.60711       61.11415        0.00000
wrapping first mol.:      -21.60711       61.11415        0.00000
wrapping first mol.:      -21.60711       61.11415        0.00000
wrapping first mol.:      -21.60711       61.11415        0.00000

 NSTEP =   700000   TIME(PS) =    1400.000  TEMP(K) =   295.23  PRESS =     0.0
 Etot   =    -67564.7389  EKtot   =     13108.7646  EPtot      =    -80673.5035
 BOND   =       663.1033  ANGLE   =      1735.7102  DIHED      =      1337.3136
 UB     =         0.0000  IMP     =         0.0000  CMAP       =       165.4449
 1-4 NB =       819.7567  1-4 EEL =     10796.1598  VDWAALS    =      8308.8789
 EELEC  =   -104499.8709  EHBOND  =         0.0000  RESTRAINT  =         0.0000
 ------------------------------------------------------------------------------

wrapping first mol.:      -21.60711       61.11415        0.00000
wrapping first mol.:      -21.60711       61.11415        0.00000
wrapping first mol.:      -21.60711       61.11415        0.00000
wrapping first mol.:      -21.60711       61.11415        0.00000
wrapping first mol.:      -21.60711       61.11415        0.00000
wrapping first mol.:      -21.60711       61.11415        0.00000
wrapping first mol.:      -21.60711       61.11415        0.00000
wrapping first mol.:      -21.60711       61.11415        0.00000
wrapping first mol.:      -21.60711       61.11415        0.00000
wrapping first mol.:      -21.60711       61.11415        0.00000
wrapping first mol.:      -21.60711       61.11415        0.00000

 NSTEP =   750000   TIME(PS) =    1500.000  TEMP(K) =   302.03  PRESS =     0.0
 Etot   =    -67185.4417  EKtot   =     13410.7129  EPtot      =    -80596.1546
 BOND   =       680.0414  ANGLE   =      1740.9522  DIHED      =      1361.3945
 UB     =         0.0000  IMP     =         0.0000  CMAP       =       176.0540
 1-4 NB =       829.9480  1-4 EEL =     10783.4708  VDWAALS    =      8152.9723
 EELEC  =   -104320.9877  EHBOND  =         0.0000  RESTRAINT  =         0.0000
 ------------------------------------------------------------------------------

wrapping first mol.:      -21.60711       61.11415        0.00000
wrapping first mol.:      -21.60711       61.11415        0.00000
wrapping first mol.:      -21.60711       61.11415        0.00000
wrapping first mol.:      -21.60711       61.11415        0.00000
wrapping first mol.:      -21.60711       61.11415        0.00000
wrapping first mol.:      -21.60711       61.11415        0.00000
wrapping first mol.:      -21.60711       61.11415        0.00000
wrapping first mol.:      -21.60711       61.11415        0.00000
wrapping first mol.:      -21.60711       61.11415        0.00000
wrapping first mol.:      -21.60711       61.11415        0.00000
wrapping first mol.:      -21.60711       61.11415        0.00000

 NSTEP =   800000   TIME(PS) =    1600.000  TEMP(K) =   304.43  PRESS =     0.0
 Etot   =    -67004.4941  EKtot   =     13517.0518  EPtot      =    -80521.5459
 BOND   =       657.2570  ANGLE   =      1824.9008  DIHED      =      1376.3928
 UB     =         0.0000  IMP     =         0.0000  CMAP       =       169.7534
 1-4 NB =       823.7094  1-4 EEL =     10751.0288  VDWAALS    =      8018.5875
 EELEC  =   -104143.1757  EHBOND  =         0.0000  RESTRAINT  =         0.0000
 ------------------------------------------------------------------------------

wrapping first mol.:      -21.60711       61.11415        0.00000
wrapping first mol.:      -21.60711       61.11415        0.00000
wrapping first mol.:      -21.60711       61.11415        0.00000
wrapping first mol.:      -21.60711       61.11415        0.00000
wrapping first mol.:      -21.60711       61.11415        0.00000
wrapping first mol.:      -21.60711       61.11415        0.00000
wrapping first mol.:      -21.60711       61.11415        0.00000
wrapping first mol.:      -21.60711       61.11415        0.00000
wrapping first mol.:      -21.60711       61.11415        0.00000
wrapping first mol.:      -21.60711       61.11415        0.00000
wrapping first mol.:      -21.60711       61.11415        0.00000

 NSTEP =   850000   TIME(PS) =    1700.000  TEMP(K) =   298.80  PRESS =     0.0
 Etot   =    -66948.1804  EKtot   =     13267.4600  EPtot      =    -80215.6403
 BOND   =       719.7440  ANGLE   =      1850.8346  DIHED      =      1335.6991
 UB     =         0.0000  IMP     =         0.0000  CMAP       =       172.8334
 1-4 NB =       818.5279  1-4 EEL =     10742.6887  VDWAALS    =      8133.4839
 EELEC  =   -103989.4518  EHBOND  =         0.0000  RESTRAINT  =         0.0000
 ------------------------------------------------------------------------------

wrapping first mol.:      -21.60711       61.11415        0.00000
wrapping first mol.:      -21.60711       61.11415        0.00000
wrapping first mol.:      -21.60711       61.11415        0.00000
wrapping first mol.:      -21.60711       61.11415        0.00000
wrapping first mol.:      -21.60711       61.11415        0.00000
wrapping first mol.:      -21.60711       61.11415        0.00000
wrapping first mol.:      -21.60711       61.11415        0.00000
wrapping first mol.:      -21.60711       61.11415        0.00000
wrapping first mol.:      -21.60711       61.11415        0.00000
wrapping first mol.:      -21.60711       61.11415        0.00000
wrapping first mol.:      -21.60711       61.11415        0.00000

 NSTEP =   900000   TIME(PS) =    1800.000  TEMP(K) =   299.91  PRESS =     0.0
 Etot   =    -67108.8742  EKtot   =     13316.4902  EPtot      =    -80425.3644
 BOND   =       674.0931  ANGLE   =      1768.9799  DIHED      =      1358.3944
 UB     =         0.0000  IMP     =         0.0000  CMAP       =       170.8054
 1-4 NB =       827.8048  1-4 EEL =     10795.5697  VDWAALS    =      8156.5064
 EELEC  =   -104177.5181  EHBOND  =         0.0000  RESTRAINT  =         0.0000
 ------------------------------------------------------------------------------

wrapping first mol.:      -21.60711       61.11415        0.00000
wrapping first mol.:      -21.60711       61.11415        0.00000
wrapping first mol.:      -21.60711       61.11415        0.00000
wrapping first mol.:      -21.60711       61.11415        0.00000
wrapping first mol.:      -21.60711       61.11415        0.00000
wrapping first mol.:      -21.60711       61.11415        0.00000
wrapping first mol.:      -21.60711       61.11415        0.00000
wrapping first mol.:      -21.60711       61.11415        0.00000
wrapping first mol.:      -21.60711       61.11415        0.00000
wrapping first mol.:      -21.60711       61.11415        0.00000
wrapping first mol.:      -21.60711       61.11415        0.00000

 NSTEP =   950000   TIME(PS) =    1900.000  TEMP(K) =   300.32  PRESS =     0.0
 Etot   =    -67262.5060  EKtot   =     13334.5664  EPtot      =    -80597.0724
 BOND   =       680.5274  ANGLE   =      1798.3354  DIHED      =      1366.1388
 UB     =         0.0000  IMP     =         0.0000  CMAP       =       170.8766
 1-4 NB =       801.3242  1-4 EEL =     10766.6648  VDWAALS    =      8266.8253
 EELEC  =   -104447.7649  EHBOND  =         0.0000  RESTRAINT  =         0.0000
 ------------------------------------------------------------------------------

wrapping first mol.:      -21.60711       61.11415        0.00000
wrapping first mol.:      -21.60711       61.11415        0.00000
wrapping first mol.:      -21.60711       61.11415        0.00000
wrapping first mol.:      -21.60711       61.11415        0.00000
wrapping first mol.:      -21.60711       61.11415        0.00000
wrapping first mol.:      -21.60711       61.11415        0.00000
wrapping first mol.:      -21.60711       61.11415        0.00000
wrapping first mol.:      -21.60711       61.11415        0.00000
wrapping first mol.:      -21.60711       61.11415        0.00000
wrapping first mol.:      -21.60711       61.11415        0.00000
wrapping first mol.:      -21.60711       61.11415        0.00000

 NSTEP =  1000000   TIME(PS) =    2000.000  TEMP(K) =   300.92  PRESS =     0.0
 Etot   =    -66957.5154  EKtot   =     13361.3096  EPtot      =    -80318.8250
 BOND   =       710.4514  ANGLE   =      1786.0007  DIHED      =      1354.2415
 UB     =         0.0000  IMP     =         0.0000  CMAP       =       170.1362
 1-4 NB =       826.2268  1-4 EEL =     10760.8644  VDWAALS    =      8445.3172
 EELEC  =   -104372.0631  EHBOND  =         0.0000  RESTRAINT  =         0.0000
 ------------------------------------------------------------------------------

wrapping first mol.:      -21.60711       61.11415        0.00000
wrapping first mol.:      -21.60711       61.11415        0.00000
wrapping first mol.:      -21.60711       61.11415        0.00000
wrapping first mol.:      -21.60711       61.11415        0.00000
wrapping first mol.:      -21.60711       61.11415        0.00000
wrapping first mol.:      -21.60711       61.11415        0.00000
wrapping first mol.:      -21.60711       61.11415        0.00000
wrapping first mol.:      -21.60711       61.11415        0.00000
wrapping first mol.:      -21.60711       61.11415        0.00000
wrapping first mol.:      -21.60711       61.11415        0.00000
wrapping first mol.:      -21.60711       61.11415        0.00000

 NSTEP =  1050000   TIME(PS) =    2100.000  TEMP(K) =   299.90  PRESS =     0.0
 Etot   =    -67341.5747  EKtot   =     13316.0234  EPtot      =    -80657.5982
 BOND   =       691.4216  ANGLE   =      1858.9339  DIHED      =      1345.5919
 UB     =         0.0000  IMP     =         0.0000  CMAP       =       169.9334
 1-4 NB =       809.1452  1-4 EEL =     10716.4540  VDWAALS    =      8281.2759
 EELEC  =   -104530.3540  EHBOND  =         0.0000  RESTRAINT  =         0.0000
 ------------------------------------------------------------------------------

wrapping first mol.:      -21.60711       61.11415        0.00000
wrapping first mol.:      -21.60711       61.11415        0.00000
wrapping first mol.:      -21.60711       61.11415        0.00000
wrapping first mol.:      -21.60711       61.11415        0.00000
wrapping first mol.:      -21.60711       61.11415        0.00000
wrapping first mol.:      -21.60711       61.11415        0.00000
wrapping first mol.:      -21.60711       61.11415        0.00000
wrapping first mol.:      -21.60711       61.11415        0.00000
wrapping first mol.:      -21.60711       61.11415        0.00000
wrapping first mol.:      -21.60711       61.11415        0.00000
wrapping first mol.:      -21.60711       61.11415        0.00000

 NSTEP =  1100000   TIME(PS) =    2200.000  TEMP(K) =   300.73  PRESS =     0.0
 Etot   =    -67204.2850  EKtot   =     13352.9121  EPtot      =    -80557.1972
 BOND   =       686.0478  ANGLE   =      1716.6365  DIHED      =      1371.2395
 UB     =         0.0000  IMP     =         0.0000  CMAP       =       170.0887
 1-4 NB =       822.4547  1-4 EEL =     10828.8382  VDWAALS    =      8095.7018
 EELEC  =   -104248.2044  EHBOND  =         0.0000  RESTRAINT  =         0.0000
 ------------------------------------------------------------------------------

wrapping first mol.:      -21.60711       61.11415        0.00000
wrapping first mol.:      -21.60711       61.11415        0.00000
wrapping first mol.:      -21.60711       61.11415        0.00000
wrapping first mol.:      -21.60711       61.11415        0.00000
wrapping first mol.:      -21.60711       61.11415        0.00000
wrapping first mol.:      -21.60711       61.11415        0.00000
wrapping first mol.:      -21.60711       61.11415        0.00000
wrapping first mol.:      -21.60711       61.11415        0.00000
wrapping first mol.:      -21.60711       61.11415        0.00000
wrapping first mol.:      -21.60711       61.11415        0.00000
wrapping first mol.:      -21.60711       61.11415        0.00000

 NSTEP =  1150000   TIME(PS) =    2300.000  TEMP(K) =   302.50  PRESS =     0.0
 Etot   =    -66937.7463  EKtot   =     13431.4912  EPtot      =    -80369.2376
 BOND   =       705.2059  ANGLE   =      1831.5334  DIHED      =      1367.8473
 UB     =         0.0000  IMP     =         0.0000  CMAP       =       173.8207
 1-4 NB =       819.1010  1-4 EEL =     10768.6662  VDWAALS    =      8299.0990
 EELEC  =   -104334.5109  EHBOND  =         0.0000  RESTRAINT  =         0.0000
 ------------------------------------------------------------------------------

wrapping first mol.:      -21.60711       61.11415        0.00000
wrapping first mol.:      -21.60711       61.11415        0.00000
wrapping first mol.:      -21.60711       61.11415        0.00000
wrapping first mol.:      -21.60711       61.11415        0.00000
wrapping first mol.:      -21.60711       61.11415        0.00000
wrapping first mol.:      -21.60711       61.11415        0.00000
wrapping first mol.:      -21.60711       61.11415        0.00000
wrapping first mol.:      -21.60711       61.11415        0.00000
wrapping first mol.:      -21.60711       61.11415        0.00000
wrapping first mol.:      -21.60711       61.11415        0.00000
wrapping first mol.:      -21.60711       61.11415        0.00000

 NSTEP =  1200000   TIME(PS) =    2400.000  TEMP(K) =   301.03  PRESS =     0.0
 Etot   =    -67254.1766  EKtot   =     13366.2051  EPtot      =    -80620.3817
 BOND   =       662.6118  ANGLE   =      1759.3256  DIHED      =      1351.8934
 UB     =         0.0000  IMP     =         0.0000  CMAP       =       174.5622
 1-4 NB =       799.5928  1-4 EEL =     10776.6756  VDWAALS    =      8453.7087
 EELEC  =   -104598.7517  EHBOND  =         0.0000  RESTRAINT  =         0.0000
 ------------------------------------------------------------------------------

wrapping first mol.:      -21.60711       61.11415        0.00000
wrapping first mol.:      -21.60711       61.11415        0.00000
wrapping first mol.:      -21.60711       61.11415        0.00000
wrapping first mol.:      -21.60711       61.11415        0.00000
wrapping first mol.:      -21.60711       61.11415        0.00000
wrapping first mol.:      -21.60711       61.11415        0.00000
wrapping first mol.:      -21.60711       61.11415        0.00000
wrapping first mol.:      -21.60711       61.11415        0.00000
wrapping first mol.:      -21.60711       61.11415        0.00000
wrapping first mol.:      -21.60711       61.11415        0.00000
wrapping first mol.:      -21.60711       61.11415        0.00000

 NSTEP =  1250000   TIME(PS) =    2500.000  TEMP(K) =   299.00  PRESS =     0.0
 Etot   =    -67245.9354  EKtot   =     13276.2930  EPtot      =    -80522.2284
 BOND   =       715.0120  ANGLE   =      1738.2951  DIHED      =      1372.9287
 UB     =         0.0000  IMP     =         0.0000  CMAP       =       160.0746
 1-4 NB =       794.1250  1-4 EEL =     10740.4970  VDWAALS    =      8287.2549
 EELEC  =   -104330.4157  EHBOND  =         0.0000  RESTRAINT  =         0.0000
 ------------------------------------------------------------------------------

wrapping first mol.:      -21.60711       61.11415        0.00000
wrapping first mol.:      -21.60711       61.11415        0.00000
wrapping first mol.:      -21.60711       61.11415        0.00000
wrapping first mol.:      -21.60711       61.11415        0.00000
wrapping first mol.:      -21.60711       61.11415        0.00000
wrapping first mol.:      -21.60711       61.11415        0.00000
wrapping first mol.:      -21.60711       61.11415        0.00000
wrapping first mol.:      -21.60711       61.11415        0.00000
wrapping first mol.:      -21.60711       61.11415        0.00000
wrapping first mol.:      -21.60711       61.11415        0.00000
wrapping first mol.:      -21.60711       61.11415        0.00000

 NSTEP =  1300000   TIME(PS) =    2600.000  TEMP(K) =   302.62  PRESS =     0.0
 Etot   =    -66894.3680  EKtot   =     13436.6787  EPtot      =    -80331.0467
 BOND   =       706.2793  ANGLE   =      1727.5400  DIHED      =      1358.9779
 UB     =         0.0000  IMP     =         0.0000  CMAP       =       169.1134
 1-4 NB =       824.6176  1-4 EEL =     10787.0859  VDWAALS    =      8279.8254
 EELEC  =   -104184.4862  EHBOND  =         0.0000  RESTRAINT  =         0.0000
 ------------------------------------------------------------------------------

wrapping first mol.:      -21.60711       61.11415        0.00000
wrapping first mol.:      -21.60711       61.11415        0.00000
wrapping first mol.:      -21.60711       61.11415        0.00000
wrapping first mol.:      -21.60711       61.11415        0.00000
wrapping first mol.:      -21.60711       61.11415        0.00000
wrapping first mol.:      -21.60711       61.11415        0.00000
wrapping first mol.:      -21.60711       61.11415        0.00000
wrapping first mol.:      -21.60711       61.11415        0.00000
wrapping first mol.:      -21.60711       61.11415        0.00000
wrapping first mol.:      -21.60711       61.11415        0.00000
wrapping first mol.:      -21.60711       61.11415        0.00000

 NSTEP =  1350000   TIME(PS) =    2700.000  TEMP(K) =   298.61  PRESS =     0.0
 Etot   =    -67466.3747  EKtot   =     13258.9326  EPtot      =    -80725.3073
 BOND   =       670.6455  ANGLE   =      1791.0614  DIHED      =      1374.6645
 UB     =         0.0000  IMP     =         0.0000  CMAP       =       165.7776
 1-4 NB =       807.2384  1-4 EEL =     10780.4639  VDWAALS    =      8101.7145
 EELEC  =   -104416.8732  EHBOND  =         0.0000  RESTRAINT  =         0.0000
 ------------------------------------------------------------------------------

wrapping first mol.:      -21.60711       61.11415        0.00000
wrapping first mol.:      -21.60711       61.11415        0.00000
wrapping first mol.:      -21.60711       61.11415        0.00000
wrapping first mol.:      -21.60711       61.11415        0.00000
wrapping first mol.:      -21.60711       61.11415        0.00000
wrapping first mol.:      -21.60711       61.11415        0.00000
wrapping first mol.:      -21.60711       61.11415        0.00000
wrapping first mol.:      -21.60711       61.11415        0.00000
wrapping first mol.:      -21.60711       61.11415        0.00000
wrapping first mol.:      -21.60711       61.11415        0.00000
wrapping first mol.:      -21.60711       61.11415        0.00000

 NSTEP =  1400000   TIME(PS) =    2800.000  TEMP(K) =   300.74  PRESS =     0.0
 Etot   =    -67517.5328  EKtot   =     13353.3779  EPtot      =    -80870.9107
 BOND   =       668.3691  ANGLE   =      1777.8996  DIHED      =      1336.4328
 UB     =         0.0000  IMP     =         0.0000  CMAP       =       159.2700
 1-4 NB =       794.0273  1-4 EEL =     10764.6775  VDWAALS    =      8329.8561
 EELEC  =   -104701.4431  EHBOND  =         0.0000  RESTRAINT  =         0.0000
 ------------------------------------------------------------------------------

wrapping first mol.:      -21.60711       61.11415        0.00000
wrapping first mol.:      -21.60711       61.11415        0.00000
wrapping first mol.:      -21.60711       61.11415        0.00000
wrapping first mol.:      -21.60711       61.11415        0.00000
wrapping first mol.:      -21.60711       61.11415        0.00000
wrapping first mol.:      -21.60711       61.11415        0.00000
wrapping first mol.:      -21.60711       61.11415        0.00000
wrapping first mol.:      -21.60711       61.11415        0.00000
wrapping first mol.:      -21.60711       61.11415        0.00000
wrapping first mol.:      -21.60711       61.11415        0.00000
wrapping first mol.:      -21.60711       61.11415        0.00000

 NSTEP =  1450000   TIME(PS) =    2900.000  TEMP(K) =   296.60  PRESS =     0.0
 Etot   =    -67186.3052  EKtot   =     13169.6201  EPtot      =    -80355.9253
 BOND   =       617.5166  ANGLE   =      1752.6784  DIHED      =      1367.0119
 UB     =         0.0000  IMP     =         0.0000  CMAP       =       168.7262
 1-4 NB =       825.8296  1-4 EEL =     10823.3821  VDWAALS    =      7985.2205
 EELEC  =   -103896.2905  EHBOND  =         0.0000  RESTRAINT  =         0.0000
 ------------------------------------------------------------------------------

wrapping first mol.:      -21.60711       61.11415        0.00000
wrapping first mol.:      -21.60711       61.11415        0.00000
wrapping first mol.:      -21.60711       61.11415        0.00000
wrapping first mol.:      -21.60711       61.11415        0.00000
wrapping first mol.:      -21.60711       61.11415        0.00000
wrapping first mol.:      -21.60711       61.11415        0.00000
wrapping first mol.:      -43.21422       30.55708       52.92641
wrapping first mol.:      -21.60711       61.11415        0.00000
wrapping first mol.:      -21.60711       61.11415        0.00000
wrapping first mol.:      -21.60711       61.11415        0.00000
wrapping first mol.:      -21.60711       61.11415        0.00000

 NSTEP =  1500000   TIME(PS) =    3000.000  TEMP(K) =   297.48  PRESS =     0.0
 Etot   =    -67373.6298  EKtot   =     13208.7666  EPtot      =    -80582.3964
 BOND   =       685.0506  ANGLE   =      1840.5978  DIHED      =      1355.9239
 UB     =         0.0000  IMP     =         0.0000  CMAP       =       177.0694
 1-4 NB =       825.8235  1-4 EEL =     10753.6989  VDWAALS    =      8302.3620
 EELEC  =   -104522.9226  EHBOND  =         0.0000  RESTRAINT  =         0.0000
 ------------------------------------------------------------------------------

wrapping first mol.:      -43.21422       30.55708       52.92641
wrapping first mol.:      -43.21422       30.55708       52.92641
wrapping first mol.:      -43.21422       30.55708       52.92641
wrapping first mol.:      -43.21422       30.55708       52.92641
wrapping first mol.:      -21.60711       61.11415        0.00000
wrapping first mol.:      -43.21422       30.55708       52.92641
wrapping first mol.:      -43.21422       30.55708       52.92641
wrapping first mol.:      -43.21422       30.55708       52.92641
wrapping first mol.:      -43.21422       30.55708       52.92641
wrapping first mol.:      -43.21422       30.55708       52.92641
wrapping first mol.:      -43.21422       30.55708       52.92641

 NSTEP =  1550000   TIME(PS) =    3100.000  TEMP(K) =   297.38  PRESS =     0.0
 Etot   =    -67218.3337  EKtot   =     13204.0859  EPtot      =    -80422.4196
 BOND   =       667.5350  ANGLE   =      1769.6525  DIHED      =      1361.6765
 UB     =         0.0000  IMP     =         0.0000  CMAP       =       171.9211
 1-4 NB =       821.4497  1-4 EEL =     10813.9321  VDWAALS    =      8330.6552
 EELEC  =   -104359.2416  EHBOND  =         0.0000  RESTRAINT  =         0.0000
 ------------------------------------------------------------------------------

wrapping first mol.:      -43.21422       30.55708       52.92641
wrapping first mol.:      -43.21422       30.55708       52.92641
wrapping first mol.:      -43.21422       30.55708       52.92641
wrapping first mol.:      -43.21422       30.55708       52.92641
wrapping first mol.:      -43.21422       30.55708       52.92641
wrapping first mol.:      -43.21422       30.55708       52.92641
wrapping first mol.:      -43.21422       30.55708       52.92641
wrapping first mol.:      -43.21422       30.55708       52.92641
wrapping first mol.:      -43.21422       30.55708       52.92641
wrapping first mol.:      -43.21422       30.55708       52.92641
wrapping first mol.:      -43.21422       30.55708       52.92641

 NSTEP =  1600000   TIME(PS) =    3200.000  TEMP(K) =   300.33  PRESS =     0.0
 Etot   =    -67264.8189  EKtot   =     13335.1768  EPtot      =    -80599.9956
 BOND   =       697.3120  ANGLE   =      1821.0523  DIHED      =      1342.3162
 UB     =         0.0000  IMP     =         0.0000  CMAP       =       173.5530
 1-4 NB =       813.3670  1-4 EEL =     10823.0908  VDWAALS    =      8072.4132
 EELEC  =   -104343.1001  EHBOND  =         0.0000  RESTRAINT  =         0.0000
 ------------------------------------------------------------------------------

wrapping first mol.:      -43.21422       30.55708       52.92641
wrapping first mol.:      -43.21422       30.55708       52.92641
wrapping first mol.:      -43.21422       30.55708       52.92641
wrapping first mol.:      -43.21422       30.55708       52.92641
wrapping first mol.:      -43.21422       30.55708       52.92641
wrapping first mol.:      -43.21422       30.55708       52.92641
wrapping first mol.:      -43.21422       30.55708       52.92641
wrapping first mol.:      -43.21422       30.55708       52.92641
wrapping first mol.:      -21.60711       61.11415        0.00000
wrapping first mol.:      -21.60711       61.11415        0.00000
wrapping first mol.:      -21.60711       61.11415        0.00000

 NSTEP =  1650000   TIME(PS) =    3300.000  TEMP(K) =   298.89  PRESS =     0.0
 Etot   =    -67015.5468  EKtot   =     13271.0488  EPtot      =    -80286.5956
 BOND   =       695.2271  ANGLE   =      1786.0962  DIHED      =      1375.5719
 UB     =         0.0000  IMP     =         0.0000  CMAP       =       182.3056
 1-4 NB =       819.7669  1-4 EEL =     10780.7573  VDWAALS    =      8210.3242
 EELEC  =   -104136.6448  EHBOND  =         0.0000  RESTRAINT  =         0.0000
 ------------------------------------------------------------------------------

wrapping first mol.:      -21.60711       61.11415        0.00000
wrapping first mol.:      -21.60711       61.11415        0.00000
wrapping first mol.:      -21.60711       61.11415        0.00000
wrapping first mol.:      -21.60711       61.11415        0.00000
wrapping first mol.:      -21.60711       61.11415        0.00000
wrapping first mol.:      -21.60711       61.11415        0.00000
wrapping first mol.:      -21.60711       61.11415        0.00000
wrapping first mol.:      -21.60711       61.11415        0.00000
wrapping first mol.:      -21.60711       61.11415        0.00000
wrapping first mol.:      -21.60711       61.11415        0.00000
wrapping first mol.:      -21.60711       61.11415        0.00000

 NSTEP =  1700000   TIME(PS) =    3400.000  TEMP(K) =   297.40  PRESS =     0.0
 Etot   =    -67371.6372  EKtot   =     13205.1895  EPtot      =    -80576.8267
 BOND   =       661.9975  ANGLE   =      1783.9114  DIHED      =      1355.4482
 UB     =         0.0000  IMP     =         0.0000  CMAP       =       175.0079
 1-4 NB =       829.0955  1-4 EEL =     10823.2075  VDWAALS    =      8284.9985
 EELEC  =   -104490.4932  EHBOND  =         0.0000  RESTRAINT  =         0.0000
 ------------------------------------------------------------------------------

wrapping first mol.:      -21.60711       61.11415        0.00000
wrapping first mol.:      -21.60711       61.11415        0.00000
wrapping first mol.:      -21.60711       61.11415        0.00000
wrapping first mol.:      -21.60711       61.11415        0.00000
wrapping first mol.:      -21.60711       61.11415        0.00000
wrapping first mol.:      -21.60711       61.11415        0.00000
wrapping first mol.:      -21.60711       61.11415        0.00000
wrapping first mol.:      -21.60711       61.11415        0.00000
wrapping first mol.:      -21.60711       61.11415        0.00000
wrapping first mol.:      -21.60711       61.11415        0.00000
wrapping first mol.:      -21.60711       61.11415        0.00000

 NSTEP =  1750000   TIME(PS) =    3500.000  TEMP(K) =   302.43  PRESS =     0.0
 Etot   =    -67192.7771  EKtot   =     13428.5732  EPtot      =    -80621.3504
 BOND   =       721.7849  ANGLE   =      1782.7729  DIHED      =      1400.4191
 UB     =         0.0000  IMP     =         0.0000  CMAP       =       178.6603
 1-4 NB =       813.5482  1-4 EEL =     10826.2200  VDWAALS    =      8331.3410
 EELEC  =   -104676.0968  EHBOND  =         0.0000  RESTRAINT  =         0.0000
 ------------------------------------------------------------------------------

wrapping first mol.:      -21.60711       61.11415        0.00000
wrapping first mol.:      -21.60711       61.11415        0.00000
wrapping first mol.:      -21.60711       61.11415        0.00000
wrapping first mol.:      -21.60711       61.11415        0.00000
wrapping first mol.:      -21.60711       61.11415        0.00000
wrapping first mol.:      -21.60711       61.11415        0.00000
wrapping first mol.:      -21.60711       61.11415        0.00000
wrapping first mol.:      -21.60711       61.11415        0.00000
wrapping first mol.:      -21.60711       61.11415        0.00000
wrapping first mol.:      -21.60711       61.11415        0.00000
wrapping first mol.:      -21.60711       61.11415        0.00000

 NSTEP =  1800000   TIME(PS) =    3600.000  TEMP(K) =   300.15  PRESS =     0.0
 Etot   =    -67338.2902  EKtot   =     13326.9902  EPtot      =    -80665.2804
 BOND   =       672.8919  ANGLE   =      1784.4520  DIHED      =      1339.5096
 UB     =         0.0000  IMP     =         0.0000  CMAP       =       176.5728
 1-4 NB =       830.8572  1-4 EEL =     10769.1980  VDWAALS    =      8298.6162
 EELEC  =   -104537.3783  EHBOND  =         0.0000  RESTRAINT  =         0.0000
 ------------------------------------------------------------------------------

wrapping first mol.:      -21.60711       61.11415        0.00000
wrapping first mol.:      -21.60711       61.11415        0.00000
wrapping first mol.:      -21.60711       61.11415        0.00000
wrapping first mol.:      -21.60711       61.11415        0.00000
wrapping first mol.:      -21.60711       61.11415        0.00000
wrapping first mol.:      -21.60711       61.11415        0.00000
wrapping first mol.:      -21.60711       61.11415        0.00000
wrapping first mol.:      -21.60711       61.11415        0.00000
wrapping first mol.:      -21.60711       61.11415        0.00000
wrapping first mol.:      -21.60711       61.11415        0.00000
wrapping first mol.:      -21.60711       61.11415        0.00000

 NSTEP =  1850000   TIME(PS) =    3700.000  TEMP(K) =   300.72  PRESS =     0.0
 Etot   =    -67256.7310  EKtot   =     13352.3389  EPtot      =    -80609.0699
 BOND   =       694.0218  ANGLE   =      1769.1170  DIHED      =      1343.8777
 UB     =         0.0000  IMP     =         0.0000  CMAP       =       176.0083
 1-4 NB =       829.3612  1-4 EEL =     10723.4592  VDWAALS    =      8074.2776
 EELEC  =   -104219.1926  EHBOND  =         0.0000  RESTRAINT  =         0.0000
 ------------------------------------------------------------------------------

wrapping first mol.:      -21.60711       61.11415        0.00000
wrapping first mol.:      -21.60711       61.11415        0.00000
wrapping first mol.:      -21.60711       61.11415        0.00000
wrapping first mol.:      -21.60711       61.11415        0.00000
wrapping first mol.:      -21.60711       61.11415        0.00000
wrapping first mol.:      -21.60711       61.11415        0.00000
wrapping first mol.:      -21.60711       61.11415        0.00000
wrapping first mol.:      -21.60711       61.11415        0.00000
wrapping first mol.:      -21.60711       61.11415        0.00000
wrapping first mol.:      -21.60711       61.11415        0.00000
wrapping first mol.:      -21.60711       61.11415        0.00000

 NSTEP =  1900000   TIME(PS) =    3800.000  TEMP(K) =   297.83  PRESS =     0.0
 Etot   =    -67438.9115  EKtot   =     13224.4062  EPtot      =    -80663.3177
 BOND   =       699.8594  ANGLE   =      1762.0667  DIHED      =      1342.9662
 UB     =         0.0000  IMP     =         0.0000  CMAP       =       167.4419
 1-4 NB =       827.3663  1-4 EEL =     10786.6956  VDWAALS    =      8345.2425
 EELEC  =   -104594.9564  EHBOND  =         0.0000  RESTRAINT  =         0.0000
 ------------------------------------------------------------------------------

wrapping first mol.:      -21.60711       61.11415        0.00000
wrapping first mol.:      -21.60711       61.11415        0.00000
wrapping first mol.:      -21.60711       61.11415        0.00000
wrapping first mol.:      -21.60711       61.11415        0.00000
wrapping first mol.:      -21.60711       61.11415        0.00000
wrapping first mol.:      -21.60711       61.11415        0.00000
wrapping first mol.:      -21.60711       61.11415        0.00000
wrapping first mol.:      -21.60711       61.11415        0.00000
wrapping first mol.:      -21.60711       61.11415        0.00000
wrapping first mol.:      -21.60711       61.11415        0.00000
wrapping first mol.:      -21.60711       61.11415        0.00000

 NSTEP =  1950000   TIME(PS) =    3900.000  TEMP(K) =   302.00  PRESS =     0.0
 Etot   =    -67191.7451  EKtot   =     13409.2705  EPtot      =    -80601.0156
 BOND   =       709.0021  ANGLE   =      1777.1458  DIHED      =      1336.0991
 UB     =         0.0000  IMP     =         0.0000  CMAP       =       172.0016
 1-4 NB =       815.0504  1-4 EEL =     10785.9982  VDWAALS    =      8044.1442
 EELEC  =   -104240.4570  EHBOND  =         0.0000  RESTRAINT  =         0.0000
 ------------------------------------------------------------------------------

wrapping first mol.:      -21.60711       61.11415        0.00000
wrapping first mol.:      -21.60711       61.11415        0.00000
wrapping first mol.:      -21.60711       61.11415        0.00000
wrapping first mol.:      -21.60711       61.11415        0.00000
wrapping first mol.:      -21.60711       61.11415        0.00000
wrapping first mol.:      -21.60711       61.11415        0.00000
wrapping first mol.:      -21.60711       61.11415        0.00000
wrapping first mol.:      -21.60711       61.11415        0.00000
wrapping first mol.:      -21.60711       61.11415        0.00000
wrapping first mol.:      -21.60711       61.11415        0.00000
wrapping first mol.:      -21.60711       61.11415        0.00000

 NSTEP =  2000000   TIME(PS) =    4000.000  TEMP(K) =   302.60  PRESS =     0.0
 Etot   =    -66970.8683  EKtot   =     13435.8926  EPtot      =    -80406.7608
 BOND   =       666.2581  ANGLE   =      1823.4259  DIHED      =      1360.4321
 UB     =         0.0000  IMP     =         0.0000  CMAP       =       167.8952
 1-4 NB =       822.5109  1-4 EEL =     10760.5691  VDWAALS    =      8014.3423
 EELEC  =   -104022.1944  EHBOND  =         0.0000  RESTRAINT  =         0.0000
 ------------------------------------------------------------------------------

wrapping first mol.:      -21.60711       61.11415        0.00000
wrapping first mol.:      -21.60711       61.11415        0.00000
wrapping first mol.:      -21.60711       61.11415        0.00000
wrapping first mol.:      -21.60711       61.11415        0.00000
wrapping first mol.:      -21.60711       61.11415        0.00000
wrapping first mol.:      -21.60711       61.11415        0.00000
wrapping first mol.:      -21.60711       61.11415        0.00000
wrapping first mol.:      -21.60711       61.11415        0.00000
wrapping first mol.:      -21.60711       61.11415        0.00000
wrapping first mol.:      -21.60711       61.11415        0.00000
wrapping first mol.:      -21.60711       61.11415        0.00000

 NSTEP =  2050000   TIME(PS) =    4100.000  TEMP(K) =   300.67  PRESS =     0.0
 Etot   =    -67338.0659  EKtot   =     13350.4404  EPtot      =    -80688.5064
 BOND   =       652.4068  ANGLE   =      1738.2105  DIHED      =      1348.7312
 UB     =         0.0000  IMP     =         0.0000  CMAP       =       168.8138
 1-4 NB =       830.1185  1-4 EEL =     10789.1288  VDWAALS    =      8030.5339
 EELEC  =   -104246.4499  EHBOND  =         0.0000  RESTRAINT  =         0.0000
 ------------------------------------------------------------------------------

wrapping first mol.:      -21.60711       61.11415        0.00000
wrapping first mol.:      -21.60711       61.11415        0.00000
wrapping first mol.:      -21.60711       61.11415        0.00000
wrapping first mol.:      -21.60711       61.11415        0.00000
wrapping first mol.:      -21.60711       61.11415        0.00000
wrapping first mol.:      -21.60711       61.11415        0.00000
wrapping first mol.:      -21.60711       61.11415        0.00000
wrapping first mol.:      -21.60711       61.11415        0.00000
wrapping first mol.:      -21.60711       61.11415        0.00000
wrapping first mol.:      -21.60711       61.11415        0.00000
wrapping first mol.:      -21.60711       61.11415        0.00000

 NSTEP =  2100000   TIME(PS) =    4200.000  TEMP(K) =   301.47  PRESS =     0.0
 Etot   =    -67269.1664  EKtot   =     13385.8066  EPtot      =    -80654.9730
 BOND   =       693.9924  ANGLE   =      1761.0378  DIHED      =      1317.2562
 UB     =         0.0000  IMP     =         0.0000  CMAP       =       171.4327
 1-4 NB =       811.5076  1-4 EEL =     10824.9369  VDWAALS    =      8237.5007
 EELEC  =   -104472.6373  EHBOND  =         0.0000  RESTRAINT  =         0.0000
 ------------------------------------------------------------------------------

wrapping first mol.:      -21.60711       61.11415        0.00000
wrapping first mol.:      -21.60711       61.11415        0.00000
wrapping first mol.:      -21.60711       61.11415        0.00000
wrapping first mol.:      -21.60711       61.11415        0.00000
wrapping first mol.:      -21.60711       61.11415        0.00000
wrapping first mol.:      -21.60711       61.11415        0.00000
wrapping first mol.:      -21.60711       61.11415        0.00000
wrapping first mol.:      -21.60711       61.11415        0.00000
wrapping first mol.:      -21.60711       61.11415        0.00000
wrapping first mol.:      -21.60711       61.11415        0.00000
wrapping first mol.:      -21.60711       61.11415        0.00000

 NSTEP =  2150000   TIME(PS) =    4300.000  TEMP(K) =   299.63  PRESS =     0.0
 Etot   =    -67192.9428  EKtot   =     13304.2266  EPtot      =    -80497.1694
 BOND   =       661.7162  ANGLE   =      1772.7019  DIHED      =      1380.0707
 UB     =         0.0000  IMP     =         0.0000  CMAP       =       178.8831
 1-4 NB =       801.9055  1-4 EEL =     10731.7471  VDWAALS    =      8344.5241
 EELEC  =   -104368.7179  EHBOND  =         0.0000  RESTRAINT  =         0.0000
 ------------------------------------------------------------------------------

wrapping first mol.:      -21.60711       61.11415        0.00000
wrapping first mol.:      -21.60711       61.11415        0.00000
wrapping first mol.:      -21.60711       61.11415        0.00000
wrapping first mol.:      -21.60711       61.11415        0.00000
wrapping first mol.:      -21.60711       61.11415        0.00000
wrapping first mol.:      -21.60711       61.11415        0.00000
wrapping first mol.:      -21.60711       61.11415        0.00000
wrapping first mol.:      -21.60711       61.11415        0.00000
wrapping first mol.:      -43.21422       30.55708       52.92641
wrapping first mol.:      -43.21422       30.55708       52.92641
wrapping first mol.:      -43.21422       30.55708       52.92641

 NSTEP =  2200000   TIME(PS) =    4400.000  TEMP(K) =   301.57  PRESS =     0.0
 Etot   =    -67181.3266  EKtot   =     13390.3154  EPtot      =    -80571.6420
 BOND   =       669.1500  ANGLE   =      1730.0017  DIHED      =      1372.9238
 UB     =         0.0000  IMP     =         0.0000  CMAP       =       165.6833
 1-4 NB =       825.7876  1-4 EEL =     10806.1629  VDWAALS    =      8148.3551
 EELEC  =   -104289.7065  EHBOND  =         0.0000  RESTRAINT  =         0.0000
 ------------------------------------------------------------------------------

wrapping first mol.:      -21.60711       61.11415        0.00000
wrapping first mol.:      -43.21422       30.55708       52.92641
wrapping first mol.:      -43.21422       30.55708       52.92641
wrapping first mol.:      -43.21422       30.55708       52.92641
wrapping first mol.:      -43.21422       30.55708       52.92641
wrapping first mol.:      -43.21422       30.55708       52.92641
wrapping first mol.:      -43.21422       30.55708       52.92641
wrapping first mol.:      -43.21422       30.55708       52.92641
wrapping first mol.:      -43.21422       30.55708       52.92641
wrapping first mol.:      -43.21422       30.55708       52.92641
wrapping first mol.:      -43.21422       30.55708       52.92641

 NSTEP =  2250000   TIME(PS) =    4500.000  TEMP(K) =   300.13  PRESS =     0.0
 Etot   =    -67342.0017  EKtot   =     13326.4619  EPtot      =    -80668.4636
 BOND   =       682.9222  ANGLE   =      1718.2177  DIHED      =      1359.3637
 UB     =         0.0000  IMP     =         0.0000  CMAP       =       185.4284
 1-4 NB =       816.9792  1-4 EEL =     10811.4696  VDWAALS    =      8284.3849
 EELEC  =   -104527.2294  EHBOND  =         0.0000  RESTRAINT  =         0.0000
 ------------------------------------------------------------------------------

wrapping first mol.:      -43.21422       30.55708       52.92641
wrapping first mol.:      -43.21422       30.55708       52.92641
wrapping first mol.:      -43.21422       30.55708       52.92641
wrapping first mol.:      -43.21422       30.55708       52.92641
wrapping first mol.:      -43.21422       30.55708       52.92641
wrapping first mol.:      -43.21422       30.55708       52.92641
wrapping first mol.:      -43.21422       30.55708       52.92641
wrapping first mol.:      -43.21422       30.55708       52.92641
wrapping first mol.:      -43.21422       30.55708       52.92641
wrapping first mol.:      -43.21422       30.55708       52.92641
wrapping first mol.:      -43.21422       30.55708       52.92641

 NSTEP =  2300000   TIME(PS) =    4600.000  TEMP(K) =   298.50  PRESS =     0.0
 Etot   =    -67563.9190  EKtot   =     13253.9561  EPtot      =    -80817.8750
 BOND   =       671.3792  ANGLE   =      1726.2155  DIHED      =      1350.0634
 UB     =         0.0000  IMP     =         0.0000  CMAP       =       176.3064
 1-4 NB =       815.0768  1-4 EEL =     10813.8862  VDWAALS    =      8232.0800
 EELEC  =   -104602.8825  EHBOND  =         0.0000  RESTRAINT  =         0.0000
 ------------------------------------------------------------------------------

wrapping first mol.:      -43.21422       30.55708       52.92641
wrapping first mol.:      -43.21422       30.55708       52.92641
wrapping first mol.:      -21.60711       61.11415        0.00000
wrapping first mol.:      -21.60711       61.11415        0.00000
wrapping first mol.:      -21.60711       61.11415        0.00000
wrapping first mol.:      -43.21422       30.55708       52.92641
wrapping first mol.:      -43.21422       30.55708       52.92641
wrapping first mol.:      -43.21422       30.55708       52.92641
wrapping first mol.:      -43.21422       30.55708       52.92641
wrapping first mol.:      -43.21422       30.55708       52.92641
wrapping first mol.:      -43.21422       30.55708       52.92641

 NSTEP =  2350000   TIME(PS) =    4700.000  TEMP(K) =   300.93  PRESS =     0.0
 Etot   =    -67341.0250  EKtot   =     13362.0303  EPtot      =    -80703.0552
 BOND   =       699.9092  ANGLE   =      1768.9515  DIHED      =      1343.9123
 UB     =         0.0000  IMP     =         0.0000  CMAP       =       177.1972
 1-4 NB =       802.2111  1-4 EEL =     10763.7845  VDWAALS    =      8136.5205
 EELEC  =   -104395.5415  EHBOND  =         0.0000  RESTRAINT  =         0.0000
 ------------------------------------------------------------------------------

wrapping first mol.:      -43.21422       30.55708       52.92641
wrapping first mol.:      -21.60711       61.11415        0.00000
wrapping first mol.:      -21.60711       61.11415        0.00000
wrapping first mol.:      -21.60711       61.11415        0.00000
wrapping first mol.:      -21.60711       61.11415        0.00000
wrapping first mol.:      -21.60711       61.11415        0.00000
wrapping first mol.:      -21.60711       61.11415        0.00000
wrapping first mol.:      -21.60711       61.11415        0.00000
wrapping first mol.:      -21.60711       61.11415        0.00000
wrapping first mol.:      -21.60711       61.11415        0.00000
wrapping first mol.:      -21.60711       61.11415        0.00000

 NSTEP =  2400000   TIME(PS) =    4800.000  TEMP(K) =   299.89  PRESS =     0.0
 Etot   =    -66960.6427  EKtot   =     13315.6191  EPtot      =    -80276.2619
 BOND   =       707.0565  ANGLE   =      1855.6336  DIHED      =      1364.3644
 UB     =         0.0000  IMP     =         0.0000  CMAP       =       181.9307
 1-4 NB =       813.4797  1-4 EEL =     10700.3396  VDWAALS    =      8212.6349
 EELEC  =   -104111.7011  EHBOND  =         0.0000  RESTRAINT  =         0.0000
 ------------------------------------------------------------------------------

wrapping first mol.:      -43.21422       30.55708       52.92641
wrapping first mol.:      -21.60711       61.11415        0.00000
wrapping first mol.:      -43.21422       30.55708       52.92641
wrapping first mol.:      -43.21422       30.55708       52.92641
wrapping first mol.:      -43.21422       30.55708       52.92641
wrapping first mol.:      -21.60711       61.11415        0.00000
wrapping first mol.:      -21.60711       61.11415        0.00000
wrapping first mol.:      -21.60711       61.11415        0.00000
wrapping first mol.:      -43.21422       30.55708       52.92641
wrapping first mol.:      -21.60711       61.11415        0.00000
wrapping first mol.:      -21.60711       61.11415        0.00000

 NSTEP =  2450000   TIME(PS) =    4900.000  TEMP(K) =   300.51  PRESS =     0.0
 Etot   =    -67320.9397  EKtot   =     13343.1221  EPtot      =    -80664.0618
 BOND   =       647.3627  ANGLE   =      1777.5000  DIHED      =      1346.9959
 UB     =         0.0000  IMP     =         0.0000  CMAP       =       173.1926
 1-4 NB =       823.5733  1-4 EEL =     10751.4378  VDWAALS    =      8225.4870
 EELEC  =   -104409.6111  EHBOND  =         0.0000  RESTRAINT  =         0.0000
 ------------------------------------------------------------------------------

wrapping first mol.:      -21.60711       61.11415        0.00000
wrapping first mol.:      -21.60711       61.11415        0.00000
wrapping first mol.:      -21.60711       61.11415        0.00000
wrapping first mol.:      -21.60711       61.11415        0.00000
wrapping first mol.:      -21.60711       61.11415        0.00000
wrapping first mol.:      -21.60711       61.11415        0.00000
wrapping first mol.:      -21.60711       61.11415        0.00000
wrapping first mol.:      -21.60711       61.11415        0.00000
wrapping first mol.:      -21.60711       61.11415        0.00000
wrapping first mol.:      -21.60711       61.11415        0.00000
wrapping first mol.:      -21.60711       61.11415        0.00000

 NSTEP =  2500000   TIME(PS) =    5000.000  TEMP(K) =   301.19  PRESS =     0.0
 Etot   =    -67312.4507  EKtot   =     13373.1621  EPtot      =    -80685.6128
 BOND   =       663.8685  ANGLE   =      1783.2360  DIHED      =      1362.6160
 UB     =         0.0000  IMP     =         0.0000  CMAP       =       175.8255
 1-4 NB =       817.2073  1-4 EEL =     10737.3702  VDWAALS    =      8096.2078
 EELEC  =   -104321.9442  EHBOND  =         0.0000  RESTRAINT  =         0.0000
 ------------------------------------------------------------------------------


      A V E R A G E S   O V E R      50 S T E P S


 NSTEP =  2500000   TIME(PS) =    5000.000  TEMP(K) =   300.13  PRESS =     0.0
 Etot   =    -67213.0926  EKtot   =     13326.4668  EPtot      =    -80539.5595
 BOND   =       681.5726  ANGLE   =      1779.8113  DIHED      =      1356.0743
 UB     =         0.0000  IMP     =         0.0000  CMAP       =       171.6929
 1-4 NB =       817.3673  1-4 EEL =     10783.5480  VDWAALS    =      8224.8140
 EELEC  =   -104354.4400  EHBOND  =         0.0000  RESTRAINT  =         0.0000
 ------------------------------------------------------------------------------


      R M S  F L U C T U A T I O N S


 NSTEP =  2500000   TIME(PS) =    5000.000  TEMP(K) =     1.97  PRESS =     0.0
 Etot   =       174.2747  EKtot   =        87.5667  EPtot      =       150.9037
 BOND   =        23.0974  ANGLE   =        38.0113  DIHED      =        15.4209
 UB     =         0.0000  IMP     =         0.0000  CMAP       =         5.7251
 1-4 NB =        10.4330  1-4 EEL =        36.3656  VDWAALS    =       135.3351
 EELEC  =       208.1540  EHBOND  =         0.0000  RESTRAINT  =         0.0000
 ------------------------------------------------------------------------------

--------------------------------------------------------------------------------
   5.  TIMINGS
--------------------------------------------------------------------------------

|  NonSetup CPU Time in Major Routines:
|
|     Routine           Sec        %
|     ------------------------------
|     Nonbond         248.59   16.80
|     Bond              0.00    0.00
|     Angle             0.00    0.00
|     Dihedral          0.00    0.00
|     Shake            13.46    0.91
|     RunMD          1215.24   82.13
|     Other             2.40    0.16
|     ------------------------------
|     Total          1479.69

|  PME Nonbond Pairlist CPU Time:
|
|     Routine              Sec        %
|     ---------------------------------
|     Set Up Cit           0.00    0.00
|     Build List           0.00    0.00
|     ---------------------------------
|     Total                0.00    0.00

|  PME Direct Force CPU Time:
|
|     Routine              Sec        %
|     ---------------------------------
|     NonBonded Calc       0.00    0.00
|     Exclude Masked       0.00    0.00
|     Other                1.35    0.09
|     ---------------------------------
|     Total                1.35    0.09

|  PME Reciprocal Force CPU Time:
|
|     Routine              Sec        %
|     ---------------------------------
|     1D bspline           0.00    0.00
|     Grid Charges         0.00    0.00
|     Scalar Sum           0.00    0.00
|     Gradient Sum         0.00    0.00
|     FFT                  0.00    0.00
|     ---------------------------------
|     Total                0.00    0.00

|  Final Performance Info:
|     -----------------------------------------------------
|     Average timings for last   50000 steps:
|     Elapsed(s) =      29.73 Per Step(ms) =       0.59
|         ns/day =     290.62   seconds/ns =     297.30
|
|     Average timings for all steps:
|     Elapsed(s) =    1479.80 Per Step(ms) =       0.59
|         ns/day =     291.93   seconds/ns =     295.96
|     -----------------------------------------------------

|  Setup CPU time:            0.63 seconds
|  NonSetup CPU time:      1479.69 seconds
|  Total CPU time:         1480.32 seconds     0.41 hours

|  Setup wall time:           1    seconds
|  NonSetup wall time:     1480    seconds
|  Total wall time:        1481    seconds     0.41 hours
