
          -------------------------------------------------------
          Amber 18 PMEMD                              2018
          -------------------------------------------------------

| PMEMD implementation of SANDER, Release 18

| Run on 09/20/2020 at 15:08:01

|   Executable path: pmemd.cuda
| Working directory: /home/almacen/pbarletta/dynein/run/lfm7/2_pdt
|          Hostname: Unknown
  [-O]verwriting output

File Assignments:
|   MDIN: pre_pdt.in                                                            
|  MDOUT: 0pdt.out                                                              
| INPCRD: 2_lfm7.rst7                                                           
|   PARM: /home/almacen/pbarletta/dynein/top_files/lfm7.prmtop                  
| RESTRT: 0p2_lfm7.rst7                                                         
|   REFC: refc                                                                  
|  MDVEL: mdvel                                                                 
|   MDEN: mden                                                                  
|  MDCRD: 0p2_lfm7.nc                                                           
| MDINFO: mdinfo                                                                
|  MDFRC: mdfrc                                                                 


 Here is the input file:

Production run                                                                 
&cntrl                                                                         
imin = 0,                           ! No Minimization                          
nmropt = 0,                         ! No NMR restraints read                   
                                                                               
! Nature and format of the input                                               
ntx = 5,                            ! Coordinates and velocities will be read  
irest = 1,                          ! Do not run a new simulation              
                                                                               
! Nature and format of the output                                              
ntxo = 1,                           ! rstrt file in ASCII format               
ntpr = 50000,                       ! inf in output every ntpr steps           
ntwr = 50000,                       ! rstrt file every ntwr steps              
ntwx = 5000,                        ! mdcrd file every ntwx steps              
ntwv = 0,                           ! mdvel without velocities                 
ntwe = 0,                           ! Energies and temperatures not written in 
idecomp = 0,                        ! No energy decomposition                  
iwrap = 1,                          ! Coordinates of the restart and mdcrd file
                                                                               
! Frozen or restrained atoms                                                   
ibelly = 0,                         ! No frozen atoms                          
ntr=0,                              ! Harmonic potential restraints            
                                                                               
! Molecular dynamics                                                           
nstlim = 2500000,                   ! Number of MD-steps                       
dt = 0.002,                         ! Time step                                
                                                                               
! Temperature regulation                                                       
ntt = 3,                            ! Langevin thermostat                      
gamma_ln = 2,                       ! Gamma constant for Langevin              
temp0 = 300.0,                      ! Reference T at which the system is to be 
tempi = 300.0,                      ! Initial T                                
ig = -1,                            ! Seed for the RNG                         
                                                                               
! P and V regulation                                                           
!barostat = 1,                      ! Berendsen barostat                       
!taup = 1,                          ! Pressure relaxation time                 
ntp = 0,                            ! constant V                               
ntb = 1,                            ! Periodic box for constant V              
                                                                               
! SHAKE variables                                                              
ntc = 2,                            ! Bonds involving H are constrained        
ntf = 2,                            ! Bond interaction involving H are ommited.
                                                                               
cut = 9.0,                          ! Nonbonded cutoff                         
/                                                                              
&end                                                                           


Note: ig = -1. Setting random seed to   232203 based on wallclock time in 
      microseconds.
| irandom = 1, using AMBER's internal random number generator (default).
 
|--------------------- INFORMATION ----------------------
| GPU (CUDA) Version of PMEMD in use: NVIDIA GPU IN USE.
|                    Version 18.0.0
| 
|                      03/25/2018
| 
| Implementation by:
|                    Ross C. Walker     (SDSC)
|                    Scott Le Grand     (nVIDIA)
| 
| Version 18 performance extensions by:
|                    David Cerutti     (Rutgers)
| 
| Precision model in use:
|      [SPFP] - Single Precision Forces, 64-bit Fixed Point
|               Accumulation. (Default)
| 
|--------------------------------------------------------
 
|----------------- CITATION INFORMATION -----------------
|
|    When publishing work that utilized the CUDA version
|    of AMBER, please cite the following in addition to
|    the regular AMBER citations:
|
|  - Romelia Salomon-Ferrer; Andreas W. Goetz; Duncan
|    Poole; Scott Le Grand; Ross C. Walker "Routine
|    microsecond molecular dynamics simulations with
|    AMBER - Part II: Particle Mesh Ewald", J. Chem.
|    Theory Comput., 2013, 9 (9), pp3878-3888,
|    DOI: 10.1021/ct400314y.
|
|  - Andreas W. Goetz; Mark J. Williamson; Dong Xu;
|    Duncan Poole; Scott Le Grand; Ross C. Walker
|    "Routine microsecond molecular dynamics simulations
|    with AMBER - Part I: Generalized Born", J. Chem.
|    Theory Comput., 2012, 8 (5), pp1542-1555.
|
|  - Scott Le Grand; Andreas W. Goetz; Ross C. Walker
|    "SPFP: Speed without compromise - a mixed precision
|    model for GPU accelerated molecular dynamics
|    simulations.", Comp. Phys. Comm., 2013, 184
|    pp374-380, DOI: 10.1016/j.cpc.2012.09.022
|
|--------------------------------------------------------
 
|------------------- GPU DEVICE INFO --------------------
|
|            CUDA_VISIBLE_DEVICES: 0
|   CUDA Capable Devices Detected:      1
|           CUDA Device ID in use:      0
|                CUDA Device Name: GeForce GTX 1080 Ti
|     CUDA Device Global Mem Size:  11178 MB
| CUDA Device Num Multiprocessors:     28
|           CUDA Device Core Freq:   1.72 GHz
|
|--------------------------------------------------------
 
 
| Conditional Compilation Defines Used:
| PUBFFT
| BINTRAJ
| CUDA
| EMIL

| Largest sphere to fit in unit cell has radius =    26.710

| New format PARM file being parsed.
| Version =    1.000 Date = 08/10/20 Time = 22:33:45

| Note: 1-4 EEL scale factors are being read from the topology file.

| Note: 1-4 VDW scale factors are being read from the topology file.
| Duplicated    0 dihedrals

| Duplicated    0 dihedrals

--------------------------------------------------------------------------------
   1.  RESOURCE   USE: 
--------------------------------------------------------------------------------

 getting new box info from bottom of inpcrd
 NATOM  =   28320 NTYPES =      18 NBONH =   20536 MBONA  =    7816
 NTHETH =    3106 MTHETA =    1920 NPHIH =    6248 MPHIA  =    6024
 NHPARM =       0 NPARM  =       0 NNB   =   59928 NRES   =    6560
 NBONA  =    7816 NTHETA =    1920 NPHIA =    6024 NUMBND =      72
 NUMANG =     163 NPTRA  =     189 NATYP =      37 NPHB   =       1
 IFBOX  =       2 NMXRS  =      24 IFCAP =       0 NEXTRA =    6390
 NCOPY  =       0


| Coordinate Index Table dimensions:    11   11   11
| Direct force subcell size =     5.9478    5.9478    5.9478

     BOX TYPE: TRUNCATED OCTAHEDRON

--------------------------------------------------------------------------------
   2.  CONTROL  DATA  FOR  THE  RUN
--------------------------------------------------------------------------------

default_name                                                                    

General flags:
     imin    =       0, nmropt  =       0

Nature and format of input:
     ntx     =       5, irest   =       1, ntrx    =       1

Nature and format of output:
     ntxo    =       1, ntpr    =   50000, ntrx    =       1, ntwr    =   50000
     iwrap   =       1, ntwx    =    5000, ntwv    =       0, ntwe    =       0
     ioutfm  =       1, ntwprt  =       0, idecomp =       0, rbornstat=      0

Potential function:
     ntf     =       2, ntb     =       1, igb     =       0, nsnb    =      25
     ipol    =       0, gbsa    =       0, iesp    =       0
     dielc   =   1.00000, cut     =   9.00000, intdiel =   1.00000

Frozen or restrained atoms:
     ibelly  =       0, ntr     =       0

Molecular dynamics:
     nstlim  =   2500000, nscm    =      1000, nrespa  =         1
     t       =   0.00000, dt      =   0.00200, vlimit  =  -1.00000

Langevin dynamics temperature regulation:
     ig      =  232203
     temp0   = 300.00000, tempi   = 300.00000, gamma_ln=   2.00000

SHAKE:
     ntc     =       2, jfastw  =       0
     tol     =   0.00001

| Intermolecular bonds treatment:
|     no_intermolecular_bonds =       1

| Energy averages sample interval:
|     ene_avg_sampling =   50000

Extra-points options:
     frameon =       1, chngmask=       1

Ewald parameters:
     verbose =       0, ew_type =       0, nbflag  =       1, use_pme =       1
     vdwmeth =       1, eedmeth =       1, netfrc  =       1
     Box X =   65.426   Box Y =   65.426   Box Z =   65.426
     Alpha =  109.471   Beta  =  109.471   Gamma =  109.471
     NFFT1 =   64       NFFT2 =   64       NFFT3 =   64
     Cutoff=    9.000   Tol   =0.100E-04
     Ewald Coefficient =  0.30768
     Interpolation order =    4
|      EXTRA_PTS, trim_bonds: num bonds BEFORE trim = 20536     0
|      EXTRA_PTS, trim_bonds: num bonds AFTER  trim = 20536     0
|      EXTRA_PTS, trim_bonds: num bonds BEFORE trim =  7816     0
|      EXTRA_PTS, trim_bonds: num bonds AFTER  trim =  1426     0
|      EXTRA_PTS, trim_theta: num angle BEFORE trim =  3106     0
|      EXTRA_PTS, trim_theta: num angle AFTER  trim =  3106     0
|      EXTRA_PTS, trim_theta: num angle BEFORE trim =  1920     0
|      EXTRA_PTS, trim_theta: num angle AFTER  trim =  1920     0
|      EXTRA_PTS, trim_phi:  num diheds BEFORE trim =  6248     0
|      EXTRA_PTS, trim_phi:  num diheds AFTER  trim =  6248     0
|      EXTRA_PTS, trim_phi:  num diheds BEFORE trim =  6024     0
|      EXTRA_PTS, trim_phi:  num diheds AFTER  trim =  6024     0

--------------------------------------------------------------------------------
   3.  ATOMIC COORDINATES AND VELOCITIES
--------------------------------------------------------------------------------

Cpptraj Generated Restart                                                       
 begin time read from input coords =     0.000 ps

 
 Number of triangulated 3-point waters found:     6390

     Sum of charges from parm topology file =   0.00003493
     Forcing neutrality...

| Dynamic Memory, Types Used:
| Reals              915015
| Integers          2006074

| Nonbonded Pairs Initial Allocation:     6456960

| GPU memory information (estimate):
| KB of GPU memory in use:         0
| KB of CPU memory in use:         0

--------------------------------------------------------------------------------
   4.  RESULTS
--------------------------------------------------------------------------------


 NSTEP =    50000   TIME(PS) =     100.000  TEMP(K) =   300.97  PRESS =     0.0
 Etot   =    -70531.5910  EKtot   =     13532.9082  EPtot      =    -84064.4992
 BOND   =       500.0731  ANGLE   =      1408.1989  DIHED      =       912.0162
 UB     =         0.0000  IMP     =         0.0000  CMAP       =       156.7691
 1-4 NB =       621.5101  1-4 EEL =      8646.3553  VDWAALS    =      9687.4422
 EELEC  =   -105996.8640  EHBOND  =         0.0000  RESTRAINT  =         0.0000
 ------------------------------------------------------------------------------


 NSTEP =   100000   TIME(PS) =     200.000  TEMP(K) =   299.86  PRESS =     0.0
 Etot   =    -70305.9297  EKtot   =     13482.7471  EPtot      =    -83788.6768
 BOND   =       546.6606  ANGLE   =      1428.2269  DIHED      =       901.6957
 UB     =         0.0000  IMP     =         0.0000  CMAP       =       139.5829
 1-4 NB =       616.1831  1-4 EEL =      8621.5530  VDWAALS    =      9431.9333
 EELEC  =   -105474.5123  EHBOND  =         0.0000  RESTRAINT  =         0.0000
 ------------------------------------------------------------------------------


 NSTEP =   150000   TIME(PS) =     300.000  TEMP(K) =   298.70  PRESS =     0.0
 Etot   =    -70653.1178  EKtot   =     13430.6201  EPtot      =    -84083.7379
 BOND   =       527.0991  ANGLE   =      1348.2285  DIHED      =       928.1042
 UB     =         0.0000  IMP     =         0.0000  CMAP       =       134.6975
 1-4 NB =       617.8394  1-4 EEL =      8644.0016  VDWAALS    =      9380.8579
 EELEC  =   -105664.5662  EHBOND  =         0.0000  RESTRAINT  =         0.0000
 ------------------------------------------------------------------------------


 NSTEP =   200000   TIME(PS) =     400.000  TEMP(K) =   297.83  PRESS =     0.0
 Etot   =    -70491.4974  EKtot   =     13391.6045  EPtot      =    -83883.1019
 BOND   =       522.4708  ANGLE   =      1389.6588  DIHED      =       912.8893
 UB     =         0.0000  IMP     =         0.0000  CMAP       =       147.4422
 1-4 NB =       625.3250  1-4 EEL =      8606.1230  VDWAALS    =      9531.3824
 EELEC  =   -105618.3932  EHBOND  =         0.0000  RESTRAINT  =         0.0000
 ------------------------------------------------------------------------------


 NSTEP =   250000   TIME(PS) =     500.000  TEMP(K) =   298.98  PRESS =     0.0
 Etot   =    -70351.3509  EKtot   =     13443.4785  EPtot      =    -83794.8295
 BOND   =       526.8773  ANGLE   =      1407.2749  DIHED      =       908.1905
 UB     =         0.0000  IMP     =         0.0000  CMAP       =       138.0441
 1-4 NB =       611.3576  1-4 EEL =      8660.7810  VDWAALS    =      9602.6639
 EELEC  =   -105650.0188  EHBOND  =         0.0000  RESTRAINT  =         0.0000
 ------------------------------------------------------------------------------


 NSTEP =   300000   TIME(PS) =     600.000  TEMP(K) =   297.77  PRESS =     0.0
 Etot   =    -70701.1248  EKtot   =     13389.0869  EPtot      =    -84090.2117
 BOND   =       515.2311  ANGLE   =      1423.7238  DIHED      =       922.9116
 UB     =         0.0000  IMP     =         0.0000  CMAP       =       137.3634
 1-4 NB =       633.4568  1-4 EEL =      8715.2190  VDWAALS    =      9589.9046
 EELEC  =   -106028.0220  EHBOND  =         0.0000  RESTRAINT  =         0.0000
 ------------------------------------------------------------------------------


 NSTEP =   350000   TIME(PS) =     700.000  TEMP(K) =   299.57  PRESS =     0.0
 Etot   =    -70135.6522  EKtot   =     13470.0244  EPtot      =    -83605.6766
 BOND   =       494.2207  ANGLE   =      1422.8075  DIHED      =       910.1225
 UB     =         0.0000  IMP     =         0.0000  CMAP       =       151.9953
 1-4 NB =       624.4078  1-4 EEL =      8689.7194  VDWAALS    =      9524.2447
 EELEC  =   -105423.1944  EHBOND  =         0.0000  RESTRAINT  =         0.0000
 ------------------------------------------------------------------------------


 NSTEP =   400000   TIME(PS) =     800.000  TEMP(K) =   300.85  PRESS =     0.0
 Etot   =    -70299.4171  EKtot   =     13527.2793  EPtot      =    -83826.6964
 BOND   =       529.4492  ANGLE   =      1491.5350  DIHED      =       915.5827
 UB     =         0.0000  IMP     =         0.0000  CMAP       =       140.8504
 1-4 NB =       620.2467  1-4 EEL =      8658.9197  VDWAALS    =      9749.9441
 EELEC  =   -105933.2243  EHBOND  =         0.0000  RESTRAINT  =         0.0000
 ------------------------------------------------------------------------------


 NSTEP =   450000   TIME(PS) =     900.000  TEMP(K) =   300.73  PRESS =     0.0
 Etot   =    -70340.5101  EKtot   =     13522.2734  EPtot      =    -83862.7835
 BOND   =       534.0147  ANGLE   =      1416.8824  DIHED      =       924.2896
 UB     =         0.0000  IMP     =         0.0000  CMAP       =       134.4540
 1-4 NB =       624.3559  1-4 EEL =      8705.1134  VDWAALS    =      9526.3229
 EELEC  =   -105728.2164  EHBOND  =         0.0000  RESTRAINT  =         0.0000
 ------------------------------------------------------------------------------


 NSTEP =   500000   TIME(PS) =    1000.000  TEMP(K) =   302.52  PRESS =     0.0
 Etot   =    -70431.3185  EKtot   =     13602.4756  EPtot      =    -84033.7940
 BOND   =       495.1600  ANGLE   =      1432.8257  DIHED      =       912.3168
 UB     =         0.0000  IMP     =         0.0000  CMAP       =       140.5868
 1-4 NB =       621.0587  1-4 EEL =      8708.7774  VDWAALS    =      9497.2329
 EELEC  =   -105841.7524  EHBOND  =         0.0000  RESTRAINT  =         0.0000
 ------------------------------------------------------------------------------


 NSTEP =   550000   TIME(PS) =    1100.000  TEMP(K) =   299.46  PRESS =     0.0
 Etot   =    -70356.3716  EKtot   =     13464.8604  EPtot      =    -83821.2320
 BOND   =       514.5773  ANGLE   =      1432.1725  DIHED      =       937.5186
 UB     =         0.0000  IMP     =         0.0000  CMAP       =       130.9804
 1-4 NB =       620.9481  1-4 EEL =      8722.7601  VDWAALS    =      9457.9466
 EELEC  =   -105638.1356  EHBOND  =         0.0000  RESTRAINT  =         0.0000
 ------------------------------------------------------------------------------


 NSTEP =   600000   TIME(PS) =    1200.000  TEMP(K) =   299.81  PRESS =     0.0
 Etot   =    -70361.6347  EKtot   =     13480.7998  EPtot      =    -83842.4345
 BOND   =       515.4260  ANGLE   =      1387.1903  DIHED      =       926.8518
 UB     =         0.0000  IMP     =         0.0000  CMAP       =       134.4644
 1-4 NB =       610.7024  1-4 EEL =      8675.9579  VDWAALS    =      9628.0070
 EELEC  =   -105721.0343  EHBOND  =         0.0000  RESTRAINT  =         0.0000
 ------------------------------------------------------------------------------


 NSTEP =   650000   TIME(PS) =    1300.000  TEMP(K) =   303.15  PRESS =     0.0
 Etot   =    -70112.1729  EKtot   =     13630.7715  EPtot      =    -83742.9444
 BOND   =       482.9626  ANGLE   =      1422.6072  DIHED      =       910.5336
 UB     =         0.0000  IMP     =         0.0000  CMAP       =       132.4998
 1-4 NB =       626.1680  1-4 EEL =      8660.7394  VDWAALS    =      9263.8585
 EELEC  =   -105242.3136  EHBOND  =         0.0000  RESTRAINT  =         0.0000
 ------------------------------------------------------------------------------


 NSTEP =   700000   TIME(PS) =    1400.000  TEMP(K) =   301.77  PRESS =     0.0
 Etot   =    -70309.5441  EKtot   =     13568.8398  EPtot      =    -83878.3839
 BOND   =       513.1769  ANGLE   =      1400.2030  DIHED      =       928.4359
 UB     =         0.0000  IMP     =         0.0000  CMAP       =       128.4227
 1-4 NB =       633.5585  1-4 EEL =      8667.7715  VDWAALS    =      9752.4491
 EELEC  =   -105902.4015  EHBOND  =         0.0000  RESTRAINT  =         0.0000
 ------------------------------------------------------------------------------


 NSTEP =   750000   TIME(PS) =    1500.000  TEMP(K) =   302.10  PRESS =     0.0
 Etot   =    -70197.6303  EKtot   =     13583.5439  EPtot      =    -83781.1743
 BOND   =       525.1233  ANGLE   =      1380.6122  DIHED      =       949.3833
 UB     =         0.0000  IMP     =         0.0000  CMAP       =       134.8506
 1-4 NB =       637.9638  1-4 EEL =      8681.5620  VDWAALS    =      9406.6680
 EELEC  =   -105497.3376  EHBOND  =         0.0000  RESTRAINT  =         0.0000
 ------------------------------------------------------------------------------


 NSTEP =   800000   TIME(PS) =    1600.000  TEMP(K) =   301.82  PRESS =     0.0
 Etot   =    -70235.1419  EKtot   =     13571.1387  EPtot      =    -83806.2806
 BOND   =       558.4705  ANGLE   =      1441.1781  DIHED      =       926.3485
 UB     =         0.0000  IMP     =         0.0000  CMAP       =       140.9866
 1-4 NB =       605.1744  1-4 EEL =      8645.5220  VDWAALS    =      9340.8856
 EELEC  =   -105464.8463  EHBOND  =         0.0000  RESTRAINT  =         0.0000
 ------------------------------------------------------------------------------


 NSTEP =   850000   TIME(PS) =    1700.000  TEMP(K) =   299.32  PRESS =     0.0
 Etot   =    -70268.2935  EKtot   =     13458.4678  EPtot      =    -83726.7612
 BOND   =       517.7306  ANGLE   =      1412.8604  DIHED      =       939.2580
 UB     =         0.0000  IMP     =         0.0000  CMAP       =       127.8148
 1-4 NB =       629.6838  1-4 EEL =      8655.7909  VDWAALS    =      9555.7166
 EELEC  =   -105565.6164  EHBOND  =         0.0000  RESTRAINT  =         0.0000
 ------------------------------------------------------------------------------


 NSTEP =   900000   TIME(PS) =    1800.000  TEMP(K) =   298.58  PRESS =     0.0
 Etot   =    -70334.4391  EKtot   =     13425.5107  EPtot      =    -83759.9498
 BOND   =       527.5981  ANGLE   =      1463.3838  DIHED      =       929.9983
 UB     =         0.0000  IMP     =         0.0000  CMAP       =       135.2270
 1-4 NB =       632.9605  1-4 EEL =      8709.3895  VDWAALS    =      9694.5922
 EELEC  =   -105853.0993  EHBOND  =         0.0000  RESTRAINT  =         0.0000
 ------------------------------------------------------------------------------


 NSTEP =   950000   TIME(PS) =    1900.000  TEMP(K) =   299.98  PRESS =     0.0
 Etot   =    -70358.5913  EKtot   =     13488.3857  EPtot      =    -83846.9770
 BOND   =       493.3457  ANGLE   =      1403.9546  DIHED      =       939.4723
 UB     =         0.0000  IMP     =         0.0000  CMAP       =       137.2160
 1-4 NB =       629.6735  1-4 EEL =      8678.3173  VDWAALS    =      9400.2843
 EELEC  =   -105529.2407  EHBOND  =         0.0000  RESTRAINT  =         0.0000
 ------------------------------------------------------------------------------


 NSTEP =  1000000   TIME(PS) =    2000.000  TEMP(K) =   300.51  PRESS =     0.0
 Etot   =    -70454.3950  EKtot   =     13512.2188  EPtot      =    -83966.6138
 BOND   =       524.3552  ANGLE   =      1390.0121  DIHED      =       927.7069
 UB     =         0.0000  IMP     =         0.0000  CMAP       =       134.6850
 1-4 NB =       633.1944  1-4 EEL =      8632.5610  VDWAALS    =      9668.2801
 EELEC  =   -105877.4084  EHBOND  =         0.0000  RESTRAINT  =         0.0000
 ------------------------------------------------------------------------------


 NSTEP =  1050000   TIME(PS) =    2100.000  TEMP(K) =   297.99  PRESS =     0.0
 Etot   =    -70371.5380  EKtot   =     13399.0840  EPtot      =    -83770.6219
 BOND   =       528.3314  ANGLE   =      1398.6936  DIHED      =       932.4774
 UB     =         0.0000  IMP     =         0.0000  CMAP       =       136.9674
 1-4 NB =       638.5875  1-4 EEL =      8669.1594  VDWAALS    =      9434.8148
 EELEC  =   -105509.6536  EHBOND  =         0.0000  RESTRAINT  =         0.0000
 ------------------------------------------------------------------------------


 NSTEP =  1100000   TIME(PS) =    2200.000  TEMP(K) =   301.82  PRESS =     0.0
 Etot   =    -70124.0316  EKtot   =     13571.3076  EPtot      =    -83695.3392
 BOND   =       564.1832  ANGLE   =      1399.3293  DIHED      =       941.0636
 UB     =         0.0000  IMP     =         0.0000  CMAP       =       137.9777
 1-4 NB =       628.7184  1-4 EEL =      8685.7689  VDWAALS    =      9481.7556
 EELEC  =   -105534.1358  EHBOND  =         0.0000  RESTRAINT  =         0.0000
 ------------------------------------------------------------------------------


 NSTEP =  1150000   TIME(PS) =    2300.000  TEMP(K) =   297.48  PRESS =     0.0
 Etot   =    -70382.3064  EKtot   =     13375.8457  EPtot      =    -83758.1521
 BOND   =       527.9422  ANGLE   =      1405.7895  DIHED      =       927.0472
 UB     =         0.0000  IMP     =         0.0000  CMAP       =       139.8841
 1-4 NB =       618.4520  1-4 EEL =      8649.6154  VDWAALS    =      9482.7791
 EELEC  =   -105509.6615  EHBOND  =         0.0000  RESTRAINT  =         0.0000
 ------------------------------------------------------------------------------


 NSTEP =  1200000   TIME(PS) =    2400.000  TEMP(K) =   299.58  PRESS =     0.0
 Etot   =    -70277.3318  EKtot   =     13470.5332  EPtot      =    -83747.8650
 BOND   =       473.9634  ANGLE   =      1462.5847  DIHED      =       939.2743
 UB     =         0.0000  IMP     =         0.0000  CMAP       =       119.6511
 1-4 NB =       619.7233  1-4 EEL =      8645.2975  VDWAALS    =      9541.5036
 EELEC  =   -105549.8629  EHBOND  =         0.0000  RESTRAINT  =         0.0000
 ------------------------------------------------------------------------------


 NSTEP =  1250000   TIME(PS) =    2500.000  TEMP(K) =   298.59  PRESS =     0.0
 Etot   =    -70566.2062  EKtot   =     13426.0771  EPtot      =    -83992.2833
 BOND   =       537.0270  ANGLE   =      1422.2568  DIHED      =       922.0421
 UB     =         0.0000  IMP     =         0.0000  CMAP       =       132.9607
 1-4 NB =       624.4615  1-4 EEL =      8636.0571  VDWAALS    =      9537.2022
 EELEC  =   -105804.2908  EHBOND  =         0.0000  RESTRAINT  =         0.0000
 ------------------------------------------------------------------------------


 NSTEP =  1300000   TIME(PS) =    2600.000  TEMP(K) =   300.78  PRESS =     0.0
 Etot   =    -70151.5620  EKtot   =     13524.4834  EPtot      =    -83676.0454
 BOND   =       524.3588  ANGLE   =      1421.9929  DIHED      =       915.0188
 UB     =         0.0000  IMP     =         0.0000  CMAP       =       132.7927
 1-4 NB =       625.5045  1-4 EEL =      8646.8576  VDWAALS    =      9252.0993
 EELEC  =   -105194.6701  EHBOND  =         0.0000  RESTRAINT  =         0.0000
 ------------------------------------------------------------------------------


 NSTEP =  1350000   TIME(PS) =    2700.000  TEMP(K) =   298.22  PRESS =     0.0
 Etot   =    -70196.5309  EKtot   =     13409.1260  EPtot      =    -83605.6569
 BOND   =       522.9153  ANGLE   =      1455.0247  DIHED      =       948.9570
 UB     =         0.0000  IMP     =         0.0000  CMAP       =       133.8048
 1-4 NB =       625.2673  1-4 EEL =      8672.3215  VDWAALS    =      9380.8435
 EELEC  =   -105344.7910  EHBOND  =         0.0000  RESTRAINT  =         0.0000
 ------------------------------------------------------------------------------


 NSTEP =  1400000   TIME(PS) =    2800.000  TEMP(K) =   300.88  PRESS =     0.0
 Etot   =    -69825.7706  EKtot   =     13529.0303  EPtot      =    -83354.8009
 BOND   =       554.2681  ANGLE   =      1468.7446  DIHED      =       945.0212
 UB     =         0.0000  IMP     =         0.0000  CMAP       =       148.5338
 1-4 NB =       620.2433  1-4 EEL =      8595.2323  VDWAALS    =      9429.0484
 EELEC  =   -105115.8926  EHBOND  =         0.0000  RESTRAINT  =         0.0000
 ------------------------------------------------------------------------------


 NSTEP =  1450000   TIME(PS) =    2900.000  TEMP(K) =   301.24  PRESS =     0.0
 Etot   =    -70422.4550  EKtot   =     13545.1201  EPtot      =    -83967.5751
 BOND   =       506.8198  ANGLE   =      1403.8168  DIHED      =       936.0448
 UB     =         0.0000  IMP     =         0.0000  CMAP       =       140.2038
 1-4 NB =       618.9116  1-4 EEL =      8662.0468  VDWAALS    =      9462.8449
 EELEC  =   -105698.2637  EHBOND  =         0.0000  RESTRAINT  =         0.0000
 ------------------------------------------------------------------------------


 NSTEP =  1500000   TIME(PS) =    3000.000  TEMP(K) =   299.53  PRESS =     0.0
 Etot   =    -70467.7335  EKtot   =     13468.2021  EPtot      =    -83935.9357
 BOND   =       521.4732  ANGLE   =      1393.9535  DIHED      =       891.5647
 UB     =         0.0000  IMP     =         0.0000  CMAP       =       128.7692
 1-4 NB =       632.0924  1-4 EEL =      8663.5380  VDWAALS    =      9573.0172
 EELEC  =   -105740.3439  EHBOND  =         0.0000  RESTRAINT  =         0.0000
 ------------------------------------------------------------------------------


 NSTEP =  1550000   TIME(PS) =    3100.000  TEMP(K) =   299.49  PRESS =     0.0
 Etot   =    -70351.6103  EKtot   =     13466.4346  EPtot      =    -83818.0448
 BOND   =       501.4919  ANGLE   =      1423.0260  DIHED      =       923.0921
 UB     =         0.0000  IMP     =         0.0000  CMAP       =       141.3088
 1-4 NB =       639.0314  1-4 EEL =      8648.8056  VDWAALS    =      9637.3278
 EELEC  =   -105732.1284  EHBOND  =         0.0000  RESTRAINT  =         0.0000
 ------------------------------------------------------------------------------


 NSTEP =  1600000   TIME(PS) =    3200.000  TEMP(K) =   298.91  PRESS =     0.0
 Etot   =    -70487.1424  EKtot   =     13440.3018  EPtot      =    -83927.4442
 BOND   =       508.2480  ANGLE   =      1417.7331  DIHED      =       949.5422
 UB     =         0.0000  IMP     =         0.0000  CMAP       =       129.8853
 1-4 NB =       643.4891  1-4 EEL =      8647.3172  VDWAALS    =      9455.4054
 EELEC  =   -105679.0644  EHBOND  =         0.0000  RESTRAINT  =         0.0000
 ------------------------------------------------------------------------------


 NSTEP =  1650000   TIME(PS) =    3300.000  TEMP(K) =   297.71  PRESS =     0.0
 Etot   =    -70451.1773  EKtot   =     13386.2188  EPtot      =    -83837.3960
 BOND   =       540.8602  ANGLE   =      1410.0008  DIHED      =       907.2874
 UB     =         0.0000  IMP     =         0.0000  CMAP       =       135.7897
 1-4 NB =       624.0208  1-4 EEL =      8692.6943  VDWAALS    =      9343.3903
 EELEC  =   -105491.4396  EHBOND  =         0.0000  RESTRAINT  =         0.0000
 ------------------------------------------------------------------------------


 NSTEP =  1700000   TIME(PS) =    3400.000  TEMP(K) =   299.82  PRESS =     0.0
 Etot   =    -70216.1701  EKtot   =     13480.9463  EPtot      =    -83697.1164
 BOND   =       518.4348  ANGLE   =      1443.5653  DIHED      =       928.9636
 UB     =         0.0000  IMP     =         0.0000  CMAP       =       132.3884
 1-4 NB =       620.1183  1-4 EEL =      8714.9018  VDWAALS    =      9372.3875
 EELEC  =   -105427.8762  EHBOND  =         0.0000  RESTRAINT  =         0.0000
 ------------------------------------------------------------------------------


 NSTEP =  1750000   TIME(PS) =    3500.000  TEMP(K) =   300.33  PRESS =     0.0
 Etot   =    -70169.5217  EKtot   =     13504.1709  EPtot      =    -83673.6926
 BOND   =       515.5591  ANGLE   =      1429.5025  DIHED      =       963.9804
 UB     =         0.0000  IMP     =         0.0000  CMAP       =       141.0612
 1-4 NB =       626.9815  1-4 EEL =      8605.4819  VDWAALS    =      9539.0654
 EELEC  =   -105495.3246  EHBOND  =         0.0000  RESTRAINT  =         0.0000
 ------------------------------------------------------------------------------


 NSTEP =  1800000   TIME(PS) =    3600.000  TEMP(K) =   300.01  PRESS =     0.0
 Etot   =    -70452.1434  EKtot   =     13489.8291  EPtot      =    -83941.9725
 BOND   =       484.9806  ANGLE   =      1426.3184  DIHED      =       910.9842
 UB     =         0.0000  IMP     =         0.0000  CMAP       =       139.3816
 1-4 NB =       607.0226  1-4 EEL =      8656.1719  VDWAALS    =      9628.0129
 EELEC  =   -105794.8448  EHBOND  =         0.0000  RESTRAINT  =         0.0000
 ------------------------------------------------------------------------------


 NSTEP =  1850000   TIME(PS) =    3700.000  TEMP(K) =   297.98  PRESS =     0.0
 Etot   =    -70504.0095  EKtot   =     13398.5293  EPtot      =    -83902.5388
 BOND   =       530.2570  ANGLE   =      1331.3795  DIHED      =       940.0148
 UB     =         0.0000  IMP     =         0.0000  CMAP       =       135.6879
 1-4 NB =       629.4209  1-4 EEL =      8695.1008  VDWAALS    =      9478.2119
 EELEC  =   -105642.6118  EHBOND  =         0.0000  RESTRAINT  =         0.0000
 ------------------------------------------------------------------------------


 NSTEP =  1900000   TIME(PS) =    3800.000  TEMP(K) =   300.16  PRESS =     0.0
 Etot   =    -70261.2120  EKtot   =     13496.2832  EPtot      =    -83757.4952
 BOND   =       508.1495  ANGLE   =      1443.8118  DIHED      =       903.2443
 UB     =         0.0000  IMP     =         0.0000  CMAP       =       135.0605
 1-4 NB =       611.7945  1-4 EEL =      8668.8631  VDWAALS    =      9724.9891
 EELEC  =   -105753.4080  EHBOND  =         0.0000  RESTRAINT  =         0.0000
 ------------------------------------------------------------------------------


 NSTEP =  1950000   TIME(PS) =    3900.000  TEMP(K) =   300.47  PRESS =     0.0
 Etot   =    -70648.8817  EKtot   =     13510.2109  EPtot      =    -84159.0927
 BOND   =       507.5557  ANGLE   =      1451.3881  DIHED      =       913.0669
 UB     =         0.0000  IMP     =         0.0000  CMAP       =       142.1523
 1-4 NB =       610.4290  1-4 EEL =      8595.2660  VDWAALS    =      9809.8362
 EELEC  =   -106188.7869  EHBOND  =         0.0000  RESTRAINT  =         0.0000
 ------------------------------------------------------------------------------


 NSTEP =  2000000   TIME(PS) =    4000.000  TEMP(K) =   297.86  PRESS =     0.0
 Etot   =    -70420.6392  EKtot   =     13392.9082  EPtot      =    -83813.5474
 BOND   =       547.2984  ANGLE   =      1395.7117  DIHED      =       910.5430
 UB     =         0.0000  IMP     =         0.0000  CMAP       =       133.0666
 1-4 NB =       631.1574  1-4 EEL =      8645.7288  VDWAALS    =      9652.2198
 EELEC  =   -105729.2729  EHBOND  =         0.0000  RESTRAINT  =         0.0000
 ------------------------------------------------------------------------------


 NSTEP =  2050000   TIME(PS) =    4100.000  TEMP(K) =   300.96  PRESS =     0.0
 Etot   =    -70417.6008  EKtot   =     13532.6367  EPtot      =    -83950.2376
 BOND   =       493.3497  ANGLE   =      1425.7750  DIHED      =       915.8675
 UB     =         0.0000  IMP     =         0.0000  CMAP       =       139.1427
 1-4 NB =       616.6018  1-4 EEL =      8661.0927  VDWAALS    =      9351.7085
 EELEC  =   -105553.7755  EHBOND  =         0.0000  RESTRAINT  =         0.0000
 ------------------------------------------------------------------------------


 NSTEP =  2100000   TIME(PS) =    4200.000  TEMP(K) =   301.97  PRESS =     0.0
 Etot   =    -70426.6548  EKtot   =     13577.6592  EPtot      =    -84004.3139
 BOND   =       516.7450  ANGLE   =      1399.5068  DIHED      =       910.3832
 UB     =         0.0000  IMP     =         0.0000  CMAP       =       125.1305
 1-4 NB =       635.3163  1-4 EEL =      8613.0082  VDWAALS    =      9646.7950
 EELEC  =   -105851.1990  EHBOND  =         0.0000  RESTRAINT  =         0.0000
 ------------------------------------------------------------------------------


 NSTEP =  2150000   TIME(PS) =    4300.000  TEMP(K) =   301.26  PRESS =     0.0
 Etot   =    -70087.8104  EKtot   =     13546.0615  EPtot      =    -83633.8720
 BOND   =       538.7138  ANGLE   =      1460.5414  DIHED      =       941.6767
 UB     =         0.0000  IMP     =         0.0000  CMAP       =       144.3242
 1-4 NB =       610.5204  1-4 EEL =      8713.5596  VDWAALS    =      9468.2499
 EELEC  =   -105511.4579  EHBOND  =         0.0000  RESTRAINT  =         0.0000
 ------------------------------------------------------------------------------


 NSTEP =  2200000   TIME(PS) =    4400.000  TEMP(K) =   298.15  PRESS =     0.0
 Etot   =    -70437.7837  EKtot   =     13405.8682  EPtot      =    -83843.6519
 BOND   =       535.6066  ANGLE   =      1390.6671  DIHED      =       905.6644
 UB     =         0.0000  IMP     =         0.0000  CMAP       =       131.9541
 1-4 NB =       629.2337  1-4 EEL =      8630.4963  VDWAALS    =      9657.7728
 EELEC  =   -105725.0470  EHBOND  =         0.0000  RESTRAINT  =         0.0000
 ------------------------------------------------------------------------------


 NSTEP =  2250000   TIME(PS) =    4500.000  TEMP(K) =   301.61  PRESS =     0.0
 Etot   =    -70067.3922  EKtot   =     13561.7588  EPtot      =    -83629.1510
 BOND   =       530.9810  ANGLE   =      1444.0566  DIHED      =       941.3618
 UB     =         0.0000  IMP     =         0.0000  CMAP       =       134.9298
 1-4 NB =       622.6034  1-4 EEL =      8597.6552  VDWAALS    =      9353.4797
 EELEC  =   -105254.2185  EHBOND  =         0.0000  RESTRAINT  =         0.0000
 ------------------------------------------------------------------------------


 NSTEP =  2300000   TIME(PS) =    4600.000  TEMP(K) =   300.87  PRESS =     0.0
 Etot   =    -70260.5530  EKtot   =     13528.2803  EPtot      =    -83788.8333
 BOND   =       555.0102  ANGLE   =      1405.6671  DIHED      =       879.7943
 UB     =         0.0000  IMP     =         0.0000  CMAP       =       136.2821
 1-4 NB =       615.0126  1-4 EEL =      8667.4191  VDWAALS    =      9509.1780
 EELEC  =   -105557.1966  EHBOND  =         0.0000  RESTRAINT  =         0.0000
 ------------------------------------------------------------------------------


 NSTEP =  2350000   TIME(PS) =    4700.000  TEMP(K) =   298.08  PRESS =     0.0
 Etot   =    -70348.6378  EKtot   =     13402.9766  EPtot      =    -83751.6144
 BOND   =       560.1283  ANGLE   =      1448.5942  DIHED      =       904.1237
 UB     =         0.0000  IMP     =         0.0000  CMAP       =       144.4066
 1-4 NB =       614.5033  1-4 EEL =      8631.6789  VDWAALS    =      9484.7328
 EELEC  =   -105539.7822  EHBOND  =         0.0000  RESTRAINT  =         0.0000
 ------------------------------------------------------------------------------


 NSTEP =  2400000   TIME(PS) =    4800.000  TEMP(K) =   299.72  PRESS =     0.0
 Etot   =    -70713.2930  EKtot   =     13476.6396  EPtot      =    -84189.9326
 BOND   =       530.2364  ANGLE   =      1405.8717  DIHED      =       940.2654
 UB     =         0.0000  IMP     =         0.0000  CMAP       =       129.5824
 1-4 NB =       617.5883  1-4 EEL =      8682.4561  VDWAALS    =      9719.0939
 EELEC  =   -106215.0269  EHBOND  =         0.0000  RESTRAINT  =         0.0000
 ------------------------------------------------------------------------------


 NSTEP =  2450000   TIME(PS) =    4900.000  TEMP(K) =   298.69  PRESS =     0.0
 Etot   =    -70361.3519  EKtot   =     13430.3223  EPtot      =    -83791.6742
 BOND   =       513.3354  ANGLE   =      1438.4661  DIHED      =       932.7992
 UB     =         0.0000  IMP     =         0.0000  CMAP       =       135.2122
 1-4 NB =       624.1780  1-4 EEL =      8654.5248  VDWAALS    =      9248.5698
 EELEC  =   -105338.7597  EHBOND  =         0.0000  RESTRAINT  =         0.0000
 ------------------------------------------------------------------------------


 NSTEP =  2500000   TIME(PS) =    5000.000  TEMP(K) =   301.54  PRESS =     0.0
 Etot   =    -70070.0554  EKtot   =     13558.2861  EPtot      =    -83628.3416
 BOND   =       523.4491  ANGLE   =      1394.7035  DIHED      =       942.5992
 UB     =         0.0000  IMP     =         0.0000  CMAP       =       142.7166
 1-4 NB =       634.9616  1-4 EEL =      8706.4899  VDWAALS    =      9506.2071
 EELEC  =   -105479.4685  EHBOND  =         0.0000  RESTRAINT  =         0.0000
 ------------------------------------------------------------------------------


      A V E R A G E S   O V E R      50 S T E P S


 NSTEP =  2500000   TIME(PS) =    5000.000  TEMP(K) =   299.92  PRESS =     0.0
 Etot   =    -70343.3766  EKtot   =     13485.6433  EPtot      =    -83829.0200
 BOND   =       521.7139  ANGLE   =      1418.4402  DIHED      =       924.5478
 UB     =         0.0000  IMP     =         0.0000  CMAP       =       136.7988
 1-4 NB =       623.8343  1-4 EEL =      8660.8308  VDWAALS    =      9517.0632
 EELEC  =   -105632.2491  EHBOND  =         0.0000  RESTRAINT  =         0.0000
 ------------------------------------------------------------------------------


      R M S  F L U C T U A T I O N S


 NSTEP =  2500000   TIME(PS) =    5000.000  TEMP(K) =     1.44  PRESS =     0.0
 Etot   =       173.1115  EKtot   =        64.7282  EPtot      =       155.5651
 BOND   =        20.0180  ANGLE   =        29.0962  DIHED      =        16.6642
 UB     =         0.0000  IMP     =         0.0000  CMAP       =         6.5149
 1-4 NB =         8.8208  1-4 EEL =        32.9369  VDWAALS    =       135.7486
 EELEC  =       231.3323  EHBOND  =         0.0000  RESTRAINT  =         0.0000
 ------------------------------------------------------------------------------

--------------------------------------------------------------------------------
   5.  TIMINGS
--------------------------------------------------------------------------------

|  NonSetup CPU Time in Major Routines:
|
|     Routine           Sec        %
|     ------------------------------
|     Nonbond         611.17   12.55
|     Bond              0.00    0.00
|     Angle             0.00    0.00
|     Dihedral          0.00    0.00
|     Shake            20.45    0.42
|     RunMD          4234.19   86.95
|     Other             3.67    0.08
|     ------------------------------
|     Total          4869.48

|  PME Nonbond Pairlist CPU Time:
|
|     Routine              Sec        %
|     ---------------------------------
|     Set Up Cit           0.00    0.00
|     Build List           0.00    0.00
|     ---------------------------------
|     Total                0.00    0.00

|  PME Direct Force CPU Time:
|
|     Routine              Sec        %
|     ---------------------------------
|     NonBonded Calc       0.00    0.00
|     Exclude Masked       0.00    0.00
|     Other                1.93    0.04
|     ---------------------------------
|     Total                1.93    0.04

|  PME Reciprocal Force CPU Time:
|
|     Routine              Sec        %
|     ---------------------------------
|     1D bspline           0.00    0.00
|     Grid Charges         0.00    0.00
|     Scalar Sum           0.00    0.00
|     Gradient Sum         0.00    0.00
|     FFT                  0.00    0.00
|     ---------------------------------
|     Total                0.00    0.00

|  Final Performance Info:
|     -----------------------------------------------------
|     Average timings for last       1 steps:
|     Elapsed(s) =       0.00 Per Step(ms) =       0.19
|         ns/day =     924.01   seconds/ns =      93.51
|
|     Average timings for all steps:
|     Elapsed(s) =    4879.88 Per Step(ms) =       1.95
|         ns/day =      88.53   seconds/ns =     975.98
|     -----------------------------------------------------

|  Setup CPU time:            0.62 seconds
|  NonSetup CPU time:      4869.48 seconds
|  Total CPU time:         4870.09 seconds     1.35 hours

|  Setup wall time:           1    seconds
|  NonSetup wall time:     4880    seconds
|  Total wall time:        4881    seconds     1.36 hours
