
          -------------------------------------------------------
          Amber 18 PMEMD                              2018
          -------------------------------------------------------

| PMEMD implementation of SANDER, Release 18

| Run on 09/28/2020 at 13:26:39

|   Executable path: pmemd.cuda
| Working directory: /home/almacen/pbarletta/dynein/run/1f95/3_pdt
|          Hostname: Unknown
  [-O]verwriting output

File Assignments:
|   MDIN: pre_pdt.in                                                            
|  MDOUT: 0pdt.out                                                              
| INPCRD: 3_1f95.rst7                                                           
|   PARM: /home/almacen/pbarletta/dynein/top_files/1f95.prmtop                  
| RESTRT: 0p3_1f95.rst7                                                         
|   REFC: refc                                                                  
|  MDVEL: mdvel                                                                 
|   MDEN: mden                                                                  
|  MDCRD: 0p3_1f95.nc                                                           
| MDINFO: mdinfo                                                                
|  MDFRC: mdfrc                                                                 


 Here is the input file:

Production run                                                                 
&cntrl                                                                         
imin = 0,                           ! No Minimization                          
nmropt = 0,                         ! No NMR restraints read                   
                                                                               
! Nature and format of the input                                               
ntx = 5,                            ! Coordinates and velocities will be read  
irest = 1,                          ! Do not run a new simulation              
                                                                               
! Nature and format of the output                                              
ntxo = 1,                           ! rstrt file in ASCII format               
ntpr = 50000,                       ! inf in output every ntpr steps           
ntwr = 50000,                       ! rstrt file every ntwr steps              
ntwx = 5000,                        ! mdcrd file every ntwx steps              
ntwv = 0,                           ! mdvel without velocities                 
ntwe = 0,                           ! Energies and temperatures not written in 
idecomp = 0,                        ! No energy decomposition                  
iwrap = 1,                          ! Coordinates of the restart and mdcrd file
                                                                               
! Frozen or restrained atoms                                                   
ibelly = 0,                         ! No frozen atoms                          
ntr=0,                              ! Harmonic potential restraints            
                                                                               
! Molecular dynamics                                                           
nstlim = 2500000,                   ! Number of MD-steps                       
dt = 0.002,                         ! Time step                                
                                                                               
! Temperature regulation                                                       
ntt = 3,                            ! Langevin thermostat                      
gamma_ln = 2,                       ! Gamma constant for Langevin              
temp0 = 300.0,                      ! Reference T at which the system is to be 
tempi = 300.0,                      ! Initial T                                
ig = -1,                            ! Seed for the RNG                         
                                                                               
! P and V regulation                                                           
!barostat = 1,                      ! Berendsen barostat                       
!taup = 1,                          ! Pressure relaxation time                 
ntp = 0,                            ! constant V                               
ntb = 1,                            ! Periodic box for constant V              
                                                                               
! SHAKE variables                                                              
ntc = 2,                            ! Bonds involving H are constrained        
ntf = 2,                            ! Bond interaction involving H are ommited.
                                                                               
cut = 9.0,                          ! Nonbonded cutoff                         
/                                                                              
&end                                                                           


Note: ig = -1. Setting random seed to   596432 based on wallclock time in 
      microseconds.
| irandom = 1, using AMBER's internal random number generator (default).
 
|--------------------- INFORMATION ----------------------
| GPU (CUDA) Version of PMEMD in use: NVIDIA GPU IN USE.
|                    Version 18.0.0
| 
|                      03/25/2018
| 
| Implementation by:
|                    Ross C. Walker     (SDSC)
|                    Scott Le Grand     (nVIDIA)
| 
| Version 18 performance extensions by:
|                    David Cerutti     (Rutgers)
| 
| Precision model in use:
|      [SPFP] - Single Precision Forces, 64-bit Fixed Point
|               Accumulation. (Default)
| 
|--------------------------------------------------------
 
|----------------- CITATION INFORMATION -----------------
|
|    When publishing work that utilized the CUDA version
|    of AMBER, please cite the following in addition to
|    the regular AMBER citations:
|
|  - Romelia Salomon-Ferrer; Andreas W. Goetz; Duncan
|    Poole; Scott Le Grand; Ross C. Walker "Routine
|    microsecond molecular dynamics simulations with
|    AMBER - Part II: Particle Mesh Ewald", J. Chem.
|    Theory Comput., 2013, 9 (9), pp3878-3888,
|    DOI: 10.1021/ct400314y.
|
|  - Andreas W. Goetz; Mark J. Williamson; Dong Xu;
|    Duncan Poole; Scott Le Grand; Ross C. Walker
|    "Routine microsecond molecular dynamics simulations
|    with AMBER - Part I: Generalized Born", J. Chem.
|    Theory Comput., 2012, 8 (5), pp1542-1555.
|
|  - Scott Le Grand; Andreas W. Goetz; Ross C. Walker
|    "SPFP: Speed without compromise - a mixed precision
|    model for GPU accelerated molecular dynamics
|    simulations.", Comp. Phys. Comm., 2013, 184
|    pp374-380, DOI: 10.1016/j.cpc.2012.09.022
|
|--------------------------------------------------------
 
|------------------- GPU DEVICE INFO --------------------
|
|            CUDA_VISIBLE_DEVICES: 0
|   CUDA Capable Devices Detected:      1
|           CUDA Device ID in use:      0
|                CUDA Device Name: GeForce GTX 1080 Ti
|     CUDA Device Global Mem Size:  11178 MB
| CUDA Device Num Multiprocessors:     28
|           CUDA Device Core Freq:   1.72 GHz
|
|--------------------------------------------------------
 
 
| Conditional Compilation Defines Used:
| PUBFFT
| BINTRAJ
| CUDA
| EMIL

| Largest sphere to fit in unit cell has radius =    26.993

| New format PARM file being parsed.
| Version =    1.000 Date = 09/18/20 Time = 09:54:13

| Note: 1-4 EEL scale factors are being read from the topology file.

| Note: 1-4 VDW scale factors are being read from the topology file.
| Duplicated    0 dihedrals

| Duplicated    0 dihedrals

--------------------------------------------------------------------------------
   1.  RESOURCE   USE: 
--------------------------------------------------------------------------------

 getting new box info from bottom of inpcrd
 NATOM  =   29212 NTYPES =      18 NBONH =   21140 MBONA  =    8102
 NTHETH =    3410 MTHETA =    2086 NPHIH =    6826 MPHIA  =    6594
 NHPARM =       0 NPARM  =       0 NNB   =   62450 NRES   =    6736
 NBONA  =    8102 NTHETA =    2086 NPHIA =    6594 NUMBND =      74
 NUMANG =     174 NPTRA  =     192 NATYP =      37 NPHB   =       1
 IFBOX  =       2 NMXRS  =      24 IFCAP =       0 NEXTRA =    6548
 NCOPY  =       0


| Coordinate Index Table dimensions:    11   11   11
| Direct force subcell size =     6.0108    6.0108    6.0108

     BOX TYPE: TRUNCATED OCTAHEDRON

--------------------------------------------------------------------------------
   2.  CONTROL  DATA  FOR  THE  RUN
--------------------------------------------------------------------------------

default_name                                                                    

General flags:
     imin    =       0, nmropt  =       0

Nature and format of input:
     ntx     =       5, irest   =       1, ntrx    =       1

Nature and format of output:
     ntxo    =       1, ntpr    =   50000, ntrx    =       1, ntwr    =   50000
     iwrap   =       1, ntwx    =    5000, ntwv    =       0, ntwe    =       0
     ioutfm  =       1, ntwprt  =       0, idecomp =       0, rbornstat=      0

Potential function:
     ntf     =       2, ntb     =       1, igb     =       0, nsnb    =      25
     ipol    =       0, gbsa    =       0, iesp    =       0
     dielc   =   1.00000, cut     =   9.00000, intdiel =   1.00000

Frozen or restrained atoms:
     ibelly  =       0, ntr     =       0

Molecular dynamics:
     nstlim  =   2500000, nscm    =      1000, nrespa  =         1
     t       =   0.00000, dt      =   0.00200, vlimit  =  -1.00000

Langevin dynamics temperature regulation:
     ig      =  596432
     temp0   = 300.00000, tempi   = 300.00000, gamma_ln=   2.00000

SHAKE:
     ntc     =       2, jfastw  =       0
     tol     =   0.00001

| Intermolecular bonds treatment:
|     no_intermolecular_bonds =       1

| Energy averages sample interval:
|     ene_avg_sampling =   50000

Extra-points options:
     frameon =       1, chngmask=       1

Ewald parameters:
     verbose =       0, ew_type =       0, nbflag  =       1, use_pme =       1
     vdwmeth =       1, eedmeth =       1, netfrc  =       1
     Box X =   66.118   Box Y =   66.118   Box Z =   66.118
     Alpha =  109.471   Beta  =  109.471   Gamma =  109.471
     NFFT1 =   64       NFFT2 =   64       NFFT3 =   64
     Cutoff=    9.000   Tol   =0.100E-04
     Ewald Coefficient =  0.30768
     Interpolation order =    4
|      EXTRA_PTS, trim_bonds: num bonds BEFORE trim = 21140     0
|      EXTRA_PTS, trim_bonds: num bonds AFTER  trim = 21140     0
|      EXTRA_PTS, trim_bonds: num bonds BEFORE trim =  8102     0
|      EXTRA_PTS, trim_bonds: num bonds AFTER  trim =  1554     0
|      EXTRA_PTS, trim_theta: num angle BEFORE trim =  3410     0
|      EXTRA_PTS, trim_theta: num angle AFTER  trim =  3410     0
|      EXTRA_PTS, trim_theta: num angle BEFORE trim =  2086     0
|      EXTRA_PTS, trim_theta: num angle AFTER  trim =  2086     0
|      EXTRA_PTS, trim_phi:  num diheds BEFORE trim =  6826     0
|      EXTRA_PTS, trim_phi:  num diheds AFTER  trim =  6826     0
|      EXTRA_PTS, trim_phi:  num diheds BEFORE trim =  6594     0
|      EXTRA_PTS, trim_phi:  num diheds AFTER  trim =  6594     0

--------------------------------------------------------------------------------
   3.  ATOMIC COORDINATES AND VELOCITIES
--------------------------------------------------------------------------------

Cpptraj Generated Restart                                                       
 begin time read from input coords =     0.000 ps

 
 Number of triangulated 3-point waters found:     6548

     Sum of charges from parm topology file =   0.00003578
     Forcing neutrality...

| Dynamic Memory, Types Used:
| Reals              938443
| Integers          2108635

| Nonbonded Pairs Initial Allocation:     6660336

| GPU memory information (estimate):
| KB of GPU memory in use:         0
| KB of CPU memory in use:         0

--------------------------------------------------------------------------------
   4.  RESULTS
--------------------------------------------------------------------------------

wrapping first mol.:      -44.07884       31.16845       53.98534
wrapping first mol.:      -44.07884       31.16845       53.98534
wrapping first mol.:      -44.07884       31.16845       53.98534
wrapping first mol.:      -44.07884       31.16845       53.98534
wrapping first mol.:      -44.07884       31.16845       53.98534
wrapping first mol.:      -44.07884       31.16845       53.98534
wrapping first mol.:      -44.07884       31.16845       53.98534
wrapping first mol.:      -44.07884       31.16845       53.98534
wrapping first mol.:      -44.07884       31.16845       53.98534
wrapping first mol.:      -44.07884       31.16845       53.98534
wrapping first mol.:      -44.07884       31.16845       53.98534

 NSTEP =    50000   TIME(PS) =     100.000  TEMP(K) =   300.18  PRESS =     0.0
 Etot   =    -72405.4272  EKtot   =     13974.0332  EPtot      =    -86379.4605
 BOND   =       562.0590  ANGLE   =      1576.5659  DIHED      =      1044.0915
 UB     =         0.0000  IMP     =         0.0000  CMAP       =       132.1849
 1-4 NB =       670.8279  1-4 EEL =     10080.0658  VDWAALS    =      9721.8311
 EELEC  =   -110167.0866  EHBOND  =         0.0000  RESTRAINT  =         0.0000
 ------------------------------------------------------------------------------

wrapping first mol.:      -44.07884       31.16845       53.98534
wrapping first mol.:      -44.07884       31.16845       53.98534
wrapping first mol.:      -44.07884       31.16845       53.98534
wrapping first mol.:      -44.07884       31.16845       53.98534
wrapping first mol.:      -44.07884       31.16845       53.98534
wrapping first mol.:      -44.07884       31.16845       53.98534
wrapping first mol.:      -44.07884       31.16845       53.98534
wrapping first mol.:      -44.07884       31.16845       53.98534
wrapping first mol.:      -44.07884       31.16845       53.98534
wrapping first mol.:      -44.07884       31.16845       53.98534
wrapping first mol.:      -44.07884       31.16845       53.98534

 NSTEP =   100000   TIME(PS) =     200.000  TEMP(K) =   298.11  PRESS =     0.0
 Etot   =    -72098.5404  EKtot   =     13877.5625  EPtot      =    -85976.1029
 BOND   =       567.9725  ANGLE   =      1582.2111  DIHED      =      1046.9296
 UB     =         0.0000  IMP     =         0.0000  CMAP       =       142.7517
 1-4 NB =       669.7150  1-4 EEL =     10110.2234  VDWAALS    =      9414.0309
 EELEC  =   -109509.9371  EHBOND  =         0.0000  RESTRAINT  =         0.0000
 ------------------------------------------------------------------------------

wrapping first mol.:      -44.07884       31.16845       53.98534
wrapping first mol.:      -44.07884       31.16845       53.98534
wrapping first mol.:      -44.07884       31.16845       53.98534
wrapping first mol.:      -44.07884       31.16845       53.98534
wrapping first mol.:      -44.07884       31.16845       53.98534
wrapping first mol.:      -44.07884       31.16845       53.98534
wrapping first mol.:      -44.07884       31.16845       53.98534
wrapping first mol.:      -44.07884       31.16845       53.98534
wrapping first mol.:      -44.07884       31.16845       53.98534
wrapping first mol.:      -44.07884       31.16845       53.98534
wrapping first mol.:      -44.07884       31.16845       53.98534

 NSTEP =   150000   TIME(PS) =     300.000  TEMP(K) =   298.94  PRESS =     0.0
 Etot   =    -72300.6215  EKtot   =     13916.2227  EPtot      =    -86216.8442
 BOND   =       561.2334  ANGLE   =      1583.7665  DIHED      =      1025.7536
 UB     =         0.0000  IMP     =         0.0000  CMAP       =       145.6634
 1-4 NB =       657.4879  1-4 EEL =     10086.2173  VDWAALS    =      9565.4382
 EELEC  =   -109842.4045  EHBOND  =         0.0000  RESTRAINT  =         0.0000
 ------------------------------------------------------------------------------

wrapping first mol.:      -44.07884       31.16845       53.98534
wrapping first mol.:      -44.07884       31.16845       53.98534
wrapping first mol.:      -44.07884       31.16845       53.98534
wrapping first mol.:      -44.07884       31.16845       53.98534
wrapping first mol.:      -44.07884       31.16845       53.98534
wrapping first mol.:      -44.07884       31.16845       53.98534
wrapping first mol.:      -44.07884       31.16845       53.98534
wrapping first mol.:      -22.03942      -31.16845       53.98534
wrapping first mol.:      -22.03942      -31.16845       53.98534
wrapping first mol.:      -44.07884       31.16845       53.98534
wrapping first mol.:      -44.07884       31.16845       53.98534

 NSTEP =   200000   TIME(PS) =     400.000  TEMP(K) =   299.72  PRESS =     0.0
 Etot   =    -72526.4990  EKtot   =     13952.4053  EPtot      =    -86478.9043
 BOND   =       561.1154  ANGLE   =      1636.1538  DIHED      =      1008.5035
 UB     =         0.0000  IMP     =         0.0000  CMAP       =       141.9406
 1-4 NB =       668.0711  1-4 EEL =     10040.5288  VDWAALS    =      9751.1599
 EELEC  =   -110286.3773  EHBOND  =         0.0000  RESTRAINT  =         0.0000
 ------------------------------------------------------------------------------

wrapping first mol.:      -44.07884       31.16845       53.98534
wrapping first mol.:      -44.07884       31.16845       53.98534
wrapping first mol.:      -22.03942      -31.16845       53.98534
wrapping first mol.:      -44.07884       31.16845       53.98534
wrapping first mol.:      -44.07884       31.16845       53.98534
wrapping first mol.:      -44.07884       31.16845       53.98534
wrapping first mol.:      -44.07884       31.16845       53.98534
wrapping first mol.:      -44.07884       31.16845       53.98534
wrapping first mol.:      -44.07884       31.16845       53.98534
wrapping first mol.:      -44.07884       31.16845       53.98534
wrapping first mol.:      -44.07884       31.16845       53.98534

 NSTEP =   250000   TIME(PS) =     500.000  TEMP(K) =   299.66  PRESS =     0.0
 Etot   =    -72406.7080  EKtot   =     13949.7969  EPtot      =    -86356.5048
 BOND   =       604.8700  ANGLE   =      1593.4475  DIHED      =      1036.9392
 UB     =         0.0000  IMP     =         0.0000  CMAP       =       149.1466
 1-4 NB =       685.8739  1-4 EEL =     10109.3815  VDWAALS    =      9682.5389
 EELEC  =   -110218.7024  EHBOND  =         0.0000  RESTRAINT  =         0.0000
 ------------------------------------------------------------------------------

wrapping first mol.:      -44.07884       31.16845       53.98534
wrapping first mol.:      -44.07884       31.16845       53.98534
wrapping first mol.:      -44.07884       31.16845       53.98534
wrapping first mol.:      -44.07884       31.16845       53.98534
wrapping first mol.:      -44.07884       31.16845       53.98534
wrapping first mol.:      -44.07884       31.16845       53.98534
wrapping first mol.:      -44.07884       31.16845       53.98534
wrapping first mol.:      -44.07884       31.16845       53.98534
wrapping first mol.:      -44.07884       31.16845       53.98534
wrapping first mol.:      -44.07884       31.16845       53.98534
wrapping first mol.:      -44.07884       31.16845       53.98534

 NSTEP =   300000   TIME(PS) =     600.000  TEMP(K) =   303.33  PRESS =     0.0
 Etot   =    -72279.2314  EKtot   =     14120.6992  EPtot      =    -86399.9306
 BOND   =       590.4075  ANGLE   =      1583.9843  DIHED      =      1016.9811
 UB     =         0.0000  IMP     =         0.0000  CMAP       =       133.5612
 1-4 NB =       659.0437  1-4 EEL =     10087.2598  VDWAALS    =      9760.7693
 EELEC  =   -110231.9373  EHBOND  =         0.0000  RESTRAINT  =         0.0000
 ------------------------------------------------------------------------------

wrapping first mol.:      -44.07884       31.16845       53.98534
wrapping first mol.:      -44.07884       31.16845       53.98534
wrapping first mol.:      -44.07884       31.16845       53.98534
wrapping first mol.:      -44.07884       31.16845       53.98534
wrapping first mol.:      -44.07884       31.16845       53.98534
wrapping first mol.:      -44.07884       31.16845       53.98534
wrapping first mol.:      -44.07884       31.16845       53.98534
wrapping first mol.:      -44.07884       31.16845       53.98534
wrapping first mol.:      -44.07884       31.16845       53.98534
wrapping first mol.:      -44.07884       31.16845       53.98534
wrapping first mol.:      -44.07884       31.16845       53.98534

 NSTEP =   350000   TIME(PS) =     700.000  TEMP(K) =   299.94  PRESS =     0.0
 Etot   =    -72211.3368  EKtot   =     13962.8438  EPtot      =    -86174.1805
 BOND   =       545.0793  ANGLE   =      1581.6842  DIHED      =       995.5462
 UB     =         0.0000  IMP     =         0.0000  CMAP       =       136.8709
 1-4 NB =       666.9685  1-4 EEL =     10085.1460  VDWAALS    =      9593.4958
 EELEC  =   -109778.9715  EHBOND  =         0.0000  RESTRAINT  =         0.0000
 ------------------------------------------------------------------------------

wrapping first mol.:      -44.07884       31.16845       53.98534
wrapping first mol.:      -44.07884       31.16845       53.98534
wrapping first mol.:      -44.07884       31.16845       53.98534
wrapping first mol.:      -44.07884       31.16845       53.98534
wrapping first mol.:      -44.07884       31.16845       53.98534
wrapping first mol.:      -44.07884       31.16845       53.98534
wrapping first mol.:      -44.07884       31.16845       53.98534
wrapping first mol.:      -44.07884       31.16845       53.98534
wrapping first mol.:      -44.07884       31.16845       53.98534
wrapping first mol.:      -44.07884       31.16845       53.98534
wrapping first mol.:      -44.07884       31.16845       53.98534

 NSTEP =   400000   TIME(PS) =     800.000  TEMP(K) =   302.00  PRESS =     0.0
 Etot   =    -72551.2211  EKtot   =     14058.6758  EPtot      =    -86609.8969
 BOND   =       538.7349  ANGLE   =      1557.8900  DIHED      =      1031.9999
 UB     =         0.0000  IMP     =         0.0000  CMAP       =       128.5551
 1-4 NB =       685.2597  1-4 EEL =     10146.0047  VDWAALS    =      9959.8275
 EELEC  =   -110658.1687  EHBOND  =         0.0000  RESTRAINT  =         0.0000
 ------------------------------------------------------------------------------

wrapping first mol.:      -44.07884       31.16845       53.98534
wrapping first mol.:      -44.07884       31.16845       53.98534
wrapping first mol.:      -44.07884       31.16845       53.98534
wrapping first mol.:      -44.07884       31.16845       53.98534
wrapping first mol.:      -44.07884       31.16845       53.98534
wrapping first mol.:      -44.07884       31.16845       53.98534
wrapping first mol.:      -44.07884       31.16845       53.98534
wrapping first mol.:      -44.07884       31.16845       53.98534
wrapping first mol.:      -44.07884       31.16845       53.98534
wrapping first mol.:      -44.07884       31.16845       53.98534
wrapping first mol.:      -44.07884       31.16845       53.98534

 NSTEP =   450000   TIME(PS) =     900.000  TEMP(K) =   296.05  PRESS =     0.0
 Etot   =    -72314.9353  EKtot   =     13781.5674  EPtot      =    -86096.5027
 BOND   =       568.1475  ANGLE   =      1574.9890  DIHED      =      1005.4149
 UB     =         0.0000  IMP     =         0.0000  CMAP       =       136.7853
 1-4 NB =       674.2355  1-4 EEL =     10098.0693  VDWAALS    =      9757.3921
 EELEC  =   -109911.5363  EHBOND  =         0.0000  RESTRAINT  =         0.0000
 ------------------------------------------------------------------------------

wrapping first mol.:      -44.07884       31.16845       53.98534
wrapping first mol.:      -44.07884       31.16845       53.98534
wrapping first mol.:      -44.07884       31.16845       53.98534
wrapping first mol.:      -44.07884       31.16845       53.98534
wrapping first mol.:      -44.07884       31.16845       53.98534
wrapping first mol.:      -44.07884       31.16845       53.98534
wrapping first mol.:      -44.07884       31.16845       53.98534
wrapping first mol.:      -44.07884       31.16845       53.98534
wrapping first mol.:      -44.07884       31.16845       53.98534
wrapping first mol.:      -44.07884       31.16845       53.98534
wrapping first mol.:      -44.07884       31.16845       53.98534

 NSTEP =   500000   TIME(PS) =    1000.000  TEMP(K) =   303.45  PRESS =     0.0
 Etot   =    -72402.6834  EKtot   =     14126.0156  EPtot      =    -86528.6990
 BOND   =       551.2945  ANGLE   =      1593.1914  DIHED      =      1014.7853
 UB     =         0.0000  IMP     =         0.0000  CMAP       =       151.4844
 1-4 NB =       655.0383  1-4 EEL =     10104.5824  VDWAALS    =      9684.7466
 EELEC  =   -110283.8219  EHBOND  =         0.0000  RESTRAINT  =         0.0000
 ------------------------------------------------------------------------------

wrapping first mol.:      -44.07884       31.16845       53.98534
wrapping first mol.:      -44.07884       31.16845       53.98534
wrapping first mol.:      -44.07884       31.16845       53.98534
wrapping first mol.:      -44.07884       31.16845       53.98534
wrapping first mol.:      -44.07884       31.16845       53.98534
wrapping first mol.:      -44.07884       31.16845       53.98534
wrapping first mol.:      -44.07884       31.16845       53.98534
wrapping first mol.:      -44.07884       31.16845       53.98534
wrapping first mol.:      -44.07884       31.16845       53.98534
wrapping first mol.:      -44.07884       31.16845       53.98534
wrapping first mol.:      -44.07884       31.16845       53.98534

 NSTEP =   550000   TIME(PS) =    1100.000  TEMP(K) =   298.26  PRESS =     0.0
 Etot   =    -72435.9380  EKtot   =     13884.6641  EPtot      =    -86320.6021
 BOND   =       542.1614  ANGLE   =      1583.0915  DIHED      =      1032.7695
 UB     =         0.0000  IMP     =         0.0000  CMAP       =       128.3954
 1-4 NB =       664.3492  1-4 EEL =     10118.4710  VDWAALS    =      9772.4920
 EELEC  =   -110162.3320  EHBOND  =         0.0000  RESTRAINT  =         0.0000
 ------------------------------------------------------------------------------

wrapping first mol.:      -44.07884       31.16845       53.98534
wrapping first mol.:      -44.07884       31.16845       53.98534
wrapping first mol.:      -44.07884       31.16845       53.98534
wrapping first mol.:      -44.07884       31.16845       53.98534
wrapping first mol.:      -44.07884       31.16845       53.98534
wrapping first mol.:      -44.07884       31.16845       53.98534
wrapping first mol.:      -44.07884       31.16845       53.98534
wrapping first mol.:      -44.07884       31.16845       53.98534
wrapping first mol.:      -44.07884       31.16845       53.98534
wrapping first mol.:      -44.07884       31.16845       53.98534
wrapping first mol.:      -44.07884       31.16845       53.98534

 NSTEP =   600000   TIME(PS) =    1200.000  TEMP(K) =   300.56  PRESS =     0.0
 Etot   =    -72391.7341  EKtot   =     13991.7979  EPtot      =    -86383.5320
 BOND   =       569.2559  ANGLE   =      1571.2994  DIHED      =      1045.6358
 UB     =         0.0000  IMP     =         0.0000  CMAP       =       143.3862
 1-4 NB =       672.3651  1-4 EEL =     10128.1245  VDWAALS    =      9607.6884
 EELEC  =   -110121.2873  EHBOND  =         0.0000  RESTRAINT  =         0.0000
 ------------------------------------------------------------------------------

wrapping first mol.:      -44.07884       31.16845       53.98534
wrapping first mol.:      -44.07884       31.16845       53.98534
wrapping first mol.:      -44.07884       31.16845       53.98534
wrapping first mol.:      -44.07884       31.16845       53.98534
wrapping first mol.:      -44.07884       31.16845       53.98534
wrapping first mol.:      -44.07884       31.16845       53.98534
wrapping first mol.:      -44.07884       31.16845       53.98534
wrapping first mol.:      -44.07884       31.16845       53.98534
wrapping first mol.:      -44.07884       31.16845       53.98534
wrapping first mol.:      -44.07884       31.16845       53.98534
wrapping first mol.:      -44.07884       31.16845       53.98534

 NSTEP =   650000   TIME(PS) =    1300.000  TEMP(K) =   298.75  PRESS =     0.0
 Etot   =    -72362.4373  EKtot   =     13907.2266  EPtot      =    -86269.6639
 BOND   =       597.7048  ANGLE   =      1583.6947  DIHED      =      1007.2254
 UB     =         0.0000  IMP     =         0.0000  CMAP       =       139.0477
 1-4 NB =       663.7611  1-4 EEL =     10012.5894  VDWAALS    =      9686.7514
 EELEC  =   -109960.4384  EHBOND  =         0.0000  RESTRAINT  =         0.0000
 ------------------------------------------------------------------------------

wrapping first mol.:      -44.07884       31.16845       53.98534
wrapping first mol.:      -44.07884       31.16845       53.98534
wrapping first mol.:      -44.07884       31.16845       53.98534
wrapping first mol.:      -44.07884       31.16845       53.98534
wrapping first mol.:      -44.07884       31.16845       53.98534
wrapping first mol.:      -44.07884       31.16845       53.98534
wrapping first mol.:      -44.07884       31.16845       53.98534
wrapping first mol.:      -44.07884       31.16845       53.98534
wrapping first mol.:      -44.07884       31.16845       53.98534
wrapping first mol.:      -44.07884       31.16845       53.98534
wrapping first mol.:      -44.07884       31.16845       53.98534

 NSTEP =   700000   TIME(PS) =    1400.000  TEMP(K) =   305.10  PRESS =     0.0
 Etot   =    -72104.2099  EKtot   =     14202.9668  EPtot      =    -86307.1767
 BOND   =       562.2141  ANGLE   =      1555.1149  DIHED      =      1039.1803
 UB     =         0.0000  IMP     =         0.0000  CMAP       =       148.0086
 1-4 NB =       679.0157  1-4 EEL =     10101.2705  VDWAALS    =      9850.3683
 EELEC  =   -110242.3491  EHBOND  =         0.0000  RESTRAINT  =         0.0000
 ------------------------------------------------------------------------------

wrapping first mol.:      -44.07884       31.16845       53.98534
wrapping first mol.:      -44.07884       31.16845       53.98534
wrapping first mol.:      -44.07884       31.16845       53.98534
wrapping first mol.:      -44.07884       31.16845       53.98534
wrapping first mol.:      -44.07884       31.16845       53.98534
wrapping first mol.:      -44.07884       31.16845       53.98534
wrapping first mol.:      -44.07884       31.16845       53.98534
wrapping first mol.:      -44.07884       31.16845       53.98534
wrapping first mol.:      -44.07884       31.16845       53.98534
wrapping first mol.:      -44.07884       31.16845       53.98534
wrapping first mol.:      -44.07884       31.16845       53.98534

 NSTEP =   750000   TIME(PS) =    1500.000  TEMP(K) =   303.60  PRESS =     0.0
 Etot   =    -72021.9498  EKtot   =     14133.1895  EPtot      =    -86155.1393
 BOND   =       608.3787  ANGLE   =      1599.9588  DIHED      =      1033.8729
 UB     =         0.0000  IMP     =         0.0000  CMAP       =       137.3681
 1-4 NB =       672.0053  1-4 EEL =     10098.1714  VDWAALS    =      9716.9673
 EELEC  =   -110021.8617  EHBOND  =         0.0000  RESTRAINT  =         0.0000
 ------------------------------------------------------------------------------

wrapping first mol.:      -44.07884       31.16845       53.98534
wrapping first mol.:      -44.07884       31.16845       53.98534
wrapping first mol.:      -44.07884       31.16845       53.98534
wrapping first mol.:      -44.07884       31.16845       53.98534
wrapping first mol.:      -44.07884       31.16845       53.98534
wrapping first mol.:      -44.07884       31.16845       53.98534
wrapping first mol.:      -44.07884       31.16845       53.98534
wrapping first mol.:      -44.07884       31.16845       53.98534
wrapping first mol.:      -44.07884       31.16845       53.98534
wrapping first mol.:      -44.07884       31.16845       53.98534
wrapping first mol.:      -44.07884       31.16845       53.98534

 NSTEP =   800000   TIME(PS) =    1600.000  TEMP(K) =   297.30  PRESS =     0.0
 Etot   =    -72555.5929  EKtot   =     13839.7900  EPtot      =    -86395.3829
 BOND   =       595.4913  ANGLE   =      1572.8517  DIHED      =      1006.3312
 UB     =         0.0000  IMP     =         0.0000  CMAP       =       143.3393
 1-4 NB =       663.2220  1-4 EEL =     10188.8961  VDWAALS    =      9546.7421
 EELEC  =   -110112.2565  EHBOND  =         0.0000  RESTRAINT  =         0.0000
 ------------------------------------------------------------------------------

wrapping first mol.:      -44.07884       31.16845       53.98534
wrapping first mol.:      -44.07884       31.16845       53.98534
wrapping first mol.:      -44.07884       31.16845       53.98534
wrapping first mol.:      -44.07884       31.16845       53.98534
wrapping first mol.:      -44.07884       31.16845       53.98534
wrapping first mol.:      -44.07884       31.16845       53.98534
wrapping first mol.:      -44.07884       31.16845       53.98534
wrapping first mol.:      -44.07884       31.16845       53.98534
wrapping first mol.:      -44.07884       31.16845       53.98534
wrapping first mol.:      -44.07884       31.16845       53.98534
wrapping first mol.:      -44.07884       31.16845       53.98534

 NSTEP =   850000   TIME(PS) =    1700.000  TEMP(K) =   300.89  PRESS =     0.0
 Etot   =    -72478.1313  EKtot   =     14007.1426  EPtot      =    -86485.2739
 BOND   =       559.7224  ANGLE   =      1536.1510  DIHED      =      1024.7102
 UB     =         0.0000  IMP     =         0.0000  CMAP       =       144.3591
 1-4 NB =       653.1285  1-4 EEL =     10092.3826  VDWAALS    =      9538.2066
 EELEC  =   -110033.9343  EHBOND  =         0.0000  RESTRAINT  =         0.0000
 ------------------------------------------------------------------------------

wrapping first mol.:      -44.07884       31.16845       53.98534
wrapping first mol.:      -44.07884       31.16845       53.98534
wrapping first mol.:      -44.07884       31.16845       53.98534
wrapping first mol.:      -44.07884       31.16845       53.98534
wrapping first mol.:      -44.07884       31.16845       53.98534
wrapping first mol.:      -44.07884       31.16845       53.98534
wrapping first mol.:      -44.07884       31.16845       53.98534
wrapping first mol.:      -44.07884       31.16845       53.98534
wrapping first mol.:      -44.07884       31.16845       53.98534
wrapping first mol.:      -44.07884       31.16845       53.98534
wrapping first mol.:      -44.07884       31.16845       53.98534

 NSTEP =   900000   TIME(PS) =    1800.000  TEMP(K) =   303.85  PRESS =     0.0
 Etot   =    -71992.8638  EKtot   =     14144.7734  EPtot      =    -86137.6373
 BOND   =       590.4827  ANGLE   =      1567.1787  DIHED      =      1016.3400
 UB     =         0.0000  IMP     =         0.0000  CMAP       =       140.3433
 1-4 NB =       654.2752  1-4 EEL =     10089.0867  VDWAALS    =      9562.3681
 EELEC  =   -109757.7118  EHBOND  =         0.0000  RESTRAINT  =         0.0000
 ------------------------------------------------------------------------------

wrapping first mol.:      -44.07884       31.16845       53.98534
wrapping first mol.:      -44.07884       31.16845       53.98534
wrapping first mol.:      -44.07884       31.16845       53.98534
wrapping first mol.:      -44.07884       31.16845       53.98534
wrapping first mol.:      -44.07884       31.16845       53.98534
wrapping first mol.:      -44.07884       31.16845       53.98534
wrapping first mol.:      -44.07884       31.16845       53.98534
wrapping first mol.:      -44.07884       31.16845       53.98534
wrapping first mol.:      -44.07884       31.16845       53.98534
wrapping first mol.:      -44.07884       31.16845       53.98534
wrapping first mol.:      -44.07884       31.16845       53.98534

 NSTEP =   950000   TIME(PS) =    1900.000  TEMP(K) =   299.69  PRESS =     0.0
 Etot   =    -72383.5095  EKtot   =     13951.3545  EPtot      =    -86334.8640
 BOND   =       559.3408  ANGLE   =      1592.1154  DIHED      =      1021.8868
 UB     =         0.0000  IMP     =         0.0000  CMAP       =       129.7947
 1-4 NB =       666.9409  1-4 EEL =     10107.9560  VDWAALS    =      9728.2655
 EELEC  =   -110141.1640  EHBOND  =         0.0000  RESTRAINT  =         0.0000
 ------------------------------------------------------------------------------

wrapping first mol.:      -44.07884       31.16845       53.98534
wrapping first mol.:      -44.07884       31.16845       53.98534
wrapping first mol.:      -44.07884       31.16845       53.98534
wrapping first mol.:      -44.07884       31.16845       53.98534
wrapping first mol.:      -44.07884       31.16845       53.98534
wrapping first mol.:      -44.07884       31.16845       53.98534
wrapping first mol.:      -44.07884       31.16845       53.98534
wrapping first mol.:      -44.07884       31.16845       53.98534
wrapping first mol.:      -44.07884       31.16845       53.98534
wrapping first mol.:      -44.07884       31.16845       53.98534
wrapping first mol.:      -44.07884       31.16845       53.98534

 NSTEP =  1000000   TIME(PS) =    2000.000  TEMP(K) =   303.94  PRESS =     0.0
 Etot   =    -72241.1659  EKtot   =     14148.9531  EPtot      =    -86390.1190
 BOND   =       567.4257  ANGLE   =      1597.3844  DIHED      =      1031.2324
 UB     =         0.0000  IMP     =         0.0000  CMAP       =       138.0040
 1-4 NB =       662.3699  1-4 EEL =     10084.5266  VDWAALS    =      9734.4910
 EELEC  =   -110205.5529  EHBOND  =         0.0000  RESTRAINT  =         0.0000
 ------------------------------------------------------------------------------

wrapping first mol.:      -44.07884       31.16845       53.98534
wrapping first mol.:      -44.07884       31.16845       53.98534
wrapping first mol.:      -44.07884       31.16845       53.98534
wrapping first mol.:      -44.07884       31.16845       53.98534
wrapping first mol.:      -44.07884       31.16845       53.98534
wrapping first mol.:      -44.07884       31.16845       53.98534
wrapping first mol.:      -44.07884       31.16845       53.98534
wrapping first mol.:      -44.07884       31.16845       53.98534
wrapping first mol.:      -44.07884       31.16845       53.98534
wrapping first mol.:      -44.07884       31.16845       53.98534
wrapping first mol.:      -44.07884       31.16845       53.98534

 NSTEP =  1050000   TIME(PS) =    2100.000  TEMP(K) =   300.82  PRESS =     0.0
 Etot   =    -72561.9157  EKtot   =     14003.5635  EPtot      =    -86565.4791
 BOND   =       544.5909  ANGLE   =      1568.6927  DIHED      =      1032.7168
 UB     =         0.0000  IMP     =         0.0000  CMAP       =       136.8292
 1-4 NB =       664.4265  1-4 EEL =     10114.3579  VDWAALS    =      9517.0564
 EELEC  =   -110144.1495  EHBOND  =         0.0000  RESTRAINT  =         0.0000
 ------------------------------------------------------------------------------

wrapping first mol.:      -44.07884       31.16845       53.98534
wrapping first mol.:      -44.07884       31.16845       53.98534
wrapping first mol.:      -44.07884       31.16845       53.98534
wrapping first mol.:      -44.07884       31.16845       53.98534
wrapping first mol.:      -44.07884       31.16845       53.98534
wrapping first mol.:      -44.07884       31.16845       53.98534
wrapping first mol.:      -44.07884       31.16845       53.98534
wrapping first mol.:      -44.07884       31.16845       53.98534
wrapping first mol.:      -44.07884       31.16845       53.98534
wrapping first mol.:      -44.07884       31.16845       53.98534
wrapping first mol.:      -44.07884       31.16845       53.98534

 NSTEP =  1100000   TIME(PS) =    2200.000  TEMP(K) =   303.82  PRESS =     0.0
 Etot   =    -72077.7306  EKtot   =     14143.3184  EPtot      =    -86221.0490
 BOND   =       562.0254  ANGLE   =      1546.5120  DIHED      =      1048.0635
 UB     =         0.0000  IMP     =         0.0000  CMAP       =       130.6087
 1-4 NB =       666.8690  1-4 EEL =     10110.3427  VDWAALS    =      9721.2327
 EELEC  =   -110006.7030  EHBOND  =         0.0000  RESTRAINT  =         0.0000
 ------------------------------------------------------------------------------

wrapping first mol.:      -44.07884       31.16845       53.98534
wrapping first mol.:      -44.07884       31.16845       53.98534
wrapping first mol.:      -44.07884       31.16845       53.98534
wrapping first mol.:      -44.07884       31.16845       53.98534
wrapping first mol.:      -44.07884       31.16845       53.98534
wrapping first mol.:      -44.07884       31.16845       53.98534
wrapping first mol.:      -44.07884       31.16845       53.98534
wrapping first mol.:      -44.07884       31.16845       53.98534
wrapping first mol.:      -44.07884       31.16845       53.98534
wrapping first mol.:      -44.07884       31.16845       53.98534
wrapping first mol.:      -44.07884       31.16845       53.98534

 NSTEP =  1150000   TIME(PS) =    2300.000  TEMP(K) =   302.39  PRESS =     0.0
 Etot   =    -72171.4134  EKtot   =     14076.6338  EPtot      =    -86248.0471
 BOND   =       542.8387  ANGLE   =      1598.1043  DIHED      =      1005.0614
 UB     =         0.0000  IMP     =         0.0000  CMAP       =       138.5145
 1-4 NB =       663.2459  1-4 EEL =     10126.5950  VDWAALS    =      9679.7032
 EELEC  =   -110002.1102  EHBOND  =         0.0000  RESTRAINT  =         0.0000
 ------------------------------------------------------------------------------

wrapping first mol.:      -44.07884       31.16845       53.98534
wrapping first mol.:      -44.07884       31.16845       53.98534
wrapping first mol.:      -44.07884       31.16845       53.98534
wrapping first mol.:      -44.07884       31.16845       53.98534
wrapping first mol.:      -44.07884       31.16845       53.98534
wrapping first mol.:      -44.07884       31.16845       53.98534
wrapping first mol.:      -44.07884       31.16845       53.98534
wrapping first mol.:      -44.07884       31.16845       53.98534
wrapping first mol.:      -44.07884       31.16845       53.98534
wrapping first mol.:      -44.07884       31.16845       53.98534
wrapping first mol.:      -44.07884       31.16845       53.98534

 NSTEP =  1200000   TIME(PS) =    2400.000  TEMP(K) =   301.12  PRESS =     0.0
 Etot   =    -72210.5202  EKtot   =     14017.6328  EPtot      =    -86228.1531
 BOND   =       555.2896  ANGLE   =      1567.6804  DIHED      =      1071.8998
 UB     =         0.0000  IMP     =         0.0000  CMAP       =       145.7347
 1-4 NB =       671.0832  1-4 EEL =     10138.8273  VDWAALS    =      9688.0719
 EELEC  =   -110066.7399  EHBOND  =         0.0000  RESTRAINT  =         0.0000
 ------------------------------------------------------------------------------

wrapping first mol.:      -44.07884       31.16845       53.98534
wrapping first mol.:      -44.07884       31.16845       53.98534
wrapping first mol.:      -44.07884       31.16845       53.98534
wrapping first mol.:      -44.07884       31.16845       53.98534
wrapping first mol.:      -44.07884       31.16845       53.98534
wrapping first mol.:      -44.07884       31.16845       53.98534
wrapping first mol.:      -44.07884       31.16845       53.98534
wrapping first mol.:      -44.07884       31.16845       53.98534
wrapping first mol.:      -44.07884       31.16845       53.98534
wrapping first mol.:      -44.07884       31.16845       53.98534
wrapping first mol.:      -44.07884       31.16845       53.98534

 NSTEP =  1250000   TIME(PS) =    2500.000  TEMP(K) =   299.17  PRESS =     0.0
 Etot   =    -72303.7104  EKtot   =     13926.7383  EPtot      =    -86230.4487
 BOND   =       565.9972  ANGLE   =      1623.7937  DIHED      =      1048.8080
 UB     =         0.0000  IMP     =         0.0000  CMAP       =       139.2655
 1-4 NB =       663.3901  1-4 EEL =     10106.3916  VDWAALS    =      9750.7297
 EELEC  =   -110128.8245  EHBOND  =         0.0000  RESTRAINT  =         0.0000
 ------------------------------------------------------------------------------

wrapping first mol.:      -44.07884       31.16845       53.98534
wrapping first mol.:      -44.07884       31.16845       53.98534
wrapping first mol.:      -44.07884       31.16845       53.98534
wrapping first mol.:      -44.07884       31.16845       53.98534
wrapping first mol.:      -44.07884       31.16845       53.98534
wrapping first mol.:      -44.07884       31.16845       53.98534
wrapping first mol.:      -44.07884       31.16845       53.98534
wrapping first mol.:      -44.07884       31.16845       53.98534
wrapping first mol.:      -44.07884       31.16845       53.98534
wrapping first mol.:      -44.07884       31.16845       53.98534
wrapping first mol.:      -44.07884       31.16845       53.98534

 NSTEP =  1300000   TIME(PS) =    2600.000  TEMP(K) =   296.61  PRESS =     0.0
 Etot   =    -72317.2007  EKtot   =     13807.9512  EPtot      =    -86125.1519
 BOND   =       578.0241  ANGLE   =      1562.3368  DIHED      =      1009.0101
 UB     =         0.0000  IMP     =         0.0000  CMAP       =       139.5024
 1-4 NB =       676.5905  1-4 EEL =     10159.3407  VDWAALS    =      9803.0552
 EELEC  =   -110053.0117  EHBOND  =         0.0000  RESTRAINT  =         0.0000
 ------------------------------------------------------------------------------

wrapping first mol.:      -44.07884       31.16845       53.98534
wrapping first mol.:      -44.07884       31.16845       53.98534
wrapping first mol.:      -44.07884       31.16845       53.98534
wrapping first mol.:      -44.07884       31.16845       53.98534
wrapping first mol.:      -44.07884       31.16845       53.98534
wrapping first mol.:      -44.07884       31.16845       53.98534
wrapping first mol.:      -44.07884       31.16845       53.98534
wrapping first mol.:      -44.07884       31.16845       53.98534
wrapping first mol.:      -44.07884       31.16845       53.98534
wrapping first mol.:      -44.07884       31.16845       53.98534
wrapping first mol.:      -44.07884       31.16845       53.98534

 NSTEP =  1350000   TIME(PS) =    2700.000  TEMP(K) =   298.90  PRESS =     0.0
 Etot   =    -72428.2032  EKtot   =     13914.4043  EPtot      =    -86342.6075
 BOND   =       525.6257  ANGLE   =      1600.6492  DIHED      =      1061.3202
 UB     =         0.0000  IMP     =         0.0000  CMAP       =       142.1168
 1-4 NB =       668.1404  1-4 EEL =     10138.8850  VDWAALS    =      9780.3092
 EELEC  =   -110259.6541  EHBOND  =         0.0000  RESTRAINT  =         0.0000
 ------------------------------------------------------------------------------

wrapping first mol.:      -44.07884       31.16845       53.98534
wrapping first mol.:      -44.07884       31.16845       53.98534
wrapping first mol.:      -44.07884       31.16845       53.98534
wrapping first mol.:      -44.07884       31.16845       53.98534
wrapping first mol.:      -44.07884       31.16845       53.98534
wrapping first mol.:      -44.07884       31.16845       53.98534
wrapping first mol.:      -44.07884       31.16845       53.98534
wrapping first mol.:      -44.07884       31.16845       53.98534
wrapping first mol.:      -44.07884       31.16845       53.98534
wrapping first mol.:      -44.07884       31.16845       53.98534
wrapping first mol.:      -44.07884       31.16845       53.98534

 NSTEP =  1400000   TIME(PS) =    2800.000  TEMP(K) =   300.21  PRESS =     0.0
 Etot   =    -72307.8191  EKtot   =     13975.5713  EPtot      =    -86283.3904
 BOND   =       572.1169  ANGLE   =      1568.2193  DIHED      =      1041.8676
 UB     =         0.0000  IMP     =         0.0000  CMAP       =       141.7533
 1-4 NB =       671.6549  1-4 EEL =     10080.4973  VDWAALS    =      9674.3499
 EELEC  =   -110033.8496  EHBOND  =         0.0000  RESTRAINT  =         0.0000
 ------------------------------------------------------------------------------

wrapping first mol.:      -44.07884       31.16845       53.98534
wrapping first mol.:      -44.07884       31.16845       53.98534
wrapping first mol.:      -44.07884       31.16845       53.98534
wrapping first mol.:      -44.07884       31.16845       53.98534
wrapping first mol.:      -44.07884       31.16845       53.98534
wrapping first mol.:      -44.07884       31.16845       53.98534
wrapping first mol.:      -44.07884       31.16845       53.98534
wrapping first mol.:      -44.07884       31.16845       53.98534
wrapping first mol.:      -44.07884       31.16845       53.98534
wrapping first mol.:      -44.07884       31.16845       53.98534
wrapping first mol.:      -44.07884       31.16845       53.98534

 NSTEP =  1450000   TIME(PS) =    2900.000  TEMP(K) =   300.06  PRESS =     0.0
 Etot   =    -72131.9881  EKtot   =     13968.5791  EPtot      =    -86100.5672
 BOND   =       552.1042  ANGLE   =      1622.7361  DIHED      =      1021.6521
 UB     =         0.0000  IMP     =         0.0000  CMAP       =       157.4926
 1-4 NB =       651.6925  1-4 EEL =     10090.5848  VDWAALS    =      9864.7378
 EELEC  =   -110061.5673  EHBOND  =         0.0000  RESTRAINT  =         0.0000
 ------------------------------------------------------------------------------

wrapping first mol.:      -44.07884       31.16845       53.98534
wrapping first mol.:      -44.07884       31.16845       53.98534
wrapping first mol.:      -44.07884       31.16845       53.98534
wrapping first mol.:      -44.07884       31.16845       53.98534
wrapping first mol.:      -44.07884       31.16845       53.98534
wrapping first mol.:      -44.07884       31.16845       53.98534
wrapping first mol.:      -44.07884       31.16845       53.98534
wrapping first mol.:      -44.07884       31.16845       53.98534
wrapping first mol.:      -44.07884       31.16845       53.98534
wrapping first mol.:      -44.07884       31.16845       53.98534
wrapping first mol.:      -44.07884       31.16845       53.98534

 NSTEP =  1500000   TIME(PS) =    3000.000  TEMP(K) =   300.61  PRESS =     0.0
 Etot   =    -72160.2938  EKtot   =     13994.0420  EPtot      =    -86154.3357
 BOND   =       554.0794  ANGLE   =      1606.4869  DIHED      =      1054.8393
 UB     =         0.0000  IMP     =         0.0000  CMAP       =       133.7195
 1-4 NB =       694.7885  1-4 EEL =     10119.5016  VDWAALS    =      9417.0721
 EELEC  =   -109734.8230  EHBOND  =         0.0000  RESTRAINT  =         0.0000
 ------------------------------------------------------------------------------

wrapping first mol.:      -44.07884       31.16845       53.98534
wrapping first mol.:      -44.07884       31.16845       53.98534
wrapping first mol.:      -44.07884       31.16845       53.98534
wrapping first mol.:      -44.07884       31.16845       53.98534
wrapping first mol.:      -44.07884       31.16845       53.98534
wrapping first mol.:      -44.07884       31.16845       53.98534
wrapping first mol.:      -44.07884       31.16845       53.98534
wrapping first mol.:      -44.07884       31.16845       53.98534
wrapping first mol.:      -44.07884       31.16845       53.98534
wrapping first mol.:      -44.07884       31.16845       53.98534
wrapping first mol.:      -44.07884       31.16845       53.98534

 NSTEP =  1550000   TIME(PS) =    3100.000  TEMP(K) =   299.44  PRESS =     0.0
 Etot   =    -72469.1374  EKtot   =     13939.7178  EPtot      =    -86408.8552
 BOND   =       542.7097  ANGLE   =      1573.0514  DIHED      =      1002.1864
 UB     =         0.0000  IMP     =         0.0000  CMAP       =       130.7520
 1-4 NB =       677.0448  1-4 EEL =     10127.4900  VDWAALS    =      9825.2504
 EELEC  =   -110287.3400  EHBOND  =         0.0000  RESTRAINT  =         0.0000
 ------------------------------------------------------------------------------

wrapping first mol.:      -44.07884       31.16845       53.98534
wrapping first mol.:      -44.07884       31.16845       53.98534
wrapping first mol.:      -44.07884       31.16845       53.98534
wrapping first mol.:      -44.07884       31.16845       53.98534
wrapping first mol.:      -44.07884       31.16845       53.98534
wrapping first mol.:      -44.07884       31.16845       53.98534
wrapping first mol.:      -44.07884       31.16845       53.98534
wrapping first mol.:      -44.07884       31.16845       53.98534
wrapping first mol.:      -44.07884       31.16845       53.98534
wrapping first mol.:      -44.07884       31.16845       53.98534
wrapping first mol.:      -44.07884       31.16845       53.98534

 NSTEP =  1600000   TIME(PS) =    3200.000  TEMP(K) =   300.93  PRESS =     0.0
 Etot   =    -72119.5253  EKtot   =     14008.9111  EPtot      =    -86128.4364
 BOND   =       585.9613  ANGLE   =      1551.7555  DIHED      =      1020.1580
 UB     =         0.0000  IMP     =         0.0000  CMAP       =       143.7563
 1-4 NB =       672.4488  1-4 EEL =     10072.4297  VDWAALS    =      9524.7760
 EELEC  =   -109699.7220  EHBOND  =         0.0000  RESTRAINT  =         0.0000
 ------------------------------------------------------------------------------

wrapping first mol.:      -44.07884       31.16845       53.98534
wrapping first mol.:      -44.07884       31.16845       53.98534
wrapping first mol.:      -44.07884       31.16845       53.98534
wrapping first mol.:      -44.07884       31.16845       53.98534
wrapping first mol.:      -44.07884       31.16845       53.98534
wrapping first mol.:      -44.07884       31.16845       53.98534
wrapping first mol.:      -44.07884       31.16845       53.98534
wrapping first mol.:      -44.07884       31.16845       53.98534
wrapping first mol.:      -44.07884       31.16845       53.98534
wrapping first mol.:      -44.07884       31.16845       53.98534
wrapping first mol.:      -44.07884       31.16845       53.98534

 NSTEP =  1650000   TIME(PS) =    3300.000  TEMP(K) =   297.09  PRESS =     0.0
 Etot   =    -72636.2777  EKtot   =     13829.8926  EPtot      =    -86466.1702
 BOND   =       580.1012  ANGLE   =      1567.8253  DIHED      =      1034.0988
 UB     =         0.0000  IMP     =         0.0000  CMAP       =       143.7947
 1-4 NB =       667.2920  1-4 EEL =     10093.1902  VDWAALS    =      9628.7680
 EELEC  =   -110181.2404  EHBOND  =         0.0000  RESTRAINT  =         0.0000
 ------------------------------------------------------------------------------

wrapping first mol.:      -44.07884       31.16845       53.98534
wrapping first mol.:      -44.07884       31.16845       53.98534
wrapping first mol.:      -44.07884       31.16845       53.98534
wrapping first mol.:      -44.07884       31.16845       53.98534
wrapping first mol.:      -44.07884       31.16845       53.98534
wrapping first mol.:      -44.07884       31.16845       53.98534
wrapping first mol.:      -44.07884       31.16845       53.98534
wrapping first mol.:      -44.07884       31.16845       53.98534
wrapping first mol.:      -44.07884       31.16845       53.98534
wrapping first mol.:      -44.07884       31.16845       53.98534
wrapping first mol.:      -44.07884       31.16845       53.98534

 NSTEP =  1700000   TIME(PS) =    3400.000  TEMP(K) =   297.69  PRESS =     0.0
 Etot   =    -72575.0265  EKtot   =     13857.8408  EPtot      =    -86432.8674
 BOND   =       577.6157  ANGLE   =      1635.0700  DIHED      =      1023.7857
 UB     =         0.0000  IMP     =         0.0000  CMAP       =       147.0537
 1-4 NB =       664.7011  1-4 EEL =     10138.7303  VDWAALS    =      9845.0813
 EELEC  =   -110464.9052  EHBOND  =         0.0000  RESTRAINT  =         0.0000
 ------------------------------------------------------------------------------

wrapping first mol.:      -44.07884       31.16845       53.98534
wrapping first mol.:      -44.07884       31.16845       53.98534
wrapping first mol.:      -44.07884       31.16845       53.98534
wrapping first mol.:      -44.07884       31.16845       53.98534
wrapping first mol.:      -44.07884       31.16845       53.98534
wrapping first mol.:      -44.07884       31.16845       53.98534
wrapping first mol.:      -44.07884       31.16845       53.98534
wrapping first mol.:      -44.07884       31.16845       53.98534
wrapping first mol.:      -44.07884       31.16845       53.98534
wrapping first mol.:      -44.07884       31.16845       53.98534
wrapping first mol.:      -44.07884       31.16845       53.98534

 NSTEP =  1750000   TIME(PS) =    3500.000  TEMP(K) =   303.13  PRESS =     0.0
 Etot   =    -71898.2770  EKtot   =     14111.1104  EPtot      =    -86009.3874
 BOND   =       562.7077  ANGLE   =      1612.3892  DIHED      =      1000.2998
 UB     =         0.0000  IMP     =         0.0000  CMAP       =       133.0086
 1-4 NB =       653.1867  1-4 EEL =     10060.5369  VDWAALS    =      9581.0170
 EELEC  =   -109612.5332  EHBOND  =         0.0000  RESTRAINT  =         0.0000
 ------------------------------------------------------------------------------

wrapping first mol.:      -44.07884       31.16845       53.98534
wrapping first mol.:      -44.07884       31.16845       53.98534
wrapping first mol.:      -44.07884       31.16845       53.98534
wrapping first mol.:      -44.07884       31.16845       53.98534
wrapping first mol.:      -44.07884       31.16845       53.98534
wrapping first mol.:      -44.07884       31.16845       53.98534
wrapping first mol.:      -44.07884       31.16845       53.98534
wrapping first mol.:      -44.07884       31.16845       53.98534
wrapping first mol.:      -44.07884       31.16845       53.98534
wrapping first mol.:      -44.07884       31.16845       53.98534
wrapping first mol.:      -44.07884       31.16845       53.98534

 NSTEP =  1800000   TIME(PS) =    3600.000  TEMP(K) =   300.93  PRESS =     0.0
 Etot   =    -72116.7531  EKtot   =     14008.7861  EPtot      =    -86125.5393
 BOND   =       580.3349  ANGLE   =      1601.3916  DIHED      =      1038.7612
 UB     =         0.0000  IMP     =         0.0000  CMAP       =       137.9866
 1-4 NB =       670.3235  1-4 EEL =     10155.0758  VDWAALS    =      9690.8377
 EELEC  =   -110000.2507  EHBOND  =         0.0000  RESTRAINT  =         0.0000
 ------------------------------------------------------------------------------

wrapping first mol.:      -44.07884       31.16845       53.98534
wrapping first mol.:      -44.07884       31.16845       53.98534
wrapping first mol.:      -44.07884       31.16845       53.98534
wrapping first mol.:      -44.07884       31.16845       53.98534
wrapping first mol.:      -44.07884       31.16845       53.98534
wrapping first mol.:      -44.07884       31.16845       53.98534
wrapping first mol.:      -44.07884       31.16845       53.98534
wrapping first mol.:      -44.07884       31.16845       53.98534
wrapping first mol.:      -44.07884       31.16845       53.98534
wrapping first mol.:      -44.07884       31.16845       53.98534
wrapping first mol.:      -44.07884       31.16845       53.98534

 NSTEP =  1850000   TIME(PS) =    3700.000  TEMP(K) =   299.43  PRESS =     0.0
 Etot   =    -72088.1127  EKtot   =     13939.2080  EPtot      =    -86027.3207
 BOND   =       545.9949  ANGLE   =      1539.6102  DIHED      =      1020.5410
 UB     =         0.0000  IMP     =         0.0000  CMAP       =       126.4130
 1-4 NB =       671.2675  1-4 EEL =     10139.1365  VDWAALS    =      9587.2616
 EELEC  =   -109657.5453  EHBOND  =         0.0000  RESTRAINT  =         0.0000
 ------------------------------------------------------------------------------

wrapping first mol.:      -44.07884       31.16845       53.98534
wrapping first mol.:      -44.07884       31.16845       53.98534
wrapping first mol.:      -44.07884       31.16845       53.98534
wrapping first mol.:      -44.07884       31.16845       53.98534
wrapping first mol.:      -44.07884       31.16845       53.98534
wrapping first mol.:      -44.07884       31.16845       53.98534
wrapping first mol.:      -44.07884       31.16845       53.98534
wrapping first mol.:      -44.07884       31.16845       53.98534
wrapping first mol.:      -44.07884       31.16845       53.98534
wrapping first mol.:      -44.07884       31.16845       53.98534
wrapping first mol.:      -44.07884       31.16845       53.98534

 NSTEP =  1900000   TIME(PS) =    3800.000  TEMP(K) =   299.69  PRESS =     0.0
 Etot   =    -72300.1135  EKtot   =     13951.0762  EPtot      =    -86251.1896
 BOND   =       586.0316  ANGLE   =      1537.9312  DIHED      =      1033.6330
 UB     =         0.0000  IMP     =         0.0000  CMAP       =       137.7087
 1-4 NB =       666.4116  1-4 EEL =     10175.5005  VDWAALS    =      9538.9678
 EELEC  =   -109927.3741  EHBOND  =         0.0000  RESTRAINT  =         0.0000
 ------------------------------------------------------------------------------

wrapping first mol.:      -44.07884       31.16845       53.98534
wrapping first mol.:      -44.07884       31.16845       53.98534
wrapping first mol.:      -44.07884       31.16845       53.98534
wrapping first mol.:      -44.07884       31.16845       53.98534
wrapping first mol.:      -44.07884       31.16845       53.98534
wrapping first mol.:      -44.07884       31.16845       53.98534
wrapping first mol.:      -44.07884       31.16845       53.98534
wrapping first mol.:      -44.07884       31.16845       53.98534
wrapping first mol.:      -44.07884       31.16845       53.98534
wrapping first mol.:      -44.07884       31.16845       53.98534
wrapping first mol.:      -44.07884       31.16845       53.98534

 NSTEP =  1950000   TIME(PS) =    3900.000  TEMP(K) =   299.66  PRESS =     0.0
 Etot   =    -72209.9527  EKtot   =     13949.8223  EPtot      =    -86159.7750
 BOND   =       564.0689  ANGLE   =      1535.2831  DIHED      =      1034.4364
 UB     =         0.0000  IMP     =         0.0000  CMAP       =       153.6507
 1-4 NB =       662.1680  1-4 EEL =     10120.4938  VDWAALS    =      9650.1911
 EELEC  =   -109880.0669  EHBOND  =         0.0000  RESTRAINT  =         0.0000
 ------------------------------------------------------------------------------

wrapping first mol.:      -44.07884       31.16845       53.98534
wrapping first mol.:      -44.07884       31.16845       53.98534
wrapping first mol.:      -44.07884       31.16845       53.98534
wrapping first mol.:      -44.07884       31.16845       53.98534
wrapping first mol.:      -44.07884       31.16845       53.98534
wrapping first mol.:      -44.07884       31.16845       53.98534
wrapping first mol.:      -44.07884       31.16845       53.98534
wrapping first mol.:      -44.07884       31.16845       53.98534
wrapping first mol.:      -44.07884       31.16845       53.98534
wrapping first mol.:      -44.07884       31.16845       53.98534
wrapping first mol.:      -44.07884       31.16845       53.98534

 NSTEP =  2000000   TIME(PS) =    4000.000  TEMP(K) =   301.65  PRESS =     0.0
 Etot   =    -72111.6214  EKtot   =     14042.5381  EPtot      =    -86154.1594
 BOND   =       547.2011  ANGLE   =      1580.9515  DIHED      =      1050.4090
 UB     =         0.0000  IMP     =         0.0000  CMAP       =       144.6999
 1-4 NB =       680.5337  1-4 EEL =     10150.6126  VDWAALS    =      9961.5455
 EELEC  =   -110270.1127  EHBOND  =         0.0000  RESTRAINT  =         0.0000
 ------------------------------------------------------------------------------

wrapping first mol.:      -44.07884       31.16845       53.98534
wrapping first mol.:      -44.07884       31.16845       53.98534
wrapping first mol.:      -44.07884       31.16845       53.98534
wrapping first mol.:      -44.07884       31.16845       53.98534
wrapping first mol.:      -44.07884       31.16845       53.98534
wrapping first mol.:      -44.07884       31.16845       53.98534
wrapping first mol.:      -44.07884       31.16845       53.98534
wrapping first mol.:      -44.07884       31.16845       53.98534
wrapping first mol.:      -44.07884       31.16845       53.98534
wrapping first mol.:      -44.07884       31.16845       53.98534
wrapping first mol.:      -44.07884       31.16845       53.98534

 NSTEP =  2050000   TIME(PS) =    4100.000  TEMP(K) =   302.34  PRESS =     0.0
 Etot   =    -72290.0153  EKtot   =     14074.3086  EPtot      =    -86364.3238
 BOND   =       576.7687  ANGLE   =      1574.7258  DIHED      =      1052.1353
 UB     =         0.0000  IMP     =         0.0000  CMAP       =       136.5142
 1-4 NB =       679.9868  1-4 EEL =     10117.9909  VDWAALS    =      9777.3412
 EELEC  =   -110279.7867  EHBOND  =         0.0000  RESTRAINT  =         0.0000
 ------------------------------------------------------------------------------

wrapping first mol.:      -44.07884       31.16845       53.98534
wrapping first mol.:      -44.07884       31.16845       53.98534
wrapping first mol.:      -44.07884       31.16845       53.98534
wrapping first mol.:      -44.07884       31.16845       53.98534
wrapping first mol.:      -44.07884       31.16845       53.98534
wrapping first mol.:      -44.07884       31.16845       53.98534
wrapping first mol.:      -44.07884       31.16845       53.98534
wrapping first mol.:      -44.07884       31.16845       53.98534
wrapping first mol.:      -44.07884       31.16845       53.98534
wrapping first mol.:      -44.07884       31.16845       53.98534
wrapping first mol.:      -44.07884       31.16845       53.98534

 NSTEP =  2100000   TIME(PS) =    4200.000  TEMP(K) =   299.10  PRESS =     0.0
 Etot   =    -72277.3216  EKtot   =     13923.5479  EPtot      =    -86200.8694
 BOND   =       587.2205  ANGLE   =      1567.7635  DIHED      =      1045.6484
 UB     =         0.0000  IMP     =         0.0000  CMAP       =       126.1876
 1-4 NB =       649.6697  1-4 EEL =     10119.0317  VDWAALS    =      9770.3548
 EELEC  =   -110066.7457  EHBOND  =         0.0000  RESTRAINT  =         0.0000
 ------------------------------------------------------------------------------

wrapping first mol.:      -44.07884       31.16845       53.98534
wrapping first mol.:      -44.07884       31.16845       53.98534
wrapping first mol.:      -44.07884       31.16845       53.98534
wrapping first mol.:      -44.07884       31.16845       53.98534
wrapping first mol.:      -44.07884       31.16845       53.98534
wrapping first mol.:      -44.07884       31.16845       53.98534
wrapping first mol.:      -44.07884       31.16845       53.98534
wrapping first mol.:      -44.07884       31.16845       53.98534
wrapping first mol.:      -44.07884       31.16845       53.98534
wrapping first mol.:      -44.07884       31.16845       53.98534
wrapping first mol.:      -44.07884       31.16845       53.98534

 NSTEP =  2150000   TIME(PS) =    4300.000  TEMP(K) =   300.54  PRESS =     0.0
 Etot   =    -72553.8766  EKtot   =     13990.9404  EPtot      =    -86544.8170
 BOND   =       551.5250  ANGLE   =      1576.2987  DIHED      =      1019.0056
 UB     =         0.0000  IMP     =         0.0000  CMAP       =       140.4255
 1-4 NB =       668.5323  1-4 EEL =     10121.2306  VDWAALS    =      9930.0962
 EELEC  =   -110551.9309  EHBOND  =         0.0000  RESTRAINT  =         0.0000
 ------------------------------------------------------------------------------

wrapping first mol.:      -44.07884       31.16845       53.98534
wrapping first mol.:      -44.07884       31.16845       53.98534
wrapping first mol.:      -44.07884       31.16845       53.98534
wrapping first mol.:      -44.07884       31.16845       53.98534
wrapping first mol.:      -44.07884       31.16845       53.98534
wrapping first mol.:      -44.07884       31.16845       53.98534
wrapping first mol.:      -44.07884       31.16845       53.98534
wrapping first mol.:      -44.07884       31.16845       53.98534
wrapping first mol.:      -44.07884       31.16845       53.98534
wrapping first mol.:      -44.07884       31.16845       53.98534
wrapping first mol.:      -44.07884       31.16845       53.98534

 NSTEP =  2200000   TIME(PS) =    4400.000  TEMP(K) =   300.64  PRESS =     0.0
 Etot   =    -72195.8470  EKtot   =     13995.5420  EPtot      =    -86191.3890
 BOND   =       536.0599  ANGLE   =      1646.3672  DIHED      =      1036.8136
 UB     =         0.0000  IMP     =         0.0000  CMAP       =       144.6958
 1-4 NB =       676.3285  1-4 EEL =     10100.1396  VDWAALS    =      9717.7544
 EELEC  =   -110049.5480  EHBOND  =         0.0000  RESTRAINT  =         0.0000
 ------------------------------------------------------------------------------

wrapping first mol.:      -44.07884       31.16845       53.98534
wrapping first mol.:      -44.07884       31.16845       53.98534
wrapping first mol.:      -44.07884       31.16845       53.98534
wrapping first mol.:      -44.07884       31.16845       53.98534
wrapping first mol.:      -44.07884       31.16845       53.98534
wrapping first mol.:      -44.07884       31.16845       53.98534
wrapping first mol.:      -44.07884       31.16845       53.98534
wrapping first mol.:      -44.07884       31.16845       53.98534
wrapping first mol.:      -44.07884       31.16845       53.98534
wrapping first mol.:      -44.07884       31.16845       53.98534
wrapping first mol.:      -44.07884       31.16845       53.98534

 NSTEP =  2250000   TIME(PS) =    4500.000  TEMP(K) =   299.04  PRESS =     0.0
 Etot   =    -72462.5404  EKtot   =     13921.0068  EPtot      =    -86383.5472
 BOND   =       585.1622  ANGLE   =      1551.8504  DIHED      =      1063.9903
 UB     =         0.0000  IMP     =         0.0000  CMAP       =       147.0319
 1-4 NB =       671.3891  1-4 EEL =     10173.7811  VDWAALS    =      9892.8638
 EELEC  =   -110469.6159  EHBOND  =         0.0000  RESTRAINT  =         0.0000
 ------------------------------------------------------------------------------

wrapping first mol.:      -44.07884       31.16845       53.98534
wrapping first mol.:      -44.07884       31.16845       53.98534
wrapping first mol.:      -44.07884       31.16845       53.98534
wrapping first mol.:      -44.07884       31.16845       53.98534
wrapping first mol.:      -44.07884       31.16845       53.98534
wrapping first mol.:      -44.07884       31.16845       53.98534
wrapping first mol.:      -44.07884       31.16845       53.98534
wrapping first mol.:      -44.07884       31.16845       53.98534
wrapping first mol.:      -44.07884       31.16845       53.98534
wrapping first mol.:      -44.07884       31.16845       53.98534
wrapping first mol.:      -44.07884       31.16845       53.98534

 NSTEP =  2300000   TIME(PS) =    4600.000  TEMP(K) =   299.25  PRESS =     0.0
 Etot   =    -72599.8537  EKtot   =     13930.4814  EPtot      =    -86530.3352
 BOND   =       575.3563  ANGLE   =      1575.4504  DIHED      =      1010.5463
 UB     =         0.0000  IMP     =         0.0000  CMAP       =       132.0000
 1-4 NB =       669.3701  1-4 EEL =     10129.4643  VDWAALS    =      9400.1092
 EELEC  =   -110022.6319  EHBOND  =         0.0000  RESTRAINT  =         0.0000
 ------------------------------------------------------------------------------

wrapping first mol.:      -44.07884       31.16845       53.98534
wrapping first mol.:      -44.07884       31.16845       53.98534
wrapping first mol.:      -44.07884       31.16845       53.98534
wrapping first mol.:      -44.07884       31.16845       53.98534
wrapping first mol.:      -44.07884       31.16845       53.98534
wrapping first mol.:      -44.07884       31.16845       53.98534
wrapping first mol.:      -44.07884       31.16845       53.98534
wrapping first mol.:      -44.07884       31.16845       53.98534
wrapping first mol.:      -44.07884       31.16845       53.98534
wrapping first mol.:      -44.07884       31.16845       53.98534
wrapping first mol.:      -44.07884       31.16845       53.98534

 NSTEP =  2350000   TIME(PS) =    4700.000  TEMP(K) =   301.20  PRESS =     0.0
 Etot   =    -72064.7708  EKtot   =     14021.2285  EPtot      =    -86085.9994
 BOND   =       544.9787  ANGLE   =      1623.5117  DIHED      =      1038.8040
 UB     =         0.0000  IMP     =         0.0000  CMAP       =       140.5220
 1-4 NB =       662.0112  1-4 EEL =     10149.2663  VDWAALS    =      9660.8158
 EELEC  =   -109905.9089  EHBOND  =         0.0000  RESTRAINT  =         0.0000
 ------------------------------------------------------------------------------

wrapping first mol.:      -44.07884       31.16845       53.98534
wrapping first mol.:      -44.07884       31.16845       53.98534
wrapping first mol.:      -44.07884       31.16845       53.98534
wrapping first mol.:      -44.07884       31.16845       53.98534
wrapping first mol.:      -44.07884       31.16845       53.98534
wrapping first mol.:      -44.07884       31.16845       53.98534
wrapping first mol.:      -44.07884       31.16845       53.98534
wrapping first mol.:      -44.07884       31.16845       53.98534
wrapping first mol.:      -44.07884       31.16845       53.98534
wrapping first mol.:      -44.07884       31.16845       53.98534
wrapping first mol.:      -44.07884       31.16845       53.98534

 NSTEP =  2400000   TIME(PS) =    4800.000  TEMP(K) =   299.77  PRESS =     0.0
 Etot   =    -72276.5027  EKtot   =     13954.7920  EPtot      =    -86231.2947
 BOND   =       593.8882  ANGLE   =      1573.5538  DIHED      =      1060.8063
 UB     =         0.0000  IMP     =         0.0000  CMAP       =       133.7982
 1-4 NB =       660.4360  1-4 EEL =     10113.1356  VDWAALS    =      9653.5516
 EELEC  =   -110020.4642  EHBOND  =         0.0000  RESTRAINT  =         0.0000
 ------------------------------------------------------------------------------

wrapping first mol.:      -44.07884       31.16845       53.98534
wrapping first mol.:      -44.07884       31.16845       53.98534
wrapping first mol.:      -44.07884       31.16845       53.98534
wrapping first mol.:      -44.07884       31.16845       53.98534
wrapping first mol.:      -44.07884       31.16845       53.98534
wrapping first mol.:      -44.07884       31.16845       53.98534
wrapping first mol.:      -44.07884       31.16845       53.98534
wrapping first mol.:      -44.07884       31.16845       53.98534
wrapping first mol.:      -44.07884       31.16845       53.98534
wrapping first mol.:      -44.07884       31.16845       53.98534
wrapping first mol.:      -44.07884       31.16845       53.98534

 NSTEP =  2450000   TIME(PS) =    4900.000  TEMP(K) =   296.27  PRESS =     0.0
 Etot   =    -72842.0023  EKtot   =     13791.8330  EPtot      =    -86633.8353
 BOND   =       567.8314  ANGLE   =      1569.0994  DIHED      =      1086.9976
 UB     =         0.0000  IMP     =         0.0000  CMAP       =       132.3709
 1-4 NB =       653.3976  1-4 EEL =     10100.6237  VDWAALS    =      9676.4392
 EELEC  =   -110420.5950  EHBOND  =         0.0000  RESTRAINT  =         0.0000
 ------------------------------------------------------------------------------

wrapping first mol.:      -44.07884       31.16845       53.98534
wrapping first mol.:      -44.07884       31.16845       53.98534
wrapping first mol.:      -44.07884       31.16845       53.98534
wrapping first mol.:      -44.07884       31.16845       53.98534
wrapping first mol.:      -44.07884       31.16845       53.98534
wrapping first mol.:      -44.07884       31.16845       53.98534
wrapping first mol.:      -44.07884       31.16845       53.98534
wrapping first mol.:      -44.07884       31.16845       53.98534
wrapping first mol.:      -44.07884       31.16845       53.98534
wrapping first mol.:      -44.07884       31.16845       53.98534
wrapping first mol.:      -44.07884       31.16845       53.98534

 NSTEP =  2500000   TIME(PS) =    5000.000  TEMP(K) =   302.91  PRESS =     0.0
 Etot   =    -72054.7014  EKtot   =     14101.2002  EPtot      =    -86155.9016
 BOND   =       582.9267  ANGLE   =      1563.3139  DIHED      =      1047.3168
 UB     =         0.0000  IMP     =         0.0000  CMAP       =       131.6340
 1-4 NB =       660.1328  1-4 EEL =     10070.9833  VDWAALS    =      9749.4702
 EELEC  =   -109961.6794  EHBOND  =         0.0000  RESTRAINT  =         0.0000
 ------------------------------------------------------------------------------


      A V E R A G E S   O V E R      50 S T E P S


 NSTEP =  2500000   TIME(PS) =    5000.000  TEMP(K) =   300.35  PRESS =     0.0
 Etot   =    -72305.5552  EKtot   =     13982.0780  EPtot      =    -86287.6332
 BOND   =       566.6046  ANGLE   =      1580.9026  DIHED      =      1032.0348
 UB     =         0.0000  IMP     =         0.0000  CMAP       =       139.2106
 1-4 NB =       667.4494  1-4 EEL =     10111.6624  VDWAALS    =      9691.8876
 EELEC  =   -110077.3852  EHBOND  =         0.0000  RESTRAINT  =         0.0000
 ------------------------------------------------------------------------------


      R M S  F L U C T U A T I O N S


 NSTEP =  2500000   TIME(PS) =    5000.000  TEMP(K) =     2.10  PRESS =     0.0
 Etot   =       194.2062  EKtot   =        97.8548  EPtot      =       161.2683
 BOND   =        19.0074  ANGLE   =        25.8700  DIHED      =        19.7301
 UB     =         0.0000  IMP     =         0.0000  CMAP       =         6.9938
 1-4 NB =         9.2476  1-4 EEL =        32.9875  VDWAALS    =       130.3668
 EELEC  =       234.5907  EHBOND  =         0.0000  RESTRAINT  =         0.0000
 ------------------------------------------------------------------------------

--------------------------------------------------------------------------------
   5.  TIMINGS
--------------------------------------------------------------------------------

|  NonSetup CPU Time in Major Routines:
|
|     Routine           Sec        %
|     ------------------------------
|     Nonbond         603.21   12.00
|     Bond              0.00    0.00
|     Angle             0.00    0.00
|     Dihedral          0.00    0.00
|     Shake            20.84    0.41
|     RunMD          4399.97   87.52
|     Other             3.50    0.07
|     ------------------------------
|     Total          5027.52

|  PME Nonbond Pairlist CPU Time:
|
|     Routine              Sec        %
|     ---------------------------------
|     Set Up Cit           0.00    0.00
|     Build List           0.00    0.00
|     ---------------------------------
|     Total                0.00    0.00

|  PME Direct Force CPU Time:
|
|     Routine              Sec        %
|     ---------------------------------
|     NonBonded Calc       0.00    0.00
|     Exclude Masked       0.00    0.00
|     Other                1.88    0.04
|     ---------------------------------
|     Total                1.88    0.04

|  PME Reciprocal Force CPU Time:
|
|     Routine              Sec        %
|     ---------------------------------
|     1D bspline           0.00    0.00
|     Grid Charges         0.00    0.00
|     Scalar Sum           0.00    0.00
|     Gradient Sum         0.00    0.00
|     FFT                  0.00    0.00
|     ---------------------------------
|     Total                0.00    0.00

|  Final Performance Info:
|     -----------------------------------------------------
|     Average timings for last       1 steps:
|     Elapsed(s) =       0.00 Per Step(ms) =       0.16
|         ns/day =    1072.41   seconds/ns =      80.57
|
|     Average timings for all steps:
|     Elapsed(s) =    5036.77 Per Step(ms) =       2.01
|         ns/day =      85.77   seconds/ns =    1007.35
|     -----------------------------------------------------

|  Setup CPU time:            0.62 seconds
|  NonSetup CPU time:      5027.52 seconds
|  Total CPU time:         5028.14 seconds     1.40 hours

|  Setup wall time:           0    seconds
|  NonSetup wall time:     5037    seconds
|  Total wall time:        5037    seconds     1.40 hours
