
          -------------------------------------------------------
          Amber 18 PMEMD                              2018
          -------------------------------------------------------

| PMEMD implementation of SANDER, Release 18

| Run on 08/31/2020 at 09:42:05

|   Executable path: pmemd.cuda
| Working directory: /home/almacen/pbarletta/dynein/run/lf3f/4_pdt
|          Hostname: Unknown
  [-O]verwriting output

File Assignments:
|   MDIN: pre_pdt.in                                                            
|  MDOUT: 0pdt.out                                                              
| INPCRD: 4_lf3f.rst7                                                           
|   PARM: /home/almacen/pbarletta/dynein/top_files/lf3f.prmtop                  
| RESTRT: 0p4_lf3f.rst7                                                         
|   REFC: refc                                                                  
|  MDVEL: mdvel                                                                 
|   MDEN: mden                                                                  
|  MDCRD: 0p4_lf3f.nc                                                           
| MDINFO: mdinfo                                                                
|  MDFRC: mdfrc                                                                 


 Here is the input file:

Production run                                                                 
&cntrl                                                                         
imin = 0,                           ! No Minimization                          
nmropt = 0,                         ! No NMR restraints read                   
                                                                               
! Nature and format of the input                                               
ntx = 5,                            ! Coordinates and velocities will be read  
irest = 1,                          ! Do not run a new simulation              
                                                                               
! Nature and format of the output                                              
ntxo = 1,                           ! rstrt file in ASCII format               
ntpr = 50000,                       ! inf in output every ntpr steps           
ntwr = 50000,                       ! rstrt file every ntwr steps              
ntwx = 5000,                        ! mdcrd file every ntwx steps              
ntwv = 0,                           ! mdvel without velocities                 
ntwe = 0,                           ! Energies and temperatures not written in 
idecomp = 0,                        ! No energy decomposition                  
iwrap = 1,                          ! Coordinates of the restart and mdcrd file
                                                                               
! Frozen or restrained atoms                                                   
ibelly = 0,                         ! No frozen atoms                          
ntr=0,                              ! Harmonic potential restraints            
                                                                               
! Molecular dynamics                                                           
nstlim = 2500000,                   ! Number of MD-steps                       
dt = 0.002,                         ! Time step                                
                                                                               
! Temperature regulation                                                       
ntt = 3,                            ! Langevin thermostat                      
gamma_ln = 2,                       ! Gamma constant for Langevin              
temp0 = 300.0,                      ! Reference T at which the system is to be 
tempi = 300.0,                      ! Initial T                                
ig = -1,                            ! Seed for the RNG                         
                                                                               
! P and V regulation                                                           
!barostat = 1,                      ! Berendsen barostat                       
!taup = 1,                          ! Pressure relaxation time                 
ntp = 0,                            ! constant V                               
ntb = 1,                            ! Periodic box for constant V              
                                                                               
! SHAKE variables                                                              
ntc = 2,                            ! Bonds involving H are constrained        
ntf = 2,                            ! Bond interaction involving H are ommited.
                                                                               
cut = 9.0,                          ! Nonbonded cutoff                         
/                                                                              
&end                                                                           


Note: ig = -1. Setting random seed to   786998 based on wallclock time in 
      microseconds.
| irandom = 1, using AMBER's internal random number generator (default).
 
|--------------------- INFORMATION ----------------------
| GPU (CUDA) Version of PMEMD in use: NVIDIA GPU IN USE.
|                    Version 18.0.0
| 
|                      03/25/2018
| 
| Implementation by:
|                    Ross C. Walker     (SDSC)
|                    Scott Le Grand     (nVIDIA)
| 
| Version 18 performance extensions by:
|                    David Cerutti     (Rutgers)
| 
| Precision model in use:
|      [SPFP] - Single Precision Forces, 64-bit Fixed Point
|               Accumulation. (Default)
| 
|--------------------------------------------------------
 
|----------------- CITATION INFORMATION -----------------
|
|    When publishing work that utilized the CUDA version
|    of AMBER, please cite the following in addition to
|    the regular AMBER citations:
|
|  - Romelia Salomon-Ferrer; Andreas W. Goetz; Duncan
|    Poole; Scott Le Grand; Ross C. Walker "Routine
|    microsecond molecular dynamics simulations with
|    AMBER - Part II: Particle Mesh Ewald", J. Chem.
|    Theory Comput., 2013, 9 (9), pp3878-3888,
|    DOI: 10.1021/ct400314y.
|
|  - Andreas W. Goetz; Mark J. Williamson; Dong Xu;
|    Duncan Poole; Scott Le Grand; Ross C. Walker
|    "Routine microsecond molecular dynamics simulations
|    with AMBER - Part I: Generalized Born", J. Chem.
|    Theory Comput., 2012, 8 (5), pp1542-1555.
|
|  - Scott Le Grand; Andreas W. Goetz; Ross C. Walker
|    "SPFP: Speed without compromise - a mixed precision
|    model for GPU accelerated molecular dynamics
|    simulations.", Comp. Phys. Comm., 2013, 184
|    pp374-380, DOI: 10.1016/j.cpc.2012.09.022
|
|--------------------------------------------------------
 
|------------------- GPU DEVICE INFO --------------------
|
|            CUDA_VISIBLE_DEVICES: 0
|   CUDA Capable Devices Detected:      1
|           CUDA Device ID in use:      0
|                CUDA Device Name: GeForce GTX 1080 Ti
|     CUDA Device Global Mem Size:  11178 MB
| CUDA Device Num Multiprocessors:     28
|           CUDA Device Core Freq:   1.72 GHz
|
|--------------------------------------------------------
 
 
| Conditional Compilation Defines Used:
| PUBFFT
| BINTRAJ
| CUDA
| EMIL

| Largest sphere to fit in unit cell has radius =    26.344

| New format PARM file being parsed.
| Version =    1.000 Date = 08/10/20 Time = 22:23:20

| Note: 1-4 EEL scale factors are being read from the topology file.

| Note: 1-4 VDW scale factors are being read from the topology file.
| Duplicated    0 dihedrals

| Duplicated    0 dihedrals

--------------------------------------------------------------------------------
   1.  RESOURCE   USE: 
--------------------------------------------------------------------------------

 getting new box info from bottom of inpcrd
 NATOM  =   26948 NTYPES =      19 NBONH =   19404 MBONA  =    7572
 NTHETH =    3538 MTHETA =    2210 NPHIH =    7248 MPHIA  =    7124
 NHPARM =       0 NPARM  =       0 NNB   =   59014 NRES   =    6152
 NBONA  =    7572 NTHETA =    2210 NPHIA =    7124 NUMBND =      73
 NUMANG =     167 NPTRA  =     191 NATYP =      38 NPHB   =       1
 IFBOX  =       2 NMXRS  =      24 IFCAP =       0 NEXTRA =    5946
 NCOPY  =       0


| Coordinate Index Table dimensions:    11   11   11
| Direct force subcell size =     5.8663    5.8663    5.8663

     BOX TYPE: TRUNCATED OCTAHEDRON

--------------------------------------------------------------------------------
   2.  CONTROL  DATA  FOR  THE  RUN
--------------------------------------------------------------------------------

default_name                                                                    

General flags:
     imin    =       0, nmropt  =       0

Nature and format of input:
     ntx     =       5, irest   =       1, ntrx    =       1

Nature and format of output:
     ntxo    =       1, ntpr    =   50000, ntrx    =       1, ntwr    =   50000
     iwrap   =       1, ntwx    =    5000, ntwv    =       0, ntwe    =       0
     ioutfm  =       1, ntwprt  =       0, idecomp =       0, rbornstat=      0

Potential function:
     ntf     =       2, ntb     =       1, igb     =       0, nsnb    =      25
     ipol    =       0, gbsa    =       0, iesp    =       0
     dielc   =   1.00000, cut     =   9.00000, intdiel =   1.00000

Frozen or restrained atoms:
     ibelly  =       0, ntr     =       0

Molecular dynamics:
     nstlim  =   2500000, nscm    =      1000, nrespa  =         1
     t       =   0.00000, dt      =   0.00200, vlimit  =  -1.00000

Langevin dynamics temperature regulation:
     ig      =  786998
     temp0   = 300.00000, tempi   = 300.00000, gamma_ln=   2.00000

SHAKE:
     ntc     =       2, jfastw  =       0
     tol     =   0.00001

| Intermolecular bonds treatment:
|     no_intermolecular_bonds =       1

| Energy averages sample interval:
|     ene_avg_sampling =   50000

Extra-points options:
     frameon =       1, chngmask=       1

Ewald parameters:
     verbose =       0, ew_type =       0, nbflag  =       1, use_pme =       1
     vdwmeth =       1, eedmeth =       1, netfrc  =       1
     Box X =   64.529   Box Y =   64.529   Box Z =   64.529
     Alpha =  109.471   Beta  =  109.471   Gamma =  109.471
     NFFT1 =   64       NFFT2 =   64       NFFT3 =   64
     Cutoff=    9.000   Tol   =0.100E-04
     Ewald Coefficient =  0.30768
     Interpolation order =    4
|      EXTRA_PTS, trim_bonds: num bonds BEFORE trim = 19404     0
|      EXTRA_PTS, trim_bonds: num bonds AFTER  trim = 19404     0
|      EXTRA_PTS, trim_bonds: num bonds BEFORE trim =  7572     0
|      EXTRA_PTS, trim_bonds: num bonds AFTER  trim =  1626     0
|      EXTRA_PTS, trim_theta: num angle BEFORE trim =  3538     0
|      EXTRA_PTS, trim_theta: num angle AFTER  trim =  3538     0
|      EXTRA_PTS, trim_theta: num angle BEFORE trim =  2210     0
|      EXTRA_PTS, trim_theta: num angle AFTER  trim =  2210     0
|      EXTRA_PTS, trim_phi:  num diheds BEFORE trim =  7248     0
|      EXTRA_PTS, trim_phi:  num diheds AFTER  trim =  7248     0
|      EXTRA_PTS, trim_phi:  num diheds BEFORE trim =  7124     0
|      EXTRA_PTS, trim_phi:  num diheds AFTER  trim =  7124     0

--------------------------------------------------------------------------------
   3.  ATOMIC COORDINATES AND VELOCITIES
--------------------------------------------------------------------------------

Cpptraj Generated Restart                                                       
 begin time read from input coords =     0.000 ps

 
 Number of triangulated 3-point waters found:     5946

     Sum of charges from parm topology file =   0.00003251
     Forcing neutrality...

| Dynamic Memory, Types Used:
| Reals              878334
| Integers          2042486

| Nonbonded Pairs Initial Allocation:     6144144

| GPU memory information (estimate):
| KB of GPU memory in use:         0
| KB of CPU memory in use:         0

--------------------------------------------------------------------------------
   4.  RESULTS
--------------------------------------------------------------------------------

wrapping first mol.:      -21.50960      -30.41916       52.68754
wrapping first mol.:      -21.50960      -30.41916       52.68754
wrapping first mol.:      -21.50960      -30.41916       52.68754
wrapping first mol.:      -21.50960      -30.41916       52.68754
wrapping first mol.:      -21.50960      -30.41916       52.68754
wrapping first mol.:      -21.50960      -30.41916       52.68754
wrapping first mol.:      -21.50960      -30.41916       52.68754
wrapping first mol.:      -21.50960      -30.41916       52.68754
wrapping first mol.:      -21.50960      -30.41916       52.68754
wrapping first mol.:      -21.50960      -30.41916       52.68754
wrapping first mol.:      -21.50960      -30.41916       52.68754

 NSTEP =    50000   TIME(PS) =     100.000  TEMP(K) =   297.53  PRESS =     0.0
 Etot   =    -66377.0985  EKtot   =     12889.8760  EPtot      =    -79266.9745
 BOND   =       570.8065  ANGLE   =      1546.9512  DIHED      =      1165.8129
 UB     =         0.0000  IMP     =         0.0000  CMAP       =       155.6576
 1-4 NB =       726.2366  1-4 EEL =      9821.3437  VDWAALS    =      8506.3014
 EELEC  =   -101760.0844  EHBOND  =         0.0000  RESTRAINT  =         0.0000
 ------------------------------------------------------------------------------

wrapping first mol.:      -21.50960      -30.41916       52.68754
wrapping first mol.:      -21.50960      -30.41916       52.68754
wrapping first mol.:      -21.50960      -30.41916       52.68754
wrapping first mol.:      -21.50960      -30.41916       52.68754
wrapping first mol.:      -21.50960      -30.41916       52.68754
wrapping first mol.:      -21.50960      -30.41916       52.68754
wrapping first mol.:      -21.50960      -30.41916       52.68754
wrapping first mol.:      -21.50960      -30.41916       52.68754
wrapping first mol.:      -21.50960      -30.41916       52.68754
wrapping first mol.:      -21.50960      -30.41916       52.68754
wrapping first mol.:      -21.50960      -30.41916       52.68754

 NSTEP =   100000   TIME(PS) =     200.000  TEMP(K) =   300.68  PRESS =     0.0
 Etot   =    -66103.5130  EKtot   =     13026.0732  EPtot      =    -79129.5862
 BOND   =       591.8584  ANGLE   =      1566.5911  DIHED      =      1139.8251
 UB     =         0.0000  IMP     =         0.0000  CMAP       =       159.2275
 1-4 NB =       715.9614  1-4 EEL =      9797.8376  VDWAALS    =      8360.7235
 EELEC  =   -101461.6107  EHBOND  =         0.0000  RESTRAINT  =         0.0000
 ------------------------------------------------------------------------------

wrapping first mol.:      -21.50960      -30.41916       52.68754
wrapping first mol.:      -21.50960      -30.41916       52.68754
wrapping first mol.:      -21.50960      -30.41916       52.68754
wrapping first mol.:      -21.50960      -30.41916       52.68754
wrapping first mol.:      -21.50960      -30.41916       52.68754
wrapping first mol.:      -21.50960      -30.41916       52.68754
wrapping first mol.:      -21.50960      -30.41916       52.68754
wrapping first mol.:      -21.50960      -30.41916       52.68754
wrapping first mol.:      -21.50960      -30.41916       52.68754
wrapping first mol.:      -21.50960      -30.41916       52.68754
wrapping first mol.:      -21.50960      -30.41916       52.68754

 NSTEP =   150000   TIME(PS) =     300.000  TEMP(K) =   296.49  PRESS =     0.0
 Etot   =    -66465.0870  EKtot   =     12844.7207  EPtot      =    -79309.8077
 BOND   =       614.8607  ANGLE   =      1558.3624  DIHED      =      1153.2329
 UB     =         0.0000  IMP     =         0.0000  CMAP       =       163.6547
 1-4 NB =       693.9612  1-4 EEL =      9761.2333  VDWAALS    =      8497.1902
 EELEC  =   -101752.3033  EHBOND  =         0.0000  RESTRAINT  =         0.0000
 ------------------------------------------------------------------------------

wrapping first mol.:      -21.50960      -30.41916       52.68754
wrapping first mol.:      -21.50960      -30.41916       52.68754
wrapping first mol.:      -21.50960      -30.41916       52.68754

 NSTEP =   200000   TIME(PS) =     400.000  TEMP(K) =   303.28  PRESS =     0.0
 Etot   =    -66250.8459  EKtot   =     13138.8848  EPtot      =    -79389.7307
 BOND   =       588.2451  ANGLE   =      1547.4660  DIHED      =      1168.9484
 UB     =         0.0000  IMP     =         0.0000  CMAP       =       163.9182
 1-4 NB =       723.0190  1-4 EEL =      9727.1411  VDWAALS    =      8501.7500
 EELEC  =   -101810.2186  EHBOND  =         0.0000  RESTRAINT  =         0.0000
 ------------------------------------------------------------------------------


 NSTEP =   250000   TIME(PS) =     500.000  TEMP(K) =   301.27  PRESS =     0.0
 Etot   =    -66400.4678  EKtot   =     13051.7168  EPtot      =    -79452.1846
 BOND   =       607.9817  ANGLE   =      1578.7606  DIHED      =      1133.6242
 UB     =         0.0000  IMP     =         0.0000  CMAP       =       162.4078
 1-4 NB =       715.0390  1-4 EEL =      9818.2084  VDWAALS    =      8347.2289
 EELEC  =   -101815.4352  EHBOND  =         0.0000  RESTRAINT  =         0.0000
 ------------------------------------------------------------------------------


 NSTEP =   300000   TIME(PS) =     600.000  TEMP(K) =   301.59  PRESS =     0.0
 Etot   =    -66345.4613  EKtot   =     13065.6807  EPtot      =    -79411.1419
 BOND   =       580.1152  ANGLE   =      1594.2795  DIHED      =      1149.1564
 UB     =         0.0000  IMP     =         0.0000  CMAP       =       162.0577
 1-4 NB =       712.1886  1-4 EEL =      9754.3505  VDWAALS    =      8776.8979
 EELEC  =   -102140.1878  EHBOND  =         0.0000  RESTRAINT  =         0.0000
 ------------------------------------------------------------------------------


 NSTEP =   350000   TIME(PS) =     700.000  TEMP(K) =   302.05  PRESS =     0.0
 Etot   =    -66353.1031  EKtot   =     13085.8145  EPtot      =    -79438.9176
 BOND   =       597.3921  ANGLE   =      1520.0428  DIHED      =      1123.1350
 UB     =         0.0000  IMP     =         0.0000  CMAP       =       159.7551
 1-4 NB =       716.5981  1-4 EEL =      9714.6410  VDWAALS    =      8614.9813
 EELEC  =   -101885.4630  EHBOND  =         0.0000  RESTRAINT  =         0.0000
 ------------------------------------------------------------------------------


 NSTEP =   400000   TIME(PS) =     800.000  TEMP(K) =   300.10  PRESS =     0.0
 Etot   =    -66494.5521  EKtot   =     13001.2646  EPtot      =    -79495.8168
 BOND   =       574.3826  ANGLE   =      1581.0305  DIHED      =      1136.2872
 UB     =         0.0000  IMP     =         0.0000  CMAP       =       170.9381
 1-4 NB =       718.0677  1-4 EEL =      9706.1203  VDWAALS    =      8568.5026
 EELEC  =   -101951.1459  EHBOND  =         0.0000  RESTRAINT  =         0.0000
 ------------------------------------------------------------------------------


 NSTEP =   450000   TIME(PS) =     900.000  TEMP(K) =   298.65  PRESS =     0.0
 Etot   =    -66411.7619  EKtot   =     12938.2822  EPtot      =    -79350.0441
 BOND   =       626.3930  ANGLE   =      1554.4878  DIHED      =      1138.1448
 UB     =         0.0000  IMP     =         0.0000  CMAP       =       158.5388
 1-4 NB =       723.4349  1-4 EEL =      9674.7691  VDWAALS    =      8642.2098
 EELEC  =   -101868.0223  EHBOND  =         0.0000  RESTRAINT  =         0.0000
 ------------------------------------------------------------------------------

wrapping first mol.:      -21.50960      -30.41916       52.68754

 NSTEP =   500000   TIME(PS) =    1000.000  TEMP(K) =   303.42  PRESS =     0.0
 Etot   =    -66225.9370  EKtot   =     13144.9023  EPtot      =    -79370.8394
 BOND   =       595.9049  ANGLE   =      1597.4315  DIHED      =      1141.9411
 UB     =         0.0000  IMP     =         0.0000  CMAP       =       152.8060
 1-4 NB =       692.0343  1-4 EEL =      9732.6079  VDWAALS    =      8221.7448
 EELEC  =   -101505.3099  EHBOND  =         0.0000  RESTRAINT  =         0.0000
 ------------------------------------------------------------------------------

wrapping first mol.:      -21.50960      -30.41916       52.68754
wrapping first mol.:      -21.50960      -30.41916       52.68754
wrapping first mol.:      -21.50960      -30.41916       52.68754
wrapping first mol.:      -21.50960      -30.41916       52.68754
wrapping first mol.:      -21.50960      -30.41916       52.68754

 NSTEP =   550000   TIME(PS) =    1100.000  TEMP(K) =   298.90  PRESS =     0.0
 Etot   =    -66355.1343  EKtot   =     12949.0352  EPtot      =    -79304.1695
 BOND   =       634.4960  ANGLE   =      1603.4202  DIHED      =      1147.4415
 UB     =         0.0000  IMP     =         0.0000  CMAP       =       163.5288
 1-4 NB =       693.0890  1-4 EEL =      9715.7510  VDWAALS    =      8611.5963
 EELEC  =   -101873.4923  EHBOND  =         0.0000  RESTRAINT  =         0.0000
 ------------------------------------------------------------------------------


 NSTEP =   600000   TIME(PS) =    1200.000  TEMP(K) =   301.04  PRESS =     0.0
 Etot   =    -66330.6432  EKtot   =     13041.9668  EPtot      =    -79372.6100
 BOND   =       582.8622  ANGLE   =      1606.1782  DIHED      =      1118.5735
 UB     =         0.0000  IMP     =         0.0000  CMAP       =       160.8513
 1-4 NB =       727.8325  1-4 EEL =      9721.4666  VDWAALS    =      8335.5328
 EELEC  =   -101625.9072  EHBOND  =         0.0000  RESTRAINT  =         0.0000
 ------------------------------------------------------------------------------


 NSTEP =   650000   TIME(PS) =    1300.000  TEMP(K) =   301.50  PRESS =     0.0
 Etot   =    -66412.7398  EKtot   =     13061.9629  EPtot      =    -79474.7027
 BOND   =       621.7507  ANGLE   =      1605.5006  DIHED      =      1153.1123
 UB     =         0.0000  IMP     =         0.0000  CMAP       =       164.3870
 1-4 NB =       709.6868  1-4 EEL =      9724.4556  VDWAALS    =      8828.6665
 EELEC  =   -102282.2622  EHBOND  =         0.0000  RESTRAINT  =         0.0000
 ------------------------------------------------------------------------------

wrapping first mol.:      -21.50960      -30.41916       52.68754
wrapping first mol.:      -21.50960      -30.41916       52.68754
wrapping first mol.:      -21.50960      -30.41916       52.68754
wrapping first mol.:      -21.50960      -30.41916       52.68754
wrapping first mol.:      -21.50960      -30.41916       52.68754
wrapping first mol.:      -21.50960      -30.41916       52.68754
wrapping first mol.:      -21.50960      -30.41916       52.68754
wrapping first mol.:      -21.50960      -30.41916       52.68754
wrapping first mol.:      -21.50960      -30.41916       52.68754
wrapping first mol.:      -21.50960      -30.41916       52.68754

 NSTEP =   700000   TIME(PS) =    1400.000  TEMP(K) =   301.84  PRESS =     0.0
 Etot   =    -66378.0583  EKtot   =     13076.7188  EPtot      =    -79454.7770
 BOND   =       605.9636  ANGLE   =      1578.6618  DIHED      =      1151.8013
 UB     =         0.0000  IMP     =         0.0000  CMAP       =       157.1699
 1-4 NB =       700.1484  1-4 EEL =      9690.2572  VDWAALS    =      8772.7925
 EELEC  =   -102111.5717  EHBOND  =         0.0000  RESTRAINT  =         0.0000
 ------------------------------------------------------------------------------

wrapping first mol.:      -21.50960      -30.41916       52.68754
wrapping first mol.:      -21.50960      -30.41916       52.68754
wrapping first mol.:      -21.50960      -30.41916       52.68754
wrapping first mol.:      -21.50960      -30.41916       52.68754
wrapping first mol.:      -21.50960      -30.41916       52.68754
wrapping first mol.:      -21.50960      -30.41916       52.68754
wrapping first mol.:      -21.50960      -30.41916       52.68754
wrapping first mol.:      -21.50960      -30.41916       52.68754
wrapping first mol.:      -21.50960      -30.41916       52.68754
wrapping first mol.:      -21.50960      -30.41916       52.68754

 NSTEP =   750000   TIME(PS) =    1500.000  TEMP(K) =   296.91  PRESS =     0.0
 Etot   =    -66752.0183  EKtot   =     12862.8291  EPtot      =    -79614.8474
 BOND   =       541.4121  ANGLE   =      1542.7711  DIHED      =      1111.8498
 UB     =         0.0000  IMP     =         0.0000  CMAP       =       172.7296
 1-4 NB =       729.7958  1-4 EEL =      9734.3347  VDWAALS    =      8453.9711
 EELEC  =   -101901.7114  EHBOND  =         0.0000  RESTRAINT  =         0.0000
 ------------------------------------------------------------------------------


 NSTEP =   800000   TIME(PS) =    1600.000  TEMP(K) =   300.43  PRESS =     0.0
 Etot   =    -66450.6475  EKtot   =     13015.5586  EPtot      =    -79466.2061
 BOND   =       597.7345  ANGLE   =      1537.1225  DIHED      =      1148.9373
 UB     =         0.0000  IMP     =         0.0000  CMAP       =       176.1144
 1-4 NB =       741.4711  1-4 EEL =      9749.4911  VDWAALS    =      8596.1841
 EELEC  =   -102013.2611  EHBOND  =         0.0000  RESTRAINT  =         0.0000
 ------------------------------------------------------------------------------

wrapping first mol.:      -21.50960      -30.41916       52.68754
wrapping first mol.:      -21.50960      -30.41916       52.68754
wrapping first mol.:      -21.50960      -30.41916       52.68754
wrapping first mol.:      -21.50960      -30.41916       52.68754
wrapping first mol.:      -21.50960      -30.41916       52.68754
wrapping first mol.:      -21.50960      -30.41916       52.68754
wrapping first mol.:      -21.50960      -30.41916       52.68754
wrapping first mol.:      -21.50960      -30.41916       52.68754
wrapping first mol.:      -21.50960      -30.41916       52.68754
wrapping first mol.:      -21.50960      -30.41916       52.68754

 NSTEP =   850000   TIME(PS) =    1700.000  TEMP(K) =   297.33  PRESS =     0.0
 Etot   =    -66553.5956  EKtot   =     12881.2998  EPtot      =    -79434.8954
 BOND   =       646.3164  ANGLE   =      1535.9498  DIHED      =      1125.3972
 UB     =         0.0000  IMP     =         0.0000  CMAP       =       165.3982
 1-4 NB =       705.1806  1-4 EEL =      9715.6913  VDWAALS    =      8520.2225
 EELEC  =   -101849.0513  EHBOND  =         0.0000  RESTRAINT  =         0.0000
 ------------------------------------------------------------------------------

wrapping first mol.:      -21.50960      -30.41916       52.68754
wrapping first mol.:      -21.50960      -30.41916       52.68754
wrapping first mol.:      -21.50960      -30.41916       52.68754
wrapping first mol.:      -21.50960      -30.41916       52.68754
wrapping first mol.:      -21.50960      -30.41916       52.68754
wrapping first mol.:      -21.50960      -30.41916       52.68754
wrapping first mol.:      -21.50960      -30.41916       52.68754
wrapping first mol.:      -21.50960      -30.41916       52.68754
wrapping first mol.:      -21.50960      -30.41916       52.68754

 NSTEP =   900000   TIME(PS) =    1800.000  TEMP(K) =   302.69  PRESS =     0.0
 Etot   =    -66157.3767  EKtot   =     13113.5410  EPtot      =    -79270.9177
 BOND   =       566.1791  ANGLE   =      1562.7510  DIHED      =      1117.2447
 UB     =         0.0000  IMP     =         0.0000  CMAP       =       160.3885
 1-4 NB =       703.7923  1-4 EEL =      9728.5342  VDWAALS    =      8371.0831
 EELEC  =   -101480.8906  EHBOND  =         0.0000  RESTRAINT  =         0.0000
 ------------------------------------------------------------------------------

wrapping first mol.:      -21.50960      -30.41916       52.68754
wrapping first mol.:      -21.50960      -30.41916       52.68754
wrapping first mol.:      -21.50960      -30.41916       52.68754

 NSTEP =   950000   TIME(PS) =    1900.000  TEMP(K) =   298.09  PRESS =     0.0
 Etot   =    -66551.0271  EKtot   =     12914.1719  EPtot      =    -79465.1990
 BOND   =       613.5985  ANGLE   =      1555.7966  DIHED      =      1113.9601
 UB     =         0.0000  IMP     =         0.0000  CMAP       =       161.2167
 1-4 NB =       725.6755  1-4 EEL =      9758.6896  VDWAALS    =      8536.4635
 EELEC  =   -101930.5995  EHBOND  =         0.0000  RESTRAINT  =         0.0000
 ------------------------------------------------------------------------------


 NSTEP =  1000000   TIME(PS) =    2000.000  TEMP(K) =   300.28  PRESS =     0.0
 Etot   =    -66472.2164  EKtot   =     13008.9385  EPtot      =    -79481.1549
 BOND   =       565.2218  ANGLE   =      1593.5209  DIHED      =      1122.8918
 UB     =         0.0000  IMP     =         0.0000  CMAP       =       158.8144
 1-4 NB =       717.0005  1-4 EEL =      9758.3324  VDWAALS    =      8481.0715
 EELEC  =   -101878.0082  EHBOND  =         0.0000  RESTRAINT  =         0.0000
 ------------------------------------------------------------------------------


 NSTEP =  1050000   TIME(PS) =    2100.000  TEMP(K) =   298.28  PRESS =     0.0
 Etot   =    -66301.7704  EKtot   =     12922.2520  EPtot      =    -79224.0223
 BOND   =       588.5388  ANGLE   =      1561.1467  DIHED      =      1127.7760
 UB     =         0.0000  IMP     =         0.0000  CMAP       =       160.3048
 1-4 NB =       726.4390  1-4 EEL =      9725.4930  VDWAALS    =      8452.6320
 EELEC  =   -101566.3527  EHBOND  =         0.0000  RESTRAINT  =         0.0000
 ------------------------------------------------------------------------------


 NSTEP =  1100000   TIME(PS) =    2200.000  TEMP(K) =   301.58  PRESS =     0.0
 Etot   =    -66305.3995  EKtot   =     13065.2549  EPtot      =    -79370.6543
 BOND   =       615.1662  ANGLE   =      1567.9697  DIHED      =      1122.4853
 UB     =         0.0000  IMP     =         0.0000  CMAP       =       159.7178
 1-4 NB =       707.1682  1-4 EEL =      9676.1312  VDWAALS    =      8434.1315
 EELEC  =   -101653.4243  EHBOND  =         0.0000  RESTRAINT  =         0.0000
 ------------------------------------------------------------------------------


 NSTEP =  1150000   TIME(PS) =    2300.000  TEMP(K) =   301.47  PRESS =     0.0
 Etot   =    -66471.7367  EKtot   =     13060.7148  EPtot      =    -79532.4515
 BOND   =       581.8152  ANGLE   =      1551.8548  DIHED      =      1094.9180
 UB     =         0.0000  IMP     =         0.0000  CMAP       =       164.9726
 1-4 NB =       709.3934  1-4 EEL =      9688.7306  VDWAALS    =      8449.6073
 EELEC  =   -101773.7434  EHBOND  =         0.0000  RESTRAINT  =         0.0000
 ------------------------------------------------------------------------------


 NSTEP =  1200000   TIME(PS) =    2400.000  TEMP(K) =   300.64  PRESS =     0.0
 Etot   =    -66502.5821  EKtot   =     13024.7236  EPtot      =    -79527.3057
 BOND   =       557.3695  ANGLE   =      1553.6663  DIHED      =      1136.7765
 UB     =         0.0000  IMP     =         0.0000  CMAP       =       154.8974
 1-4 NB =       730.6795  1-4 EEL =      9720.1211  VDWAALS    =      8737.5014
 EELEC  =   -102118.3176  EHBOND  =         0.0000  RESTRAINT  =         0.0000
 ------------------------------------------------------------------------------


 NSTEP =  1250000   TIME(PS) =    2500.000  TEMP(K) =   298.16  PRESS =     0.0
 Etot   =    -66485.3789  EKtot   =     12917.2021  EPtot      =    -79402.5810
 BOND   =       620.3200  ANGLE   =      1526.2869  DIHED      =      1109.4103
 UB     =         0.0000  IMP     =         0.0000  CMAP       =       165.9319
 1-4 NB =       707.1010  1-4 EEL =      9691.6938  VDWAALS    =      8364.6227
 EELEC  =   -101587.9478  EHBOND  =         0.0000  RESTRAINT  =         0.0000
 ------------------------------------------------------------------------------


 NSTEP =  1300000   TIME(PS) =    2600.000  TEMP(K) =   296.35  PRESS =     0.0
 Etot   =    -66582.8463  EKtot   =     12838.5342  EPtot      =    -79421.3805
 BOND   =       565.3089  ANGLE   =      1587.8704  DIHED      =      1133.7775
 UB     =         0.0000  IMP     =         0.0000  CMAP       =       180.1338
 1-4 NB =       702.5345  1-4 EEL =      9767.5554  VDWAALS    =      8361.8192
 EELEC  =   -101720.3803  EHBOND  =         0.0000  RESTRAINT  =         0.0000
 ------------------------------------------------------------------------------


 NSTEP =  1350000   TIME(PS) =    2700.000  TEMP(K) =   296.70  PRESS =     0.0
 Etot   =    -66243.8699  EKtot   =     12853.8359  EPtot      =    -79097.7059
 BOND   =       608.4622  ANGLE   =      1585.2465  DIHED      =      1137.8675
 UB     =         0.0000  IMP     =         0.0000  CMAP       =       189.1495
 1-4 NB =       709.3874  1-4 EEL =      9723.9712  VDWAALS    =      8267.4848
 EELEC  =   -101319.2750  EHBOND  =         0.0000  RESTRAINT  =         0.0000
 ------------------------------------------------------------------------------


 NSTEP =  1400000   TIME(PS) =    2800.000  TEMP(K) =   301.20  PRESS =     0.0
 Etot   =    -66215.8531  EKtot   =     13048.7725  EPtot      =    -79264.6256
 BOND   =       645.4769  ANGLE   =      1559.3407  DIHED      =      1105.0955
 UB     =         0.0000  IMP     =         0.0000  CMAP       =       174.7824
 1-4 NB =       718.7209  1-4 EEL =      9786.0982  VDWAALS    =      8487.6627
 EELEC  =   -101741.8030  EHBOND  =         0.0000  RESTRAINT  =         0.0000
 ------------------------------------------------------------------------------


 NSTEP =  1450000   TIME(PS) =    2900.000  TEMP(K) =   300.97  PRESS =     0.0
 Etot   =    -66244.9865  EKtot   =     13039.0361  EPtot      =    -79284.0226
 BOND   =       638.5386  ANGLE   =      1573.3257  DIHED      =      1136.3433
 UB     =         0.0000  IMP     =         0.0000  CMAP       =       172.4699
 1-4 NB =       714.9336  1-4 EEL =      9776.6648  VDWAALS    =      8201.7729
 EELEC  =   -101498.0715  EHBOND  =         0.0000  RESTRAINT  =         0.0000
 ------------------------------------------------------------------------------


 NSTEP =  1500000   TIME(PS) =    3000.000  TEMP(K) =   300.52  PRESS =     0.0
 Etot   =    -66549.8553  EKtot   =     13019.3926  EPtot      =    -79569.2479
 BOND   =       605.9197  ANGLE   =      1530.5577  DIHED      =      1137.7587
 UB     =         0.0000  IMP     =         0.0000  CMAP       =       155.1604
 1-4 NB =       717.1010  1-4 EEL =      9746.8976  VDWAALS    =      8336.6022
 EELEC  =   -101799.2452  EHBOND  =         0.0000  RESTRAINT  =         0.0000
 ------------------------------------------------------------------------------

wrapping first mol.:      -21.50960      -30.41916       52.68754

 NSTEP =  1550000   TIME(PS) =    3100.000  TEMP(K) =   303.13  PRESS =     0.0
 Etot   =    -66209.2015  EKtot   =     13132.3027  EPtot      =    -79341.5043
 BOND   =       612.9918  ANGLE   =      1562.8392  DIHED      =      1146.1590
 UB     =         0.0000  IMP     =         0.0000  CMAP       =       163.2800
 1-4 NB =       719.1535  1-4 EEL =      9707.1846  VDWAALS    =      8625.7078
 EELEC  =   -101878.8202  EHBOND  =         0.0000  RESTRAINT  =         0.0000
 ------------------------------------------------------------------------------


 NSTEP =  1600000   TIME(PS) =    3200.000  TEMP(K) =   300.45  PRESS =     0.0
 Etot   =    -66311.9325  EKtot   =     13016.5352  EPtot      =    -79328.4677
 BOND   =       582.6761  ANGLE   =      1548.9039  DIHED      =      1121.5036
 UB     =         0.0000  IMP     =         0.0000  CMAP       =       156.3341
 1-4 NB =       714.5901  1-4 EEL =      9755.7404  VDWAALS    =      8427.6601
 EELEC  =   -101635.8760  EHBOND  =         0.0000  RESTRAINT  =         0.0000
 ------------------------------------------------------------------------------


 NSTEP =  1650000   TIME(PS) =    3300.000  TEMP(K) =   297.45  PRESS =     0.0
 Etot   =    -66820.8354  EKtot   =     12886.4678  EPtot      =    -79707.3032
 BOND   =       594.5096  ANGLE   =      1531.0390  DIHED      =      1129.1003
 UB     =         0.0000  IMP     =         0.0000  CMAP       =       169.8772
 1-4 NB =       701.7157  1-4 EEL =      9729.8783  VDWAALS    =      8748.1185
 EELEC  =   -102311.5419  EHBOND  =         0.0000  RESTRAINT  =         0.0000
 ------------------------------------------------------------------------------


 NSTEP =  1700000   TIME(PS) =    3400.000  TEMP(K) =   294.13  PRESS =     0.0
 Etot   =    -66598.1138  EKtot   =     12742.4629  EPtot      =    -79340.5766
 BOND   =       614.6828  ANGLE   =      1590.9639  DIHED      =      1126.4464
 UB     =         0.0000  IMP     =         0.0000  CMAP       =       172.0586
 1-4 NB =       694.7387  1-4 EEL =      9709.6641  VDWAALS    =      8486.9990
 EELEC  =   -101736.1302  EHBOND  =         0.0000  RESTRAINT  =         0.0000
 ------------------------------------------------------------------------------

wrapping first mol.:      -21.50960      -30.41916       52.68754
wrapping first mol.:      -21.50960      -30.41916       52.68754
wrapping first mol.:      -21.50960      -30.41916       52.68754
wrapping first mol.:      -21.50960      -30.41916       52.68754
wrapping first mol.:      -21.50960      -30.41916       52.68754
wrapping first mol.:      -21.50960      -30.41916       52.68754
wrapping first mol.:      -21.50960      -30.41916       52.68754
wrapping first mol.:      -21.50960      -30.41916       52.68754
wrapping first mol.:      -21.50960      -30.41916       52.68754
wrapping first mol.:      -21.50960      -30.41916       52.68754
wrapping first mol.:      -21.50960      -30.41916       52.68754

 NSTEP =  1750000   TIME(PS) =    3500.000  TEMP(K) =   299.15  PRESS =     0.0
 Etot   =    -66379.2918  EKtot   =     12959.8691  EPtot      =    -79339.1609
 BOND   =       600.4043  ANGLE   =      1562.5148  DIHED      =      1129.3615
 UB     =         0.0000  IMP     =         0.0000  CMAP       =       153.0348
 1-4 NB =       740.2705  1-4 EEL =      9778.4194  VDWAALS    =      8332.9363
 EELEC  =   -101636.1025  EHBOND  =         0.0000  RESTRAINT  =         0.0000
 ------------------------------------------------------------------------------

wrapping first mol.:      -21.50960      -30.41916       52.68754
wrapping first mol.:      -21.50960      -30.41916       52.68754
wrapping first mol.:      -21.50960      -30.41916       52.68754
wrapping first mol.:      -21.50960      -30.41916       52.68754
wrapping first mol.:      -21.50960      -30.41916       52.68754
wrapping first mol.:      -21.50960      -30.41916       52.68754
wrapping first mol.:      -21.50960      -30.41916       52.68754
wrapping first mol.:      -21.50960      -30.41916       52.68754
wrapping first mol.:      -21.50960      -30.41916       52.68754
wrapping first mol.:      -21.50960      -30.41916       52.68754
wrapping first mol.:      -21.50960      -30.41916       52.68754

 NSTEP =  1800000   TIME(PS) =    3600.000  TEMP(K) =   298.25  PRESS =     0.0
 Etot   =    -66685.7284  EKtot   =     12920.9912  EPtot      =    -79606.7197
 BOND   =       599.2201  ANGLE   =      1540.1686  DIHED      =      1118.4858
 UB     =         0.0000  IMP     =         0.0000  CMAP       =       167.5127
 1-4 NB =       716.4215  1-4 EEL =      9736.9330  VDWAALS    =      8565.7767
 EELEC  =   -102051.2381  EHBOND  =         0.0000  RESTRAINT  =         0.0000
 ------------------------------------------------------------------------------

wrapping first mol.:      -21.50960      -30.41916       52.68754
wrapping first mol.:      -21.50960      -30.41916       52.68754
wrapping first mol.:      -21.50960      -30.41916       52.68754
wrapping first mol.:      -21.50960      -30.41916       52.68754
wrapping first mol.:      -21.50960      -30.41916       52.68754
wrapping first mol.:      -21.50960      -30.41916       52.68754
wrapping first mol.:      -21.50960      -30.41916       52.68754
wrapping first mol.:      -21.50960      -30.41916       52.68754
wrapping first mol.:      -21.50960      -30.41916       52.68754
wrapping first mol.:      -21.50960      -30.41916       52.68754
wrapping first mol.:      -21.50960      -30.41916       52.68754

 NSTEP =  1850000   TIME(PS) =    3700.000  TEMP(K) =   302.63  PRESS =     0.0
 Etot   =    -66179.4901  EKtot   =     13110.5752  EPtot      =    -79290.0653
 BOND   =       560.0777  ANGLE   =      1545.8707  DIHED      =      1130.9715
 UB     =         0.0000  IMP     =         0.0000  CMAP       =       174.6815
 1-4 NB =       715.9326  1-4 EEL =      9734.8545  VDWAALS    =      8217.4313
 EELEC  =   -101369.8852  EHBOND  =         0.0000  RESTRAINT  =         0.0000
 ------------------------------------------------------------------------------

wrapping first mol.:      -21.50960      -30.41916       52.68754
wrapping first mol.:      -21.50960      -30.41916       52.68754
wrapping first mol.:      -21.50960      -30.41916       52.68754
wrapping first mol.:      -21.50960      -30.41916       52.68754
wrapping first mol.:      -21.50960      -30.41916       52.68754
wrapping first mol.:      -21.50960      -30.41916       52.68754
wrapping first mol.:      -21.50960      -30.41916       52.68754
wrapping first mol.:      -21.50960      -30.41916       52.68754
wrapping first mol.:      -21.50960      -30.41916       52.68754
wrapping first mol.:      -21.50960      -30.41916       52.68754
wrapping first mol.:      -21.50960      -30.41916       52.68754

 NSTEP =  1900000   TIME(PS) =    3800.000  TEMP(K) =   297.48  PRESS =     0.0
 Etot   =    -66498.1246  EKtot   =     12887.5791  EPtot      =    -79385.7037
 BOND   =       583.5658  ANGLE   =      1559.2437  DIHED      =      1137.9435
 UB     =         0.0000  IMP     =         0.0000  CMAP       =       160.9960
 1-4 NB =       720.3717  1-4 EEL =      9718.9790  VDWAALS    =      8694.1076
 EELEC  =   -101960.9110  EHBOND  =         0.0000  RESTRAINT  =         0.0000
 ------------------------------------------------------------------------------

wrapping first mol.:      -21.50960      -30.41916       52.68754
wrapping first mol.:      -21.50960      -30.41916       52.68754
wrapping first mol.:      -21.50960      -30.41916       52.68754
wrapping first mol.:      -21.50960      -30.41916       52.68754
wrapping first mol.:      -21.50960      -30.41916       52.68754
wrapping first mol.:      -21.50960      -30.41916       52.68754
wrapping first mol.:      -21.50960      -30.41916       52.68754
wrapping first mol.:      -21.50960      -30.41916       52.68754
wrapping first mol.:      -21.50960      -30.41916       52.68754
wrapping first mol.:      -21.50960      -30.41916       52.68754
wrapping first mol.:      -21.50960      -30.41916       52.68754

 NSTEP =  1950000   TIME(PS) =    3900.000  TEMP(K) =   302.91  PRESS =     0.0
 Etot   =    -66228.4594  EKtot   =     13122.7520  EPtot      =    -79351.2113
 BOND   =       562.2637  ANGLE   =      1550.9533  DIHED      =      1141.0963
 UB     =         0.0000  IMP     =         0.0000  CMAP       =       175.9580
 1-4 NB =       728.2962  1-4 EEL =      9756.7455  VDWAALS    =      8533.6208
 EELEC  =   -101800.1452  EHBOND  =         0.0000  RESTRAINT  =         0.0000
 ------------------------------------------------------------------------------

wrapping first mol.:      -21.50960      -30.41916       52.68754
wrapping first mol.:      -21.50960      -30.41916       52.68754
wrapping first mol.:      -21.50960      -30.41916       52.68754
wrapping first mol.:      -21.50960      -30.41916       52.68754
wrapping first mol.:      -21.50960      -30.41916       52.68754
wrapping first mol.:      -21.50960      -30.41916       52.68754
wrapping first mol.:      -21.50960      -30.41916       52.68754
wrapping first mol.:      -21.50960      -30.41916       52.68754
wrapping first mol.:      -21.50960      -30.41916       52.68754
wrapping first mol.:      -21.50960      -30.41916       52.68754
wrapping first mol.:      -21.50960      -30.41916       52.68754

 NSTEP =  2000000   TIME(PS) =    4000.000  TEMP(K) =   296.00  PRESS =     0.0
 Etot   =    -66621.6085  EKtot   =     12823.7520  EPtot      =    -79445.3605
 BOND   =       591.0169  ANGLE   =      1563.6126  DIHED      =      1135.2153
 UB     =         0.0000  IMP     =         0.0000  CMAP       =       164.0198
 1-4 NB =       730.7141  1-4 EEL =      9752.7466  VDWAALS    =      8419.5728
 EELEC  =   -101802.2585  EHBOND  =         0.0000  RESTRAINT  =         0.0000
 ------------------------------------------------------------------------------

wrapping first mol.:      -21.50960      -30.41916       52.68754
wrapping first mol.:      -21.50960      -30.41916       52.68754
wrapping first mol.:      -21.50960      -30.41916       52.68754
wrapping first mol.:      -21.50960      -30.41916       52.68754
wrapping first mol.:      -21.50960      -30.41916       52.68754
wrapping first mol.:      -21.50960      -30.41916       52.68754
wrapping first mol.:      -21.50960      -30.41916       52.68754
wrapping first mol.:      -21.50960      -30.41916       52.68754
wrapping first mol.:      -21.50960      -30.41916       52.68754
wrapping first mol.:      -21.50960      -30.41916       52.68754
wrapping first mol.:      -21.50960      -30.41916       52.68754

 NSTEP =  2050000   TIME(PS) =    4100.000  TEMP(K) =   297.43  PRESS =     0.0
 Etot   =    -66603.3780  EKtot   =     12885.5801  EPtot      =    -79488.9581
 BOND   =       598.8142  ANGLE   =      1585.5543  DIHED      =      1132.6384
 UB     =         0.0000  IMP     =         0.0000  CMAP       =       166.7301
 1-4 NB =       721.2944  1-4 EEL =      9790.5059  VDWAALS    =      8642.9157
 EELEC  =   -102127.4112  EHBOND  =         0.0000  RESTRAINT  =         0.0000
 ------------------------------------------------------------------------------

wrapping first mol.:      -21.50960      -30.41916       52.68754
wrapping first mol.:      -21.50960      -30.41916       52.68754
wrapping first mol.:      -21.50960      -30.41916       52.68754
wrapping first mol.:      -21.50960      -30.41916       52.68754
wrapping first mol.:      -21.50960      -30.41916       52.68754
wrapping first mol.:      -21.50960      -30.41916       52.68754
wrapping first mol.:      -21.50960      -30.41916       52.68754
wrapping first mol.:      -21.50960      -30.41916       52.68754
wrapping first mol.:      -21.50960      -30.41916       52.68754
wrapping first mol.:      -21.50960      -30.41916       52.68754
wrapping first mol.:      -21.50960      -30.41916       52.68754

 NSTEP =  2100000   TIME(PS) =    4200.000  TEMP(K) =   299.36  PRESS =     0.0
 Etot   =    -66326.6308  EKtot   =     12969.2178  EPtot      =    -79295.8486
 BOND   =       614.2704  ANGLE   =      1556.3699  DIHED      =      1131.1461
 UB     =         0.0000  IMP     =         0.0000  CMAP       =       173.5347
 1-4 NB =       718.8206  1-4 EEL =      9754.0081  VDWAALS    =      8440.3647
 EELEC  =   -101684.3632  EHBOND  =         0.0000  RESTRAINT  =         0.0000
 ------------------------------------------------------------------------------

wrapping first mol.:      -21.50960      -30.41916       52.68754
wrapping first mol.:      -21.50960      -30.41916       52.68754
wrapping first mol.:      -21.50960      -30.41916       52.68754
wrapping first mol.:      -21.50960      -30.41916       52.68754
wrapping first mol.:      -21.50960      -30.41916       52.68754
wrapping first mol.:      -21.50960      -30.41916       52.68754
wrapping first mol.:      -21.50960      -30.41916       52.68754
wrapping first mol.:      -21.50960      -30.41916       52.68754
wrapping first mol.:      -21.50960      -30.41916       52.68754
wrapping first mol.:      -21.50960      -30.41916       52.68754
wrapping first mol.:      -21.50960      -30.41916       52.68754

 NSTEP =  2150000   TIME(PS) =    4300.000  TEMP(K) =   300.66  PRESS =     0.0
 Etot   =    -66615.1504  EKtot   =     13025.5273  EPtot      =    -79640.6778
 BOND   =       593.8046  ANGLE   =      1552.0360  DIHED      =      1141.5694
 UB     =         0.0000  IMP     =         0.0000  CMAP       =       165.6215
 1-4 NB =       703.7077  1-4 EEL =      9750.2788  VDWAALS    =      8383.4177
 EELEC  =   -101931.1136  EHBOND  =         0.0000  RESTRAINT  =         0.0000
 ------------------------------------------------------------------------------

wrapping first mol.:      -21.50960      -30.41916       52.68754
wrapping first mol.:      -21.50960      -30.41916       52.68754
wrapping first mol.:      -21.50960      -30.41916       52.68754
wrapping first mol.:      -21.50960      -30.41916       52.68754
wrapping first mol.:      -21.50960      -30.41916       52.68754
wrapping first mol.:      -21.50960      -30.41916       52.68754
wrapping first mol.:      -21.50960      -30.41916       52.68754
wrapping first mol.:      -21.50960      -30.41916       52.68754
wrapping first mol.:      -21.50960      -30.41916       52.68754
wrapping first mol.:      -21.50960      -30.41916       52.68754
wrapping first mol.:      -21.50960      -30.41916       52.68754

 NSTEP =  2200000   TIME(PS) =    4400.000  TEMP(K) =   297.88  PRESS =     0.0
 Etot   =    -66500.5883  EKtot   =     12904.8301  EPtot      =    -79405.4183
 BOND   =       573.6327  ANGLE   =      1510.2566  DIHED      =      1155.9858
 UB     =         0.0000  IMP     =         0.0000  CMAP       =       152.3342
 1-4 NB =       722.1479  1-4 EEL =      9790.6565  VDWAALS    =      8237.5984
 EELEC  =   -101548.0304  EHBOND  =         0.0000  RESTRAINT  =         0.0000
 ------------------------------------------------------------------------------

wrapping first mol.:      -21.50960      -30.41916       52.68754
wrapping first mol.:      -21.50960      -30.41916       52.68754
wrapping first mol.:      -21.50960      -30.41916       52.68754
wrapping first mol.:      -21.50960      -30.41916       52.68754
wrapping first mol.:      -21.50960      -30.41916       52.68754
wrapping first mol.:      -21.50960      -30.41916       52.68754
wrapping first mol.:      -21.50960      -30.41916       52.68754
wrapping first mol.:      -21.50960      -30.41916       52.68754
wrapping first mol.:      -21.50960      -30.41916       52.68754

 NSTEP =  2250000   TIME(PS) =    4500.000  TEMP(K) =   303.15  PRESS =     0.0
 Etot   =    -65945.2337  EKtot   =     13133.1475  EPtot      =    -79078.3812
 BOND   =       556.2441  ANGLE   =      1570.7102  DIHED      =      1161.5490
 UB     =         0.0000  IMP     =         0.0000  CMAP       =       164.8965
 1-4 NB =       722.9282  1-4 EEL =      9767.9710  VDWAALS    =      8160.0300
 EELEC  =   -101182.7102  EHBOND  =         0.0000  RESTRAINT  =         0.0000
 ------------------------------------------------------------------------------

wrapping first mol.:      -21.50960      -30.41916       52.68754
wrapping first mol.:      -21.50960      -30.41916       52.68754
wrapping first mol.:      -21.50960      -30.41916       52.68754

 NSTEP =  2300000   TIME(PS) =    4600.000  TEMP(K) =   301.37  PRESS =     0.0
 Etot   =    -66396.9926  EKtot   =     13056.2939  EPtot      =    -79453.2865
 BOND   =       588.9067  ANGLE   =      1541.6253  DIHED      =      1118.3645
 UB     =         0.0000  IMP     =         0.0000  CMAP       =       159.6075
 1-4 NB =       726.4147  1-4 EEL =      9763.5574  VDWAALS    =      8671.4055
 EELEC  =   -102023.1681  EHBOND  =         0.0000  RESTRAINT  =         0.0000
 ------------------------------------------------------------------------------

wrapping first mol.:      -21.50960      -30.41916       52.68754
wrapping first mol.:      -21.50960      -30.41916       52.68754
wrapping first mol.:      -21.50960      -30.41916       52.68754
wrapping first mol.:      -21.50960      -30.41916       52.68754
wrapping first mol.:      -21.50960      -30.41916       52.68754
wrapping first mol.:      -21.50960      -30.41916       52.68754
wrapping first mol.:      -21.50960      -30.41916       52.68754
wrapping first mol.:      -21.50960      -30.41916       52.68754
wrapping first mol.:      -21.50960      -30.41916       52.68754
wrapping first mol.:      -21.50960      -30.41916       52.68754
wrapping first mol.:      -21.50960      -30.41916       52.68754

 NSTEP =  2350000   TIME(PS) =    4700.000  TEMP(K) =   303.04  PRESS =     0.0
 Etot   =    -66222.5252  EKtot   =     13128.6543  EPtot      =    -79351.1795
 BOND   =       539.1183  ANGLE   =      1558.8723  DIHED      =      1129.0587
 UB     =         0.0000  IMP     =         0.0000  CMAP       =       170.1571
 1-4 NB =       737.7988  1-4 EEL =      9826.5021  VDWAALS    =      8685.5471
 EELEC  =   -101998.2338  EHBOND  =         0.0000  RESTRAINT  =         0.0000
 ------------------------------------------------------------------------------

wrapping first mol.:      -21.50960      -30.41916       52.68754
wrapping first mol.:      -21.50960      -30.41916       52.68754
wrapping first mol.:      -21.50960      -30.41916       52.68754
wrapping first mol.:      -21.50960      -30.41916       52.68754
wrapping first mol.:      -21.50960      -30.41916       52.68754
wrapping first mol.:      -21.50960      -30.41916       52.68754
wrapping first mol.:      -21.50960      -30.41916       52.68754
wrapping first mol.:      -21.50960      -30.41916       52.68754
wrapping first mol.:      -21.50960      -30.41916       52.68754
wrapping first mol.:      -21.50960      -30.41916       52.68754
wrapping first mol.:      -21.50960      -30.41916       52.68754

 NSTEP =  2400000   TIME(PS) =    4800.000  TEMP(K) =   302.49  PRESS =     0.0
 Etot   =    -66218.0378  EKtot   =     13104.8770  EPtot      =    -79322.9148
 BOND   =       619.3802  ANGLE   =      1534.7591  DIHED      =      1165.0678
 UB     =         0.0000  IMP     =         0.0000  CMAP       =       175.3502
 1-4 NB =       720.3592  1-4 EEL =      9751.9791  VDWAALS    =      8450.5468
 EELEC  =   -101740.3572  EHBOND  =         0.0000  RESTRAINT  =         0.0000
 ------------------------------------------------------------------------------

wrapping first mol.:      -21.50960      -30.41916       52.68754
wrapping first mol.:      -21.50960      -30.41916       52.68754
wrapping first mol.:      -21.50960      -30.41916       52.68754
wrapping first mol.:      -21.50960      -30.41916       52.68754
wrapping first mol.:      -21.50960      -30.41916       52.68754
wrapping first mol.:      -21.50960      -30.41916       52.68754
wrapping first mol.:      -21.50960      -30.41916       52.68754

 NSTEP =  2450000   TIME(PS) =    4900.000  TEMP(K) =   299.58  PRESS =     0.0
 Etot   =    -66214.8310  EKtot   =     12978.4834  EPtot      =    -79193.3144
 BOND   =       615.2793  ANGLE   =      1528.7525  DIHED      =      1159.5671
 UB     =         0.0000  IMP     =         0.0000  CMAP       =       169.7917
 1-4 NB =       708.3518  1-4 EEL =      9747.4490  VDWAALS    =      8548.5894
 EELEC  =   -101671.0952  EHBOND  =         0.0000  RESTRAINT  =         0.0000
 ------------------------------------------------------------------------------

wrapping first mol.:      -21.50960      -30.41916       52.68754
wrapping first mol.:      -21.50960      -30.41916       52.68754

 NSTEP =  2500000   TIME(PS) =    5000.000  TEMP(K) =   298.98  PRESS =     0.0
 Etot   =    -66395.6023  EKtot   =     12952.6865  EPtot      =    -79348.2889
 BOND   =       578.4663  ANGLE   =      1548.2798  DIHED      =      1137.8908
 UB     =         0.0000  IMP     =         0.0000  CMAP       =       172.2763
 1-4 NB =       706.2832  1-4 EEL =      9776.4817  VDWAALS    =      8351.5442
 EELEC  =   -101619.5112  EHBOND  =         0.0000  RESTRAINT  =         0.0000
 ------------------------------------------------------------------------------


      A V E R A G E S   O V E R      50 S T E P S


 NSTEP =  2500000   TIME(PS) =    5000.000  TEMP(K) =   299.91  PRESS =     0.0
 Etot   =    -66394.3464  EKtot   =     12992.9108  EPtot      =    -79387.2572
 BOND   =       594.5943  ANGLE   =      1560.1533  DIHED      =      1135.0529
 UB     =         0.0000  IMP     =         0.0000  CMAP       =       165.1027
 1-4 NB =       716.0797  1-4 EEL =      9744.1830  VDWAALS    =      8485.2568
 EELEC  =   -101787.6800  EHBOND  =         0.0000  RESTRAINT  =         0.0000
 ------------------------------------------------------------------------------


      R M S  F L U C T U A T I O N S


 NSTEP =  2500000   TIME(PS) =    5000.000  TEMP(K) =     2.27  PRESS =     0.0
 Etot   =       171.4828  EKtot   =        98.4210  EPtot      =       128.8278
 BOND   =        25.0563  ANGLE   =        22.8702  DIHED      =        16.0169
 UB     =         0.0000  IMP     =         0.0000  CMAP       =         7.6821
 1-4 NB =        11.7283  1-4 EEL =        35.2127  VDWAALS    =       161.3550
 EELEC  =       235.6274  EHBOND  =         0.0000  RESTRAINT  =         0.0000
 ------------------------------------------------------------------------------

--------------------------------------------------------------------------------
   5.  TIMINGS
--------------------------------------------------------------------------------

|  NonSetup CPU Time in Major Routines:
|
|     Routine           Sec        %
|     ------------------------------
|     Nonbond         249.47   16.57
|     Bond              0.00    0.00
|     Angle             0.00    0.00
|     Dihedral          0.00    0.00
|     Shake            13.39    0.89
|     RunMD          1240.45   82.38
|     Other             2.50    0.17
|     ------------------------------
|     Total          1505.82

|  PME Nonbond Pairlist CPU Time:
|
|     Routine              Sec        %
|     ---------------------------------
|     Set Up Cit           0.00    0.00
|     Build List           0.00    0.00
|     ---------------------------------
|     Total                0.00    0.00

|  PME Direct Force CPU Time:
|
|     Routine              Sec        %
|     ---------------------------------
|     NonBonded Calc       0.00    0.00
|     Exclude Masked       0.00    0.00
|     Other                1.34    0.09
|     ---------------------------------
|     Total                1.34    0.09

|  PME Reciprocal Force CPU Time:
|
|     Routine              Sec        %
|     ---------------------------------
|     1D bspline           0.00    0.00
|     Grid Charges         0.00    0.00
|     Scalar Sum           0.00    0.00
|     Gradient Sum         0.00    0.00
|     FFT                  0.00    0.00
|     ---------------------------------
|     Total                0.00    0.00

|  Final Performance Info:
|     -----------------------------------------------------
|     Average timings for last   50000 steps:
|     Elapsed(s) =      30.03 Per Step(ms) =       0.60
|         ns/day =     287.73   seconds/ns =     300.28
|
|     Average timings for all steps:
|     Elapsed(s) =    1505.89 Per Step(ms) =       0.60
|         ns/day =     286.87   seconds/ns =     301.18
|     -----------------------------------------------------

|  Setup CPU time:            0.64 seconds
|  NonSetup CPU time:      1505.82 seconds
|  Total CPU time:         1506.46 seconds     0.42 hours

|  Setup wall time:           0    seconds
|  NonSetup wall time:     1506    seconds
|  Total wall time:        1506    seconds     0.42 hours
