
          -------------------------------------------------------
          Amber 18 PMEMD                              2018
          -------------------------------------------------------

| PMEMD implementation of SANDER, Release 18

| Run on 12/29/2020 at 14:55:34

|   Executable path: pmemd.cuda
| Working directory: /home/almacen/pbarletta/dynein/run/3zkf/3_pdt
|          Hostname: Unknown
  [-O]verwriting output

File Assignments:
|   MDIN: pre_pdt.in                                                            
|  MDOUT: 0pdt.out                                                              
| INPCRD: 3_3zkf.rst7                                                           
|   PARM: /home/almacen/pbarletta/dynein/top_files/3zkf.prmtop                  
| RESTRT: 0p3_3zkf.rst7                                                         
|   REFC: refc                                                                  
|  MDVEL: mdvel                                                                 
|   MDEN: mden                                                                  
|  MDCRD: 0p3_3zkf.nc                                                           
| MDINFO: mdinfo                                                                
|  MDFRC: mdfrc                                                                 


 Here is the input file:

Production run                                                                 
&cntrl                                                                         
imin = 0,                           ! No Minimization                          
nmropt = 0,                         ! No NMR restraints read                   
                                                                               
! Nature and format of the input                                               
ntx = 5,                            ! Coordinates and velocities will be read  
irest = 1,                          ! Do not run a new simulation              
                                                                               
! Nature and format of the output                                              
ntxo = 1,                           ! rstrt file in ASCII format               
ntpr = 50000,                       ! inf in output every ntpr steps           
ntwr = 50000,                       ! rstrt file every ntwr steps              
ntwx = 5000,                        ! mdcrd file every ntwx steps              
ntwv = 0,                           ! mdvel without velocities                 
ntwe = 0,                           ! Energies and temperatures not written in 
idecomp = 0,                        ! No energy decomposition                  
iwrap = 1,                          ! Coordinates of the restart and mdcrd file
                                                                               
! Frozen or restrained atoms                                                   
ibelly = 0,                         ! No frozen atoms                          
ntr=0,                              ! Harmonic potential restraints            
                                                                               
! Molecular dynamics                                                           
nstlim = 2500000,                   ! Number of MD-steps                       
dt = 0.002,                         ! Time step                                
                                                                               
! Temperature regulation                                                       
ntt = 3,                            ! Langevin thermostat                      
gamma_ln = 2,                       ! Gamma constant for Langevin              
temp0 = 300.0,                      ! Reference T at which the system is to be 
tempi = 300.0,                      ! Initial T                                
ig = -1,                            ! Seed for the RNG                         
                                                                               
! P and V regulation                                                           
!barostat = 1,                      ! Berendsen barostat                       
!taup = 1,                          ! Pressure relaxation time                 
ntp = 0,                            ! constant V                               
ntb = 1,                            ! Periodic box for constant V              
                                                                               
! SHAKE variables                                                              
ntc = 2,                            ! Bonds involving H are constrained        
ntf = 2,                            ! Bond interaction involving H are ommited.
                                                                               
cut = 9.0,                          ! Nonbonded cutoff                         
/                                                                              
&end                                                                           


Note: ig = -1. Setting random seed to   893715 based on wallclock time in 
      microseconds.
| irandom = 1, using AMBER's internal random number generator (default).
 
|--------------------- INFORMATION ----------------------
| GPU (CUDA) Version of PMEMD in use: NVIDIA GPU IN USE.
|                    Version 18.0.0
| 
|                      03/25/2018
| 
| Implementation by:
|                    Ross C. Walker     (SDSC)
|                    Scott Le Grand     (nVIDIA)
| 
| Version 18 performance extensions by:
|                    David Cerutti     (Rutgers)
| 
| Precision model in use:
|      [SPFP] - Single Precision Forces, 64-bit Fixed Point
|               Accumulation. (Default)
| 
|--------------------------------------------------------
 
|----------------- CITATION INFORMATION -----------------
|
|    When publishing work that utilized the CUDA version
|    of AMBER, please cite the following in addition to
|    the regular AMBER citations:
|
|  - Romelia Salomon-Ferrer; Andreas W. Goetz; Duncan
|    Poole; Scott Le Grand; Ross C. Walker "Routine
|    microsecond molecular dynamics simulations with
|    AMBER - Part II: Particle Mesh Ewald", J. Chem.
|    Theory Comput., 2013, 9 (9), pp3878-3888,
|    DOI: 10.1021/ct400314y.
|
|  - Andreas W. Goetz; Mark J. Williamson; Dong Xu;
|    Duncan Poole; Scott Le Grand; Ross C. Walker
|    "Routine microsecond molecular dynamics simulations
|    with AMBER - Part I: Generalized Born", J. Chem.
|    Theory Comput., 2012, 8 (5), pp1542-1555.
|
|  - Scott Le Grand; Andreas W. Goetz; Ross C. Walker
|    "SPFP: Speed without compromise - a mixed precision
|    model for GPU accelerated molecular dynamics
|    simulations.", Comp. Phys. Comm., 2013, 184
|    pp374-380, DOI: 10.1016/j.cpc.2012.09.022
|
|--------------------------------------------------------
 
|------------------- GPU DEVICE INFO --------------------
|
|            CUDA_VISIBLE_DEVICES: 0
|   CUDA Capable Devices Detected:      1
|           CUDA Device ID in use:      0
|                CUDA Device Name: GeForce GTX 1080 Ti
|     CUDA Device Global Mem Size:  11178 MB
| CUDA Device Num Multiprocessors:     28
|           CUDA Device Core Freq:   1.72 GHz
|
|--------------------------------------------------------
 
 
| Conditional Compilation Defines Used:
| PUBFFT
| BINTRAJ
| CUDA
| EMIL

| Largest sphere to fit in unit cell has radius =    26.560

| New format PARM file being parsed.
| Version =    1.000 Date = 09/22/20 Time = 13:28:43

| Note: 1-4 EEL scale factors are being read from the topology file.

| Note: 1-4 VDW scale factors are being read from the topology file.
| Duplicated    0 dihedrals

| Duplicated    0 dihedrals

--------------------------------------------------------------------------------
   1.  RESOURCE   USE: 
--------------------------------------------------------------------------------

 getting new box info from bottom of inpcrd
 NATOM  =   27928 NTYPES =      22 NBONH =   20171 MBONA  =    7787
 NTHETH =    3412 MTHETA =    2100 NPHIH =    6826 MPHIA  =    6560
 NHPARM =       0 NPARM  =       0 NNB   =   60209 NRES   =    6415
 NBONA  =    7787 NTHETA =    2100 NPHIA =    6560 NUMBND =      77
 NUMANG =     177 NPTRA  =     201 NATYP =      41 NPHB   =       1
 IFBOX  =       2 NMXRS  =      24 IFCAP =       0 NEXTRA =    6225
 NCOPY  =       0


| Coordinate Index Table dimensions:    11   11   11
| Direct force subcell size =     5.9144    5.9144    5.9144

     BOX TYPE: TRUNCATED OCTAHEDRON

--------------------------------------------------------------------------------
   2.  CONTROL  DATA  FOR  THE  RUN
--------------------------------------------------------------------------------

default_name                                                                    

General flags:
     imin    =       0, nmropt  =       0

Nature and format of input:
     ntx     =       5, irest   =       1, ntrx    =       1

Nature and format of output:
     ntxo    =       1, ntpr    =   50000, ntrx    =       1, ntwr    =   50000
     iwrap   =       1, ntwx    =    5000, ntwv    =       0, ntwe    =       0
     ioutfm  =       1, ntwprt  =       0, idecomp =       0, rbornstat=      0

Potential function:
     ntf     =       2, ntb     =       1, igb     =       0, nsnb    =      25
     ipol    =       0, gbsa    =       0, iesp    =       0
     dielc   =   1.00000, cut     =   9.00000, intdiel =   1.00000

Frozen or restrained atoms:
     ibelly  =       0, ntr     =       0

Molecular dynamics:
     nstlim  =   2500000, nscm    =      1000, nrespa  =         1
     t       =   0.00000, dt      =   0.00200, vlimit  =  -1.00000

Langevin dynamics temperature regulation:
     ig      =  893715
     temp0   = 300.00000, tempi   = 300.00000, gamma_ln=   2.00000

SHAKE:
     ntc     =       2, jfastw  =       0
     tol     =   0.00001

| Intermolecular bonds treatment:
|     no_intermolecular_bonds =       1

| Energy averages sample interval:
|     ene_avg_sampling =   50000

Extra-points options:
     frameon =       1, chngmask=       1

Ewald parameters:
     verbose =       0, ew_type =       0, nbflag  =       1, use_pme =       1
     vdwmeth =       1, eedmeth =       1, netfrc  =       1
     Box X =   65.058   Box Y =   65.058   Box Z =   65.058
     Alpha =  109.471   Beta  =  109.471   Gamma =  109.471
     NFFT1 =   64       NFFT2 =   64       NFFT3 =   64
     Cutoff=    9.000   Tol   =0.100E-04
     Ewald Coefficient =  0.30768
     Interpolation order =    4
|      EXTRA_PTS, trim_bonds: num bonds BEFORE trim = 20171     0
|      EXTRA_PTS, trim_bonds: num bonds AFTER  trim = 20171     0
|      EXTRA_PTS, trim_bonds: num bonds BEFORE trim =  7787     0
|      EXTRA_PTS, trim_bonds: num bonds AFTER  trim =  1562     0
|      EXTRA_PTS, trim_theta: num angle BEFORE trim =  3412     0
|      EXTRA_PTS, trim_theta: num angle AFTER  trim =  3412     0
|      EXTRA_PTS, trim_theta: num angle BEFORE trim =  2100     0
|      EXTRA_PTS, trim_theta: num angle AFTER  trim =  2100     0
|      EXTRA_PTS, trim_phi:  num diheds BEFORE trim =  6826     0
|      EXTRA_PTS, trim_phi:  num diheds AFTER  trim =  6826     0
|      EXTRA_PTS, trim_phi:  num diheds BEFORE trim =  6560     0
|      EXTRA_PTS, trim_phi:  num diheds AFTER  trim =  6560     0

--------------------------------------------------------------------------------
   3.  ATOMIC COORDINATES AND VELOCITIES
--------------------------------------------------------------------------------

Cpptraj Generated Restart                                                       
 begin time read from input coords =     0.000 ps

 
 Number of triangulated 3-point waters found:     6225

     Sum of charges from parm topology file =   0.00003399
     Forcing neutrality...

| Dynamic Memory, Types Used:
| Reals              904735
| Integers          2045888

| Nonbonded Pairs Initial Allocation:     6367584

| GPU memory information (estimate):
| KB of GPU memory in use:         0
| KB of CPU memory in use:         0

--------------------------------------------------------------------------------
   4.  RESULTS
--------------------------------------------------------------------------------

wrapping first mol.:       21.68607       30.66874       53.11980
wrapping first mol.:       21.68607       30.66874       53.11980
wrapping first mol.:       21.68607       30.66874       53.11980
wrapping first mol.:       21.68607       30.66874       53.11980
wrapping first mol.:       21.68607       30.66874       53.11980
wrapping first mol.:       21.68607       30.66874       53.11980
wrapping first mol.:       21.68607       30.66874       53.11980
wrapping first mol.:       21.68607       30.66874       53.11980
wrapping first mol.:       21.68607       30.66874       53.11980
wrapping first mol.:       21.68607       30.66874       53.11980
wrapping first mol.:       21.68607       30.66874       53.11980

 NSTEP =    50000   TIME(PS) =     100.000  TEMP(K) =   303.53  PRESS =     0.0
 Etot   =    -69297.7460  EKtot   =     13552.8789  EPtot      =    -82850.6249
 BOND   =       567.7172  ANGLE   =      1601.5432  DIHED      =      1083.5608
 UB     =         0.0000  IMP     =         0.0000  CMAP       =       152.7351
 1-4 NB =       664.2697  1-4 EEL =     10159.3239  VDWAALS    =      9043.2299
 EELEC  =   -106123.0046  EHBOND  =         0.0000  RESTRAINT  =         0.0000
 ------------------------------------------------------------------------------

wrapping first mol.:       21.68607       30.66874       53.11980
wrapping first mol.:       21.68607       30.66874       53.11980
wrapping first mol.:       21.68607       30.66874       53.11980
wrapping first mol.:       21.68607       30.66874       53.11980
wrapping first mol.:       21.68607       30.66874       53.11980
wrapping first mol.:       21.68607       30.66874       53.11980
wrapping first mol.:       21.68607       30.66874       53.11980
wrapping first mol.:       21.68607       30.66874       53.11980
wrapping first mol.:       21.68607       30.66874       53.11980
wrapping first mol.:       21.68607       30.66874       53.11980
wrapping first mol.:       21.68607       30.66874       53.11980

 NSTEP =   100000   TIME(PS) =     200.000  TEMP(K) =   301.86  PRESS =     0.0
 Etot   =    -69285.5660  EKtot   =     13478.1338  EPtot      =    -82763.6997
 BOND   =       536.3557  ANGLE   =      1674.5921  DIHED      =      1055.2968
 UB     =         0.0000  IMP     =         0.0000  CMAP       =       143.9101
 1-4 NB =       670.5218  1-4 EEL =     10134.7549  VDWAALS    =      8888.6855
 EELEC  =   -105867.8164  EHBOND  =         0.0000  RESTRAINT  =         0.0000
 ------------------------------------------------------------------------------

wrapping first mol.:       21.68607       30.66874       53.11980
wrapping first mol.:       21.68607       30.66874       53.11980
wrapping first mol.:       21.68607       30.66874       53.11980
wrapping first mol.:       21.68607       30.66874       53.11980
wrapping first mol.:       21.68607       30.66874       53.11980
wrapping first mol.:       21.68607       30.66874       53.11980
wrapping first mol.:       21.68607       30.66874       53.11980
wrapping first mol.:       21.68607       30.66874       53.11980
wrapping first mol.:       21.68607       30.66874       53.11980
wrapping first mol.:       21.68607       30.66874       53.11980
wrapping first mol.:       21.68607       30.66874       53.11980

 NSTEP =   150000   TIME(PS) =     300.000  TEMP(K) =   298.46  PRESS =     0.0
 Etot   =    -69701.8741  EKtot   =     13326.4893  EPtot      =    -83028.3633
 BOND   =       576.9745  ANGLE   =      1596.0176  DIHED      =      1064.2734
 UB     =         0.0000  IMP     =         0.0000  CMAP       =       149.0897
 1-4 NB =       647.4527  1-4 EEL =     10148.7168  VDWAALS    =      8875.8803
 EELEC  =   -106086.7683  EHBOND  =         0.0000  RESTRAINT  =         0.0000
 ------------------------------------------------------------------------------

wrapping first mol.:       21.68607       30.66874       53.11980
wrapping first mol.:       21.68607       30.66874       53.11980
wrapping first mol.:       21.68607       30.66874       53.11980
wrapping first mol.:       21.68607       30.66874       53.11980
wrapping first mol.:       21.68607       30.66874       53.11980
wrapping first mol.:       21.68607       30.66874       53.11980
wrapping first mol.:       21.68607       30.66874       53.11980
wrapping first mol.:       21.68607       30.66874       53.11980
wrapping first mol.:       21.68607       30.66874       53.11980
wrapping first mol.:       21.68607       30.66874       53.11980
wrapping first mol.:       21.68607       30.66874       53.11980

 NSTEP =   200000   TIME(PS) =     400.000  TEMP(K) =   301.27  PRESS =     0.0
 Etot   =    -69475.0860  EKtot   =     13451.9092  EPtot      =    -82926.9952
 BOND   =       574.1974  ANGLE   =      1600.2703  DIHED      =      1102.1450
 UB     =         0.0000  IMP     =         0.0000  CMAP       =       135.1479
 1-4 NB =       665.8994  1-4 EEL =     10107.9746  VDWAALS    =      8843.4746
 EELEC  =   -105956.1045  EHBOND  =         0.0000  RESTRAINT  =         0.0000
 ------------------------------------------------------------------------------

wrapping first mol.:       21.68607       30.66874       53.11980
wrapping first mol.:       21.68607       30.66874       53.11980
wrapping first mol.:       21.68607       30.66874       53.11980
wrapping first mol.:       21.68607       30.66874       53.11980
wrapping first mol.:       21.68607       30.66874       53.11980
wrapping first mol.:       21.68607       30.66874       53.11980
wrapping first mol.:       21.68607       30.66874       53.11980
wrapping first mol.:       21.68607       30.66874       53.11980
wrapping first mol.:       21.68607       30.66874       53.11980
wrapping first mol.:       21.68607       30.66874       53.11980
wrapping first mol.:       21.68607       30.66874       53.11980

 NSTEP =   250000   TIME(PS) =     500.000  TEMP(K) =   300.26  PRESS =     0.0
 Etot   =    -69665.8557  EKtot   =     13406.5625  EPtot      =    -83072.4182
 BOND   =       575.1859  ANGLE   =      1630.0664  DIHED      =      1049.7758
 UB     =         0.0000  IMP     =         0.0000  CMAP       =       138.9290
 1-4 NB =       657.8334  1-4 EEL =     10129.9636  VDWAALS    =      8917.3547
 EELEC  =   -106171.5270  EHBOND  =         0.0000  RESTRAINT  =         0.0000
 ------------------------------------------------------------------------------

wrapping first mol.:       21.68607       30.66874       53.11980
wrapping first mol.:       21.68607       30.66874       53.11980
wrapping first mol.:       21.68607       30.66874       53.11980
wrapping first mol.:       21.68607       30.66874       53.11980
wrapping first mol.:       21.68607       30.66874       53.11980
wrapping first mol.:       21.68607       30.66874       53.11980
wrapping first mol.:       21.68607       30.66874       53.11980
wrapping first mol.:       21.68607       30.66874       53.11980
wrapping first mol.:       21.68607       30.66874       53.11980
wrapping first mol.:       21.68607       30.66874       53.11980
wrapping first mol.:       21.68607       30.66874       53.11980

 NSTEP =   300000   TIME(PS) =     600.000  TEMP(K) =   302.54  PRESS =     0.0
 Etot   =    -69656.9151  EKtot   =     13508.3896  EPtot      =    -83165.3048
 BOND   =       576.1285  ANGLE   =      1628.1592  DIHED      =      1073.2728
 UB     =         0.0000  IMP     =         0.0000  CMAP       =       150.5791
 1-4 NB =       673.4760  1-4 EEL =     10161.1820  VDWAALS    =      9280.5281
 EELEC  =   -106708.6305  EHBOND  =         0.0000  RESTRAINT  =         0.0000
 ------------------------------------------------------------------------------

wrapping first mol.:       21.68607       30.66874       53.11980
wrapping first mol.:       21.68607       30.66874       53.11980
wrapping first mol.:       21.68607       30.66874       53.11980
wrapping first mol.:       21.68607       30.66874       53.11980
wrapping first mol.:       21.68607       30.66874       53.11980
wrapping first mol.:       21.68607       30.66874       53.11980
wrapping first mol.:       21.68607       30.66874       53.11980
wrapping first mol.:       21.68607       30.66874       53.11980
wrapping first mol.:       21.68607       30.66874       53.11980
wrapping first mol.:       21.68607       30.66874       53.11980
wrapping first mol.:       21.68607       30.66874       53.11980

 NSTEP =   350000   TIME(PS) =     700.000  TEMP(K) =   298.84  PRESS =     0.0
 Etot   =    -69664.8788  EKtot   =     13343.2158  EPtot      =    -83008.0946
 BOND   =       568.1934  ANGLE   =      1654.3784  DIHED      =      1075.2446
 UB     =         0.0000  IMP     =         0.0000  CMAP       =       141.3688
 1-4 NB =       671.5492  1-4 EEL =     10192.6583  VDWAALS    =      9312.8051
 EELEC  =   -106624.2924  EHBOND  =         0.0000  RESTRAINT  =         0.0000
 ------------------------------------------------------------------------------

wrapping first mol.:       21.68607       30.66874       53.11980
wrapping first mol.:       21.68607       30.66874       53.11980
wrapping first mol.:       21.68607       30.66874       53.11980
wrapping first mol.:       21.68607       30.66874       53.11980
wrapping first mol.:       21.68607       30.66874       53.11980
wrapping first mol.:       21.68607       30.66874       53.11980
wrapping first mol.:       21.68607       30.66874       53.11980
wrapping first mol.:       21.68607       30.66874       53.11980
wrapping first mol.:       21.68607       30.66874       53.11980
wrapping first mol.:       21.68607       30.66874       53.11980
wrapping first mol.:       21.68607       30.66874       53.11980

 NSTEP =   400000   TIME(PS) =     800.000  TEMP(K) =   299.26  PRESS =     0.0
 Etot   =    -69778.1232  EKtot   =     13361.9023  EPtot      =    -83140.0256
 BOND   =       574.5801  ANGLE   =      1631.1218  DIHED      =      1077.7643
 UB     =         0.0000  IMP     =         0.0000  CMAP       =       133.2140
 1-4 NB =       662.0809  1-4 EEL =     10111.6035  VDWAALS    =      9001.8906
 EELEC  =   -106332.2807  EHBOND  =         0.0000  RESTRAINT  =         0.0000
 ------------------------------------------------------------------------------

wrapping first mol.:       21.68607       30.66874       53.11980
wrapping first mol.:       21.68607       30.66874       53.11980
wrapping first mol.:       21.68607       30.66874       53.11980
wrapping first mol.:       21.68607       30.66874       53.11980
wrapping first mol.:       21.68607       30.66874       53.11980
wrapping first mol.:       21.68607       30.66874       53.11980
wrapping first mol.:       21.68607       30.66874       53.11980
wrapping first mol.:       21.68607       30.66874       53.11980
wrapping first mol.:       21.68607       30.66874       53.11980
wrapping first mol.:       21.68607       30.66874       53.11980
wrapping first mol.:       21.68607       30.66874       53.11980

 NSTEP =   450000   TIME(PS) =     900.000  TEMP(K) =   300.77  PRESS =     0.0
 Etot   =    -69436.5141  EKtot   =     13429.3633  EPtot      =    -82865.8774
 BOND   =       569.2732  ANGLE   =      1590.5970  DIHED      =      1062.9973
 UB     =         0.0000  IMP     =         0.0000  CMAP       =       129.7483
 1-4 NB =       675.8521  1-4 EEL =     10126.1550  VDWAALS    =      9197.4765
 EELEC  =   -106217.9768  EHBOND  =         0.0000  RESTRAINT  =         0.0000
 ------------------------------------------------------------------------------

wrapping first mol.:       21.68607       30.66874       53.11980
wrapping first mol.:       21.68607       30.66874       53.11980
wrapping first mol.:       21.68607       30.66874       53.11980
wrapping first mol.:       21.68607       30.66874       53.11980
wrapping first mol.:       21.68607       30.66874       53.11980
wrapping first mol.:       21.68607       30.66874       53.11980
wrapping first mol.:       21.68607       30.66874       53.11980
wrapping first mol.:       21.68607       30.66874       53.11980
wrapping first mol.:       21.68607       30.66874       53.11980
wrapping first mol.:       21.68607       30.66874       53.11980
wrapping first mol.:       21.68607       30.66874       53.11980

 NSTEP =   500000   TIME(PS) =    1000.000  TEMP(K) =   301.85  PRESS =     0.0
 Etot   =    -69063.4764  EKtot   =     13477.4531  EPtot      =    -82540.9295
 BOND   =       619.1069  ANGLE   =      1665.7903  DIHED      =      1078.0846
 UB     =         0.0000  IMP     =         0.0000  CMAP       =       145.6505
 1-4 NB =       669.7171  1-4 EEL =     10065.3930  VDWAALS    =      9121.1096
 EELEC  =   -105905.7814  EHBOND  =         0.0000  RESTRAINT  =         0.0000
 ------------------------------------------------------------------------------

wrapping first mol.:       21.68607       30.66874       53.11980
wrapping first mol.:       21.68607       30.66874       53.11980
wrapping first mol.:       21.68607       30.66874       53.11980
wrapping first mol.:       21.68607       30.66874       53.11980
wrapping first mol.:       21.68607       30.66874       53.11980
wrapping first mol.:       21.68607       30.66874       53.11980
wrapping first mol.:       21.68607       30.66874       53.11980
wrapping first mol.:       21.68607       30.66874       53.11980
wrapping first mol.:       21.68607       30.66874       53.11980
wrapping first mol.:       21.68607       30.66874       53.11980
wrapping first mol.:       21.68607       30.66874       53.11980

 NSTEP =   550000   TIME(PS) =    1100.000  TEMP(K) =   299.76  PRESS =     0.0
 Etot   =    -69856.9103  EKtot   =     13384.4346  EPtot      =    -83241.3448
 BOND   =       579.8350  ANGLE   =      1593.6012  DIHED      =      1074.7261
 UB     =         0.0000  IMP     =         0.0000  CMAP       =       145.1769
 1-4 NB =       662.3580  1-4 EEL =     10092.3409  VDWAALS    =      9283.4415
 EELEC  =   -106672.8245  EHBOND  =         0.0000  RESTRAINT  =         0.0000
 ------------------------------------------------------------------------------

wrapping first mol.:       21.68607       30.66874       53.11980
wrapping first mol.:       21.68607       30.66874       53.11980
wrapping first mol.:       21.68607       30.66874       53.11980
wrapping first mol.:       21.68607       30.66874       53.11980
wrapping first mol.:       21.68607       30.66874       53.11980
wrapping first mol.:       21.68607       30.66874       53.11980
wrapping first mol.:       21.68607       30.66874       53.11980
wrapping first mol.:       21.68607       30.66874       53.11980
wrapping first mol.:       21.68607       30.66874       53.11980
wrapping first mol.:       21.68607       30.66874       53.11980
wrapping first mol.:       21.68607       30.66874       53.11980

 NSTEP =   600000   TIME(PS) =    1200.000  TEMP(K) =   299.38  PRESS =     0.0
 Etot   =    -69666.0292  EKtot   =     13367.5508  EPtot      =    -83033.5800
 BOND   =       549.6700  ANGLE   =      1621.9648  DIHED      =      1054.6474
 UB     =         0.0000  IMP     =         0.0000  CMAP       =       129.3756
 1-4 NB =       663.2476  1-4 EEL =     10133.8967  VDWAALS    =      8920.6114
 EELEC  =   -106106.9933  EHBOND  =         0.0000  RESTRAINT  =         0.0000
 ------------------------------------------------------------------------------

wrapping first mol.:       21.68607       30.66874       53.11980
wrapping first mol.:       21.68607       30.66874       53.11980
wrapping first mol.:       21.68607       30.66874       53.11980
wrapping first mol.:       21.68607       30.66874       53.11980
wrapping first mol.:       21.68607       30.66874       53.11980
wrapping first mol.:       21.68607       30.66874       53.11980
wrapping first mol.:       21.68607       30.66874       53.11980
wrapping first mol.:       21.68607       30.66874       53.11980
wrapping first mol.:       21.68607       30.66874       53.11980
wrapping first mol.:       21.68607       30.66874       53.11980
wrapping first mol.:       21.68607       30.66874       53.11980

 NSTEP =   650000   TIME(PS) =    1300.000  TEMP(K) =   302.01  PRESS =     0.0
 Etot   =    -69215.3983  EKtot   =     13484.8398  EPtot      =    -82700.2381
 BOND   =       587.9610  ANGLE   =      1614.8135  DIHED      =      1081.0820
 UB     =         0.0000  IMP     =         0.0000  CMAP       =       142.0366
 1-4 NB =       672.2227  1-4 EEL =     10134.6035  VDWAALS    =      9047.8860
 EELEC  =   -105980.8434  EHBOND  =         0.0000  RESTRAINT  =         0.0000
 ------------------------------------------------------------------------------

wrapping first mol.:       21.68607       30.66874       53.11980
wrapping first mol.:       21.68607       30.66874       53.11980
wrapping first mol.:       21.68607       30.66874       53.11980
wrapping first mol.:       21.68607       30.66874       53.11980
wrapping first mol.:       21.68607       30.66874       53.11980
wrapping first mol.:       21.68607       30.66874       53.11980
wrapping first mol.:       21.68607       30.66874       53.11980
wrapping first mol.:       21.68607       30.66874       53.11980
wrapping first mol.:       21.68607       30.66874       53.11980
wrapping first mol.:       21.68607       30.66874       53.11980
wrapping first mol.:       21.68607       30.66874       53.11980

 NSTEP =   700000   TIME(PS) =    1400.000  TEMP(K) =   299.27  PRESS =     0.0
 Etot   =    -69534.9156  EKtot   =     13362.6641  EPtot      =    -82897.5797
 BOND   =       574.3202  ANGLE   =      1652.9853  DIHED      =      1088.8566
 UB     =         0.0000  IMP     =         0.0000  CMAP       =       129.7299
 1-4 NB =       670.3690  1-4 EEL =     10170.9121  VDWAALS    =      8921.1413
 EELEC  =   -106105.8940  EHBOND  =         0.0000  RESTRAINT  =         0.0000
 ------------------------------------------------------------------------------

wrapping first mol.:       21.68607       30.66874       53.11980
wrapping first mol.:       21.68607       30.66874       53.11980
wrapping first mol.:       21.68607       30.66874       53.11980
wrapping first mol.:       21.68607       30.66874       53.11980
wrapping first mol.:       21.68607       30.66874       53.11980
wrapping first mol.:       21.68607       30.66874       53.11980
wrapping first mol.:       21.68607       30.66874       53.11980
wrapping first mol.:       21.68607       30.66874       53.11980
wrapping first mol.:       21.68607       30.66874       53.11980
wrapping first mol.:       21.68607       30.66874       53.11980
wrapping first mol.:       21.68607       30.66874       53.11980

 NSTEP =   750000   TIME(PS) =    1500.000  TEMP(K) =   297.39  PRESS =     0.0
 Etot   =    -69659.2029  EKtot   =     13278.6719  EPtot      =    -82937.8747
 BOND   =       579.5212  ANGLE   =      1597.0317  DIHED      =      1078.9827
 UB     =         0.0000  IMP     =         0.0000  CMAP       =       146.8645
 1-4 NB =       668.4691  1-4 EEL =     10172.1772  VDWAALS    =      9069.6212
 EELEC  =   -106250.5422  EHBOND  =         0.0000  RESTRAINT  =         0.0000
 ------------------------------------------------------------------------------

wrapping first mol.:       21.68607       30.66874       53.11980
wrapping first mol.:       21.68607       30.66874       53.11980
wrapping first mol.:       21.68607       30.66874       53.11980
wrapping first mol.:       21.68607       30.66874       53.11980
wrapping first mol.:       21.68607       30.66874       53.11980
wrapping first mol.:       21.68607       30.66874       53.11980
wrapping first mol.:       21.68607       30.66874       53.11980
wrapping first mol.:       21.68607       30.66874       53.11980
wrapping first mol.:       21.68607       30.66874       53.11980
wrapping first mol.:       21.68607       30.66874       53.11980
wrapping first mol.:       21.68607       30.66874       53.11980

 NSTEP =   800000   TIME(PS) =    1600.000  TEMP(K) =   299.43  PRESS =     0.0
 Etot   =    -69507.5872  EKtot   =     13369.7207  EPtot      =    -82877.3079
 BOND   =       556.2884  ANGLE   =      1665.4029  DIHED      =      1036.9324
 UB     =         0.0000  IMP     =         0.0000  CMAP       =       144.0606
 1-4 NB =       673.1703  1-4 EEL =     10110.7782  VDWAALS    =      8866.0801
 EELEC  =   -105930.0208  EHBOND  =         0.0000  RESTRAINT  =         0.0000
 ------------------------------------------------------------------------------

wrapping first mol.:       21.68607       30.66874       53.11980
wrapping first mol.:       21.68607       30.66874       53.11980
wrapping first mol.:       21.68607       30.66874       53.11980
wrapping first mol.:       21.68607       30.66874       53.11980
wrapping first mol.:       21.68607       30.66874       53.11980
wrapping first mol.:       21.68607       30.66874       53.11980
wrapping first mol.:       21.68607       30.66874       53.11980
wrapping first mol.:       21.68607       30.66874       53.11980
wrapping first mol.:       21.68607       30.66874       53.11980
wrapping first mol.:       21.68607       30.66874       53.11980
wrapping first mol.:       21.68607       30.66874       53.11980

 NSTEP =   850000   TIME(PS) =    1700.000  TEMP(K) =   299.56  PRESS =     0.0
 Etot   =    -69620.8539  EKtot   =     13375.2842  EPtot      =    -82996.1380
 BOND   =       582.7629  ANGLE   =      1679.4581  DIHED      =      1073.6096
 UB     =         0.0000  IMP     =         0.0000  CMAP       =       142.1705
 1-4 NB =       669.2880  1-4 EEL =     10120.8162  VDWAALS    =      9218.4173
 EELEC  =   -106482.6606  EHBOND  =         0.0000  RESTRAINT  =         0.0000
 ------------------------------------------------------------------------------

wrapping first mol.:       21.68607       30.66874       53.11980
wrapping first mol.:       21.68607       30.66874       53.11980
wrapping first mol.:       21.68607       30.66874       53.11980
wrapping first mol.:       21.68607       30.66874       53.11980
wrapping first mol.:       21.68607       30.66874       53.11980
wrapping first mol.:       21.68607       30.66874       53.11980
wrapping first mol.:       21.68607       30.66874       53.11980
wrapping first mol.:       21.68607       30.66874       53.11980
wrapping first mol.:       21.68607       30.66874       53.11980
wrapping first mol.:       21.68607       30.66874       53.11980
wrapping first mol.:       21.68607       30.66874       53.11980

 NSTEP =   900000   TIME(PS) =    1800.000  TEMP(K) =   301.14  PRESS =     0.0
 Etot   =    -69563.8885  EKtot   =     13446.1670  EPtot      =    -83010.0555
 BOND   =       583.8216  ANGLE   =      1656.2884  DIHED      =      1082.9243
 UB     =         0.0000  IMP     =         0.0000  CMAP       =       141.2486
 1-4 NB =       659.2900  1-4 EEL =     10151.4051  VDWAALS    =      8886.1578
 EELEC  =   -106171.1914  EHBOND  =         0.0000  RESTRAINT  =         0.0000
 ------------------------------------------------------------------------------

wrapping first mol.:       21.68607       30.66874       53.11980
wrapping first mol.:       21.68607       30.66874       53.11980
wrapping first mol.:       21.68607       30.66874       53.11980
wrapping first mol.:       21.68607       30.66874       53.11980
wrapping first mol.:       21.68607       30.66874       53.11980
wrapping first mol.:       21.68607       30.66874       53.11980
wrapping first mol.:       21.68607       30.66874       53.11980
wrapping first mol.:       21.68607       30.66874       53.11980
wrapping first mol.:       21.68607       30.66874       53.11980
wrapping first mol.:       21.68607       30.66874       53.11980
wrapping first mol.:       21.68607       30.66874       53.11980

 NSTEP =   950000   TIME(PS) =    1900.000  TEMP(K) =   294.40  PRESS =     0.0
 Etot   =    -69756.7258  EKtot   =     13144.8848  EPtot      =    -82901.6105
 BOND   =       575.7064  ANGLE   =      1652.4886  DIHED      =      1050.2414
 UB     =         0.0000  IMP     =         0.0000  CMAP       =       141.3451
 1-4 NB =       672.9811  1-4 EEL =     10168.1971  VDWAALS    =      9094.7431
 EELEC  =   -106257.3134  EHBOND  =         0.0000  RESTRAINT  =         0.0000
 ------------------------------------------------------------------------------

wrapping first mol.:       21.68607       30.66874       53.11980
wrapping first mol.:       21.68607       30.66874       53.11980
wrapping first mol.:       21.68607       30.66874       53.11980
wrapping first mol.:       21.68607       30.66874       53.11980
wrapping first mol.:       21.68607       30.66874       53.11980
wrapping first mol.:       21.68607       30.66874       53.11980
wrapping first mol.:       21.68607       30.66874       53.11980
wrapping first mol.:       21.68607       30.66874       53.11980
wrapping first mol.:       21.68607       30.66874       53.11980
wrapping first mol.:       21.68607       30.66874       53.11980
wrapping first mol.:       21.68607       30.66874       53.11980

 NSTEP =  1000000   TIME(PS) =    2000.000  TEMP(K) =   302.77  PRESS =     0.0
 Etot   =    -69625.4597  EKtot   =     13518.8535  EPtot      =    -83144.3132
 BOND   =       572.4075  ANGLE   =      1648.8974  DIHED      =      1070.0372
 UB     =         0.0000  IMP     =         0.0000  CMAP       =       135.6075
 1-4 NB =       672.0222  1-4 EEL =     10152.0328  VDWAALS    =      9183.9790
 EELEC  =   -106579.2968  EHBOND  =         0.0000  RESTRAINT  =         0.0000
 ------------------------------------------------------------------------------

wrapping first mol.:       21.68607       30.66874       53.11980
wrapping first mol.:       21.68607       30.66874       53.11980
wrapping first mol.:       21.68607       30.66874       53.11980
wrapping first mol.:       21.68607       30.66874       53.11980
wrapping first mol.:       21.68607       30.66874       53.11980
wrapping first mol.:       21.68607       30.66874       53.11980
wrapping first mol.:       21.68607       30.66874       53.11980
wrapping first mol.:       21.68607       30.66874       53.11980
wrapping first mol.:       21.68607       30.66874       53.11980
wrapping first mol.:       21.68607       30.66874       53.11980
wrapping first mol.:       21.68607       30.66874       53.11980

 NSTEP =  1050000   TIME(PS) =    2100.000  TEMP(K) =   296.46  PRESS =     0.0
 Etot   =    -69585.2584  EKtot   =     13236.9355  EPtot      =    -82822.1939
 BOND   =       561.6106  ANGLE   =      1635.3568  DIHED      =      1076.8546
 UB     =         0.0000  IMP     =         0.0000  CMAP       =       134.7310
 1-4 NB =       677.9374  1-4 EEL =     10161.1430  VDWAALS    =      9030.9279
 EELEC  =   -106100.7550  EHBOND  =         0.0000  RESTRAINT  =         0.0000
 ------------------------------------------------------------------------------

wrapping first mol.:       21.68607       30.66874       53.11980
wrapping first mol.:       21.68607       30.66874       53.11980
wrapping first mol.:       21.68607       30.66874       53.11980
wrapping first mol.:       21.68607       30.66874       53.11980
wrapping first mol.:       21.68607       30.66874       53.11980
wrapping first mol.:       21.68607       30.66874       53.11980
wrapping first mol.:       21.68607       30.66874       53.11980
wrapping first mol.:       21.68607       30.66874       53.11980
wrapping first mol.:       21.68607       30.66874       53.11980
wrapping first mol.:       21.68607       30.66874       53.11980
wrapping first mol.:       21.68607       30.66874       53.11980

 NSTEP =  1100000   TIME(PS) =    2200.000  TEMP(K) =   301.79  PRESS =     0.0
 Etot   =    -69511.7351  EKtot   =     13475.0615  EPtot      =    -82986.7966
 BOND   =       586.1940  ANGLE   =      1658.2636  DIHED      =      1067.7991
 UB     =         0.0000  IMP     =         0.0000  CMAP       =       140.5913
 1-4 NB =       671.5494  1-4 EEL =     10184.3464  VDWAALS    =      9347.3262
 EELEC  =   -106642.8666  EHBOND  =         0.0000  RESTRAINT  =         0.0000
 ------------------------------------------------------------------------------

wrapping first mol.:       21.68607       30.66874       53.11980
wrapping first mol.:       21.68607       30.66874       53.11980
wrapping first mol.:       21.68607       30.66874       53.11980
wrapping first mol.:       21.68607       30.66874       53.11980
wrapping first mol.:       21.68607       30.66874       53.11980
wrapping first mol.:       21.68607       30.66874       53.11980
wrapping first mol.:       21.68607       30.66874       53.11980
wrapping first mol.:       21.68607       30.66874       53.11980
wrapping first mol.:       21.68607       30.66874       53.11980
wrapping first mol.:       21.68607       30.66874       53.11980
wrapping first mol.:       21.68607       30.66874       53.11980

 NSTEP =  1150000   TIME(PS) =    2300.000  TEMP(K) =   302.15  PRESS =     0.0
 Etot   =    -69330.3933  EKtot   =     13490.8418  EPtot      =    -82821.2351
 BOND   =       553.4868  ANGLE   =      1630.8005  DIHED      =      1051.4332
 UB     =         0.0000  IMP     =         0.0000  CMAP       =       149.1081
 1-4 NB =       656.3624  1-4 EEL =     10132.1829  VDWAALS    =      9133.1155
 EELEC  =   -106127.7245  EHBOND  =         0.0000  RESTRAINT  =         0.0000
 ------------------------------------------------------------------------------

wrapping first mol.:       21.68607       30.66874       53.11980
wrapping first mol.:       21.68607       30.66874       53.11980
wrapping first mol.:       21.68607       30.66874       53.11980
wrapping first mol.:       21.68607       30.66874       53.11980
wrapping first mol.:       21.68607       30.66874       53.11980
wrapping first mol.:       21.68607       30.66874       53.11980
wrapping first mol.:       21.68607       30.66874       53.11980
wrapping first mol.:       21.68607       30.66874       53.11980
wrapping first mol.:       21.68607       30.66874       53.11980
wrapping first mol.:       21.68607       30.66874       53.11980
wrapping first mol.:       21.68607       30.66874       53.11980

 NSTEP =  1200000   TIME(PS) =    2400.000  TEMP(K) =   297.76  PRESS =     0.0
 Etot   =    -69559.4403  EKtot   =     13295.1875  EPtot      =    -82854.6278
 BOND   =       579.7730  ANGLE   =      1653.9980  DIHED      =      1040.4394
 UB     =         0.0000  IMP     =         0.0000  CMAP       =       150.2859
 1-4 NB =       649.8709  1-4 EEL =     10083.9661  VDWAALS    =      9213.1798
 EELEC  =   -106226.1409  EHBOND  =         0.0000  RESTRAINT  =         0.0000
 ------------------------------------------------------------------------------

wrapping first mol.:       21.68607       30.66874       53.11980
wrapping first mol.:       21.68607       30.66874       53.11980
wrapping first mol.:       21.68607       30.66874       53.11980
wrapping first mol.:       21.68607       30.66874       53.11980
wrapping first mol.:       21.68607       30.66874       53.11980
wrapping first mol.:       21.68607       30.66874       53.11980
wrapping first mol.:       21.68607       30.66874       53.11980
wrapping first mol.:       21.68607       30.66874       53.11980
wrapping first mol.:       21.68607       30.66874       53.11980
wrapping first mol.:       21.68607       30.66874       53.11980
wrapping first mol.:       21.68607       30.66874       53.11980

 NSTEP =  1250000   TIME(PS) =    2500.000  TEMP(K) =   301.06  PRESS =     0.0
 Etot   =    -69400.2654  EKtot   =     13442.2334  EPtot      =    -82842.4988
 BOND   =       583.1615  ANGLE   =      1605.6904  DIHED      =      1061.7420
 UB     =         0.0000  IMP     =         0.0000  CMAP       =       158.7111
 1-4 NB =       647.4171  1-4 EEL =     10094.9106  VDWAALS    =      8995.7833
 EELEC  =   -105989.9148  EHBOND  =         0.0000  RESTRAINT  =         0.0000
 ------------------------------------------------------------------------------

wrapping first mol.:       21.68607       30.66874       53.11980
wrapping first mol.:       21.68607       30.66874       53.11980
wrapping first mol.:       21.68607       30.66874       53.11980
wrapping first mol.:       21.68607       30.66874       53.11980
wrapping first mol.:       21.68607       30.66874       53.11980
wrapping first mol.:       21.68607       30.66874       53.11980
wrapping first mol.:       21.68607       30.66874       53.11980
wrapping first mol.:       21.68607       30.66874       53.11980
wrapping first mol.:       21.68607       30.66874       53.11980
wrapping first mol.:       21.68607       30.66874       53.11980
wrapping first mol.:       21.68607       30.66874       53.11980

 NSTEP =  1300000   TIME(PS) =    2600.000  TEMP(K) =   301.60  PRESS =     0.0
 Etot   =    -69553.5807  EKtot   =     13466.5215  EPtot      =    -83020.1022
 BOND   =       568.8462  ANGLE   =      1578.7785  DIHED      =      1084.6755
 UB     =         0.0000  IMP     =         0.0000  CMAP       =       157.5540
 1-4 NB =       666.4314  1-4 EEL =     10077.7470  VDWAALS    =      9190.1859
 EELEC  =   -106344.3207  EHBOND  =         0.0000  RESTRAINT  =         0.0000
 ------------------------------------------------------------------------------

wrapping first mol.:       21.68607       30.66874       53.11980
wrapping first mol.:       21.68607       30.66874       53.11980
wrapping first mol.:       21.68607       30.66874       53.11980
wrapping first mol.:       21.68607       30.66874       53.11980
wrapping first mol.:       21.68607       30.66874       53.11980
wrapping first mol.:       21.68607       30.66874       53.11980
wrapping first mol.:       21.68607       30.66874       53.11980
wrapping first mol.:       21.68607       30.66874       53.11980
wrapping first mol.:       21.68607       30.66874       53.11980
wrapping first mol.:       21.68607       30.66874       53.11980
wrapping first mol.:       21.68607       30.66874       53.11980

 NSTEP =  1350000   TIME(PS) =    2700.000  TEMP(K) =   298.94  PRESS =     0.0
 Etot   =    -69547.6197  EKtot   =     13347.5371  EPtot      =    -82895.1568
 BOND   =       579.2472  ANGLE   =      1635.7080  DIHED      =      1052.5337
 UB     =         0.0000  IMP     =         0.0000  CMAP       =       156.3972
 1-4 NB =       662.0488  1-4 EEL =     10098.3372  VDWAALS    =      9065.1208
 EELEC  =   -106144.5498  EHBOND  =         0.0000  RESTRAINT  =         0.0000
 ------------------------------------------------------------------------------

wrapping first mol.:       21.68607       30.66874       53.11980
wrapping first mol.:       21.68607       30.66874       53.11980
wrapping first mol.:       21.68607       30.66874       53.11980
wrapping first mol.:       21.68607       30.66874       53.11980
wrapping first mol.:       21.68607       30.66874       53.11980
wrapping first mol.:       21.68607       30.66874       53.11980
wrapping first mol.:       21.68607       30.66874       53.11980
wrapping first mol.:       21.68607       30.66874       53.11980
wrapping first mol.:       21.68607       30.66874       53.11980
wrapping first mol.:       21.68607       30.66874       53.11980
wrapping first mol.:       21.68607       30.66874       53.11980

 NSTEP =  1400000   TIME(PS) =    2800.000  TEMP(K) =   296.93  PRESS =     0.0
 Etot   =    -69396.2250  EKtot   =     13257.8184  EPtot      =    -82654.0434
 BOND   =       621.6311  ANGLE   =      1683.0867  DIHED      =      1062.5316
 UB     =         0.0000  IMP     =         0.0000  CMAP       =       138.0077
 1-4 NB =       665.3934  1-4 EEL =     10068.2560  VDWAALS    =      9187.2555
 EELEC  =   -106080.2053  EHBOND  =         0.0000  RESTRAINT  =         0.0000
 ------------------------------------------------------------------------------

wrapping first mol.:       21.68607       30.66874       53.11980
wrapping first mol.:       21.68607       30.66874       53.11980
wrapping first mol.:       21.68607       30.66874       53.11980
wrapping first mol.:       21.68607       30.66874       53.11980
wrapping first mol.:       21.68607       30.66874       53.11980
wrapping first mol.:       21.68607       30.66874       53.11980
wrapping first mol.:       21.68607       30.66874       53.11980
wrapping first mol.:       21.68607       30.66874       53.11980
wrapping first mol.:       21.68607       30.66874       53.11980
wrapping first mol.:       21.68607       30.66874       53.11980
wrapping first mol.:       21.68607       30.66874       53.11980

 NSTEP =  1450000   TIME(PS) =    2900.000  TEMP(K) =   299.05  PRESS =     0.0
 Etot   =    -69680.0183  EKtot   =     13352.5391  EPtot      =    -83032.5574
 BOND   =       591.4985  ANGLE   =      1696.1857  DIHED      =      1053.3110
 UB     =         0.0000  IMP     =         0.0000  CMAP       =       142.3279
 1-4 NB =       654.3862  1-4 EEL =     10066.0359  VDWAALS    =      9059.6003
 EELEC  =   -106295.9030  EHBOND  =         0.0000  RESTRAINT  =         0.0000
 ------------------------------------------------------------------------------

wrapping first mol.:       21.68607       30.66874       53.11980
wrapping first mol.:       21.68607       30.66874       53.11980
wrapping first mol.:       21.68607       30.66874       53.11980
wrapping first mol.:       21.68607       30.66874       53.11980
wrapping first mol.:       21.68607       30.66874       53.11980
wrapping first mol.:       21.68607       30.66874       53.11980
wrapping first mol.:       21.68607       30.66874       53.11980
wrapping first mol.:       21.68607       30.66874       53.11980
wrapping first mol.:       21.68607       30.66874       53.11980
wrapping first mol.:       21.68607       30.66874       53.11980
wrapping first mol.:       21.68607       30.66874       53.11980

 NSTEP =  1500000   TIME(PS) =    3000.000  TEMP(K) =   299.36  PRESS =     0.0
 Etot   =    -69544.3693  EKtot   =     13366.3936  EPtot      =    -82910.7628
 BOND   =       571.3787  ANGLE   =      1594.8513  DIHED      =      1044.1253
 UB     =         0.0000  IMP     =         0.0000  CMAP       =       134.4648
 1-4 NB =       660.6843  1-4 EEL =     10122.1387  VDWAALS    =      9135.8803
 EELEC  =   -106174.2862  EHBOND  =         0.0000  RESTRAINT  =         0.0000
 ------------------------------------------------------------------------------

wrapping first mol.:       21.68607       30.66874       53.11980
wrapping first mol.:       21.68607       30.66874       53.11980
wrapping first mol.:       21.68607       30.66874       53.11980
wrapping first mol.:       21.68607       30.66874       53.11980
wrapping first mol.:       21.68607       30.66874       53.11980
wrapping first mol.:       21.68607       30.66874       53.11980
wrapping first mol.:       21.68607       30.66874       53.11980
wrapping first mol.:       21.68607       30.66874       53.11980
wrapping first mol.:       21.68607       30.66874       53.11980
wrapping first mol.:       21.68607       30.66874       53.11980
wrapping first mol.:       21.68607       30.66874       53.11980

 NSTEP =  1550000   TIME(PS) =    3100.000  TEMP(K) =   299.93  PRESS =     0.0
 Etot   =    -69367.2776  EKtot   =     13391.8252  EPtot      =    -82759.1028
 BOND   =       587.0653  ANGLE   =      1632.2666  DIHED      =      1076.2656
 UB     =         0.0000  IMP     =         0.0000  CMAP       =       148.5976
 1-4 NB =       668.6245  1-4 EEL =     10101.1994  VDWAALS    =      8845.1242
 EELEC  =   -105818.2459  EHBOND  =         0.0000  RESTRAINT  =         0.0000
 ------------------------------------------------------------------------------

wrapping first mol.:       21.68607       30.66874       53.11980
wrapping first mol.:       21.68607       30.66874       53.11980
wrapping first mol.:       21.68607       30.66874       53.11980
wrapping first mol.:       21.68607       30.66874       53.11980
wrapping first mol.:       21.68607       30.66874       53.11980
wrapping first mol.:       21.68607       30.66874       53.11980
wrapping first mol.:       21.68607       30.66874       53.11980
wrapping first mol.:       21.68607       30.66874       53.11980
wrapping first mol.:       21.68607       30.66874       53.11980
wrapping first mol.:       21.68607       30.66874       53.11980
wrapping first mol.:       21.68607       30.66874       53.11980

 NSTEP =  1600000   TIME(PS) =    3200.000  TEMP(K) =   299.08  PRESS =     0.0
 Etot   =    -69511.0398  EKtot   =     13354.1064  EPtot      =    -82865.1463
 BOND   =       569.5097  ANGLE   =      1671.5980  DIHED      =      1068.4320
 UB     =         0.0000  IMP     =         0.0000  CMAP       =       130.5737
 1-4 NB =       681.1991  1-4 EEL =     10123.7967  VDWAALS    =      9118.5410
 EELEC  =   -106228.7964  EHBOND  =         0.0000  RESTRAINT  =         0.0000
 ------------------------------------------------------------------------------

wrapping first mol.:       21.68607       30.66874       53.11980
wrapping first mol.:       21.68607       30.66874       53.11980
wrapping first mol.:       21.68607       30.66874       53.11980
wrapping first mol.:       21.68607       30.66874       53.11980
wrapping first mol.:       21.68607       30.66874       53.11980
wrapping first mol.:       21.68607       30.66874       53.11980
wrapping first mol.:       21.68607       30.66874       53.11980
wrapping first mol.:       21.68607       30.66874       53.11980
wrapping first mol.:       21.68607       30.66874       53.11980
wrapping first mol.:       21.68607       30.66874       53.11980
wrapping first mol.:       21.68607       30.66874       53.11980

 NSTEP =  1650000   TIME(PS) =    3300.000  TEMP(K) =   300.33  PRESS =     0.0
 Etot   =    -69507.4674  EKtot   =     13409.8418  EPtot      =    -82917.3092
 BOND   =       547.6593  ANGLE   =      1639.4627  DIHED      =      1052.8735
 UB     =         0.0000  IMP     =         0.0000  CMAP       =       136.1465
 1-4 NB =       656.4807  1-4 EEL =     10129.2588  VDWAALS    =      8904.4771
 EELEC  =   -105983.6679  EHBOND  =         0.0000  RESTRAINT  =         0.0000
 ------------------------------------------------------------------------------

wrapping first mol.:       21.68607       30.66874       53.11980
wrapping first mol.:       21.68607       30.66874       53.11980
wrapping first mol.:       21.68607       30.66874       53.11980
wrapping first mol.:       21.68607       30.66874       53.11980
wrapping first mol.:       21.68607       30.66874       53.11980
wrapping first mol.:       21.68607       30.66874       53.11980
wrapping first mol.:       21.68607       30.66874       53.11980
wrapping first mol.:       21.68607       30.66874       53.11980
wrapping first mol.:       21.68607       30.66874       53.11980
wrapping first mol.:       21.68607       30.66874       53.11980
wrapping first mol.:       21.68607       30.66874       53.11980

 NSTEP =  1700000   TIME(PS) =    3400.000  TEMP(K) =   294.98  PRESS =     0.0
 Etot   =    -69846.3696  EKtot   =     13170.8447  EPtot      =    -83017.2143
 BOND   =       583.8141  ANGLE   =      1660.1450  DIHED      =      1058.2639
 UB     =         0.0000  IMP     =         0.0000  CMAP       =       141.3643
 1-4 NB =       671.6943  1-4 EEL =     10102.4960  VDWAALS    =      9307.5829
 EELEC  =   -106542.5749  EHBOND  =         0.0000  RESTRAINT  =         0.0000
 ------------------------------------------------------------------------------

wrapping first mol.:       21.68607       30.66874       53.11980
wrapping first mol.:       21.68607       30.66874       53.11980
wrapping first mol.:       21.68607       30.66874       53.11980
wrapping first mol.:       21.68607       30.66874       53.11980
wrapping first mol.:       21.68607       30.66874       53.11980
wrapping first mol.:       21.68607       30.66874       53.11980
wrapping first mol.:       21.68607       30.66874       53.11980
wrapping first mol.:       21.68607       30.66874       53.11980
wrapping first mol.:       21.68607       30.66874       53.11980
wrapping first mol.:       21.68607       30.66874       53.11980
wrapping first mol.:       21.68607       30.66874       53.11980

 NSTEP =  1750000   TIME(PS) =    3500.000  TEMP(K) =   304.70  PRESS =     0.0
 Etot   =    -69347.0795  EKtot   =     13604.7568  EPtot      =    -82951.8363
 BOND   =       546.9079  ANGLE   =      1664.7627  DIHED      =      1070.7945
 UB     =         0.0000  IMP     =         0.0000  CMAP       =       146.4500
 1-4 NB =       653.8829  1-4 EEL =     10158.2245  VDWAALS    =      8965.9316
 EELEC  =   -106158.7903  EHBOND  =         0.0000  RESTRAINT  =         0.0000
 ------------------------------------------------------------------------------

wrapping first mol.:       21.68607       30.66874       53.11980
wrapping first mol.:       21.68607       30.66874       53.11980
wrapping first mol.:       21.68607       30.66874       53.11980
wrapping first mol.:       21.68607       30.66874       53.11980
wrapping first mol.:       21.68607       30.66874       53.11980
wrapping first mol.:       21.68607       30.66874       53.11980
wrapping first mol.:       21.68607       30.66874       53.11980
wrapping first mol.:       21.68607       30.66874       53.11980
wrapping first mol.:       21.68607       30.66874       53.11980
wrapping first mol.:       21.68607       30.66874       53.11980
wrapping first mol.:       21.68607       30.66874       53.11980

 NSTEP =  1800000   TIME(PS) =    3600.000  TEMP(K) =   295.16  PRESS =     0.0
 Etot   =    -69655.8635  EKtot   =     13178.7656  EPtot      =    -82834.6291
 BOND   =       579.7414  ANGLE   =      1645.7686  DIHED      =      1047.3724
 UB     =         0.0000  IMP     =         0.0000  CMAP       =       150.6390
 1-4 NB =       659.5846  1-4 EEL =     10122.2373  VDWAALS    =      8771.6931
 EELEC  =   -105811.6656  EHBOND  =         0.0000  RESTRAINT  =         0.0000
 ------------------------------------------------------------------------------

wrapping first mol.:       21.68607       30.66874       53.11980
wrapping first mol.:       21.68607       30.66874       53.11980
wrapping first mol.:       21.68607       30.66874       53.11980
wrapping first mol.:       21.68607       30.66874       53.11980
wrapping first mol.:       21.68607       30.66874       53.11980
wrapping first mol.:       21.68607       30.66874       53.11980
wrapping first mol.:       21.68607       30.66874       53.11980
wrapping first mol.:       21.68607       30.66874       53.11980
wrapping first mol.:       21.68607       30.66874       53.11980
wrapping first mol.:       21.68607       30.66874       53.11980
wrapping first mol.:       21.68607       30.66874       53.11980

 NSTEP =  1850000   TIME(PS) =    3700.000  TEMP(K) =   304.65  PRESS =     0.0
 Etot   =    -69298.2204  EKtot   =     13602.6953  EPtot      =    -82900.9157
 BOND   =       558.1312  ANGLE   =      1596.0396  DIHED      =      1070.7669
 UB     =         0.0000  IMP     =         0.0000  CMAP       =       150.2683
 1-4 NB =       659.5513  1-4 EEL =     10139.6636  VDWAALS    =      9248.5431
 EELEC  =   -106323.8797  EHBOND  =         0.0000  RESTRAINT  =         0.0000
 ------------------------------------------------------------------------------

wrapping first mol.:       43.37214      -30.66873       53.11980
wrapping first mol.:       43.37214      -30.66873       53.11980
wrapping first mol.:       43.37214      -30.66873       53.11980
wrapping first mol.:       43.37214      -30.66873       53.11980
wrapping first mol.:       43.37214      -30.66873       53.11980
wrapping first mol.:       43.37214      -30.66873       53.11980
wrapping first mol.:       43.37214      -30.66873       53.11980
wrapping first mol.:       43.37214      -30.66873       53.11980
wrapping first mol.:       43.37214      -30.66873       53.11980
wrapping first mol.:       43.37214      -30.66873       53.11980
wrapping first mol.:       43.37214      -30.66873       53.11980

 NSTEP =  1900000   TIME(PS) =    3800.000  TEMP(K) =   300.99  PRESS =     0.0
 Etot   =    -69614.9074  EKtot   =     13439.2197  EPtot      =    -83054.1271
 BOND   =       551.7369  ANGLE   =      1629.8186  DIHED      =      1077.2517
 UB     =         0.0000  IMP     =         0.0000  CMAP       =       142.1325
 1-4 NB =       679.5948  1-4 EEL =     10139.8032  VDWAALS    =      9336.4720
 EELEC  =   -106610.9368  EHBOND  =         0.0000  RESTRAINT  =         0.0000
 ------------------------------------------------------------------------------

wrapping first mol.:       43.37214      -30.66873       53.11980
wrapping first mol.:       43.37214      -30.66873       53.11980
wrapping first mol.:       43.37214      -30.66873       53.11980
wrapping first mol.:       43.37214      -30.66873       53.11980
wrapping first mol.:       43.37214      -30.66873       53.11980
wrapping first mol.:       43.37214      -30.66873       53.11980
wrapping first mol.:       43.37214      -30.66873       53.11980
wrapping first mol.:       43.37214      -30.66873       53.11980
wrapping first mol.:       43.37214      -30.66873       53.11980
wrapping first mol.:       43.37214      -30.66873       53.11980
wrapping first mol.:       43.37214      -30.66873       53.11980

 NSTEP =  1950000   TIME(PS) =    3900.000  TEMP(K) =   302.83  PRESS =     0.0
 Etot   =    -69146.0049  EKtot   =     13521.5137  EPtot      =    -82667.5185
 BOND   =       615.1683  ANGLE   =      1676.0170  DIHED      =      1086.4226
 UB     =         0.0000  IMP     =         0.0000  CMAP       =       139.7221
 1-4 NB =       638.0550  1-4 EEL =     10142.5570  VDWAALS    =      9134.2505
 EELEC  =   -106099.7110  EHBOND  =         0.0000  RESTRAINT  =         0.0000
 ------------------------------------------------------------------------------

wrapping first mol.:       43.37214      -30.66873       53.11980
wrapping first mol.:       43.37214      -30.66873       53.11980
wrapping first mol.:       43.37214      -30.66873       53.11980
wrapping first mol.:       43.37214      -30.66873       53.11980
wrapping first mol.:       43.37214      -30.66873       53.11980
wrapping first mol.:       43.37214      -30.66873       53.11980
wrapping first mol.:       43.37214      -30.66873       53.11980
wrapping first mol.:       43.37214      -30.66873       53.11980
wrapping first mol.:       43.37214      -30.66873       53.11980
wrapping first mol.:       43.37214      -30.66873       53.11980
wrapping first mol.:       43.37214      -30.66873       53.11980

 NSTEP =  2000000   TIME(PS) =    4000.000  TEMP(K) =   299.74  PRESS =     0.0
 Etot   =    -69399.0767  EKtot   =     13383.3721  EPtot      =    -82782.4487
 BOND   =       591.7005  ANGLE   =      1637.8102  DIHED      =      1082.8672
 UB     =         0.0000  IMP     =         0.0000  CMAP       =       142.8411
 1-4 NB =       649.7278  1-4 EEL =     10141.4942  VDWAALS    =      8897.8101
 EELEC  =   -105926.6999  EHBOND  =         0.0000  RESTRAINT  =         0.0000
 ------------------------------------------------------------------------------

wrapping first mol.:       43.37214      -30.66873       53.11980
wrapping first mol.:       43.37214      -30.66873       53.11980
wrapping first mol.:       43.37214      -30.66873       53.11980
wrapping first mol.:       43.37214      -30.66873       53.11980
wrapping first mol.:       43.37214      -30.66873       53.11980
wrapping first mol.:       43.37214      -30.66873       53.11980
wrapping first mol.:       43.37214      -30.66873       53.11980
wrapping first mol.:       43.37214      -30.66873       53.11980
wrapping first mol.:       43.37214      -30.66873       53.11980
wrapping first mol.:       43.37214      -30.66873       53.11980
wrapping first mol.:       43.37214      -30.66873       53.11980

 NSTEP =  2050000   TIME(PS) =    4100.000  TEMP(K) =   302.42  PRESS =     0.0
 Etot   =    -69539.2940  EKtot   =     13503.2646  EPtot      =    -83042.5587
 BOND   =       568.0213  ANGLE   =      1612.4245  DIHED      =      1071.8148
 UB     =         0.0000  IMP     =         0.0000  CMAP       =       139.6237
 1-4 NB =       677.7624  1-4 EEL =     10158.0006  VDWAALS    =      8831.9521
 EELEC  =   -106102.1581  EHBOND  =         0.0000  RESTRAINT  =         0.0000
 ------------------------------------------------------------------------------

wrapping first mol.:       43.37214      -30.66873       53.11980
wrapping first mol.:       43.37214      -30.66873       53.11980
wrapping first mol.:       43.37214      -30.66873       53.11980
wrapping first mol.:       43.37214      -30.66873       53.11980
wrapping first mol.:       43.37214      -30.66873       53.11980
wrapping first mol.:       43.37214      -30.66873       53.11980
wrapping first mol.:       43.37214      -30.66873       53.11980
wrapping first mol.:       43.37214      -30.66873       53.11980
wrapping first mol.:       43.37214      -30.66873       53.11980
wrapping first mol.:       43.37214      -30.66873       53.11980
wrapping first mol.:       43.37214      -30.66873       53.11980

 NSTEP =  2100000   TIME(PS) =    4200.000  TEMP(K) =   298.59  PRESS =     0.0
 Etot   =    -69609.9665  EKtot   =     13332.2891  EPtot      =    -82942.2556
 BOND   =       605.3663  ANGLE   =      1615.4755  DIHED      =      1102.8503
 UB     =         0.0000  IMP     =         0.0000  CMAP       =       143.3897
 1-4 NB =       663.5659  1-4 EEL =     10118.4923  VDWAALS    =      9022.8086
 EELEC  =   -106214.2043  EHBOND  =         0.0000  RESTRAINT  =         0.0000
 ------------------------------------------------------------------------------

wrapping first mol.:       43.37214      -30.66873       53.11980
wrapping first mol.:       43.37214      -30.66873       53.11980
wrapping first mol.:       43.37214      -30.66873       53.11980
wrapping first mol.:       43.37214      -30.66873       53.11980
wrapping first mol.:       43.37214      -30.66873       53.11980
wrapping first mol.:       43.37214      -30.66873       53.11980
wrapping first mol.:       43.37214      -30.66873       53.11980
wrapping first mol.:       43.37214      -30.66873       53.11980
wrapping first mol.:       43.37214      -30.66873       53.11980
wrapping first mol.:       43.37214      -30.66873       53.11980
wrapping first mol.:       43.37214      -30.66873       53.11980

 NSTEP =  2150000   TIME(PS) =    4300.000  TEMP(K) =   300.27  PRESS =     0.0
 Etot   =    -69300.6319  EKtot   =     13407.2012  EPtot      =    -82707.8330
 BOND   =       580.8104  ANGLE   =      1635.6696  DIHED      =      1071.6070
 UB     =         0.0000  IMP     =         0.0000  CMAP       =       131.1863
 1-4 NB =       676.4983  1-4 EEL =     10143.6549  VDWAALS    =      8983.2421
 EELEC  =   -105930.5015  EHBOND  =         0.0000  RESTRAINT  =         0.0000
 ------------------------------------------------------------------------------

wrapping first mol.:       43.37214      -30.66873       53.11980
wrapping first mol.:       43.37214      -30.66873       53.11980
wrapping first mol.:       43.37214      -30.66873       53.11980
wrapping first mol.:       43.37214      -30.66873       53.11980
wrapping first mol.:       43.37214      -30.66873       53.11980
wrapping first mol.:       43.37214      -30.66873       53.11980
wrapping first mol.:       43.37214      -30.66873       53.11980
wrapping first mol.:       43.37214      -30.66873       53.11980
wrapping first mol.:       43.37214      -30.66873       53.11980
wrapping first mol.:       43.37214      -30.66873       53.11980
wrapping first mol.:       43.37214      -30.66873       53.11980

 NSTEP =  2200000   TIME(PS) =    4400.000  TEMP(K) =   299.88  PRESS =     0.0
 Etot   =    -69563.8425  EKtot   =     13389.8223  EPtot      =    -82953.6648
 BOND   =       565.8676  ANGLE   =      1634.9451  DIHED      =      1074.4504
 UB     =         0.0000  IMP     =         0.0000  CMAP       =       139.3918
 1-4 NB =       662.9919  1-4 EEL =     10145.7918  VDWAALS    =      9129.1530
 EELEC  =   -106306.2564  EHBOND  =         0.0000  RESTRAINT  =         0.0000
 ------------------------------------------------------------------------------

wrapping first mol.:       43.37214      -30.66873       53.11980
wrapping first mol.:       43.37214      -30.66873       53.11980
wrapping first mol.:       43.37214      -30.66873       53.11980
wrapping first mol.:       43.37214      -30.66873       53.11980
wrapping first mol.:       43.37214      -30.66873       53.11980
wrapping first mol.:       43.37214      -30.66873       53.11980
wrapping first mol.:       43.37214      -30.66873       53.11980
wrapping first mol.:       43.37214      -30.66873       53.11980
wrapping first mol.:       43.37214      -30.66873       53.11980
wrapping first mol.:       43.37214      -30.66873       53.11980
wrapping first mol.:       43.37214      -30.66873       53.11980

 NSTEP =  2250000   TIME(PS) =    4500.000  TEMP(K) =   298.79  PRESS =     0.0
 Etot   =    -69487.8969  EKtot   =     13340.8564  EPtot      =    -82828.7534
 BOND   =       518.7786  ANGLE   =      1635.5473  DIHED      =      1066.9128
 UB     =         0.0000  IMP     =         0.0000  CMAP       =       153.4087
 1-4 NB =       648.7382  1-4 EEL =     10123.7476  VDWAALS    =      9074.6923
 EELEC  =   -106050.5788  EHBOND  =         0.0000  RESTRAINT  =         0.0000
 ------------------------------------------------------------------------------

wrapping first mol.:       43.37214      -30.66873       53.11980
wrapping first mol.:       43.37214      -30.66873       53.11980
wrapping first mol.:       43.37214      -30.66873       53.11980
wrapping first mol.:       43.37214      -30.66873       53.11980
wrapping first mol.:       43.37214      -30.66873       53.11980
wrapping first mol.:       43.37214      -30.66873       53.11980
wrapping first mol.:       43.37214      -30.66873       53.11980
wrapping first mol.:       43.37214      -30.66873       53.11980
wrapping first mol.:       43.37214      -30.66873       53.11980
wrapping first mol.:       43.37214      -30.66873       53.11980
wrapping first mol.:       43.37214      -30.66873       53.11980

 NSTEP =  2300000   TIME(PS) =    4600.000  TEMP(K) =   296.75  PRESS =     0.0
 Etot   =    -69613.7463  EKtot   =     13249.8574  EPtot      =    -82863.6037
 BOND   =       561.7594  ANGLE   =      1673.9383  DIHED      =      1068.1040
 UB     =         0.0000  IMP     =         0.0000  CMAP       =       139.9482
 1-4 NB =       663.0039  1-4 EEL =     10177.4141  VDWAALS    =      9147.9538
 EELEC  =   -106295.7253  EHBOND  =         0.0000  RESTRAINT  =         0.0000
 ------------------------------------------------------------------------------

wrapping first mol.:       43.37214      -30.66873       53.11980
wrapping first mol.:       43.37214      -30.66873       53.11980
wrapping first mol.:       43.37214      -30.66873       53.11980
wrapping first mol.:       43.37214      -30.66873       53.11980
wrapping first mol.:       43.37214      -30.66873       53.11980
wrapping first mol.:       43.37214      -30.66873       53.11980
wrapping first mol.:       43.37214      -30.66873       53.11980
wrapping first mol.:       43.37214      -30.66873       53.11980
wrapping first mol.:       43.37214      -30.66873       53.11980
wrapping first mol.:       43.37214      -30.66873       53.11980
wrapping first mol.:       43.37214      -30.66873       53.11980

 NSTEP =  2350000   TIME(PS) =    4700.000  TEMP(K) =   298.17  PRESS =     0.0
 Etot   =    -69443.8802  EKtot   =     13313.4814  EPtot      =    -82757.3617
 BOND   =       557.4449  ANGLE   =      1619.2800  DIHED      =      1055.6892
 UB     =         0.0000  IMP     =         0.0000  CMAP       =       131.0551
 1-4 NB =       661.2747  1-4 EEL =     10172.9051  VDWAALS    =      9052.4493
 EELEC  =   -106007.4600  EHBOND  =         0.0000  RESTRAINT  =         0.0000
 ------------------------------------------------------------------------------

wrapping first mol.:       43.37214      -30.66873       53.11980
wrapping first mol.:       43.37214      -30.66873       53.11980
wrapping first mol.:       43.37214      -30.66873       53.11980
wrapping first mol.:       43.37214      -30.66873       53.11980
wrapping first mol.:       43.37214      -30.66873       53.11980
wrapping first mol.:       43.37214      -30.66873       53.11980
wrapping first mol.:       43.37214      -30.66873       53.11980
wrapping first mol.:       43.37214      -30.66873       53.11980
wrapping first mol.:       43.37214      -30.66873       53.11980
wrapping first mol.:       43.37214      -30.66873       53.11980
wrapping first mol.:       43.37214      -30.66873       53.11980

 NSTEP =  2400000   TIME(PS) =    4800.000  TEMP(K) =   297.38  PRESS =     0.0
 Etot   =    -69496.3666  EKtot   =     13278.0098  EPtot      =    -82774.3763
 BOND   =       575.1903  ANGLE   =      1626.8702  DIHED      =      1076.4020
 UB     =         0.0000  IMP     =         0.0000  CMAP       =       139.8396
 1-4 NB =       659.7651  1-4 EEL =     10126.9167  VDWAALS    =      8915.3616
 EELEC  =   -105894.7218  EHBOND  =         0.0000  RESTRAINT  =         0.0000
 ------------------------------------------------------------------------------

wrapping first mol.:       43.37214      -30.66873       53.11980
wrapping first mol.:       43.37214      -30.66873       53.11980
wrapping first mol.:       43.37214      -30.66873       53.11980
wrapping first mol.:       43.37214      -30.66873       53.11980
wrapping first mol.:       43.37214      -30.66873       53.11980
wrapping first mol.:       43.37214      -30.66873       53.11980
wrapping first mol.:       43.37214      -30.66873       53.11980
wrapping first mol.:       43.37214      -30.66873       53.11980
wrapping first mol.:       43.37214      -30.66873       53.11980
wrapping first mol.:       43.37214      -30.66873       53.11980
wrapping first mol.:       43.37214      -30.66873       53.11980

 NSTEP =  2450000   TIME(PS) =    4900.000  TEMP(K) =   299.02  PRESS =     0.0
 Etot   =    -69442.5561  EKtot   =     13351.1562  EPtot      =    -82793.7123
 BOND   =       559.1782  ANGLE   =      1677.5254  DIHED      =      1057.6279
 UB     =         0.0000  IMP     =         0.0000  CMAP       =       136.1374
 1-4 NB =       683.0199  1-4 EEL =     10134.5543  VDWAALS    =      9051.5441
 EELEC  =   -106093.2995  EHBOND  =         0.0000  RESTRAINT  =         0.0000
 ------------------------------------------------------------------------------

wrapping first mol.:       43.37214      -30.66873       53.11980
wrapping first mol.:       43.37214      -30.66873       53.11980
wrapping first mol.:       43.37214      -30.66873       53.11980
wrapping first mol.:       43.37214      -30.66873       53.11980
wrapping first mol.:       43.37214      -30.66873       53.11980
wrapping first mol.:       43.37214      -30.66873       53.11980
wrapping first mol.:       43.37214      -30.66873       53.11980
wrapping first mol.:       43.37214      -30.66873       53.11980
wrapping first mol.:       43.37214      -30.66873       53.11980
wrapping first mol.:       43.37214      -30.66873       53.11980
wrapping first mol.:       43.37214      -30.66873       53.11980

 NSTEP =  2500000   TIME(PS) =    5000.000  TEMP(K) =   302.12  PRESS =     0.0
 Etot   =    -69627.7565  EKtot   =     13489.8516  EPtot      =    -83117.6080
 BOND   =       580.5841  ANGLE   =      1632.5563  DIHED      =      1055.5115
 UB     =         0.0000  IMP     =         0.0000  CMAP       =       149.6060
 1-4 NB =       653.7325  1-4 EEL =     10084.7273  VDWAALS    =      9218.7222
 EELEC  =   -106493.0479  EHBOND  =         0.0000  RESTRAINT  =         0.0000
 ------------------------------------------------------------------------------


      A V E R A G E S   O V E R      50 S T E P S


 NSTEP =  2500000   TIME(PS) =    5000.000  TEMP(K) =   299.89  PRESS =     0.0
 Etot   =    -69519.2231  EKtot   =     13390.2634  EPtot      =    -82909.4865
 BOND   =       573.6254  ANGLE   =      1636.9222  DIHED      =      1068.0436
 UB     =         0.0000  IMP     =         0.0000  CMAP       =       142.2498
 1-4 NB =       664.4580  1-4 EEL =     10130.4177  VDWAALS    =      9065.8239
 EELEC  =   -106191.0270  EHBOND  =         0.0000  RESTRAINT  =         0.0000
 ------------------------------------------------------------------------------


      R M S  F L U C T U A T I O N S


 NSTEP =  2500000   TIME(PS) =    5000.000  TEMP(K) =     2.30  PRESS =     0.0
 Etot   =       166.8574  EKtot   =       102.4938  EPtot      =       141.7790
 BOND   =        18.8408  ANGLE   =        28.2483  DIHED      =        14.4507
 UB     =         0.0000  IMP     =         0.0000  CMAP       =         7.4324
 1-4 NB =         9.7458  1-4 EEL =        31.1117  VDWAALS    =       149.0215
 EELEC  =       232.8064  EHBOND  =         0.0000  RESTRAINT  =         0.0000
 ------------------------------------------------------------------------------

--------------------------------------------------------------------------------
   5.  TIMINGS
--------------------------------------------------------------------------------

|  NonSetup CPU Time in Major Routines:
|
|     Routine           Sec        %
|     ------------------------------
|     Nonbond         632.63   13.06
|     Bond              0.00    0.00
|     Angle             0.00    0.00
|     Dihedral          0.00    0.00
|     Shake            21.11    0.44
|     RunMD          4187.61   86.43
|     Other             3.63    0.08
|     ------------------------------
|     Total          4844.98

|  PME Nonbond Pairlist CPU Time:
|
|     Routine              Sec        %
|     ---------------------------------
|     Set Up Cit           0.00    0.00
|     Build List           0.00    0.00
|     ---------------------------------
|     Total                0.00    0.00

|  PME Direct Force CPU Time:
|
|     Routine              Sec        %
|     ---------------------------------
|     NonBonded Calc       0.00    0.00
|     Exclude Masked       0.00    0.00
|     Other                1.96    0.04
|     ---------------------------------
|     Total                1.96    0.04

|  PME Reciprocal Force CPU Time:
|
|     Routine              Sec        %
|     ---------------------------------
|     1D bspline           0.00    0.00
|     Grid Charges         0.00    0.00
|     Scalar Sum           0.00    0.00
|     Gradient Sum         0.00    0.00
|     FFT                  0.00    0.00
|     ---------------------------------
|     Total                0.00    0.00

|  Final Performance Info:
|     -----------------------------------------------------
|     Average timings for last       1 steps:
|     Elapsed(s) =       0.00 Per Step(ms) =       0.16
|         ns/day =    1080.59   seconds/ns =      79.96
|
|     Average timings for all steps:
|     Elapsed(s) =    4855.70 Per Step(ms) =       1.94
|         ns/day =      88.97   seconds/ns =     971.14
|     -----------------------------------------------------

|  Setup CPU time:            0.61 seconds
|  NonSetup CPU time:      4844.98 seconds
|  Total CPU time:         4845.59 seconds     1.35 hours

|  Setup wall time:           1    seconds
|  NonSetup wall time:     4855    seconds
|  Total wall time:        4856    seconds     1.35 hours
