
          -------------------------------------------------------
          Amber 18 PMEMD                              2018
          -------------------------------------------------------

| PMEMD implementation of SANDER, Release 18

| Run on 12/04/2020 at 09:37:48

|   Executable path: pmemd.cuda
| Working directory: /home/almacen/pbarletta/dynein/run/1f96/2_pdt
|          Hostname: Unknown
  [-O]verwriting output

File Assignments:
|   MDIN: pre_pdt.in                                                            
|  MDOUT: 0pdt.out                                                              
| INPCRD: 2_1f96.rst7                                                           
|   PARM: /home/almacen/pbarletta/dynein/top_files/1f96.prmtop                  
| RESTRT: 0p2_1f96.rst7                                                         
|   REFC: refc                                                                  
|  MDVEL: mdvel                                                                 
|   MDEN: mden                                                                  
|  MDCRD: 0p2_1f96.nc                                                           
| MDINFO: mdinfo                                                                
|  MDFRC: mdfrc                                                                 


 Here is the input file:

Production run                                                                 
&cntrl                                                                         
imin = 0,                           ! No Minimization                          
nmropt = 0,                         ! No NMR restraints read                   
                                                                               
! Nature and format of the input                                               
ntx = 5,                            ! Coordinates and velocities will be read  
irest = 1,                          ! Do not run a new simulation              
                                                                               
! Nature and format of the output                                              
ntxo = 1,                           ! rstrt file in ASCII format               
ntpr = 50000,                       ! inf in output every ntpr steps           
ntwr = 50000,                       ! rstrt file every ntwr steps              
ntwx = 5000,                        ! mdcrd file every ntwx steps              
ntwv = 0,                           ! mdvel without velocities                 
ntwe = 0,                           ! Energies and temperatures not written in 
idecomp = 0,                        ! No energy decomposition                  
iwrap = 1,                          ! Coordinates of the restart and mdcrd file
                                                                               
! Frozen or restrained atoms                                                   
ibelly = 0,                         ! No frozen atoms                          
ntr=0,                              ! Harmonic potential restraints            
                                                                               
! Molecular dynamics                                                           
nstlim = 2500000,                   ! Number of MD-steps                       
dt = 0.002,                         ! Time step                                
                                                                               
! Temperature regulation                                                       
ntt = 3,                            ! Langevin thermostat                      
gamma_ln = 2,                       ! Gamma constant for Langevin              
temp0 = 300.0,                      ! Reference T at which the system is to be 
tempi = 300.0,                      ! Initial T                                
ig = -1,                            ! Seed for the RNG                         
                                                                               
! P and V regulation                                                           
!barostat = 1,                      ! Berendsen barostat                       
!taup = 1,                          ! Pressure relaxation time                 
ntp = 0,                            ! constant V                               
ntb = 1,                            ! Periodic box for constant V              
                                                                               
! SHAKE variables                                                              
ntc = 2,                            ! Bonds involving H are constrained        
ntf = 2,                            ! Bond interaction involving H are ommited.
                                                                               
cut = 9.0,                          ! Nonbonded cutoff                         
/                                                                              
&end                                                                           


Note: ig = -1. Setting random seed to   403957 based on wallclock time in 
      microseconds.
| irandom = 1, using AMBER's internal random number generator (default).
 
|--------------------- INFORMATION ----------------------
| GPU (CUDA) Version of PMEMD in use: NVIDIA GPU IN USE.
|                    Version 18.0.0
| 
|                      03/25/2018
| 
| Implementation by:
|                    Ross C. Walker     (SDSC)
|                    Scott Le Grand     (nVIDIA)
| 
| Version 18 performance extensions by:
|                    David Cerutti     (Rutgers)
| 
| Precision model in use:
|      [SPFP] - Single Precision Forces, 64-bit Fixed Point
|               Accumulation. (Default)
| 
|--------------------------------------------------------
 
|----------------- CITATION INFORMATION -----------------
|
|    When publishing work that utilized the CUDA version
|    of AMBER, please cite the following in addition to
|    the regular AMBER citations:
|
|  - Romelia Salomon-Ferrer; Andreas W. Goetz; Duncan
|    Poole; Scott Le Grand; Ross C. Walker "Routine
|    microsecond molecular dynamics simulations with
|    AMBER - Part II: Particle Mesh Ewald", J. Chem.
|    Theory Comput., 2013, 9 (9), pp3878-3888,
|    DOI: 10.1021/ct400314y.
|
|  - Andreas W. Goetz; Mark J. Williamson; Dong Xu;
|    Duncan Poole; Scott Le Grand; Ross C. Walker
|    "Routine microsecond molecular dynamics simulations
|    with AMBER - Part I: Generalized Born", J. Chem.
|    Theory Comput., 2012, 8 (5), pp1542-1555.
|
|  - Scott Le Grand; Andreas W. Goetz; Ross C. Walker
|    "SPFP: Speed without compromise - a mixed precision
|    model for GPU accelerated molecular dynamics
|    simulations.", Comp. Phys. Comm., 2013, 184
|    pp374-380, DOI: 10.1016/j.cpc.2012.09.022
|
|--------------------------------------------------------
 
|------------------- GPU DEVICE INFO --------------------
|
|            CUDA_VISIBLE_DEVICES: 0
|   CUDA Capable Devices Detected:      1
|           CUDA Device ID in use:      0
|                CUDA Device Name: GeForce GTX 1080 Ti
|     CUDA Device Global Mem Size:  11178 MB
| CUDA Device Num Multiprocessors:     28
|           CUDA Device Core Freq:   1.72 GHz
|
|--------------------------------------------------------
 
 
| Conditional Compilation Defines Used:
| PUBFFT
| BINTRAJ
| CUDA
| EMIL

| Largest sphere to fit in unit cell has radius =    26.960

| New format PARM file being parsed.
| Version =    1.000 Date = 12/01/20 Time = 19:12:05

| Note: 1-4 EEL scale factors are being read from the topology file.

| Note: 1-4 VDW scale factors are being read from the topology file.
| Duplicated    0 dihedrals

| Duplicated    0 dihedrals

--------------------------------------------------------------------------------
   1.  RESOURCE   USE: 
--------------------------------------------------------------------------------

 getting new box info from bottom of inpcrd
 NATOM  =   29184 NTYPES =      19 NBONH =   21117 MBONA  =    8095
 NTHETH =    3438 MTHETA =    2092 NPHIH =    6828 MPHIA  =    6625
 NHPARM =       0 NPARM  =       0 NNB   =   62463 NRES   =    6727
 NBONA  =    8095 NTHETA =    2092 NPHIA =    6625 NUMBND =      77
 NUMANG =     180 NPTRA  =     202 NATYP =      39 NPHB   =       1
 IFBOX  =       2 NMXRS  =      24 IFCAP =       0 NEXTRA =    6537
 NCOPY  =       0


| Coordinate Index Table dimensions:    11   11   11
| Direct force subcell size =     6.0035    6.0035    6.0035

     BOX TYPE: TRUNCATED OCTAHEDRON

--------------------------------------------------------------------------------
   2.  CONTROL  DATA  FOR  THE  RUN
--------------------------------------------------------------------------------

default_name                                                                    

General flags:
     imin    =       0, nmropt  =       0

Nature and format of input:
     ntx     =       5, irest   =       1, ntrx    =       1

Nature and format of output:
     ntxo    =       1, ntpr    =   50000, ntrx    =       1, ntwr    =   50000
     iwrap   =       1, ntwx    =    5000, ntwv    =       0, ntwe    =       0
     ioutfm  =       1, ntwprt  =       0, idecomp =       0, rbornstat=      0

Potential function:
     ntf     =       2, ntb     =       1, igb     =       0, nsnb    =      25
     ipol    =       0, gbsa    =       0, iesp    =       0
     dielc   =   1.00000, cut     =   9.00000, intdiel =   1.00000

Frozen or restrained atoms:
     ibelly  =       0, ntr     =       0

Molecular dynamics:
     nstlim  =   2500000, nscm    =      1000, nrespa  =         1
     t       =   0.00000, dt      =   0.00200, vlimit  =  -1.00000

Langevin dynamics temperature regulation:
     ig      =  403957
     temp0   = 300.00000, tempi   = 300.00000, gamma_ln=   2.00000

SHAKE:
     ntc     =       2, jfastw  =       0
     tol     =   0.00001

| Intermolecular bonds treatment:
|     no_intermolecular_bonds =       1

| Energy averages sample interval:
|     ene_avg_sampling =   50000

Extra-points options:
     frameon =       1, chngmask=       1

Ewald parameters:
     verbose =       0, ew_type =       0, nbflag  =       1, use_pme =       1
     vdwmeth =       1, eedmeth =       1, netfrc  =       1
     Box X =   66.038   Box Y =   66.038   Box Z =   66.038
     Alpha =  109.471   Beta  =  109.471   Gamma =  109.471
     NFFT1 =   64       NFFT2 =   64       NFFT3 =   64
     Cutoff=    9.000   Tol   =0.100E-04
     Ewald Coefficient =  0.30768
     Interpolation order =    4
|      EXTRA_PTS, trim_bonds: num bonds BEFORE trim = 21117     0
|      EXTRA_PTS, trim_bonds: num bonds AFTER  trim = 21117     0
|      EXTRA_PTS, trim_bonds: num bonds BEFORE trim =  8095     0
|      EXTRA_PTS, trim_bonds: num bonds AFTER  trim =  1558     0
|      EXTRA_PTS, trim_theta: num angle BEFORE trim =  3438     0
|      EXTRA_PTS, trim_theta: num angle AFTER  trim =  3438     0
|      EXTRA_PTS, trim_theta: num angle BEFORE trim =  2092     0
|      EXTRA_PTS, trim_theta: num angle AFTER  trim =  2092     0
|      EXTRA_PTS, trim_phi:  num diheds BEFORE trim =  6828     0
|      EXTRA_PTS, trim_phi:  num diheds AFTER  trim =  6828     0
|      EXTRA_PTS, trim_phi:  num diheds BEFORE trim =  6625     0
|      EXTRA_PTS, trim_phi:  num diheds AFTER  trim =  6625     0

--------------------------------------------------------------------------------
   3.  ATOMIC COORDINATES AND VELOCITIES
--------------------------------------------------------------------------------

Cpptraj Generated Restart                                                       
 begin time read from input coords =     0.000 ps

 
 Number of triangulated 3-point waters found:     6537

     Sum of charges from parm topology file =   0.00003572
     Forcing neutrality...

| Dynamic Memory, Types Used:
| Reals              937842
| Integers          2109867

| Nonbonded Pairs Initial Allocation:     6653952

| GPU memory information (estimate):
| KB of GPU memory in use:         0
| KB of CPU memory in use:         0

--------------------------------------------------------------------------------
   4.  RESULTS
--------------------------------------------------------------------------------

wrapping first mol.:      -44.02549       31.13073       53.92000
wrapping first mol.:      -44.02549       31.13073       53.92000
wrapping first mol.:      -44.02549       31.13073       53.92000
wrapping first mol.:      -44.02549       31.13073       53.92000
wrapping first mol.:      -44.02549       31.13073       53.92000
wrapping first mol.:      -44.02549       31.13073       53.92000
wrapping first mol.:      -44.02549       31.13073       53.92000
wrapping first mol.:      -44.02549       31.13073       53.92000
wrapping first mol.:      -44.02549       31.13073       53.92000
wrapping first mol.:      -44.02549       31.13073       53.92000
wrapping first mol.:      -44.02549       31.13073       53.92000

 NSTEP =    50000   TIME(PS) =     100.000  TEMP(K) =   298.66  PRESS =     0.0
 Etot   =    -72474.3470  EKtot   =     13895.0137  EPtot      =    -86369.3607
 BOND   =       566.1038  ANGLE   =      1551.0617  DIHED      =      1004.2824
 UB     =         0.0000  IMP     =         0.0000  CMAP       =       156.8857
 1-4 NB =       678.1280  1-4 EEL =     10375.9922  VDWAALS    =      9614.2232
 EELEC  =   -110316.0376  EHBOND  =         0.0000  RESTRAINT  =         0.0000
 ------------------------------------------------------------------------------

wrapping first mol.:      -44.02549       31.13073       53.92000
wrapping first mol.:      -44.02549       31.13073       53.92000
wrapping first mol.:      -44.02549       31.13073       53.92000
wrapping first mol.:      -44.02549       31.13073       53.92000
wrapping first mol.:      -44.02549       31.13073       53.92000
wrapping first mol.:      -44.02549       31.13073       53.92000
wrapping first mol.:      -44.02549       31.13073       53.92000
wrapping first mol.:      -44.02549       31.13073       53.92000
wrapping first mol.:      -44.02549       31.13073       53.92000
wrapping first mol.:      -44.02549       31.13073       53.92000
wrapping first mol.:      -44.02549       31.13073       53.92000

 NSTEP =   100000   TIME(PS) =     200.000  TEMP(K) =   300.96  PRESS =     0.0
 Etot   =    -72135.4236  EKtot   =     14001.9502  EPtot      =    -86137.3738
 BOND   =       553.2215  ANGLE   =      1556.3558  DIHED      =      1046.4278
 UB     =         0.0000  IMP     =         0.0000  CMAP       =       149.9267
 1-4 NB =       662.0193  1-4 EEL =     10369.5440  VDWAALS    =      9394.2820
 EELEC  =   -109869.1509  EHBOND  =         0.0000  RESTRAINT  =         0.0000
 ------------------------------------------------------------------------------

wrapping first mol.:      -44.02549       31.13073       53.92000
wrapping first mol.:      -44.02549       31.13073       53.92000
wrapping first mol.:      -44.02549       31.13073       53.92000
wrapping first mol.:      -44.02549       31.13073       53.92000
wrapping first mol.:      -44.02549       31.13073       53.92000
wrapping first mol.:      -44.02549       31.13073       53.92000
wrapping first mol.:      -44.02549       31.13073       53.92000
wrapping first mol.:      -44.02549       31.13073       53.92000
wrapping first mol.:      -44.02549       31.13073       53.92000
wrapping first mol.:      -44.02549       31.13073       53.92000
wrapping first mol.:      -44.02549       31.13073       53.92000

 NSTEP =   150000   TIME(PS) =     300.000  TEMP(K) =   299.80  PRESS =     0.0
 Etot   =    -72516.8391  EKtot   =     13947.7832  EPtot      =    -86464.6223
 BOND   =       571.3192  ANGLE   =      1558.7369  DIHED      =      1014.3739
 UB     =         0.0000  IMP     =         0.0000  CMAP       =       143.4044
 1-4 NB =       662.9127  1-4 EEL =     10325.7313  VDWAALS    =      9729.7091
 EELEC  =   -110470.8097  EHBOND  =         0.0000  RESTRAINT  =         0.0000
 ------------------------------------------------------------------------------

wrapping first mol.:      -44.02549       31.13073       53.92000
wrapping first mol.:      -44.02549       31.13073       53.92000
wrapping first mol.:      -44.02549       31.13073       53.92000
wrapping first mol.:      -44.02549       31.13073       53.92000
wrapping first mol.:      -44.02549       31.13073       53.92000
wrapping first mol.:      -44.02549       31.13073       53.92000
wrapping first mol.:      -44.02549       31.13073       53.92000
wrapping first mol.:      -44.02549       31.13073       53.92000
wrapping first mol.:      -44.02549       31.13073       53.92000
wrapping first mol.:      -44.02549       31.13073       53.92000
wrapping first mol.:      -44.02549       31.13073       53.92000

 NSTEP =   200000   TIME(PS) =     400.000  TEMP(K) =   298.54  PRESS =     0.0
 Etot   =    -72542.2444  EKtot   =     13889.4219  EPtot      =    -86431.6663
 BOND   =       569.1923  ANGLE   =      1585.5242  DIHED      =      1022.6099
 UB     =         0.0000  IMP     =         0.0000  CMAP       =       160.0766
 1-4 NB =       669.6141  1-4 EEL =     10360.3664  VDWAALS    =      9868.5356
 EELEC  =   -110667.5855  EHBOND  =         0.0000  RESTRAINT  =         0.0000
 ------------------------------------------------------------------------------

wrapping first mol.:      -44.02549       31.13073       53.92000
wrapping first mol.:      -44.02549       31.13073       53.92000
wrapping first mol.:      -44.02549       31.13073       53.92000
wrapping first mol.:      -44.02549       31.13073       53.92000
wrapping first mol.:      -44.02549       31.13073       53.92000
wrapping first mol.:      -44.02549       31.13073       53.92000
wrapping first mol.:      -44.02549       31.13073       53.92000
wrapping first mol.:      -44.02549       31.13073       53.92000
wrapping first mol.:      -44.02549       31.13073       53.92000
wrapping first mol.:      -44.02549       31.13073       53.92000
wrapping first mol.:      -44.02549       31.13073       53.92000

 NSTEP =   250000   TIME(PS) =     500.000  TEMP(K) =   301.24  PRESS =     0.0
 Etot   =    -72435.9079  EKtot   =     14014.7461  EPtot      =    -86450.6540
 BOND   =       563.8059  ANGLE   =      1588.5535  DIHED      =      1027.1017
 UB     =         0.0000  IMP     =         0.0000  CMAP       =       149.1950
 1-4 NB =       660.2417  1-4 EEL =     10319.3165  VDWAALS    =      9506.0791
 EELEC  =   -110264.9473  EHBOND  =         0.0000  RESTRAINT  =         0.0000
 ------------------------------------------------------------------------------

wrapping first mol.:      -44.02549       31.13073       53.92000
wrapping first mol.:      -44.02549       31.13073       53.92000
wrapping first mol.:      -44.02549       31.13073       53.92000
wrapping first mol.:      -44.02549       31.13073       53.92000
wrapping first mol.:      -44.02549       31.13073       53.92000
wrapping first mol.:      -44.02549       31.13073       53.92000
wrapping first mol.:      -44.02549       31.13073       53.92000
wrapping first mol.:      -44.02549       31.13073       53.92000
wrapping first mol.:      -44.02549       31.13073       53.92000
wrapping first mol.:      -44.02549       31.13073       53.92000
wrapping first mol.:      -44.02549       31.13073       53.92000

 NSTEP =   300000   TIME(PS) =     600.000  TEMP(K) =   299.85  PRESS =     0.0
 Etot   =    -72622.5110  EKtot   =     13950.2441  EPtot      =    -86572.7551
 BOND   =       528.1092  ANGLE   =      1539.6067  DIHED      =      1029.6199
 UB     =         0.0000  IMP     =         0.0000  CMAP       =       147.9506
 1-4 NB =       664.7672  1-4 EEL =     10328.7775  VDWAALS    =      9627.8596
 EELEC  =   -110439.4457  EHBOND  =         0.0000  RESTRAINT  =         0.0000
 ------------------------------------------------------------------------------

wrapping first mol.:      -44.02549       31.13073       53.92000
wrapping first mol.:      -44.02549       31.13073       53.92000
wrapping first mol.:      -44.02549       31.13073       53.92000
wrapping first mol.:      -44.02549       31.13073       53.92000
wrapping first mol.:      -44.02549       31.13073       53.92000
wrapping first mol.:      -44.02549       31.13073       53.92000
wrapping first mol.:      -44.02549       31.13073       53.92000
wrapping first mol.:      -44.02549       31.13073       53.92000
wrapping first mol.:      -44.02549       31.13073       53.92000
wrapping first mol.:      -44.02549       31.13073       53.92000
wrapping first mol.:      -44.02549       31.13073       53.92000

 NSTEP =   350000   TIME(PS) =     700.000  TEMP(K) =   299.41  PRESS =     0.0
 Etot   =    -72511.3294  EKtot   =     13929.9844  EPtot      =    -86441.3138
 BOND   =       568.5056  ANGLE   =      1582.7360  DIHED      =      1043.7472
 UB     =         0.0000  IMP     =         0.0000  CMAP       =       153.3951
 1-4 NB =       668.8525  1-4 EEL =     10308.2034  VDWAALS    =      9882.7261
 EELEC  =   -110649.4797  EHBOND  =         0.0000  RESTRAINT  =         0.0000
 ------------------------------------------------------------------------------

wrapping first mol.:      -44.02549       31.13073       53.92000
wrapping first mol.:      -44.02549       31.13073       53.92000
wrapping first mol.:      -44.02549       31.13073       53.92000
wrapping first mol.:      -44.02549       31.13073       53.92000
wrapping first mol.:      -44.02549       31.13073       53.92000
wrapping first mol.:      -44.02549       31.13073       53.92000
wrapping first mol.:      -44.02549       31.13073       53.92000
wrapping first mol.:      -44.02549       31.13073       53.92000
wrapping first mol.:      -44.02549       31.13073       53.92000
wrapping first mol.:      -44.02549       31.13073       53.92000
wrapping first mol.:      -44.02549       31.13073       53.92000

 NSTEP =   400000   TIME(PS) =     800.000  TEMP(K) =   300.68  PRESS =     0.0
 Etot   =    -72320.3194  EKtot   =     13988.6875  EPtot      =    -86309.0069
 BOND   =       557.8863  ANGLE   =      1620.8195  DIHED      =      1037.7693
 UB     =         0.0000  IMP     =         0.0000  CMAP       =       142.5775
 1-4 NB =       650.1647  1-4 EEL =     10332.3903  VDWAALS    =      9422.1366
 EELEC  =   -110072.7511  EHBOND  =         0.0000  RESTRAINT  =         0.0000
 ------------------------------------------------------------------------------

wrapping first mol.:      -44.02549       31.13073       53.92000
wrapping first mol.:      -44.02549       31.13073       53.92000
wrapping first mol.:      -44.02549       31.13073       53.92000
wrapping first mol.:      -44.02549       31.13073       53.92000
wrapping first mol.:      -44.02549       31.13073       53.92000
wrapping first mol.:      -44.02549       31.13073       53.92000
wrapping first mol.:      -44.02549       31.13073       53.92000
wrapping first mol.:      -44.02549       31.13073       53.92000
wrapping first mol.:      -44.02549       31.13073       53.92000
wrapping first mol.:      -44.02549       31.13073       53.92000
wrapping first mol.:      -44.02549       31.13073       53.92000

 NSTEP =   450000   TIME(PS) =     900.000  TEMP(K) =   299.43  PRESS =     0.0
 Etot   =    -72466.8527  EKtot   =     13930.5557  EPtot      =    -86397.4083
 BOND   =       542.1924  ANGLE   =      1589.6462  DIHED      =      1026.9612
 UB     =         0.0000  IMP     =         0.0000  CMAP       =       151.7244
 1-4 NB =       674.5790  1-4 EEL =     10337.7804  VDWAALS    =      9794.8740
 EELEC  =   -110515.1660  EHBOND  =         0.0000  RESTRAINT  =         0.0000
 ------------------------------------------------------------------------------

wrapping first mol.:      -44.02549       31.13073       53.92000
wrapping first mol.:      -44.02549       31.13073       53.92000
wrapping first mol.:      -44.02549       31.13073       53.92000
wrapping first mol.:      -44.02549       31.13073       53.92000
wrapping first mol.:      -44.02549       31.13073       53.92000
wrapping first mol.:      -44.02549       31.13073       53.92000
wrapping first mol.:      -44.02549       31.13073       53.92000
wrapping first mol.:      -44.02549       31.13073       53.92000
wrapping first mol.:      -44.02549       31.13073       53.92000
wrapping first mol.:      -44.02549       31.13073       53.92000
wrapping first mol.:      -44.02549       31.13073       53.92000

 NSTEP =   500000   TIME(PS) =    1000.000  TEMP(K) =   296.57  PRESS =     0.0
 Etot   =    -72662.6863  EKtot   =     13797.5381  EPtot      =    -86460.2244
 BOND   =       586.4237  ANGLE   =      1580.1731  DIHED      =      1048.4606
 UB     =         0.0000  IMP     =         0.0000  CMAP       =       145.5914
 1-4 NB =       660.9818  1-4 EEL =     10355.7583  VDWAALS    =      9695.1913
 EELEC  =   -110532.8046  EHBOND  =         0.0000  RESTRAINT  =         0.0000
 ------------------------------------------------------------------------------

wrapping first mol.:      -44.02549       31.13073       53.92000
wrapping first mol.:      -44.02549       31.13073       53.92000
wrapping first mol.:      -44.02549       31.13073       53.92000
wrapping first mol.:      -44.02549       31.13073       53.92000
wrapping first mol.:      -44.02549       31.13073       53.92000
wrapping first mol.:      -44.02549       31.13073       53.92000
wrapping first mol.:      -44.02549       31.13073       53.92000
wrapping first mol.:      -44.02549       31.13073       53.92000
wrapping first mol.:      -44.02549       31.13073       53.92000
wrapping first mol.:      -44.02549       31.13073       53.92000
wrapping first mol.:      -44.02549       31.13073       53.92000

 NSTEP =   550000   TIME(PS) =    1100.000  TEMP(K) =   299.96  PRESS =     0.0
 Etot   =    -72377.3941  EKtot   =     13955.1592  EPtot      =    -86332.5533
 BOND   =       553.0758  ANGLE   =      1598.9763  DIHED      =      1057.4363
 UB     =         0.0000  IMP     =         0.0000  CMAP       =       155.4004
 1-4 NB =       672.8786  1-4 EEL =     10326.2772  VDWAALS    =      9431.5556
 EELEC  =   -110128.1535  EHBOND  =         0.0000  RESTRAINT  =         0.0000
 ------------------------------------------------------------------------------

wrapping first mol.:      -44.02549       31.13073       53.92000
wrapping first mol.:      -44.02549       31.13073       53.92000
wrapping first mol.:      -44.02549       31.13073       53.92000
wrapping first mol.:      -44.02549       31.13073       53.92000
wrapping first mol.:      -44.02549       31.13073       53.92000
wrapping first mol.:      -44.02549       31.13073       53.92000
wrapping first mol.:      -44.02549       31.13073       53.92000
wrapping first mol.:      -44.02549       31.13073       53.92000
wrapping first mol.:      -44.02549       31.13073       53.92000
wrapping first mol.:      -44.02549       31.13073       53.92000
wrapping first mol.:      -44.02549       31.13073       53.92000

 NSTEP =   600000   TIME(PS) =    1200.000  TEMP(K) =   300.69  PRESS =     0.0
 Etot   =    -72454.9519  EKtot   =     13989.2559  EPtot      =    -86444.2078
 BOND   =       539.1452  ANGLE   =      1639.9957  DIHED      =      1014.5265
 UB     =         0.0000  IMP     =         0.0000  CMAP       =       155.1317
 1-4 NB =       669.3937  1-4 EEL =     10287.4792  VDWAALS    =      9844.1549
 EELEC  =   -110594.0345  EHBOND  =         0.0000  RESTRAINT  =         0.0000
 ------------------------------------------------------------------------------

wrapping first mol.:      -44.02549       31.13073       53.92000
wrapping first mol.:      -44.02549       31.13073       53.92000
wrapping first mol.:      -44.02549       31.13073       53.92000
wrapping first mol.:      -44.02549       31.13073       53.92000
wrapping first mol.:      -44.02549       31.13073       53.92000
wrapping first mol.:      -44.02549       31.13073       53.92000
wrapping first mol.:      -44.02549       31.13073       53.92000
wrapping first mol.:      -44.02549       31.13073       53.92000
wrapping first mol.:      -44.02549       31.13073       53.92000
wrapping first mol.:      -44.02549       31.13073       53.92000
wrapping first mol.:      -44.02549       31.13073       53.92000

 NSTEP =   650000   TIME(PS) =    1300.000  TEMP(K) =   302.48  PRESS =     0.0
 Etot   =    -72221.3488  EKtot   =     14072.7646  EPtot      =    -86294.1135
 BOND   =       571.7940  ANGLE   =      1661.8905  DIHED      =      1052.1118
 UB     =         0.0000  IMP     =         0.0000  CMAP       =       148.6499
 1-4 NB =       644.6723  1-4 EEL =     10305.1167  VDWAALS    =      9609.5842
 EELEC  =   -110287.9329  EHBOND  =         0.0000  RESTRAINT  =         0.0000
 ------------------------------------------------------------------------------

wrapping first mol.:      -44.02549       31.13073       53.92000
wrapping first mol.:      -44.02549       31.13073       53.92000
wrapping first mol.:      -44.02549       31.13073       53.92000
wrapping first mol.:      -44.02549       31.13073       53.92000
wrapping first mol.:      -44.02549       31.13073       53.92000
wrapping first mol.:      -44.02549       31.13073       53.92000
wrapping first mol.:      -44.02549       31.13073       53.92000
wrapping first mol.:      -44.02549       31.13073       53.92000
wrapping first mol.:      -44.02549       31.13073       53.92000
wrapping first mol.:      -44.02549       31.13073       53.92000
wrapping first mol.:      -44.02549       31.13073       53.92000

 NSTEP =   700000   TIME(PS) =    1400.000  TEMP(K) =   304.01  PRESS =     0.0
 Etot   =    -72136.6536  EKtot   =     14143.6387  EPtot      =    -86280.2922
 BOND   =       576.3664  ANGLE   =      1610.1804  DIHED      =      1030.6001
 UB     =         0.0000  IMP     =         0.0000  CMAP       =       162.9887
 1-4 NB =       655.9198  1-4 EEL =     10319.7898  VDWAALS    =      9489.1459
 EELEC  =   -110125.2835  EHBOND  =         0.0000  RESTRAINT  =         0.0000
 ------------------------------------------------------------------------------

wrapping first mol.:      -44.02549       31.13073       53.92000
wrapping first mol.:      -44.02549       31.13073       53.92000
wrapping first mol.:      -44.02549       31.13073       53.92000
wrapping first mol.:      -44.02549       31.13073       53.92000
wrapping first mol.:      -44.02549       31.13073       53.92000
wrapping first mol.:      -44.02549       31.13073       53.92000
wrapping first mol.:      -44.02549       31.13073       53.92000
wrapping first mol.:      -44.02549       31.13073       53.92000
wrapping first mol.:      -44.02549       31.13073       53.92000
wrapping first mol.:      -44.02549       31.13073       53.92000
wrapping first mol.:      -44.02549       31.13073       53.92000

 NSTEP =   750000   TIME(PS) =    1500.000  TEMP(K) =   299.73  PRESS =     0.0
 Etot   =    -72285.5740  EKtot   =     13944.6758  EPtot      =    -86230.2498
 BOND   =       533.7329  ANGLE   =      1606.3772  DIHED      =      1064.1817
 UB     =         0.0000  IMP     =         0.0000  CMAP       =       147.9309
 1-4 NB =       690.1335  1-4 EEL =     10360.1244  VDWAALS    =      9749.6241
 EELEC  =   -110382.3546  EHBOND  =         0.0000  RESTRAINT  =         0.0000
 ------------------------------------------------------------------------------

wrapping first mol.:      -44.02549       31.13073       53.92000
wrapping first mol.:      -44.02549       31.13073       53.92000
wrapping first mol.:      -44.02549       31.13073       53.92000
wrapping first mol.:      -44.02549       31.13073       53.92000
wrapping first mol.:      -44.02549       31.13073       53.92000
wrapping first mol.:      -44.02549       31.13073       53.92000
wrapping first mol.:      -44.02549       31.13073       53.92000
wrapping first mol.:      -44.02549       31.13073       53.92000
wrapping first mol.:      -44.02549       31.13073       53.92000
wrapping first mol.:      -44.02549       31.13073       53.92000
wrapping first mol.:      -44.02549       31.13073       53.92000

 NSTEP =   800000   TIME(PS) =    1600.000  TEMP(K) =   299.67  PRESS =     0.0
 Etot   =    -72301.3464  EKtot   =     13941.9248  EPtot      =    -86243.2712
 BOND   =       552.4337  ANGLE   =      1572.6793  DIHED      =      1023.6202
 UB     =         0.0000  IMP     =         0.0000  CMAP       =       154.7721
 1-4 NB =       669.1564  1-4 EEL =     10357.0019  VDWAALS    =      9587.0133
 EELEC  =   -110159.9480  EHBOND  =         0.0000  RESTRAINT  =         0.0000
 ------------------------------------------------------------------------------

wrapping first mol.:      -44.02549       31.13073       53.92000
wrapping first mol.:      -44.02549       31.13073       53.92000
wrapping first mol.:      -44.02549       31.13073       53.92000
wrapping first mol.:      -44.02549       31.13073       53.92000
wrapping first mol.:      -44.02549       31.13073       53.92000
wrapping first mol.:      -44.02549       31.13073       53.92000
wrapping first mol.:      -44.02549       31.13073       53.92000
wrapping first mol.:      -44.02549       31.13073       53.92000
wrapping first mol.:      -44.02549       31.13073       53.92000
wrapping first mol.:      -44.02549       31.13073       53.92000
wrapping first mol.:      -44.02549       31.13073       53.92000

 NSTEP =   850000   TIME(PS) =    1700.000  TEMP(K) =   296.21  PRESS =     0.0
 Etot   =    -72578.4366  EKtot   =     13780.8730  EPtot      =    -86359.3097
 BOND   =       577.9159  ANGLE   =      1585.9803  DIHED      =      1054.6256
 UB     =         0.0000  IMP     =         0.0000  CMAP       =       147.2520
 1-4 NB =       662.0736  1-4 EEL =     10311.4751  VDWAALS    =      9787.7703
 EELEC  =   -110486.4026  EHBOND  =         0.0000  RESTRAINT  =         0.0000
 ------------------------------------------------------------------------------

wrapping first mol.:      -44.02549       31.13073       53.92000
wrapping first mol.:      -44.02549       31.13073       53.92000
wrapping first mol.:      -44.02549       31.13073       53.92000
wrapping first mol.:      -44.02549       31.13073       53.92000
wrapping first mol.:      -44.02549       31.13073       53.92000
wrapping first mol.:      -44.02549       31.13073       53.92000
wrapping first mol.:      -44.02549       31.13073       53.92000
wrapping first mol.:      -44.02549       31.13073       53.92000
wrapping first mol.:      -44.02549       31.13073       53.92000
wrapping first mol.:      -44.02549       31.13073       53.92000
wrapping first mol.:      -44.02549       31.13073       53.92000

 NSTEP =   900000   TIME(PS) =    1800.000  TEMP(K) =   299.97  PRESS =     0.0
 Etot   =    -72469.5576  EKtot   =     13955.7910  EPtot      =    -86425.3486
 BOND   =       550.9560  ANGLE   =      1565.0831  DIHED      =      1029.6475
 UB     =         0.0000  IMP     =         0.0000  CMAP       =       163.3741
 1-4 NB =       678.4843  1-4 EEL =     10362.5203  VDWAALS    =      9341.7553
 EELEC  =   -110117.1692  EHBOND  =         0.0000  RESTRAINT  =         0.0000
 ------------------------------------------------------------------------------

wrapping first mol.:      -44.02549       31.13073       53.92000
wrapping first mol.:      -44.02549       31.13073       53.92000
wrapping first mol.:      -44.02549       31.13073       53.92000
wrapping first mol.:      -44.02549       31.13073       53.92000
wrapping first mol.:      -44.02549       31.13073       53.92000
wrapping first mol.:      -44.02549       31.13073       53.92000
wrapping first mol.:      -44.02549       31.13073       53.92000
wrapping first mol.:      -44.02549       31.13073       53.92000
wrapping first mol.:      -44.02549       31.13073       53.92000
wrapping first mol.:      -44.02549       31.13073       53.92000
wrapping first mol.:      -44.02549       31.13073       53.92000

 NSTEP =   950000   TIME(PS) =    1900.000  TEMP(K) =   303.45  PRESS =     0.0
 Etot   =    -72343.6065  EKtot   =     14117.7920  EPtot      =    -86461.3985
 BOND   =       577.7289  ANGLE   =      1589.7608  DIHED      =      1011.3364
 UB     =         0.0000  IMP     =         0.0000  CMAP       =       149.5906
 1-4 NB =       660.4077  1-4 EEL =     10299.9220  VDWAALS    =      9623.4757
 EELEC  =   -110373.6206  EHBOND  =         0.0000  RESTRAINT  =         0.0000
 ------------------------------------------------------------------------------

wrapping first mol.:      -44.02549       31.13073       53.92000
wrapping first mol.:      -44.02549       31.13073       53.92000
wrapping first mol.:      -44.02549       31.13073       53.92000
wrapping first mol.:      -44.02549       31.13073       53.92000
wrapping first mol.:      -44.02549       31.13073       53.92000
wrapping first mol.:      -44.02549       31.13073       53.92000
wrapping first mol.:      -44.02549       31.13073       53.92000
wrapping first mol.:      -44.02549       31.13073       53.92000
wrapping first mol.:      -44.02549       31.13073       53.92000
wrapping first mol.:      -44.02549       31.13073       53.92000
wrapping first mol.:      -44.02549       31.13073       53.92000

 NSTEP =  1000000   TIME(PS) =    2000.000  TEMP(K) =   300.32  PRESS =     0.0
 Etot   =    -72371.3414  EKtot   =     13972.2539  EPtot      =    -86343.5953
 BOND   =       556.6577  ANGLE   =      1614.2004  DIHED      =      1015.4878
 UB     =         0.0000  IMP     =         0.0000  CMAP       =       160.7611
 1-4 NB =       672.9823  1-4 EEL =     10362.6885  VDWAALS    =      9652.4075
 EELEC  =   -110378.7807  EHBOND  =         0.0000  RESTRAINT  =         0.0000
 ------------------------------------------------------------------------------

wrapping first mol.:      -44.02549       31.13073       53.92000
wrapping first mol.:      -44.02549       31.13073       53.92000
wrapping first mol.:      -44.02549       31.13073       53.92000
wrapping first mol.:      -44.02549       31.13073       53.92000
wrapping first mol.:      -44.02549       31.13073       53.92000
wrapping first mol.:      -44.02549       31.13073       53.92000
wrapping first mol.:      -44.02549       31.13073       53.92000
wrapping first mol.:      -44.02549       31.13073       53.92000
wrapping first mol.:      -44.02549       31.13073       53.92000
wrapping first mol.:      -44.02549       31.13073       53.92000
wrapping first mol.:      -44.02549       31.13073       53.92000

 NSTEP =  1050000   TIME(PS) =    2100.000  TEMP(K) =   298.56  PRESS =     0.0
 Etot   =    -72549.8493  EKtot   =     13890.3623  EPtot      =    -86440.2116
 BOND   =       566.2322  ANGLE   =      1611.7487  DIHED      =      1023.4773
 UB     =         0.0000  IMP     =         0.0000  CMAP       =       154.2655
 1-4 NB =       670.5979  1-4 EEL =     10378.2210  VDWAALS    =      9679.3544
 EELEC  =   -110524.1085  EHBOND  =         0.0000  RESTRAINT  =         0.0000
 ------------------------------------------------------------------------------

wrapping first mol.:      -44.02549       31.13073       53.92000
wrapping first mol.:      -44.02549       31.13073       53.92000
wrapping first mol.:      -44.02549       31.13073       53.92000
wrapping first mol.:      -44.02549       31.13073       53.92000
wrapping first mol.:      -44.02549       31.13073       53.92000
wrapping first mol.:      -44.02549       31.13073       53.92000
wrapping first mol.:      -44.02549       31.13073       53.92000
wrapping first mol.:      -44.02549       31.13073       53.92000
wrapping first mol.:      -44.02549       31.13073       53.92000
wrapping first mol.:      -44.02549       31.13073       53.92000
wrapping first mol.:      -44.02549       31.13073       53.92000

 NSTEP =  1100000   TIME(PS) =    2200.000  TEMP(K) =   298.35  PRESS =     0.0
 Etot   =    -72181.6394  EKtot   =     13880.6006  EPtot      =    -86062.2400
 BOND   =       580.2297  ANGLE   =      1641.5347  DIHED      =      1071.0318
 UB     =         0.0000  IMP     =         0.0000  CMAP       =       157.2492
 1-4 NB =       676.0666  1-4 EEL =     10320.1150  VDWAALS    =      9740.7311
 EELEC  =   -110249.1981  EHBOND  =         0.0000  RESTRAINT  =         0.0000
 ------------------------------------------------------------------------------

wrapping first mol.:      -44.02549       31.13073       53.92000
wrapping first mol.:      -44.02549       31.13073       53.92000
wrapping first mol.:      -44.02549       31.13073       53.92000
wrapping first mol.:      -44.02549       31.13073       53.92000
wrapping first mol.:      -44.02549       31.13073       53.92000
wrapping first mol.:      -44.02549       31.13073       53.92000
wrapping first mol.:      -44.02549       31.13073       53.92000
wrapping first mol.:      -44.02549       31.13073       53.92000
wrapping first mol.:      -44.02549       31.13073       53.92000
wrapping first mol.:      -44.02549       31.13073       53.92000
wrapping first mol.:      -44.02549       31.13073       53.92000

 NSTEP =  1150000   TIME(PS) =    2300.000  TEMP(K) =   303.11  PRESS =     0.0
 Etot   =    -72466.7583  EKtot   =     14101.8154  EPtot      =    -86568.5737
 BOND   =       594.1919  ANGLE   =      1609.8522  DIHED      =      1045.3604
 UB     =         0.0000  IMP     =         0.0000  CMAP       =       131.2590
 1-4 NB =       685.3622  1-4 EEL =     10357.9296  VDWAALS    =      9803.9057
 EELEC  =   -110796.4348  EHBOND  =         0.0000  RESTRAINT  =         0.0000
 ------------------------------------------------------------------------------

wrapping first mol.:      -44.02549       31.13073       53.92000
wrapping first mol.:      -44.02549       31.13073       53.92000
wrapping first mol.:      -44.02549       31.13073       53.92000
wrapping first mol.:      -44.02549       31.13073       53.92000
wrapping first mol.:      -44.02549       31.13073       53.92000
wrapping first mol.:      -44.02549       31.13073       53.92000
wrapping first mol.:      -44.02549       31.13073       53.92000
wrapping first mol.:      -44.02549       31.13073       53.92000
wrapping first mol.:      -44.02549       31.13073       53.92000
wrapping first mol.:      -44.02549       31.13073       53.92000
wrapping first mol.:      -44.02549       31.13073       53.92000

 NSTEP =  1200000   TIME(PS) =    2400.000  TEMP(K) =   299.53  PRESS =     0.0
 Etot   =    -72606.0930  EKtot   =     13935.4854  EPtot      =    -86541.5783
 BOND   =       571.9122  ANGLE   =      1575.1662  DIHED      =      1067.5409
 UB     =         0.0000  IMP     =         0.0000  CMAP       =       151.8249
 1-4 NB =       666.1728  1-4 EEL =     10317.4360  VDWAALS    =      9672.3478
 EELEC  =   -110563.9790  EHBOND  =         0.0000  RESTRAINT  =         0.0000
 ------------------------------------------------------------------------------

wrapping first mol.:      -44.02549       31.13073       53.92000
wrapping first mol.:      -44.02549       31.13073       53.92000
wrapping first mol.:      -44.02549       31.13073       53.92000
wrapping first mol.:      -44.02549       31.13073       53.92000
wrapping first mol.:      -44.02549       31.13073       53.92000
wrapping first mol.:      -44.02549       31.13073       53.92000
wrapping first mol.:      -44.02549       31.13073       53.92000
wrapping first mol.:      -44.02549       31.13073       53.92000
wrapping first mol.:      -44.02549       31.13073       53.92000
wrapping first mol.:      -44.02549       31.13073       53.92000
wrapping first mol.:      -44.02549       31.13073       53.92000

 NSTEP =  1250000   TIME(PS) =    2500.000  TEMP(K) =   298.35  PRESS =     0.0
 Etot   =    -72460.7660  EKtot   =     13880.3145  EPtot      =    -86341.0805
 BOND   =       567.2517  ANGLE   =      1582.7765  DIHED      =      1026.6750
 UB     =         0.0000  IMP     =         0.0000  CMAP       =       140.6393
 1-4 NB =       677.5663  1-4 EEL =     10376.7526  VDWAALS    =      9514.2504
 EELEC  =   -110226.9924  EHBOND  =         0.0000  RESTRAINT  =         0.0000
 ------------------------------------------------------------------------------

wrapping first mol.:      -44.02549       31.13073       53.92000
wrapping first mol.:      -44.02549       31.13073       53.92000
wrapping first mol.:      -44.02549       31.13073       53.92000
wrapping first mol.:      -44.02549       31.13073       53.92000
wrapping first mol.:      -44.02549       31.13073       53.92000
wrapping first mol.:      -44.02549       31.13073       53.92000
wrapping first mol.:      -44.02549       31.13073       53.92000
wrapping first mol.:      -44.02549       31.13073       53.92000
wrapping first mol.:      -44.02549       31.13073       53.92000
wrapping first mol.:      -44.02549       31.13073       53.92000
wrapping first mol.:      -44.02549       31.13073       53.92000

 NSTEP =  1300000   TIME(PS) =    2600.000  TEMP(K) =   299.08  PRESS =     0.0
 Etot   =    -72660.4104  EKtot   =     13914.5713  EPtot      =    -86574.9817
 BOND   =       594.5714  ANGLE   =      1580.7597  DIHED      =      1051.4876
 UB     =         0.0000  IMP     =         0.0000  CMAP       =       154.9527
 1-4 NB =       661.1003  1-4 EEL =     10340.2068  VDWAALS    =      9835.6410
 EELEC  =   -110793.7012  EHBOND  =         0.0000  RESTRAINT  =         0.0000
 ------------------------------------------------------------------------------

wrapping first mol.:      -44.02549       31.13073       53.92000
wrapping first mol.:      -44.02549       31.13073       53.92000
wrapping first mol.:      -44.02549       31.13073       53.92000
wrapping first mol.:      -44.02549       31.13073       53.92000
wrapping first mol.:      -44.02549       31.13073       53.92000
wrapping first mol.:      -44.02549       31.13073       53.92000
wrapping first mol.:      -44.02549       31.13073       53.92000
wrapping first mol.:      -44.02549       31.13073       53.92000
wrapping first mol.:      -44.02549       31.13073       53.92000
wrapping first mol.:      -44.02549       31.13073       53.92000
wrapping first mol.:      -44.02549       31.13073       53.92000

 NSTEP =  1350000   TIME(PS) =    2700.000  TEMP(K) =   300.68  PRESS =     0.0
 Etot   =    -72427.8810  EKtot   =     13989.1074  EPtot      =    -86416.9884
 BOND   =       560.6222  ANGLE   =      1586.4296  DIHED      =      1057.2796
 UB     =         0.0000  IMP     =         0.0000  CMAP       =       153.6820
 1-4 NB =       661.4448  1-4 EEL =     10314.6736  VDWAALS    =      9599.0782
 EELEC  =   -110350.1983  EHBOND  =         0.0000  RESTRAINT  =         0.0000
 ------------------------------------------------------------------------------

wrapping first mol.:      -44.02549       31.13073       53.92000
wrapping first mol.:      -44.02549       31.13073       53.92000
wrapping first mol.:      -44.02549       31.13073       53.92000
wrapping first mol.:      -44.02549       31.13073       53.92000
wrapping first mol.:      -44.02549       31.13073       53.92000
wrapping first mol.:      -44.02549       31.13073       53.92000
wrapping first mol.:      -44.02549       31.13073       53.92000
wrapping first mol.:      -44.02549       31.13073       53.92000
wrapping first mol.:      -44.02549       31.13073       53.92000
wrapping first mol.:      -44.02549       31.13073       53.92000
wrapping first mol.:      -44.02549       31.13073       53.92000

 NSTEP =  1400000   TIME(PS) =    2800.000  TEMP(K) =   299.32  PRESS =     0.0
 Etot   =    -72693.1440  EKtot   =     13925.4502  EPtot      =    -86618.5942
 BOND   =       579.3606  ANGLE   =      1614.7167  DIHED      =      1054.1992
 UB     =         0.0000  IMP     =         0.0000  CMAP       =       143.1153
 1-4 NB =       659.7815  1-4 EEL =     10295.9823  VDWAALS    =      9812.2231
 EELEC  =   -110777.9729  EHBOND  =         0.0000  RESTRAINT  =         0.0000
 ------------------------------------------------------------------------------

wrapping first mol.:      -44.02549       31.13073       53.92000
wrapping first mol.:      -44.02549       31.13073       53.92000
wrapping first mol.:      -44.02549       31.13073       53.92000
wrapping first mol.:      -44.02549       31.13073       53.92000
wrapping first mol.:      -44.02549       31.13073       53.92000
wrapping first mol.:      -44.02549       31.13073       53.92000
wrapping first mol.:      -44.02549       31.13073       53.92000
wrapping first mol.:      -44.02549       31.13073       53.92000
wrapping first mol.:      -44.02549       31.13073       53.92000
wrapping first mol.:      -44.02549       31.13073       53.92000
wrapping first mol.:      -44.02549       31.13073       53.92000

 NSTEP =  1450000   TIME(PS) =    2900.000  TEMP(K) =   299.14  PRESS =     0.0
 Etot   =    -72404.0216  EKtot   =     13917.3760  EPtot      =    -86321.3976
 BOND   =       651.5013  ANGLE   =      1618.7101  DIHED      =      1022.4408
 UB     =         0.0000  IMP     =         0.0000  CMAP       =       159.6770
 1-4 NB =       655.1532  1-4 EEL =     10264.5195  VDWAALS    =      9868.4847
 EELEC  =   -110561.8840  EHBOND  =         0.0000  RESTRAINT  =         0.0000
 ------------------------------------------------------------------------------

wrapping first mol.:      -44.02549       31.13073       53.92000
wrapping first mol.:      -44.02549       31.13073       53.92000
wrapping first mol.:      -44.02549       31.13073       53.92000
wrapping first mol.:      -44.02549       31.13073       53.92000
wrapping first mol.:      -44.02549       31.13073       53.92000
wrapping first mol.:      -44.02549       31.13073       53.92000
wrapping first mol.:      -44.02549       31.13073       53.92000
wrapping first mol.:      -44.02549       31.13073       53.92000
wrapping first mol.:      -44.02549       31.13073       53.92000
wrapping first mol.:      -44.02549       31.13073       53.92000
wrapping first mol.:      -44.02549       31.13073       53.92000

 NSTEP =  1500000   TIME(PS) =    3000.000  TEMP(K) =   302.07  PRESS =     0.0
 Etot   =    -72325.7811  EKtot   =     14053.5654  EPtot      =    -86379.3465
 BOND   =       602.1319  ANGLE   =      1647.8424  DIHED      =      1030.0075
 UB     =         0.0000  IMP     =         0.0000  CMAP       =       153.9817
 1-4 NB =       651.8144  1-4 EEL =     10308.2460  VDWAALS    =      9599.4010
 EELEC  =   -110372.7713  EHBOND  =         0.0000  RESTRAINT  =         0.0000
 ------------------------------------------------------------------------------

wrapping first mol.:      -44.02549       31.13073       53.92000
wrapping first mol.:      -44.02549       31.13073       53.92000
wrapping first mol.:      -44.02549       31.13073       53.92000
wrapping first mol.:      -44.02549       31.13073       53.92000
wrapping first mol.:      -44.02549       31.13073       53.92000
wrapping first mol.:      -44.02549       31.13073       53.92000
wrapping first mol.:      -44.02549       31.13073       53.92000
wrapping first mol.:      -44.02549       31.13073       53.92000
wrapping first mol.:      -44.02549       31.13073       53.92000
wrapping first mol.:      -44.02549       31.13073       53.92000
wrapping first mol.:      -44.02549       31.13073       53.92000

 NSTEP =  1550000   TIME(PS) =    3100.000  TEMP(K) =   302.43  PRESS =     0.0
 Etot   =    -72356.3779  EKtot   =     14070.2764  EPtot      =    -86426.6542
 BOND   =       561.9711  ANGLE   =      1602.8905  DIHED      =      1010.4625
 UB     =         0.0000  IMP     =         0.0000  CMAP       =       161.5664
 1-4 NB =       661.9354  1-4 EEL =     10316.4658  VDWAALS    =      9666.8323
 EELEC  =   -110408.7783  EHBOND  =         0.0000  RESTRAINT  =         0.0000
 ------------------------------------------------------------------------------

wrapping first mol.:      -44.02549       31.13073       53.92000
wrapping first mol.:      -44.02549       31.13073       53.92000
wrapping first mol.:      -44.02549       31.13073       53.92000
wrapping first mol.:      -44.02549       31.13073       53.92000
wrapping first mol.:      -44.02549       31.13073       53.92000
wrapping first mol.:      -44.02549       31.13073       53.92000
wrapping first mol.:      -44.02549       31.13073       53.92000
wrapping first mol.:      -44.02549       31.13073       53.92000
wrapping first mol.:      -44.02549       31.13073       53.92000
wrapping first mol.:      -44.02549       31.13073       53.92000
wrapping first mol.:      -44.02549       31.13073       53.92000

 NSTEP =  1600000   TIME(PS) =    3200.000  TEMP(K) =   298.12  PRESS =     0.0
 Etot   =    -72335.4254  EKtot   =     13869.9502  EPtot      =    -86205.3756
 BOND   =       543.9507  ANGLE   =      1601.8707  DIHED      =      1043.0218
 UB     =         0.0000  IMP     =         0.0000  CMAP       =       152.3818
 1-4 NB =       689.6270  1-4 EEL =     10355.6856  VDWAALS    =      9669.0666
 EELEC  =   -110260.9799  EHBOND  =         0.0000  RESTRAINT  =         0.0000
 ------------------------------------------------------------------------------

wrapping first mol.:      -44.02549       31.13073       53.92000
wrapping first mol.:      -44.02549       31.13073       53.92000
wrapping first mol.:      -44.02549       31.13073       53.92000
wrapping first mol.:      -44.02549       31.13073       53.92000
wrapping first mol.:      -44.02549       31.13073       53.92000
wrapping first mol.:      -44.02549       31.13073       53.92000
wrapping first mol.:      -44.02549       31.13073       53.92000
wrapping first mol.:      -44.02549       31.13073       53.92000
wrapping first mol.:      -44.02549       31.13073       53.92000
wrapping first mol.:      -44.02549       31.13073       53.92000
wrapping first mol.:      -44.02549       31.13073       53.92000

 NSTEP =  1650000   TIME(PS) =    3300.000  TEMP(K) =   301.12  PRESS =     0.0
 Etot   =    -72287.4351  EKtot   =     14009.4785  EPtot      =    -86296.9136
 BOND   =       560.7718  ANGLE   =      1587.8712  DIHED      =      1046.9343
 UB     =         0.0000  IMP     =         0.0000  CMAP       =       149.8980
 1-4 NB =       675.7558  1-4 EEL =     10300.1294  VDWAALS    =      9373.9864
 EELEC  =   -109992.2605  EHBOND  =         0.0000  RESTRAINT  =         0.0000
 ------------------------------------------------------------------------------

wrapping first mol.:      -44.02549       31.13073       53.92000
wrapping first mol.:      -44.02549       31.13073       53.92000
wrapping first mol.:      -44.02549       31.13073       53.92000
wrapping first mol.:      -44.02549       31.13073       53.92000
wrapping first mol.:      -44.02549       31.13073       53.92000
wrapping first mol.:      -44.02549       31.13073       53.92000
wrapping first mol.:      -44.02549       31.13073       53.92000
wrapping first mol.:      -44.02549       31.13073       53.92000
wrapping first mol.:      -44.02549       31.13073       53.92000
wrapping first mol.:      -44.02549       31.13073       53.92000
wrapping first mol.:      -44.02549       31.13073       53.92000

 NSTEP =  1700000   TIME(PS) =    3400.000  TEMP(K) =   300.30  PRESS =     0.0
 Etot   =    -72320.7938  EKtot   =     13971.3105  EPtot      =    -86292.1044
 BOND   =       563.7966  ANGLE   =      1611.1032  DIHED      =      1053.2222
 UB     =         0.0000  IMP     =         0.0000  CMAP       =       160.4727
 1-4 NB =       674.7969  1-4 EEL =     10348.2063  VDWAALS    =      9858.5716
 EELEC  =   -110562.2739  EHBOND  =         0.0000  RESTRAINT  =         0.0000
 ------------------------------------------------------------------------------

wrapping first mol.:      -44.02549       31.13073       53.92000
wrapping first mol.:      -44.02549       31.13073       53.92000
wrapping first mol.:      -44.02549       31.13073       53.92000
wrapping first mol.:      -44.02549       31.13073       53.92000
wrapping first mol.:      -44.02549       31.13073       53.92000
wrapping first mol.:      -44.02549       31.13073       53.92000
wrapping first mol.:      -44.02549       31.13073       53.92000
wrapping first mol.:      -44.02549       31.13073       53.92000
wrapping first mol.:      -44.02549       31.13073       53.92000
wrapping first mol.:      -44.02549       31.13073       53.92000
wrapping first mol.:      -44.02549       31.13073       53.92000

 NSTEP =  1750000   TIME(PS) =    3500.000  TEMP(K) =   296.33  PRESS =     0.0
 Etot   =    -72735.8435  EKtot   =     13786.6094  EPtot      =    -86522.4529
 BOND   =       547.6553  ANGLE   =      1638.8110  DIHED      =      1039.1820
 UB     =         0.0000  IMP     =         0.0000  CMAP       =       146.5959
 1-4 NB =       657.0231  1-4 EEL =     10287.0344  VDWAALS    =      9468.7120
 EELEC  =   -110307.4666  EHBOND  =         0.0000  RESTRAINT  =         0.0000
 ------------------------------------------------------------------------------

wrapping first mol.:      -44.02549       31.13073       53.92000
wrapping first mol.:      -44.02549       31.13073       53.92000
wrapping first mol.:      -44.02549       31.13073       53.92000
wrapping first mol.:      -44.02549       31.13073       53.92000
wrapping first mol.:      -44.02549       31.13073       53.92000
wrapping first mol.:      -44.02549       31.13073       53.92000
wrapping first mol.:      -44.02549       31.13073       53.92000
wrapping first mol.:      -44.02549       31.13073       53.92000
wrapping first mol.:      -44.02549       31.13073       53.92000
wrapping first mol.:      -44.02549       31.13073       53.92000
wrapping first mol.:      -44.02549       31.13073       53.92000

 NSTEP =  1800000   TIME(PS) =    3600.000  TEMP(K) =   300.78  PRESS =     0.0
 Etot   =    -72265.0630  EKtot   =     13993.4980  EPtot      =    -86258.5610
 BOND   =       599.0674  ANGLE   =      1596.9693  DIHED      =      1019.8171
 UB     =         0.0000  IMP     =         0.0000  CMAP       =       154.8372
 1-4 NB =       651.6466  1-4 EEL =     10296.1934  VDWAALS    =      9621.3333
 EELEC  =   -110198.4253  EHBOND  =         0.0000  RESTRAINT  =         0.0000
 ------------------------------------------------------------------------------

wrapping first mol.:      -44.02549       31.13073       53.92000
wrapping first mol.:      -44.02549       31.13073       53.92000
wrapping first mol.:      -44.02549       31.13073       53.92000
wrapping first mol.:      -44.02549       31.13073       53.92000
wrapping first mol.:      -44.02549       31.13073       53.92000
wrapping first mol.:      -44.02549       31.13073       53.92000
wrapping first mol.:      -44.02549       31.13073       53.92000
wrapping first mol.:      -44.02549       31.13073       53.92000
wrapping first mol.:      -44.02549       31.13073       53.92000
wrapping first mol.:      -44.02549       31.13073       53.92000
wrapping first mol.:      -44.02549       31.13073       53.92000

 NSTEP =  1850000   TIME(PS) =    3700.000  TEMP(K) =   301.22  PRESS =     0.0
 Etot   =    -72367.2231  EKtot   =     14014.1348  EPtot      =    -86381.3578
 BOND   =       533.7668  ANGLE   =      1540.3326  DIHED      =      1027.1014
 UB     =         0.0000  IMP     =         0.0000  CMAP       =       153.9095
 1-4 NB =       671.3277  1-4 EEL =     10342.9893  VDWAALS    =      9723.4369
 EELEC  =   -110374.2220  EHBOND  =         0.0000  RESTRAINT  =         0.0000
 ------------------------------------------------------------------------------

wrapping first mol.:      -44.02549       31.13073       53.92000
wrapping first mol.:      -44.02549       31.13073       53.92000
wrapping first mol.:      -44.02549       31.13073       53.92000
wrapping first mol.:      -44.02549       31.13073       53.92000
wrapping first mol.:      -44.02549       31.13073       53.92000
wrapping first mol.:      -44.02549       31.13073       53.92000
wrapping first mol.:      -44.02549       31.13073       53.92000
wrapping first mol.:      -44.02549       31.13073       53.92000
wrapping first mol.:      -44.02549       31.13073       53.92000
wrapping first mol.:      -44.02549       31.13073       53.92000
wrapping first mol.:      -44.02549       31.13073       53.92000

 NSTEP =  1900000   TIME(PS) =    3800.000  TEMP(K) =   300.71  PRESS =     0.0
 Etot   =    -72385.9810  EKtot   =     13990.1699  EPtot      =    -86376.1509
 BOND   =       561.3697  ANGLE   =      1608.2144  DIHED      =      1034.2804
 UB     =         0.0000  IMP     =         0.0000  CMAP       =       155.6074
 1-4 NB =       669.3414  1-4 EEL =     10316.6801  VDWAALS    =      9748.8595
 EELEC  =   -110470.5038  EHBOND  =         0.0000  RESTRAINT  =         0.0000
 ------------------------------------------------------------------------------

wrapping first mol.:      -44.02549       31.13073       53.92000
wrapping first mol.:      -44.02549       31.13073       53.92000
wrapping first mol.:      -44.02549       31.13073       53.92000
wrapping first mol.:      -44.02549       31.13073       53.92000
wrapping first mol.:      -44.02549       31.13073       53.92000
wrapping first mol.:      -44.02549       31.13073       53.92000
wrapping first mol.:      -44.02549       31.13073       53.92000
wrapping first mol.:      -44.02549       31.13073       53.92000
wrapping first mol.:      -44.02549       31.13073       53.92000
wrapping first mol.:      -44.02549       31.13073       53.92000
wrapping first mol.:      -44.02549       31.13073       53.92000

 NSTEP =  1950000   TIME(PS) =    3900.000  TEMP(K) =   301.59  PRESS =     0.0
 Etot   =    -72208.4925  EKtot   =     14031.0840  EPtot      =    -86239.5765
 BOND   =       575.6044  ANGLE   =      1560.7650  DIHED      =      1045.9920
 UB     =         0.0000  IMP     =         0.0000  CMAP       =       148.7164
 1-4 NB =       664.4680  1-4 EEL =     10292.1054  VDWAALS    =      9817.9170
 EELEC  =   -110345.1447  EHBOND  =         0.0000  RESTRAINT  =         0.0000
 ------------------------------------------------------------------------------

wrapping first mol.:      -44.02549       31.13073       53.92000
wrapping first mol.:      -44.02549       31.13073       53.92000
wrapping first mol.:      -44.02549       31.13073       53.92000
wrapping first mol.:      -44.02549       31.13073       53.92000
wrapping first mol.:      -44.02549       31.13073       53.92000
wrapping first mol.:      -44.02549       31.13073       53.92000
wrapping first mol.:      -44.02549       31.13073       53.92000
wrapping first mol.:      -44.02549       31.13073       53.92000
wrapping first mol.:      -44.02549       31.13073       53.92000
wrapping first mol.:      -44.02549       31.13073       53.92000
wrapping first mol.:      -44.02549       31.13073       53.92000

 NSTEP =  2000000   TIME(PS) =    4000.000  TEMP(K) =   299.11  PRESS =     0.0
 Etot   =    -72279.6601  EKtot   =     13915.8828  EPtot      =    -86195.5429
 BOND   =       577.0098  ANGLE   =      1583.9751  DIHED      =      1062.5633
 UB     =         0.0000  IMP     =         0.0000  CMAP       =       141.7191
 1-4 NB =       664.8822  1-4 EEL =     10392.4994  VDWAALS    =      9391.9247
 EELEC  =   -110010.1165  EHBOND  =         0.0000  RESTRAINT  =         0.0000
 ------------------------------------------------------------------------------

wrapping first mol.:      -44.02549       31.13073       53.92000
wrapping first mol.:      -44.02549       31.13073       53.92000
wrapping first mol.:      -44.02549       31.13073       53.92000
wrapping first mol.:      -44.02549       31.13073       53.92000
wrapping first mol.:      -44.02549       31.13073       53.92000
wrapping first mol.:      -44.02549       31.13073       53.92000
wrapping first mol.:      -44.02549       31.13073       53.92000
wrapping first mol.:      -44.02549       31.13073       53.92000
wrapping first mol.:      -44.02549       31.13073       53.92000
wrapping first mol.:      -44.02549       31.13073       53.92000
wrapping first mol.:      -44.02549       31.13073       53.92000

 NSTEP =  2050000   TIME(PS) =    4100.000  TEMP(K) =   297.73  PRESS =     0.0
 Etot   =    -72630.6759  EKtot   =     13851.5381  EPtot      =    -86482.2140
 BOND   =       565.8818  ANGLE   =      1567.7639  DIHED      =      1023.1430
 UB     =         0.0000  IMP     =         0.0000  CMAP       =       155.9406
 1-4 NB =       663.8244  1-4 EEL =     10383.4368  VDWAALS    =      9510.9640
 EELEC  =   -110353.1684  EHBOND  =         0.0000  RESTRAINT  =         0.0000
 ------------------------------------------------------------------------------

wrapping first mol.:      -44.02549       31.13073       53.92000
wrapping first mol.:      -44.02549       31.13073       53.92000
wrapping first mol.:      -44.02549       31.13073       53.92000
wrapping first mol.:      -44.02549       31.13073       53.92000
wrapping first mol.:      -44.02549       31.13073       53.92000
wrapping first mol.:      -44.02549       31.13073       53.92000
wrapping first mol.:      -44.02549       31.13073       53.92000
wrapping first mol.:      -44.02549       31.13073       53.92000
wrapping first mol.:      -44.02549       31.13073       53.92000
wrapping first mol.:      -44.02549       31.13073       53.92000
wrapping first mol.:      -44.02549       31.13073       53.92000

 NSTEP =  2100000   TIME(PS) =    4200.000  TEMP(K) =   301.10  PRESS =     0.0
 Etot   =    -72415.3416  EKtot   =     14008.2012  EPtot      =    -86423.5428
 BOND   =       577.8627  ANGLE   =      1596.3044  DIHED      =      1057.1789
 UB     =         0.0000  IMP     =         0.0000  CMAP       =       147.0479
 1-4 NB =       663.2404  1-4 EEL =     10310.1127  VDWAALS    =      9825.8587
 EELEC  =   -110601.1485  EHBOND  =         0.0000  RESTRAINT  =         0.0000
 ------------------------------------------------------------------------------

wrapping first mol.:      -44.02549       31.13073       53.92000
wrapping first mol.:      -44.02549       31.13073       53.92000
wrapping first mol.:      -44.02549       31.13073       53.92000
wrapping first mol.:      -44.02549       31.13073       53.92000
wrapping first mol.:      -44.02549       31.13073       53.92000
wrapping first mol.:      -44.02549       31.13073       53.92000
wrapping first mol.:      -44.02549       31.13073       53.92000
wrapping first mol.:      -44.02549       31.13073       53.92000
wrapping first mol.:      -44.02549       31.13073       53.92000
wrapping first mol.:      -44.02549       31.13073       53.92000
wrapping first mol.:      -44.02549       31.13073       53.92000

 NSTEP =  2150000   TIME(PS) =    4300.000  TEMP(K) =   302.33  PRESS =     0.0
 Etot   =    -72467.6193  EKtot   =     14065.7988  EPtot      =    -86533.4182
 BOND   =       539.8526  ANGLE   =      1557.9217  DIHED      =      1023.6631
 UB     =         0.0000  IMP     =         0.0000  CMAP       =       147.4032
 1-4 NB =       655.8490  1-4 EEL =     10312.6588  VDWAALS    =      9802.4109
 EELEC  =   -110573.1775  EHBOND  =         0.0000  RESTRAINT  =         0.0000
 ------------------------------------------------------------------------------

wrapping first mol.:      -44.02549       31.13073       53.92000
wrapping first mol.:      -44.02549       31.13073       53.92000
wrapping first mol.:      -44.02549       31.13073       53.92000
wrapping first mol.:      -44.02549       31.13073       53.92000
wrapping first mol.:      -44.02549       31.13073       53.92000
wrapping first mol.:      -44.02549       31.13073       53.92000
wrapping first mol.:      -44.02549       31.13073       53.92000
wrapping first mol.:      -44.02549       31.13073       53.92000
wrapping first mol.:      -44.02549       31.13073       53.92000
wrapping first mol.:      -44.02549       31.13073       53.92000
wrapping first mol.:      -44.02549       31.13073       53.92000

 NSTEP =  2200000   TIME(PS) =    4400.000  TEMP(K) =   299.40  PRESS =     0.0
 Etot   =    -72489.1507  EKtot   =     13929.2744  EPtot      =    -86418.4251
 BOND   =       566.4745  ANGLE   =      1558.1007  DIHED      =      1018.0006
 UB     =         0.0000  IMP     =         0.0000  CMAP       =       152.0944
 1-4 NB =       671.5166  1-4 EEL =     10284.3438  VDWAALS    =      9738.5277
 EELEC  =   -110407.4833  EHBOND  =         0.0000  RESTRAINT  =         0.0000
 ------------------------------------------------------------------------------

wrapping first mol.:      -44.02549       31.13073       53.92000
wrapping first mol.:      -44.02549       31.13073       53.92000
wrapping first mol.:      -44.02549       31.13073       53.92000
wrapping first mol.:      -44.02549       31.13073       53.92000
wrapping first mol.:      -44.02549       31.13073       53.92000
wrapping first mol.:      -44.02549       31.13073       53.92000
wrapping first mol.:      -44.02549       31.13073       53.92000
wrapping first mol.:      -44.02549       31.13073       53.92000
wrapping first mol.:      -44.02549       31.13073       53.92000
wrapping first mol.:      -44.02549       31.13073       53.92000
wrapping first mol.:      -44.02549       31.13073       53.92000

 NSTEP =  2250000   TIME(PS) =    4500.000  TEMP(K) =   301.10  PRESS =     0.0
 Etot   =    -72336.6121  EKtot   =     14008.3887  EPtot      =    -86345.0007
 BOND   =       569.1455  ANGLE   =      1609.4722  DIHED      =      1052.7202
 UB     =         0.0000  IMP     =         0.0000  CMAP       =       147.2763
 1-4 NB =       660.2898  1-4 EEL =     10295.5375  VDWAALS    =      9429.6745
 EELEC  =   -110109.1168  EHBOND  =         0.0000  RESTRAINT  =         0.0000
 ------------------------------------------------------------------------------

wrapping first mol.:      -44.02549       31.13073       53.92000
wrapping first mol.:      -44.02549       31.13073       53.92000
wrapping first mol.:      -44.02549       31.13073       53.92000
wrapping first mol.:      -44.02549       31.13073       53.92000
wrapping first mol.:      -44.02549       31.13073       53.92000
wrapping first mol.:      -44.02549       31.13073       53.92000
wrapping first mol.:      -44.02549       31.13073       53.92000
wrapping first mol.:      -44.02549       31.13073       53.92000
wrapping first mol.:      -44.02549       31.13073       53.92000
wrapping first mol.:      -44.02549       31.13073       53.92000
wrapping first mol.:      -44.02549       31.13073       53.92000

 NSTEP =  2300000   TIME(PS) =    4600.000  TEMP(K) =   300.78  PRESS =     0.0
 Etot   =    -72545.1429  EKtot   =     13993.7070  EPtot      =    -86538.8499
 BOND   =       579.5754  ANGLE   =      1607.2902  DIHED      =      1019.8319
 UB     =         0.0000  IMP     =         0.0000  CMAP       =       157.9835
 1-4 NB =       662.1957  1-4 EEL =     10298.4379  VDWAALS    =      9598.0828
 EELEC  =   -110462.2474  EHBOND  =         0.0000  RESTRAINT  =         0.0000
 ------------------------------------------------------------------------------

wrapping first mol.:      -44.02549       31.13073       53.92000
wrapping first mol.:      -44.02549       31.13073       53.92000
wrapping first mol.:      -44.02549       31.13073       53.92000
wrapping first mol.:      -44.02549       31.13073       53.92000
wrapping first mol.:      -44.02549       31.13073       53.92000
wrapping first mol.:      -44.02549       31.13073       53.92000
wrapping first mol.:      -44.02549       31.13073       53.92000
wrapping first mol.:      -44.02549       31.13073       53.92000
wrapping first mol.:      -44.02549       31.13073       53.92000
wrapping first mol.:      -44.02549       31.13073       53.92000
wrapping first mol.:      -44.02549       31.13073       53.92000

 NSTEP =  2350000   TIME(PS) =    4700.000  TEMP(K) =   295.19  PRESS =     0.0
 Etot   =    -72634.9852  EKtot   =     13733.4111  EPtot      =    -86368.3963
 BOND   =       577.3150  ANGLE   =      1610.6855  DIHED      =      1019.7348
 UB     =         0.0000  IMP     =         0.0000  CMAP       =       154.0320
 1-4 NB =       653.0947  1-4 EEL =     10290.1935  VDWAALS    =      9428.7739
 EELEC  =   -110102.2258  EHBOND  =         0.0000  RESTRAINT  =         0.0000
 ------------------------------------------------------------------------------

wrapping first mol.:      -44.02549       31.13073       53.92000
wrapping first mol.:      -44.02549       31.13073       53.92000
wrapping first mol.:      -44.02549       31.13073       53.92000
wrapping first mol.:      -44.02549       31.13073       53.92000
wrapping first mol.:      -44.02549       31.13073       53.92000
wrapping first mol.:      -44.02549       31.13073       53.92000
wrapping first mol.:      -44.02549       31.13073       53.92000
wrapping first mol.:      -44.02549       31.13073       53.92000
wrapping first mol.:      -44.02549       31.13073       53.92000
wrapping first mol.:      -44.02549       31.13073       53.92000
wrapping first mol.:      -44.02549       31.13073       53.92000

 NSTEP =  2400000   TIME(PS) =    4800.000  TEMP(K) =   302.57  PRESS =     0.0
 Etot   =    -72345.0388  EKtot   =     14076.7236  EPtot      =    -86421.7624
 BOND   =       555.1339  ANGLE   =      1596.6348  DIHED      =      1056.2446
 UB     =         0.0000  IMP     =         0.0000  CMAP       =       137.9149
 1-4 NB =       667.5728  1-4 EEL =     10353.8789  VDWAALS    =      9982.8835
 EELEC  =   -110772.0258  EHBOND  =         0.0000  RESTRAINT  =         0.0000
 ------------------------------------------------------------------------------

wrapping first mol.:      -44.02549       31.13073       53.92000
wrapping first mol.:      -44.02549       31.13073       53.92000
wrapping first mol.:      -44.02549       31.13073       53.92000
wrapping first mol.:      -44.02549       31.13073       53.92000
wrapping first mol.:      -44.02549       31.13073       53.92000
wrapping first mol.:      -44.02549       31.13073       53.92000
wrapping first mol.:      -44.02549       31.13073       53.92000
wrapping first mol.:      -44.02549       31.13073       53.92000
wrapping first mol.:      -44.02549       31.13073       53.92000
wrapping first mol.:      -44.02549       31.13073       53.92000
wrapping first mol.:      -44.02549       31.13073       53.92000

 NSTEP =  2450000   TIME(PS) =    4900.000  TEMP(K) =   300.37  PRESS =     0.0
 Etot   =    -72668.6776  EKtot   =     13974.5059  EPtot      =    -86643.1834
 BOND   =       564.9220  ANGLE   =      1600.8577  DIHED      =      1004.5667
 UB     =         0.0000  IMP     =         0.0000  CMAP       =       155.3991
 1-4 NB =       648.9251  1-4 EEL =     10317.4497  VDWAALS    =      9840.4480
 EELEC  =   -110775.7518  EHBOND  =         0.0000  RESTRAINT  =         0.0000
 ------------------------------------------------------------------------------

wrapping first mol.:      -44.02549       31.13073       53.92000
wrapping first mol.:      -44.02549       31.13073       53.92000
wrapping first mol.:      -44.02549       31.13073       53.92000
wrapping first mol.:      -44.02549       31.13073       53.92000
wrapping first mol.:      -44.02549       31.13073       53.92000
wrapping first mol.:      -44.02549       31.13073       53.92000
wrapping first mol.:      -44.02549       31.13073       53.92000
wrapping first mol.:      -44.02549       31.13073       53.92000
wrapping first mol.:      -44.02549       31.13073       53.92000
wrapping first mol.:      -44.02549       31.13073       53.92000
wrapping first mol.:      -44.02549       31.13073       53.92000

 NSTEP =  2500000   TIME(PS) =    5000.000  TEMP(K) =   299.82  PRESS =     0.0
 Etot   =    -72246.1260  EKtot   =     13949.0605  EPtot      =    -86195.1866
 BOND   =       589.4005  ANGLE   =      1647.7103  DIHED      =      1034.3621
 UB     =         0.0000  IMP     =         0.0000  CMAP       =       148.8653
 1-4 NB =       655.0593  1-4 EEL =     10320.6145  VDWAALS    =      9734.1972
 EELEC  =   -110325.3960  EHBOND  =         0.0000  RESTRAINT  =         0.0000
 ------------------------------------------------------------------------------


      A V E R A G E S   O V E R      50 S T E P S


 NSTEP =  2500000   TIME(PS) =    5000.000  TEMP(K) =   300.04  PRESS =     0.0
 Etot   =    -72426.5336  EKtot   =     13959.0341  EPtot      =    -86385.5677
 BOND   =       567.5020  ANGLE   =      1595.0684  DIHED      =      1035.9290
 UB     =         0.0000  IMP     =         0.0000  CMAP       =       151.5377
 1-4 NB =       665.5159  1-4 EEL =     10327.8998  VDWAALS    =      9660.1997
 EELEC  =   -110389.2202  EHBOND  =         0.0000  RESTRAINT  =         0.0000
 ------------------------------------------------------------------------------


      R M S  F L U C T U A T I O N S


 NSTEP =  2500000   TIME(PS) =    5000.000  TEMP(K) =     1.83  PRESS =     0.0
 Etot   =       149.6623  EKtot   =        84.9636  EPtot      =       124.3331
 BOND   =        20.5713  ANGLE   =        27.8135  DIHED      =        17.3926
 UB     =         0.0000  IMP     =         0.0000  CMAP       =         6.5599
 1-4 NB =         9.9085  1-4 EEL =        30.3458  VDWAALS    =       159.5276
 EELEC  =       221.9042  EHBOND  =         0.0000  RESTRAINT  =         0.0000
 ------------------------------------------------------------------------------

--------------------------------------------------------------------------------
   5.  TIMINGS
--------------------------------------------------------------------------------

|  NonSetup CPU Time in Major Routines:
|
|     Routine           Sec        %
|     ------------------------------
|     Nonbond         606.91   12.07
|     Bond              0.00    0.00
|     Angle             0.00    0.00
|     Dihedral          0.00    0.00
|     Shake            21.12    0.42
|     RunMD          4398.22   87.44
|     Other             3.63    0.07
|     ------------------------------
|     Total          5029.88

|  PME Nonbond Pairlist CPU Time:
|
|     Routine              Sec        %
|     ---------------------------------
|     Set Up Cit           0.00    0.00
|     Build List           0.00    0.00
|     ---------------------------------
|     Total                0.00    0.00

|  PME Direct Force CPU Time:
|
|     Routine              Sec        %
|     ---------------------------------
|     NonBonded Calc       0.00    0.00
|     Exclude Masked       0.00    0.00
|     Other                1.90    0.04
|     ---------------------------------
|     Total                1.90    0.04

|  PME Reciprocal Force CPU Time:
|
|     Routine              Sec        %
|     ---------------------------------
|     1D bspline           0.00    0.00
|     Grid Charges         0.00    0.00
|     Scalar Sum           0.00    0.00
|     Gradient Sum         0.00    0.00
|     FFT                  0.00    0.00
|     ---------------------------------
|     Total                0.00    0.00

|  Final Performance Info:
|     -----------------------------------------------------
|     Average timings for last       1 steps:
|     Elapsed(s) =       0.00 Per Step(ms) =       0.22
|         ns/day =     785.56   seconds/ns =     109.99
|
|     Average timings for all steps:
|     Elapsed(s) =    5039.63 Per Step(ms) =       2.02
|         ns/day =      85.72   seconds/ns =    1007.93
|     -----------------------------------------------------

|  Setup CPU time:            0.62 seconds
|  NonSetup CPU time:      5029.88 seconds
|  Total CPU time:         5030.50 seconds     1.40 hours

|  Setup wall time:           1    seconds
|  NonSetup wall time:     5040    seconds
|  Total wall time:        5041    seconds     1.40 hours
