
          -------------------------------------------------------
          Amber 18 PMEMD                              2018
          -------------------------------------------------------

| PMEMD implementation of SANDER, Release 18

| Run on 12/16/2020 at 10:41:23

|   Executable path: pmemd.cuda
| Working directory: /home/almacen/pbarletta/dynein/run/1xdx/2_pdt
|          Hostname: Unknown
  [-O]verwriting output

File Assignments:
|   MDIN: pre_pdt.in                                                            
|  MDOUT: 0pdt.out                                                              
| INPCRD: 2_1xdx.rst7                                                           
|   PARM: /home/almacen/pbarletta/dynein/top_files/1xdx.prmtop                  
| RESTRT: 0p2_1xdx.rst7                                                         
|   REFC: refc                                                                  
|  MDVEL: mdvel                                                                 
|   MDEN: mden                                                                  
|  MDCRD: 0p2_1xdx.nc                                                           
| MDINFO: mdinfo                                                                
|  MDFRC: mdfrc                                                                 


 Here is the input file:

Production run                                                                 
&cntrl                                                                         
imin = 0,                           ! No Minimization                          
nmropt = 0,                         ! No NMR restraints read                   
                                                                               
! Nature and format of the input                                               
ntx = 5,                            ! Coordinates and velocities will be read  
irest = 1,                          ! Do not run a new simulation              
                                                                               
! Nature and format of the output                                              
ntxo = 1,                           ! rstrt file in ASCII format               
ntpr = 50000,                       ! inf in output every ntpr steps           
ntwr = 50000,                       ! rstrt file every ntwr steps              
ntwx = 5000,                        ! mdcrd file every ntwx steps              
ntwv = 0,                           ! mdvel without velocities                 
ntwe = 0,                           ! Energies and temperatures not written in 
idecomp = 0,                        ! No energy decomposition                  
iwrap = 1,                          ! Coordinates of the restart and mdcrd file
                                                                               
! Frozen or restrained atoms                                                   
ibelly = 0,                         ! No frozen atoms                          
ntr=0,                              ! Harmonic potential restraints            
                                                                               
! Molecular dynamics                                                           
nstlim = 2500000,                   ! Number of MD-steps                       
dt = 0.002,                         ! Time step                                
                                                                               
! Temperature regulation                                                       
ntt = 3,                            ! Langevin thermostat                      
gamma_ln = 2,                       ! Gamma constant for Langevin              
temp0 = 300.0,                      ! Reference T at which the system is to be 
tempi = 300.0,                      ! Initial T                                
ig = -1,                            ! Seed for the RNG                         
                                                                               
! P and V regulation                                                           
!barostat = 1,                      ! Berendsen barostat                       
!taup = 1,                          ! Pressure relaxation time                 
ntp = 0,                            ! constant V                               
ntb = 1,                            ! Periodic box for constant V              
                                                                               
! SHAKE variables                                                              
ntc = 2,                            ! Bonds involving H are constrained        
ntf = 2,                            ! Bond interaction involving H are ommited.
                                                                               
cut = 9.0,                          ! Nonbonded cutoff                         
/                                                                              
&end                                                                           


Note: ig = -1. Setting random seed to   367243 based on wallclock time in 
      microseconds.
| irandom = 1, using AMBER's internal random number generator (default).
 
|--------------------- INFORMATION ----------------------
| GPU (CUDA) Version of PMEMD in use: NVIDIA GPU IN USE.
|                    Version 18.0.0
| 
|                      03/25/2018
| 
| Implementation by:
|                    Ross C. Walker     (SDSC)
|                    Scott Le Grand     (nVIDIA)
| 
| Version 18 performance extensions by:
|                    David Cerutti     (Rutgers)
| 
| Precision model in use:
|      [SPFP] - Single Precision Forces, 64-bit Fixed Point
|               Accumulation. (Default)
| 
|--------------------------------------------------------
 
|----------------- CITATION INFORMATION -----------------
|
|    When publishing work that utilized the CUDA version
|    of AMBER, please cite the following in addition to
|    the regular AMBER citations:
|
|  - Romelia Salomon-Ferrer; Andreas W. Goetz; Duncan
|    Poole; Scott Le Grand; Ross C. Walker "Routine
|    microsecond molecular dynamics simulations with
|    AMBER - Part II: Particle Mesh Ewald", J. Chem.
|    Theory Comput., 2013, 9 (9), pp3878-3888,
|    DOI: 10.1021/ct400314y.
|
|  - Andreas W. Goetz; Mark J. Williamson; Dong Xu;
|    Duncan Poole; Scott Le Grand; Ross C. Walker
|    "Routine microsecond molecular dynamics simulations
|    with AMBER - Part I: Generalized Born", J. Chem.
|    Theory Comput., 2012, 8 (5), pp1542-1555.
|
|  - Scott Le Grand; Andreas W. Goetz; Ross C. Walker
|    "SPFP: Speed without compromise - a mixed precision
|    model for GPU accelerated molecular dynamics
|    simulations.", Comp. Phys. Comm., 2013, 184
|    pp374-380, DOI: 10.1016/j.cpc.2012.09.022
|
|--------------------------------------------------------
 
|------------------- GPU DEVICE INFO --------------------
|
|            CUDA_VISIBLE_DEVICES: 0
|   CUDA Capable Devices Detected:      1
|           CUDA Device ID in use:      0
|                CUDA Device Name: GeForce GTX 1080 Ti
|     CUDA Device Global Mem Size:  11178 MB
| CUDA Device Num Multiprocessors:     28
|           CUDA Device Core Freq:   1.72 GHz
|
|--------------------------------------------------------
 
 
| Conditional Compilation Defines Used:
| PUBFFT
| BINTRAJ
| CUDA
| EMIL

| Largest sphere to fit in unit cell has radius =    30.761

| New format PARM file being parsed.
| Version =    1.000 Date = 11/19/20 Time = 14:20:40

| Note: 1-4 EEL scale factors are being read from the topology file.

| Note: 1-4 VDW scale factors are being read from the topology file.
| Duplicated    0 dihedrals

| Duplicated    0 dihedrals

--------------------------------------------------------------------------------
   1.  RESOURCE   USE: 
--------------------------------------------------------------------------------

 getting new box info from bottom of inpcrd
 NATOM  =   43266 NTYPES =      19 NBONH =   31551 MBONA  =   11743
 NTHETH =    3926 MTHETA =    2450 NPHIH =    7960 MPHIA  =    7908
 NHPARM =       0 NPARM  =       0 NNB   =   88865 NRES   =   10173
 NBONA  =   11743 NTHETA =    2450 NPHIA =    7908 NUMBND =      73
 NUMANG =     168 NPTRA  =     192 NATYP =      38 NPHB   =       1
 IFBOX  =       2 NMXRS  =      24 IFCAP =       0 NEXTRA =    9939
 NCOPY  =       0


| Coordinate Index Table dimensions:    13   13   13
| Direct force subcell size =     5.7960    5.7960    5.7960

     BOX TYPE: TRUNCATED OCTAHEDRON

--------------------------------------------------------------------------------
   2.  CONTROL  DATA  FOR  THE  RUN
--------------------------------------------------------------------------------

default_name                                                                    

General flags:
     imin    =       0, nmropt  =       0

Nature and format of input:
     ntx     =       5, irest   =       1, ntrx    =       1

Nature and format of output:
     ntxo    =       1, ntpr    =   50000, ntrx    =       1, ntwr    =   50000
     iwrap   =       1, ntwx    =    5000, ntwv    =       0, ntwe    =       0
     ioutfm  =       1, ntwprt  =       0, idecomp =       0, rbornstat=      0

Potential function:
     ntf     =       2, ntb     =       1, igb     =       0, nsnb    =      25
     ipol    =       0, gbsa    =       0, iesp    =       0
     dielc   =   1.00000, cut     =   9.00000, intdiel =   1.00000

Frozen or restrained atoms:
     ibelly  =       0, ntr     =       0

Molecular dynamics:
     nstlim  =   2500000, nscm    =      1000, nrespa  =         1
     t       =   0.00000, dt      =   0.00200, vlimit  =  -1.00000

Langevin dynamics temperature regulation:
     ig      =  367243
     temp0   = 300.00000, tempi   = 300.00000, gamma_ln=   2.00000

SHAKE:
     ntc     =       2, jfastw  =       0
     tol     =   0.00001

| Intermolecular bonds treatment:
|     no_intermolecular_bonds =       1

| Energy averages sample interval:
|     ene_avg_sampling =   50000

Extra-points options:
     frameon =       1, chngmask=       1

Ewald parameters:
     verbose =       0, ew_type =       0, nbflag  =       1, use_pme =       1
     vdwmeth =       1, eedmeth =       1, netfrc  =       1
     Box X =   75.348   Box Y =   75.348   Box Z =   75.348
     Alpha =  109.471   Beta  =  109.471   Gamma =  109.471
     NFFT1 =   80       NFFT2 =   80       NFFT3 =   80
     Cutoff=    9.000   Tol   =0.100E-04
     Ewald Coefficient =  0.30768
     Interpolation order =    4
|      EXTRA_PTS, trim_bonds: num bonds BEFORE trim = 31551     0
|      EXTRA_PTS, trim_bonds: num bonds AFTER  trim = 31551     0
|      EXTRA_PTS, trim_bonds: num bonds BEFORE trim = 11743     0
|      EXTRA_PTS, trim_bonds: num bonds AFTER  trim =  1804     0
|      EXTRA_PTS, trim_theta: num angle BEFORE trim =  3926     0
|      EXTRA_PTS, trim_theta: num angle AFTER  trim =  3926     0
|      EXTRA_PTS, trim_theta: num angle BEFORE trim =  2450     0
|      EXTRA_PTS, trim_theta: num angle AFTER  trim =  2450     0
|      EXTRA_PTS, trim_phi:  num diheds BEFORE trim =  7960     0
|      EXTRA_PTS, trim_phi:  num diheds AFTER  trim =  7960     0
|      EXTRA_PTS, trim_phi:  num diheds BEFORE trim =  7908     0
|      EXTRA_PTS, trim_phi:  num diheds AFTER  trim =  7908     0

--------------------------------------------------------------------------------
   3.  ATOMIC COORDINATES AND VELOCITIES
--------------------------------------------------------------------------------

Cpptraj Generated Restart                                                       
 begin time read from input coords =     0.000 ps

 
 Number of triangulated 3-point waters found:     9939

     Sum of charges from parm topology file =   0.00005439
     Forcing neutrality...

| Dynamic Memory, Types Used:
| Reals             1310484
| Integers          2908515

| Nonbonded Pairs Initial Allocation:     9864648

| GPU memory information (estimate):
| KB of GPU memory in use:         0
| KB of CPU memory in use:         0

--------------------------------------------------------------------------------
   4.  RESULTS
--------------------------------------------------------------------------------

wrapping first mol.:      -25.11591      -35.51926       61.52117
wrapping first mol.:      -25.11591      -35.51926       61.52117
wrapping first mol.:      -25.11591      -35.51926       61.52117
wrapping first mol.:      -25.11591      -35.51926       61.52117
wrapping first mol.:      -25.11591      -35.51926       61.52117
wrapping first mol.:      -25.11591      -35.51926       61.52117
wrapping first mol.:      -25.11591      -35.51926       61.52117
wrapping first mol.:      -25.11591      -35.51926       61.52117
wrapping first mol.:      -25.11591      -35.51926       61.52117
wrapping first mol.:      -25.11591      -35.51926       61.52117
wrapping first mol.:      -25.11591      -35.51926       61.52117

 NSTEP =    50000   TIME(PS) =     100.000  TEMP(K) =   298.60  PRESS =     0.0
 Etot   =   -109083.9121  EKtot   =     20302.3457  EPtot      =   -129386.2578
 BOND   =       670.0914  ANGLE   =      1745.1120  DIHED      =      1194.9484
 UB     =         0.0000  IMP     =         0.0000  CMAP       =       157.0428
 1-4 NB =       776.9566  1-4 EEL =     10708.3109  VDWAALS    =     15567.4228
 EELEC  =   -160206.1426  EHBOND  =         0.0000  RESTRAINT  =         0.0000
 ------------------------------------------------------------------------------

wrapping first mol.:      -25.11591      -35.51926       61.52117
wrapping first mol.:      -25.11591      -35.51926       61.52117
wrapping first mol.:      -25.11591      -35.51926       61.52117
wrapping first mol.:      -25.11591      -35.51926       61.52117
wrapping first mol.:      -25.11591      -35.51926       61.52117
wrapping first mol.:      -25.11591      -35.51926       61.52117
wrapping first mol.:      -25.11591      -35.51926       61.52117
wrapping first mol.:      -25.11591      -35.51926       61.52117
wrapping first mol.:      -25.11591      -35.51926       61.52117
wrapping first mol.:      -25.11591      -35.51926       61.52117
wrapping first mol.:      -25.11591      -35.51926       61.52117

 NSTEP =   100000   TIME(PS) =     200.000  TEMP(K) =   300.00  PRESS =     0.0
 Etot   =   -108823.0309  EKtot   =     20397.6738  EPtot      =   -129220.7048
 BOND   =       690.5761  ANGLE   =      1779.2868  DIHED      =      1225.1471
 UB     =         0.0000  IMP     =         0.0000  CMAP       =       165.9927
 1-4 NB =       784.0658  1-4 EEL =     10649.7471  VDWAALS    =     15526.8264
 EELEC  =   -160042.3468  EHBOND  =         0.0000  RESTRAINT  =         0.0000
 ------------------------------------------------------------------------------

wrapping first mol.:      -25.11591      -35.51926       61.52117
wrapping first mol.:      -25.11591      -35.51926       61.52117
wrapping first mol.:      -25.11591      -35.51926       61.52117
wrapping first mol.:      -25.11591      -35.51926       61.52117
wrapping first mol.:      -25.11591      -35.51926       61.52117
wrapping first mol.:      -25.11591      -35.51926       61.52117
wrapping first mol.:      -25.11591      -35.51926       61.52117
wrapping first mol.:      -25.11591      -35.51926       61.52117
wrapping first mol.:      -25.11591      -35.51926       61.52117
wrapping first mol.:      -25.11591      -35.51926       61.52117
wrapping first mol.:      -25.11591      -35.51926       61.52117

 NSTEP =   150000   TIME(PS) =     300.000  TEMP(K) =   301.89  PRESS =     0.0
 Etot   =   -108916.8873  EKtot   =     20526.0742  EPtot      =   -129442.9615
 BOND   =       691.2434  ANGLE   =      1749.0213  DIHED      =      1220.9585
 UB     =         0.0000  IMP     =         0.0000  CMAP       =       159.0787
 1-4 NB =       799.0851  1-4 EEL =     10749.7671  VDWAALS    =     15645.8336
 EELEC  =   -160457.9493  EHBOND  =         0.0000  RESTRAINT  =         0.0000
 ------------------------------------------------------------------------------

wrapping first mol.:      -25.11591      -35.51926       61.52117
wrapping first mol.:      -25.11591      -35.51926       61.52117
wrapping first mol.:      -25.11591      -35.51926       61.52117
wrapping first mol.:      -25.11591      -35.51926       61.52117
wrapping first mol.:      -25.11591      -35.51926       61.52117
wrapping first mol.:      -25.11591      -35.51926       61.52117
wrapping first mol.:      -25.11591      -35.51926       61.52117
wrapping first mol.:      -25.11591      -35.51926       61.52117
wrapping first mol.:      -25.11591      -35.51926       61.52117
wrapping first mol.:      -25.11591      -35.51926       61.52117
wrapping first mol.:      -25.11591      -35.51926       61.52117

 NSTEP =   200000   TIME(PS) =     400.000  TEMP(K) =   299.07  PRESS =     0.0
 Etot   =   -109290.0872  EKtot   =     20334.0820  EPtot      =   -129624.1692
 BOND   =       668.9853  ANGLE   =      1788.4091  DIHED      =      1215.6534
 UB     =         0.0000  IMP     =         0.0000  CMAP       =       163.0274
 1-4 NB =       779.9382  1-4 EEL =     10705.5866  VDWAALS    =     15620.7002
 EELEC  =   -160566.4694  EHBOND  =         0.0000  RESTRAINT  =         0.0000
 ------------------------------------------------------------------------------

wrapping first mol.:      -25.11591      -35.51926       61.52117
wrapping first mol.:      -25.11591      -35.51926       61.52117
wrapping first mol.:      -25.11591      -35.51926       61.52117
wrapping first mol.:      -25.11591      -35.51926       61.52117
wrapping first mol.:      -25.11591      -35.51926       61.52117
wrapping first mol.:      -25.11591      -35.51926       61.52117
wrapping first mol.:      -25.11591      -35.51926       61.52117
wrapping first mol.:      -25.11591      -35.51926       61.52117
wrapping first mol.:      -25.11591      -35.51926       61.52117
wrapping first mol.:      -25.11591      -35.51926       61.52117
wrapping first mol.:      -25.11591      -35.51926       61.52117

 NSTEP =   250000   TIME(PS) =     500.000  TEMP(K) =   301.17  PRESS =     0.0
 Etot   =   -108810.1236  EKtot   =     20477.0957  EPtot      =   -129287.2193
 BOND   =       696.6469  ANGLE   =      1707.7116  DIHED      =      1226.3751
 UB     =         0.0000  IMP     =         0.0000  CMAP       =       172.1941
 1-4 NB =       765.0542  1-4 EEL =     10727.4983  VDWAALS    =     15268.4850
 EELEC  =   -159851.1845  EHBOND  =         0.0000  RESTRAINT  =         0.0000
 ------------------------------------------------------------------------------

wrapping first mol.:      -25.11591      -35.51926       61.52117
wrapping first mol.:      -25.11591      -35.51926       61.52117
wrapping first mol.:      -25.11591      -35.51926       61.52117
wrapping first mol.:      -25.11591      -35.51926       61.52117
wrapping first mol.:      -25.11591      -35.51926       61.52117
wrapping first mol.:      -25.11591      -35.51926       61.52117
wrapping first mol.:      -25.11591      -35.51926       61.52117
wrapping first mol.:      -25.11591      -35.51926       61.52117
wrapping first mol.:      -25.11591      -35.51926       61.52117
wrapping first mol.:      -25.11591      -35.51926       61.52117
wrapping first mol.:      -25.11591      -35.51926       61.52117

 NSTEP =   300000   TIME(PS) =     600.000  TEMP(K) =   299.30  PRESS =     0.0
 Etot   =   -108929.2617  EKtot   =     20349.9902  EPtot      =   -129279.2519
 BOND   =       682.1485  ANGLE   =      1738.8462  DIHED      =      1218.8062
 UB     =         0.0000  IMP     =         0.0000  CMAP       =       161.8752
 1-4 NB =       768.9030  1-4 EEL =     10698.7351  VDWAALS    =     15177.2229
 EELEC  =   -159725.7890  EHBOND  =         0.0000  RESTRAINT  =         0.0000
 ------------------------------------------------------------------------------

wrapping first mol.:      -25.11591      -35.51926       61.52117
wrapping first mol.:      -25.11591      -35.51926       61.52117
wrapping first mol.:      -25.11591      -35.51926       61.52117
wrapping first mol.:      -25.11591      -35.51926       61.52117
wrapping first mol.:      -25.11591      -35.51926       61.52117
wrapping first mol.:      -25.11591      -35.51926       61.52117
wrapping first mol.:      -25.11591      -35.51926       61.52117
wrapping first mol.:      -25.11591      -35.51926       61.52117
wrapping first mol.:      -25.11591      -35.51926       61.52117
wrapping first mol.:      -25.11591      -35.51926       61.52117
wrapping first mol.:      -25.11591      -35.51926       61.52117

 NSTEP =   350000   TIME(PS) =     700.000  TEMP(K) =   298.89  PRESS =     0.0
 Etot   =   -109089.5554  EKtot   =     20321.9609  EPtot      =   -129411.5163
 BOND   =       651.7638  ANGLE   =      1793.6346  DIHED      =      1221.6238
 UB     =         0.0000  IMP     =         0.0000  CMAP       =       163.4533
 1-4 NB =       780.1636  1-4 EEL =     10711.5405  VDWAALS    =     15425.1470
 EELEC  =   -160158.8429  EHBOND  =         0.0000  RESTRAINT  =         0.0000
 ------------------------------------------------------------------------------

wrapping first mol.:      -25.11591      -35.51926       61.52117
wrapping first mol.:      -25.11591      -35.51926       61.52117
wrapping first mol.:      -25.11591      -35.51926       61.52117
wrapping first mol.:      -25.11591      -35.51926       61.52117
wrapping first mol.:      -25.11591      -35.51926       61.52117
wrapping first mol.:      -25.11591      -35.51926       61.52117
wrapping first mol.:      -25.11591      -35.51926       61.52117
wrapping first mol.:      -25.11591      -35.51926       61.52117
wrapping first mol.:      -25.11591      -35.51926       61.52117
wrapping first mol.:      -25.11591      -35.51926       61.52117
wrapping first mol.:      -25.11591      -35.51926       61.52117

 NSTEP =   400000   TIME(PS) =     800.000  TEMP(K) =   300.61  PRESS =     0.0
 Etot   =   -108814.1179  EKtot   =     20438.9961  EPtot      =   -129253.1140
 BOND   =       678.2359  ANGLE   =      1780.3320  DIHED      =      1200.9183
 UB     =         0.0000  IMP     =         0.0000  CMAP       =       169.5835
 1-4 NB =       773.1023  1-4 EEL =     10708.1773  VDWAALS    =     15295.8917
 EELEC  =   -159859.3550  EHBOND  =         0.0000  RESTRAINT  =         0.0000
 ------------------------------------------------------------------------------

wrapping first mol.:      -25.11591      -35.51926       61.52117
wrapping first mol.:      -25.11591      -35.51926       61.52117
wrapping first mol.:      -25.11591      -35.51926       61.52117
wrapping first mol.:      -25.11591      -35.51926       61.52117
wrapping first mol.:      -25.11591      -35.51926       61.52117
wrapping first mol.:      -25.11591      -35.51926       61.52117
wrapping first mol.:      -25.11591      -35.51926       61.52117
wrapping first mol.:      -25.11591      -35.51926       61.52117
wrapping first mol.:      -25.11591      -35.51926       61.52117
wrapping first mol.:      -25.11591      -35.51926       61.52117
wrapping first mol.:      -25.11591      -35.51926       61.52117

 NSTEP =   450000   TIME(PS) =     900.000  TEMP(K) =   300.03  PRESS =     0.0
 Etot   =   -109070.8685  EKtot   =     20399.5039  EPtot      =   -129470.3724
 BOND   =       689.0021  ANGLE   =      1694.9492  DIHED      =      1234.6602
 UB     =         0.0000  IMP     =         0.0000  CMAP       =       159.4932
 1-4 NB =       769.7288  1-4 EEL =     10665.0293  VDWAALS    =     15512.5449
 EELEC  =   -160195.7801  EHBOND  =         0.0000  RESTRAINT  =         0.0000
 ------------------------------------------------------------------------------

wrapping first mol.:      -25.11591      -35.51926       61.52117
wrapping first mol.:      -25.11591      -35.51926       61.52117
wrapping first mol.:      -25.11591      -35.51926       61.52117
wrapping first mol.:      -25.11591      -35.51926       61.52117
wrapping first mol.:      -25.11591      -35.51926       61.52117
wrapping first mol.:      -25.11591      -35.51926       61.52117
wrapping first mol.:      -25.11591      -35.51926       61.52117
wrapping first mol.:      -25.11591      -35.51926       61.52117
wrapping first mol.:      -25.11591      -35.51926       61.52117
wrapping first mol.:      -25.11591      -35.51926       61.52117
wrapping first mol.:      -25.11591      -35.51926       61.52117

 NSTEP =   500000   TIME(PS) =    1000.000  TEMP(K) =   301.69  PRESS =     0.0
 Etot   =   -108948.1462  EKtot   =     20512.4570  EPtot      =   -129460.6033
 BOND   =       650.1625  ANGLE   =      1694.2497  DIHED      =      1196.5519
 UB     =         0.0000  IMP     =         0.0000  CMAP       =       174.0934
 1-4 NB =       795.2169  1-4 EEL =     10758.8289  VDWAALS    =     15556.6653
 EELEC  =   -160286.3719  EHBOND  =         0.0000  RESTRAINT  =         0.0000
 ------------------------------------------------------------------------------

wrapping first mol.:      -25.11591      -35.51926       61.52117
wrapping first mol.:      -25.11591      -35.51926       61.52117
wrapping first mol.:      -25.11591      -35.51926       61.52117
wrapping first mol.:      -25.11591      -35.51926       61.52117
wrapping first mol.:      -25.11591      -35.51926       61.52117
wrapping first mol.:      -25.11591      -35.51926       61.52117
wrapping first mol.:      -25.11591      -35.51926       61.52117
wrapping first mol.:      -25.11591      -35.51926       61.52117
wrapping first mol.:      -25.11591      -35.51926       61.52117
wrapping first mol.:      -25.11591      -35.51926       61.52117
wrapping first mol.:      -25.11591      -35.51926       61.52117

 NSTEP =   550000   TIME(PS) =    1100.000  TEMP(K) =   297.93  PRESS =     0.0
 Etot   =   -109189.4758  EKtot   =     20257.0410  EPtot      =   -129446.5168
 BOND   =       667.8559  ANGLE   =      1747.8389  DIHED      =      1199.5377
 UB     =         0.0000  IMP     =         0.0000  CMAP       =       164.2721
 1-4 NB =       795.7614  1-4 EEL =     10735.3870  VDWAALS    =     15290.5968
 EELEC  =   -160047.7666  EHBOND  =         0.0000  RESTRAINT  =         0.0000
 ------------------------------------------------------------------------------

wrapping first mol.:      -25.11591      -35.51926       61.52117
wrapping first mol.:      -25.11591      -35.51926       61.52117
wrapping first mol.:      -25.11591      -35.51926       61.52117
wrapping first mol.:      -25.11591      -35.51926       61.52117
wrapping first mol.:      -25.11591      -35.51926       61.52117
wrapping first mol.:      -25.11591      -35.51926       61.52117
wrapping first mol.:      -25.11591      -35.51926       61.52117
wrapping first mol.:      -25.11591      -35.51926       61.52117
wrapping first mol.:      -25.11591      -35.51926       61.52117
wrapping first mol.:      -25.11591      -35.51926       61.52117
wrapping first mol.:      -25.11591      -35.51926       61.52117

 NSTEP =   600000   TIME(PS) =    1200.000  TEMP(K) =   298.93  PRESS =     0.0
 Etot   =   -108910.5418  EKtot   =     20324.5039  EPtot      =   -129235.0457
 BOND   =       629.3014  ANGLE   =      1763.0057  DIHED      =      1213.2833
 UB     =         0.0000  IMP     =         0.0000  CMAP       =       162.4968
 1-4 NB =       802.6197  1-4 EEL =     10781.5412  VDWAALS    =     15406.2390
 EELEC  =   -159993.5327  EHBOND  =         0.0000  RESTRAINT  =         0.0000
 ------------------------------------------------------------------------------

wrapping first mol.:      -25.11591      -35.51926       61.52117
wrapping first mol.:      -25.11591      -35.51926       61.52117
wrapping first mol.:      -25.11591      -35.51926       61.52117
wrapping first mol.:      -25.11591      -35.51926       61.52117
wrapping first mol.:      -25.11591      -35.51926       61.52117
wrapping first mol.:      -25.11591      -35.51926       61.52117
wrapping first mol.:      -25.11591      -35.51926       61.52117
wrapping first mol.:      -25.11591      -35.51926       61.52117
wrapping first mol.:      -25.11591      -35.51926       61.52117
wrapping first mol.:      -25.11591      -35.51926       61.52117
wrapping first mol.:      -25.11591      -35.51926       61.52117

 NSTEP =   650000   TIME(PS) =    1300.000  TEMP(K) =   303.60  PRESS =     0.0
 Etot   =   -108642.7945  EKtot   =     20641.9805  EPtot      =   -129284.7750
 BOND   =       672.9753  ANGLE   =      1764.6150  DIHED      =      1198.1188
 UB     =         0.0000  IMP     =         0.0000  CMAP       =       168.1606
 1-4 NB =       753.3684  1-4 EEL =     10717.3046  VDWAALS    =     15398.1552
 EELEC  =   -159957.4730  EHBOND  =         0.0000  RESTRAINT  =         0.0000
 ------------------------------------------------------------------------------

wrapping first mol.:      -25.11591      -35.51926       61.52117
wrapping first mol.:      -25.11591      -35.51926       61.52117
wrapping first mol.:      -25.11591      -35.51926       61.52117
wrapping first mol.:      -25.11591      -35.51926       61.52117
wrapping first mol.:      -25.11591      -35.51926       61.52117
wrapping first mol.:      -25.11591      -35.51926       61.52117
wrapping first mol.:      -25.11591      -35.51926       61.52117
wrapping first mol.:      -25.11591      -35.51926       61.52117
wrapping first mol.:      -25.11591      -35.51926       61.52117
wrapping first mol.:      -25.11591      -35.51926       61.52117
wrapping first mol.:      -25.11591      -35.51926       61.52117

 NSTEP =   700000   TIME(PS) =    1400.000  TEMP(K) =   298.96  PRESS =     0.0
 Etot   =   -108909.4978  EKtot   =     20326.7480  EPtot      =   -129236.2458
 BOND   =       673.7697  ANGLE   =      1702.9771  DIHED      =      1194.0171
 UB     =         0.0000  IMP     =         0.0000  CMAP       =       164.6576
 1-4 NB =       780.3939  1-4 EEL =     10730.5382  VDWAALS    =     15175.8748
 EELEC  =   -159658.4743  EHBOND  =         0.0000  RESTRAINT  =         0.0000
 ------------------------------------------------------------------------------

wrapping first mol.:      -25.11591      -35.51926       61.52117
wrapping first mol.:      -25.11591      -35.51926       61.52117
wrapping first mol.:      -25.11591      -35.51926       61.52117
wrapping first mol.:      -25.11591      -35.51926       61.52117
wrapping first mol.:      -25.11591      -35.51926       61.52117
wrapping first mol.:      -25.11591      -35.51926       61.52117
wrapping first mol.:      -25.11591      -35.51926       61.52117
wrapping first mol.:      -25.11591      -35.51926       61.52117
wrapping first mol.:      -25.11591      -35.51926       61.52117
wrapping first mol.:      -25.11591      -35.51926       61.52117
wrapping first mol.:      -25.11591      -35.51926       61.52117

 NSTEP =   750000   TIME(PS) =    1500.000  TEMP(K) =   300.76  PRESS =     0.0
 Etot   =   -108846.9033  EKtot   =     20449.4297  EPtot      =   -129296.3330
 BOND   =       706.8312  ANGLE   =      1752.1372  DIHED      =      1208.7023
 UB     =         0.0000  IMP     =         0.0000  CMAP       =       163.9516
 1-4 NB =       771.9461  1-4 EEL =     10667.0544  VDWAALS    =     15340.3607
 EELEC  =   -159907.3165  EHBOND  =         0.0000  RESTRAINT  =         0.0000
 ------------------------------------------------------------------------------

wrapping first mol.:      -25.11591      -35.51926       61.52117
wrapping first mol.:      -25.11591      -35.51926       61.52117
wrapping first mol.:      -25.11591      -35.51926       61.52117
wrapping first mol.:      -25.11591      -35.51926       61.52117
wrapping first mol.:      -25.11591      -35.51926       61.52117
wrapping first mol.:      -25.11591      -35.51926       61.52117
wrapping first mol.:      -25.11591      -35.51926       61.52117
wrapping first mol.:      -25.11591      -35.51926       61.52117
wrapping first mol.:      -25.11591      -35.51926       61.52117
wrapping first mol.:      -25.11591      -35.51926       61.52117
wrapping first mol.:      -25.11591      -35.51926       61.52117

 NSTEP =   800000   TIME(PS) =    1600.000  TEMP(K) =   301.86  PRESS =     0.0
 Etot   =   -108846.8462  EKtot   =     20524.2227  EPtot      =   -129371.0688
 BOND   =       649.2712  ANGLE   =      1789.0014  DIHED      =      1180.7343
 UB     =         0.0000  IMP     =         0.0000  CMAP       =       179.9743
 1-4 NB =       762.0666  1-4 EEL =     10665.9757  VDWAALS    =     15277.1589
 EELEC  =   -159875.2512  EHBOND  =         0.0000  RESTRAINT  =         0.0000
 ------------------------------------------------------------------------------

wrapping first mol.:      -25.11591      -35.51926       61.52117
wrapping first mol.:      -25.11591      -35.51926       61.52117
wrapping first mol.:      -25.11591      -35.51926       61.52117
wrapping first mol.:      -25.11591      -35.51926       61.52117
wrapping first mol.:      -25.11591      -35.51926       61.52117
wrapping first mol.:      -25.11591      -35.51926       61.52117
wrapping first mol.:      -25.11591      -35.51926       61.52117
wrapping first mol.:      -25.11591      -35.51926       61.52117
wrapping first mol.:      -25.11591      -35.51926       61.52117
wrapping first mol.:      -25.11591      -35.51926       61.52117
wrapping first mol.:      -25.11591      -35.51926       61.52117

 NSTEP =   850000   TIME(PS) =    1700.000  TEMP(K) =   299.21  PRESS =     0.0
 Etot   =   -108885.3626  EKtot   =     20344.1504  EPtot      =   -129229.5130
 BOND   =       713.8794  ANGLE   =      1733.7634  DIHED      =      1173.3712
 UB     =         0.0000  IMP     =         0.0000  CMAP       =       158.6786
 1-4 NB =       785.7042  1-4 EEL =     10713.7812  VDWAALS    =     15176.9039
 EELEC  =   -159685.5950  EHBOND  =         0.0000  RESTRAINT  =         0.0000
 ------------------------------------------------------------------------------

wrapping first mol.:      -25.11591      -35.51926       61.52117
wrapping first mol.:      -25.11591      -35.51926       61.52117
wrapping first mol.:      -25.11591      -35.51926       61.52117
wrapping first mol.:      -25.11591      -35.51926       61.52117
wrapping first mol.:      -25.11591      -35.51926       61.52117
wrapping first mol.:      -25.11591      -35.51926       61.52117
wrapping first mol.:      -25.11591      -35.51926       61.52117
wrapping first mol.:      -25.11591      -35.51926       61.52117
wrapping first mol.:      -25.11591      -35.51926       61.52117
wrapping first mol.:      -25.11591      -35.51926       61.52117
wrapping first mol.:      -25.11591      -35.51926       61.52117

 NSTEP =   900000   TIME(PS) =    1800.000  TEMP(K) =   300.44  PRESS =     0.0
 Etot   =   -108849.1944  EKtot   =     20427.6875  EPtot      =   -129276.8819
 BOND   =       700.0285  ANGLE   =      1792.3095  DIHED      =      1207.3023
 UB     =         0.0000  IMP     =         0.0000  CMAP       =       168.6795
 1-4 NB =       753.1703  1-4 EEL =     10719.4774  VDWAALS    =     15388.0410
 EELEC  =   -160005.8904  EHBOND  =         0.0000  RESTRAINT  =         0.0000
 ------------------------------------------------------------------------------

wrapping first mol.:      -25.11591      -35.51926       61.52117
wrapping first mol.:      -25.11591      -35.51926       61.52117
wrapping first mol.:      -25.11591      -35.51926       61.52117
wrapping first mol.:      -25.11591      -35.51926       61.52117
wrapping first mol.:      -25.11591      -35.51926       61.52117
wrapping first mol.:      -25.11591      -35.51926       61.52117
wrapping first mol.:      -25.11591      -35.51926       61.52117
wrapping first mol.:      -25.11591      -35.51926       61.52117
wrapping first mol.:      -25.11591      -35.51926       61.52117
wrapping first mol.:      -25.11591      -35.51926       61.52117
wrapping first mol.:      -25.11591      -35.51926       61.52117

 NSTEP =   950000   TIME(PS) =    1900.000  TEMP(K) =   297.18  PRESS =     0.0
 Etot   =   -109173.9939  EKtot   =     20205.7676  EPtot      =   -129379.7615
 BOND   =       651.3665  ANGLE   =      1731.5382  DIHED      =      1202.6582
 UB     =         0.0000  IMP     =         0.0000  CMAP       =       147.7815
 1-4 NB =       799.7848  1-4 EEL =     10746.5660  VDWAALS    =     15374.1523
 EELEC  =   -160033.6090  EHBOND  =         0.0000  RESTRAINT  =         0.0000
 ------------------------------------------------------------------------------

wrapping first mol.:      -25.11591      -35.51926       61.52117
wrapping first mol.:      -25.11591      -35.51926       61.52117
wrapping first mol.:      -25.11591      -35.51926       61.52117
wrapping first mol.:      -25.11591      -35.51926       61.52117
wrapping first mol.:      -25.11591      -35.51926       61.52117
wrapping first mol.:      -25.11591      -35.51926       61.52117
wrapping first mol.:      -25.11591      -35.51926       61.52117
wrapping first mol.:      -25.11591      -35.51926       61.52117
wrapping first mol.:      -25.11591      -35.51926       61.52117
wrapping first mol.:      -25.11591      -35.51926       61.52117
wrapping first mol.:      -25.11591      -35.51926       61.52117

 NSTEP =  1000000   TIME(PS) =    2000.000  TEMP(K) =   300.84  PRESS =     0.0
 Etot   =   -108913.7572  EKtot   =     20454.4102  EPtot      =   -129368.1673
 BOND   =       645.4885  ANGLE   =      1756.8070  DIHED      =      1185.3797
 UB     =         0.0000  IMP     =         0.0000  CMAP       =       165.9378
 1-4 NB =       772.9107  1-4 EEL =     10698.9713  VDWAALS    =     15275.2451
 EELEC  =   -159868.9075  EHBOND  =         0.0000  RESTRAINT  =         0.0000
 ------------------------------------------------------------------------------

wrapping first mol.:      -25.11591      -35.51926       61.52117
wrapping first mol.:      -25.11591      -35.51926       61.52117
wrapping first mol.:      -25.11591      -35.51926       61.52117
wrapping first mol.:      -25.11591      -35.51926       61.52117
wrapping first mol.:      -25.11591      -35.51926       61.52117
wrapping first mol.:      -25.11591      -35.51926       61.52117
wrapping first mol.:      -25.11591      -35.51926       61.52117
wrapping first mol.:      -25.11591      -35.51926       61.52117
wrapping first mol.:      -25.11591      -35.51926       61.52117
wrapping first mol.:      -25.11591      -35.51926       61.52117
wrapping first mol.:      -25.11591      -35.51926       61.52117

 NSTEP =  1050000   TIME(PS) =    2100.000  TEMP(K) =   298.55  PRESS =     0.0
 Etot   =   -109060.0078  EKtot   =     20298.7148  EPtot      =   -129358.7227
 BOND   =       660.4764  ANGLE   =      1802.4685  DIHED      =      1198.1835
 UB     =         0.0000  IMP     =         0.0000  CMAP       =       177.7558
 1-4 NB =       773.2767  1-4 EEL =     10791.0800  VDWAALS    =     15112.8206
 EELEC  =   -159874.7842  EHBOND  =         0.0000  RESTRAINT  =         0.0000
 ------------------------------------------------------------------------------

wrapping first mol.:      -25.11591      -35.51926       61.52117
wrapping first mol.:      -25.11591      -35.51926       61.52117
wrapping first mol.:      -25.11591      -35.51926       61.52117
wrapping first mol.:      -25.11591      -35.51926       61.52117
wrapping first mol.:      -25.11591      -35.51926       61.52117
wrapping first mol.:      -25.11591      -35.51926       61.52117
wrapping first mol.:      -25.11591      -35.51926       61.52117
wrapping first mol.:      -25.11591      -35.51926       61.52117
wrapping first mol.:      -25.11591      -35.51926       61.52117
wrapping first mol.:      -25.11591      -35.51926       61.52117
wrapping first mol.:      -25.11591      -35.51926       61.52117

 NSTEP =  1100000   TIME(PS) =    2200.000  TEMP(K) =   299.91  PRESS =     0.0
 Etot   =   -109009.9197  EKtot   =     20391.6641  EPtot      =   -129401.5838
 BOND   =       675.9724  ANGLE   =      1691.4079  DIHED      =      1198.4697
 UB     =         0.0000  IMP     =         0.0000  CMAP       =       164.0003
 1-4 NB =       782.9262  1-4 EEL =     10708.8049  VDWAALS    =     15614.1759
 EELEC  =   -160237.3409  EHBOND  =         0.0000  RESTRAINT  =         0.0000
 ------------------------------------------------------------------------------

wrapping first mol.:      -25.11591      -35.51926       61.52117
wrapping first mol.:      -25.11591      -35.51926       61.52117
wrapping first mol.:      -25.11591      -35.51926       61.52117
wrapping first mol.:      -25.11591      -35.51926       61.52117
wrapping first mol.:      -25.11591      -35.51926       61.52117
wrapping first mol.:      -25.11591      -35.51926       61.52117
wrapping first mol.:      -25.11591      -35.51926       61.52117
wrapping first mol.:      -25.11591      -35.51926       61.52117
wrapping first mol.:      -25.11591      -35.51926       61.52117
wrapping first mol.:      -25.11591      -35.51926       61.52117
wrapping first mol.:      -25.11591      -35.51926       61.52117

 NSTEP =  1150000   TIME(PS) =    2300.000  TEMP(K) =   301.80  PRESS =     0.0
 Etot   =   -108940.8085  EKtot   =     20519.9531  EPtot      =   -129460.7617
 BOND   =       677.0925  ANGLE   =      1760.4064  DIHED      =      1205.4147
 UB     =         0.0000  IMP     =         0.0000  CMAP       =       156.5225
 1-4 NB =       783.2918  1-4 EEL =     10672.5414  VDWAALS    =     15700.5031
 EELEC  =   -160416.5341  EHBOND  =         0.0000  RESTRAINT  =         0.0000
 ------------------------------------------------------------------------------

wrapping first mol.:      -25.11591      -35.51926       61.52117
wrapping first mol.:      -25.11591      -35.51926       61.52117
wrapping first mol.:      -25.11591      -35.51926       61.52117
wrapping first mol.:      -25.11591      -35.51926       61.52117
wrapping first mol.:      -25.11591      -35.51926       61.52117
wrapping first mol.:      -25.11591      -35.51926       61.52117
wrapping first mol.:      -25.11591      -35.51926       61.52117
wrapping first mol.:      -25.11591      -35.51926       61.52117
wrapping first mol.:      -25.11591      -35.51926       61.52117
wrapping first mol.:      -25.11591      -35.51926       61.52117
wrapping first mol.:      -25.11591      -35.51926       61.52117

 NSTEP =  1200000   TIME(PS) =    2400.000  TEMP(K) =   299.32  PRESS =     0.0
 Etot   =   -108835.6830  EKtot   =     20351.6074  EPtot      =   -129187.2904
 BOND   =       653.9627  ANGLE   =      1782.6069  DIHED      =      1197.0585
 UB     =         0.0000  IMP     =         0.0000  CMAP       =       151.7834
 1-4 NB =       797.7247  1-4 EEL =     10746.5800  VDWAALS    =     15361.8770
 EELEC  =   -159878.8837  EHBOND  =         0.0000  RESTRAINT  =         0.0000
 ------------------------------------------------------------------------------

wrapping first mol.:      -25.11591      -35.51926       61.52117
wrapping first mol.:      -25.11591      -35.51926       61.52117
wrapping first mol.:      -25.11591      -35.51926       61.52117
wrapping first mol.:      -25.11591      -35.51926       61.52117
wrapping first mol.:      -25.11591      -35.51926       61.52117
wrapping first mol.:      -25.11591      -35.51926       61.52117
wrapping first mol.:      -25.11591      -35.51926       61.52117
wrapping first mol.:      -25.11591      -35.51926       61.52117
wrapping first mol.:      -25.11591      -35.51926       61.52117
wrapping first mol.:      -25.11591      -35.51926       61.52117
wrapping first mol.:      -25.11591      -35.51926       61.52117

 NSTEP =  1250000   TIME(PS) =    2500.000  TEMP(K) =   299.61  PRESS =     0.0
 Etot   =   -108948.6302  EKtot   =     20370.7773  EPtot      =   -129319.4075
 BOND   =       686.4504  ANGLE   =      1729.2217  DIHED      =      1195.4437
 UB     =         0.0000  IMP     =         0.0000  CMAP       =       163.7668
 1-4 NB =       778.5112  1-4 EEL =     10729.3266  VDWAALS    =     15414.4267
 EELEC  =   -160016.5545  EHBOND  =         0.0000  RESTRAINT  =         0.0000
 ------------------------------------------------------------------------------

wrapping first mol.:      -25.11591      -35.51926       61.52117
wrapping first mol.:      -25.11591      -35.51926       61.52117
wrapping first mol.:      -25.11591      -35.51926       61.52117
wrapping first mol.:      -25.11591      -35.51926       61.52117
wrapping first mol.:      -25.11591      -35.51926       61.52117
wrapping first mol.:      -25.11591      -35.51926       61.52117
wrapping first mol.:      -25.11591      -35.51926       61.52117
wrapping first mol.:      -25.11591      -35.51926       61.52117
wrapping first mol.:      -25.11591      -35.51926       61.52117
wrapping first mol.:      -25.11591      -35.51926       61.52117
wrapping first mol.:      -25.11591      -35.51926       61.52117

 NSTEP =  1300000   TIME(PS) =    2600.000  TEMP(K) =   301.04  PRESS =     0.0
 Etot   =   -109248.5071  EKtot   =     20468.2832  EPtot      =   -129716.7904
 BOND   =       659.3067  ANGLE   =      1769.3398  DIHED      =      1195.5355
 UB     =         0.0000  IMP     =         0.0000  CMAP       =       178.5692
 1-4 NB =       757.5317  1-4 EEL =     10697.9064  VDWAALS    =     15742.0660
 EELEC  =   -160717.0456  EHBOND  =         0.0000  RESTRAINT  =         0.0000
 ------------------------------------------------------------------------------

wrapping first mol.:      -25.11591      -35.51926       61.52117
wrapping first mol.:      -25.11591      -35.51926       61.52117
wrapping first mol.:      -25.11591      -35.51926       61.52117
wrapping first mol.:      -25.11591      -35.51926       61.52117
wrapping first mol.:      -25.11591      -35.51926       61.52117
wrapping first mol.:      -25.11591      -35.51926       61.52117
wrapping first mol.:      -25.11591      -35.51926       61.52117
wrapping first mol.:      -25.11591      -35.51926       61.52117
wrapping first mol.:      -25.11591      -35.51926       61.52117
wrapping first mol.:      -25.11591      -35.51926       61.52117
wrapping first mol.:      -25.11591      -35.51926       61.52117

 NSTEP =  1350000   TIME(PS) =    2700.000  TEMP(K) =   299.54  PRESS =     0.0
 Etot   =   -109016.7259  EKtot   =     20366.3047  EPtot      =   -129383.0306
 BOND   =       669.9873  ANGLE   =      1745.3964  DIHED      =      1187.6012
 UB     =         0.0000  IMP     =         0.0000  CMAP       =       153.2822
 1-4 NB =       777.8555  1-4 EEL =     10730.1813  VDWAALS    =     15499.9954
 EELEC  =   -160147.3300  EHBOND  =         0.0000  RESTRAINT  =         0.0000
 ------------------------------------------------------------------------------

wrapping first mol.:      -25.11591      -35.51926       61.52117
wrapping first mol.:      -25.11591      -35.51926       61.52117
wrapping first mol.:      -25.11591      -35.51926       61.52117
wrapping first mol.:      -25.11591      -35.51926       61.52117
wrapping first mol.:      -25.11591      -35.51926       61.52117
wrapping first mol.:      -25.11591      -35.51926       61.52117
wrapping first mol.:      -25.11591      -35.51926       61.52117
wrapping first mol.:      -25.11591      -35.51926       61.52117
wrapping first mol.:      -25.11591      -35.51926       61.52117
wrapping first mol.:      -25.11591      -35.51926       61.52117
wrapping first mol.:      -25.11591      -35.51926       61.52117

 NSTEP =  1400000   TIME(PS) =    2800.000  TEMP(K) =   301.07  PRESS =     0.0
 Etot   =   -108979.8594  EKtot   =     20470.2617  EPtot      =   -129450.1211
 BOND   =       663.0401  ANGLE   =      1748.8327  DIHED      =      1233.7505
 UB     =         0.0000  IMP     =         0.0000  CMAP       =       160.8103
 1-4 NB =       772.7652  1-4 EEL =     10713.7399  VDWAALS    =     15624.0151
 EELEC  =   -160367.0749  EHBOND  =         0.0000  RESTRAINT  =         0.0000
 ------------------------------------------------------------------------------

wrapping first mol.:      -25.11591      -35.51926       61.52117
wrapping first mol.:      -25.11591      -35.51926       61.52117
wrapping first mol.:      -25.11591      -35.51926       61.52117
wrapping first mol.:      -25.11591      -35.51926       61.52117
wrapping first mol.:      -25.11591      -35.51926       61.52117
wrapping first mol.:      -25.11591      -35.51926       61.52117
wrapping first mol.:      -25.11591      -35.51926       61.52117
wrapping first mol.:      -25.11591      -35.51926       61.52117
wrapping first mol.:      -25.11591      -35.51926       61.52117
wrapping first mol.:      -25.11591      -35.51926       61.52117
wrapping first mol.:      -25.11591      -35.51926       61.52117

 NSTEP =  1450000   TIME(PS) =    2900.000  TEMP(K) =   299.98  PRESS =     0.0
 Etot   =   -108891.1729  EKtot   =     20395.9688  EPtot      =   -129287.1416
 BOND   =       677.5914  ANGLE   =      1769.2362  DIHED      =      1245.0494
 UB     =         0.0000  IMP     =         0.0000  CMAP       =       160.2929
 1-4 NB =       777.8989  1-4 EEL =     10748.5787  VDWAALS    =     15645.6137
 EELEC  =   -160311.4028  EHBOND  =         0.0000  RESTRAINT  =         0.0000
 ------------------------------------------------------------------------------

wrapping first mol.:      -25.11591      -35.51926       61.52117
wrapping first mol.:      -25.11591      -35.51926       61.52117
wrapping first mol.:      -25.11591      -35.51926       61.52117
wrapping first mol.:      -25.11591      -35.51926       61.52117
wrapping first mol.:      -25.11591      -35.51926       61.52117
wrapping first mol.:      -25.11591      -35.51926       61.52117
wrapping first mol.:      -25.11591      -35.51926       61.52117
wrapping first mol.:      -25.11591      -35.51926       61.52117
wrapping first mol.:      -25.11591      -35.51926       61.52117
wrapping first mol.:      -25.11591      -35.51926       61.52117
wrapping first mol.:      -25.11591      -35.51926       61.52117

 NSTEP =  1500000   TIME(PS) =    3000.000  TEMP(K) =   296.57  PRESS =     0.0
 Etot   =   -109159.4916  EKtot   =     20164.5293  EPtot      =   -129324.0209
 BOND   =       672.9885  ANGLE   =      1737.7436  DIHED      =      1225.7013
 UB     =         0.0000  IMP     =         0.0000  CMAP       =       180.2782
 1-4 NB =       768.4418  1-4 EEL =     10764.4662  VDWAALS    =     15399.0767
 EELEC  =   -160072.7173  EHBOND  =         0.0000  RESTRAINT  =         0.0000
 ------------------------------------------------------------------------------

wrapping first mol.:      -25.11591      -35.51926       61.52117
wrapping first mol.:      -25.11591      -35.51926       61.52117
wrapping first mol.:      -25.11591      -35.51926       61.52117
wrapping first mol.:      -25.11591      -35.51926       61.52117
wrapping first mol.:      -25.11591      -35.51926       61.52117
wrapping first mol.:      -25.11591      -35.51926       61.52117
wrapping first mol.:      -25.11591      -35.51926       61.52117
wrapping first mol.:      -25.11591      -35.51926       61.52117
wrapping first mol.:      -25.11591      -35.51926       61.52117
wrapping first mol.:      -25.11591      -35.51926       61.52117
wrapping first mol.:      -25.11591      -35.51926       61.52117

 NSTEP =  1550000   TIME(PS) =    3100.000  TEMP(K) =   299.11  PRESS =     0.0
 Etot   =   -109045.1002  EKtot   =     20337.1855  EPtot      =   -129382.2857
 BOND   =       691.6609  ANGLE   =      1734.8074  DIHED      =      1192.0341
 UB     =         0.0000  IMP     =         0.0000  CMAP       =       179.7913
 1-4 NB =       777.9203  1-4 EEL =     10765.0318  VDWAALS    =     15404.8545
 EELEC  =   -160128.3860  EHBOND  =         0.0000  RESTRAINT  =         0.0000
 ------------------------------------------------------------------------------

wrapping first mol.:      -25.11591      -35.51926       61.52117
wrapping first mol.:      -25.11591      -35.51926       61.52117
wrapping first mol.:      -25.11591      -35.51926       61.52117
wrapping first mol.:      -25.11591      -35.51926       61.52117
wrapping first mol.:      -25.11591      -35.51926       61.52117
wrapping first mol.:      -25.11591      -35.51926       61.52117
wrapping first mol.:      -25.11591      -35.51926       61.52117
wrapping first mol.:      -25.11591      -35.51926       61.52117
wrapping first mol.:      -25.11591      -35.51926       61.52117
wrapping first mol.:      -25.11591      -35.51926       61.52117
wrapping first mol.:      -25.11591      -35.51926       61.52117

 NSTEP =  1600000   TIME(PS) =    3200.000  TEMP(K) =   300.04  PRESS =     0.0
 Etot   =   -109149.7332  EKtot   =     20400.3340  EPtot      =   -129550.0672
 BOND   =       636.9004  ANGLE   =      1759.7562  DIHED      =      1179.1317
 UB     =         0.0000  IMP     =         0.0000  CMAP       =       161.0711
 1-4 NB =       784.0384  1-4 EEL =     10753.0289  VDWAALS    =     15443.0843
 EELEC  =   -160267.0783  EHBOND  =         0.0000  RESTRAINT  =         0.0000
 ------------------------------------------------------------------------------

wrapping first mol.:      -25.11591      -35.51926       61.52117
wrapping first mol.:      -25.11591      -35.51926       61.52117
wrapping first mol.:      -25.11591      -35.51926       61.52117
wrapping first mol.:      -25.11591      -35.51926       61.52117
wrapping first mol.:      -25.11591      -35.51926       61.52117
wrapping first mol.:      -25.11591      -35.51926       61.52117
wrapping first mol.:      -25.11591      -35.51926       61.52117
wrapping first mol.:      -25.11591      -35.51926       61.52117
wrapping first mol.:      -25.11591      -35.51926       61.52117
wrapping first mol.:      -25.11591      -35.51926       61.52117
wrapping first mol.:      -25.11591      -35.51926       61.52117

 NSTEP =  1650000   TIME(PS) =    3300.000  TEMP(K) =   298.88  PRESS =     0.0
 Etot   =   -109260.4459  EKtot   =     20321.2383  EPtot      =   -129581.6842
 BOND   =       648.1903  ANGLE   =      1730.9686  DIHED      =      1173.0054
 UB     =         0.0000  IMP     =         0.0000  CMAP       =       164.3290
 1-4 NB =       774.9245  1-4 EEL =     10713.1396  VDWAALS    =     15616.7254
 EELEC  =   -160402.9670  EHBOND  =         0.0000  RESTRAINT  =         0.0000
 ------------------------------------------------------------------------------

wrapping first mol.:      -25.11591      -35.51926       61.52117
wrapping first mol.:      -25.11591      -35.51926       61.52117
wrapping first mol.:      -25.11591      -35.51926       61.52117
wrapping first mol.:      -25.11591      -35.51926       61.52117
wrapping first mol.:      -25.11591      -35.51926       61.52117
wrapping first mol.:      -25.11591      -35.51926       61.52117
wrapping first mol.:      -25.11591      -35.51926       61.52117
wrapping first mol.:      -25.11591      -35.51926       61.52117
wrapping first mol.:      -25.11591      -35.51926       61.52117
wrapping first mol.:      -25.11591      -35.51926       61.52117
wrapping first mol.:      -25.11591      -35.51926       61.52117

 NSTEP =  1700000   TIME(PS) =    3400.000  TEMP(K) =   302.33  PRESS =     0.0
 Etot   =   -108643.4849  EKtot   =     20555.8555  EPtot      =   -129199.3404
 BOND   =       641.4917  ANGLE   =      1782.3468  DIHED      =      1225.3869
 UB     =         0.0000  IMP     =         0.0000  CMAP       =       149.3830
 1-4 NB =       791.2944  1-4 EEL =     10673.0869  VDWAALS    =     15534.1600
 EELEC  =   -159996.4902  EHBOND  =         0.0000  RESTRAINT  =         0.0000
 ------------------------------------------------------------------------------

wrapping first mol.:      -25.11591      -35.51926       61.52117
wrapping first mol.:      -25.11591      -35.51926       61.52117
wrapping first mol.:      -25.11591      -35.51926       61.52117
wrapping first mol.:      -25.11591      -35.51926       61.52117
wrapping first mol.:      -25.11591      -35.51926       61.52117
wrapping first mol.:      -25.11591      -35.51926       61.52117
wrapping first mol.:      -25.11591      -35.51926       61.52117
wrapping first mol.:      -25.11591      -35.51926       61.52117
wrapping first mol.:      -25.11591      -35.51926       61.52117
wrapping first mol.:      -25.11591      -35.51926       61.52117
wrapping first mol.:      -25.11591      -35.51926       61.52117

 NSTEP =  1750000   TIME(PS) =    3500.000  TEMP(K) =   301.27  PRESS =     0.0
 Etot   =   -108982.8563  EKtot   =     20483.8867  EPtot      =   -129466.7431
 BOND   =       657.0756  ANGLE   =      1738.5017  DIHED      =      1199.0198
 UB     =         0.0000  IMP     =         0.0000  CMAP       =       164.0056
 1-4 NB =       790.3808  1-4 EEL =     10647.5886  VDWAALS    =     15183.2531
 EELEC  =   -159846.5683  EHBOND  =         0.0000  RESTRAINT  =         0.0000
 ------------------------------------------------------------------------------

wrapping first mol.:      -25.11591      -35.51926       61.52117
wrapping first mol.:      -25.11591      -35.51926       61.52117
wrapping first mol.:      -25.11591      -35.51926       61.52117
wrapping first mol.:      -25.11591      -35.51926       61.52117
wrapping first mol.:      -25.11591      -35.51926       61.52117
wrapping first mol.:      -25.11591      -35.51926       61.52117
wrapping first mol.:      -25.11591      -35.51926       61.52117
wrapping first mol.:      -25.11591      -35.51926       61.52117
wrapping first mol.:      -25.11591      -35.51926       61.52117
wrapping first mol.:      -25.11591      -35.51926       61.52117
wrapping first mol.:      -25.11591      -35.51926       61.52117

 NSTEP =  1800000   TIME(PS) =    3600.000  TEMP(K) =   300.98  PRESS =     0.0
 Etot   =   -108825.7066  EKtot   =     20463.9531  EPtot      =   -129289.6597
 BOND   =       670.5844  ANGLE   =      1734.9675  DIHED      =      1165.3860
 UB     =         0.0000  IMP     =         0.0000  CMAP       =       160.6399
 1-4 NB =       791.4779  1-4 EEL =     10680.3137  VDWAALS    =     15750.9705
 EELEC  =   -160243.9996  EHBOND  =         0.0000  RESTRAINT  =         0.0000
 ------------------------------------------------------------------------------

wrapping first mol.:      -25.11591      -35.51926       61.52117
wrapping first mol.:      -25.11591      -35.51926       61.52117
wrapping first mol.:      -25.11591      -35.51926       61.52117
wrapping first mol.:      -25.11591      -35.51926       61.52117
wrapping first mol.:      -25.11591      -35.51926       61.52117
wrapping first mol.:      -25.11591      -35.51926       61.52117
wrapping first mol.:      -25.11591      -35.51926       61.52117
wrapping first mol.:      -25.11591      -35.51926       61.52117
wrapping first mol.:      -25.11591      -35.51926       61.52117
wrapping first mol.:      -25.11591      -35.51926       61.52117
wrapping first mol.:      -25.11591      -35.51926       61.52117

 NSTEP =  1850000   TIME(PS) =    3700.000  TEMP(K) =   298.67  PRESS =     0.0
 Etot   =   -108933.4156  EKtot   =     20307.3652  EPtot      =   -129240.7808
 BOND   =       655.5298  ANGLE   =      1754.2074  DIHED      =      1186.7511
 UB     =         0.0000  IMP     =         0.0000  CMAP       =       169.7731
 1-4 NB =       774.0750  1-4 EEL =     10702.9279  VDWAALS    =     15389.9561
 EELEC  =   -159874.0013  EHBOND  =         0.0000  RESTRAINT  =         0.0000
 ------------------------------------------------------------------------------

wrapping first mol.:      -25.11591      -35.51926       61.52117
wrapping first mol.:      -25.11591      -35.51926       61.52117
wrapping first mol.:      -25.11591      -35.51926       61.52117
wrapping first mol.:      -25.11591      -35.51926       61.52117
wrapping first mol.:      -25.11591      -35.51926       61.52117
wrapping first mol.:      -25.11591      -35.51926       61.52117
wrapping first mol.:      -25.11591      -35.51926       61.52117
wrapping first mol.:      -25.11591      -35.51926       61.52117
wrapping first mol.:      -25.11591      -35.51926       61.52117
wrapping first mol.:      -25.11591      -35.51926       61.52117
wrapping first mol.:      -25.11591      -35.51926       61.52117

 NSTEP =  1900000   TIME(PS) =    3800.000  TEMP(K) =   299.85  PRESS =     0.0
 Etot   =   -109153.6271  EKtot   =     20387.1777  EPtot      =   -129540.8048
 BOND   =       658.7610  ANGLE   =      1755.2361  DIHED      =      1187.7839
 UB     =         0.0000  IMP     =         0.0000  CMAP       =       160.7402
 1-4 NB =       766.6421  1-4 EEL =     10685.1833  VDWAALS    =     15474.3383
 EELEC  =   -160229.4897  EHBOND  =         0.0000  RESTRAINT  =         0.0000
 ------------------------------------------------------------------------------

wrapping first mol.:      -25.11591      -35.51926       61.52117
wrapping first mol.:      -25.11591      -35.51926       61.52117
wrapping first mol.:      -25.11591      -35.51926       61.52117
wrapping first mol.:      -25.11591      -35.51926       61.52117
wrapping first mol.:      -25.11591      -35.51926       61.52117
wrapping first mol.:      -25.11591      -35.51926       61.52117
wrapping first mol.:      -25.11591      -35.51926       61.52117
wrapping first mol.:      -25.11591      -35.51926       61.52117
wrapping first mol.:      -25.11591      -35.51926       61.52117
wrapping first mol.:      -25.11591      -35.51926       61.52117
wrapping first mol.:      -25.11591      -35.51926       61.52117

 NSTEP =  1950000   TIME(PS) =    3900.000  TEMP(K) =   302.09  PRESS =     0.0
 Etot   =   -108882.3380  EKtot   =     20539.8848  EPtot      =   -129422.2227
 BOND   =       659.8884  ANGLE   =      1773.8798  DIHED      =      1215.2724
 UB     =         0.0000  IMP     =         0.0000  CMAP       =       166.2537
 1-4 NB =       770.9358  1-4 EEL =     10714.5932  VDWAALS    =     15272.5562
 EELEC  =   -159995.6023  EHBOND  =         0.0000  RESTRAINT  =         0.0000
 ------------------------------------------------------------------------------

wrapping first mol.:      -25.11591      -35.51926       61.52117
wrapping first mol.:      -25.11591      -35.51926       61.52117
wrapping first mol.:      -25.11591      -35.51926       61.52117
wrapping first mol.:      -25.11591      -35.51926       61.52117
wrapping first mol.:      -25.11591      -35.51926       61.52117
wrapping first mol.:      -25.11591      -35.51926       61.52117
wrapping first mol.:      -25.11591      -35.51926       61.52117
wrapping first mol.:      -25.11591      -35.51926       61.52117
wrapping first mol.:      -25.11591      -35.51926       61.52117
wrapping first mol.:      -25.11591      -35.51926       61.52117
wrapping first mol.:      -25.11591      -35.51926       61.52117

 NSTEP =  2000000   TIME(PS) =    4000.000  TEMP(K) =   297.65  PRESS =     0.0
 Etot   =   -108879.3479  EKtot   =     20237.7695  EPtot      =   -129117.1175
 BOND   =       692.7096  ANGLE   =      1828.3092  DIHED      =      1196.0859
 UB     =         0.0000  IMP     =         0.0000  CMAP       =       155.0723
 1-4 NB =       771.3276  1-4 EEL =     10667.6718  VDWAALS    =     15179.5990
 EELEC  =   -159607.8927  EHBOND  =         0.0000  RESTRAINT  =         0.0000
 ------------------------------------------------------------------------------

wrapping first mol.:      -25.11591      -35.51926       61.52117
wrapping first mol.:      -25.11591      -35.51926       61.52117
wrapping first mol.:      -25.11591      -35.51926       61.52117
wrapping first mol.:      -25.11591      -35.51926       61.52117
wrapping first mol.:      -25.11591      -35.51926       61.52117
wrapping first mol.:      -25.11591      -35.51926       61.52117
wrapping first mol.:      -25.11591      -35.51926       61.52117
wrapping first mol.:      -25.11591      -35.51926       61.52117
wrapping first mol.:      -25.11591      -35.51926       61.52117
wrapping first mol.:      -25.11591      -35.51926       61.52117
wrapping first mol.:      -25.11591      -35.51926       61.52117

 NSTEP =  2050000   TIME(PS) =    4100.000  TEMP(K) =   299.22  PRESS =     0.0
 Etot   =   -109185.4324  EKtot   =     20344.3203  EPtot      =   -129529.7527
 BOND   =       683.3572  ANGLE   =      1740.9033  DIHED      =      1225.8809
 UB     =         0.0000  IMP     =         0.0000  CMAP       =       156.4544
 1-4 NB =       767.5577  1-4 EEL =     10643.0046  VDWAALS    =     15533.6812
 EELEC  =   -160280.5920  EHBOND  =         0.0000  RESTRAINT  =         0.0000
 ------------------------------------------------------------------------------

wrapping first mol.:      -25.11591      -35.51926       61.52117
wrapping first mol.:      -25.11591      -35.51926       61.52117
wrapping first mol.:      -25.11591      -35.51926       61.52117
wrapping first mol.:      -25.11591      -35.51926       61.52117
wrapping first mol.:      -25.11591      -35.51926       61.52117
wrapping first mol.:      -25.11591      -35.51926       61.52117
wrapping first mol.:      -25.11591      -35.51926       61.52117
wrapping first mol.:      -25.11591      -35.51926       61.52117
wrapping first mol.:      -25.11591      -35.51926       61.52117
wrapping first mol.:      -25.11591      -35.51926       61.52117
wrapping first mol.:      -25.11591      -35.51926       61.52117

 NSTEP =  2100000   TIME(PS) =    4200.000  TEMP(K) =   298.60  PRESS =     0.0
 Etot   =   -108919.5418  EKtot   =     20302.1973  EPtot      =   -129221.7391
 BOND   =       657.4578  ANGLE   =      1742.8362  DIHED      =      1219.1748
 UB     =         0.0000  IMP     =         0.0000  CMAP       =       155.6757
 1-4 NB =       787.5416  1-4 EEL =     10686.5967  VDWAALS    =     15415.6055
 EELEC  =   -159886.6273  EHBOND  =         0.0000  RESTRAINT  =         0.0000
 ------------------------------------------------------------------------------

wrapping first mol.:      -25.11591      -35.51926       61.52117
wrapping first mol.:      -25.11591      -35.51926       61.52117
wrapping first mol.:      -25.11591      -35.51926       61.52117
wrapping first mol.:      -25.11591      -35.51926       61.52117
wrapping first mol.:      -25.11591      -35.51926       61.52117
wrapping first mol.:      -25.11591      -35.51926       61.52117
wrapping first mol.:      -25.11591      -35.51926       61.52117
wrapping first mol.:      -25.11591      -35.51926       61.52117
wrapping first mol.:      -25.11591      -35.51926       61.52117
wrapping first mol.:      -25.11591      -35.51926       61.52117
wrapping first mol.:      -25.11591      -35.51926       61.52117

 NSTEP =  2150000   TIME(PS) =    4300.000  TEMP(K) =   297.68  PRESS =     0.0
 Etot   =   -109074.3186  EKtot   =     20239.4688  EPtot      =   -129313.7874
 BOND   =       657.0663  ANGLE   =      1756.7648  DIHED      =      1194.8378
 UB     =         0.0000  IMP     =         0.0000  CMAP       =       172.4660
 1-4 NB =       781.1292  1-4 EEL =     10630.5149  VDWAALS    =     15750.2891
 EELEC  =   -160256.8555  EHBOND  =         0.0000  RESTRAINT  =         0.0000
 ------------------------------------------------------------------------------

wrapping first mol.:      -25.11591      -35.51926       61.52117
wrapping first mol.:      -25.11591      -35.51926       61.52117
wrapping first mol.:      -25.11591      -35.51926       61.52117
wrapping first mol.:      -25.11591      -35.51926       61.52117
wrapping first mol.:      -25.11591      -35.51926       61.52117
wrapping first mol.:      -25.11591      -35.51926       61.52117
wrapping first mol.:      -25.11591      -35.51926       61.52117
wrapping first mol.:      -25.11591      -35.51926       61.52117
wrapping first mol.:      -25.11591      -35.51926       61.52117
wrapping first mol.:      -25.11591      -35.51926       61.52117
wrapping first mol.:      -25.11591      -35.51926       61.52117

 NSTEP =  2200000   TIME(PS) =    4400.000  TEMP(K) =   300.33  PRESS =     0.0
 Etot   =   -109136.3812  EKtot   =     20420.0762  EPtot      =   -129556.4574
 BOND   =       636.5627  ANGLE   =      1729.8531  DIHED      =      1206.3301
 UB     =         0.0000  IMP     =         0.0000  CMAP       =       170.9871
 1-4 NB =       773.8312  1-4 EEL =     10744.4348  VDWAALS    =     15615.5233
 EELEC  =   -160433.9797  EHBOND  =         0.0000  RESTRAINT  =         0.0000
 ------------------------------------------------------------------------------

wrapping first mol.:      -25.11591      -35.51926       61.52117
wrapping first mol.:      -25.11591      -35.51926       61.52117
wrapping first mol.:      -25.11591      -35.51926       61.52117
wrapping first mol.:      -25.11591      -35.51926       61.52117
wrapping first mol.:      -25.11591      -35.51926       61.52117
wrapping first mol.:      -25.11591      -35.51926       61.52117
wrapping first mol.:      -25.11591      -35.51926       61.52117
wrapping first mol.:      -25.11591      -35.51926       61.52117
wrapping first mol.:      -25.11591      -35.51926       61.52117
wrapping first mol.:      -25.11591      -35.51926       61.52117
wrapping first mol.:      -25.11591      -35.51926       61.52117

 NSTEP =  2250000   TIME(PS) =    4500.000  TEMP(K) =   299.38  PRESS =     0.0
 Etot   =   -109083.4665  EKtot   =     20355.2051  EPtot      =   -129438.6716
 BOND   =       693.5031  ANGLE   =      1742.2885  DIHED      =      1196.7921
 UB     =         0.0000  IMP     =         0.0000  CMAP       =       171.0399
 1-4 NB =       778.9935  1-4 EEL =     10691.0801  VDWAALS    =     15587.4467
 EELEC  =   -160299.8155  EHBOND  =         0.0000  RESTRAINT  =         0.0000
 ------------------------------------------------------------------------------

wrapping first mol.:      -25.11591      -35.51926       61.52117
wrapping first mol.:      -25.11591      -35.51926       61.52117
wrapping first mol.:      -25.11591      -35.51926       61.52117
wrapping first mol.:      -25.11591      -35.51926       61.52117
wrapping first mol.:      -25.11591      -35.51926       61.52117
wrapping first mol.:      -25.11591      -35.51926       61.52117
wrapping first mol.:      -25.11591      -35.51926       61.52117
wrapping first mol.:      -25.11591      -35.51926       61.52117
wrapping first mol.:      -25.11591      -35.51926       61.52117
wrapping first mol.:      -25.11591      -35.51926       61.52117
wrapping first mol.:      -25.11591      -35.51926       61.52117

 NSTEP =  2300000   TIME(PS) =    4600.000  TEMP(K) =   301.36  PRESS =     0.0
 Etot   =   -108731.4935  EKtot   =     20490.0566  EPtot      =   -129221.5502
 BOND   =       672.2965  ANGLE   =      1766.6455  DIHED      =      1217.5546
 UB     =         0.0000  IMP     =         0.0000  CMAP       =       164.6503
 1-4 NB =       774.2299  1-4 EEL =     10650.0308  VDWAALS    =     15633.6793
 EELEC  =   -160100.6372  EHBOND  =         0.0000  RESTRAINT  =         0.0000
 ------------------------------------------------------------------------------

wrapping first mol.:      -25.11591      -35.51926       61.52117
wrapping first mol.:      -25.11591      -35.51926       61.52117
wrapping first mol.:      -25.11591      -35.51926       61.52117
wrapping first mol.:      -25.11591      -35.51926       61.52117
wrapping first mol.:      -25.11591      -35.51926       61.52117
wrapping first mol.:      -25.11591      -35.51926       61.52117
wrapping first mol.:      -25.11591      -35.51926       61.52117
wrapping first mol.:      -25.11591      -35.51926       61.52117
wrapping first mol.:      -25.11591      -35.51926       61.52117
wrapping first mol.:      -25.11591      -35.51926       61.52117
wrapping first mol.:      -25.11591      -35.51926       61.52117

 NSTEP =  2350000   TIME(PS) =    4700.000  TEMP(K) =   299.61  PRESS =     0.0
 Etot   =   -108871.4634  EKtot   =     20371.2969  EPtot      =   -129242.7603
 BOND   =       673.8394  ANGLE   =      1755.4312  DIHED      =      1195.4279
 UB     =         0.0000  IMP     =         0.0000  CMAP       =       169.4233
 1-4 NB =       762.0675  1-4 EEL =     10640.5802  VDWAALS    =     15417.6844
 EELEC  =   -159857.2142  EHBOND  =         0.0000  RESTRAINT  =         0.0000
 ------------------------------------------------------------------------------

wrapping first mol.:      -25.11591      -35.51926       61.52117
wrapping first mol.:      -25.11591      -35.51926       61.52117
wrapping first mol.:      -25.11591      -35.51926       61.52117
wrapping first mol.:      -25.11591      -35.51926       61.52117
wrapping first mol.:      -25.11591      -35.51926       61.52117
wrapping first mol.:      -25.11591      -35.51926       61.52117
wrapping first mol.:      -25.11591      -35.51926       61.52117
wrapping first mol.:      -25.11591      -35.51926       61.52117
wrapping first mol.:      -25.11591      -35.51926       61.52117
wrapping first mol.:      -25.11591      -35.51926       61.52117
wrapping first mol.:      -25.11591      -35.51926       61.52117

 NSTEP =  2400000   TIME(PS) =    4800.000  TEMP(K) =   301.23  PRESS =     0.0
 Etot   =   -108681.6071  EKtot   =     20481.0273  EPtot      =   -129162.6345
 BOND   =       662.8434  ANGLE   =      1773.7258  DIHED      =      1185.2027
 UB     =         0.0000  IMP     =         0.0000  CMAP       =       166.7215
 1-4 NB =       795.2397  1-4 EEL =     10666.6686  VDWAALS    =     15182.6439
 EELEC  =   -159595.6799  EHBOND  =         0.0000  RESTRAINT  =         0.0000
 ------------------------------------------------------------------------------

wrapping first mol.:      -25.11591      -35.51926       61.52117
wrapping first mol.:      -25.11591      -35.51926       61.52117
wrapping first mol.:      -25.11591      -35.51926       61.52117
wrapping first mol.:      -25.11591      -35.51926       61.52117
wrapping first mol.:      -25.11591      -35.51926       61.52117
wrapping first mol.:      -25.11591      -35.51926       61.52117
wrapping first mol.:      -25.11591      -35.51926       61.52117
wrapping first mol.:      -25.11591      -35.51926       61.52117
wrapping first mol.:      -25.11591      -35.51926       61.52117
wrapping first mol.:      -25.11591      -35.51926       61.52117
wrapping first mol.:      -25.11591      -35.51926       61.52117

 NSTEP =  2450000   TIME(PS) =    4900.000  TEMP(K) =   299.17  PRESS =     0.0
 Etot   =   -109073.0616  EKtot   =     20340.7676  EPtot      =   -129413.8292
 BOND   =       683.2519  ANGLE   =      1702.0725  DIHED      =      1178.8347
 UB     =         0.0000  IMP     =         0.0000  CMAP       =       169.8161
 1-4 NB =       774.7056  1-4 EEL =     10709.8020  VDWAALS    =     15561.8996
 EELEC  =   -160194.2117  EHBOND  =         0.0000  RESTRAINT  =         0.0000
 ------------------------------------------------------------------------------

wrapping first mol.:      -25.11591      -35.51926       61.52117
wrapping first mol.:      -25.11591      -35.51926       61.52117
wrapping first mol.:      -25.11591      -35.51926       61.52117
wrapping first mol.:      -25.11591      -35.51926       61.52117
wrapping first mol.:      -25.11591      -35.51926       61.52117
wrapping first mol.:      -25.11591      -35.51926       61.52117
wrapping first mol.:      -25.11591      -35.51926       61.52117
wrapping first mol.:      -25.11591      -35.51926       61.52117
wrapping first mol.:      -25.11591      -35.51926       61.52117
wrapping first mol.:      -25.11591      -35.51926       61.52117
wrapping first mol.:      -25.11591      -35.51926       61.52117

 NSTEP =  2500000   TIME(PS) =    5000.000  TEMP(K) =   301.34  PRESS =     0.0
 Etot   =   -109031.7821  EKtot   =     20488.6602  EPtot      =   -129520.4423
 BOND   =       699.0824  ANGLE   =      1816.0549  DIHED      =      1179.4245
 UB     =         0.0000  IMP     =         0.0000  CMAP       =       174.2874
 1-4 NB =       757.0671  1-4 EEL =     10686.1581  VDWAALS    =     15640.0514
 EELEC  =   -160472.5680  EHBOND  =         0.0000  RESTRAINT  =         0.0000
 ------------------------------------------------------------------------------


      A V E R A G E S   O V E R      50 S T E P S


 NSTEP =  2500000   TIME(PS) =    5000.000  TEMP(K) =   299.94  PRESS =     0.0
 Etot   =   -108971.5954  EKtot   =     20393.6382  EPtot      =   -129365.2336
 BOND   =       670.1709  ANGLE   =      1753.2353  DIHED      =      1202.4055
 UB     =         0.0000  IMP     =         0.0000  CMAP       =       164.8013
 1-4 NB =       777.7109  1-4 EEL =     10706.2892  VDWAALS    =     15448.0408
 EELEC  =   -160087.8874  EHBOND  =         0.0000  RESTRAINT  =         0.0000
 ------------------------------------------------------------------------------


      R M S  F L U C T U A T I O N S


 NSTEP =  2500000   TIME(PS) =    5000.000  TEMP(K) =     1.43  PRESS =     0.0
 Etot   =       154.3986  EKtot   =        97.0555  EPtot      =       129.2432
 BOND   =        19.1345  ANGLE   =        29.9988  DIHED      =        17.7062
 UB     =         0.0000  IMP     =         0.0000  CMAP       =         7.6921
 1-4 NB =        11.9728  1-4 EEL =        38.1978  VDWAALS    =       171.7083
 EELEC  =       252.7142  EHBOND  =         0.0000  RESTRAINT  =         0.0000
 ------------------------------------------------------------------------------

--------------------------------------------------------------------------------
   5.  TIMINGS
--------------------------------------------------------------------------------

|  NonSetup CPU Time in Major Routines:
|
|     Routine           Sec        %
|     ------------------------------
|     Nonbond         918.84   11.77
|     Bond              0.00    0.00
|     Angle             0.00    0.00
|     Dihedral          0.00    0.00
|     Shake            20.64    0.26
|     RunMD          6862.55   87.92
|     Other             3.54    0.05
|     ------------------------------
|     Total          7805.57

|  PME Nonbond Pairlist CPU Time:
|
|     Routine              Sec        %
|     ---------------------------------
|     Set Up Cit           0.00    0.00
|     Build List           0.00    0.00
|     ---------------------------------
|     Total                0.00    0.00

|  PME Direct Force CPU Time:
|
|     Routine              Sec        %
|     ---------------------------------
|     NonBonded Calc       0.00    0.00
|     Exclude Masked       0.00    0.00
|     Other                1.92    0.02
|     ---------------------------------
|     Total                1.92    0.02

|  PME Reciprocal Force CPU Time:
|
|     Routine              Sec        %
|     ---------------------------------
|     1D bspline           0.00    0.00
|     Grid Charges         0.00    0.00
|     Scalar Sum           0.00    0.00
|     Gradient Sum         0.00    0.00
|     FFT                  0.00    0.00
|     ---------------------------------
|     Total                0.00    0.00

|  Final Performance Info:
|     -----------------------------------------------------
|     Average timings for last       1 steps:
|     Elapsed(s) =       0.00 Per Step(ms) =       0.19
|         ns/day =     899.35   seconds/ns =      96.07
|
|     Average timings for all steps:
|     Elapsed(s) =    7819.14 Per Step(ms) =       3.13
|         ns/day =      55.25   seconds/ns =    1563.83
|     -----------------------------------------------------

|  Setup CPU time:            0.80 seconds
|  NonSetup CPU time:      7805.57 seconds
|  Total CPU time:         7806.37 seconds     2.17 hours

|  Setup wall time:           1    seconds
|  NonSetup wall time:     7819    seconds
|  Total wall time:        7820    seconds     2.17 hours
