
          -------------------------------------------------------
          Amber 18 PMEMD                              2018
          -------------------------------------------------------

| PMEMD implementation of SANDER, Release 18

| Run on 09/20/2020 at 15:08:06

|   Executable path: pmemd.cuda
| Working directory: /home/almacen/pbarletta/dynein/run/lfm7/4_pdt
|          Hostname: Unknown
  [-O]verwriting output

File Assignments:
|   MDIN: pre_pdt.in                                                            
|  MDOUT: 0pdt.out                                                              
| INPCRD: 4_lfm7.rst7                                                           
|   PARM: /home/almacen/pbarletta/dynein/top_files/lfm7.prmtop                  
| RESTRT: 0p4_lfm7.rst7                                                         
|   REFC: refc                                                                  
|  MDVEL: mdvel                                                                 
|   MDEN: mden                                                                  
|  MDCRD: 0p4_lfm7.nc                                                           
| MDINFO: mdinfo                                                                
|  MDFRC: mdfrc                                                                 


 Here is the input file:

Production run                                                                 
&cntrl                                                                         
imin = 0,                           ! No Minimization                          
nmropt = 0,                         ! No NMR restraints read                   
                                                                               
! Nature and format of the input                                               
ntx = 5,                            ! Coordinates and velocities will be read  
irest = 1,                          ! Do not run a new simulation              
                                                                               
! Nature and format of the output                                              
ntxo = 1,                           ! rstrt file in ASCII format               
ntpr = 50000,                       ! inf in output every ntpr steps           
ntwr = 50000,                       ! rstrt file every ntwr steps              
ntwx = 5000,                        ! mdcrd file every ntwx steps              
ntwv = 0,                           ! mdvel without velocities                 
ntwe = 0,                           ! Energies and temperatures not written in 
idecomp = 0,                        ! No energy decomposition                  
iwrap = 1,                          ! Coordinates of the restart and mdcrd file
                                                                               
! Frozen or restrained atoms                                                   
ibelly = 0,                         ! No frozen atoms                          
ntr=0,                              ! Harmonic potential restraints            
                                                                               
! Molecular dynamics                                                           
nstlim = 2500000,                   ! Number of MD-steps                       
dt = 0.002,                         ! Time step                                
                                                                               
! Temperature regulation                                                       
ntt = 3,                            ! Langevin thermostat                      
gamma_ln = 2,                       ! Gamma constant for Langevin              
temp0 = 300.0,                      ! Reference T at which the system is to be 
tempi = 300.0,                      ! Initial T                                
ig = -1,                            ! Seed for the RNG                         
                                                                               
! P and V regulation                                                           
!barostat = 1,                      ! Berendsen barostat                       
!taup = 1,                          ! Pressure relaxation time                 
ntp = 0,                            ! constant V                               
ntb = 1,                            ! Periodic box for constant V              
                                                                               
! SHAKE variables                                                              
ntc = 2,                            ! Bonds involving H are constrained        
ntf = 2,                            ! Bond interaction involving H are ommited.
                                                                               
cut = 9.0,                          ! Nonbonded cutoff                         
/                                                                              
&end                                                                           


Note: ig = -1. Setting random seed to   902314 based on wallclock time in 
      microseconds.
| irandom = 1, using AMBER's internal random number generator (default).
 
|--------------------- INFORMATION ----------------------
| GPU (CUDA) Version of PMEMD in use: NVIDIA GPU IN USE.
|                    Version 18.0.0
| 
|                      03/25/2018
| 
| Implementation by:
|                    Ross C. Walker     (SDSC)
|                    Scott Le Grand     (nVIDIA)
| 
| Version 18 performance extensions by:
|                    David Cerutti     (Rutgers)
| 
| Precision model in use:
|      [SPFP] - Single Precision Forces, 64-bit Fixed Point
|               Accumulation. (Default)
| 
|--------------------------------------------------------
 
|----------------- CITATION INFORMATION -----------------
|
|    When publishing work that utilized the CUDA version
|    of AMBER, please cite the following in addition to
|    the regular AMBER citations:
|
|  - Romelia Salomon-Ferrer; Andreas W. Goetz; Duncan
|    Poole; Scott Le Grand; Ross C. Walker "Routine
|    microsecond molecular dynamics simulations with
|    AMBER - Part II: Particle Mesh Ewald", J. Chem.
|    Theory Comput., 2013, 9 (9), pp3878-3888,
|    DOI: 10.1021/ct400314y.
|
|  - Andreas W. Goetz; Mark J. Williamson; Dong Xu;
|    Duncan Poole; Scott Le Grand; Ross C. Walker
|    "Routine microsecond molecular dynamics simulations
|    with AMBER - Part I: Generalized Born", J. Chem.
|    Theory Comput., 2012, 8 (5), pp1542-1555.
|
|  - Scott Le Grand; Andreas W. Goetz; Ross C. Walker
|    "SPFP: Speed without compromise - a mixed precision
|    model for GPU accelerated molecular dynamics
|    simulations.", Comp. Phys. Comm., 2013, 184
|    pp374-380, DOI: 10.1016/j.cpc.2012.09.022
|
|--------------------------------------------------------
 
|------------------- GPU DEVICE INFO --------------------
|
|            CUDA_VISIBLE_DEVICES: 0
|   CUDA Capable Devices Detected:      1
|           CUDA Device ID in use:      0
|                CUDA Device Name: GeForce GTX 1080 Ti
|     CUDA Device Global Mem Size:  11178 MB
| CUDA Device Num Multiprocessors:     28
|           CUDA Device Core Freq:   1.72 GHz
|
|--------------------------------------------------------
 
 
| Conditional Compilation Defines Used:
| PUBFFT
| BINTRAJ
| CUDA
| EMIL

| Largest sphere to fit in unit cell has radius =    26.710

| New format PARM file being parsed.
| Version =    1.000 Date = 08/10/20 Time = 22:33:45

| Note: 1-4 EEL scale factors are being read from the topology file.

| Note: 1-4 VDW scale factors are being read from the topology file.
| Duplicated    0 dihedrals

| Duplicated    0 dihedrals

--------------------------------------------------------------------------------
   1.  RESOURCE   USE: 
--------------------------------------------------------------------------------

 getting new box info from bottom of inpcrd
 NATOM  =   28320 NTYPES =      18 NBONH =   20536 MBONA  =    7816
 NTHETH =    3106 MTHETA =    1920 NPHIH =    6248 MPHIA  =    6024
 NHPARM =       0 NPARM  =       0 NNB   =   59928 NRES   =    6560
 NBONA  =    7816 NTHETA =    1920 NPHIA =    6024 NUMBND =      72
 NUMANG =     163 NPTRA  =     189 NATYP =      37 NPHB   =       1
 IFBOX  =       2 NMXRS  =      24 IFCAP =       0 NEXTRA =    6390
 NCOPY  =       0


| Coordinate Index Table dimensions:    11   11   11
| Direct force subcell size =     5.9478    5.9478    5.9478

     BOX TYPE: TRUNCATED OCTAHEDRON

--------------------------------------------------------------------------------
   2.  CONTROL  DATA  FOR  THE  RUN
--------------------------------------------------------------------------------

default_name                                                                    

General flags:
     imin    =       0, nmropt  =       0

Nature and format of input:
     ntx     =       5, irest   =       1, ntrx    =       1

Nature and format of output:
     ntxo    =       1, ntpr    =   50000, ntrx    =       1, ntwr    =   50000
     iwrap   =       1, ntwx    =    5000, ntwv    =       0, ntwe    =       0
     ioutfm  =       1, ntwprt  =       0, idecomp =       0, rbornstat=      0

Potential function:
     ntf     =       2, ntb     =       1, igb     =       0, nsnb    =      25
     ipol    =       0, gbsa    =       0, iesp    =       0
     dielc   =   1.00000, cut     =   9.00000, intdiel =   1.00000

Frozen or restrained atoms:
     ibelly  =       0, ntr     =       0

Molecular dynamics:
     nstlim  =   2500000, nscm    =      1000, nrespa  =         1
     t       =   0.00000, dt      =   0.00200, vlimit  =  -1.00000

Langevin dynamics temperature regulation:
     ig      =  902314
     temp0   = 300.00000, tempi   = 300.00000, gamma_ln=   2.00000

SHAKE:
     ntc     =       2, jfastw  =       0
     tol     =   0.00001

| Intermolecular bonds treatment:
|     no_intermolecular_bonds =       1

| Energy averages sample interval:
|     ene_avg_sampling =   50000

Extra-points options:
     frameon =       1, chngmask=       1

Ewald parameters:
     verbose =       0, ew_type =       0, nbflag  =       1, use_pme =       1
     vdwmeth =       1, eedmeth =       1, netfrc  =       1
     Box X =   65.426   Box Y =   65.426   Box Z =   65.426
     Alpha =  109.471   Beta  =  109.471   Gamma =  109.471
     NFFT1 =   64       NFFT2 =   64       NFFT3 =   64
     Cutoff=    9.000   Tol   =0.100E-04
     Ewald Coefficient =  0.30768
     Interpolation order =    4
|      EXTRA_PTS, trim_bonds: num bonds BEFORE trim = 20536     0
|      EXTRA_PTS, trim_bonds: num bonds AFTER  trim = 20536     0
|      EXTRA_PTS, trim_bonds: num bonds BEFORE trim =  7816     0
|      EXTRA_PTS, trim_bonds: num bonds AFTER  trim =  1426     0
|      EXTRA_PTS, trim_theta: num angle BEFORE trim =  3106     0
|      EXTRA_PTS, trim_theta: num angle AFTER  trim =  3106     0
|      EXTRA_PTS, trim_theta: num angle BEFORE trim =  1920     0
|      EXTRA_PTS, trim_theta: num angle AFTER  trim =  1920     0
|      EXTRA_PTS, trim_phi:  num diheds BEFORE trim =  6248     0
|      EXTRA_PTS, trim_phi:  num diheds AFTER  trim =  6248     0
|      EXTRA_PTS, trim_phi:  num diheds BEFORE trim =  6024     0
|      EXTRA_PTS, trim_phi:  num diheds AFTER  trim =  6024     0

--------------------------------------------------------------------------------
   3.  ATOMIC COORDINATES AND VELOCITIES
--------------------------------------------------------------------------------

Cpptraj Generated Restart                                                       
 begin time read from input coords =     0.000 ps

 
 Number of triangulated 3-point waters found:     6390

     Sum of charges from parm topology file =   0.00003493
     Forcing neutrality...

| Dynamic Memory, Types Used:
| Reals              915015
| Integers          2006074

| Nonbonded Pairs Initial Allocation:     6456960

| GPU memory information (estimate):
| KB of GPU memory in use:         0
| KB of CPU memory in use:         0

--------------------------------------------------------------------------------
   4.  RESULTS
--------------------------------------------------------------------------------

wrapping first mol.:      -21.80866       61.68422        0.00000
wrapping first mol.:      -21.80866       61.68422        0.00000
wrapping first mol.:      -21.80866       61.68422        0.00000
wrapping first mol.:      -21.80866       61.68422        0.00000
wrapping first mol.:      -21.80866       61.68422        0.00000

 NSTEP =    50000   TIME(PS) =     100.000  TEMP(K) =   301.73  PRESS =     0.0
 Etot   =    -70253.9352  EKtot   =     13566.9639  EPtot      =    -83820.8991
 BOND   =       481.1355  ANGLE   =      1446.0577  DIHED      =       919.9695
 UB     =         0.0000  IMP     =         0.0000  CMAP       =       135.9354
 1-4 NB =       632.3116  1-4 EEL =      8681.7690  VDWAALS    =      9242.8577
 EELEC  =   -105360.9354  EHBOND  =         0.0000  RESTRAINT  =         0.0000
 ------------------------------------------------------------------------------

wrapping first mol.:      -21.80866       61.68422        0.00000
wrapping first mol.:      -21.80866       61.68422        0.00000
wrapping first mol.:      -21.80866       61.68422        0.00000
wrapping first mol.:      -21.80866       61.68422        0.00000
wrapping first mol.:      -21.80866       61.68422        0.00000
wrapping first mol.:      -21.80866       61.68422        0.00000
wrapping first mol.:      -21.80866       61.68422        0.00000
wrapping first mol.:      -21.80866       61.68422        0.00000
wrapping first mol.:      -21.80866       61.68422        0.00000
wrapping first mol.:      -21.80866       61.68422        0.00000

 NSTEP =   100000   TIME(PS) =     200.000  TEMP(K) =   302.07  PRESS =     0.0
 Etot   =    -70375.3929  EKtot   =     13582.2998  EPtot      =    -83957.6927
 BOND   =       529.4542  ANGLE   =      1438.4604  DIHED      =       915.9671
 UB     =         0.0000  IMP     =         0.0000  CMAP       =       137.0009
 1-4 NB =       617.4182  1-4 EEL =      8666.3680  VDWAALS    =      9364.5519
 EELEC  =   -105626.9134  EHBOND  =         0.0000  RESTRAINT  =         0.0000
 ------------------------------------------------------------------------------

wrapping first mol.:      -21.80866       61.68422        0.00000
wrapping first mol.:      -21.80866       61.68422        0.00000
wrapping first mol.:      -21.80866       61.68422        0.00000
wrapping first mol.:      -21.80866       61.68422        0.00000
wrapping first mol.:      -21.80866       61.68422        0.00000
wrapping first mol.:      -21.80866       61.68422        0.00000
wrapping first mol.:      -21.80866       61.68422        0.00000
wrapping first mol.:      -21.80866       61.68422        0.00000
wrapping first mol.:      -21.80866       61.68422        0.00000
wrapping first mol.:      -21.80866       61.68422        0.00000
wrapping first mol.:      -21.80866       61.68422        0.00000

 NSTEP =   150000   TIME(PS) =     300.000  TEMP(K) =   302.37  PRESS =     0.0
 Etot   =    -70209.8348  EKtot   =     13595.9453  EPtot      =    -83805.7801
 BOND   =       503.2250  ANGLE   =      1385.6542  DIHED      =       894.0670
 UB     =         0.0000  IMP     =         0.0000  CMAP       =       135.9850
 1-4 NB =       618.4724  1-4 EEL =      8707.0390  VDWAALS    =      9490.5795
 EELEC  =   -105540.8021  EHBOND  =         0.0000  RESTRAINT  =         0.0000
 ------------------------------------------------------------------------------

wrapping first mol.:      -21.80866       61.68422        0.00000
wrapping first mol.:      -21.80866       61.68422        0.00000
wrapping first mol.:      -21.80866       61.68422        0.00000
wrapping first mol.:      -21.80866       61.68422        0.00000
wrapping first mol.:      -21.80866       61.68422        0.00000
wrapping first mol.:      -21.80866       61.68422        0.00000
wrapping first mol.:      -21.80866       61.68422        0.00000
wrapping first mol.:      -21.80866       61.68422        0.00000
wrapping first mol.:      -21.80866       61.68422        0.00000
wrapping first mol.:      -21.80866       61.68422        0.00000
wrapping first mol.:      -21.80866       61.68422        0.00000

 NSTEP =   200000   TIME(PS) =     400.000  TEMP(K) =   298.88  PRESS =     0.0
 Etot   =    -70567.8767  EKtot   =     13438.7930  EPtot      =    -84006.6697
 BOND   =       536.6497  ANGLE   =      1392.5908  DIHED      =       910.7220
 UB     =         0.0000  IMP     =         0.0000  CMAP       =       135.0262
 1-4 NB =       637.0789  1-4 EEL =      8725.2396  VDWAALS    =      9618.3320
 EELEC  =   -105962.3089  EHBOND  =         0.0000  RESTRAINT  =         0.0000
 ------------------------------------------------------------------------------

wrapping first mol.:      -21.80866       61.68422        0.00000
wrapping first mol.:      -21.80866       61.68422        0.00000
wrapping first mol.:      -21.80866       61.68422        0.00000
wrapping first mol.:      -21.80866       61.68422        0.00000
wrapping first mol.:      -21.80866       61.68422        0.00000
wrapping first mol.:      -21.80866       61.68422        0.00000
wrapping first mol.:      -21.80866       61.68422        0.00000
wrapping first mol.:      -21.80866       61.68422        0.00000
wrapping first mol.:      -21.80866       61.68422        0.00000

 NSTEP =   250000   TIME(PS) =     500.000  TEMP(K) =   297.61  PRESS =     0.0
 Etot   =    -70570.4657  EKtot   =     13381.7236  EPtot      =    -83952.1893
 BOND   =       562.5382  ANGLE   =      1446.0329  DIHED      =       910.4571
 UB     =         0.0000  IMP     =         0.0000  CMAP       =       139.3262
 1-4 NB =       612.2672  1-4 EEL =      8667.1915  VDWAALS    =      9607.5063
 EELEC  =   -105897.5088  EHBOND  =         0.0000  RESTRAINT  =         0.0000
 ------------------------------------------------------------------------------

wrapping first mol.:      -21.80866       61.68422        0.00000
wrapping first mol.:      -21.80866       61.68422        0.00000
wrapping first mol.:      -21.80866       61.68422        0.00000
wrapping first mol.:      -21.80866       61.68422        0.00000
wrapping first mol.:      -21.80866       61.68422        0.00000
wrapping first mol.:      -21.80866       61.68422        0.00000
wrapping first mol.:      -21.80866       61.68422        0.00000
wrapping first mol.:      -21.80866       61.68422        0.00000
wrapping first mol.:      -21.80866       61.68422        0.00000
wrapping first mol.:      -21.80866       61.68422        0.00000
wrapping first mol.:      -21.80866       61.68422        0.00000

 NSTEP =   300000   TIME(PS) =     600.000  TEMP(K) =   298.89  PRESS =     0.0
 Etot   =    -70310.0593  EKtot   =     13439.2461  EPtot      =    -83749.3054
 BOND   =       547.5866  ANGLE   =      1416.1628  DIHED      =       915.7633
 UB     =         0.0000  IMP     =         0.0000  CMAP       =       139.3551
 1-4 NB =       626.6054  1-4 EEL =      8660.4340  VDWAALS    =      9478.3526
 EELEC  =   -105533.5652  EHBOND  =         0.0000  RESTRAINT  =         0.0000
 ------------------------------------------------------------------------------

wrapping first mol.:      -21.80866       61.68422        0.00000
wrapping first mol.:      -21.80866       61.68422        0.00000
wrapping first mol.:      -21.80866       61.68422        0.00000
wrapping first mol.:      -21.80866       61.68422        0.00000
wrapping first mol.:      -21.80866       61.68422        0.00000
wrapping first mol.:      -21.80866       61.68422        0.00000
wrapping first mol.:      -21.80866       61.68422        0.00000
wrapping first mol.:      -21.80866       61.68422        0.00000
wrapping first mol.:      -21.80866       61.68422        0.00000
wrapping first mol.:      -21.80866       61.68422        0.00000
wrapping first mol.:      -21.80866       61.68422        0.00000

 NSTEP =   350000   TIME(PS) =     700.000  TEMP(K) =   299.51  PRESS =     0.0
 Etot   =    -70317.5597  EKtot   =     13467.2803  EPtot      =    -83784.8400
 BOND   =       521.7302  ANGLE   =      1434.7524  DIHED      =       927.5560
 UB     =         0.0000  IMP     =         0.0000  CMAP       =       138.1713
 1-4 NB =       615.9682  1-4 EEL =      8721.5278  VDWAALS    =      9589.1326
 EELEC  =   -105733.6786  EHBOND  =         0.0000  RESTRAINT  =         0.0000
 ------------------------------------------------------------------------------

wrapping first mol.:      -21.80866       61.68422        0.00000
wrapping first mol.:      -21.80866       61.68422        0.00000
wrapping first mol.:      -21.80866       61.68422        0.00000
wrapping first mol.:      -21.80866       61.68422        0.00000
wrapping first mol.:      -21.80866       61.68422        0.00000
wrapping first mol.:      -21.80866       61.68422        0.00000
wrapping first mol.:      -21.80866       61.68422        0.00000
wrapping first mol.:      -21.80866       61.68422        0.00000
wrapping first mol.:      -21.80866       61.68422        0.00000
wrapping first mol.:      -21.80866       61.68422        0.00000
wrapping first mol.:      -21.80866       61.68422        0.00000

 NSTEP =   400000   TIME(PS) =     800.000  TEMP(K) =   300.65  PRESS =     0.0
 Etot   =    -70469.5810  EKtot   =     13518.6201  EPtot      =    -83988.2011
 BOND   =       520.2561  ANGLE   =      1432.7769  DIHED      =       907.5910
 UB     =         0.0000  IMP     =         0.0000  CMAP       =       133.3372
 1-4 NB =       619.0791  1-4 EEL =      8644.0579  VDWAALS    =      9521.5162
 EELEC  =   -105766.8154  EHBOND  =         0.0000  RESTRAINT  =         0.0000
 ------------------------------------------------------------------------------

wrapping first mol.:      -21.80866       61.68422        0.00000
wrapping first mol.:      -21.80866       61.68422        0.00000
wrapping first mol.:      -21.80866       61.68422        0.00000
wrapping first mol.:      -21.80866       61.68422        0.00000
wrapping first mol.:      -21.80866       61.68422        0.00000
wrapping first mol.:      -21.80866       61.68422        0.00000
wrapping first mol.:      -21.80866       61.68422        0.00000
wrapping first mol.:      -21.80866       61.68422        0.00000
wrapping first mol.:      -21.80866       61.68422        0.00000
wrapping first mol.:      -21.80866       61.68422        0.00000
wrapping first mol.:      -21.80866       61.68422        0.00000

 NSTEP =   450000   TIME(PS) =     900.000  TEMP(K) =   299.05  PRESS =     0.0
 Etot   =    -70466.5911  EKtot   =     13446.4336  EPtot      =    -83913.0247
 BOND   =       533.2432  ANGLE   =      1438.1785  DIHED      =       948.5096
 UB     =         0.0000  IMP     =         0.0000  CMAP       =       127.1454
 1-4 NB =       646.0293  1-4 EEL =      8706.3546  VDWAALS    =      9692.4967
 EELEC  =   -106004.9821  EHBOND  =         0.0000  RESTRAINT  =         0.0000
 ------------------------------------------------------------------------------

wrapping first mol.:      -21.80866       61.68422        0.00000
wrapping first mol.:      -21.80866       61.68422        0.00000
wrapping first mol.:      -21.80866       61.68422        0.00000
wrapping first mol.:      -21.80866       61.68422        0.00000
wrapping first mol.:      -21.80866       61.68422        0.00000
wrapping first mol.:      -21.80866       61.68422        0.00000
wrapping first mol.:      -21.80866       61.68422        0.00000
wrapping first mol.:      -21.80866       61.68422        0.00000
wrapping first mol.:      -21.80866       61.68422        0.00000
wrapping first mol.:      -21.80866       61.68422        0.00000
wrapping first mol.:      -21.80866       61.68422        0.00000

 NSTEP =   500000   TIME(PS) =    1000.000  TEMP(K) =   301.20  PRESS =     0.0
 Etot   =    -70199.7201  EKtot   =     13543.1348  EPtot      =    -83742.8549
 BOND   =       539.1963  ANGLE   =      1382.0818  DIHED      =       921.6831
 UB     =         0.0000  IMP     =         0.0000  CMAP       =       134.2406
 1-4 NB =       631.5285  1-4 EEL =      8703.0753  VDWAALS    =      9374.3698
 EELEC  =   -105429.0303  EHBOND  =         0.0000  RESTRAINT  =         0.0000
 ------------------------------------------------------------------------------

wrapping first mol.:      -21.80866       61.68422        0.00000
wrapping first mol.:      -21.80866       61.68422        0.00000
wrapping first mol.:      -21.80866       61.68422        0.00000
wrapping first mol.:      -21.80866       61.68422        0.00000
wrapping first mol.:      -21.80866       61.68422        0.00000
wrapping first mol.:      -21.80866       61.68422        0.00000
wrapping first mol.:      -21.80866       61.68422        0.00000
wrapping first mol.:      -21.80866       61.68422        0.00000
wrapping first mol.:      -21.80866       61.68422        0.00000
wrapping first mol.:      -21.80866       61.68422        0.00000
wrapping first mol.:      -21.80866       61.68422        0.00000

 NSTEP =   550000   TIME(PS) =    1100.000  TEMP(K) =   297.96  PRESS =     0.0
 Etot   =    -70435.5564  EKtot   =     13397.3193  EPtot      =    -83832.8758
 BOND   =       545.3757  ANGLE   =      1411.9116  DIHED      =       912.8693
 UB     =         0.0000  IMP     =         0.0000  CMAP       =       135.0837
 1-4 NB =       615.6836  1-4 EEL =      8742.4769  VDWAALS    =      9471.6350
 EELEC  =   -105667.9115  EHBOND  =         0.0000  RESTRAINT  =         0.0000
 ------------------------------------------------------------------------------

wrapping first mol.:      -21.80866       61.68422        0.00000
wrapping first mol.:      -21.80866       61.68422        0.00000
wrapping first mol.:      -21.80866       61.68422        0.00000
wrapping first mol.:      -21.80866       61.68422        0.00000
wrapping first mol.:      -21.80866       61.68422        0.00000
wrapping first mol.:      -21.80866       61.68422        0.00000
wrapping first mol.:      -21.80866       61.68422        0.00000
wrapping first mol.:      -21.80866       61.68422        0.00000
wrapping first mol.:      -21.80866       61.68422        0.00000
wrapping first mol.:      -21.80866       61.68422        0.00000
wrapping first mol.:      -21.80866       61.68422        0.00000

 NSTEP =   600000   TIME(PS) =    1200.000  TEMP(K) =   300.33  PRESS =     0.0
 Etot   =    -70319.5440  EKtot   =     13503.8848  EPtot      =    -83823.4287
 BOND   =       537.3705  ANGLE   =      1413.8279  DIHED      =       927.2457
 UB     =         0.0000  IMP     =         0.0000  CMAP       =       128.3118
 1-4 NB =       624.5416  1-4 EEL =      8732.2485  VDWAALS    =      9718.6587
 EELEC  =   -105905.6334  EHBOND  =         0.0000  RESTRAINT  =         0.0000
 ------------------------------------------------------------------------------

wrapping first mol.:      -21.80866       61.68422        0.00000
wrapping first mol.:      -21.80866       61.68422        0.00000
wrapping first mol.:      -21.80866       61.68422        0.00000
wrapping first mol.:      -21.80866       61.68422        0.00000
wrapping first mol.:      -21.80866       61.68422        0.00000
wrapping first mol.:      -21.80866       61.68422        0.00000
wrapping first mol.:      -21.80866       61.68422        0.00000
wrapping first mol.:      -21.80866       61.68422        0.00000
wrapping first mol.:      -21.80866       61.68422        0.00000
wrapping first mol.:      -21.80866       61.68422        0.00000
wrapping first mol.:      -21.80866       61.68422        0.00000

 NSTEP =   650000   TIME(PS) =    1300.000  TEMP(K) =   299.19  PRESS =     0.0
 Etot   =    -70457.2439  EKtot   =     13452.7021  EPtot      =    -83909.9460
 BOND   =       521.7329  ANGLE   =      1378.5826  DIHED      =       934.1119
 UB     =         0.0000  IMP     =         0.0000  CMAP       =       138.9261
 1-4 NB =       641.9365  1-4 EEL =      8729.6163  VDWAALS    =      9701.7898
 EELEC  =   -105956.6421  EHBOND  =         0.0000  RESTRAINT  =         0.0000
 ------------------------------------------------------------------------------

wrapping first mol.:      -21.80866       61.68422        0.00000
wrapping first mol.:      -21.80866       61.68422        0.00000
wrapping first mol.:      -21.80866       61.68422        0.00000
wrapping first mol.:      -21.80866       61.68422        0.00000
wrapping first mol.:      -21.80866       61.68422        0.00000
wrapping first mol.:      -21.80866       61.68422        0.00000
wrapping first mol.:      -21.80866       61.68422        0.00000
wrapping first mol.:      -21.80866       61.68422        0.00000
wrapping first mol.:      -21.80866       61.68422        0.00000
wrapping first mol.:      -21.80866       61.68422        0.00000
wrapping first mol.:      -21.80866       61.68422        0.00000

 NSTEP =   700000   TIME(PS) =    1400.000  TEMP(K) =   302.21  PRESS =     0.0
 Etot   =    -70273.1186  EKtot   =     13588.7930  EPtot      =    -83861.9116
 BOND   =       484.4150  ANGLE   =      1408.3077  DIHED      =       910.8420
 UB     =         0.0000  IMP     =         0.0000  CMAP       =       143.8218
 1-4 NB =       634.8108  1-4 EEL =      8725.6386  VDWAALS    =      9425.0442
 EELEC  =   -105594.7917  EHBOND  =         0.0000  RESTRAINT  =         0.0000
 ------------------------------------------------------------------------------

wrapping first mol.:      -21.80866       61.68422        0.00000
wrapping first mol.:      -21.80866       61.68422        0.00000
wrapping first mol.:      -21.80866       61.68422        0.00000
wrapping first mol.:      -21.80866       61.68422        0.00000
wrapping first mol.:      -21.80866       61.68422        0.00000
wrapping first mol.:      -21.80866       61.68422        0.00000
wrapping first mol.:      -21.80866       61.68422        0.00000
wrapping first mol.:      -21.80866       61.68422        0.00000
wrapping first mol.:      -21.80866       61.68422        0.00000
wrapping first mol.:      -21.80866       61.68422        0.00000
wrapping first mol.:      -21.80866       61.68422        0.00000

 NSTEP =   750000   TIME(PS) =    1500.000  TEMP(K) =   302.01  PRESS =     0.0
 Etot   =    -70542.2307  EKtot   =     13579.8281  EPtot      =    -84122.0588
 BOND   =       524.4949  ANGLE   =      1388.5568  DIHED      =       936.0557
 UB     =         0.0000  IMP     =         0.0000  CMAP       =       125.1568
 1-4 NB =       625.4811  1-4 EEL =      8711.1236  VDWAALS    =      9571.9383
 EELEC  =   -106004.8660  EHBOND  =         0.0000  RESTRAINT  =         0.0000
 ------------------------------------------------------------------------------

wrapping first mol.:      -21.80866       61.68422        0.00000
wrapping first mol.:      -21.80866       61.68422        0.00000
wrapping first mol.:      -21.80866       61.68422        0.00000
wrapping first mol.:      -21.80866       61.68422        0.00000
wrapping first mol.:      -21.80866       61.68422        0.00000
wrapping first mol.:      -21.80866       61.68422        0.00000
wrapping first mol.:      -21.80866       61.68422        0.00000
wrapping first mol.:      -21.80866       61.68422        0.00000
wrapping first mol.:      -21.80866       61.68422        0.00000
wrapping first mol.:      -21.80866       61.68422        0.00000
wrapping first mol.:      -21.80866       61.68422        0.00000

 NSTEP =   800000   TIME(PS) =    1600.000  TEMP(K) =   296.89  PRESS =     0.0
 Etot   =    -70449.1407  EKtot   =     13349.5039  EPtot      =    -83798.6446
 BOND   =       505.8040  ANGLE   =      1417.9022  DIHED      =       946.6589
 UB     =         0.0000  IMP     =         0.0000  CMAP       =       145.8076
 1-4 NB =       613.7943  1-4 EEL =      8685.6522  VDWAALS    =      9426.5159
 EELEC  =   -105540.7798  EHBOND  =         0.0000  RESTRAINT  =         0.0000
 ------------------------------------------------------------------------------

wrapping first mol.:      -21.80866       61.68422        0.00000
wrapping first mol.:      -21.80866       61.68422        0.00000
wrapping first mol.:      -21.80866       61.68422        0.00000
wrapping first mol.:      -21.80866       61.68422        0.00000
wrapping first mol.:      -21.80866       61.68422        0.00000
wrapping first mol.:      -21.80866       61.68422        0.00000
wrapping first mol.:      -21.80866       61.68422        0.00000
wrapping first mol.:      -21.80866       61.68422        0.00000
wrapping first mol.:      -21.80866       61.68422        0.00000
wrapping first mol.:      -21.80866       61.68422        0.00000
wrapping first mol.:      -21.80866       61.68422        0.00000

 NSTEP =   850000   TIME(PS) =    1700.000  TEMP(K) =   301.41  PRESS =     0.0
 Etot   =    -70284.7424  EKtot   =     13552.5127  EPtot      =    -83837.2551
 BOND   =       536.5081  ANGLE   =      1387.8209  DIHED      =       916.6006
 UB     =         0.0000  IMP     =         0.0000  CMAP       =       135.4279
 1-4 NB =       621.8233  1-4 EEL =      8744.3641  VDWAALS    =      9478.1365
 EELEC  =   -105657.9366  EHBOND  =         0.0000  RESTRAINT  =         0.0000
 ------------------------------------------------------------------------------

wrapping first mol.:      -21.80866       61.68422        0.00000
wrapping first mol.:      -21.80866       61.68422        0.00000
wrapping first mol.:      -21.80866       61.68422        0.00000
wrapping first mol.:      -21.80866       61.68422        0.00000
wrapping first mol.:      -21.80866       61.68422        0.00000
wrapping first mol.:      -21.80866       61.68422        0.00000
wrapping first mol.:      -21.80866       61.68422        0.00000
wrapping first mol.:      -21.80866       61.68422        0.00000
wrapping first mol.:      -21.80866       61.68422        0.00000
wrapping first mol.:      -21.80866       61.68422        0.00000
wrapping first mol.:      -21.80866       61.68422        0.00000

 NSTEP =   900000   TIME(PS) =    1800.000  TEMP(K) =   302.18  PRESS =     0.0
 Etot   =    -70456.9903  EKtot   =     13587.2100  EPtot      =    -84044.2003
 BOND   =       541.6129  ANGLE   =      1408.1297  DIHED      =       929.3395
 UB     =         0.0000  IMP     =         0.0000  CMAP       =       133.8681
 1-4 NB =       621.9529  1-4 EEL =      8697.3952  VDWAALS    =      9775.2485
 EELEC  =   -106151.7471  EHBOND  =         0.0000  RESTRAINT  =         0.0000
 ------------------------------------------------------------------------------

wrapping first mol.:      -21.80866       61.68422        0.00000
wrapping first mol.:      -21.80866       61.68422        0.00000
wrapping first mol.:      -21.80866       61.68422        0.00000
wrapping first mol.:      -21.80866       61.68422        0.00000
wrapping first mol.:      -21.80866       61.68422        0.00000
wrapping first mol.:      -21.80866       61.68422        0.00000
wrapping first mol.:      -21.80866       61.68422        0.00000
wrapping first mol.:      -21.80866       61.68422        0.00000

 NSTEP =   950000   TIME(PS) =    1900.000  TEMP(K) =   301.28  PRESS =     0.0
 Etot   =    -70100.0455  EKtot   =     13546.5869  EPtot      =    -83646.6324
 BOND   =       516.7320  ANGLE   =      1409.3844  DIHED      =       928.1184
 UB     =         0.0000  IMP     =         0.0000  CMAP       =       132.5176
 1-4 NB =       610.8023  1-4 EEL =      8756.5586  VDWAALS    =      9413.1701
 EELEC  =   -105413.9157  EHBOND  =         0.0000  RESTRAINT  =         0.0000
 ------------------------------------------------------------------------------

wrapping first mol.:      -21.80866       61.68422        0.00000
wrapping first mol.:      -21.80866       61.68422        0.00000
wrapping first mol.:      -21.80866       61.68422        0.00000
wrapping first mol.:      -21.80866       61.68422        0.00000
wrapping first mol.:      -21.80866       61.68422        0.00000
wrapping first mol.:      -21.80866       61.68422        0.00000
wrapping first mol.:      -21.80866       61.68422        0.00000
wrapping first mol.:      -21.80866       61.68422        0.00000

 NSTEP =  1000000   TIME(PS) =    2000.000  TEMP(K) =   301.29  PRESS =     0.0
 Etot   =    -70297.9166  EKtot   =     13547.0684  EPtot      =    -83844.9849
 BOND   =       532.1453  ANGLE   =      1379.1369  DIHED      =       909.3673
 UB     =         0.0000  IMP     =         0.0000  CMAP       =       132.1568
 1-4 NB =       615.0481  1-4 EEL =      8664.4022  VDWAALS    =      9401.3618
 EELEC  =   -105478.6032  EHBOND  =         0.0000  RESTRAINT  =         0.0000
 ------------------------------------------------------------------------------

wrapping first mol.:      -21.80866       61.68422        0.00000
wrapping first mol.:      -21.80866       61.68422        0.00000
wrapping first mol.:      -21.80866       61.68422        0.00000
wrapping first mol.:      -21.80866       61.68422        0.00000
wrapping first mol.:      -21.80866       61.68422        0.00000
wrapping first mol.:      -21.80866       61.68422        0.00000
wrapping first mol.:      -21.80866       61.68422        0.00000
wrapping first mol.:      -21.80866       61.68422        0.00000
wrapping first mol.:      -21.80866       61.68422        0.00000
wrapping first mol.:      -21.80866       61.68422        0.00000
wrapping first mol.:      -21.80866       61.68422        0.00000

 NSTEP =  1050000   TIME(PS) =    2100.000  TEMP(K) =   301.08  PRESS =     0.0
 Etot   =    -70237.2579  EKtot   =     13537.7510  EPtot      =    -83775.0088
 BOND   =       547.1835  ANGLE   =      1433.6672  DIHED      =       919.2740
 UB     =         0.0000  IMP     =         0.0000  CMAP       =       138.2904
 1-4 NB =       614.8448  1-4 EEL =      8646.6567  VDWAALS    =      9612.4127
 EELEC  =   -105687.3382  EHBOND  =         0.0000  RESTRAINT  =         0.0000
 ------------------------------------------------------------------------------

wrapping first mol.:      -21.80866       61.68422        0.00000
wrapping first mol.:      -21.80866       61.68422        0.00000

 NSTEP =  1100000   TIME(PS) =    2200.000  TEMP(K) =   302.98  PRESS =     0.0
 Etot   =    -70071.9582  EKtot   =     13623.3350  EPtot      =    -83695.2932
 BOND   =       520.0282  ANGLE   =      1354.8666  DIHED      =       917.4158
 UB     =         0.0000  IMP     =         0.0000  CMAP       =       139.1501
 1-4 NB =       620.8072  1-4 EEL =      8642.5456  VDWAALS    =      9578.5461
 EELEC  =   -105468.6529  EHBOND  =         0.0000  RESTRAINT  =         0.0000
 ------------------------------------------------------------------------------

wrapping first mol.:      -21.80866       61.68422        0.00000
wrapping first mol.:      -21.80866       61.68422        0.00000
wrapping first mol.:      -21.80866       61.68422        0.00000

 NSTEP =  1150000   TIME(PS) =    2300.000  TEMP(K) =   299.44  PRESS =     0.0
 Etot   =    -70350.6126  EKtot   =     13463.9492  EPtot      =    -83814.5618
 BOND   =       526.0489  ANGLE   =      1399.4932  DIHED      =       932.3708
 UB     =         0.0000  IMP     =         0.0000  CMAP       =       131.1983
 1-4 NB =       626.6486  1-4 EEL =      8674.6342  VDWAALS    =      9557.4848
 EELEC  =   -105662.4405  EHBOND  =         0.0000  RESTRAINT  =         0.0000
 ------------------------------------------------------------------------------

wrapping first mol.:      -21.80866       61.68422        0.00000
wrapping first mol.:      -21.80866       61.68422        0.00000
wrapping first mol.:      -21.80866       61.68422        0.00000
wrapping first mol.:      -21.80866       61.68422        0.00000
wrapping first mol.:      -21.80866       61.68422        0.00000
wrapping first mol.:      -21.80866       61.68422        0.00000
wrapping first mol.:      -21.80866       61.68422        0.00000
wrapping first mol.:      -21.80866       61.68422        0.00000
wrapping first mol.:      -21.80866       61.68422        0.00000
wrapping first mol.:      -21.80866       61.68422        0.00000
wrapping first mol.:      -21.80866       61.68422        0.00000

 NSTEP =  1200000   TIME(PS) =    2400.000  TEMP(K) =   302.46  PRESS =     0.0
 Etot   =    -70299.0672  EKtot   =     13599.7520  EPtot      =    -83898.8191
 BOND   =       525.1327  ANGLE   =      1386.0522  DIHED      =       910.0847
 UB     =         0.0000  IMP     =         0.0000  CMAP       =       135.6364
 1-4 NB =       621.3768  1-4 EEL =      8721.2924  VDWAALS    =      9644.4480
 EELEC  =   -105842.8423  EHBOND  =         0.0000  RESTRAINT  =         0.0000
 ------------------------------------------------------------------------------

wrapping first mol.:      -21.80866       61.68422        0.00000
wrapping first mol.:      -21.80866       61.68422        0.00000
wrapping first mol.:      -21.80866       61.68422        0.00000
wrapping first mol.:      -21.80866       61.68422        0.00000
wrapping first mol.:      -21.80866       61.68422        0.00000
wrapping first mol.:      -21.80866       61.68422        0.00000
wrapping first mol.:      -21.80866       61.68422        0.00000
wrapping first mol.:      -21.80866       61.68422        0.00000

 NSTEP =  1250000   TIME(PS) =    2500.000  TEMP(K) =   296.34  PRESS =     0.0
 Etot   =    -70608.5422  EKtot   =     13324.8369  EPtot      =    -83933.3792
 BOND   =       553.6984  ANGLE   =      1389.7865  DIHED      =       914.4121
 UB     =         0.0000  IMP     =         0.0000  CMAP       =       129.8291
 1-4 NB =       614.7204  1-4 EEL =      8680.7467  VDWAALS    =      9563.9685
 EELEC  =   -105780.5408  EHBOND  =         0.0000  RESTRAINT  =         0.0000
 ------------------------------------------------------------------------------

wrapping first mol.:      -21.80866       61.68422        0.00000
wrapping first mol.:      -21.80866       61.68422        0.00000
wrapping first mol.:      -21.80866       61.68422        0.00000

 NSTEP =  1300000   TIME(PS) =    2600.000  TEMP(K) =   300.64  PRESS =     0.0
 Etot   =    -70398.6935  EKtot   =     13518.0088  EPtot      =    -83916.7023
 BOND   =       513.4682  ANGLE   =      1401.2102  DIHED      =       919.4323
 UB     =         0.0000  IMP     =         0.0000  CMAP       =       137.3757
 1-4 NB =       637.2225  1-4 EEL =      8684.4349  VDWAALS    =      9795.5529
 EELEC  =   -106005.3989  EHBOND  =         0.0000  RESTRAINT  =         0.0000
 ------------------------------------------------------------------------------

wrapping first mol.:      -21.80866       61.68422        0.00000
wrapping first mol.:      -21.80866       61.68422        0.00000
wrapping first mol.:      -21.80866       61.68422        0.00000
wrapping first mol.:      -21.80866       61.68422        0.00000
wrapping first mol.:      -21.80866       61.68422        0.00000
wrapping first mol.:      -21.80866       61.68422        0.00000
wrapping first mol.:      -21.80866       61.68422        0.00000
wrapping first mol.:      -21.80866       61.68422        0.00000
wrapping first mol.:      -21.80866       61.68422        0.00000
wrapping first mol.:      -21.80866       61.68422        0.00000
wrapping first mol.:      -21.80866       61.68422        0.00000

 NSTEP =  1350000   TIME(PS) =    2700.000  TEMP(K) =   300.11  PRESS =     0.0
 Etot   =    -70327.0526  EKtot   =     13494.0449  EPtot      =    -83821.0975
 BOND   =       513.1422  ANGLE   =      1471.8688  DIHED      =       910.3539
 UB     =         0.0000  IMP     =         0.0000  CMAP       =       134.3378
 1-4 NB =       625.0951  1-4 EEL =      8685.9206  VDWAALS    =      9622.4294
 EELEC  =   -105784.2453  EHBOND  =         0.0000  RESTRAINT  =         0.0000
 ------------------------------------------------------------------------------

wrapping first mol.:      -21.80866       61.68422        0.00000
wrapping first mol.:      -21.80866       61.68422        0.00000
wrapping first mol.:      -21.80866       61.68422        0.00000
wrapping first mol.:      -21.80866       61.68422        0.00000
wrapping first mol.:      -21.80866       61.68422        0.00000
wrapping first mol.:      -21.80866       61.68422        0.00000
wrapping first mol.:      -21.80866       61.68422        0.00000
wrapping first mol.:      -21.80866       61.68422        0.00000

 NSTEP =  1400000   TIME(PS) =    2800.000  TEMP(K) =   299.87  PRESS =     0.0
 Etot   =    -70065.7744  EKtot   =     13483.5156  EPtot      =    -83549.2900
 BOND   =       541.4185  ANGLE   =      1436.4260  DIHED      =       899.0391
 UB     =         0.0000  IMP     =         0.0000  CMAP       =       129.7717
 1-4 NB =       614.9770  1-4 EEL =      8729.0081  VDWAALS    =      9519.7366
 EELEC  =   -105419.6670  EHBOND  =         0.0000  RESTRAINT  =         0.0000
 ------------------------------------------------------------------------------


 NSTEP =  1450000   TIME(PS) =    2900.000  TEMP(K) =   300.66  PRESS =     0.0
 Etot   =    -70433.0540  EKtot   =     13519.0078  EPtot      =    -83952.0618
 BOND   =       526.3104  ANGLE   =      1410.7499  DIHED      =       924.4155
 UB     =         0.0000  IMP     =         0.0000  CMAP       =       130.1624
 1-4 NB =       635.1092  1-4 EEL =      8704.3456  VDWAALS    =      9436.8217
 EELEC  =   -105719.9764  EHBOND  =         0.0000  RESTRAINT  =         0.0000
 ------------------------------------------------------------------------------


 NSTEP =  1500000   TIME(PS) =    3000.000  TEMP(K) =   297.45  PRESS =     0.0
 Etot   =    -70538.5451  EKtot   =     13374.7441  EPtot      =    -83913.2892
 BOND   =       533.7710  ANGLE   =      1413.9490  DIHED      =       925.3413
 UB     =         0.0000  IMP     =         0.0000  CMAP       =       145.7998
 1-4 NB =       607.9492  1-4 EEL =      8666.4178  VDWAALS    =      9643.3631
 EELEC  =   -105849.8803  EHBOND  =         0.0000  RESTRAINT  =         0.0000
 ------------------------------------------------------------------------------


 NSTEP =  1550000   TIME(PS) =    3100.000  TEMP(K) =   301.48  PRESS =     0.0
 Etot   =    -70294.8810  EKtot   =     13555.7129  EPtot      =    -83850.5938
 BOND   =       498.7908  ANGLE   =      1439.5960  DIHED      =       907.1787
 UB     =         0.0000  IMP     =         0.0000  CMAP       =       143.2937
 1-4 NB =       615.7397  1-4 EEL =      8714.7074  VDWAALS    =      9358.5249
 EELEC  =   -105528.4251  EHBOND  =         0.0000  RESTRAINT  =         0.0000
 ------------------------------------------------------------------------------


 NSTEP =  1600000   TIME(PS) =    3200.000  TEMP(K) =   298.22  PRESS =     0.0
 Etot   =    -70242.5608  EKtot   =     13409.3145  EPtot      =    -83651.8752
 BOND   =       551.2310  ANGLE   =      1455.8119  DIHED      =       932.5472
 UB     =         0.0000  IMP     =         0.0000  CMAP       =       132.3588
 1-4 NB =       626.6147  1-4 EEL =      8690.1159  VDWAALS    =      9334.9176
 EELEC  =   -105375.4723  EHBOND  =         0.0000  RESTRAINT  =         0.0000
 ------------------------------------------------------------------------------


 NSTEP =  1650000   TIME(PS) =    3300.000  TEMP(K) =   298.91  PRESS =     0.0
 Etot   =    -70198.3223  EKtot   =     13440.3330  EPtot      =    -83638.6553
 BOND   =       557.1322  ANGLE   =      1434.4492  DIHED      =       925.2815
 UB     =         0.0000  IMP     =         0.0000  CMAP       =       142.5100
 1-4 NB =       636.6221  1-4 EEL =      8641.2379  VDWAALS    =      9250.5299
 EELEC  =   -105226.4181  EHBOND  =         0.0000  RESTRAINT  =         0.0000
 ------------------------------------------------------------------------------


 NSTEP =  1700000   TIME(PS) =    3400.000  TEMP(K) =   300.01  PRESS =     0.0
 Etot   =    -70220.5434  EKtot   =     13489.7344  EPtot      =    -83710.2778
 BOND   =       517.9916  ANGLE   =      1369.1080  DIHED      =       931.6611
 UB     =         0.0000  IMP     =         0.0000  CMAP       =       131.3400
 1-4 NB =       628.6136  1-4 EEL =      8652.9126  VDWAALS    =      9412.6585
 EELEC  =   -105354.5631  EHBOND  =         0.0000  RESTRAINT  =         0.0000
 ------------------------------------------------------------------------------


 NSTEP =  1750000   TIME(PS) =    3500.000  TEMP(K) =   298.23  PRESS =     0.0
 Etot   =    -70556.4475  EKtot   =     13409.7109  EPtot      =    -83966.1585
 BOND   =       547.2372  ANGLE   =      1393.6240  DIHED      =       916.9196
 UB     =         0.0000  IMP     =         0.0000  CMAP       =       136.9763
 1-4 NB =       615.3673  1-4 EEL =      8667.0914  VDWAALS    =      9434.0414
 EELEC  =   -105677.4156  EHBOND  =         0.0000  RESTRAINT  =         0.0000
 ------------------------------------------------------------------------------


 NSTEP =  1800000   TIME(PS) =    3600.000  TEMP(K) =   296.99  PRESS =     0.0
 Etot   =    -70178.5147  EKtot   =     13353.8975  EPtot      =    -83532.4121
 BOND   =       531.0218  ANGLE   =      1390.1288  DIHED      =       936.3676
 UB     =         0.0000  IMP     =         0.0000  CMAP       =       132.6392
 1-4 NB =       635.4622  1-4 EEL =      8651.5687  VDWAALS    =      9468.2116
 EELEC  =   -105277.8119  EHBOND  =         0.0000  RESTRAINT  =         0.0000
 ------------------------------------------------------------------------------


 NSTEP =  1850000   TIME(PS) =    3700.000  TEMP(K) =   297.08  PRESS =     0.0
 Etot   =    -70255.9088  EKtot   =     13357.9922  EPtot      =    -83613.9010
 BOND   =       538.8968  ANGLE   =      1429.2256  DIHED      =       916.8779
 UB     =         0.0000  IMP     =         0.0000  CMAP       =       132.7215
 1-4 NB =       636.6639  1-4 EEL =      8662.1999  VDWAALS    =      9540.2414
 EELEC  =   -105470.7280  EHBOND  =         0.0000  RESTRAINT  =         0.0000
 ------------------------------------------------------------------------------

wrapping first mol.:      -21.80866       61.68422        0.00000
wrapping first mol.:      -21.80866       61.68422        0.00000
wrapping first mol.:      -21.80866       61.68422        0.00000

 NSTEP =  1900000   TIME(PS) =    3800.000  TEMP(K) =   300.28  PRESS =     0.0
 Etot   =    -70227.0578  EKtot   =     13501.7402  EPtot      =    -83728.7980
 BOND   =       488.5974  ANGLE   =      1389.9724  DIHED      =       902.0596
 UB     =         0.0000  IMP     =         0.0000  CMAP       =       140.3690
 1-4 NB =       624.6938  1-4 EEL =      8685.1944  VDWAALS    =      9653.9724
 EELEC  =   -105613.6571  EHBOND  =         0.0000  RESTRAINT  =         0.0000
 ------------------------------------------------------------------------------

wrapping first mol.:      -21.80866       61.68422        0.00000
wrapping first mol.:      -21.80866       61.68422        0.00000
wrapping first mol.:      -21.80866       61.68422        0.00000
wrapping first mol.:      -21.80866       61.68422        0.00000
wrapping first mol.:      -21.80866       61.68422        0.00000
wrapping first mol.:      -21.80866       61.68422        0.00000
wrapping first mol.:      -21.80866       61.68422        0.00000
wrapping first mol.:      -21.80866       61.68422        0.00000
wrapping first mol.:      -21.80866       61.68422        0.00000
wrapping first mol.:      -21.80866       61.68422        0.00000
wrapping first mol.:      -21.80866       61.68422        0.00000

 NSTEP =  1950000   TIME(PS) =    3900.000  TEMP(K) =   302.15  PRESS =     0.0
 Etot   =    -70172.3279  EKtot   =     13586.0156  EPtot      =    -83758.3435
 BOND   =       520.8538  ANGLE   =      1404.9087  DIHED      =       940.5826
 UB     =         0.0000  IMP     =         0.0000  CMAP       =       137.9625
 1-4 NB =       635.7820  1-4 EEL =      8680.3056  VDWAALS    =      9670.5502
 EELEC  =   -105749.2889  EHBOND  =         0.0000  RESTRAINT  =         0.0000
 ------------------------------------------------------------------------------

wrapping first mol.:      -21.80866       61.68422        0.00000
wrapping first mol.:      -21.80866       61.68422        0.00000
wrapping first mol.:      -21.80866       61.68422        0.00000
wrapping first mol.:      -21.80866       61.68422        0.00000
wrapping first mol.:      -21.80866       61.68422        0.00000
wrapping first mol.:      -21.80866       61.68422        0.00000
wrapping first mol.:      -21.80866       61.68422        0.00000
wrapping first mol.:      -21.80866       61.68422        0.00000
wrapping first mol.:      -21.80866       61.68422        0.00000
wrapping first mol.:      -21.80866       61.68422        0.00000

 NSTEP =  2000000   TIME(PS) =    4000.000  TEMP(K) =   300.54  PRESS =     0.0
 Etot   =    -70274.2579  EKtot   =     13513.7100  EPtot      =    -83787.9678
 BOND   =       523.4285  ANGLE   =      1394.8062  DIHED      =       904.6628
 UB     =         0.0000  IMP     =         0.0000  CMAP       =       130.5375
 1-4 NB =       622.2303  1-4 EEL =      8682.2760  VDWAALS    =      9352.4092
 EELEC  =   -105398.3182  EHBOND  =         0.0000  RESTRAINT  =         0.0000
 ------------------------------------------------------------------------------

wrapping first mol.:      -21.80866       61.68422        0.00000
wrapping first mol.:      -21.80866       61.68422        0.00000
wrapping first mol.:      -21.80866       61.68422        0.00000
wrapping first mol.:      -21.80866       61.68422        0.00000
wrapping first mol.:      -21.80866       61.68422        0.00000
wrapping first mol.:      -21.80866       61.68422        0.00000
wrapping first mol.:      -21.80866       61.68422        0.00000
wrapping first mol.:      -21.80866       61.68422        0.00000
wrapping first mol.:      -21.80866       61.68422        0.00000
wrapping first mol.:      -21.80866       61.68422        0.00000
wrapping first mol.:      -21.80866       61.68422        0.00000

 NSTEP =  2050000   TIME(PS) =    4100.000  TEMP(K) =   305.37  PRESS =     0.0
 Etot   =    -70270.5750  EKtot   =     13730.5596  EPtot      =    -84001.1346
 BOND   =       525.7138  ANGLE   =      1366.8613  DIHED      =       896.4344
 UB     =         0.0000  IMP     =         0.0000  CMAP       =       136.4055
 1-4 NB =       623.6743  1-4 EEL =      8675.6072  VDWAALS    =      9524.9150
 EELEC  =   -105750.7461  EHBOND  =         0.0000  RESTRAINT  =         0.0000
 ------------------------------------------------------------------------------

wrapping first mol.:      -21.80866       61.68422        0.00000
wrapping first mol.:      -21.80866       61.68422        0.00000
wrapping first mol.:      -21.80866       61.68422        0.00000
wrapping first mol.:      -21.80866       61.68422        0.00000
wrapping first mol.:      -21.80866       61.68422        0.00000
wrapping first mol.:      -21.80866       61.68422        0.00000
wrapping first mol.:      -21.80866       61.68422        0.00000
wrapping first mol.:      -21.80866       61.68422        0.00000
wrapping first mol.:      -21.80866       61.68422        0.00000
wrapping first mol.:      -21.80866       61.68422        0.00000
wrapping first mol.:      -21.80866       61.68422        0.00000

 NSTEP =  2100000   TIME(PS) =    4200.000  TEMP(K) =   297.17  PRESS =     0.0
 Etot   =    -70352.2431  EKtot   =     13361.8018  EPtot      =    -83714.0449
 BOND   =       528.3538  ANGLE   =      1488.3387  DIHED      =       939.9963
 UB     =         0.0000  IMP     =         0.0000  CMAP       =       143.2254
 1-4 NB =       615.4404  1-4 EEL =      8619.2616  VDWAALS    =      9341.1937
 EELEC  =   -105389.8549  EHBOND  =         0.0000  RESTRAINT  =         0.0000
 ------------------------------------------------------------------------------

wrapping first mol.:      -21.80866       61.68422        0.00000
wrapping first mol.:      -21.80866       61.68422        0.00000
wrapping first mol.:      -21.80866       61.68422        0.00000
wrapping first mol.:      -21.80866       61.68422        0.00000
wrapping first mol.:      -21.80866       61.68422        0.00000
wrapping first mol.:      -21.80866       61.68422        0.00000
wrapping first mol.:      -21.80866       61.68422        0.00000
wrapping first mol.:      -21.80866       61.68422        0.00000
wrapping first mol.:      -21.80866       61.68422        0.00000
wrapping first mol.:      -21.80866       61.68422        0.00000
wrapping first mol.:      -21.80866       61.68422        0.00000

 NSTEP =  2150000   TIME(PS) =    4300.000  TEMP(K) =   298.45  PRESS =     0.0
 Etot   =    -70364.3231  EKtot   =     13419.5479  EPtot      =    -83783.8709
 BOND   =       502.1745  ANGLE   =      1446.5179  DIHED      =       930.5997
 UB     =         0.0000  IMP     =         0.0000  CMAP       =       138.4520
 1-4 NB =       633.9305  1-4 EEL =      8662.9007  VDWAALS    =      9543.8914
 EELEC  =   -105642.3377  EHBOND  =         0.0000  RESTRAINT  =         0.0000
 ------------------------------------------------------------------------------

wrapping first mol.:      -21.80866       61.68422        0.00000
wrapping first mol.:      -21.80866       61.68422        0.00000
wrapping first mol.:      -21.80866       61.68422        0.00000
wrapping first mol.:      -21.80866       61.68422        0.00000
wrapping first mol.:      -21.80866       61.68422        0.00000
wrapping first mol.:      -21.80866       61.68422        0.00000
wrapping first mol.:      -21.80866       61.68422        0.00000
wrapping first mol.:      -21.80866       61.68422        0.00000
wrapping first mol.:      -21.80866       61.68422        0.00000
wrapping first mol.:      -21.80866       61.68422        0.00000
wrapping first mol.:      -21.80866       61.68422        0.00000

 NSTEP =  2200000   TIME(PS) =    4400.000  TEMP(K) =   302.62  PRESS =     0.0
 Etot   =    -70158.5333  EKtot   =     13607.1123  EPtot      =    -83765.6456
 BOND   =       540.8599  ANGLE   =      1470.0572  DIHED      =       895.3071
 UB     =         0.0000  IMP     =         0.0000  CMAP       =       132.9155
 1-4 NB =       621.7547  1-4 EEL =      8648.4073  VDWAALS    =      9341.6433
 EELEC  =   -105416.5906  EHBOND  =         0.0000  RESTRAINT  =         0.0000
 ------------------------------------------------------------------------------

wrapping first mol.:      -21.80866       61.68422        0.00000
wrapping first mol.:      -21.80866       61.68422        0.00000
wrapping first mol.:      -21.80866       61.68422        0.00000
wrapping first mol.:      -21.80866       61.68422        0.00000
wrapping first mol.:      -21.80866       61.68422        0.00000
wrapping first mol.:      -21.80866       61.68422        0.00000
wrapping first mol.:      -21.80866       61.68422        0.00000
wrapping first mol.:      -21.80866       61.68422        0.00000
wrapping first mol.:      -21.80866       61.68422        0.00000
wrapping first mol.:      -21.80866       61.68422        0.00000
wrapping first mol.:      -21.80866       61.68422        0.00000

 NSTEP =  2250000   TIME(PS) =    4500.000  TEMP(K) =   300.22  PRESS =     0.0
 Etot   =    -70436.8198  EKtot   =     13499.3408  EPtot      =    -83936.1606
 BOND   =       547.4112  ANGLE   =      1404.4685  DIHED      =       910.6842
 UB     =         0.0000  IMP     =         0.0000  CMAP       =       140.1882
 1-4 NB =       601.5064  1-4 EEL =      8677.7110  VDWAALS    =      9367.6334
 EELEC  =   -105585.7634  EHBOND  =         0.0000  RESTRAINT  =         0.0000
 ------------------------------------------------------------------------------

wrapping first mol.:      -21.80866       61.68422        0.00000
wrapping first mol.:      -21.80866       61.68422        0.00000
wrapping first mol.:      -21.80866       61.68422        0.00000
wrapping first mol.:      -21.80866       61.68422        0.00000
wrapping first mol.:      -21.80866       61.68422        0.00000
wrapping first mol.:      -21.80866       61.68422        0.00000
wrapping first mol.:      -21.80866       61.68422        0.00000
wrapping first mol.:      -21.80866       61.68422        0.00000
wrapping first mol.:      -21.80866       61.68422        0.00000
wrapping first mol.:      -21.80866       61.68422        0.00000
wrapping first mol.:      -21.80866       61.68422        0.00000

 NSTEP =  2300000   TIME(PS) =    4600.000  TEMP(K) =   299.84  PRESS =     0.0
 Etot   =    -70348.3912  EKtot   =     13482.2773  EPtot      =    -83830.6685
 BOND   =       544.2841  ANGLE   =      1378.8481  DIHED      =       917.3081
 UB     =         0.0000  IMP     =         0.0000  CMAP       =       129.4216
 1-4 NB =       631.7843  1-4 EEL =      8689.7963  VDWAALS    =      9333.1784
 EELEC  =   -105455.2893  EHBOND  =         0.0000  RESTRAINT  =         0.0000
 ------------------------------------------------------------------------------

wrapping first mol.:      -21.80866       61.68422        0.00000
wrapping first mol.:      -21.80866       61.68422        0.00000
wrapping first mol.:      -21.80866       61.68422        0.00000
wrapping first mol.:      -21.80866       61.68422        0.00000
wrapping first mol.:      -21.80866       61.68422        0.00000
wrapping first mol.:      -21.80866       61.68422        0.00000
wrapping first mol.:      -21.80866       61.68422        0.00000
wrapping first mol.:      -21.80866       61.68422        0.00000
wrapping first mol.:      -21.80866       61.68422        0.00000
wrapping first mol.:      -21.80866       61.68422        0.00000

 NSTEP =  2350000   TIME(PS) =    4700.000  TEMP(K) =   302.38  PRESS =     0.0
 Etot   =    -70227.5129  EKtot   =     13596.2715  EPtot      =    -83823.7844
 BOND   =       506.9972  ANGLE   =      1429.8353  DIHED      =       911.9276
 UB     =         0.0000  IMP     =         0.0000  CMAP       =       124.7815
 1-4 NB =       622.5150  1-4 EEL =      8633.0982  VDWAALS    =      9547.3830
 EELEC  =   -105600.3221  EHBOND  =         0.0000  RESTRAINT  =         0.0000
 ------------------------------------------------------------------------------

wrapping first mol.:      -21.80866       61.68422        0.00000
wrapping first mol.:      -21.80866       61.68422        0.00000
wrapping first mol.:      -21.80866       61.68422        0.00000
wrapping first mol.:      -21.80866       61.68422        0.00000
wrapping first mol.:      -21.80866       61.68422        0.00000
wrapping first mol.:      -21.80866       61.68422        0.00000
wrapping first mol.:      -21.80866       61.68422        0.00000
wrapping first mol.:      -21.80866       61.68422        0.00000
wrapping first mol.:      -21.80866       61.68422        0.00000
wrapping first mol.:      -21.80866       61.68422        0.00000
wrapping first mol.:      -21.80866       61.68422        0.00000

 NSTEP =  2400000   TIME(PS) =    4800.000  TEMP(K) =   297.82  PRESS =     0.0
 Etot   =    -70607.5807  EKtot   =     13391.3115  EPtot      =    -83998.8922
 BOND   =       497.9073  ANGLE   =      1384.6331  DIHED      =       944.8180
 UB     =         0.0000  IMP     =         0.0000  CMAP       =       135.8300
 1-4 NB =       634.4568  1-4 EEL =      8673.4721  VDWAALS    =      9645.2998
 EELEC  =   -105915.3092  EHBOND  =         0.0000  RESTRAINT  =         0.0000
 ------------------------------------------------------------------------------

wrapping first mol.:      -21.80866       61.68422        0.00000
wrapping first mol.:      -21.80866       61.68422        0.00000
wrapping first mol.:      -21.80866       61.68422        0.00000
wrapping first mol.:      -21.80866       61.68422        0.00000
wrapping first mol.:      -21.80866       61.68422        0.00000
wrapping first mol.:      -21.80866       61.68422        0.00000
wrapping first mol.:      -21.80866       61.68422        0.00000
wrapping first mol.:      -21.80866       61.68422        0.00000
wrapping first mol.:      -21.80866       61.68422        0.00000
wrapping first mol.:      -21.80866       61.68422        0.00000
wrapping first mol.:      -21.80866       61.68422        0.00000

 NSTEP =  2450000   TIME(PS) =    4900.000  TEMP(K) =   298.67  PRESS =     0.0
 Etot   =    -70401.4453  EKtot   =     13429.4707  EPtot      =    -83830.9160
 BOND   =       516.9744  ANGLE   =      1366.5884  DIHED      =       918.8990
 UB     =         0.0000  IMP     =         0.0000  CMAP       =       129.7381
 1-4 NB =       639.7227  1-4 EEL =      8684.2216  VDWAALS    =      9575.1099
 EELEC  =   -105662.1703  EHBOND  =         0.0000  RESTRAINT  =         0.0000
 ------------------------------------------------------------------------------

wrapping first mol.:      -21.80866       61.68422        0.00000
wrapping first mol.:      -21.80866       61.68422        0.00000
wrapping first mol.:      -21.80866       61.68422        0.00000
wrapping first mol.:      -21.80866       61.68422        0.00000
wrapping first mol.:      -21.80866       61.68422        0.00000
wrapping first mol.:      -21.80866       61.68422        0.00000
wrapping first mol.:      -21.80866       61.68422        0.00000
wrapping first mol.:      -21.80866       61.68422        0.00000
wrapping first mol.:      -21.80866       61.68422        0.00000
wrapping first mol.:      -21.80866       61.68422        0.00000
wrapping first mol.:      -21.80866       61.68422        0.00000

 NSTEP =  2500000   TIME(PS) =    5000.000  TEMP(K) =   296.94  PRESS =     0.0
 Etot   =    -70756.9072  EKtot   =     13351.6992  EPtot      =    -84108.6064
 BOND   =       518.0065  ANGLE   =      1417.9240  DIHED      =       921.5322
 UB     =         0.0000  IMP     =         0.0000  CMAP       =       128.1756
 1-4 NB =       626.0712  1-4 EEL =      8656.5359  VDWAALS    =      9515.0532
 EELEC  =   -105891.9050  EHBOND  =         0.0000  RESTRAINT  =         0.0000
 ------------------------------------------------------------------------------


      A V E R A G E S   O V E R      50 S T E P S


 NSTEP =  2500000   TIME(PS) =    5000.000  TEMP(K) =   300.02  PRESS =     0.0
 Etot   =    -70344.6651  EKtot   =     13490.2470  EPtot      =    -83834.9121
 BOND   =       526.5054  ANGLE   =      1411.4016  DIHED      =       919.9456
 UB     =         0.0000  IMP     =         0.0000  CMAP       =       135.1599
 1-4 NB =       624.6006  1-4 EEL =      8685.1431  VDWAALS    =      9510.9863
 EELEC  =   -105648.6547  EHBOND  =         0.0000  RESTRAINT  =         0.0000
 ------------------------------------------------------------------------------


      R M S  F L U C T U A T I O N S


 NSTEP =  2500000   TIME(PS) =    5000.000  TEMP(K) =     1.97  PRESS =     0.0
 Etot   =       148.6038  EKtot   =        88.7462  EPtot      =       130.3120
 BOND   =        18.4952  ANGLE   =        29.3593  DIHED      =        13.1325
 UB     =         0.0000  IMP     =         0.0000  CMAP       =         5.0376
 1-4 NB =         9.6460  1-4 EEL =        31.4400  VDWAALS    =       131.5511
 EELEC  =       216.3751  EHBOND  =         0.0000  RESTRAINT  =         0.0000
 ------------------------------------------------------------------------------

--------------------------------------------------------------------------------
   5.  TIMINGS
--------------------------------------------------------------------------------

|  NonSetup CPU Time in Major Routines:
|
|     Routine           Sec        %
|     ------------------------------
|     Nonbond         617.69   12.54
|     Bond              0.00    0.00
|     Angle             0.00    0.00
|     Dihedral          0.00    0.00
|     Shake            20.62    0.42
|     RunMD          4283.04   86.97
|     Other             3.54    0.07
|     ------------------------------
|     Total          4924.89

|  PME Nonbond Pairlist CPU Time:
|
|     Routine              Sec        %
|     ---------------------------------
|     Set Up Cit           0.00    0.00
|     Build List           0.00    0.00
|     ---------------------------------
|     Total                0.00    0.00

|  PME Direct Force CPU Time:
|
|     Routine              Sec        %
|     ---------------------------------
|     NonBonded Calc       0.00    0.00
|     Exclude Masked       0.00    0.00
|     Other                1.89    0.04
|     ---------------------------------
|     Total                1.89    0.04

|  PME Reciprocal Force CPU Time:
|
|     Routine              Sec        %
|     ---------------------------------
|     1D bspline           0.00    0.00
|     Grid Charges         0.00    0.00
|     Scalar Sum           0.00    0.00
|     Gradient Sum         0.00    0.00
|     FFT                  0.00    0.00
|     ---------------------------------
|     Total                0.00    0.00

|  Final Performance Info:
|     -----------------------------------------------------
|     Average timings for last       1 steps:
|     Elapsed(s) =       0.00 Per Step(ms) =       0.16
|         ns/day =    1080.59   seconds/ns =      79.96
|
|     Average timings for all steps:
|     Elapsed(s) =    4933.98 Per Step(ms) =       1.97
|         ns/day =      87.56   seconds/ns =     986.80
|     -----------------------------------------------------

|  Setup CPU time:            0.67 seconds
|  NonSetup CPU time:      4924.89 seconds
|  Total CPU time:         4925.56 seconds     1.37 hours

|  Setup wall time:           1    seconds
|  NonSetup wall time:     4934    seconds
|  Total wall time:        4935    seconds     1.37 hours
